-6.39299 -6.38092
-6.32169 -6.32665
-6.3276 -6.33054
-6.61663 -6.60843
-6.61587 -6.61931
-6.31105 -6.31408
-6.66091 -6.66423
-6.66278 -6.66756
-6.33137 -6.32943
-6.53449 -6.49253
-6.66146 -6.66281
-6.66099 -6.66247
-6.32732 -6.31942
-6.60827 -6.60636
-6.32479 -6.32979
-6.66228 -6.6633
-6.66091 -6.66208
-6.57579 -6.58134
-6.32442 -6.32867
-6.32114 -6.31297
-6.66126 -6.66984
-6.32615 -6.32871
-6.6613 -6.66218
-6.32449 -6.31749
-6.64499 -6.65193
-6.32621 -6.32635
-6.32263 -6.32928
-6.63321 -6.63357
-6.31627 -6.32019
-6.61162 -6.61668
-6.61251 -6.61818
-6.61882 -6.62412
-6.60462 -6.60767
-6.31541 -6.32309
-6.66091 -6.66214
-6.66152 -6.66209
-6.61407 -6.61576
-6.32981 -6.32627
-6.32779 -6.32745
-6.66325 -6.66409
-6.31377 -6.30814
-6.66091 -6.66174
-6.61547 -6.61782
-6.32938 -6.32864
-6.61123 -6.61489
-6.3257 -6.32784
-6.31569 -6.32188
-6.31732 -6.32106
-6.32611 -6.32079
-6.32892 -6.33534
-6.5779 -6.57978
-6.61642 -6.62799
-6.6648 -6.66903
-6.31815 -6.3184
-6.31657 -6.32361
-6.31232 -6.30916
-6.32331 -6.32284
-6.61729 -6.61412
-6.33573 -6.33112
-6.33043 -6.32629
-6.64903 -6.65235
-6.66091 -6.66341
-6.33026 -6.31977
-6.62429 -6.62456
-6.60614 -6.60725
-6.34143 -6.35181
-6.61584 -6.61518
-6.32026 -6.32332
-6.61457 -6.61541
-6.32416 -6.32577
-6.32791 -6.32555
-6.61484 -6.61731
-6.32406 -6.32737
-6.32748 -6.32417
-6.66091 -6.66164
-6.31483 -6.3108
-6.32603 -6.32313
-6.31725 -6.31964
-6.31642 -6.3164
-6.32458 -6.32362
-6.62435 -6.62695
-6.66172 -6.66395
-6.59801 -6.57303
-6.3056 -6.31337
-6.66091 -6.66189
-6.31748 -6.31859
-6.62295 -6.62748
-6.5634 -6.54763
-6.32053 -6.32437
-6.60616 -6.6095
-6.3248 -6.31932
-6.60587 -6.60085
-6.31282 -6.31124
-6.61615 -6.61366
-6.60531 -6.60552
-6.60265 -6.60256
-6.61967 -6.62218
-6.33062 -6.33376
-6.66093 -6.66212
-6.3199 -6.32334
-6.66466 -6.67111
-6.32543 -6.328
-6.60481 -6.60341
-6.66091 -6.66199
-6.31859 -6.31764
-6.60597 -6.60744
-6.31252 -6.3097
-6.60894 -6.61198
-6.33524 -6.32137
-6.60358 -6.6056
-6.32669 -6.32132
-6.33227 -6.33505
-6.60321 -6.6005
-6.32861 -6.32221
-6.66091 -6.66239
-6.61869 -6.62185
-6.3173 -6.32377
-6.32179 -6.32101
-6.33688 -6.32933
-6.60215 -6.60247
-6.32382 -6.32571
-6.60414 -6.60881
-6.32516 -6.32113
-6.61554 -6.612
-6.31962 -6.31762
-6.61165 -6.61417
-6.66091 -6.66257
-6.66142 -6.66228
-6.61425 -6.61443
-6.32241 -6.32269
-6.32407 -6.32187
-6.61371 -6.61852
-6.32827 -6.32234
-6.62438 -6.62385
-6.32416 -6.32549
-6.33195 -6.33011
-6.62349 -6.62641
-6.61184 -6.60854
-6.66091 -6.66228
-6.32479 -6.31653
-6.32464 -6.32488
-6.66334 -6.66345
-6.32883 -6.32819
-6.66126 -6.66761
-6.61447 -6.61311
-6.66091 -6.66332
-6.32202 -6.32678
-6.5962 -6.59716
-6.33226 -6.3308
-6.32143 -6.32206
-6.6149 -6.62138
-6.32344 -6.32206
-6.6159 -6.61627
-6.61534 -6.6195
-6.31877 -6.31672
-6.62861 -6.63512
-6.67065 -6.67623
-6.61266 -6.61668
-6.32335 -6.32604
-6.65981 -6.66598
-6.66402 -6.66244
-6.61399 -6.61779
-6.32648 -6.32166
-6.65172 -6.65783
-6.59626 -6.59931
-6.32282 -6.32201
-6.58571 -6.59849
-6.33339 -6.32708
-6.60701 -6.61102
-6.32461 -6.32215
-6.3178 -6.31446
-6.6133 -6.60992
-6.63201 -6.64081
-6.3226 -6.31948
-6.61604 -6.61541
-6.33615 -6.33051
-6.32613 -6.32273
-6.32238 -6.32784
-6.33345 -6.33057
-6.62584 -6.62921
-6.31938 -6.32365
-6.32279 -6.32531
-6.61317 -6.61636
-6.66351 -6.67164
-6.3245 -6.31707
-6.32555 -6.32453
-6.32571 -6.32249
-6.61226 -6.60839
-6.66091 -6.66361
-6.66556 -6.66428
-6.32087 -6.31974
-6.32119 -6.31963
-6.31662 -6.3153
-6.3253 -6.32042
-6.60725 -6.60924
-6.66094 -6.66216
-6.61075 -6.60875
-6.31695 -6.3143
-6.32746 -6.32286
-6.60526 -6.5735
-6.6169 -6.61847
-6.32297 -6.32755
-6.664 -6.66499
-6.32149 -6.30686
-6.61247 -6.61016
-6.32437 -6.3203
-6.31483 -6.31175
-6.31296 -6.31688
-6.32934 -6.33142
-6.66167 -6.66324
-6.3236 -6.31853
-6.61379 -6.61475
-6.32928 -6.32769
-6.32155 -6.31402
-6.60576 -6.60383
-6.66856 -6.67347
-6.3195 -6.32221
-6.60404 -6.5985
-6.6148 -6.61551
-6.67304 -6.67474
-6.6159 -6.62498
-6.32298 -6.32663
-6.32831 -6.32968
-6.6199 -6.6211
-6.62022 -6.61842
-6.32135 -6.32057
-6.33002 -6.32575
-6.33293 -6.32315
-6.66374 -6.66211
-6.30704 -6.314
-6.61599 -6.61809
-6.61857 -6.61852
-6.31575 -6.31801
-6.6161 -6.61974
-6.61694 -6.61451
-6.66349 -6.66602
-6.60181 -6.60139
-6.33192 -6.32849
-6.32486 -6.32335
-6.31791 -6.31459
-6.32805 -6.32228
-6.60858 -6.60958
-6.33368 -6.32826
-6.31706 -6.31018
-6.60415 -6.60306
-6.62845 -6.64428
-6.60698 -6.61414
-6.3297 -6.32775
-6.3257 -6.33045
-6.66091 -6.66322
-6.66072 -6.66585
-6.32918 -6.32991
-6.6162 -6.62712
-6.32351 -6.32253
-6.59179 -6.59212
-6.33053 -6.33138
-6.62258 -6.62144
-6.33756 -6.3284
-6.32251 -6.32623
-6.60755 -6.60446
-6.60776 -6.60667
-6.60751 -6.60993
-6.33304 -6.32352
-6.61074 -6.60757
-6.32855 -6.32577
-6.32151 -6.32113
-6.66091 -6.66203
-6.60301 -6.59887
-6.6016 -6.59804
-6.31215 -6.31765
-6.60839 -6.60987
-6.32034 -6.32024
-6.32726 -6.32397
-6.61375 -6.61221
-6.6097 -6.61597
-6.31822 -6.31973
-6.607 -6.6046
-6.61383 -6.61485
-6.31646 -6.32301
-6.32498 -6.3213
-6.32374 -6.31855
-6.665 -6.67166
-6.6612 -6.66685
-6.62028 -6.62332
-6.66249 -6.66736
-6.31347 -6.31117
-6.66457 -6.66347
-6.67439 -6.66937
-6.60771 -6.60241
-6.33189 -6.33181
-6.30936 -6.31257
-6.32629 -6.32915
-6.60885 -6.60575
-6.61034 -6.61078
-6.31758 -6.32292
-6.6139 -6.61275
-6.61762 -6.62579
-6.617 -6.61877
-6.31906 -6.31508
-6.61445 -6.6173
-6.66006 -6.66784
-6.6076 -6.60816
-6.61761 -6.60987
-6.60546 -6.60223
-6.61045 -6.61291
-6.66091 -6.66399
-6.603 -6.60618
-6.62545 -6.62633
-6.66091 -6.66193
-6.61669 -6.61368
-6.61108 -6.61363
-6.31514 -6.32265
-6.62213 -6.62718
-6.60881 -6.61313
-6.66311 -6.66349
-6.31915 -6.32104
-6.3236 -6.3252
-6.60849 -6.60353
-6.6143 -6.60947
-6.32253 -6.32082
-6.62025 -6.61518
-6.6621 -6.66342
-6.32602 -6.32652
-6.66091 -6.66188
-6.33566 -6.32026
-6.32234 -6.32448
-6.3244 -6.32836
-6.66091 -6.6622
-6.32547 -6.32856
-6.66181 -6.66977
-6.66245 -6.66473
-6.61706 -6.60986
-6.32375 -6.32745
-6.32408 -6.32828
-6.32872 -6.33073
-6.60553 -6.6022
-6.64669 -6.6532
-6.6121 -6.60834
-6.32516 -6.31878
-6.32475 -6.31897
-6.60289 -6.60059
-6.32318 -6.32505
-6.62038 -6.61807
-6.32311 -6.32535
-6.33108 -6.32454
-6.32263 -6.32074
-6.62239 -6.62397
-6.32811 -6.32615
-6.61467 -6.6211
-6.32341 -6.32979
-6.61399 -6.60915
-6.32833 -6.32959
-6.60834 -6.60471
-6.6093 -6.60503
-6.61035 -6.61041
-6.32049 -6.33135
-6.32569 -6.32194
-6.31635 -6.32318
-6.61406 -6.60608
-6.61974 -6.62432
-6.33075 -6.32494
-6.32326 -6.32569
-6.32386 -6.32845
-6.32459 -6.32244
-6.61513 -6.60907
-6.31566 -6.31567
-6.66079 -6.66755
-6.31702 -6.30976
-6.32004 -6.31586
-6.61227 -6.60842
-6.31967 -6.32145
-6.66216 -6.66275
-6.31761 -6.32241
-6.66091 -6.66206
-6.31883 -6.32015
-6.32046 -6.3239
-6.62071 -6.63028
-6.32625 -6.31554
-6.66091 -6.66206
-6.59625 -6.60267
-6.33255 -6.32398
-6.32162 -6.31981
-6.6122 -6.61505
-6.605 -6.60585
-6.61071 -6.61142
-6.30575 -6.30984
-6.66091 -6.66213
-6.31344 -6.31388
-6.66091 -6.66174
-6.6116 -6.61232
-6.32184 -6.31868
-6.31212 -6.31065
-6.31294 -6.31224
-6.61184 -6.61147
-6.33449 -6.32992
-6.66091 -6.6624
-6.31825 -6.32122
-6.61082 -6.61266
-6.66237 -6.66263
-6.61616 -6.61554
-6.66091 -6.66178
-6.32989 -6.31999
-6.66091 -6.66215
-6.66091 -6.66356
-6.66091 -6.66178
-6.32829 -6.3279
-6.32152 -6.31773
-6.61175 -6.61312
-6.66091 -6.66216
-6.66755 -6.67506
-6.61282 -6.61215
-6.31399 -6.32429
-6.66091 -6.6627
-6.62279 -6.62209
-6.32181 -6.31445
-6.6494 -6.65311
-6.32282 -6.32073
-6.31779 -6.31428
-6.61884 -6.61633
-6.66699 -6.66575
-6.31629 -6.32182
-6.31005 -6.31321
-6.32591 -6.31683
-6.61212 -6.60763
-6.66147 -6.66286
-6.61894 -6.62372
-6.66091 -6.66222
-6.6136 -6.61691
-6.66447 -6.6642
-6.62231 -6.61647
-6.32301 -6.31697
-6.32432 -6.31132
-6.61458 -6.61697
-6.60713 -6.6094
-6.66091 -6.6643
-6.66091 -6.6626
-6.6051 -6.606
-6.62071 -6.62142
-6.6204 -6.62268
-6.63833 -6.65109
-6.61181 -6.61566
-6.60805 -6.60992
-6.61512 -6.61549
-6.60983 -6.60865
-6.60936 -6.61592
-6.32109 -6.31417
-6.59909 -6.60363
-6.52479 -6.54435
-6.61773 -6.62202
-6.66156 -6.66311
-6.6184 -6.61935
-6.61274 -6.61152
-6.61895 -6.61409
-6.32379 -6.32948
-6.31515 -6.31998
-6.66093 -6.66277
-6.32517 -6.32691
-6.66263 -6.66432
-6.33487 -6.32896
-6.66091 -6.66265
-6.32128 -6.32223
-6.31891 -6.32037
-6.32626 -6.33044
-6.32907 -6.32908
-6.32699 -6.32338
-6.31098 -6.31143
-6.61964 -6.62024
-6.32702 -6.32259
-6.66564 -6.67317
-6.30709 -6.30663
-6.3333 -6.33371
-6.66148 -6.66274
-6.60466 -6.60618
-6.33404 -6.33045
-6.61282 -6.60911
-6.30956 -6.31294
-6.31884 -6.32597
-6.3299 -6.33317
-6.3142 -6.32349
-6.33193 -6.32625
-6.32257 -6.31851
-6.61334 -6.61267
-6.61345 -6.60778
-6.3274 -6.32628
-6.66091 -6.66197
-6.66091 -6.6618
-6.31535 -6.315
-6.61541 -6.61084
-6.32053 -6.31852
-6.66091 -6.66266
-6.61321 -6.61261
-6.66899 -6.67451
-6.31822 -6.32042
-6.62463 -6.62421
-6.32658 -6.32969
-6.32348 -6.32561
-6.66091 -6.66224
-6.3231 -6.32568
-6.325 -6.31915
-6.66091 -6.66229
-6.66091 -6.66425
-6.31518 -6.3144
-6.33283 -6.32914
-6.6024 -6.60752
-6.32197 -6.3194
-6.61111 -6.6025
-6.58094 -6.57801
-6.66091 -6.66212
-6.55266 -6.56272
-6.60905 -6.6165
-6.32678 -6.32368
-6.66111 -6.66891
-6.31998 -6.32433
-6.61584 -6.61541
-6.31169 -6.31028
-6.63971 -6.64791
-6.61866 -6.61667
-6.33231 -6.32707
-6.6186 -6.61654
-6.31383 -6.31674
-6.33094 -6.32704
-6.31643 -6.32085
-6.32434 -6.32542
-6.32281 -6.32371
-6.66091 -6.66208
-6.3278 -6.3284
-6.66091 -6.66202
-6.66104 -6.66182
-6.32241 -6.31904
-6.61488 -6.61328
-6.60633 -6.60458
-6.66091 -6.66185
-6.66092 -6.66233
-6.66263 -6.66265
-6.62999 -6.63227
-6.6623 -6.6641
-6.66091 -6.66179
-6.31897 -6.32067
-6.60505 -6.60333
-6.31295 -6.31356
-6.31568 -6.32822
-6.32266 -6.32473
-6.45374 -6.48108
-6.32323 -6.31399
-6.31576 -6.31805
-6.31294 -6.31237
-6.32891 -6.32956
-6.33146 -6.32897
-6.33896 -6.33045
-6.66091 -6.66207
-6.32691 -6.3137
-6.66109 -6.66225
-6.61119 -6.61654
-6.31934 -6.32083
-6.66091 -6.66215
-6.66091 -6.66238
-6.61364 -6.61675
-6.60948 -6.61156
-6.62248 -6.62091
-6.31846 -6.32286
-6.66091 -6.66171
-6.61461 -6.61168
-6.32593 -6.33201
-6.61134 -6.60886
-6.66558 -6.6729
-6.60554 -6.60661
-6.60835 -6.6072
-6.60766 -6.60515
-6.60359 -6.60829
-6.66091 -6.66233
-6.66121 -6.66591
-6.61279 -6.60706
-6.32108 -6.32618
-6.61489 -6.61846
-6.60936 -6.61313
-6.31654 -6.32201
-6.32228 -6.3256
-6.60704 -6.60887
-6.32618 -6.32449
-6.6637 -6.66309
-6.66091 -6.66182
-6.66091 -6.66352
-6.31714 -6.32196
-6.6161 -6.62106
-6.62031 -6.61447
-6.62474 -6.61839
-6.31831 -6.31546
-6.33316 -6.3262
-6.65966 -6.66294
-6.66091 -6.66179
-6.3273 -6.32895
-6.32929 -6.32794
-6.32691 -6.32331
-6.3251 -6.32536
-6.31487 -6.31616
-6.32699 -6.32081
-6.32237 -6.3133
-6.32698 -6.3247
-6.32529 -6.32609
-6.62249 -6.62688
-6.31617 -6.3178
-6.32837 -6.32769
-6.62003 -6.61274
-6.32797 -6.32831
-6.60838 -6.60616
-6.66091 -6.66183
-6.31626 -6.31386
-6.32843 -6.3222
-6.66686 -6.67157
-6.31946 -6.31929
-6.61321 -6.60631
-6.32124 -6.31113
-6.61344 -6.61247
-6.66091 -6.66289
-6.52762 -6.48218
-6.61741 -6.62102
-6.32791 -6.32166
-6.66091 -6.6635
-6.66092 -6.66228
-6.61059 -6.61428
-6.62133 -6.62054
-6.66142 -6.66272
-6.61295 -6.61762
-6.33238 -6.32727
-6.66128 -6.66202
-6.32894 -6.33118
-6.61649 -6.61539
-6.32004 -6.31566
-6.66206 -6.66861
-6.31745 -6.32149
-6.60472 -6.60421
-6.58276 -6.5854
-6.61071 -6.61212
-6.32131 -6.32203
-6.33228 -6.32522
-6.32514 -6.31863
-6.32809 -6.32383
-6.32938 -6.32888
-6.66091 -6.66271
-6.32379 -6.32692
-6.32415 -6.32645
-6.32599 -6.33276
-6.33043 -6.32272
-6.31674 -6.32214
-6.66091 -6.66374
-6.61265 -6.61335
-6.62365 -6.62614
-6.66332 -6.66874
-6.61191 -6.60165
-6.61508 -6.61276
-6.66091 -6.66249
-6.32091 -6.322
-6.66316 -6.66517
-6.66091 -6.66169
-6.66312 -6.66605
-6.32492 -6.32358
-6.32711 -6.31766
-6.66181 -6.66713
-6.32441 -6.31657
-6.32025 -6.32263
-6.31145 -6.31506
-6.61431 -6.61874
-6.66079 -6.6647
-6.62051 -6.61853
-6.31715 -6.31631
-6.66066 -6.66475
-6.60868 -6.61266
-6.32356 -6.32225
-6.32459 -6.32634
-6.31618 -6.31996
-6.6084 -6.60728
-6.32319 -6.32176
-6.32281 -6.31078
-6.66761 -6.66542
-6.31818 -6.32525
-6.60148 -6.5885
-6.31803 -6.31976
-6.32125 -6.32116
-6.66091 -6.66207
-6.61322 -6.61194
-6.3172 -6.3281
-6.5978 -6.59727
-6.60757 -6.60977
-6.61771 -6.61614
-6.33497 -6.33581
-6.32471 -6.32372
-6.4899 -6.50262
-6.66091 -6.66443
-6.33033 -6.3259
-6.32733 -6.32216
-6.32291 -6.32832
-6.32515 -6.32407
-6.61734 -6.62081
-6.66091 -6.66334
-6.66182 -6.66381
-6.64 -6.6443
-6.61372 -6.61598
-6.66192 -6.66338
-6.6144 -6.61478
-6.31291 -6.31448
-6.66866 -6.67333
-6.66345 -6.66569
-6.60528 -6.60693
-6.61868 -6.61764
-6.32469 -6.33169
-6.31283 -6.31086
-6.32558 -6.3296
-6.32763 -6.32926
-6.33717 -6.33638
-6.61473 -6.61496
-6.32352 -6.32517
-6.61979 -6.61594
-6.32535 -6.31799
-6.60588 -6.60252
-6.66091 -6.66169
-6.32252 -6.31832
-6.6632 -6.66591
-6.59966 -6.59864
-6.33193 -6.32518
-6.32953 -6.33064
-6.66091 -6.6637
-6.6089 -6.60924
-6.32342 -6.32874
-6.61443 -6.61949
-6.61151 -6.60477
-6.66091 -6.66286
-6.46685 -6.48298
-6.66091 -6.66199
-6.66091 -6.66406
-6.32986 -6.32678
-6.32292 -6.32695
-6.61909 -6.62635
-6.62483 -6.62457
-6.31294 -6.32081
-6.66091 -6.66197
-6.60606 -6.60589
-6.66091 -6.66295
-6.66243 -6.6642
-6.32623 -6.33111
-6.66131 -6.6628
-6.6152 -6.61269
-6.60885 -6.60674
-6.66091 -6.66297
-6.66091 -6.66239
-6.32895 -6.32525
-6.62445 -6.63565
-6.33463 -6.33455
-6.61575 -6.61511
-6.61347 -6.61201
-6.6065 -6.60717
-6.33033 -6.32301
-6.33094 -6.32685
-6.60796 -6.61457
-6.53932 -6.53887
-6.66167 -6.6633
-6.66091 -6.66167
-6.32672 -6.33168
-6.3274 -6.32783
-6.32172 -6.3187
-6.66234 -6.66378
-6.32545 -6.32252
-6.31542 -6.31013
-6.61062 -6.60821
-6.61669 -6.61469
-6.3203 -6.32411
-6.66091 -6.66205
-6.66091 -6.66382
-6.32267 -6.32304
-6.60393 -6.60064
-6.32173 -6.31475
-6.32862 -6.33096
-6.66091 -6.66168
-6.32282 -6.32853
-6.61446 -6.6129
-6.33278 -6.32455
-6.32969 -6.32484
-6.63815 -6.64657
-6.66787 -6.67409
-6.60637 -6.60774
-6.66091 -6.6625
-6.3309 -6.31831
-6.32659 -6.32279
-6.61141 -6.61156
-6.61282 -6.60892
-6.61443 -6.60537
-6.61824 -6.6235
-6.61911 -6.61991
-6.66576 -6.67392
-6.32178 -6.3234
-6.32115 -6.32521
-6.66146 -6.66686
-6.32281 -6.32522
-6.3213 -6.32749
-6.6196 -6.61702
-6.33194 -6.33335
-6.66585 -6.67033
-6.32061 -6.31678
-6.61088 -6.61553
-6.32296 -6.31855
-6.61926 -6.6229
-6.32426 -6.31806
-6.66091 -6.6627
-6.62226 -6.62438
-6.32547 -6.33159
-6.61842 -6.62026
-6.66091 -6.66232
-6.61552 -6.61573
-6.61008 -6.61368
-6.60736 -6.60417
-6.32625 -6.32624
-6.66091 -6.66188
-6.62119 -6.6177
-6.33262 -6.32807
-6.32606 -6.31489
-6.613 -6.61404
-6.30828 -6.31592
-6.32525 -6.32807
-6.32493 -6.32515
