0.252937 0
0.241909 0
0.419103 0
-0.0583275 0
0.46438 0
0.0963427 0
0.0101162 0
-0.00616215 0
0.155476 0
-0.0176687 0
-0.00985605 0
0.00998319 0
-0.212432 0
-0.0584671 0
-0.150103 0
0.000265048 0
0.0101126 0
-0.0374801 0
0.103058 0
-0.166411 0
-0.0100016 0
0.174896 0
0.00845444 0
0.111648 0
-0.0257205 0
0.335766 0
-0.0281641 0
-0.0114987 0
0.0705682 0
-0.0543103 0
0.167156 0
-0.11337 0
0.547786 0
0.230376 0
0.0101148 0
0.00868988 0
0.0103809 0
-0.249851 0
0.050764 0
-0.0188432 0
-0.09394 0
0.010113 0
0.178074 0
-0.0223924 0
-0.141453 0
0.174299 0
-0.0328103 0
0.185003 0
0.359258 0
0.104451 0
-0.0608594 0
-0.0619936 0
-0.0242007 0
-0.285474 0
0.2324 0
-0.103547 0
0.252071 0
0.0537465 0
0.158797 0
0.153204 0
-0.0232151 0
0.0101127 0
-0.184587 0
-0.117146 0
-0.0740524 0
-0.0179798 0
0.00753738 0
0.145236 0
0.136438 0
0.359079 0
-0.0591285 0
0.492481 0
0.305466 0
0.462917 0
0.0101137 0
0.0106308 0
-0.125688 0
-0.0943031 0
-0.159219 0
0.106912 0
0.0608964 0
0.00549522 0
-0.0208656 0
-0.126626 0
0.0101126 0
0.172715 0
0.0385122 0
-0.0406689 0
-0.00706457 0
-0.180951 0
0.334784 0
-0.120027 0
0.0194005 0
0.301686 0
-0.0106039 0
-0.537569 0
-0.0280384 0
0.235645 0
0.00989809 0
0.247039 0
-0.018268 0
-0.0254982 0
0.127458 0
0.0101142 0
0.151023 0
0.128011 0
0.0347241 0
-0.185849 0
-0.204629 0
-0.106536 0
-0.0134485 0
0.0695762 0
-0.00358259 0
-0.234091 0
0.0101162 0
0.358467 0
0.126113 0
-0.0223288 0
0.041415 0
0.0359252 0
0.19232 0
0.145981 0
-0.190749 0
-0.0270588 0
-0.0621644 0
0.1215 0
0.0101178 0
0.00706862 0
0.46343 0
-0.0303945 0
-0.180983 0
0.316628 0
0.0909965 0
0.100712 0
0.0986126 0
0.348942 0
-0.0182383 0
0.138462 0
0.0101176 0
0.174834 0
0.25696 0
0.00243001 0
0.0942706 0
-0.00782557 0
0.0386785 0
0.0101147 0
0.0539635 0
-0.166163 0
-0.121358 0
0.218711 0
0.107529 0
0.0678201 0
0.0475958 0
-0.0335203 0
-0.0453029 0
0.113878 0
-0.0825059 0
0.199344 0
0.141922 0
0.00052268 0
-0.0291754 0
0.242798 0
0.0613449 0
-0.0163876 0
-0.0236154 0
0.488393 0
0.0143048 0
0.407606 0
-0.287998 0
0.178166 0
0.143759 0
-0.34838 0
-0.0499588 0
0.093608 0
-0.0904491 0
0.00446962 0
0.116712 0
-0.0386638 0
0.072425 0
0.340675 0
0.0999757 0
-0.00976736 0
0.282087 0
-0.0232706 0
0.255829 0
0.0923056 0
0.0785864 0
-0.0643087 0
0.0101174 0
0.00157289 0
0.368321 0
0.0244194 0
0.156077 0
-0.191396 0
-0.14512 0
0.00985558 0
-0.0528929 0
0.187336 0
0.00155456 0
0.0176147 0
0.283646 0
-0.0832892 0
-0.00376241 0
0.0319861 0
-0.281114 0
0.122941 0
-0.000423249 0
-0.233517 0
0.0676483 0
0.00898814 0
-0.00364485 0
-0.0246459 0
-0.176483 0
0.132089 0
-0.0120317 0
-0.0569993 0
0.0833799 0
-0.26451 0
0.16977 0
-0.0904385 0
0.0014436 0
-0.0487532 0
0.203144 0
-0.467601 0
-0.180311 0
0.00580789 0
-0.0405494 0
-0.00827748 0
-0.00918151 0
-0.100883 0
0.12258 0
0.0321558 0
0.0149072 0
0.0991902 0
0.141742 0
0.000525838 0
-0.189568 0
0.0208806 0
0.0759482 0
-0.23551 0
0.0212749 0
0.274892 0
0.0488298 0
0.0302853 0
-0.0143637 0
-0.0224326 0
0.0683274 0
-0.0306027 0
0.176977 0
0.0101177 0
0.000644688 0
-0.152321 0
-0.0258774 0
0.0952484 0
0.035895 0
0.00884263 0
-0.120027 0
0.0383557 0
-0.0307512 0
0.0532549 0
0.230763 0
0.00369702 0
-0.0794718 0
-0.00691658 0
0.18201 0
-0.17004 0
0.0100723 0
-0.108974 0
-0.392976 0
-0.0680657 0
0.0714664 0
0.272356 0
0.124385 0
-0.108133 0
0.0269875 0
0.0937137 0
-0.110126 0
0.342144 0
0.177534 0
0.316014 0
0.272254 0
-0.0272442 0
-0.000546415 0
0.0438037 0
-0.00290174 0
-0.0141811 0
-0.000180324 0
-0.0915247 0
-0.497122 0
0.201579 0
-0.0886201 0
0.195887 0
0.133497 0
-0.284744 0
-0.0460488 0
-0.360398 0
0.0591263 0
0.11225 0
0.0567989 0
-0.0144349 0
-0.0052316 0
0.461178 0
0.141435 0
0.109043 0
-0.0919229 0
0.0101155 0
-0.116042 0
0.0461108 0
0.0101139 0
0.134023 0
-0.151721 0
0.046704 0
-0.114308 0
-0.0960003 0
-0.00118244 0
0.206045 0
0.071174 0
0.00894291 0
-0.111554 0
0.322862 0
0.538881 0
0.00890722 0
0.249375 0
0.0101139 0
0.0213781 0
0.110855 0
-0.0555674 0
0.0101137 0
0.369763 0
-0.0138876 0
0.006092 0
0.0137149 0
0.0212276 0
0.180042 0
0.124499 0
0.0966258 0
0.36056 0
0.039109 0
-0.0202415 0
0.425651 0
-0.121163 0
0.244881 0
-0.126737 0
0.000767295 0
0.0200324 0
0.408452 0
0.0146915 0
0.132788 0
-0.0382314 0
0.0524867 0
0.0901458 0
0.0699071 0
-0.175047 0
-0.0567929 0
0.0358802 0
0.335519 0
0.135606 0
0.0081617 0
0.0315471 0
-0.0187296 0
-0.0794208 0
0.271062 0
0.0117324 0
0.0825764 0
-0.0268086 0
0.306447 0
-0.00430771 0
0.0172728 0
-0.0491223 0
-0.0692003 0
0.50277 0
0.0040473 0
0.0657186 0
0.0101157 0
-0.0381918 0
-0.0934189 0
0.112153 0
0.320036 0
0.010114 0
0.00521392 0
-0.0321287 0
0.028764 0
0.173582 0
-0.064521 0
-0.0522062 0
-0.147972 0
0.0101162 0
-0.0213749 0
0.010112 0
0.205377 0
0.194522 0
0.00921735 0
0.117707 0
-0.177787 0
0.116254 0
0.0101151 0
0.152 0
0.0908844 0
0.00772189 0
-0.118463 0
0.010113 0
0.020534 0
0.0101167 0
0.0101155 0
0.0101147 0
-0.0412556 0
0.346015 0
0.111156 0
0.0100908 0
-0.0510237 0
-0.0722684 0
0.226218 0
0.0101136 0
0.0457415 0
-0.0122449 0
-0.0249821 0
0.0498414 0
0.219618 0
0.618225 0
-0.0243356 0
0.103364 0
0.0170471 0
0.167276 0
0.106036 0
0.00932898 0
0.155221 0
0.0101155 0
-0.0131446 0
-0.00913274 0
0.343033 0
-0.0606361 0
0.0508051 0
0.241481 0
0.238217 0
0.0101151 0
0.0101168 0
0.227555 0
-0.124894 0
0.094872 0
-0.00841437 0
-0.0466123 0
-0.00318132 0
0.249652 0
0.0149153 0
-0.152111 0
0.155052 0
-0.0436056 0
-0.0393222 0
0.0528041 0
0.009496 0
-0.0490575 0
0.0563124 0
-0.37871 0
-0.11035 0
-0.222501 0
0.00986673 0
0.129153 0
0.00756633 0
-0.00928545 0
0.0101156 0
0.045593 0
0.036685 0
0.301923 0
0.00996399 0
-0.0847905 0
-0.0454226 0
-0.185636 0
0.0686829 0
-0.0329409 0
-0.0944136 0
0.354613 0
0.00951277 0
-0.284106 0
0.0143138 0
0.244807 0
-0.0634595 0
0.174225 0
-0.0142581 0
0.185379 0
0.041905 0
0.0751276 0
0.130392 0
0.17047 0
0.0263686 0
0.0101175 0
0.0101142 0
0.130725 0
0.0920043 0
-0.0124689 0
0.0101166 0
0.369739 0
-0.066337 0
0.187041 0
-0.184643 0
0.0648334 0
0.0662906 0
0.0101195 0
0.104623 0
-0.0147463 0
0.0101132 0
0.0101177 0
-0.0919275 0
-0.0919185 0
-0.0180337 0
-0.086487 0
-0.127562 0
-0.00378807 0
0.0101154 0
-0.121009 0
0.390181 0
-0.175241 0
-0.00866758 0
-0.101359 0
0.164432 0
-0.0360094 0
-0.0306059 0
-0.018941 0
0.0530419 0
-0.0926571 0
-0.0669863 0
-0.0770169 0
-0.0394842 0
0.29257 0
-0.0554333 0
0.0101143 0
0.331789 0
0.0101168 0
0.00979382 0
0.0697926 0
-0.0510643 0
-0.019535 0
0.0101189 0
0.00999212 0
-0.0126535 0
0.218918 0
0.00805819 0
0.0101174 0
0.218014 0
-0.397374 0
0.0282525 0
0.235447 0
-0.0564099 0
-0.0248546 0
-0.0836374 0
0.0888231 0
0.0688397 0
0.195949 0
0.251027 0
0.117347 0
0.0101142 0
0.157178 0
0.00965529 0
-0.0482689 0
0.223514 0
0.0101176 0
0.010115 0
-0.044409 0
-0.0940017 0
-0.019565 0
0.178457 0
0.010113 0
0.0459756 0
0.0304798 0
-0.018043 0
-0.0328047 0
-0.275591 0
-0.0640996 0
-0.0163794 0
0.00130761 0
0.0101173 0
0.00115741 0
-0.118607 0
0.182885 0
-0.282299 0
0.117662 0
0.12836 0
0.562297 0
0.0615181 0
0.0342843 0
0.00250532 0
0.0101142 0
0.0101128 0
0.466056 0
0.074226 0
0.0603966 0
-0.162494 0
0.0397205 0
-0.0835524 0
-0.0319677 0
0.0101175 0
0.0291036 0
0.107498 0
-0.0130133 0
0.051965 0
-0.0211766 0
0.0506954 0
0.0299742 0
-0.115855 0
0.0433696 0
0.241675 0
0.115037 0
0.30116 0
0.290157 0
0.244089 0
0.107453 0
0.0101138 0
0.20413 0
-0.128769 0
-0.0318433 0
0.195201 0
0.134889 0
-0.085619 0
-0.0345793 0
0.0101161 0
0.0962657 0
0.140263 0
-0.0367799 0
0.0101141 0
0.0101045 0
-0.0796826 0
0.218009 0
0.00922078 0
0.0215779 0
-0.055196 0
0.0085421 0
0.204652 0
-0.0451827 0
0.0598857 0
-0.00694476 0
0.577484 0
0.0937597 0
-0.0383013 0
0.105505 0
0.0902372 0
-0.0577148 0
-0.271401 0
0.149812 0
0.016473 0
0.0101157 0
0.0361869 0
0.0635749 0
-0.0938115 0
0.127883 0
0.100973 0
0.0101155 0
0.114724 0
0.425791 0
-0.0123429 0
0.0141476 0
-0.0547204 0
0.0101161 0
0.223036 0
0.00409228 0
0.0101124 0
-0.00164081 0
-0.136326 0
0.211564 0
-0.00861945 0
0.068172 0
0.322375 0
-0.190021 0
0.251898 0
0.0037342 0
-0.0678253 0
0.0641877 0
0.00230267 0
0.362654 0
0.0734882 0
0.230652 0
0.446146 0
0.00291548 0
0.175616 0
0.0810694 0
-0.0157929 0
0.029454 0
0.0358912 0
0.0603958 0
-0.0323013 0
0.0101175 0
-0.18665 0
0.192594 0
0.0986085 0
-0.119666 0
0.165103 0
-0.0787026 0
0.26725 0
-0.0253235 0
0.0101177 0
0.154133 0
-0.163817 0
0.279688 0
0.0813834 0
0.279723 0
0.0101178 0
0.00596603 0
-0.0197196 0
0.120665 0
0.00843493 0
0.148037 0
0.177555 0
-0.0496954 0
0.00164603 0
-0.255932 0
0.221525 0
0.0487782 0
0.0979656 0
0.0154075 0
-0.104423 0
0.0391312 0
0.0812741 0
-0.104642 0
0.291438 0
0.07909 0
-0.0400459 0
0.0101156 0
0.159509 0
-0.0130208 0
-0.406097 0
0.268257 0
-0.183239 0
0.0101143 0
-0.0582472 0
0.277235 0
0.248712 0
-0.0113536 0
0.0101159 0
0.00923866 0
0.0101163 0
0.0101168 0
0.16849 0
0.0985386 0
-0.0981532 0
0.153332 0
-0.0519075 0
0.0101135 0
-0.221475 0
0.0101146 0
0.00787038 0
-0.15399 0
0.00966518 0
0.026881 0
-0.403847 0
0.0101158 0
0.0101175 0
0.17316 0
0.0119036 0
0.185525 0
-0.0418327 0
-0.284576 0
0.0255588 0
0.398784 0
-0.0533052 0
-0.0444408 0
-0.0304744 0
0.00907924 0
0.0101137 0
0.29831 0
-0.119062 0
-0.0823567 0
0.0068594 0
-0.281609 0
-0.119051 0
0.0406518 0
-0.0515393 0
0.0907631 0
0.0101191 0
0.0101154 0
-0.164439 0
0.138256 0
0.0310631 0
-0.0700244 0
0.0101137 0
0.0699938 0
-0.210486 0
-0.0769927 0
0.151501 0
-0.038097 0
-0.0541871 0
0.00381963 0
0.0101122 0
0.0893858 0
0.304397 0
-0.224623 0
-0.181016 0
-0.0141875 0
0.327452 0
0.0803106 0
-0.037503 0
-0.0643029 0
-0.0394318 0
0.00117473 0
0.182243 0
0.208879 0
-0.132702 0
-0.0730187 0
-0.0185969 0
0.00538931 0
0.261081 0
-0.101112 0
0.167614 0
-0.0674238 0
0.0101151 0
-0.177853 0
0.10611 0
0.0989227 0
0.0101162 0
-0.109136 0
0.0688791 0
-0.161721 0
0.0815034 0
0.0101124 0
0.0491968 0
-0.00723584 0
0.101712 0
-0.135927 0
-0.298234 0
0.111818 0
-0.11675 0
-0.0573 0
0.0187925 0
-0.036365 0
0.53441 0
-0.073988 0
0.360571 0
-0.0573365 0
-0.0755604 0
0.164203 0
-0.189077 0
-0.0762129 0
-0.057757 0
0.0786297 0
0.517788 0
0.143325 0
-0.0668545 0
-0.0573374 0
-0.212289 0
0.378397 0
0.160183 0
-0.0816736 0
0.115095 0
-0.0589555 0
0.192034 0
-0.107904 0
-0.11909 0
0.0755428 0
-0.102642 0
0.028915 0
-0.0618772 0
-0.0721174 0
0.484359 0
0.0586412 0
0.441654 0
-0.0573361 0
-0.0588662 0
0.493091 0
0.207986 0
0.164739 0
-0.0869678 0
0.531719 0
-0.0573366 0
0.17615 0
0.32529 0
0.680151 0
0.227509 0
0.451882 0
-0.0830526 0
0.664762 0
0.0689303 0
-0.227861 0
-0.195829 0
-0.0895647 0
0.318489 0
0.0521664 0
0.586215 0
0.438841 0
0.261183 0
0.065237 0
0.0120994 0
-0.114295 0
-0.0573365 0
0.292793 0
0.544579 0
-0.235654 0
0.345795 0
0.432018 0
0.425204 0
0.544877 0
0.0318789 0
0.00254169 0
-0.0722127 0
-0.0389693 0
-0.152036 0
-0.0573405 0
0.393783 0
0.0150694 0
0.328246 0
0.416893 0
0.382795 0
0.178577 0
-0.0628691 0
-0.215609 0
0.509169 0
-0.0573374 0
0.462356 0
-0.0778664 0
-0.247119 0
-0.0223357 0
0.498865 0
-0.0121856 0
0.754313 0
0.372013 0
0.0893161 0
0.756795 0
0.780789 0
0.0067668 0
-0.0515941 0
-0.0573422 0
0.149431 0
-0.0905923 0
0.0911233 0
0.627428 0
-0.0573362 0
0.31122 0
0.322636 0
0.404767 0
-0.0382382 0
0.310661 0
0.542312 0
0.216038 0
-0.00518908 0
0.516388 0
0.0240374 0
-0.0573375 0
0.262182 0
0.400821 0
-0.0351288 0
0.486585 0
0.65401 0
0.239451 0
0.172254 0
0.268179 0
0.0371054 0
0.240981 0
0.0829011 0
-0.0573345 0
-0.0590798 0
-0.0715592 0
0.167038 0
0.275612 0
-0.0873253 0
-0.198286 0
0.374481 0
0.297105 0
-0.0915307 0
-0.117245 0
0.36364 0
-0.0573366 0
0.22032 0
0.0338478 0
-0.0689911 0
0.473531 0
-0.0725241 0
0.505765 0
-0.0573363 0
0.245263 0
0.246939 0
0.0494881 0
0.337775 0
0.0353854 0
0.126967 0
-0.141543 0
-0.0435182 0
0.486526 0
-0.015687 0
-0.151844 0
-0.201874 0
0.0223821 0
-0.0697873 0
-0.0965652 0
-0.00796026 0
-0.14161 0
-0.0880066 0
0.516959 0
-0.0822528 0
-0.107121 0
-0.00326109 0
0.283632 0
0.259745 0
0.41108 0
0.707085 0
-0.154785 0
0.197971 0
-0.00796004 0
0.33745 0
0.226741 0
0.353243 0
-0.0187617 0
0.0870153 0
0.156303 0
0.299847 0
0.0977362 0
-0.0972758 0
0.241128 0
0.141045 0
-0.0810336 0
0.462535 0
-0.0573349 0
-0.0832766 0
0.129796 0
0.381123 0
0.446909 0
0.481206 0
0.522562 0
-0.0573417 0
-0.115465 0
0.233314 0
0.564784 0
-0.159503 0
0.00716109 0
0.168185 0
-0.068836 0
0.354541 0
0.428755 0
0.145244 0
0.312461 0
0.343014 0
-0.0798734 0
-0.0577536 0
0.206785 0
0.377887 0
-0.00322589 0
0.229385 0
0.686173 0
-0.124193 0
0.11741 0
0.937285 0
0.294978 0
-0.151632 0
0.110191 0
-0.0121853 0
-0.0558195 0
0.284256 0
0.28393 0
0.422449 0
0.131228 0
0.0295087 0
-0.0774177 0
0.313713 0
-0.100344 0
0.134064 0
0.183403 0
0.27813 0
0.111388 0
-0.0604226 0
0.326839 0
0.461936 0
-0.0517646 0
0.666966 0
0.263763 0
0.0986115 0
0.0731789 0
0.829797 0
0.253303 0
-0.100809 0
0.163431 0
0.196154 0
0.123924 0
-0.0573374 0
-0.0684447 0
0.041773 0
-0.127075 0
0.428552 0
-0.248206 0
0.310505 0
0.0511191 0
0.0574727 0
0.123209 0
0.454304 0
0.579038 0
0.269307 0
0.275923 0
0.891205 0
0.124947 0
0.0697436 0
-0.0573386 0
0.984623 0
0.684694 0
0.430154 0
0.34358 0
-0.286426 0
0.0907837 0
0.655416 0
0.521093 0
0.336376 0
0.750377 0
-0.230611 0
0.340367 0
0.151681 0
0.119395 0
-0.110373 0
-0.071881 0
0.414613 0
-0.0701954 0
0.647153 0
-0.0643399 0
-0.152904 0
0.700408 0
0.00629774 0
0.386315 0
0.024947 0
0.914098 0
0.120072 0
0.143249 0
0.43119 0
0.299943 0
0.238796 0
0.335716 0
0.104392 0
-0.0695693 0
0.0164781 0
0.0881215 0
0.358839 0
0.505018 0
-0.0573362 0
0.590288 0
0.271983 0
-0.0573401 0
0.0596314 0
0.652194 0
0.0191088 0
0.314024 0
-0.124338 0
-0.0634752 0
-0.0335854 0
0.585098 0
0.485992 0
0.59976 0
0.0986906 0
-0.0240921 0
-0.0585628 0
-0.10971 0
-0.0573385 0
0.386586 0
-0.0359046 0
0.0878283 0
-0.0573396 0
-0.019057 0
-0.0820855 0
-0.0646088 0
0.374311 0
0.0384412 0
-0.0991036 0
0.137156 0
0.731516 0
-0.0249509 0
0.723564 0
0.209109 0
0.0273037 0
0.75598 0
0.1265 0
0.581469 0
-0.12255 0
0.247577 0
-0.09456 0
0.189909 0
-0.031962 0
0.275771 0
0.100263 0
0.558696 0
0.121803 0
0.406201 0
0.400969 0
0.374649 0
0.0885453 0
0.284727 0
0.08387 0
0.905443 0
0.607049 0
0.319617 0
0.244507 0
0.273708 0
0.400143 0
-0.152435 0
0.415793 0
-0.067679 0
0.630362 0
0.16751 0
-0.195719 0
-0.138723 0
-0.0606385 0
0.0591763 0
-0.0573386 0
0.294832 0
0.156262 0
-0.0855419 0
0.0800746 0
-0.0573359 0
-0.179351 0
0.146745 0
0.154319 0
0.245423 0
0.565246 0
0.145899 0
0.484153 0
-0.0573397 0
0.338604 0
-0.0573377 0
0.34102 0
-0.00687397 0
0.0418683 0
0.359007 0
0.350929 0
-0.00467202 0
-0.0573357 0
-0.076633 0
0.481366 0
-0.059815 0
0.199071 0
-0.0573366 0
0.262715 0
-0.0573356 0
-0.0573366 0
-0.0573355 0
0.110482 0
0.257249 0
0.0363318 0
-0.0574217 0
-0.127354 0
0.635232 0
0.0130844 0
-0.0573371 0
0.503668 0
0.214261 0
-0.104518 0
0.367514 0
0.769067 0
-0.196678 0
-0.0801686 0
0.38545 0
0.282022 0
0.565905 0
0.178214 0
-0.058076 0
0.0475304 0
-0.0573379 0
0.0851117 0
-0.0706883 0
-0.0574581 0
0.292351 0
0.361403 0
-0.0561505 0
0.508651 0
-0.0573361 0
-0.0573352 0
0.0515536 0
0.513621 0
0.149476 0
-0.100309 0
0.103332 0
0.29075 0
0.0460209 0
0.299251 0
0.575967 0
0.559126 0
0.654527 0
-0.177993 0
0.0198269 0
-0.0583377 0
0.281171 0
0.262575 0
0.530831 0
0.0424016 0
0.16905 0
-0.057347 0
0.143317 0
-0.0614857 0
0.0774032 0
-0.0573355 0
-0.117134 0
0.413055 0
-0.143055 0
0.0085475 0
0.0605153 0
0.717893 0
0.434748 0
0.409953 0
-0.109742 0
0.0269756 0
0.0353664 0
-0.0576016 0
0.446065 0
0.211964 0
0.303368 0
0.210303 0
-0.0712558 0
0.185594 0
0.304544 0
0.154264 0
0.17636 0
0.117201 0
0.370499 0
0.353807 0
-0.0573374 0
-0.0573383 0
0.496529 0
0.722202 0
0.123518 0
-0.0573347 0
0.432137 0
-0.13542 0
0.118031 0
0.260489 0
0.371771 0
0.0549517 0
-0.0573343 0
0.0163005 0
0.511591 0
-0.0573361 0
-0.0573387 0
0.281018 0
0.198655 0
-0.16744 0
0.259271 0
0.779118 0
-0.149158 0
-0.0573359 0
-0.29336 0
-0.0611957 0
0.0477153 0
-0.081971 0
0.283796 0
0.28995 0
0.252595 0
-0.134328 0
0.484369 0
0.208684 0
0.677108 0
0.23215 0
0.207317 0
0.346138 0
-0.0156467 0
0.32868 0
-0.0573365 0
0.0592773 0
-0.0573388 0
-0.0575774 0
0.321406 0
-0.107025 0
0.870615 0
-0.0573382 0
-0.057342 0
-0.0897782 0
0.061356 0
-0.0588529 0
-0.0573383 0
0.00988328 0
0.489237 0
0.455791 0
0.0868354 0
0.296977 0
-0.304494 0
0.267635 0
0.0365664 0
0.056952 0
0.00725341 0
0.0592604 0
-0.0698135 0
-0.0573362 0
0.241805 0
-0.0576268 0
0.762957 0
0.038424 0
-0.0573384 0
-0.0573387 0
0.322729 0
0.487965 0
0.48795 0
0.107046 0
-0.0573366 0
0.627967 0
0.0162528 0
0.532408 0
-0.107076 0
0.840861 0
0.605835 0
0.238396 0
-0.0741642 0
-0.057335 0
-0.0655845 0
0.820721 0
0.0880817 0
0.272139 0
0.701379 0
-0.0254937 0
0.0606334 0
0.0864118 0
0.637604 0
-0.0653033 0
-0.0573362 0
-0.0573372 0
-0.0835205 0
0.276778 0
0.22346 0
0.504215 0
0.335197 0
0.0704788 0
-0.0845982 0
-0.0573374 0
0.198502 0
0.303866 0
0.616765 0
-0.0255355 0
0.375814 0
0.51032 0
0.0113728 0
0.224259 0
0.0361834 0
-0.117959 0
0.517451 0
0.159203 0
-0.137627 0
0.184198 0
0.803391 0
-0.0573366 0
0.0750085 0
0.519656 0
-0.104609 0
0.119237 0
0.568121 0
0.190007 0
0.456538 0
-0.0573357 0
-0.241988 0
0.277117 0
0.288548 0
-0.0573392 0
-0.0574611 0
0.329638 0
0.0823046 0
-0.0580937 0
0.16124 0
0.220196 0
-0.0584541 0
0.215304 0
0.0805363 0
0.234659 0
-0.0781115 0
0.0141172 0
0.42912 0
-0.210487 0
0.159429 0
0.0496412 0
0.385456 0
0.37093 0
-0.0370703 0
0.35953 0
-0.0573386 0
0.204382 0
0.322825 0
-0.210867 0
0.204526 0
0.417637 0
-0.0573359 0
0.0486549 0
0.0322551 0
-0.0814691 0
0.999629 0
0.548513 0
-0.0573353 0
0.0330048 0
-0.0595571 0
-0.0573395 0
-0.061397 0
0.512512 0
0.304054 0
-0.0764474 0
0.493892 0
0.0517154 0
0.192171 0
-0.00110733 0
-0.0642564 0
0.0421595 0
0.593328 0
-0.0625469 0
0.136197 0
0.0852385 0
0.168868 0
0.198691 0
0.355336 0
0.111548 0
0.27533 0
-0.0776924 0
0.318587 0
0.88213 0
0.0244972 0
7.42399e-05 0
-0.0573392 0
0.550538 0
0.240039 0
0.90719 0
0.379463 0
0.09345 0
-0.107162 0
0.17339 0
-0.161767 0
-0.0573382 0
-0.0416382 0
0.373379 0
0.0739566 0
0.0330951 0
0.130076 0
-0.0573368 0
-0.0583726 0
-0.113522 0
0.27755 0
-0.0590982 0
0.210464 0
0.273524 0
-0.128138 0
-0.0607931 0
0.425287 0
0.190044 0
0.0512134 0
-0.0660991 0
-0.0245575 0
-0.041419 0
0.106671 0
0.560403 0
0.118018 0
0.289395 0
0.616804 0
0.613099 0
-0.0573392 0
0.0541697 0
-0.0742116 0
0.783968 0
0.0435131 0
-0.0231046 0
-0.0573368 0
0.636696 0
-0.125552 0
-0.122644 0
0.764179 0
-0.0573364 0
-0.282303 0
-0.0573347 0
-0.0573354 0
0.136529 0
0.0807862 0
0.300239 0
-0.147573 0
0.302007 0
-0.0573364 0
0.732489 0
-0.0573368 0
-0.0581858 0
-0.0726019 0
-0.0577425 0
0.765355 0
0.416778 0
-0.0573359 0
-0.0573357 0
-0.0940611 0
-0.0984564 0
-0.0683069 0
0.413287 0
0.561641 0
0.261644 0
0.0446819 0
-0.0251485 0
-0.0963095 0
-0.296045 0
-0.0581686 0
-0.0573405 0
-0.0336342 0
0.254241 0
0.369445 0
-0.0607902 0
-0.0312125 0
0.589457 0
0.636152 0
0.323987 0
0.0510969 0
-0.0573365 0
-0.0573356 0
0.333831 0
0.859764 0
-0.0726933 0
-0.0353275 0
-0.0573405 0
0.334993 0
0.371466 0
0.351615 0
0.243877 0
-0.164555 0
-0.120525 0
0.566712 0
-0.0573372 0
0.68729 0
0.238146 0
0.381379 0
0.341126 0
0.653006 0
-0.132741 0
0.319781 0
-0.118712 0
-0.0414995 0
0.252042 0
-0.0659175 0
-0.00234073 0
0.269264 0
0.495898 0
0.0318089 0
-0.0925546 0
-0.0658054 0
0.0848639 0
-0.0815645 0
0.436293 0
0.267828 0
-0.0573362 0
-0.0208173 0
-0.0830428 0
0.288893 0
-0.0573383 0
0.339178 0
0.436103 0
0.334833 0
0.313094 0
-0.0573368 0
0.410883 0
0.118855 0
0.463149 0
0.483356 0
0.478156 0
0.42692 0
0.165569 0
1.9702 0
0.288318 0
-0.0187709 0
-0.0161046 0
-0.0242418 0
-0.0543839 0
0 0
-0.0170355 0
0.117378 0
1.27027 0
0.00719877 0
-0.00117679 0
-0.00511184 0
-0.0675928 0
-0.0284096 0
0.00503788 0
0 0
0.625239 0
0.105542 0
0.0197829 0
-0.00873052 0
0.174279 0
-0.000805389 0
-0.000302213 0
0.097127 0
0.0453976 0
0.176635 0
0.23196 0
-0.00659288 0
0.189715 0
-9.95417e-05 0
-0.0493913 0
0.034754 0
0.202673 0
0 0
-0.0011836 0
-0.0166966 0
-0.0215923 0
-0.0439948 0
0.0299895 0
0.0109944 0
0 0
0.0373695 0
0.0537818 0
-0.0445623 0
-0.172769 0
-0.0243766 0
-0.145743 0
-0.0181935 0
0.042067 0
0.730615 0
0.302206 0
-0.0228713 0
-0.00314244 0
0.152419 0
0.0253554 0
0.0280531 0
-0.0229709 0
0.0400985 0
0.038249 0
0.136215 0
0 0
-0.0465979 0
0.079485 0
0.400336 0
-0.00839209 0
-0.0810732 0
0.184677 0
0.00298741 0
0.05327 0
0.237112 0
0.00289344 0
0.0292943 0
0.130597 0
0 0
0.120856 0
0.235062 0
0.0231114 0
-0.0131429 0
0.0730675 0
0.134557 0
-0.00653043 0
0.671863 0
0.0324868 0
0 0
0.251027 0
0.401386 0
0.807779 0
0.282658 0
-0.0931069 0
0.129192 0
-0.0211407 0
0.0292449 0
0.135348 0
-0.221707 0
-0.0166926 0
0.179809 0
-0.0748157 0
-9.62812e-05 0
-0.111813 0
-0.0262114 0
0.157347 0
0.238825 0
0 0
0.0527381 0
0.00953322 0
-0.050339 0
-0.0125628 0
-0.0805618 0
-0.0136089 0
-0.0293995 0
-0.0189176 0
-0.0306136 0
0.00778662 0
0 0
-0.0367642 0
-0.0289461 0
0.313542 0
0.0688786 0
-0.0051219 0
0.154314 0
-0.00341137 0
-0.0235151 0
0.546353 0
0.051416 0
0.00779148 0
0 0
-0.00133246 0
0.0428594 0
0.212968 0
-0.0192009 0
0.114544 0
0.183762 0
-0.131997 0
-0.307443 0
-0.109714 0
0.288637 0
-0.00831324 0
0 0
0.0596928 0
0.0857045 0
0.00249957 0
0.0213469 0
-0.0120348 0
-0.0340598 0
0 0
0.363995 0
-0.116978 0
0.329464 0
-0.037308 0
0.108535 0
0.165025 0
0.160971 0
-0.0353357 0
-0.0111292 0
-0.0291562 0
-0.0743238 0
-0.06255 0
0.223185 0
-0.0140106 0
0.0290352 0
0.0987003 0
0.548917 0
0.0503365 0
-0.00763552 0
0.0117883 0
0.593676 0
0.0319714 0
-0.0177696 0
0.0434205 0
-0.0117475 0
-0.0181961 0
0.231277 0
0.192821 0
0.494256 0
-0.108231 0
-0.0540583 0
-0.138183 0
-0.0414154 0
-0.0544137 0
0.139337 0
0.0694583 0
0.0376163 0
-0.0147311 0
0.0590556 0
-0.0530198 0
0.271844 0
-0.0185916 0
0 0
0.00970817 0
0.0465806 0
-0.0508071 0
0.0525548 0
-0.0176651 0
-0.00397259 0
-0.000113056 0
0.419036 0
0.0538008 0
-0.00659359 0
0.664131 0
-0.0568075 0
0.00900821 0
0.00960699 0
0.20708 0
-0.0127795 0
0.363484 0
-0.00716938 0
-0.0625818 0
0.426237 0
-0.00300879 0
-0.0500623 0
0.0436885 0
0.262109 0
0.318726 0
-0.144345 0
-0.0547879 0
0.0564618 0
-0.0158669 0
-0.0461285 0
-0.0573181 0
0.262073 0
0.25878 0
0.072237 0
-0.0148209 0
-0.0142517 0
-0.054513 0
0.0756703 0
0.397368 0
0.00346155 0
-0.0340238 0
-0.115044 0
-0.032332 0
0.388254 0
-0.0697425 0
0.0667505 0
-0.0085185 0
-0.164915 0
0.000284507 0
0.112306 0
0.0357829 0
0.199907 0
0.0500817 0
0.493784 0
-0.0171157 0
-0.0057384 0
0.198562 0
-0.0574523 0
0.451346 0
-0.105187 0
0 0
-0.00625515 0
0.29321 0
0.348154 0
0.0221104 0
0.579827 0
0.0067939 0
-0.026462 0
-0.00529557 0
0.0710091 0
-0.0275023 0
-0.138287 0
-0.292393 0
-0.0252272 0
-0.00530478 0
0.0447584 0
0.164508 0
-9.33301e-05 0
-0.0235584 0
-0.0243577 0
0.0163549 0
-0.00384687 0
0.0782196 0
-0.134982 0
-0.0205673 0
-0.0192326 0
-0.0571811 0
-0.0507271 0
0.0598585 0
-0.00370148 0
-0.0236194 0
0.243139 0
-0.0182704 0
0.00105318 0
-0.00259545 0
-0.00620176 0
0.0475016 0
-0.00670745 0
-0.0178786 0
-0.0292367 0
0.0408629 0
0.0875784 0
0.262621 0
-0.0123007 0
-0.0247738 0
0.284674 0
-0.0206058 0
-0.0553156 0
-0.055859 0
0.0822239 0
-0.0336627 0
-0.00930505 0
0.0497683 0
0.255297 0
-0.0080663 0
-0.017223 0
0 0
-0.0120808 0
0.0136775 0
0 0
0.194194 0
-0.016415 0
0.0869053 0
-0.0409478 0
0.49429 0
-0.00561022 0
0.0135189 0
-0.0289956 0
0.0209396 0
-0.0102373 0
0.0365027 0
0.0467778 0
-0.00227499 0
0.0285777 0
0 0
-0.0451811 0
0.302686 0
0.285897 0
0 0
0.195249 0
-0.0107796 0
-0.00489519 0
-0.0904663 0
0.41003 0
0.0243519 0
0.0151712 0
-0.0150703 0
-0.0597669 0
-0.0251313 0
0.021686 0
0.139905 0
-0.0143094 0
0.0942638 0
0.0177086 0
0.290671 0
0.178698 0
-0.0653016 0
0.101159 0
0.336604 0
-0.223994 0
0.102775 0
0.0515194 0
0.250278 0
-0.0262507 0
-0.205385 0
0.232698 0
-0.104601 0
-0.126339 0
0.0541372 0
-0.00352879 0
-0.0910763 0
0.00443279 0
0.0679378 0
0.195548 0
0.127412 0
0.423569 0
0.0534242 0
-0.00935398 0
0.0564278 0
0.085268 0
0.486706 0
-0.182439 0
-0.00308626 0
0.336619 0
0 0
-0.0898022 0
0.013779 0
-0.0645559 0
0.220837 0
0 0
0.510788 0
0.312479 0
-0.0476058 0
0.217592 0
-0.129917 0
-0.00826186 0
0.0616258 0
0 0
-0.036408 0
0 0
0.060383 0
0.0354243 0
0.409473 0
0.089626 0
0.0493963 0
0.0267854 0
0 0
0.134384 0
0.0536565 0
0.000269181 0
0.227475 0
0 0
-0.0234731 0
0 0
0 0
0 0
0.0983702 0
-0.0643234 0
0.0724625 0
-0.000225766 0
-0.0395123 0
-0.0227754 0
0.0461695 0
0 0
0.153839 0
-0.035487 0
0.101857 0
-0.0899145 0
0.0137118 0
-0.223458 0
0.00891125 0
-0.0308723 0
-0.0153411 0
-0.00403053 0
0.098184 0
-0.00350781 0
-0.0152288 0
0 0
0.214759 0
0.00322842 0
0.0321509 0
-0.0318056 0
-0.0456035 0
0.141206 0
0.0104318 0
0 0
0 0
-0.123062 0
-0.0160916 0
0.0123263 0
0.141714 0
-0.0152924 0
0.221532 0
-0.00297129 0
-0.00804001 0
-0.0737415 0
0.0428368 0
0.000579685 0
0.970657 0
0.350954 0
-0.00213908 0
-0.0154339 0
0.0386872 0
-0.0583789 0
0.178331 0
-0.0648094 0
-0.00054568 0
0.154319 0
-0.00376487 0
0.0124636 0
0 0
0.184362 0
0.149235 0
0.121159 0
0.163707 0
0.220371 0
-0.0384762 0
-0.0784404 0
-0.0579367 0
-0.0413808 0
0.157905 0
0.122601 0
-0.00124738 0
-0.0444461 0
-0.052599 0
-0.0127281 0
0.0471101 0
0.157402 0
0.301128 0
0.0862928 0
0.197056 0
0.32025 0
-0.0355332 0
-0.0139088 0
-0.0388302 0
0 0
0 0
0.151351 0
-0.0261646 0
-0.00850158 0
0 0
-0.0111543 0
-0.0293841 0
0.0350356 0
-0.0126341 0
0.170963 0
0.388849 0
0 0
0.099075 0
-0.0452299 0
0 0
0 0
0.0466359 0
-0.0347083 0
0.450166 0
0.204576 0
-0.0295993 0
0.738467 0
0 0
0.861117 0
0.111318 0
0.0137969 0
-0.00865701 0
0.189624 0
0.0277854 0
0.125967 0
0.15636 0
-0.0220046 0
-0.0527786 0
-0.0127913 0
0.0550556 0
0.103614 0
0.00139307 0
0.159797 0
-0.0298604 0
0 0
0.126354 0
0 0
-0.000236467 0
0.168642 0
0.433066 0
-0.0110071 0
0 0
-0.000268382 0
0.0280364 0
-0.1001 0
-0.008394 0
0 0
0.28251 0
-0.0135042 0
0.0434289 0
0.0742333 0
-0.0197627 0
1.42558 0
-0.0183269 0
0.39731 0
0.801989 0
-0.202755 0
0.039315 0
-0.0537097 0
0 0
-0.0518701 0
-0.00132968 0
0.0375639 0
0.102809 0
0 0
0 0
0.186542 0
-0.228785 0
-0.0103419 0
0.0806427 0
0 0
-0.0191753 0
0.335121 0
0.154559 0
-0.0408814 0
-0.0857561 0
-0.156498 0
-0.120171 0
0.423387 0
0 0
0.000137646 0
-0.0295019 0
0.101875 0
-0.0143975 0
-0.0120717 0
0.135037 0
0.146536 0
-0.120465 0
-0.0988433 0
0.00171477 0
0 0
0 0
0.0949819 0
0.17552 0
0.00057708 0
-0.0163048 0
0.672656 0
0.256914 0
0.0409378 0
0 0
0.00423183 0
-0.180775 0
-0.00849944 0
0.262502 0
0.0432743 0
0.0125414 0
0.407116 0
0.025102 0
0.099586 0
0.0529918 0
0.042282 0
0.0251125 0
0.0281542 0
0.383469 0
0.00792868 0
0 0
0.0316827 0
-0.0469237 0
-0.032616 0
0.153263 0
0.0477993 0
0.454303 0
-0.0852024 0
0 0
1.29234 0
-0.182219 0
0.305359 0
0 0
-0.000312769 0
0.0767778 0
0.127223 0
-0.00316447 0
0.188619 0
0.260789 0
-0.000778048 0
-0.0193703 0
-0.122756 0
0.0263736 0
-0.0170763 0
0.0824309 0
0.142146 0
0.693316 0
0.289937 0
0.177515 0
-0.000204957 0
-0.0588917 0
0.104764 0
-0.0682926 0
0 0
0.0528889 0
0.116573 0
0.33177 0
0.115153 0
-0.0831352 0
0 0
0.124298 0
-0.0226977 0
-0.0118386 0
0.201166 0
-0.186131 0
0 0
-0.164984 0
-0.00577853 0
0 0
-0.0109248 0
-0.00951436 0
0.0103018 0
-0.00484675 0
0.259244 0
0.0996432 0
-0.0684804 0
0.0555235 0
-0.00211527 0
0.324489 0
0.0128988 0
-0.00539591 0
-0.0313281 0
0.502385 0
0.208212 0
-0.107147 0
-0.0269726 0
-0.225617 0
0.293038 0
0.00947376 0
-0.0671563 0
-0.0229061 0
0.0253057 0
0.29005 0
0 0
-0.0193674 0
0.127217 0
-0.000618563 0
-0.0250484 0
0.0344151 0
0.413706 0
0.130589 0
1.20409 0
0 0
0.0894031 0
-0.100815 0
0.054992 0
0.20706 0
0.0479654 0
0 0
-0.0038997 0
0.133864 0
-0.0115088 0
-0.00127467 0
-0.0109142 0
0.215423 0
-0.0112511 0
-0.00502216 0
-0.12667 0
0.0347827 0
0.213419 0
0.527561 0
0.367895 0
0.351291 0
0.04275 0
-0.0196953 0
0.152817 0
0.0226186 0
0.0759634 0
-0.00743414 0
0 0
-0.0104697 0
0.0124854 0
-0.072596 0
-0.0296482 0
0.124266 0
0 0
-0.019099 0
0.0609636 0
-0.0143025 0
-0.0135447 0
0 0
1.45989 0
0 0
0 0
0.00952756 0
0.066584 0
-0.0583392 0
0.179933 0
-0.021294 0
0 0
-0.0152134 0
0 0
-0.00604437 0
0.293679 0
-0.00146925 0
-0.0590018 0
-0.0178245 0
0 0
0 0
0.197673 0
0.232726 0
0.0593428 0
-0.031842 0
-0.0209798 0
-0.117465 0
-0.00753028 0
0.176251 0
0.547629 0
1.03414 0
-0.00414052 0
0 0
0.0218984 0
0.054817 0
-0.0567716 0
-0.0063536 0
0.466283 0
-0.0745783 0
-0.0180397 0
-0.18541 0
0.250456 0
0 0
0 0
0.114742 0
-0.00817253 0
0.413947 0
0.496782 0
0 0
0.0444178 0
-0.00604026 0
0.246756 0
0.0625413 0
0.202415 0
-0.0435008 0
-0.104105 0
0 0
0.0245806 0
0.0551648 0
-0.0114893 0
-0.140352 0
-0.0373759 0
0.060188 0
-0.00666178 0
-0.0235994 0
0.50385 0
0.173776 0
-0.00449149 0
0.0492644 0
0.0532522 0
-0.0182884 0
0.167719 0
-0.011141 0
0.349978 0
-0.0382629 0
0.160816 0
0.0446761 0
0.153562 0
0 0
0.323469 0
-0.0423278 0
0.0236936 0
0 0
0.0249413 0
-0.0140217 0
-0.121466 0
-0.00112412 0
0 0
-0.0232961 0
0.00444712 0
-0.144816 0
-0.0253364 0
-0.00886251 0
0.0977721 0
-0.0367774 0
1.93249e-08 0
0.00834874 0
0.00681589 0
-0.220835 0
-0.190765 0
-0.200876 0
-5.65778e-08 0
0.000264781 0
0.131248 0
0.0201402 0
-0.0021086 0
4.53833e-06 0
-0.354404 0
0.0177076 0
0.120608 0
-0.00390989 0
-2.84053e-08 0
1.22236e-08 0
0.0209489 0
-0.410112 0
-0.000838535 0
-0.210955 0
-0.000382433 0
-0.0411745 0
0.00500573 0
0.0249893 0
-0.0429847 0
0.0173431 0
-0.270828 0
0.168881 0
0.00281415 0
-0.0993868 0
0.115627 0
0.0274119 0
-1.72295e-08 0
-0.000739599 0
-0.0826809 0
-0.260279 0
-0.192225 0
-0.012087 0
-0.245718 0
-9.31323e-09 0
-0.232149 0
0.0368249 0
0.0754014 0
0.246451 0
0.0173961 0
-0.335508 0
-0.192559 0
0.107846 0
0.0316662 0
2.00234e-08 0
2.87546e-08 0
-0.0884405 0
-0.036602 0
-0.24751 0
-0.0538664 0
0.106829 0
0.11687 0
-0.154965 0
0.00678826 0
2.51457e-08 0
-0.35416 0
-0.0139006 0
0.00699465 0
-0.163109 0
-0.0489297 0
-0.181667 0
0.120184 0
-0.0758809 0
0.00142746 0
0.183425 0
0.11022 0
-0.0287394 0
1.95578e-08 0
-0.244422 0
-0.0734845 0
-0.0449791 0
-0.260618 0
0.212435 0
0.0946249 0
-0.00198224 0
0.0226588 0
-0.159769 0
-2.84053e-08 0
-0.10608 0
-0.0468928 0
4.17931e-08 0
-0.0709083 0
-0.0703913 0
-0.00346326 0
-0.0585489 0
-0.17378 0
0.0966568 0
0.17484 0
-0.119733 0
0.0594797 0
0.0749864 0
9.81381e-08 0
0.203609 0
-0.00159481 0
-0.0611069 0
-0.0225869 0
-5.58794e-09 0
0.173724 0
-0.2239 0
-0.272516 0
-0.0360146 0
-0.0317215 0
-0.309173 0
-0.185891 0
-0.120346 0
0.118527 0
-0.164869 0
-1.60653e-08 0
-0.185594 0
-0.0592528 0
-0.048432 0
0.0311131 0
-0.19266 0
0.211825 0
0.037583 0
-0.160429 0
0.103124 0
-0.210857 0
-0.135376 0
1.52504e-08 0
-0.000409704 0
0.162552 0
0.0168896 0
-0.0342112 0
-0.13214 0
-0.0623939 0
-0.140534 0
0.218769 0
-0.0432453 0
0.0070776 0
-0.0389502 0
6.65896e-08 0
-0.2973 0
0.124034 0
-0.00263108 0
-0.135436 0
1.76951e-08 0
0.0712749 0
-2.58442e-08 0
-0.0601396 0
-0.0717725 0
-0.0222853 0
-0.0108665 0
-0.0563243 0
0.125385 0
-0.116857 0
0.0375747 0
-0.272933 0
-0.0244478 0
0.00111915 0
0.042415 0
0.0838701 0
-4.86616e-08 0
0.00875263 0
-0.201394 0
0.048626 0
-0.00701747 0
-0.244746 0
-0.0991723 0
0.0258094 0
-0.147896 0
-0.0467397 0
0.0269264 0
-0.0555541 0
-0.0418101 0
-0.00278771 0
-0.152696 0
0.0569491 0
-0.186508 0
0.268041 0
0.0534083 0
-0.0874241 0
-0.0443875 0
-0.154339 0
-0.0679378 0
0.148664 0
0.000752925 0
0.0669696 0
-0.172489 0
0.0752447 0
-0.139957 0
-1.44355e-08 0
-1.08266e-08 0
0.19007 0
-0.229699 0
-0.304084 0
-0.14918 0
0.0946571 0
-1.88593e-08 0
0.0170276 0
0.0292607 0
-0.221742 0
0.026529 0
0.208618 0
-0.028527 0
9.78507e-05 0
-0.10289 0
-0.0953896 0
0.165186 0
-0.0889254 0
-0.288468 0
-0.0204512 0
-0.000128109 0
-0.0474793 0
-0.156097 0
0.00173608 0
-0.210133 0
0.0807588 0
-2.5495e-08 0
-0.120865 0
0.152533 0
-0.362716 0
-1.16415e-08 0
-0.0768603 0
-0.0407439 0
0.173902 0
-0.0178363 0
-0.0352847 0
-0.254964 0
-0.0108678 0
-0.0388825 0
-8.52926e-05 0
-0.195877 0
-0.0200326 0
0.237313 0
0.0324815 0
0.108375 0
-0.124066 0
-0.000821028 0
0.250646 0
0.0737452 0
-0.0623391 0
-0.296091 0
-0.029706 0
-0.313547 0
0.0318112 0
-0.2024 0
0.00679787 0
-2.65427e-08 0
-0.0338157 0
-0.0270206 0
0.198059 0
-1.21072e-08 0
-0.000900393 0
-0.110728 0
0.0322224 0
0.0972554 0
-1.9907e-08 0
-0.14149 0
-0.156447 0
-0.199688 0
0.00798971 0
-0.049107 0
0.250441 0
0.0464576 0
-0.199841 0
0.101534 0
0.232019 0
-0.107663 0
2.16695e-06 0
-0.0840318 0
-0.376506 0
-0.0902573 0
-0.357639 0
0.0228749 0
-0.195345 0
-0.0523961 0
-0.204526 0
-0.0215125 0
-0.0505407 0
0.115254 0
0.22169 0
0.324385 0
-0.0145963 0
7.33417e-09 0
-0.000787548 0
-0.116288 0
0.000172133 0
-0.177662 0
-1.15209e-05 0
-3.2247e-08 0
-0.0591438 0
-0.234193 0
-0.119866 0
0.0295169 0
-0.147857 0
0.0220906 0
-0.0837762 0
-0.0491349 0
0.225091 0
-0.340042 0
-0.236508 0
-0.04312 0
-0.000336358 0
0.111179 0
-0.178479 0
-0.125956 0
-0.0236512 0
6.98492e-09 0
-0.00209853 0
0.112192 0
1.02445e-08 0
-0.262608 0
-0.131273 0
0.0668042 0
-0.0524583 0
-0.0307028 0
5.08735e-08 0
-0.0460292 0
-0.141213 0
0.253821 0
-0.091976 0
-0.169712 0
0.073952 0
-5.34346e-08 0
0.0855415 0
3.39933e-08 0
-0.318339 0
0.0252885 0
-0.0401575 0
-2.65427e-08 0
-0.0825952 0
-1.54832e-08 0
-2.45636e-08 0
0.222503 0
0.0556653 0
0.0111897 0
0.199353 0
0.130046 0
-0.098531 0
0.0837834 0
-0.151848 0
0.0438963 0
-0.0567288 0
-0.0771449 0
0.0707127 0
0.0280199 0
-0.0433782 0
0.064185 0
-0.109311 0
0.0222676 0
0.131246 0
0.0762037 0
-0.179972 0
-0.0705613 0
-0.0343475 0
0.0453417 0
0.0677558 0
-0.105381 0
0.202792 0
-0.0709244 0
-0.153442 0
-0.143286 0
-0.15402 0
-0.0746789 0
-0.0342485 0
-0.270452 0
0.00895791 0
-0.272871 0
-0.00151696 0
-0.342158 0
-0.0726582 0
0.00316362 0
-0.0203875 0
0.000140042 0
-0.191401 0
2.28174e-08 0
-0.108223 0
0.0528234 0
0.112647 0
0.166056 0
2.45636e-08 0
0.0029611 0
0.0323261 0
-0.319299 0
-0.160566 0
0.0179474 0
-0.0556367 0
-0.0711276 0
-2.21189e-08 0
-0.0989359 0
-1.31549e-08 0
-0.0349437 0
-0.0341321 0
0.148628 0
-0.396827 0
0.0109404 0
-0.0389232 0
1.28406e-07 0
-0.0562055 0
-0.0160404 0
0.000154636 0
0.264677 0
-9.31323e-09 0
-0.244054 0
-1.06287e-07 0
-2.73576e-08 0
-7.55535e-08 0
-0.0223422 0
-0.196522 0
0.125589 0
-3.83002e-05 0
-0.00129962 0
-0.118425 0
-0.0207546 0
2.79397e-08 0
-0.0159272 0
-0.352788 0
-0.00419047 0
0.200164 0
-0.1728 0
0.0849733 0
-3.88827e-08 0
-0.193416 0
-0.261131 0
-0.108873 0
0.131608 0
-0.000264764 0
-0.0877313 0
-1.86265e-08 0
-0.0322809 0
-0.00223875 0
0.126967 0
-0.093844 0
-0.325481 0
0.160915 0
-0.25507 0
-1.04774e-09 0
6.51926e-09 0
0.0830202 0
-0.0722185 0
-0.162071 0
0.00690775 0
-0.115006 0
0.0509485 0
-0.00566317 0
-0.267595 0
-0.0247394 0
-0.124549 0
0.0627645 0
4.42378e-09 0
0.0761133 0
-0.000114876 0
0.0519982 0
0.275053 0
-0.00567299 0
-0.0484382 0
-0.164772 0
3.60887e-08 0
-0.00675171 0
-0.000243319 0
-0.29101 0
-1.64146e-08 0
0.127432 0
-0.159011 0
0.0346708 0
0.0347535 0
-0.033504 0
-0.249618 0
-0.0195926 0
-0.283456 0
0.00105272 0
-0.138429 0
0.139599 0
-3.07359e-05 0
-0.0754865 0
0.111131 0
0.00575807 0
-0.477502 0
0.149507 0
-0.0283768 0
0.102264 0
-0.00708522 0
0.114831 0
-0.194679 0
0.349022 0
-0.174238 0
2.21189e-09 0
6.17001e-09 0
0.0911254 0
-0.154359 0
-0.177631 0
-1.49012e-08 0
0.37035 0
1.07102e-08 0
0.170864 0
-0.129921 0
0.191724 0
-0.0660382 0
-4.30737e-09 0
0.0341851 0
-0.262453 0
-5.25033e-08 0
3.45754e-08 0
-0.173276 0
-0.222778 0
0.00442674 0
-0.107869 0
-0.157827 0
0.00847982 0
9.44128e-08 0
-0.00615471 0
-0.0747099 0
0.0872542 0
-0.00159688 0
-0.0382392 0
0.139972 0
0.00129674 0
0.00692639 0
0.236787 0
-0.0247959 0
-0.117581 0
-0.301578 0
-0.0193903 0
-0.245112 0
0.0497301 0
-0.122079 0
1.97906e-09 0
0.197136 0
-2.92202e-08 0
-0.000220225 0
0.0293279 0
0.107693 0
-0.0265125 0
-2.44472e-09 0
-2.96591e-06 0
-0.00947708 0
-0.359959 0
-0.000219095 0
1.49012e-08 0
0.0399619 0
-0.259102 0
-0.0453652 0
-0.0360394 0
-0.128973 0
-3.21306e-08 0
-0.228806 0
-0.126041 0
-0.00386922 0
0.217665 0
-0.0786839 0
-0.0471536 0
-5.58794e-09 0
-0.283137 0
-0.000192761 0
-0.0155139 0
-0.116576 0
-3.29455e-08 0
-3.38769e-08 0
-0.222317 0
0.00739835 0
0.00297453 0
-0.101933 0
-9.31323e-09 0
-0.198306 0
-0.0049117 0
-0.00760088 0
0.00159036 0
-0.0440421 0
0.0949951 0
0.0137467 0
4.66825e-08 0
-1.19908e-08 0
-0.00131201 0
0.0388974 0
0.0157753 0
-0.318541 0
-0.172323 0
0.0191583 0
-0.142339 0
0.0792776 0
-0.245277 0
-0.00400497 0
-5.58794e-09 0
-8.84756e-09 0
0.0691983 0
0.108746 0
0.0113906 0
-0.113253 0
0.00390416 0
0.147761 0
-0.00365172 0
2.21189e-09 0
-0.12399 0
-0.201819 0
-0.225582 0
-0.00918139 0
-0.18144 0
0.131553 0
0.0721988 0
-0.0220026 0
0.0824876 0
-0.0170002 0
-0.0417929 0
0.30793 0
0.20343 0
-0.155162 0
-0.137152 0
4.02797e-08 0
-0.172291 0
-0.0293377 0
-0.000879144 0
-0.102962 0
0.0698494 0
0.079193 0
0.227062 0
7.15954e-08 0
-5.55301e-08 0
-0.378674 0
0.0709628 0
2.09548e-08 0
4.70341e-06 0
0.132388 0
-0.161836 0
-0.000283801 0
0.0455404 0
-0.0742237 0
-0.000183456 0
0.235234 0
0.207491 0
-0.198089 0
-0.000940332 0
0.00170963 0
0.149247 0
0.0418061 0
-0.128544 0
0.111601 0
0.0497586 0
-0.290656 0
0.00212103 0
-0.0712112 0
2.28174e-08 0
-0.161728 0
0.0530765 0
-0.125519 0
0.168787 0
-0.231121 0
1.28057e-09 0
0.103948 0
-0.122333 0
-8.04625e-05 0
0.105793 0
0.0405657 0
-4.42378e-09 0
0.0736691 0
8.75378e-05 0
-1.0361e-08 0
8.30041e-08 0
-0.230857 0
-0.0503944 0
0.000614475 0
0.0672727 0
0.144045 0
-0.154818 0
0.182173 0
-0.00220822 0
-0.025342 0
-0.129814 0
-0.00140295 0
-0.02714 0
-0.0582568 0
0.00953839 0
-0.31982 0
-0.0291793 0
0.27782 0
-0.108017 0
-0.00414988 0
-0.094313 0
0.0886897 0
-0.222244 0
-0.0179941 0
2.32831e-09 0
-0.193601 0
0.213954 0
-0.386537 0
-0.261798 0
-0.04563 0
0.0100873 0
-0.0231075 0
1.53668e-08 0
-1.5134e-09 0
-0.0971154 0
-0.00428293 0
0.109271 0
-0.130483 0
-0.0133534 0
-1.38534e-08 0
-0.000649693 0
0.00136266 0
-0.21507 0
-0.000654888 0
0.0937664 0
0.266196 0
3.01516e-08 0
-0.000901489 0
-0.0125169 0
-0.039318 0
-0.128355 0
0.0488516 0
-0.0118225 0
0.00614743 0
-0.079361 0
-0.289233 0
0.0257212 0
0.476058 0
-0.0805 0
0.148701 0
-1.07102e-08 0
-0.0679764 0
-0.00131486 0
-0.00553229 0
-0.240187 0
-0.0161085 0
-9.31323e-10 0
0.0237321 0
0.141227 0
0.214338 0
-0.166709 0
-1.49012e-08 0
-2.29047e-08 0
4.22588e-08 0
-4.58676e-08 0
-0.161357 0
-0.0332796 0
-0.10824 0
0.022642 0
-0.041387 0
-4.35393e-08 0
-0.083705 0
-4.24916e-08 0
5.58794e-09 0
-0.146402 0
-6.9694e-05 0
0.167854 0
-0.0835258 0
-4.62169e-08 0
-5.79748e-08 0
-0.0392344 0
0.00740638 0
0.0677097 0
0.0493438 0
0.089375 0
0.183118 0
-0.0687491 0
-0.134705 0
-0.0305458 0
-0.00916297 0
-5.0352e-06 0
1.95578e-08 0
-0.197406 0
0.163802 0
-0.144219 0
-0.000914271 0
-0.0488774 0
-0.488768 0
-0.0829531 0
-0.0353873 0
0.0847615 0
-2.44472e-09 0
-2.91038e-08 0
0.0665354 0
-0.241433 0
0.089546 0
0.0288577 0
1.95578e-08 0
-0.0999883 0
-0.10222 0
-0.0110429 0
-0.153568 0
0.000835458 0
8.02715e-05 0
0.0481532 0
3.79514e-08 0
-0.203233 0
0.204145 0
0.102556 0
0.00213261 0
0.0686104 0
0.0102533 0
-0.191626 0
-0.000359849 0
0.0402334 0
0.176804 0
-0.00112981 0
0.00584328 0
-0.187021 0
0.0093883 0
0.0245822 0
0.00133949 0
-0.113029 0
-0.254679 0
-0.0399331 0
0.0480027 0
-0.190387 0
5.23869e-08 0
0.0940248 0
0.0264687 0
0.105941 0
1.30385e-08 0
0.103438 0
-0.108568 0
-0.183128 0
-0.26101 0
3.84171e-09 0
0.0747982 0
-0.000826588 0
0.226375 0
0.0180497 0
-0.258095 0
0.244726 0
-0.160022 0
2.71248e-08 0
-0.206784 0
0.00467958 0
-0.0751906 0
-0.0782375 0
0.0327388 0
0 0
-0.00796891 0
0.126014 0
0.0755385 0
0.00775166 0
-0.000616566 0
0.0544121 0
-0.0734962 0
-0.149175 0
0.0028536 0
0 0
0.0629393 0
0.100451 0
0.115875 0
0.00154218 0
-0.0846919 0
-0.000683558 0
0.0658665 0
0.0056424 0
0.0866573 0
-0.201069 0
0.0416354 0
-0.145003 0
-0.014445 0
-0.0159728 0
-0.148805 0
-0.013432 0
0.130127 0
0 0
-0.00105128 0
-0.0648759 0
0.128418 0
-0.0184642 0
-0.000952374 0
0.133591 0
0 0
0.20428 0
-0.295244 0
0.0114425 0
-0.00100522 0
-0.00103128 0
-0.0702771 0
0.0975194 0
0.0898698 0
0.0404605 0
-2.3283e-09 0
0.000575193 0
0.0646555 0
0.0738402 0
0.0300646 0
-0.0175119 0
-0.0161185 0
0.0365764 0
-0.00228857 0
0.00752367 0
0 0
0.076047 0
-0.223891 0
0.0142438 0
0.0189829 0
0.153115 0
0.194707 0
-0.0924445 0
0.0485657 0
0.0893306 0
0.131655 0
0.00926874 0
-0.0624014 0
0 0
0.343295 0
0.227322 0
0.0187628 0
0.00973264 0
-0.077454 0
0.186109 0
-0.000518075 0
0.0392016 0
0.156888 0
0 0
0.228964 0
-0.0711359 0
-1.00144e-08 0
0.0466785 0
-0.122751 0
-0.0534244 0
-0.0357977 0
0.140059 0
-0.0903515 0
-0.141848 0
0.0417601 0
0.182528 0
-0.0117014 0
1.26976e-06 0
0.0505139 0
0.00577461 0
0.0162425 0
-0.146558 0
0 0
0.136857 0
-0.072998 0
0.0706343 0
0.0185126 0
-0.0800094 0
0.000552787 0
0.068487 0
0.0510605 0
-0.229239 0
0.0624995 0
0 0
-0.0150427 0
0.122929 0
0.241742 0
-0.140387 0
-0.107286 0
0.135962 0
0.0500388 0
0.0383873 0
0.0929505 0
0.0960752 0
-0.0598938 0
0 0
-0.000313765 0
-0.0650534 0
-0.294558 0
-0.224367 0
-0.12269 0
-0.0659678 0
-0.109508 0
0.13944 0
-0.00107722 0
0.0410266 0
-0.0443948 0
0 0
0.158803 0
0.0132469 0
0.00251618 0
0.0590002 0
1.10595e-09 0
0.00914837 0
0 0
0.187152 0
-0.144218 0
-0.0352977 0
-0.00497557 0
0.125728 0
-0.150597 0
-0.114901 0
0.0410565 0
0.0961085 0
-0.0437197 0
-0.0313783 0
0.105707 0
-0.0551595 0
-0.00617249 0
0.00349233 0
-0.0941241 0
0.249026 0
0.0192497 0
-0.00754791 0
0.00679137 0
0.0629787 0
0.0571572 0
0.0172127 0
0.0272075 0
0.0384568 0
-0.00772749 0
0.00726213 0
0.14568 0
0.0603809 0
0.0690333 0
0.0707236 0
0.0337992 0
0.120168 0
-0.0472507 0
0.153576 0
0.182515 0
-0.0647225 0
-0.00236536 0
0.0205015 0
-0.080035 0
-0.0896673 0
-0.0113996 0
0 0
0.00464908 0
-0.0780275 0
0.0621647 0
0.152888 0
0.0722631 0
-0.00358428 0
-1.27898e-13 0
0.0730984 0
0.0642071 0
0.0396854 0
0.0385741 0
0.0625781 0
-0.151425 0
0.00193834 0
0.257808 0
-0.0539666 0
-0.0183013 0
0.356163 0
0.147448 0
-0.0349481 0
6.01836e-05 0
0.00904882 0
0.165243 0
-0.0650971 0
0.407799 0
-0.22519 0
-0.0229001 0
0.117323 0
0.00720535 0
-0.00284506 0
0.0146362 0
-0.171289 0
-0.1117 0
0.0939274 0
-0.00673204 0
0.0114696 0
0.0579052 0
0.100867 0
0.156607 0
-0.00108633 0
0.00554634 0
0.0754657 0
0.00845957 0
0.0526025 0
-0.00147915 0
0.0280931 0
0.000643811 0
-0.221045 0
-0.0475503 0
0.0712481 0
0.0460182 0
0.291932 0
-0.125631 0
0.159193 0
-0.00179087 0
-0.326367 0
0.0523489 0
-0.0317962 0
0.15336 0
0.0159869 0
0 0
0.00144932 0
-0.247135 0
0.0302975 0
0.0370494 0
7.91579e-09 0
0.00766471 0
0.00721861 0
0.102216 0
-0.258768 0
0.00969415 0
0.0442913 0
-0.175911 0
0.00397186 0
-0.180814 0
0.04619 0
0.125907 0
4.4327e-06 0
-0.0581178 0
-0.0575456 0
0.0779908 0
-0.0845326 0
0.0286595 0
-0.0959179 0
-0.0369933 0
-0.0140652 0
0.0709418 0
-0.0402477 0
-0.0614851 0
-0.0111105 0
0.005982 0
0.14902 0
-4.07752e-10 0
-0.00236319 0
-0.0184315 0
0.00201399 0
0.0691614 0
-1.93963e-05 0
6.98492e-10 0
-0.0306586 0
0.05508 0
0.128845 0
-0.0951014 0
0.00398581 0
-0.035948 0
0.163364 0
-0.00798985 0
0.051543 0
0.117749 0
0.0915128 0
0.0484184 0
-0.00157361 0
0.0215705 0
-0.162973 0
-0.0210788 0
-0.0338682 0
0 0
0.0226373 0
-0.111198 0
0 0
0.0342115 0
0.00690337 0
-0.0928729 0
0.160292 0
-0.352642 0
3.58341e-10 0
0.0671714 0
0.0594257 0
-0.12284 0
0.00715935 0
0.0081325 0
0.0232936 0
0.000146205 0
0.0149986 0
0 0
-0.0081709 0
0.000831809 0
-0.132601 0
0 0
-0.0296861 0
-6.98504e-10 0
0.00165092 0
-0.233926 0
0.0514778 0
0.0793706 0
0.180016 0
0.0348951 0
-0.041989 0
-0.00868479 0
0.251541 0
-0.124201 0
0.0178876 0
-0.00498943 0
0.128763 0
-0.0197042 0
-0.189854 0
-0.0390251 0
0.0671734 0
-0.00876708 0
0.0950007 0
-0.0668274 0
-0.198336 0
0.18758 0
-0.033952 0
-0.0827587 0
0.203592 0
-0.0750682 0
-0.0692112 0
0.00530527 0
-0.0830276 0
0.0460246 0
0.35854 0
0.187104 0
0.106893 0
0.26487 0
0.016336 0
0.0282618 0
0.00182691 0
0.0527424 0
0.194019 0
0.0218287 0
0.109219 0
3.97391e-07 0
-0.165216 0
0 0
-0.141876 0
-0.143982 0
0.0671662 0
-0.016029 0
0 0
0.025276 0
0.319552 0
0.0374805 0
-0.0350405 0
-0.169437 0
-0.0521035 0
0.183405 0
0 0
0.0460977 0
0 0
-0.0959227 0
-0.0895662 0
0.099163 0
0.253438 0
-0.410784 0
-0.0296997 0
0 0
2.5652e-05 0
-0.116328 0
0.000751586 0
-0.240452 0
0 0
0.0810832 0
0 0
0 0
0 0
0.0878152 0
0.00262955 0
0.0361779 0
-0.000131395 0
0.0079942 0
-0.0744522 0
0.0464243 0
0 0
-0.104756 0
0.0379975 0
0.0267054 0
-0.0197837 0
0.0806951 0
-0.187352 0
-6.98492e-10 0
0.0202392 0
0.197392 0
0.0349759 0
0.0805476 0
-0.000520543 0
0.00410134 0
0 0
0.0942889 0
-0.00015959 0
-0.00522433 0
0.0182074 0
0.0560966 0
-0.0133839 0
-0.0895921 0
0 0
0 0
-0.0484331 0
-0.0471647 0
-0.0331043 0
0.04212 0
-0.13536 0
-0.0126003 0
0.145719 0
0.0275385 0
-0.0260079 0
0.108346 0
-0.018961 0
0.0908187 0
-0.115066 0
-0.000535003 0
0.00690295 0
0.104618 0
-0.0234748 0
0.223679 0
-0.000910499 0
-1.42109e-13 0
0.103128 0
0.00140493 0
0.145522 0
0 0
0.159937 0
0.299062 0
0.0192184 0
-0.0526093 0
-0.0132658 0
0.130009 0
-0.0359779 0
0.0562497 0
-0.0145477 0
0.472871 0
0.0481926 0
0.000148075 0
-0.0476351 0
-0.138922 0
-0.0232328 0
0.114596 0
0.171324 0
-0.09147 0
-0.0625469 0
0.126276 0
-0.160558 0
-0.116241 0
-0.0520322 0
0.124999 0
0 0
0 0
0.153765 0
-0.0369122 0
0.00945678 0
0 0
0.0926263 0
0.00296599 0
-0.0792071 0
0.0196318 0
0.0794398 0
0.164253 0
0 0
0.0212363 0
0.155986 0
0 0
0 0
0.0806453 0
0.107341 0
0.0462183 0
-0.136033 0
-0.0155688 0
0.0547985 0
0 0
0.0379616 0
-0.0650107 0
-0.0611873 0
-0.0010306 0
-0.128698 0
0.153543 0
0.0919171 0
0.00354789 0
-0.138139 0
-0.00305694 0
-0.0273087 0
0.350343 0
-0.0642538 0
0.0560116 0
-0.104629 0
-0.0125592 0
0 0
0.0828379 0
0 0
-0.000199682 0
0.153447 0
0.166899 0
-0.135989 0
0 0
-2.51402e-06 0
0.0137193 0
-0.0855123 0
-0.000359442 0
0 0
-0.063765 0
0.00666762 0
0.175425 0
-0.144239 0
-0.0319134 0
0.0565626 0
0.265194 0
0.155488 0
0.245377 0
-0.0340599 0
0.0729753 0
0.0740186 0
0 0
0.00525548 0
-0.000419876 0
-0.223415 0
0.0659134 0
0 0
0 0
-0.28098 0
-0.0966334 0
0.00910689 0
0.0300122 0
0 0
-0.00217052 0
-0.126209 0
-0.256639 0
-0.0126124 0
-0.053008 0
-0.0490619 0
-0.298793 0
0.0747167 0
0 0
-0.00157239 0
-0.0356298 0
0.0528976 0
-0.0125782 0
0.00530069 0
-0.0141753 0
0.0546968 0
0.0461728 0
0.00403399 0
-0.00107017 0
0 0
0 0
-0.0168567 0
-0.0424319 0
0.00453535 0
0.00593899 0
0.298422 0
-0.0692394 0
0.00481801 0
0 0
0.0697106 0
-0.0350678 0
0.15885 0
0.0130367 0
0.0526009 0
0.0460351 0
0.276798 0
0.111117 0
-0.126654 0
0.0279455 0
-0.0296815 0
-0.00661728 0
0.043853 0
-0.0203065 0
-0.084208 0
0 0
-0.00338115 0
0.0306305 0
0.00277791 0
0.0673727 0
-0.0376329 0
0.238676 0
-0.15927 0
0 0
-1.8772e-08 0
0.103775 0
-0.298528 0
0 0
-0.000194619 0
-0.18073 0
-0.11968 0
-0.000887506 0
0.039799 0
0.178693 0
-0.000178184 0
0.0765826 0
-0.212869 0
0.0434407 0
-0.00330792 0
0.0201461 0
-0.143511 0
0.0638164 0
0.234323 0
0.201411 0
0.0660684 0
0.0325007 0
-0.0585593 0
-0.11698 0
0 0
0.190834 0
0.0249749 0
-0.0087521 0
0.0769958 0
0.00785044 0
0 0
0.102247 0
0.0498764 0
-0.00106674 0
-0.148117 0
-0.0945747 0
0 0
-0.117861 0
0.000133525 0
0 0
-2.03727e-10 0
0.158623 0
0.000424397 0
-0.00471513 0
0.219585 0
0.0655776 0
0.0248687 0
-0.0754702 0
-0.00112539 0
-0.0995128 0
-0.0053408 0
-0.00191298 0
0.110908 0
0.167805 0
-0.124835 0
0.220374 0
-0.0498977 0
0.113837 0
0.30732 0
-0.0010907 0
0.128179 0
-0.0080128 0
0.0112572 0
-0.343202 0
0 0
0.00339652 0
0.0195874 0
-0.0817151 0
-0.0395768 0
-0.018281 0
0.171479 0
0.148299 0
0.0834895 0
0 0
0.0979131 0
-0.0317957 0
-0.0356132 0
-0.207186 0
-0.135107 0
0 0
0.000630607 0
0.0121956 0
-0.0123879 0
0.00180239 0
0.0134469 0
0.132978 0
1.13232e-09 0
0.000505145 0
-0.0975323 0
-0.0632759 0
-0.0794175 0
0.095787 0
-0.0359887 0
0.152382 0
-0.0631548 0
-0.0166533 0
-0.1195 0
-0.102541 0
0.0628155 0
0.00922244 0
0 0
-0.0934168 0
-0.000791946 0
-0.0438215 0
-0.15126 0
-0.129697 0
0 0
0.00644267 0
-0.0161908 0
-0.034514 0
-0.01176 0
0 0
-1.43191e-08 0
0 0
0 0
0.130119 0
0.104942 0
-0.115843 0
0.0323836 0
0.0385581 0
0 0
0.0410679 0
0 0
6.54836e-11 0
0.0734766 0
-0.000191524 0
-0.280535 0
-0.0629916 0
0 0
0 0
-0.209361 0
0.0240396 0
0.0494417 0
0.016324 0
0.0088657 0
-0.291801 0
0.060261 0
-0.0462307 0
0.0143153 0
0.0350666 0
-0.000908847 0
0 0
-0.0427915 0
-0.192689 0
0.108098 0
0.000453857 0
-0.0895063 0
0.0822215 0
-0.0217471 0
-0.238162 0
-0.0499406 0
0 0
0 0
0.00237701 0
-0.0495141 0
0.270681 0
-0.0447905 0
0 0
0.00577688 0
-0.0184921 0
0.349956 0
-0.0640483 0
0.00913375 0
0.0138638 0
0.00777723 0
0 0
0.027881 0
-0.0340827 0
-0.0104487 0
-0.0452377 0
-0.447158 0
0.0546067 0
-0.0319862 0
-8.12535e-05 0
0.0820813 0
-0.0919194 0
0.00203833 0
0.0893144 0
0.096452 0
-0.0192388 0
-0.0677155 0
-0.000513371 0
0.1121 0
0.121353 0
0.289135 0
-0.149909 0
0.359959 0
0 0
-0.144016 0
0.0369923 0
-0.0782929 0
0 0
-0.180853 0
0.0204044 0
-0.0435264 0
0.150942 0
0 0
-0.00211856 0
0.210428 0
-0.180455 0
-0.0125866 0
0.0264306 0
0.0335774 0
-0.0178029 0
-6.75209e-09 0
0.0787576 0
-0.18179 0
-0.00969499 0
0.126248 0
0.0771423 0
0 0
-0.00289115 0
0.0618389 0
0.0614905 0
0.00489721 0
-8.05947e-05 0
-0.058586 0
-0.0573058 0
-0.0164663 0
0.00156361 0
0 0
-8.49832e-09 0
-0.0566338 0
-0.0839745 0
-0.0100238 0
0.123982 0
-0.000515826 0
-0.038327 0
0.012164 0
-0.151446 0
-0.0246273 0
0.0102573 0
0.130203 0
-0.00432501 0
0.0826656 0
0.0188308 0
0.150553 0
-0.163215 0
0 0
-0.00101908 0
0.00944233 0
-0.0101199 0
-0.00174843 0
0.00643939 0
-0.0342739 0
0 0
-0.142576 0
0.0423473 0
-0.0661474 0
0.00965934 0
-0.0110904 0
-0.0334971 0
-0.0249541 0
0.149975 0
0.090311 0
0.0411341 0
-1.16415e-09 0
-0.0452612 0
-0.0959683 0
0.0147539 0
-0.034098 0
0.00663695 0
0.119201 0
-0.00198341 0
0.0225664 0
0 0
0.0322038 0
0.0420921 0
0.0499078 0
-0.013358 0
-0.069977 0
-0.180346 0
-0.0356082 0
-0.27655 0
-0.018689 0
0.190898 0
0.0477752 0
-0.30565 0
0 0
-0.0597978 0
0.123057 0
-0.0240553 0
-0.00107898 0
0.00996373 0
0.122131 0
-0.000943893 0
0.0692934 0
0.0499676 0
0 0
-0.175501 0
0.169702 0
0.0663336 0
0.0845332 0
-0.120192 0
0.123904 0
0.01198 0
-0.0830395 0
-0.217941 0
0.0651055 0
-0.0281976 0
0.0441099 0
-0.0595609 0
-0.000142196 0
0.0754414 0
-0.00316422 0
0.00932233 0
0.181687 0
0 0
0.0551684 0
0.0800234 0
-0.0095213 0
-0.00652237 0
-0.0614895 0
0.0126672 0
-0.00613843 0
-0.0219615 0
-0.043645 0
0.027495 0
0 0
0.0596155 0
-0.0521137 0
-0.000255653 0
-0.142926 0
0.0183831 0
0.0545352 0
0.0656013 0
0.047607 0
0.0111586 0
-0.0498014 0
-0.0939127 0
0 0
-0.00148909 0
-0.176538 0
-0.0845081 0
0.0953763 0
0.277577 0
-0.252678 0
-0.133652 0
0.0788705 0
-0.022255 0
-0.00190009 0
-0.0148474 0
0 0
-0.121458 0
-0.058007 0
0.0012545 0
-0.00643941 0
-0.00622577 0
-0.00135156 0
0 0
-0.13648 0
-0.122244 0
0.123394 0
-0.0333263 0
0.039596 0
-0.0545854 0
0.122801 0
0.00124851 0
0.000646722 0
0.104424 0
-0.010472 0
-0.0513204 0
0.171789 0
-1.45519e-10 0
0.00777647 0
0.172933 0
0.0759763 0
0.00837697 0
0.0752474 0
0.192744 0
0.0342638 0
-0.204036 0
0.00845323 0
0.140471 0
-0.0185758 0
-0.0149971 0
0.0306818 0
-0.135269 0
0.0258254 0
0.0517634 0
0.112635 0
-0.039315 0
-0.214477 0
0.00226323 0
-0.121813 0
-0.0836027 0
-0.122798 0
-0.00529088 0
0.0803981 0
0.0240946 0
0.0333287 0
-0.0178197 0
0 0
-1.45519e-11 0
-0.128975 0
-0.0105451 0
-0.0138862 0
-0.018018 0
0.0609253 0
-0.000168624 0
0.00412547 0
-0.160624 0
-0.0159823 0
0.0234307 0
-0.00526378 0
-0.0912205 0
0.00775238 0
-0.0781627 0
-0.0256958 0
-0.0780993 0
0.00186281 0
0.00551554 0
0.0728731 0
-0.000631611 0
0.055203 0
-0.072499 0
0.00655282 0
-0.189762 0
-0.0662627 0
2.91038e-10 0
-0.222179 0
0.0334404 0
-0.0561878 0
-2.41562e-09 0
0.179814 0
0.188043 0
-0.0364035 0
-0.0100925 0
-0.00101424 0
0.0519652 0
0.00980979 0
-0.0549028 0
0.00232534 0
-0.000605135 0
0.21977 0
-0.0718355 0
0.00210178 0
-0.0415374 0
-0.194478 0
0.000959846 0
0.160256 0
0.0323103 0
0.184777 0
-0.0432746 0
0.0137133 0
0.140382 0
-0.0500276 0
0.0133339 0
-0.0444219 0
-2.56114e-09 0
-0.00534116 0
-0.00731729 0
-0.0146773 0
0 0
0.000492558 0
0.0740671 0
0.0303336 0
0.045883 0
0.0899074 0
-0.0242801 0
0.032925 0
-0.0806124 0
-0.000582758 0
-0.013847 0
0.057578 0
-0.044785 0
-0.013638 0
-0.0186661 0
0.234771 0
0.0915408 0
-6.15034e-05 0
-0.0465672 0
-0.0582572 0
0.0828216 0
0.0687838 0
0.197344 0
0.0120539 0
-0.0260842 0
0.0116497 0
-0.00463849 0
-0.0611474 0
0.29442 0
0.0308766 0
0.0250894 0
-0.067531 0
-0.00160801 0
0.000720131 0
0.0455048 0
-0.00677414 0
-0.0494071 0
-0.00687344 0
-1.62981e-09 0
-0.0880215 0
-0.0553794 0
-0.00670574 0
0.161308 0
0.0143398 0
0.0153126 0
-0.0512704 0
-0.0279926 0
0.019592 0
-0.00780329 0
0.00307933 0
0.0025766 0
-0.00744996 0
-0.00633522 0
0.264724 0
0.0273736 0
-0.0206925 0
0 0
0.0368326 0
-0.0272738 0
0 0
0.185649 0
0.031172 0
0.0364134 0
-0.0376781 0
0.0287601 0
-0.00586441 0
-0.263911 0
-0.0328595 0
-0.0065027 0
0.042285 0
-0.0725453 0
0.159588 0
-1.09139e-11 0
0.0605416 0
0 0
-0.00860498 0
0.162486 0
0.121525 0
0 0
-0.0242862 0
-0.0153611 0
-3.32079e-10 0
0.0117446 0
0.133842 0
-0.282331 0
0.102081 0
0.0245241 0
0.0298152 0
-0.0200004 0
-0.00259488 0
0.0303294 0
0.0123477 0
-0.0411664 0
0.0423471 0
-0.0833833 0
0.0924671 0
0.00592111 0
-0.0129694 0
-0.216073 0
-0.0815155 0
-0.0227747 0
0.0772549 0
-0.176251 0
-0.0432155 0
-0.10616 0
0.0935894 0
0.0391393 0
0.0510399 0
-0.0240862 0
0.0267717 0
-0.064031 0
0.0401958 0
-0.0672182 0
-0.069582 0
-0.0948551 0
0.0326434 0
0.0379122 0
-0.0074874 0
-0.0167016 0
0.0407968 0
0.0600857 0
-0.0994116 0
-0.00322032 0
0.0639111 0
0 0
0.00529448 0
0.0914846 0
0.117062 0
0.069496 0
0 0
0.0694135 0
0.119605 0
-0.00627545 0
0.184224 0
-0.0781566 0
-0.000352665 0
0.066291 0
0 0
-0.0685059 0
0 0
0.122218 0
-0.246291 0
0.115007 0
-0.165728 0
-0.238248 0
-0.0299623 0
0 0
-0.262041 0
0.0797394 0
0.000891546 0
-0.146639 0
0 0
-0.0687044 0
0 0
0 0
0 0
0.105033 0
0.0803827 0
0.0896916 0
-6.68176e-05 0
0.000960278 0
-0.0174098 0
0.0132602 0
0 0
0.0995053 0
0.0628003 0
0.00279993 0
-0.0217773 0
-0.0526886 0
0.0771242 0
0.00139474 0
-0.0699769 0
-0.00958959 0
-0.0174448 0
0.142718 0
-0.000996478 0
0.115288 0
0 0
-0.0169292 0
-6.66878e-05 0
-0.107531 0
0.00930855 0
0.0340674 0
-0.0527506 0
0.0559517 0
0 0
0 0
0.0504358 0
-0.0339417 0
0.0971648 0
0.0120594 0
-0.0109111 0
-0.0522346 0
-0.041447 0
0.00625604 0
-0.0265691 0
-0.0633603 0
0.00186646 0
-2.24099e-09 0
0.0355397 0
5.13542e-05 0
0.00446092 0
0.123774 0
-0.121223 0
0.0379735 0
-0.0134891 0
-0.000357401 0
-0.12226 0
0.000301612 0
-0.086898 0
0 0
-0.0987289 0
-0.0181473 0
-0.15534 0
0.0451575 0
0.00319746 0
0.00740513 0
-0.10107 0
0.0768611 0
-0.00162797 0
0.0624054 0
0.00352139 0
0.00019825 0
-0.0826946 0
0.00577209 0
-0.0711074 0
-0.0853887 0
0.0685646 0
-0.0376861 0
0.0508114 0
-0.0686763 0
0.0250593 0
0.193539 0
-0.0700121 0
0.0699782 0
0 0
0 0
-0.0362542 0
-0.0156779 0
-0.045586 0
0 0
0.112589 0
-7.79393e-10 0
-0.183771 0
0.000806615 0
-0.0453599 0
-0.089147 0
0 0
0.219468 0
0.000437253 0
0 0
0 0
0.00542842 0
-0.013254 0
0.0428472 0
0.116254 0
-0.0106056 0
0.022982 0
0 0
0.0587657 0
0.288267 0
0.11986 0
-0.00735003 0
-0.0432 0
0.100542 0
-0.0313055 0
0.0244482 0
0.0060338 0
0.00476705 0
0.018762 0
0.0502787 0
0.00333621 0
-0.0112799 0
0.177851 0
0.0134803 0
0 0
0.20255 0
0 0
-0.000242494 0
-0.0343598 0
0.115966 0
-0.00476333 0
0 0
-0.000176109 0
-0.00379522 0
0.0178157 0
-0.00238196 0
0 0
0.0528952 0
-0.0217243 0
-0.070589 0
0.0192146 0
-0.0938761 0
-1.39698e-08 0
0.0660994 0
-0.194433 0
-0.119275 0
0.117194 0
0.0161394 0
-0.273763 0
0 0
-0.0575553 0
-0.000497688 0
-0.0314295 0
-0.245949 0
0 0
0 0
0.125177 0
-0.124372 0
0.0110913 0
-0.13063 0
0 0
0.011245 0
-0.0302601 0
0.00220626 0
-0.00644789 0
-0.127024 0
-0.10059 0
-0.064997 0
-3.95812e-09 0
0 0
-0.00322814 0
-0.0253036 0
-0.0335395 0
-0.0011372 0
-0.0333316 0
0.154379 0
0.103823 0
-0.0237964 0
0.0295451 0
0.00131892 0
0 0
0 0
0.0976387 0
0.115627 0
0.0334839 0
0.0187393 0
0.119149 0
-0.0470599 0
0.0126077 0
0 0
-0.0994636 0
0.0919829 0
0.022823 0
-0.0977559 0
0.0166141 0
0.0951236 0
0.0686314 0
0.0417929 0
-0.184885 0
-0.167749 0
0.00856812 0
-0.0779021 0
-0.344671 0
0.108517 0
0.0401335 0
0 0
-0.0411348 0
0.0467831 0
-0.00327223 0
0.117452 0
-0.0979833 0
-0.00800995 0
0.034958 0
0 0
0.0740739 0
0.0899533 0
-0.0756217 0
0 0
5.10302e-06 0
-0.108443 0
0.0885507 0
-0.000986258 0
0.0796901 0
-0.0935475 0
-0.000775569 0
0.0823283 0
0.0727628 0
-0.00993808 0
-0.00813694 0
-0.18773 0
-0.126768 0
0.0686699 0
-0.147748 0
0.158717 0
0.0336785 0
-0.0255982 0
-0.103011 0
0.028805 0
0 0
-0.0607769 0
-0.0313389 0
-0.0926099 0
0.16755 0
-0.030426 0
0 0
0.163107 0
-0.116279 0
0.00194376 0
0.0367518 0
-0.0976798 0
0 0
-0.0206153 0
0.000517835 0
0 0
-0.00247221 0
0.017896 0
-0.0691266 0
-9.52669e-05 0
-0.171163 0
0.0169352 0
0.0667645 0
-0.361769 0
-0.00101338 0
0.127934 0
-0.0926305 0
-0.00363406 0
-0.0183872 0
-0.183278 0
-0.0304312 0
-0.0847265 0
0.0214694 0
0.191207 0
-0.186132 0
0.00557739 0
0.0431333 0
-0.00644177 0
-0.138191 0
0.0993443 0
0 0
0.00524503 0
0.0298096 0
0.0551202 0
0.00430777 0
0.204254 0
0.104325 0
-0.134519 0
-7.91624e-09 0
0 0
-0.0594804 0
-0.00852783 0
-0.046371 0
0.180154 0
-0.125259 0
0 0
0.000623395 0
0.021067 0
-0.0114377 0
0.00106134 0
-0.0341383 0
0.130709 0
0.00514186 0
0.00057053 0
-0.166035 0
-0.109164 0
0.00456796 0
0.179192 0
-0.255746 0
0.0972959 0
0.092164 0
0.0401239 0
-0.022716 0
-0.121598 0
-0.0898198 0
-0.0148087 0
0 0
0.082475 0
0.00980944 0
-0.150372 0
0.0861309 0
0.0406841 0
0 0
-0.0101555 0
-0.112387 0
-0.171493 0
0.0155607 0
0 0
0.0642797 0
0 0
0 0
-0.14533 0
-0.128071 0
-0.00842686 0
0.203769 0
0.0297899 0
0 0
-0.00499904 0
0 0
-0.00125729 0
-0.16772 0
-0.00035329 0
-0.0497414 0
-0.0756313 0
0 0
0 0
0.189136 0
0.0359363 0
0.0379092 0
-0.00428793 0
-0.0446575 0
-0.0355536 0
-0.239002 0
0.138778 0
0.105492 0
0.110929 0
-0.000381961 0
0 0
0.0442933 0
0.0492982 0
0.0264001 0
-0.000531509 0
0.0933901 0
0.012806 0
0.00424677 0
-0.0943754 0
0.136863 0
0 0
0 0
0.133449 0
0.0275513 0
0.109655 0
-0.165803 0
0 0
-0.0500115 0
-0.00534519 0
-0.00683505 0
-0.0758285 0
0.0257469 0
-0.00547233 0
-0.0540858 0
0 0
0.0518697 0
-0.0362105 0
0.0201628 0
-0.132319 0
-0.0530819 0
0.231306 0
-0.0119057 0
0.000996757 0
0.08664 0
0.175689 0
-0.00185409 0
-0.130007 0
-0.0426165 0
0.0214448 0
-0.0354068 0
0.00299641 0
0.149262 0
-0.0625458 0
0.0643684 0
0.029291 0
-0.105074 0
0 0
-0.0470189 0
0.0662206 0
-0.0667964 0
0 0
-0.149902 0
-0.0370868 0
-0.128998 0
-0.0621365 0
0 0
-0.00917917 0
-0.100302 0
0.0422891 0
0.040286 0
0.0402763 0
0.0169085 0
0.0181486 0
