1.20705 0.118586 0.556797
-1.29197 1.17321 -0.324031
0.0478952 0.054776 0.240385
-0.681091 1.12501 -0.0534428
-1.24616 -0.809872 -0.473416
1.37847 0.52906 -0.24035
-1.68597 -0.580641 0.625892
1.47232 0.502592 -0.725596
-0.674479 0.198102 0.00724297
0.839618 -0.299204 -0.516483
-0.156164 -0.881799 0.25992
1.5293 -0.803723 -0.599069
1.58103 2.23895 -0.0179427
-0.830032 0.67777 0.517329
0.402698 0.126478 -0.240804
-0.460286 0.118757 -0.452221
1.79101 -0.814797 0.0431856
-0.759854 0.25742 -0.311557
-1.96944 -1.31167 -0.206814
3.19465 0.569492 0.128785
-0.604373 -0.377212 -0.284272
0.859293 0.499815 -0.854272
-0.916294 -0.695393 0.557427
0.437387 1.03809 0.291348
-0.46292 -0.722077 0.0659407
-0.216543 -0.639115 0.31398
-0.353435 1.2604 0.224652
0.136953 0.112926 -0.720347
-0.635457 0.250598 0.912964
0.320371 -0.211501 -0.352984
-0.0371474 0.413558 0.526087
-0.506011 0.641794 -0.284434
-0.380132 0.222032 0.145867
0.519817 0.109769 -0.216722
-0.404176 -0.228079 -0.194161
1.04044 -0.498402 0.0103179
-0.0816757 -1.20912 0.232817
-0.788911 -0.122528 0.0930793
-0.74401 0.0949881 0.622792
0.399766 1.09473 0.188875
-1.05065 -0.247393 -0.325045
2.17063 0.681796 0.569958
-0.845736 -0.0941689 -0.482141
-0.345534 0.0554288 0.128108
-0.262808 -0.977312 -0.0670966
0.511197 0.263959 -0.242853
0.497434 0.0196409 0.798797
-0.013997 0.28771 -0.473091
0.200725 -1.32078 0.790022
-0.399476 -0.756632 -0.260847
-0.408047 -0.213716 -0.370659
0.194601 -1.08854 0.0361736
0.17525 -0.173581 0.596533
-0.253703 1.79493 -0.282024
-0.458803 -0.764426 0.150622
-0.623437 -0.362895 -0.13255
-1.18449 -0.667969 -0.421666
1.16062 -0.707452 0.466405
0.918697 -0.226299 0.740067
-1.25401 1.27393 -0.715477
