7.9373e-11 1.32878e-10 1.89284e-10 9700.43 9700.43 9700.43 
0.441181 0.441183 0.873976 9700.09 9700.15 9700.15 
1.76444 1.76445 3.49548 9699.05 9699.31 9699.31 
3.96895 3.96897 7.86331 9697.31 9697.9 9697.9 
7.05326 7.0533 13.9753 9694.88 9695.93 9695.93 
11.0154 11.0155 21.8285 9691.75 9693.4 9693.4 
15.8529 15.8529 31.4193 9687.93 9690.31 9690.31 
21.5625 21.5626 42.7429 9683.41 9686.66 9686.66 
28.1407 28.1408 55.7941 9678.19 9682.46 9682.46 
35.5833 35.5835 70.5669 9672.26 9677.7 9677.7 
43.8848 43.885 87.0527 9665.64 9672.38 9672.38 
53.0411 53.0414 105.246 9658.31 9666.52 9666.52 
63.0448 63.0451 125.136 9650.27 9660.11 9660.11 
73.8909 73.8913 146.716 9641.52 9653.15 9653.15 
85.5707 85.5712 169.971 9632.06 9645.65 9645.65 
98.0785 98.079 194.895 9621.89 9637.61 9637.61 
111.404 111.404 221.472 9611 9629.04 9629.04 
125.54 125.541 249.694 9599.38 9619.93 9619.93 
140.476 140.477 279.542 9587.04 9610.3 9610.3 
156.204 156.205 311.008 9573.97 9600.15 9600.15 
172.711 172.711 344.071 9560.18 9589.48 9589.48 
189.988 189.989 378.721 9545.64 9578.29 9578.29 
208.021 208.022 414.937 9530.37 9566.61 9566.61 
226.801 226.802 452.706 9514.35 9554.42 9554.42 
246.314 246.315 492.009 9497.58 9541.73 9541.73 
266.545 266.546 532.823 9480.06 9528.56 9528.56 
287.482 287.484 575.137 9461.78 9514.9 9514.91 
309.109 309.11 618.923 9442.75 9500.78 9500.78 
331.413 331.415 664.169 9422.95 9486.18 9486.18 
354.375 354.377 710.846 9402.38 9471.13 9471.13 
377.984 377.986 758.939 9381.03 9455.62 9455.63 
402.217 402.219 808.42 9358.9 9439.68 9439.68 
427.063 427.065 859.273 9335.99 9423.3 9423.3 
452.498 452.5 911.466 9312.29 9406.5 9406.5 
478.508 478.511 964.985 9287.79 9389.28 9389.28 
505.071 505.073 1019.8 9262.5 9371.66 9371.66 
532.17 532.172 1075.88 9236.41 9353.65 9353.65 
559.781 559.783 1133.21 9209.5 9335.26 9335.26 
587.887 587.89 1191.76 9181.78 9316.49 9316.49 
616.463 616.466 1251.51 9153.25 9297.37 9297.37 
645.491 645.494 1312.42 9123.89 9277.91 9277.91 
674.943 674.946 1374.47 9093.71 9258.11 9258.11 
704.801 704.804 1437.63 9062.69 9237.99 9237.99 
735.037 735.04 1501.88 9030.84 9217.57 9217.57 
765.63 765.633 1567.18 8998.15 9196.86 9196.86 
796.55 796.554 1633.51 8964.61 9175.87 9175.88 
827.778 827.782 1700.84 8930.23 9154.63 9154.63 
859.281 859.284 1769.13 8895 9133.14 9133.15 
891.037 891.041 1838.37 8858.91 9111.43 9111.43 
923.017 923.021 1908.52 8821.96 9089.51 9089.51 
955.19 955.194 1979.54 8784.15 9067.4 9067.4 
987.532 987.536 2051.41 8745.47 9045.11 9045.12 
1020.01 1020.01 2124.09 8705.93 9022.68 9022.68 
1052.59 1052.6 2197.57 8665.52 9000.11 9000.12 
1085.25 1085.26 2271.8 8624.23 8977.43 8977.44 
1117.96 1117.97 2346.76 8582.07 8954.66 8954.67 
1150.68 1150.69 2422.4 8539.04 8931.82 8931.83 
1183.38 1183.39 2498.71 8495.12 8908.94 8908.94 
1216.03 1216.04 2575.65 8450.33 8886.03 8886.03 
1248.6 1248.6 2653.19 8404.66 8863.12 8863.12 
1281.04 1281.05 2731.3 8358.1 8840.23 8840.24 
1313.34 1313.34 2809.94 8310.67 8817.4 8817.4 
1345.44 1345.44 2889.09 8262.36 8794.64 8794.64 
1377.32 1377.32 2968.71 8213.16 8771.98 8771.98 
1408.93 1408.94 3048.77 8163.09 8749.45 8749.45 
1440.26 1440.26 3129.24 8112.14 8727.07 8727.07 
1471.24 1471.25 3210.09 8060.31 8704.87 8704.88 
1501.86 1501.86 3291.29 8007.61 8682.89 8682.9 
1532.07 1532.07 3372.8 7954.04 8661.15 8661.15 
1561.83 1561.83 3454.6 7899.59 8639.68 8639.68 
1591.1 1591.11 3536.65 7844.29 8618.5 8618.51 
1619.86 1619.86 3618.92 7788.12 8597.66 8597.66 
1648.05 1648.06 3701.39 7731.09 8577.17 8577.18 
1675.65 1675.65 3784.02 7673.22 8557.08 8557.09 
1702.6 1702.61 3866.78 7614.49 8537.41 8537.41 
1728.88 1728.88 3949.64 7554.93 8518.19 8518.19 
1754.45 1754.45 4032.58 7494.53 8499.45 8499.46 
1779.26 1779.26 4115.56 7433.3 8481.23 8481.23 
1803.28 1803.29 4198.55 7371.25 8463.55 8463.56 
1826.48 1826.48 4281.52 7308.39 8446.45 8446.45 
1848.81 1848.82 4364.46 7244.72 8429.95 8429.96 
1870.25 1870.25 4447.32 7180.25 8414.09 8414.1 
1890.75 1890.75 4530.09 7115 8398.9 8398.9 
1910.28 1910.28 4612.72 7048.97 8384.4 8384.4 
1928.81 1928.82 4695.21 6982.17 8370.62 8370.62 
1946.31 1946.31 4777.51 6914.62 8357.59 8357.59 
1962.75 1962.75 4859.61 6846.31 8345.33 8345.33 
1978.1 1978.1 4941.48 6777.28 8333.87 8333.87 
1992.32 1992.32 5023.09 6707.52 8323.24 8323.24 
2005.4 2005.4 5104.41 6637.06 8313.45 8313.45 
2017.31 2017.31 5185.43 6565.9 8304.53 8304.53 
2028.03 2028.03 5266.11 6494.07 8296.49 8296.49 
2037.54 2037.54 5346.44 6421.57 8289.36 8289.36 
2045.81 2045.81 5426.39 6348.42 8283.14 8283.14 
2052.84 2052.84 5505.88 6274.7 8277.86 8277.86 
2058.61 2058.61 5585 6200.3 8273.52 8273.52 
2063.11 2063.11 5663.68 6125.3 8270.14 8270.14 
2066.33 2066.33 5741.9 6049.72 8267.71 8267.71 
2068.27 2068.27 5819.63 5973.57 8266.26 8266.26 
2068.91 2068.91 5896.85 5896.88 8265.77 8265.77 
2068.91 2068.91 5896.85 5896.88 8265.77 8265.77 
2068.88 2069.04 5896.67 5896.79 8265.79 8265.92 
2068.77 2069.42 5896.09 5896.58 8265.85 8266.38 
2068.6 2070.04 5895.12 5896.23 8265.96 8267.14 
2068.36 2070.92 5893.77 5895.74 8266.1 8268.2 
2068.05 2072.05 5892.04 5895.11 8266.29 8269.55 
2067.67 2073.44 5889.92 5894.34 8266.51 8271.21 
2067.22 2075.07 5887.42 5893.44 8266.78 8273.16 
2066.7 2076.95 5884.55 5892.39 8267.09 8275.41 
2066.12 2079.08 5881.3 5891.21 8267.44 8277.95 
2065.46 2081.46 5877.68 5889.88 8267.83 8280.77 
2064.74 2084.08 5873.7 5888.42 8268.26 8283.88 
2063.95 2086.96 5869.35 5886.83 8268.74 8287.26 
2063.08 2090.08 5864.64 5885.09 8269.25 8290.92 
2062.15 2093.44 5859.58 5883.23 8269.81 8294.85 
2061.15 2097.05 5854.18 5881.22 8270.4 8299.05 
2060.09 2100.9 5848.42 5879.09 8271.04 8303.5 
2058.95 2105 5842.33 5876.82 8271.72 8308.21 
2057.75 2109.33 5835.91 5874.42 8272.44 8313.16 
2056.48 2113.91 5829.16 5871.89 8273.2 8318.36 
2055.14 2118.72 5822.09 5869.22 8274 8323.8 
2053.73 2123.77 5814.7 5866.43 8274.84 8329.46 
2052.25 2129.05 5807.01 5863.52 8275.72 8335.35 
2050.71 2134.57 5799.02 5860.47 8276.65 8341.45 
2049.09 2140.32 5790.73 5857.3 8277.61 8347.76 
2047.42 2146.3 5782.15 5854.01 8278.62 8354.28 
2045.67 2152.5 5773.29 5850.6 8279.66 8361 
2043.85 2158.94 5764.15 5847.07 8280.75 8367.9 
2041.97 2165.59 5754.75 5843.41 8281.87 8374.99 
2040.02 2172.47 5745.09 5839.64 8283.04 8382.25 
2038.01 2179.57 5735.17 5835.76 8284.25 8389.68 
2035.93 2186.88 5725 5831.76 8285.5 8397.27 
2033.78 2194.41 5714.6 5827.65 8286.78 8405.01 
2031.56 2202.15 5703.96 5823.43 8288.11 8412.9 
2029.28 2210.1 5693.09 5819.1 8289.48 8420.94 
2026.93 2218.26 5682.01 5814.67 8290.89 8429.1 
2024.52 2226.62 5670.71 5810.14 8292.34 8437.4 
2022.04 2235.18 5659.2 5805.5 8293.83 8445.81 
2019.49 2243.94 5647.5 5800.77 8295.35 8454.33 
2016.88 2252.89 5635.6 5795.94 8296.92 8462.97 
2014.21 2262.04 5623.51 5791.01 8298.53 8471.7 
2011.47 2271.37 5611.24 5786 8300.18 8480.53 
2008.66 2280.89 5598.8 5780.9 8301.87 8489.44 
2005.79 2290.59 5586.19 5775.71 8303.59 8498.43 
2002.86 2300.46 5573.41 5770.45 8305.36 8507.5 
1999.86 2310.51 5560.48 5765.1 8307.17 8516.63 
1996.79 2320.73 5547.41 5759.68 8309.01 8525.83 
1993.67 2331.11 5534.18 5754.19 8310.9 8535.08 
1990.48 2341.66 5520.81 5748.63 8312.82 8544.39 
1987.22 2352.36 5507.31 5743 8314.78 8553.74 
1983.91 2363.21 5493.68 5737.32 8316.79 8563.12 
1980.53 2374.21 5479.93 5731.57 8318.83 8572.55 
1977.09 2385.36 5466.06 5725.78 8320.91 8582 
1973.58 2396.64 5452.08 5719.93 8323.02 8591.47 
1970.01 2408.05 5437.98 5714.04 8325.18 8600.97 
1966.39 2419.59 5423.79 5708.11 8327.37 8610.47 
1962.7 2431.25 5409.49 5702.14 8329.61 8619.98 
1958.95 2443.04 5395.1 5696.14 8331.88 8629.5 
1955.13 2454.93 5380.62 5690.11 8334.19 8639.02 
1951.26 2466.92 5366.05 5684.06 8336.54 8648.53 
1947.33 2479.02 5351.41 5678 8338.92 8658.03 
1943.33 2491.21 5336.68 5671.92 8341.35 8667.52 
1939.28 2503.48 5321.88 5665.84 8343.81 8676.99 
1935.17 2515.83 5307.01 5659.76 8346.31 8686.44 
1931 2528.26 5292.07 5653.68 8348.84 8695.86 
1926.77 2540.76 5277.07 5647.62 8351.42 8705.25 
1922.48 2553.31 5262.02 5641.57 8354.03 8714.61 
1918.13 2565.91 5246.9 5635.55 8356.68 8723.93 
1913.72 2578.56 5231.73 5629.55 8359.36 8733.21 
1909.26 2591.25 5216.52 5623.6 8362.09 8742.45 
1904.74 2603.96 5201.25 5617.69 8364.84 8751.64 
1900.16 2616.69 5185.95 5611.83 8367.64 8760.77 
1895.52 2629.44 5170.6 5606.03 8370.47 8769.85 
1890.83 2642.19 5155.22 5600.29 8373.34 8778.88 
1886.08 2654.93 5139.8 5594.63 8376.24 8787.85 
1881.28 2667.66 5124.35 5589.05 8379.19 8796.75 
1876.42 2680.37 5108.87 5583.56 8382.16 8805.59 
1871.51 2693.04 5093.36 5578.17 8385.17 8814.36 
1866.54 2705.67 5077.82 5572.88 8388.22 8823.06 
1861.52 2718.25 5062.27 5567.71 8391.31 8831.69 
1856.44 2730.76 5046.69 5562.67 8394.42 8840.24 
1851.31 2743.2 5031.1 5557.76 8397.58 8848.71 
1846.13 2755.56 5015.48 5552.99 8400.77 8857.11 
1840.89 2767.83 4999.86 5548.37 8403.99 8865.42 
1835.6 2779.99 4984.22 5543.92 8407.25 8873.65 
1830.26 2792.03 4968.56 5539.64 8410.54 8881.79 
1824.87 2803.95 4952.9 5535.54 8413.87 8889.85 
1819.42 2815.73 4937.24 5531.63 8417.23 8897.81 
1813.93 2827.36 4921.57 5527.93 8420.63 8905.69 
1808.38 2838.83 4905.89 5524.43 8424.06 8913.47 
1802.79 2850.12 4890.2 5521.17 8427.52 8921.15 
1797.14 2861.23 4874.52 5518.13 8431.02 8928.75 
1791.45 2872.15 4858.83 5515.34 8434.55 8936.24 
1785.7 2882.85 4843.15 5512.81 8438.11 8943.63 
1779.91 2893.33 4827.46 5510.55 8441.71 8950.93 
1774.07 2903.58 4811.78 5508.56 8445.34 8958.12 
1768.18 2913.59 4796.1 5506.86 8449 8965.22 
1762.25 2923.33 4780.43 5505.47 8452.69 8972.2 
1756.26 2932.8 4764.76 5504.38 8456.42 8979.09 
1750.24 2942 4749.1 5503.62 8460.18 8985.87 
1750.23 2942 4749.1 5503.62 8460.18 8985.87 
1731.87 2967.77 4702.15 5503.36 8471.65 9005.57 
1713.11 2990.6 4655.28 5506.36 8483.4 9024.29 
1693.96 3010.18 4608.5 5512.89 8495.42 9042.03 
1674.42 3026.26 4561.81 5523.16 8507.72 9058.78 
1654.52 3038.62 4515.22 5537.38 8520.29 9074.53 
1634.27 3047.08 4468.73 5555.67 8533.11 9089.28 
1613.67 3051.52 4422.32 5578.14 8546.19 9103.03 
1592.75 3051.86 4376 5604.83 8559.51 9115.81 
1571.52 3048.08 4329.75 5635.72 8573.07 9127.61 
1549.97 3040.22 4283.56 5670.74 8586.87 9138.47 
1528.14 3028.35 4237.39 5709.8 8600.9 9148.39 
1506.04 3012.6 4191.25 5752.72 8615.15 9157.42 
1483.68 2993.13 4145.1 5799.33 8629.61 9165.57 
1461.06 2970.11 4098.91 5849.41 8644.28 9172.87 
1438.22 2943.75 4052.67 5902.73 8659.14 9179.38 
1415.15 2914.26 4006.32 5959.05 8674.2 9185.11 
1391.88 2881.86 3959.86 6018.11 8689.45 9190.12 
1368.41 2846.77 3913.23 6079.69 8704.87 9194.45 
1344.77 2809.21 3866.41 6143.52 8720.46 9198.14 
1320.96 2769.38 3819.36 6209.37 8736.21 9201.25 
1297 2727.5 3772.05 6277.01 8752.11 9203.82 
1272.91 2683.75 3724.43 6346.23 8768.16 9205.91 
1248.7 2638.33 3676.48 6416.8 8784.34 9207.56 
1224.38 2591.4 3628.16 6488.54 8800.66 9208.84 
1199.97 2543.14 3579.42 6561.26 8817.09 9209.79 
1175.48 2493.69 3530.24 6634.78 8833.63 9210.47 
1150.92 2443.2 3480.58 6708.94 8850.27 9210.93 
1126.32 2391.81 3430.42 6783.57 8867 9211.24 
1101.69 2339.63 3379.7 6858.56 8883.81 9211.44 
1077.03 2286.8 3328.42 6933.74 8900.7 9211.59 
1052.36 2233.43 3276.55 7008.99 8917.66 9211.73 
1027.71 2179.62 3224.06 7084.2 8934.66 9211.93 
1003.07 2125.46 3170.92 7159.25 8951.72 9212.22 
978.472 2071.06 3117.14 7234.04 8968.81 9212.66 
953.921 2016.5 3062.68 7308.46 8985.92 9213.28 
929.433 1961.85 3007.54 7382.44 9003.05 9214.14 
905.024 1907.22 2951.72 7455.86 9020.19 9215.27 
880.704 1852.64 2895.2 7528.67 9037.32 9216.7 
856.487 1798.22 2837.99 7600.79 9054.44 9218.48 
832.391 1744 2780.11 7672.12 9071.54 9220.63 
808.423 1690.05 2721.55 7742.63 9088.6 9223.18 
784.601 1636.44 2662.34 7812.23 9105.61 9226.15 
760.934 1583.21 2602.48 7880.89 9122.58 9229.56 
737.436 1530.41 2542 7948.54 9139.48 9233.44 
714.123 1478.1 2480.94 8015.12 9156.3 9237.79 
691.003 1426.32 2419.32 8080.61 9173.05 9242.62 
668.09 1375.13 2357.17 8144.95 9189.69 9247.94 
645.399 1324.55 2294.55 8208.11 9206.23 9253.76 
622.938 1274.64 2231.48 8270.05 9222.66 9260.07 
600.72 1225.41 2168.02 8330.74 9238.96 9266.87 
578.759 1176.93 2104.22 8390.15 9255.12 9274.16 
557.063 1129.21 2040.14 8448.26 9271.14 9281.92 
535.645 1082.28 1975.82 8505.05 9287.01 9290.14 
514.518 1036.18 1911.35 8560.48 9298.82 9302.71 
493.689 990.924 1846.77 8614.55 9307.92 9318.23 
473.173 946.551 1782.15 8667.24 9317.44 9333.57 
452.976 903.073 1717.57 8718.55 9327.35 9348.71 
433.11 860.515 1653.08 8768.46 9337.63 9363.65 
413.588 818.902 1588.78 8816.96 9348.25 9378.37 
394.416 778.242 1524.73 8864.06 9359.18 9392.87 
375.605 738.556 1461 8909.74 9370.4 9407.14 
357.166 699.863 1397.68 8954 9381.87 9421.16 
339.105 662.168 1334.84 8996.86 9393.57 9434.93 
321.433 625.487 1272.56 9038.31 9405.47 9448.44 
304.161 589.834 1210.93 9078.35 9417.52 9461.68 
287.292 555.21 1150.01 9116.99 9429.7 9474.64 
270.84 521.63 1089.9 9154.25 9441.98 9487.31 
254.808 489.095 1030.66 9190.13 9454.31 9499.69 
239.207 457.612 972.382 9224.65 9466.67 9511.77 
224.045 427.189 915.147 9257.8 9479.02 9523.53 
209.326 397.824 859.02 9289.62 9491.32 9534.97 
195.059 369.521 804.086 9320.11 9503.55 9546.09 
181.254 342.285 750.425 9349.28 9515.66 9556.86 
167.912 316.111 698.099 9377.15 9527.63 9567.3 
155.042 291 647.189 9403.75 9539.43 9577.39 
142.652 266.956 597.769 9429.08 9551.01 9587.12 
130.744 243.971 549.9 9453.17 9562.35 9596.48 
119.327 222.045 503.653 9476.02 9573.42 9605.48 
108.405 201.178 459.099 9497.66 9584.18 9614.1 
97.9825 181.363 416.29 9518.12 9594.62 9622.34 
88.0661 162.601 375.298 9537.39 9604.69 9630.19 
78.6583 144.883 336.172 9555.51 9614.38 9637.65 
69.7647 128.207 298.972 9572.48 9623.66 9644.72 
61.3902 112.572 263.755 9588.33 9632.51 9651.37 
53.5369 97.9697 230.563 9603.07 9640.89 9657.62 
46.2094 84.3973 199.448 9616.72 9648.79 9663.46 
39.4118 71.8521 170.459 9629.3 9656.2 9668.89 
33.1458 60.3271 143.629 9640.81 9663.08 9673.89 
27.4152 49.8202 119.002 9651.27 9669.42 9678.47 
22.2225 40.3269 96.6125 9660.69 9675.22 9682.62 
17.5699 31.8434 76.492 9669.09 9680.44 9686.35 
13.4596 24.3667 58.67 9676.48 9685.07 9689.64 
9.8936 17.8933 43.1719 9682.86 9689.12 9692.5 
6.87344 12.4208 30.0202 9688.24 9692.56 9694.92 
4.40052 7.94662 19.2338 9692.64 9695.38 9696.9 
2.47594 4.46877 10.8281 9696.05 9697.59 9698.45 
1.10063 1.98575 4.81538 9698.49 9699.17 9699.55 
0.275189 0.496378 1.20428 9699.95 9700.12 9700.21 
7.9373e-11 1.32878e-10 1.89284e-10 9700.43 9700.43 9700.43 
7.9373e-11 1.32878e-10 1.89284e-10 9700.43 9700.43 9700.43 
0.232597 0.232597 0.852061 9700.09 9700.27 9700.27 
0.930201 0.930201 3.40782 9699.05 9699.76 9699.76 
2.09227 2.09227 7.66608 9697.33 9698.92 9698.92 
3.71785 3.71785 13.6246 9694.91 9697.74 9697.74 
5.80571 5.80571 21.2808 9691.79 9696.23 9696.23 
8.35416 8.35416 30.6308 9687.99 9694.38 9694.38 
11.3611 11.3611 41.6698 9683.49 9692.2 9692.2 
14.8243 14.8243 54.3928 9678.3 9689.69 9689.69 
18.7408 18.7408 68.7933 9672.4 9686.85 9686.85 
23.1077 23.1077 84.8648 9665.81 9683.68 9683.68 
27.9213 27.9213 102.599 9658.52 9680.18 9680.18 
33.1778 33.1778 121.988 9650.53 9676.37 9676.37 
38.8731 38.8731 143.021 9641.83 9672.23 9672.23 
45.0025 45.0025 165.689 9632.43 9667.78 9667.78 
51.5611 51.5611 189.981 9622.32 9663.01 9663.01 
58.5437 58.5437 215.885 9611.5 9657.93 9657.93 
65.9443 65.9443 243.388 9599.96 9652.55 9652.55 
73.7578 73.7578 272.479 9587.71 9646.87 9646.87 
81.9755 81.9755 303.137 9574.73 9640.88 9640.88 
90.5938 90.5938 335.358 9561.04 9634.61 9634.61 
99.6041 99.6041 369.12 9546.61 9628.04 9628.04 
108.999 108.999 404.408 9531.46 9621.19 9621.19 
118.769 118.769 441.199 9515.58 9614.06 9614.06 
128.91 128.91 479.486 9498.96 9606.66 9606.66 
139.411 139.411 519.247 9481.6 9598.99 9598.99 
150.264 150.264 560.462 9463.5 9591.06 9591.06 
161.459 161.459 603.11 9444.65 9582.87 9582.87 
172.985 172.985 647.165 9425.05 9574.43 9574.43 
184.836 184.836 692.619 9404.7 9565.76 9565.76 
197 197 739.445 9383.59 9556.84 9556.84 
209.467 209.467 787.62 9361.71 9547.7 9547.7 
222.224 222.224 837.112 9339.08 9538.34 9538.34 
235.263 235.263 887.914 9315.68 9528.76 9528.76 
248.572 248.572 939.995 9291.5 9518.98 9518.98 
262.139 262.139 993.33 9266.55 9509 9509 
275.95 275.95 1047.88 9240.83 9498.83 9498.83 
289.996 289.996 1103.65 9214.32 9488.48 9488.48 
304.264 304.264 1160.59 9187.02 9477.96 9477.96 
318.74 318.74 1218.68 9158.94 9467.28 9467.28 
333.408 333.408 1277.89 9130.07 9456.44 9456.44 
348.261 348.261 1338.2 9100.4 9445.46 9445.46 
363.281 363.281 1399.57 9069.93 9434.35 9434.35 
378.457 378.457 1461.98 9038.67 9423.11 9423.11 
393.769 393.769 1525.39 9006.61 9411.76 9411.76 
409.21 409.21 1589.79 8973.74 9400.3 9400.3 
424.763 424.763 1655.14 8940.07 9388.75 9388.75 
440.411 440.411 1721.4 8905.6 9377.12 9377.12 
456.142 456.142 1788.55 8870.32 9365.42 9365.42 
471.936 471.936 1856.55 8834.23 9353.66 9353.66 
487.783 487.783 1925.38 8797.34 9341.85 9341.85 
503.666 503.666 1995 8759.64 9330 9330 
519.568 519.568 2065.38 8721.13 9318.12 9318.12 
535.471 535.471 2136.47 8681.82 9306.24 9306.24 
551.365 551.365 2208.26 8641.7 9294.35 9294.35 
567.231 567.231 2280.71 8600.79 9282.47 9282.47 
583.052 583.052 2353.79 8559.07 9270.61 9270.61 
598.809 598.809 2427.43 8516.56 9258.79 9258.79 
614.491 614.491 2501.65 8473.26 9247.01 9247.01 
630.08 630.08 2576.37 8429.17 9235.29 9235.29 
645.559 645.559 2651.58 8384.31 9223.65 9223.65 
660.908 660.908 2727.22 8338.67 9212.09 9212.09 
676.117 676.117 2803.27 8292.26 9200.63 9200.63 
691.165 691.165 2879.69 8245.1 9189.28 9189.28 
706.038 706.038 2956.43 8197.19 9178.05 9178.05 
720.715 720.715 3033.45 8148.55 9166.96 9166.96 
735.186 735.186 3110.72 8099.18 9156.01 9156.01 
749.431 749.431 3188.2 8049.11 9145.23 9145.23 
763.435 763.435 3265.83 7998.34 9134.62 9134.62 
777.179 777.179 3343.56 7946.91 9124.2 9124.2 
790.652 790.652 3421.37 7894.81 9113.98 9113.98 
803.837 803.837 3499.2 7842.09 9103.97 9103.97 
816.717 816.717 3576.99 7788.76 9094.18 9094.18 
829.277 829.277 3654.69 7734.86 9084.63 9084.63 
841.501 841.501 3732.23 7680.42 9075.32 9075.32 
853.378 853.378 3809.58 7625.48 9066.28 9066.28 
864.891 864.891 3886.65 7570.07 9057.5 9057.5 
876.027 876.027 3963.38 7514.25 9049.01 9049.01 
886.771 886.771 4039.68 7458.09 9040.81 9040.81 
897.111 897.111 4115.48 7401.63 9032.91 9032.91 
907.035 907.035 4190.68 7344.95 9025.33 9025.33 
916.529 916.529 4265.18 7288.15 9018.07 9018.07 
925.58 925.58 4338.83 7231.32 9011.15 9011.15 
934.18 934.18 4411.54 7174.58 9004.57 9004.57 
942.316 942.316 4483.14 7118.06 8998.34 8998.34 
949.978 949.978 4553.44 7061.95 8992.47 8992.47 
957.155 957.155 4622.22 7006.43 8986.97 8986.97 
963.839 963.839 4689.26 6951.72 8981.84 8981.84 
970.022 970.022 4754.26 6898.12 8977.1 8977.1 
975.695 975.695 4816.86 6845.96 8972.74 8972.74 
980.849 980.849 4876.65 6795.65 8968.79 8968.79 
985.48 985.48 4933.16 6747.65 8965.23 8965.23 
989.581 989.581 4985.8 6702.54 8962.08 8962.08 
993.146 993.146 5033.92 6660.97 8959.35 8959.35 
996.17 996.17 5076.74 6623.69 8957.02 8957.02 
998.65 998.65 5113.45 6591.52 8955.12 8955.12 
1000.58 1000.58 5143.2 6565.31 8953.63 8953.63 
1001.96 1001.96 5165.17 6545.87 8952.57 8952.57 
1002.79 1002.79 5178.66 6533.9 8951.93 8951.93 
1003.07 1003.07 5183.21 6529.86 8951.72 8951.72 
