    2.9973666202e+02    1.5497601758e+03   -3.1752975016e+05   -2.7063060466e-01   -3.2534261924e-01   -6.6455251358e-03    2.4595100000e+02    4.3026000000e+02    3.3500000000e+00
    2.9884066721e+02    1.5451275190e+03   -3.1751438750e+05   -2.4219450617e-01   -5.1224773548e-01   -1.2824242593e-02    2.4595100000e+02    4.3026000000e+02    3.3500000000e+00
    3.0037214365e+02    1.5530458737e+03   -3.1752319630e+05   -3.1315436021e-01   -5.5519144627e-01   -8.7588159679e-03    2.4595100000e+02    4.3026000000e+02    3.3500000000e+00
    3.0122888989e+02    1.5574755994e+03   -3.1752575901e+05   -4.6945390134e-01   -5.5187934912e-01   -7.8706891174e-03    2.4595100000e+02    4.3026000000e+02    3.3500000000e+00
    3.0118274949e+02    1.5572370348e+03   -3.1752647513e+05   -3.2411020039e-01   -6.5441831279e-01   -7.7973056313e-03    2.4595100000e+02    4.3026000000e+02    3.3500000000e+00
    3.0061445071e+02    1.5542986995e+03   -3.1752377238e+05   -3.3428344835e-01   -5.8289417294e-01   -3.1215278430e-03    2.4595100000e+02    4.3026000000e+02    3.3500000000e+00
    2.9897999516e+02    1.5458479011e+03   -3.1751499730e+05   -3.7160517627e-01   -5.4241406871e-01   -7.6390617721e-03    2.4595100000e+02    4.3026000000e+02    3.3500000000e+00
    2.9922853163e+02    1.5471329355e+03   -3.1751638790e+05   -3.5475153473e-01   -4.9739751092e-01   -3.6114783860e-03    2.4595100000e+02    4.3026000000e+02    3.3500000000e+00
    3.0015467507e+02    1.5519214729e+03   -3.1752354747e+05   -3.1776478701e-01   -3.4755066426e-01   -2.2038813222e-03    2.4595100000e+02    4.3026000000e+02    3.3500000000e+00
    2.9880931543e+02    1.5449654176e+03   -3.1751589018e+05   -2.9279034569e-01   -3.7300000603e-01   -1.0580101237e-02    2.4595100000e+02    4.3026000000e+02    3.3500000000e+00
    2.9917696215e+02    1.5468663003e+03   -3.1751853914e+05   -3.7699543730e-01   -3.4706413206e-01   -3.0541589772e-03    2.4595100000e+02    4.3026000000e+02    3.3500000000e+00
    3.0045599090e+02    1.5534793980e+03   -3.1752260796e+05   -3.5117135221e-01   -5.0559778032e-01   -4.5562464469e-03    2.4595100000e+02    4.3026000000e+02    3.3500000000e+00
    3.0067726066e+02    1.5546234525e+03   -3.1752436524e+05   -3.4811585669e-01   -5.8100356701e-01   -7.2719693705e-03    2.4595100000e+02    4.3026000000e+02    3.3500000000e+00
    3.0109262146e+02    1.5567710363e+03   -3.1752757539e+05   -3.1238471120e-01   -5.8138232592e-01   -3.6156845193e-03    2.4595100000e+02    4.3026000000e+02    3.3500000000e+00
    3.0031065312e+02    1.5527279427e+03   -3.1752188343e+05   -3.2491174652e-01   -4.2706283272e-01   -4.6171491081e-03    2.4595100000e+02    4.3026000000e+02    3.3500000000e+00
    3.0074958010e+02    1.5549973733e+03   -3.1752468774e+05   -2.5103951629e-01   -2.8972628518e-01    2.6788438656e-03    2.4595100000e+02    4.3026000000e+02    3.3500000000e+00
    3.0046064700e+02    1.5535034719e+03   -3.1752335169e+05   -3.3025778338e-01   -4.4593745220e-01   -3.8357672968e-03    2.4595100000e+02    4.3026000000e+02    3.3500000000e+00
    2.9987862600e+02    1.5504941872e+03   -3.1752077996e+05   -2.5766778093e-01   -4.0708151129e-01   -2.4390251136e-03    2.4595100000e+02    4.3026000000e+02    3.3500000000e+00
    2.9960542253e+02    1.5490816143e+03   -3.1751852965e+05   -2.2880037206e-01   -4.0615568894e-01   -4.0119552576e-03    2.4595100000e+02    4.3026000000e+02    3.3500000000e+00
    2.9938366388e+02    1.5479350322e+03   -3.1751752668e+05   -2.0621818819e-01   -4.1575739186e-01   -4.8359618622e-03    2.4595100000e+02    4.3026000000e+02    3.3500000000e+00
    2.9972506617e+02    1.5497002205e+03   -3.1752052660e+05   -2.5057256452e-01   -4.9366120318e-01   -5.2258775371e-03    2.4595100000e+02    4.3026000000e+02    3.3500000000e+00
    2.9996180068e+02    1.5509242340e+03   -3.1751995251e+05   -2.7214174802e-01   -5.5989157529e-01   -6.6442596689e-03    2.4595100000e+02    4.3026000000e+02    3.3500000000e+00
    3.0015695454e+02    1.5519332586e+03   -3.1751972925e+05   -2.6641519287e-01   -6.7698037846e-01   -1.4702400304e-02    2.4595100000e+02    4.3026000000e+02    3.3500000000e+00
    3.0062548749e+02    1.5543557641e+03   -3.1752380311e+05   -2.0537216030e-01   -5.5235179676e-01   -1.4256130843e-03    2.4595100000e+02    4.3026000000e+02    3.3500000000e+00
    3.0102803132e+02    1.5564370791e+03   -3.1752510046e+05   -3.3668345414e-01   -4.6767084337e-01   -1.1691393311e-02    2.4595100000e+02    4.3026000000e+02    3.3500000000e+00
    3.0152211931e+02    1.5589917145e+03   -3.1752897031e+05   -3.0447005057e-01   -4.1172721478e-01   -3.0549746179e-03    2.4595100000e+02    4.3026000000e+02    3.3500000000e+00
    3.0100949497e+02    1.5563412387e+03   -3.1752618940e+05   -2.8271550461e-01   -4.6294944991e-01   -2.4584667570e-03    2.4595100000e+02    4.3026000000e+02    3.3500000000e+00
    2.9971585234e+02    1.5496525813e+03   -3.1751901704e+05   -3.4177318926e-01   -4.9537527391e-01   -5.9261011755e-03    2.4595100000e+02    4.3026000000e+02    3.3500000000e+00
    2.9998680326e+02    1.5510535075e+03   -3.1752191761e+05   -2.5818864372e-01   -3.9025120751e-01   -1.5666278301e-03    2.4595100000e+02    4.3026000000e+02    3.3500000000e+00
    2.9897917703e+02    1.5458436710e+03   -3.1751506638e+05   -3.8415266768e-01   -4.4498199558e-01   -5.7696813858e-03    2.4595100000e+02    4.3026000000e+02    3.3500000000e+00
    2.9941261387e+02    1.5480847153e+03   -3.1751779792e+05   -3.3870484100e-01   -3.6858963907e-01   -3.3215735136e-03    2.4595100000e+02    4.3026000000e+02    3.3500000000e+00
    3.0116703418e+02    1.5571557803e+03   -3.1752673164e+05   -4.5203996236e-01   -2.7929645156e-01   -4.6654468524e-03    2.4595100000e+02    4.3026000000e+02    3.3500000000e+00
    2.9949738407e+02    1.5485230117e+03   -3.1751754746e+05   -3.8583922781e-01   -3.3394808666e-01   -2.9558214129e-03    2.4595100000e+02    4.3026000000e+02    3.3500000000e+00
    3.0004750816e+02    1.5513673764e+03   -3.1752164214e+05   -3.1829405347e-01   -4.4421020394e-01   -4.6913431638e-03    2.4595100000e+02    4.3026000000e+02    3.3500000000e+00
    3.0027246115e+02    1.5525304747e+03   -3.1752106157e+05   -3.3172944077e-01   -4.7997150822e-01   -7.3706309372e-03    2.4595100000e+02    4.3026000000e+02    3.3500000000e+00
    2.9995070071e+02    1.5508668427e+03   -3.1752006222e+05   -2.7016626173e-01   -3.7577741711e-01   -5.4297652040e-03    2.4595100000e+02    4.3026000000e+02    3.3500000000e+00
    2.9983893550e+02    1.5502889712e+03   -3.1752074890e+05   -2.4827075842e-01   -2.8043444538e-01   -2.1651657076e-03    2.4595100000e+02    4.3026000000e+02    3.3500000000e+00
    3.0003305902e+02    1.5512926685e+03   -3.1752022333e+05   -2.2424962910e-01   -3.8018671285e-01    3.6851705429e-04    2.4595100000e+02    4.3026000000e+02    3.3500000000e+00
    2.9892640785e+02    1.5455708329e+03   -3.1751464983e+05   -2.4123928996e-01   -3.4747563465e-01   -3.6919082259e-03    2.4595100000e+02    4.3026000000e+02    3.3500000000e+00
    3.0119656652e+02    1.5573084745e+03   -3.1752972623e+05   -1.4117430908e-01   -3.2109320088e-01    2.6124669539e-03    2.4595100000e+02    4.3026000000e+02    3.3500000000e+00
    3.0007824335e+02    1.5515262899e+03   -3.1752140209e+05   -3.5302555132e-01   -3.3215830451e-01   -5.0722945596e-04    2.4595100000e+02    4.3026000000e+02    3.3500000000e+00
    3.0013539831e+02    1.5518218042e+03   -3.1752097400e+05   -2.9908697365e-01   -4.0873906022e-01   -1.3961800999e-03    2.4595100000e+02    4.3026000000e+02    3.3500000000e+00
    3.0113473117e+02    1.5569887606e+03   -3.1752836929e+05   -2.0796584260e-01   -2.4043271483e-01    2.9304519397e-03    2.4595100000e+02    4.3026000000e+02    3.3500000000e+00
    3.0055722947e+02    1.5540028425e+03   -3.1752372805e+05   -3.6776362046e-01   -3.3711515489e-01   -5.4303946206e-03    2.4595100000e+02    4.3026000000e+02    3.3500000000e+00
    3.0123447488e+02    1.5575044761e+03   -3.1752628988e+05   -3.2387156884e-01   -4.0993528681e-01    4.6728231738e-03    2.4595100000e+02    4.3026000000e+02    3.3500000000e+00
    2.9743872625e+02    1.5378789154e+03   -3.1750672680e+05   -3.6622323751e-01   -5.3055596128e-01   -1.0585801723e-02    2.4595100000e+02    4.3026000000e+02    3.3500000000e+00
    2.9945299048e+02    1.5482934788e+03   -3.1751628201e+05   -3.0629218946e-01   -3.7572481119e-01   -1.0764642580e-03    2.4595100000e+02    4.3026000000e+02    3.3500000000e+00
    3.0058727370e+02    1.5541581833e+03   -3.1752356234e+05   -3.1820207769e-01   -3.5982918041e-01    2.4214692532e-03    2.4595100000e+02    4.3026000000e+02    3.3500000000e+00
    3.0062944563e+02    1.5543762293e+03   -3.1752401057e+05   -2.7964731258e-01   -4.2083271563e-01    1.8514587283e-03    2.4595100000e+02    4.3026000000e+02    3.3500000000e+00
    2.9955641808e+02    1.5488282415e+03   -3.1751850488e+05   -3.2304195484e-01   -3.9696068070e-01   -7.3759643163e-03    2.4595100000e+02    4.3026000000e+02    3.3500000000e+00
    3.0079589362e+02    1.5552368330e+03   -3.1752499769e+05   -3.0552302048e-01   -3.9834828741e-01   -3.2653148909e-03    2.4595100000e+02    4.3026000000e+02    3.3500000000e+00
    3.0042422291e+02    1.5533151446e+03   -3.1752229752e+05   -2.9014663818e-01   -2.5284178019e-01   -8.7564550390e-03    2.4595100000e+02    4.3026000000e+02    3.3500000000e+00
    2.9973856567e+02    1.5497700184e+03   -3.1751911545e+05   -3.0145121318e-01   -2.7885417839e-01   -5.4841539382e-03    2.4595100000e+02    4.3026000000e+02    3.3500000000e+00
    3.0056328657e+02    1.5540341602e+03   -3.1752455275e+05   -1.7583237939e-01   -2.6782076402e-01    1.4108329551e-05    2.4595100000e+02    4.3026000000e+02    3.3500000000e+00
    2.9953370846e+02    1.5487108235e+03   -3.1751946492e+05   -1.7066701628e-01   -3.8165506174e-01    2.9634487940e-03    2.4595100000e+02    4.3026000000e+02    3.3500000000e+00
    3.0094187893e+02    1.5559916363e+03   -3.1752528667e+05   -1.4699719834e-01   -5.4298541327e-01   -6.6116841893e-03    2.4595100000e+02    4.3026000000e+02    3.3500000000e+00
    3.0063861094e+02    1.5544236177e+03   -3.1752432443e+05   -1.5729744930e-01   -3.8651046740e-01    1.1659974226e-03    2.4595100000e+02    4.3026000000e+02    3.3500000000e+00
    3.0012269731e+02    1.5517561349e+03   -3.1752135576e+05   -2.1845125919e-01   -3.4390621126e-01   -3.6427409565e-03    2.4595100000e+02    4.3026000000e+02    3.3500000000e+00
    2.9902370986e+02    1.5460739238e+03   -3.1751462885e+05   -2.3031214238e-01   -5.0109218926e-01    1.6244633188e-03    2.4595100000e+02    4.3026000000e+02    3.3500000000e+00
    2.9995620300e+02    1.5508952918e+03   -3.1752008639e+05   -2.1952067130e-01   -4.8156612336e-01   -2.5722896876e-03    2.4595100000e+02    4.3026000000e+02    3.3500000000e+00
    2.9884736560e+02    1.5451621524e+03   -3.1751549309e+05   -2.0621514369e-01   -3.4077881005e-01   -1.8428860392e-03    2.4595100000e+02    4.3026000000e+02    3.3500000000e+00
    3.0025137637e+02    1.5524214578e+03   -3.1752167603e+05   -1.8960592914e-01   -2.9534819886e-01    4.1555984366e-04    2.4595100000e+02    4.3026000000e+02    3.3500000000e+00
    2.9924490380e+02    1.5472175862e+03   -3.1751733394e+05   -2.6736604666e-01   -2.3129459859e-01   -3.0131595454e-03    2.4595100000e+02    4.3026000000e+02    3.3500000000e+00
    3.0116710135e+02    1.5571561276e+03   -3.1752627458e+05   -3.0120956693e-01   -2.3249061880e-01    3.3466368111e-04    2.4595100000e+02    4.3026000000e+02    3.3500000000e+00
    3.0101706030e+02    1.5563803545e+03   -3.1752707910e+05   -2.0419515499e-01   -3.3984720047e-01   -3.3299682579e-03    2.4595100000e+02    4.3026000000e+02    3.3500000000e+00
    3.0075634818e+02    1.5550323670e+03   -3.1752286412e+05   -1.8646772621e-01   -4.2664663139e-01   -5.2662771685e-03    2.4595100000e+02    4.3026000000e+02    3.3500000000e+00
    3.0018154252e+02    1.5520603885e+03   -3.1752027539e+05   -2.7422268301e-01   -4.0453977872e-01   -3.0252310305e-03    2.4595100000e+02    4.3026000000e+02    3.3500000000e+00
    2.9962860690e+02    1.5492014869e+03   -3.1751943073e+05   -1.4446894803e-01   -4.0019644167e-01   -2.6364560672e-03    2.4595100000e+02    4.3026000000e+02    3.3500000000e+00
    2.9959945669e+02    1.5490507685e+03   -3.1751896052e+05   -1.8653398335e-01   -4.7810117488e-01   -6.5089293554e-03    2.4595100000e+02    4.3026000000e+02    3.3500000000e+00
    3.0115518455e+02    1.5570945129e+03   -3.1752544836e+05   -1.8968488667e-01   -5.0573928759e-01   -4.5003633937e-03    2.4595100000e+02    4.3026000000e+02    3.3500000000e+00
    2.9920643199e+02    1.5470186714e+03   -3.1751653822e+05   -1.9107041503e-01   -4.4307194577e-01   -3.7366491684e-03    2.4595100000e+02    4.3026000000e+02    3.3500000000e+00
    2.9979819324e+02    1.5500783172e+03   -3.1751964779e+05   -3.2833069328e-01   -5.1246421961e-01   -4.3327678550e-03    2.4595100000e+02    4.3026000000e+02    3.3500000000e+00
    3.0022357855e+02    1.5522777318e+03   -3.1751991101e+05   -3.0400091537e-01   -3.5325317040e-01   -5.5946447791e-04    2.4595100000e+02    4.3026000000e+02    3.3500000000e+00
    3.0025819516e+02    1.5524567138e+03   -3.1752253247e+05   -1.6387210279e-01   -2.9573660290e-01    6.9116750057e-04    2.4595100000e+02    4.3026000000e+02    3.3500000000e+00
    2.9963228411e+02    1.5492204996e+03   -3.1751868829e+05   -1.7082915702e-01   -3.5744506169e-01   -2.2793553827e-03    2.4595100000e+02    4.3026000000e+02    3.3500000000e+00
    3.0079754363e+02    1.5552453642e+03   -3.1752422097e+05   -1.2678395864e-01   -3.8293341527e-01    1.2976401193e-03    2.4595100000e+02    4.3026000000e+02    3.3500000000e+00
    3.0029783839e+02    1.5526616853e+03   -3.1752267778e+05   -4.8735570106e-02   -2.6111855824e-01   -3.5067394707e-03    2.4595100000e+02    4.3026000000e+02    3.3500000000e+00
    3.0049004259e+02    1.5536554591e+03   -3.1752388137e+05   -9.4762017721e-02   -3.1088465478e-01   -3.7303937247e-03    2.4595100000e+02    4.3026000000e+02    3.3500000000e+00
    2.9954579871e+02    1.5487733350e+03   -3.1751793932e+05   -1.6852745395e-01   -3.9869723365e-01   -2.5434405536e-03    2.4595100000e+02    4.3026000000e+02    3.3500000000e+00
    2.9906390206e+02    1.5462817338e+03   -3.1751533707e+05   -2.4678219076e-01   -2.4680043771e-01   -7.2787513886e-03    2.4595100000e+02    4.3026000000e+02    3.3500000000e+00
    3.0055818915e+02    1.5540078044e+03   -3.1752282235e+05   -2.2373115913e-01   -3.0441860536e-01    9.5111553794e-04    2.4595100000e+02    4.3026000000e+02    3.3500000000e+00
    3.0143498864e+02    1.5585412136e+03   -3.1752787423e+05   -2.6194306578e-01   -2.4140548495e-01   -4.6992915819e-03    2.4595100000e+02    4.3026000000e+02    3.3500000000e+00
    3.0018682285e+02    1.5520876900e+03   -3.1752150622e+05   -3.0199744464e-01   -2.1010697304e-01    5.6870168219e-04    2.4595100000e+02    4.3026000000e+02    3.3500000000e+00
    3.0013735687e+02    1.5518319307e+03   -3.1752129229e+05   -2.7706309477e-01   -2.4332858871e-01    1.7826367801e-04    2.4595100000e+02    4.3026000000e+02    3.3500000000e+00
    2.9907429805e+02    1.5463354853e+03   -3.1751577326e+05   -2.0582388397e-01   -2.8691953823e-01   -8.0895783415e-04    2.4595100000e+02    4.3026000000e+02    3.3500000000e+00
    2.9965344802e+02    1.5493299256e+03   -3.1751780957e+05   -2.5472015768e-01   -4.0553589365e-01    5.1247215264e-04    2.4595100000e+02    4.3026000000e+02    3.3500000000e+00
    2.9874253064e+02    1.5446201131e+03   -3.1751347162e+05   -1.9484527758e-01   -2.6960353963e-01   -2.7811903789e-03    2.4595100000e+02    4.3026000000e+02    3.3500000000e+00
    3.0024606851e+02    1.5523940140e+03   -3.1752261058e+05   -2.3468912100e-01   -3.0308795281e-01   -2.2244944787e-04    2.4595100000e+02    4.3026000000e+02    3.3500000000e+00
    3.0067729506e+02    1.5546236303e+03   -3.1752360918e+05   -2.3012932242e-01   -4.1086937865e-01   -7.5830448025e-04    2.4595100000e+02    4.3026000000e+02    3.3500000000e+00
    3.0034067029e+02    1.5528831437e+03   -3.1752130632e+05   -2.6024086305e-01   -2.8921505615e-01   -8.9201112502e-04    2.4595100000e+02    4.3026000000e+02    3.3500000000e+00
    2.9934566477e+02    1.5477385613e+03   -3.1751686723e+05   -2.1360328358e-01   -3.6210129034e-01   -9.9668856607e-04    2.4595100000e+02    4.3026000000e+02    3.3500000000e+00
    3.0010713358e+02    1.5516756641e+03   -3.1752020283e+05   -2.2975593079e-01   -2.4501690087e-01    4.9731317413e-04    2.4595100000e+02    4.3026000000e+02    3.3500000000e+00
    3.0139948235e+02    1.5583576317e+03   -3.1752908075e+05   -2.3445611800e-01   -1.2584150660e-01   -2.6477873840e-03    2.4595100000e+02    4.3026000000e+02    3.3500000000e+00
    3.0051365594e+02    1.5537775496e+03   -3.1752308910e+05   -2.0639124585e-01   -1.8026012719e-01   -7.5656204935e-03    2.4595100000e+02    4.3026000000e+02    3.3500000000e+00
    2.9998078105e+02    1.5510223702e+03   -3.1752049937e+05   -1.8537966606e-01   -9.7881317954e-02    9.6881274201e-04    2.4595100000e+02    4.3026000000e+02    3.3500000000e+00
    3.0110069621e+02    1.5568127861e+03   -3.1752740874e+05   -1.4099347695e-01   -1.0750225129e-01   -1.0115340411e-03    2.4595100000e+02    4.3026000000e+02    3.3500000000e+00
    2.9908875193e+02    1.5464102177e+03   -3.1751511438e+05   -1.2775207276e-01   -2.1481657756e-01   -5.5860054663e-03    2.4595100000e+02    4.3026000000e+02    3.3500000000e+00
    2.9946261814e+02    1.5483432577e+03   -3.1751670665e+05   -2.2210375155e-01   -3.3667159085e-01   -5.5511324685e-03    2.4595100000e+02    4.3026000000e+02    3.3500000000e+00
    3.0028169611e+02    1.5525782232e+03   -3.1752193463e+05   -1.6818488417e-01   -3.8847396747e-01   -3.1987962391e-03    2.4595100000e+02    4.3026000000e+02    3.3500000000e+00
    3.0018542322e+02    1.5520804533e+03   -3.1752033752e+05   -1.9882506422e-01   -3.7085413181e-01   -3.8874064318e-03    2.4595100000e+02    4.3026000000e+02    3.3500000000e+00
