-5.92095 -5.91385
-6.06193 -6.06806
-5.87643 -5.87573
-5.99919 -6.02626
-6.05664 -6.04897
-6.03214 -6.01519
-5.98755 -5.97821
-6.04782 -6.03183
-5.91879 -5.90415
-5.9128 -5.90672
-5.98014 -6.00423
-5.98948 -5.99991
-5.97663 -5.98044
-6.03576 -6.03603
-6.03107 -6.02993
-5.95386 -5.94944
-6.09474 -6.09117
-5.81598 -5.84058
-5.94953 -5.93903
-6.04285 -6.04495
-5.95067 -5.9517
-5.83258 -5.8192
-5.88696 -5.88512
-5.93265 -5.94243
-5.94877 -5.93926
-5.92001 -5.93991
-6.0725 -6.07625
-6.1406 -6.14179
-5.95559 -5.95892
-5.87517 -5.89284
-5.96645 -5.96321
-5.8439 -5.85103
-6.11851 -6.12891
-5.99932 -5.9939
-6.0646 -6.06867
-6.02218 -6.02473
-5.97829 -5.95469
-5.92156 -5.92762
-6.00181 -6.01058
-5.96333 -5.95962
-6.02693 -6.03434
-5.86091 -5.86501
-5.9243 -5.92574
-5.99935 -6.00892
-5.99071 -5.99961
-6.56858 -6.57681
-6.15929 -6.158
-5.9794 -5.9868
-5.9818 -5.97869
-5.86402 -5.86824
-5.93746 -5.93333
-5.9429 -5.94087
-5.96627 -5.96212
-5.95343 -5.94751
-5.86801 -5.86488
-5.8831 -5.87542
-6.01049 -6.00795
-6.05027 -6.04905
-5.87587 -5.88206
-6.12038 -6.12876
-6.01386 -6.01585
-5.7837 -5.78385
-5.87992 -5.88181
-5.94997 -5.9481
-5.86084 -5.86225
-5.93899 -5.9472
-6.21905 -6.22134
-6.00812 -6.01081
-6.00412 -5.99223
-5.96055 -5.95797
-5.92185 -5.90659
-5.87623 -5.88661
-6.02003 -6.02039
-5.96951 -5.95442
-5.99071 -6.00098
-5.93847 -5.9439
-5.9771 -5.97373
-5.91459 -5.91306
-5.94747 -5.94067
-6.07642 -6.08216
-5.98351 -5.96992
-5.90193 -5.9058
-5.98175 -5.98949
-5.9962 -6.01747
-6.10066 -6.10727
-6.008 -6.02388
-5.89535 -5.89304
-5.98828 -5.9967
-6.04179 -6.05037
-5.98822 -6.00248
-5.98791 -5.98692
-5.9054 -5.92078
-6.00919 -6.00345
-6.02913 -6.03445
-5.82492 -5.82254
-6.05545 -6.04381
-5.88249 -5.88344
-6.06033 -6.07074
-5.8844 -5.88408
-5.96606 -5.94762
-5.96393 -5.97413
-6.0275 -6.02495
-5.95338 -5.93968
-5.89144 -5.87416
-5.92203 -5.92018
-5.92765 -5.91824
-5.98526 -5.98252
-6.10084 -6.11273
-5.94352 -5.93191
-6.10959 -6.11206
-5.75822 -5.75002
-5.90977 -5.89457
-5.96584 -5.96626
-5.9105 -5.91927
-5.94464 -5.93787
-5.84678 -5.84253
-6.04628 -6.06803
-5.87616 -5.89575
-5.91173 -5.89377
-5.88984 -5.90216
-6.00552 -6.00157
-6.03418 -6.03901
-6.07691 -6.07397
-5.81625 -5.83007
-5.93351 -5.93108
-6.05769 -6.05569
-5.8478 -5.85365
-5.98457 -5.98636
-5.85381 -5.83995
-6.00272 -6.00963
-5.91194 -5.9115
-6.19808 -6.2138
-6.04279 -6.03884
-6.00643 -5.99081
-5.99694 -5.99639
-5.87401 -5.86603
-5.99955 -5.99627
-5.93284 -5.92886
-5.82898 -5.8432
-5.90002 -5.91422
