0.277931 0
-0.175116 0
0.200338 0
0.561617 0
-0.401652 0
-1.25248 0
-0.316437 0
-0.269412 0
0.636049 0
0.636047 0
0.0885234 0
0.0330783 0
1.46971 0
0.0794333 0
0.313388 0
-0.665322 0
0.754295 0
1.61504 0
0.238487 0
-0.656027 0
-0.921347 0
-0.268696 0
0.720043 0
-0.137134 0
0.700132 0
0.226399 0
0.486584 0
0.609485 0
-0.628402 0
0.138643 0
0.344666 0
0.135363 0
0.101587 0
-0.139806 0
-1.00722 0
0.0165218 0
0.0333506 0
-0.445485 0
0.406355 0
-0.046933 0
-1.11752 0
-0.946714 0
0.411057 0
-0.527144 0
0.404111 0
-0.279633 0
-0.120793 0
-0.449033 0
-0.893981 0
1.02361 0
-0.740404 0
0.123097 0
0.338061 0
-0.663757 0
0.524076 0
-0.00765557 0
-0.57654 0
-0.766253 0
0.659949 0
0.539767 0
-0.606667 0
0.206242 0
0.431184 0
0.36894 0
-0.0107375 0
0.0548173 0
0.590149 0
0.656594 0
0.123053 0
0.518741 0
-1.07686 0
0.494758 0
-0.237181 0
-0.533243 0
-0.0734709 0
-0.0322884 0
0.726669 0
0.256092 0
0.178306 0
0.144291 0
-0.631964 0
0.538346 0
-0.362685 0
0.0179125 0
-0.3172 0
-0.992355 0
-0.30114 0
1.43219 0
0.0419793 0
0.593686 0
0.372096 0
0.068449 0
-0.94218 0
-0.064117 0
0.460169 0
0.263648 0
0.490854 0
0.353587 0
0.376895 0
0.238907 0
-0.592651 0
0.240162 0
-0.126284 0
0.681227 0
-0.526108 0
-0.142176 0
-0.833733 0
0.483556 0
0.580154 0
0.35381 0
-0.290039 0
0.0635316 0
-0.809963 0
0.686609 0
-0.30382 0
0.32109 0
0.317138 0
-0.572932 0
-0.203236 0
0.503314 0
-0.0269093 0
0.0205286 0
-0.748372 0
0.181745 0
0.217498 0
0.926242 0
-0.298989 0
-1.32569 0
0.861991 0
-0.39326 0
0.416428 0
0.414228 0
-0.333716 0
1.56014 0
-0.144612 0
-0.315989 0
0.409982 0
0.758113 0
0.320233 0
1.26709 0
-0.903702 0
-0.564726 0
0.285813 0
-0.728818 0
0.0856377 0
-0.438604 0
0.438711 0
-1.17938 0
-0.384799 0
0.245631 0
-0.402371 0
0.325374 0
1.0934 0
-0.648194 0
0.0576726 0
-0.133215 0
0.32751 0
0.553022 0
-0.385621 0
0.124481 0
0.50693 0
0.098149 0
1.02361 0
-0.0607839 0
-0.21909 0
0.47087 0
-0.521299 0
-0.341779 0
-0.918004 0
0.111777 0
0.0488093 0
0.0216693 0
-0.668869 0
-0.557 0
0.0857289 0
-1.89363 0
0.269285 0
0.636048 0
0.0667622 0
0.301139 0
-0.199156 0
-0.187635 0
-0.14857 0
-0.234704 0
0.776796 0
0.217765 0
-0.76149 0
1.41172 0
-0.0351037 0
-0.818767 0
0.729743 0
0.0329058 0
0.145196 0
-1.19784 0
1.08336 0
0.670076 0
-0.0894497 0
-0.41671 0
-0.24207 0
0.103333 0
-0.435736 0
-0.430344 0
-0.339516 0
-0.119519 0
-0.244695 0
0.566111 0
0.658171 0
-0.406125 0
0.00510124 0
0.074013 0
1.10712 0
-0.749877 0
-0.558661 0
-0.65014 0
-0.419571 0
0.532165 0
0.0702749 0
0.147742 0
0.213969 0
-0.935818 0
-0.556982 0
0.84207 0
0.302425 0
0.0768769 0
-0.540407 0
-0.68098 0
1.1303 0
-0.387406 0
0.0296736 0
0.429737 0
-0.231837 0
-0.830683 0
-0.168061 0
-0.162111 0
0.127051 0
0.0666418 0
0.948063 0
-0.334259 0
0.189501 0
-1.32076 0
-0.413304 0
-0.0274785 0
0.270393 0
-0.658169 0
-0.312059 0
0.570636 0
-0.368688 0
0.533303 0
-0.352472 0
1.12444 0
-0.522232 0
-0.158195 0
-0.492543 0
0.268247 0
0.647732 0
-0.0784377 0
0.588043 0
0.345932 0
0.268129 0
0.259273 0
0.597806 0
-0.692424 0
-1.15978 0
-0.48302 0
0.510952 0
0.6447 0
-0.39302 0
-0.642152 0
-0.607161 0
0.482495 0
-0.46886 0
-0.452317 0
-0.602764 0
-0.76353 0
-0.744658 0
-0.324034 0
-0.853178 0
-0.221268 0
0.248547 0
-0.211102 0
-0.508393 0
-0.385517 0
-0.693221 0
-0.482117 0
-0.525412 0
-0.517228 0
-0.343394 0
-0.369365 0
-0.495468 0
-0.470598 0
-0.725769 0
-0.329654 0
-0.164546 0
-0.652197 0
-0.505024 0
-0.582352 0
-0.491239 0
-0.752925 0
-0.624798 0
-0.392059 0
-0.39493 0
-0.456172 0
-0.713236 0
-0.799633 0
-0.802494 0
-0.596174 0
-0.386349 0
-0.378334 0
-0.536595 0
-1.03408 0
-0.577001 0
-0.687072 0
-0.277754 0
-0.34417 0
-0.591084 0
-0.446931 0
-0.303298 0
-0.840161 0
-0.408218 0
-0.511212 0
-0.357795 0
-0.803585 0
-0.603398 0
-0.436587 0
-0.333406 0
-0.137667 0
-0.479164 0
-0.623846 0
-0.536028 0
-0.368466 0
-0.724354 0
-0.620495 0
-0.531911 0
-0.678339 0
-0.865538 0
-0.623478 0
-0.384838 0
-0.669503 0
-0.62953 0
-0.294321 0
-0.443671 0
-0.874019 0
-0.889504 0
-0.680317 0
-0.637503 0
-0.537292 0
-0.462754 0
-0.391771 0
-0.300111 0
-0.209673 0
-0.294193 0
-0.631478 0
-0.664957 0
-0.705993 0
-0.628655 0
-0.415275 0
-0.526458 0
-0.66912 0
-0.737066 0
-0.185537 0
-0.967787 0
-0.408554 0
-0.741848 0
-0.753978 0
-0.27494 0
-0.662786 0
-0.595926 0
-0.392358 0
-0.509325 0
-0.282919 0
-0.471121 0
-0.800504 0
-0.547295 0
-0.431874 0
-0.902651 0
-0.507706 0
-0.70792 0
-0.381345 0
-0.800668 0
-0.616082 0
-0.449445 0
-0.43896 0
-0.345594 0
-0.622373 0
-0.815742 0
-0.163942 0
-0.779369 0
-0.294169 0
-0.470204 0
-0.522769 0
-0.604942 0
-0.647873 0
-0.805674 0
-0.658236 0
-0.675436 0
-0.798603 0
-0.236635 0
-0.615343 0
-0.470462 0
-0.548994 0
-0.269716 0
-0.383171 0
-0.581305 0
-0.554544 0
-0.516098 0
-0.45415 0
-0.929285 0
-0.63172 0
-0.800702 0
-0.501607 0
-0.820781 0
-0.332232 0
-0.486616 0
-0.535542 0
-0.491174 0
-0.670608 0
-0.612403 0
-0.698178 0
-0.690841 0
-0.44562 0
-0.0430523 0
0.00970525 0
0.396178 0
-0.638713 0
0.0506454 0
-0.00573788 0
-0.0145368 0
0.74469 0
-0.146291 0
0.585528 0
-0.197774 0
-0.150077 0
0.316281 0
0.482136 0
0.335708 0
0.267342 0
-0.307445 0
0.179328 0
0.104898 0
0.289425 0
0.465717 0
0.190177 0
0.265542 0
0.560182 0
-0.180412 0
-0.438231 0
-0.184635 0
0.087504 0
-0.0972792 0
0.214895 0
0.0152507 0
-0.541758 0
-0.315578 0
0.218412 0
0.41269 0
0.0565413 0
0.0143113 0
-0.133434 0
0.185347 0
0.504364 0
0.164242 0
0.137363 0
-0.06914 0
-0.0087894 0
-0.0103319 0
-0.0706672 0
-0.179476 0
-0.135668 0
0.195547 0
0.526943 0
0.431601 0
0.35223 0
0.0536992 0
0.321505 0
-0.109346 0
0.756631 0
-0.573829 0
0.165532 0
-0.322238 0
0.0207299 0
-0.0691053 0
0.405046 0
-0.339001 0
-0.626781 0
-0.626677 0
0.244957 0
0.0199056 0
0.798138 0
0.962564 0
-0.858702 0
-0.0563854 0
-0.11008 0
0.397034 0
-0.315056 0
0.0637995 0
-0.217236 0
0.0635693 0
0.406831 0
0.429164 0
-0.0743246 0
0.263325 0
0.0112626 0
-0.360924 0
-0.511481 0
0.179483 0
0.35436 0
0.801933 0
-0.419768 0
-0.40265 0
0.368999 0
0.420785 0
0.0527852 0
0.477467 0
0.134779 0
-0.00679899 0
-0.2116 0
0.344821 0
-0.210953 0
-0.195521 0
-0.239632 0
0.141965 0
-0.000949098 0
0.191837 0
-0.252546 0
-0.528783 0
-0.600867 0
0.0105058 0
-0.444447 0
-0.059297 0
0.034483 0
0.206804 0
0.193743 0
0.165731 0
0.0160714 0
0.0696696 0
0.246392 0
0.000338357 0
0.0700074 0
0.276833 0
0.315258 0
0.426382 0
0.176391 0
-0.22788 0
-0.120561 0
0.912642 0
0.0148119 0
-0.212908 0
-0.456815 0
-0.219227 0
-0.106168 0
-0.432273 0
-0.202297 0
-0.155389 0
-0.141125 0
-0.0865633 0
0.436001 0
0.168205 0
0.153683 0
-0.464947 0
0.252759 0
-0.0235722 0
0.063111 0
0.126703 0
-0.0978934 0
0.145636 0
-0.363953 0
-0.0668121 0
-0.0183353 0
-0.0925347 0
0.431473 0
0.105445 0
-0.104336 0
-0.00289643 0
0.049514 0
-0.0582081 0
-0.0791726 0
0.00762715 0
-0.0332513 0
0.242734 0
0.0911337 0
-0.181861 0
-0.356695 0
0.0506624 0
-0.0545325 0
0.111193 0
-0.281381 0
-0.00611623 0
-0.101388 0
0.0707023 0
0.223034 0
-0.0346066 0
-0.199185 0
-0.117575 0
0.242909 0
0.02094 0
-0.325384 0
0.139026 0
0.0501373 0
0.0979736 0
-0.119934 0
-0.023278 0
0.110835 0
0.0544742 0
-0.248532 0
0.426037 0
0.0213482 0
0.121966 0
-0.197526 0
0.163248 0
0.103061 0
-0.187062 0
-0.354393 0
0.508238 0
-0.152399 0
0.123116 0
0.132896 0
0.0226701 0
0.0279343 0
-0.100086 0
0.316166 0
0.203986 0
-0.226828 0
-0.204793 0
0.0117884 0
0.206634 0
-0.158186 0
0.0203798 0
0.00567932 0
0.0808647 0
-0.0970975 0
0.292357 0
-0.108872 0
0.0409393 0
0.0422601 0
-0.278315 0
0.00945314 0
0.159772 0
0.358049 0
0.343178 0
-0.214115 0
-0.00389336 0
-0.269481 0
0.0280793 0
0.0764827 0
-0.112522 0
-0.143587 0
0.0271202 0
0.230442 0
-0.239728 0
-0.297519 0
-0.229272 0
0.191775 0
0.0699682 0
-0.186982 0
-0.184319 0
0.188944 0
0.135206 0
0.0564339 0
-0.00785877 0
-0.145878 0
-0.0408265 0
0.23752 0
0.0921233 0
0.0936829 0
0.000309128 0
0.304415 0
0.184403 0
0.147168 0
0.152698 0
-0.0368365 0
-0.17262 0
0.29763 0
0.168953 0
-0.0777647 0
0.222587 0
-0.0286201 0
0.0974726 0
0.0665506 0
0.256825 0
0.0622402 0
-0.0393066 0
0.164236 0
-0.159059 0
0.383436 0
-0.00154009 0
0.0200775 0
0.305523 0
-0.257771 0
-0.0232559 0
0.0737549 0
-0.00294576 0
0.00860502 0
-0.0198046 0
0.176765 0
0.0195678 0
0.108809 0
-0.0781715 0
0.102847 0
0.107232 0
0.0705106 0
-0.224992 0
0.205437 0
0.167429 0
0.153121 0
-0.275168 0
-0.0822555 0
0.295035 0
-0.093951 0
0.170416 0
0.317619 0
0.0309496 0
0.136451 0
0.11173 0
-0.0320259 0
-0.202124 0
0.0461466 0
-0.0131425 0
0.213997 0
0.251425 0
0.0180498 0
0.0508024 0
0.314368 0
0.306305 0
-0.292751 0
-0.130473 0
0.433743 0
-0.0434914 0
-0.06562 0
-0.28526 0
0.0522502 0
0.183965 0
-0.134428 0
0.0213578 0
0.208859 0
-0.144121 0
0.140289 0
-0.264611 0
0.141711 0
-0.00834447 0
-0.137762 0
-0.00313088 0
-0.1818 0
0.0734489 0
-0.0286655 0
0.0444976 0
0.041929 0
-0.0572848 0
0.155927 0
0.134879 0
0.113154 0
-0.0437955 0
-0.232766 0
0.235841 0
0.316479 0
0.193495 0
-0.137763 0
-0.0395809 0
-0.100873 0
0.0587575 0
0.183409 0
0.0464732 0
-0.00745889 0
0.111854 0
-0.143748 0
0.351626 0
-0.0578417 0
0.131552 0
-0.169527 0
0.13913 0
-0.0740812 0
0.40728 0
-0.0255012 0
-0.0195256 0
-0.121686 0
0.155717 0
0.146186 0
0.337054 0
0.01094 0
-0.428839 0
0.320978 0
-0.0218726 0
-0.0162507 0
0.0574863 0
0.35369 0
0.00128723 0
0.0127701 0
0.226219 0
0.216324 0
-0.0791612 0
-0.212106 0
-0.15019 0
-0.187088 0
0.190218 0
0.0195382 0
0.039328 0
0.0667791 0
-0.117339 0
0.0421204 0
0.0397426 0
-0.0662329 0
-0.112707 0
0.0831352 0
-0.310358 0
0.0226368 0
0.173797 0
0.0328165 0
-0.061647 0
-0.0305511 0
0.480615 0
0.122824 0
-0.204179 0
0.144412 0
0.098806 0
0.0872752 0
0.151911 0
0.193208 0
0.210249 0
0.153235 0
0.094853 0
-0.290143 0
-0.0616732 0
-0.00273417 0
0.0696438 0
0.00480627 0
0.284191 0
-0.0825984 0
0.0225672 0
0.411747 0
-0.000280656 0
-0.0471891 0
-0.052751 0
0.224725 0
-0.0251641 0
-0.000304479 0
0.220417 0
-0.0232887 0
0.31024 0
0.0938778 0
-0.391373 0
-0.208154 0
