-0.0278814 0.295571 -0.482248
-1.36124 -0.224176 -0.50693
-0.0108207 -0.693986 -0.0925685
0.506196 0.551972 0.272275
0.325362 1.28972 1.09186
1.46191 1.04034 -0.438874
0.368183 1.3582 -2.6999
0.13588 -0.351716 1.72492
-0.277435 -0.6434 1.40011
-0.453522 0.09344 -0.688
0.712162 -1.27338 -0.795257
-0.587525 -0.0964802 1.09263
2.17288 0.89735 1.87298
-0.574686 -0.770466 0.0386341
0.30558 0.00410913 0.627468
-0.129698 0.129995 -1.43717
-0.240956 0.878286 -0.065746
0.361344 0.317847 -0.162712
-0.720631 -0.501489 0.0599259
-0.106765 -0.139012 -0.459274
1.05581 0.152775 1.81669
0.701893 -0.869293 -0.642838
-0.326664 -0.801818 -0.276142
-0.500751 -0.89467 -1.24065
0.420729 -1.54543 3.4994
-0.0999353 -1.38207 -0.933118
-0.61184 2.41657 0.174842
-0.9362 -0.616094 0.512407
0.698436 0.235598 -0.544333
-0.458601 0.11715 -0.316703
-0.0113005 -0.488115 0.446757
0.676676 -0.316142 0.765335
0.213274 -0.529815 -0.177617
1.01882 2.94313 -1.14557
0.322461 0.908711 0.734042
-0.168551 -2.1317 1.84791
0.0161874 3.16324 2.13129
0.436303 -0.105749 -1.38838
-0.21963 -0.143917 -0.447871
0.289757 -0.662561 -0.321544
-1.59184 0.274787 -0.715954
1.1227 -1.25305 -2.5299
0.891528 0.537971 1.13832
0.397765 0.932841 0.551328
1.12694 -0.0459107 0.902081
-0.319405 0.6262 -0.462746
-0.934085 0.555694 0.0291989
-1.12307 1.15027 -0.206864
-0.263374 -0.411943 0.797763
1.67794 -1.17527 -0.28854
0.0840522 0.732536 0.210194
-0.274526 -0.278901 0.417017
-0.534893 0.389988 1.03322
0.0565852 0.51877 0.0207936
-1.31828 -0.0393991 0.122848
-0.901975 -1.41626 -2.18056
0.593886 1.32378 1.87631
0.669062 0.0364734 -0.435752
-0.145559 -1.597 0.416634
-1.30924 1.10476 -2.15435
-0.797533 -0.13919 0.799838
-0.233433 -0.119802 0.0740283
-0.820312 -0.0619709 0.660162
2.61992 0.236268 1.2919
0.109914 0.752373 0.0420265
-0.10201 -0.195258 0.258284
-0.340516 1.47399 1.37546
0.119087 -1.19722 -0.606612
0.95647 0.655091 -0.440509
-1.17513 -2.72512 -4.11043
-0.108409 -0.234344 -0.463688
-0.911796 -0.15921 -0.616703
0.0355109 0.154145 0.968518
0.379919 -0.880651 0.477359
-0.786289 1.32926 0.901986
-0.827534 -1.85162 1.79252
0.864308 -0.254185 0.0942187
0.246591 -1.35703 1.24896
-1.37812 -2.03189 0.956876
-0.207779 0.93038 -1.78074
1.4737 -0.812812 -0.970009
-0.475573 0.912885 0.564554
0.859676 0.176019 -0.93513
-0.400362 0.250122 -0.209083
-4.91085 -2.93218 0.329909
0.532394 -1.02807 0.70333
0.321826 -0.618114 1.28467
3.00247 5.52555 1.53243
0.275267 1.07263 -1.60204
1.69375 -0.197768 1.14856
-1.86283 0.354131 -1.1441
-0.305644 -0.153558 0.114513
0.387491 -0.344228 0.354777
1.33075 0.409156 0.262204
-0.64419 -0.243665 -5.05789
0.737333 -0.199875 -0.0655651
0.548645 0.843061 -0.201419
0.272658 0.179434 -0.289716
-0.343513 0.481714 -0.500927
-0.375492 -1.53736 -0.539285
0.892666 0.62018 -0.344521
-0.0954298 0.0694145 0.512593
-1.16095 0.109019 0.40167
0.0620823 -0.306697 -0.575228
-0.559072 -0.496224 -0.780264
0.525022 -0.725721 0.863321
-1.12618 -0.464183 0.320949
-0.577931 1.15427 -1.48882
