-0.559778 -0.239962 0.344856 58973 58973.6 58974.2 
4.88569 5.66759 9.90395 58970.4 58971.4 58976.5 
21.0805 21.867 40.2239 58961.9 58962.9 58985.8 
48.0541 48.8415 90.726 58947.7 58948.7 59001.4 
85.7861 86.5738 161.337 58927.8 58928.8 59023.1 
134.246 135.035 251.963 58902.3 58903.3 59050.9 
193.396 194.184 362.485 58871.1 58872.1 59084.6 
263.187 263.976 492.755 58834.3 58835.2 59124.1 
343.564 344.353 642.605 58791.8 58792.7 59169.4 
434.467 435.257 811.847 58743.7 58744.6 59220.1 
535.816 536.606 1000.24 58689.9 58690.9 59276.1 
647.534 648.325 1207.55 58630.6 58631.6 59337.2 
769.534 770.325 1433.51 58565.7 58566.6 59403.2 
901.719 902.511 1677.81 58495.2 58496.1 59473.8 
1043.99 1044.79 1940.18 58419.2 58420.1 59548.7 
1196.24 1197.03 2220.22 58337.7 58338.5 59627.6 
1358.33 1359.13 2517.61 58250.6 58251.5 59710.3 
1530.16 1530.95 2831.97 58158.1 58158.9 59796.3 
1711.59 1712.38 3162.89 58060.1 58061 59885.4 
1902.48 1903.27 3509.97 57956.8 57957.6 59977.2 
2102.7 2103.5 3872.78 57848 57848.8 60071.4 
2312.08 2312.88 4250.85 57734 57734.7 60167.4 
2530.48 2531.28 4643.72 57614.6 57615.3 60265 
2757.73 2758.53 5050.92 57489.9 57490.7 60363.8 
2993.68 2994.48 5471.97 57360.1 57360.8 60463.2 
3238.16 3238.96 5906.38 57225.1 57225.7 60563 
3490.97 3491.77 6353.6 57084.9 57085.6 60662.7 
3751.95 3752.75 6813.13 56939.7 56940.3 60761.8 
4020.9 4021.71 7284.46 56789.5 56790.1 60859.9 
4297.66 4298.47 7767.05 56634.3 56634.9 60956.5 
4582.03 4582.84 8260.4 56474.3 56474.8 61051.3 
4873.79 4874.6 8763.92 56309.4 56309.9 61143.8 
5172.75 5173.57 9277.1 56139.8 56140.3 61233.5 
5478.72 5479.54 9799.41 55965.5 55966 61320 
5791.49 5792.31 10330.3 55786.5 55787 61402.8 
6110.84 6111.66 10869.3 55603.1 55603.5 61481.6 
6436.58 6437.41 11415.8 55415.2 55415.6 61555.9 
6768.47 6769.3 11969.4 55222.9 55223.3 61625.2 
7106.29 7107.12 12529.5 55026.3 55026.7 61689.2 
7449.83 7450.67 13095.6 54825.6 54826 61747.5 
7798.87 7799.7 13667.3 54620.7 54621.1 61799.6 
8153.18 8154.02 14244.1 54411.9 54412.3 61845.2 
8512.52 8513.36 14825.5 54199.1 54199.5 61883.9 
8876.66 8877.5 15411 53982.6 53983 61915.4 
9245.36 9246.21 16000.3 53762.4 53762.7 61939.2 
9618.39 9619.24 16593 53538.6 53538.9 61955.1 
9995.5 9996.35 17188.5 53311.3 53311.7 61962.8 
10376.5 10377.3 17786.7 53080.7 53081 61961.8 
10761 10761.9 18387 52846.8 52847.2 61952.1 
11148.9 11149.8 18989.2 52609.9 52610.2 61933.2 
11539.9 11540.7 19592.9 52369.9 52370.3 61904.9 
11933.7 11934.5 20197.9 52127.1 52127.5 61866.9 
12330.1 12330.9 20803.8 51881.6 51882 61819.2 
12728.7 12729.6 21410.4 51633.5 51633.9 61761.3 
13129.4 13130.3 22017.4 51383 51383.4 61693.2 
13531.9 13532.7 22624.7 51130.1 51130.6 61614.7 
13935.7 13936.6 23231.8 50875.2 50875.7 61525.6 
14340.9 14341.7 23838.8 50618.2 50618.7 61425.7 
14746.9 14747.8 24445.5 50359.3 50359.9 61315 
15153.6 15154.5 25051.6 50098.8 50099.4 61193.3 
15560.6 15561.5 25657.1 49836.8 49837.4 61060.6 
15967.6 15968.5 26261.7 49573.4 49574 60916.7 
16374.3 16375.2 26865.4 49308.9 49309.5 60761.7 
16780.3 16781.2 27468.1 49043.3 49044 60595.4 
17185.4 17186.3 28069.6 48777 48777.7 60417.8 
17589.3 17590.2 28669.9 48510.1 48510.8 60229 
17991.5 17992.4 29268.9 48242.9 48243.6 60028.9 
18391.7 18392.6 29866.5 47975.4 47976.2 59817.5 
18789.3 18790.2 30462.3 47708.3 47709 59595.1 
19184.4 19185.3 31056.9 47441.3 47442 59361.3 
19576.3 19577.2 31649.9 47174.8 47175.6 59116.4 
19964.7 19965.6 32241.4 46909.3 46910.1 58860.5 
20349.1 20350 32831.1 46644.9 46645.7 58593.5 
20729.1 20730 33419.1 46382 46382.8 58315.7 
21104.2 21105.1 34005.4 46120.8 46121.7 58027.1 
21473.8 21474.7 34589.7 45861.9 45862.8 57727.8 
21837.6 21838.5 35172.2 45605.5 45606.4 57418 
22194.9 22195.8 35752.6 45352.1 45353 57097.8 
22545.1 22546 36331.1 45102.2 45103.1 56767.3 
22887.7 22888.6 36907.3 44856.2 44857.1 56426.8 
23221.7 23222.6 37481.1 44614.8 44615.7 56076.5 
23547 23547.9 38052.9 44378.2 44379.1 55716.2 
23862.5 23863.4 38622.2 44147.4 44148.2 55346.4 
24167.5 24168.4 39189.1 43922.8 43923.7 54967.1 
24461.2 24462.1 39753.3 43705.3 43706.1 54578.7 
24742.7 24743.6 40314.8 43495.5 43496.4 54181.3 
25011.1 25011.9 40873.4 43294.4 43295.2 53775 
25265.4 25266.2 41428.9 43102.7 43103.6 53360.2 
25504.7 25505.5 41981.3 42921.4 42922.2 52937.1 
25727.9 25728.7 42530.4 42751.4 42752.2 52505.8 
25934 25934.8 42593.6 42594.4 43076 52066.6 
26122 26122.8 42449.1 42449.9 43617.9 51619.7 
26290.8 26291.6 42318.8 42319.6 44155.6 51165.7 
26439.5 26440.3 42203.6 42204.3 44689.6 50704.1 
26567.2 26567.9 42104.4 42105.1 45219.3 50235.7 
26672.9 26673.6 42022 42022.7 45744.6 49760.4 
26756 26756.7 41957.1 41957.8 46265.3 49278.7 
26815.7 26816.4 41910.3 41911 46781 48790.7 
26851.8 26852.5 41882.1 41882.7 47291.7 48296.7 
26863.8 26864.5 41872.6 41873.3 47796.7 47797.3 
26863.8 26864.5 41872.6 41873.3 47796.7 47797.3 
26863.7 26865.6 41871 41873.1 47796.5 47798.6 
26862.9 26869 41865.4 41873.3 47794.1 47804.2 
26861.6 26874.9 41856.1 41873.6 47790.1 47813.6 
26859.7 26883.1 41843.2 41874 47784.6 47826.8 
26857.3 26893.6 41826.7 41874.6 47777.4 47843.5 
26854.4 26906.5 41806.6 41875.3 47768.7 47863.9 
26850.9 26921.7 41783 41876.1 47758.3 47887.8 
26846.9 26939.2 41756.1 41877.1 47746.4 47915.1 
26842.4 26959.1 41725.9 41878.2 47732.9 47945.7 
26837.3 26981.2 41692.5 41879.4 47717.8 47979.6 
26831.7 27005.7 41656 41880.8 47701.1 48016.5 
26825.5 27032.5 41616.6 41882.2 47682.8 48056.5 
26818.8 27061.6 41574.4 41883.9 47662.9 48099.2 
26811.6 27093 41529.5 41885.6 47641.5 48144.8 
26803.8 27126.7 41482 41887.5 47618.5 48192.9 
26795.5 27162.7 41432 41889.6 47594 48243.5 
26786.7 27200.9 41379.7 41891.8 47567.8 48296.4 
26777.3 27241.4 41325.2 41894.1 47540.1 48351.5 
26767.4 27284.1 41268.6 41896.6 47510.9 48408.8 
26756.9 27329.1 41210 41899.2 47480.1 48468 
26745.9 27376.3 41149.6 41902 47447.7 48529.1 
26734.3 27425.8 41087.4 41905 47413.8 48591.9 
26722.2 27477.4 41023.5 41908.1 47378.3 48656.3 
26709.6 27531.3 40958.1 41911.4 47341.3 48722.3 
26696.4 27587.3 40891.3 41914.8 47302.8 48789.7 
26682.7 27645.5 40823 41918.4 47262.7 48858.4 
26668.4 27705.8 40753.6 41922.2 47221.2 48928.3 
26653.6 27768.3 40682.9 41926.1 47178.1 48999.4 
26638.2 27832.9 40611.1 41930.3 47133.5 49071.5 
26622.2 27899.6 40538.2 41934.6 47087.4 49144.5 
26605.8 27968.4 40464.4 41939.1 47039.8 49218.5 
26588.7 28039.3 40389.7 41943.8 46990.7 49293.2 
26571.1 28112.2 40314.2 41948.7 46940.1 49368.7 
26553 28187.2 40237.9 41953.8 46888.1 49444.8 
26534.3 28264.2 40160.9 41959.1 46834.6 49521.6 
26515 28343.1 40083.2 41964.6 46779.6 49598.9 
26495.2 28424.1 40004.9 41970.3 46723.2 49676.6 
26474.8 28507 39926 41976.3 46665.3 49754.8 
26453.9 28591.9 39846.7 41982.4 46606 49833.3 
26432.4 28678.6 39766.8 41988.8 46545.3 49912.1 
26410.3 28767.3 39686.5 41995.4 46483.2 49991.2 
26387.7 28857.8 39605.8 42002.2 46419.7 50070.5 
26364.5 28950.2 39524.8 42009.3 46354.8 50149.9 
26340.7 29044.3 39443.4 42016.7 46288.6 50229.5 
26316.4 29140.3 39361.8 42024.3 46220.9 50309.1 
26291.4 29238.1 39279.8 42032.1 46152 50388.8 
26266 29337.5 39197.7 42040.2 46081.7 50468.4 
26239.9 29438.7 39115.3 42048.6 46010.1 50548 
26213.3 29541.6 39032.8 42057.2 45937.1 50627.5 
26186.1 29646.1 38950.1 42066.1 45862.9 50706.9 
26158.3 29752.2 38867.2 42075.3 45787.4 50786.2 
26129.9 29859.9 38784.3 42084.8 45710.7 50865.2 
26101 29969.2 38701.2 42094.5 45632.8 50944 
26071.4 30080 38618.1 42104.6 45553.6 51022.6 
26041.3 30192.3 38534.9 42115 45473.2 51100.9 
26010.6 30306.1 38451.7 42125.7 45391.7 51178.9 
25979.3 30421.2 38368.5 42136.7 45309 51256.5 
25947.4 30537.7 38285.2 42148 45225.2 51333.8 
25915 30655.6 38202 42159.6 45140.3 51410.6 
25881.9 30774.7 38118.8 42171.6 45054.3 51487.1 
25848.2 30895.1 38035.6 42183.9 44967.2 51563.1 
25814 31016.7 37952.5 42196.5 44879.2 51638.6 
25779.1 31139.4 37869.4 42209.5 44790.2 51713.7 
25743.7 31263.3 37786.4 42222.9 44700.2 51788.2 
25707.6 31388.1 37703.5 42236.6 44609.4 51862.2 
25671 31514 37620.7 42250.6 44517.6 51935.7 
25633.8 31640.8 37538 42265.1 44425.1 52008.5 
25595.9 31768.5 37455.3 42279.9 44331.8 52080.8 
25557.5 31897.1 37372.8 42295.1 44237.7 52152.4 
25518.4 32026.3 37290.5 42310.7 44142.9 52223.4 
25478.7 32156.3 37208.2 42326.6 44047.6 52293.8 
25438.4 32286.8 37126.1 42343 43951.7 52363.4 
25397.6 32417.8 37044.2 42359.8 43855.2 52432.4 
25356.1 32549.3 36962.3 42377 43758.4 52500.6 
25313.9 32681.2 36880.7 42394.6 43661.1 52568.2 
25271.2 32813.2 36799.2 42412.6 43563.7 52634.9 
25227.9 32945.4 36717.8 42431 43466 52701 
25183.9 33077.7 36636.7 42449.9 43368.3 52766.2 
25139.3 33209.8 36555.7 42469.2 43270.6 52830.7 
25094.2 33341.7 36474.9 42488.9 43173 52894.4 
25048.3 33473.2 36394.3 42509.1 43075.7 52957.2 
25001.9 33604.3 36313.8 42529.7 42978.8 53019.2 
24954.9 33734.6 36233.5 42550.8 42882.5 53080.4 
24907.2 33864 36153.5 42572.3 42786.9 53140.7 
24858.9 33992.4 36073.6 42594.3 42692.2 53200.1 
24810 34119.4 35993.9 42598.7 42616.8 53258.7 
24760.4 34245 35914.4 42506.4 42639.7 53316.4 
24710.2 34368.7 35835.1 42415.8 42663.2 53373.1 
24659.4 34490.4 35756 42327 42687.1 53429 
24608 34609.7 35677.1 42240.4 42711.5 53483.9 
24555.9 34726.3 35598.4 42156.2 42736.3 53537.9 
24503.2 34839.8 35519.9 42074.9 42761.7 53591 
24449.9 34949.8 35441.6 41996.7 42787.6 53643.1 
24396 35055.9 35363.4 41922.2 42813.9 53694.2 
24341.4 35157.7 35285.5 41851.7 42840.8 53744.4 
24286.2 35207.8 35254.6 41785.8 42868.2 53793.6 
24230.4 35130.3 35346.1 41724.9 42896.1 53841.9 
24173.9 35053 35431.8 41669.5 42924.5 53889.1 
24116.8 34975.8 35511 41620.3 42953.5 53935.4 
24117.3 34975.1 35510.3 41620 42953.3 53934.7 
23942.3 34744.9 35703.4 41514.4 43043.3 54067.4 
23761.5 34516.4 35819.6 41482 43138 54191 
23574.9 34289.3 35848.8 41532.6 43237.7 54305.5 
23382.8 34063.9 35788.6 41668.2 43342.3 54410.7 
23184.9 33839.7 35643.9 41883.6 43451.9 54506.6 
22981.4 33616.9 35425.7 42167.7 43566.4 54593.3 
22772.2 33395.1 35146 42507.9 43686.1 54670.8 
22557.6 33174.3 34817.1 42891.8 43810.8 54739.1 
22337.2 32954.2 34448.5 43309.7 43940.6 54798.5 
22111.5 32734.7 34048.5 43752.8 44075.4 54849 
21880.4 32515.5 33623.1 44215 44215.4 54890.8 
21643.6 32296.2 33176.5 44360.3 44692.1 54924.3 
21401.7 32076.9 32713 44510.2 45179.2 54949.6 
21154.4 31856.8 32234.7 44665.1 45674.2 54967.1 
20902 31636.1 31744.6 44824.8 46173.9 54977.1 
20644.4 31243.6 31414 44989.4 46677.1 54980 
20381.9 30734.1 31190.5 45158.6 47181.3 54976.1 
20114.6 30216.9 30965.1 45332.4 47685.5 54966 
19842.2 29692.7 30737.2 45510.9 48189 54950 
19565.3 29163.1 30506.7 45693.6 48689.8 54928.6 
19283.6 28628.2 30272.8 45880.7 49187.8 54902.5 
18997.8 28089.5 30035.4 46071.9 49681.4 54872.1 
18707.3 27546.8 29793.7 46267.1 50170.4 54837.9 
18413 27001.6 29547.6 46466.1 50653.5 54800.7 
18114.5 26453.7 29296.2 46668.7 51130.6 54760.8 
17812.1 25904 29039.1 46874.9 51600.8 54719.1 
17506.1 25353 28776 47084.5 52063.4 54676.1 
17196.5 24801 28506.1 47297.1 52518 54632.4 
16883.6 24248.4 28229.1 47512.8 52964.1 54588.6 
16567.4 23695.8 27944.3 47731.2 53401.1 54545.4 
16248.3 23143.5 27651.4 47952.2 53828.5 54503.4 
15926.4 22591.9 27349.8 48175.6 54245.9 54463.2 
15601.9 22041.4 27039.2 48401.2 54425.4 54653 
15274.9 21492.2 26718.9 48628.7 54390.5 55049.1 
14945.8 20944.8 26388.7 48858 54359.1 55434.1 
14614.7 20399.4 26048.2 49088.9 54331.7 55807.5 
14281.8 19856.5 25697.1 49321.1 54308.8 56168.9 
13947.4 19316.3 25335 49554.5 54290.8 56518.1 
13611.6 18779 24961.8 49788.7 54278.1 56854.8 
13274.8 18245 24577.3 50023.7 54271.1 57178.6 
12937.1 17714.5 24181.2 50259.2 54270.1 57489.4 
12598.8 17187.9 23773.6 50495 54275.3 57786.9 
12260.1 16665.4 23354.5 50730.8 54287 58070.9 
11921.2 16147.1 22923.8 50966.5 54305.3 58341.3 
11582.5 15633.6 22481.8 51201.9 54330.3 58597.8 
11244.1 15124.8 22028.5 51436.7 54362.2 58840.4 
10906.3 14621.1 21564.1 51670.8 54400.9 59069 
10569.4 14122.7 21089.1 51904 54446.4 59283.5 
10233.6 13629.9 20603.6 52136 54498.7 59483.9 
9899.18 13142.8 20108.2 52366.7 54557.6 59670.2 
9566.35 12661.7 19603.3 52595.8 54623 59842.4 
9235.38 12186.7 19089.3 52823.3 54694.7 60000.7 
8906.55 11718.2 18567 53048.8 54772.4 60145 
8580.08 11256.2 18036.7 53272.3 54856 60275.5 
8256.27 10801 17499.4 53493.5 54945.1 60392.4 
7935.35 10352.9 16955.6 53712.3 55039.5 60495.9 
7617.56 9911.87 16406 53928.6 55138.8 60586.2 
7303.18 9478.28 15851.6 54142 55242.6 60663.6 
6992.46 9052.25 15293 54352.5 55350.6 60728.3 
6685.62 8633.94 14731.1 54560 55462.5 60780.8 
6382.94 8223.59 14166.8 54764.2 55577.8 60821.3 
6084.64 7821.33 13601 54965.1 55696.2 60850.2 
5791 7427.38 13034.6 55162.4 55817.2 60868.1 
5502.23 7041.89 12468.6 55356 55940.4 60875.3 
5218.57 6665.01 11903.8 55545.8 56065.5 60872.3 
4940.27 6296.96 11341.4 55731.7 56192 60859.6 
4667.53 5937.85 10782.2 55913.5 56319.5 60837.8 
4400.63 5587.91 10227.2 56091.1 56447.7 60807.4 
4139.75 5247.25 9677.46 56264.4 56576 60769 
3885.11 4916.03 9133.9 56433.2 56704.3 60723.2 
3636.96 4594.43 8597.59 56597.4 56831.9 60670.6 
3395.46 4282.58 8069.43 56756.9 56958.7 60611.8 
3160.86 3980.65 7550.48 56911.7 57084.1 60547.6 
2933.34 3688.79 7041.68 57061.5 57207.9 60478.5 
2713.08 3407.1 6543.94 57206.3 57329.7 60405.2 
2500.3 3135.77 6058.3 57346 57449.1 60328.3 
2295.16 2874.91 5585.64 57480.5 57565.9 60248.6 
2097.83 2624.64 5126.84 57609.8 57679.8 60166.8 
1908.51 2385.12 4682.86 57733.6 57790.4 60083.4 
1727.33 2156.44 4254.51 57851.9 57897.4 59999.1 
1554.48 1938.75 3842.67 57964.7 58000.6 59914.7 
1390.1 1732.15 3448.14 58071.8 58099.6 59830.7 
1234.3 1536.73 3071.67 58173.3 58194.4 59747.7 
1087.26 1352.62 2714.07 58268.9 58284.6 59666.4 
949.088 1179.9 2375.99 58358.7 58370 59587.3 
819.914 1018.69 2058.17 58442.6 58450.4 59511.1 
699.846 869.052 1761.22 58520.5 58525.6 59438.2 
588.98 731.07 1485.72 58592.4 58595.5 59369.1 
487.432 604.835 1232.27 58658.2 58659.8 59304.4 
395.276 490.4 1001.35 58717.9 58718.5 59244.4 
312.606 387.846 793.461 58771.3 58771.4 59189.6 
239.488 297.217 609.011 58818.2 58818.7 59140.4 
175.986 218.569 448.379 58859.1 58859.8 59097.1 
122.158 151.944 311.897 58893.8 58894.6 59059.9 
78.0525 97.3817 199.846 58922.3 58923.1 59029.1 
43.7069 54.9117 112.454 58944.6 58945.3 59005 
19.1521 24.5584 49.9029 58960.5 58961.2 58987.6 
4.40809 6.33608 12.3264 58970.1 58970.7 58977.2 
-0.559778 -0.239962 0.344856 58973 58973.6 58974.2 
-0.559778 -0.239962 0.344856 58973 58973.6 58974.2 
3.00834 3.83419 8.38681 58971.5 58971.8 58975.6 
13.6077 14.4366 34.222 58965.1 58965.5 58982.5 
31.2577 32.0879 77.2629 58954.5 58954.9 58994.1 
55.9389 56.7708 137.467 58939.7 58940.1 59010.2 
87.6233 88.457 214.781 58920.6 58921.1 59030.9 
126.274 127.11 309.134 58897.4 58897.8 59056 
171.848 172.686 420.442 58870 58870.4 59085.3 
224.291 225.133 548.607 58838.4 58838.8 59118.9 
283.546 284.391 693.513 58802.7 58803.1 59156.5 
349.543 350.391 855.031 58762.8 58763.3 59198.1 
422.207 423.06 1033.02 58718.9 58719.4 59243.3 
501.455 502.312 1227.31 58671 58671.4 59292.1 
587.201 588.063 1437.74 58619.1 58619.5 59344.2 
679.335 680.201 1664.1 58563.2 58563.6 59399.4 
777.771 778.642 1906.23 58503.4 58503.7 59457.5 
882.376 883.252 2163.86 58439.7 58440.1 59518.2 
993.056 993.937 2436.81 58372.2 58372.6 59581.2 
1109.67 1110.56 2724.82 58300.9 58301.3 59646.4 
1232.09 1232.98 3027.58 58226 58226.4 59713.3 
1360.18 1361.08 3344.91 58147.4 58147.8 59781.8 
1493.78 1494.68 3676.45 58065.2 58065.6 59851.4 
1632.78 1633.68 4021.97 57979.6 57979.9 59922 
1776.99 1777.91 4381.13 57890.5 57890.8 59993.1 
1926.26 1927.17 4753.58 57798 57798.4 60064.5 
2080.43 2081.35 5139.05 57702.3 57702.6 60135.7 
2239.31 2240.23 5537.14 57603.3 57603.7 60206.5 
2402.76 2403.69 5947.57 57501.3 57501.6 60276.6 
2570.57 2571.51 6369.95 57396.2 57396.6 60345.5 
2742.56 2743.5 6803.85 57288.2 57288.6 60412.9 
2918.56 2919.5 7249 57177.4 57177.7 60478.5 
3098.35 3099.3 7704.9 57063.8 57064.1 60542 
3281.78 3282.72 8171.26 56947.5 56947.9 60602.9 
3468.61 3469.56 8647.65 56828.7 56829.1 60661 
3658.64 3659.59 9133.58 56707.5 56707.9 60715.8 
3851.7 3852.65 9628.77 56584 56584.3 60767.2 
4047.54 4048.49 10132.7 56458.2 56458.6 60814.6 
4245.99 4246.94 10645 56330.4 56330.7 60857.8 
4446.8 4447.76 11165.2 56200.5 56200.9 60896.5 
4649.81 4650.77 11692.9 56068.8 56069.2 60930.4 
4854.78 4855.73 12227.7 55935.4 55935.8 60959.1 
5061.46 5062.41 12769.1 55800.3 55800.7 60982.4 
5269.7 5270.65 13316.8 55663.8 55664.2 60999.9 
5479.22 5480.17 13870.2 55525.9 55526.3 61011.5 
5689.85 5690.8 14428.9 55386.8 55387.2 61016.8 
5901.37 5902.31 14992.6 55246.5 55246.9 61015.6 
6113.51 6114.45 15560.7 55105.4 55105.8 61007.6 
6326.13 6327.06 16132.8 54963.4 54963.8 60992.7 
6538.94 6539.87 16708.5 54820.7 54821.1 60970.6 
6751.78 6752.71 17287.5 54677.5 54677.9 60941.1 
6964.42 6965.34 17869.2 54533.9 54534.3 60904.1 
7176.62 7177.53 18453.3 54390 54390.5 60859.4 
7388.2 7389.11 19039.3 54246.1 54246.6 60806.9 
7598.92 7599.82 19626.7 54102.1 54102.7 60746.3 
7808.61 7809.5 20215.4 53958.4 53958.9 60677.7 
8017.03 8017.92 20804.7 53815 53815.6 60601 
8223.97 8224.85 21394.4 53672.1 53672.7 60516 
8429.26 8430.13 21984 53529.9 53530.4 60422.6 
8632.67 8633.53 22573.1 53388.4 53389 60321 
8834.02 8834.88 23161.4 53247.8 53248.5 60211 
9033.12 9033.97 23748.5 53108.4 53109 60092.7 
9229.74 9230.58 24334 52970.2 52970.8 59966.1 
9423.74 9424.57 24917.5 52833.3 52834 59831.2 
9614.89 9615.72 25498.7 52698 52698.8 59688.1 
9803.06 9803.88 26077.2 52564.4 52565.2 59537 
9988.02 9988.83 26652.7 52432.6 52433.4 59377.8 
10169.6 10170.4 27224.7 52302.8 52303.6 59210.8 
10347.7 10348.5 27793 52175.1 52175.9 59036.1 
10522.1 10522.9 28357 52049.7 52050.5 58854 
10692.6 10693.4 28916.6 51926.7 51927.5 58664.6 
10859.1 10859.9 29471.1 51806.2 51807 58468.2 
11021.4 11022.2 30020.4 51688.4 51689.2 58265 
11179.5 11180.2 30563.9 51573.3 51574.3 58055.4 
11333 11333.8 31101.2 51461.3 51462.2 57839.8 
11481.9 11482.7 31631.9 51352.3 51353.2 57618.4 
11626.1 11626.9 32155.4 51246.5 51247.5 57391.8 
11765.5 11766.2 32671.3 51144 51145 57160.4 
11899.8 11900.6 33179.1 51044.9 51045.9 56924.7 
12029 12029.8 33678.1 50949.4 50950.5 56685.4 
12153 12153.8 34167.7 50857.6 50858.6 56443 
12271.6 12272.4 34647.1 50769.5 50770.6 56198.4 
12384.8 12385.6 35115.7 50685.3 50686.4 55952.2 
12492.5 12493.2 35572.5 50605 50606.1 55705.3 
12594.5 12595.2 36016.5 50528.8 50530 55458.9 
12690.8 12691.5 36446.9 50456.8 50458 55213.8 
12781.2 12782 36862.2 50389 50390.2 54971.5 
12865.8 12866.5 37261.4 50325.6 50326.8 54733.2 
12944.4 12945.1 37642.9 50266.5 50267.7 54500.4 
13016.9 13017.7 38005.1 50211.9 50213.1 54274.7 
13083.4 13084.2 38346.2 50161.8 50163 54058 
13143.7 13144.5 38664.4 50116.3 50117.5 53852.2 
13197.8 13198.6 38957.7 50075.4 50076.7 53659.4 
13245.6 13246.4 39223.8 50039.3 50040.5 53481.8 
13287.2 13287.9 39460.5 50007.8 50009.1 53321.7 
13322.4 13323.2 39665.7 49981.2 49982.5 53181.3 
13351.2 13352 39837.1 49959.3 49960.6 53062.8 
13373.7 13374.5 39972.8 49942.3 49943.6 52968.3 
13389.7 13390.5 40071.1 49930.1 49931.4 52899.4 
13399.4 13400.2 40130.6 49922.8 49924.1 52857.5 
13402.6 13403.4 40150.5 49920.4 49921.7 52843.5 
