-0.498 1.50403 -1.61399
-0.496 0.913751 -1.55905
-0.494 0.1867 -1.41243
-0.492 -0.57732 -1.18328
-0.49 -1.27211 -0.891365
-0.488 -1.79936 -0.564647
-0.486 -2.08147 -0.235736
-0.484 -2.0714 0.0625161
-0.482 -1.75906 0.301384
-0.48 -1.17439 0.459929
-0.478 -0.387007 0.527445
-0.476 0.49857 0.504441
-0.474 1.35388 0.402207
-0.472 2.04386 0.241122
-0.47 2.44864 0.0479453
-0.468 2.4859 -0.147666
-0.466 2.12957 -0.317165
-0.464 1.42043 -0.437334
-0.462 0.465093 -0.49425
-0.46 -0.578484 -0.486382
-0.458 -1.52768 -0.426049
-0.456 -2.20889 -0.338558
-0.454 -2.49103 -0.258567
-0.452 -2.31168 -0.22384
-0.45 -1.69054 -0.267213
-0.448 -0.727128 -0.408347
-0.446 0.417943 -0.647181
-0.444 1.555 -0.960974
-0.442 2.50358 -1.30614
-0.44 3.12756 -1.62503
-0.438 3.35871 -1.85659
-0.436 3.20392 -1.94871
-0.434 2.73581 -1.86947
-0.432 2.06988 -1.61469
-0.43 1.33378 -1.20991
-0.428 0.636283 -0.706152
-0.426 0.0439307 -0.170411
-0.424 -0.428217 0.327089
-0.422 -0.809704 0.725966
-0.42 -1.15503 0.986347
-0.418 -1.51827 1.09499
-0.416 -1.92977 1.06588
-0.414 -2.38151 0.935551
-0.412 -2.82476 0.754544
-0.41 -3.18061 0.576816
-0.408 -3.35997 0.449334
-0.406 -3.28704 0.403602
-0.404 -2.91968 0.450434
-0.402 -2.26153 0.578611
-0.4 -1.36368 0.757434
-0.398 -0.316335 0.942675
-0.396 0.767118 1.08498
-0.394 1.76951 1.13943
-0.392 2.58773 1.07474
-0.39 3.14507 0.880421
-0.388 3.39722 0.570372
-0.386 3.33337 0.181797
-0.384 2.97516 -0.23079
-0.382 2.3745 -0.605805
-0.38 1.60962 -0.887219
-0.378 0.778112 -1.03696
-0.376 -0.0140304 -1.04419
-0.374 -0.667127 -0.928913
-0.372 -1.10516 -0.738812
-0.37 -1.2926 -0.53939
-0.368 -1.24552 -0.39958
-0.366 -1.03123 -0.375992
-0.364 -0.753613 -0.499535
-0.362 -0.526719 -0.76765
-0.36 -0.443416 -1.144
-0.358 -0.54812 -1.56564
-0.356 -0.821548 -1.9558
-0.354 -1.18302 -2.23927
-0.352 -1.51185 -2.35681
-0.35 -1.6835 -2.27561
-0.348 -1.60981 -1.99401
-0.346 -1.26918 -1.54008
-0.344 -0.715975 -0.965258
-0.342 -0.0656324 -0.334798
-0.34 0.538786 0.28252
-0.338 0.96809 0.823852
-0.336 1.14416 1.23967
-0.334 1.06174 1.49865
-0.332 0.787211 1.59007
-0.33 0.433053 1.52384
-0.328 0.116288 1.32833
-0.326 -0.0837871 1.04592
-0.324 -0.152123 0.726573
-0.322 -0.138936 0.419742
-0.32 -0.135609 0.165862
-0.318 -0.234578 -0.01114
-0.316 -0.487174 -0.108437
-0.314 -0.874641 -0.144611
-0.312 -1.30462 -0.155109
-0.31 -1.63756 -0.183502
-0.308 -1.73581 -0.270417
-0.306 -1.51774 -0.442805
-0.304 -0.995925 -0.706275
-0.302 -0.284359 -1.04257
-0.3 0.429209 -1.41282
-0.298 0.938164 -1.76574
-0.296 1.08304 -2.04845
-0.294 0.807926 -2.21716
-0.292 0.187107 -2.24512
-0.29 -0.590318 -2.12623
-0.288 -1.27571 -1.87411
-0.286 -1.63883 -1.51764
-0.284 -1.54263 -1.09485
-0.282 -0.991025 -0.646996
-0.28 -0.134698 -0.214062
-0.278 0.767516 0.168191
-0.276 1.4222 0.470162
-0.274 1.58969 0.670385
-0.272 1.16033 0.758154
-0.27 0.193337 0.736613
-0.268 -1.09526 0.62525
-0.266 -2.39174 0.460101
-0.264 -3.37163 0.290177
-0.262 -3.78827 0.169509
-0.26 -3.53843 0.145763
-0.258 -2.68779 0.247882
-0.256 -1.44959 0.476181
-0.254 -0.123054 0.798201
-0.252 0.990003 1.15241
-0.25 1.66458 1.45973
-0.248 1.80477 1.64066
-0.246 1.45617 1.63379
-0.244 0.778942 1.41098
-0.242 -0.00708461 0.985165
-0.24 -0.687998 0.408603
-0.238 -1.11335 -0.237803
-0.236 -1.23009 -0.861436
-0.234 -1.08469 -1.37677
-0.232 -0.795195 -1.7216
-0.23 -0.504358 -1.86726
-0.228 -0.329856 -1.82119
-0.226 -0.32695 -1.62235
-0.224 -0.473903 -1.33149
-0.222 -0.683046 -1.01914
-0.22 -0.83263 -0.753875
-0.218 -0.808543 -0.592384
-0.216 -0.54283 -0.572009
-0.214 -0.0379344 -0.705732
-0.212 0.629564 -0.979475
-0.21 1.32662 -1.35198
-0.208 1.89839 -1.75796
-0.206 2.21071 -2.11536
-0.204 2.18786 -2.33702
-0.202 1.83409 -2.34581
-0.2 1.23292 -2.09091
-0.198 0.525324 -1.56139
-0.196 -0.126166 -0.793214
-0.194 -0.579129 0.133346
-0.192 -0.74931 1.10658
-0.19 -0.635105 2.00451
-0.188 -0.319236 2.71956
-0.186 0.0557629 3.18059
-0.184 0.331448 3.36635
-0.182 0.38196 3.30652
-0.18 0.151742 3.07013
-0.178 -0.326816 2.74474
-0.176 -0.938555 2.41239
-0.174 -1.51268 2.12943
-0.172 -1.86796 1.91564
-0.17 -1.86622 1.75537
-0.168 -1.45798 1.60959
-0.166 -0.703593 1.43444
-0.164 0.237822 1.19991
-0.162 1.14684 0.902757
-0.16 1.79652 0.569517
-0.158 2.00571 0.249402
-0.156 1.68181 -0.000413917
-0.154 0.843429 -0.132116
-0.152 -0.384475 -0.121848
-0.15 -1.80339 0.0225806
-0.148 -3.19208 0.262655
-0.146 -4.35811 0.537887
-0.144 -5.17419 0.779277
-0.142 -5.59192 0.923633
-0.14 -5.63384 0.925407
-0.138 -5.36919 0.764159
-0.136 -4.88099 0.44738
-0.134 -4.23509 0.0095091
-0.132 -3.4627 -0.4917
-0.13 -2.56322 -0.980657
-0.128 -1.52439 -1.37117
-0.126 -0.34895 -1.57587
-0.124 0.923135 -1.51803
-0.122 2.20361 -1.14517
-0.12 3.35831 -0.441992
-0.118 4.22445 0.560549
-0.116 4.64223 1.78402
-0.114 4.49495 3.11136
-0.112 3.74534 4.40592
-0.11 2.45457 5.53731
-0.108 0.777241 6.40829
-0.106 -1.06585 6.97545
-0.104 -2.82916 7.25752
-0.102 -4.28892 7.3283
-0.1 -5.28483 7.2957
-0.098 -5.74756 7.27273
-0.096 -5.70468 7.34886
-0.094 -5.26398 7.56992
-0.092 -4.57974 7.93243
-0.09 -3.81129 8.39336
-0.088 -3.08317 8.89144
-0.086 -2.45614 9.37236
-0.084 -1.91764 9.80843
-0.082 -1.39721 10.2051
-0.08 -0.802941 10.5915
-0.078 -0.0655268 10.9964
-0.076 0.827363 11.4187
-0.074 1.81767 11.8005
-0.072 2.78672 12.0144
-0.07 3.58407 11.8713
-0.068 4.06829 11.1495
-0.066 4.14885 9.64221
-0.064 3.81366 7.21283
-0.062 3.12798 3.84638
-0.06 2.20198 -0.314584
-0.058 1.14019 -4.95888
-0.056 -0.00443702 -9.62519
-0.054 -1.25212 -13.7496
-0.052 -2.68377 -16.7368
-0.05 -4.39571 -18.0451
-0.048 -6.4321 -17.2727
-0.046 -8.71631 -14.2313
-0.044 -11.0105 -8.99532
-0.042 -12.9307 -1.91585
-0.04 -14.0262 6.40647
-0.038 -13.9074 15.1909
-0.036 -12.3853 23.583
-0.034 -9.58056 30.7861
-0.032 -5.96109 36.1976
-0.03 -2.27932 39.5276
-0.028 0.598653 40.8749
-0.026 1.94034 40.7405
-0.024 1.39933 39.968
-0.022 -0.814006 39.6159
-0.02 -3.90734 40.7784
-0.018 -6.6442 44.3864
-0.016 -7.61791 51.0237
-0.014 -5.60663 60.7941
-0.012 0.0664926 73.2642
-0.01 9.2636 87.4961
-0.008 20.9494 102.166
-0.006 33.3512 115.75
-0.004 44.3365 126.743
-0.002 51.9004 133.88
0 54.6241 136.325
0.002 51.9903 133.786
0.004 44.4967 126.566
0.006 33.5493 115.511
0.008 21.1504 101.895
0.01 9.4411 87.2234
0.012 0.208808 73.0224
0.014 -5.49694 60.6112
0.016 -7.53104 50.9205
0.018 -6.57343 44.3741
0.02 -3.85794 40.8578
0.022 -0.806515 39.7772
0.024 1.33349 40.1922
0.026 1.76978 41.0015
0.028 0.305648 41.1424
0.03 -2.68775 39.7703
0.032 -6.44969 36.3867
0.034 -10.0924 30.8978
0.036 -12.857 23.6011
0.038 -14.288 15.1082
0.04 -14.2932 6.22554
0.042 -13.0971 -2.1834
0.044 -11.121 -9.32999
0.046 -8.83388 -14.6078
0.048 -6.61877 -17.6625
0.05 -4.69411 -18.4194
0.052 -3.10485 -17.0694
0.054 -1.773 -14.0192
0.056 -0.576995 -9.8178
0.058 0.573543 -5.06851
0.06 1.69088 -0.343745
0.062 2.70099 3.88744
0.064 3.473 7.30775
0.066 3.87376 9.77074
0.068 3.82471 11.2902
0.07 3.33663 12.0041
0.072 2.50841 12.1234
0.074 1.49402 11.8753
0.076 0.454481 11.4559
0.078 -0.486529 10.9993
0.08 -1.27103 10.5693
0.082 -1.91282 10.1712
0.084 -2.47972 9.77793
0.086 -3.05684 9.35995
0.088 -3.70336 8.90899
0.09 -4.41958 8.44833
0.092 -5.13677 8.02704
0.094 -5.73159 7.7012
0.096 -6.05753 7.5097
0.098 -5.98306 7.45336
0.1 -5.42699 7.48555
0.102 -4.38376 7.51767
0.104 -2.93276 7.43882
0.106 -1.22883 7.14378
0.108 0.523895 6.56141
0.11 2.10813 5.67493
0.112 3.33204 4.52861
0.114 4.06254 3.21926
0.116 4.24644 1.87573
0.118 3.91352 0.632592
0.12 3.16009 -0.395043
0.122 2.11914 -1.12972
0.124 0.927473 -1.53993
0.126 -0.299926 -1.63855
0.128 -1.48391 -1.47396
0.13 -2.58325 -1.1176
0.132 -3.58555 -0.651288
0.134 -4.48849 -0.156464
0.136 -5.27636 0.294097
0.138 -5.90192 0.642663
0.14 -6.28406 0.851612
0.142 -6.32537 0.90725
0.144 -5.94444 0.821609
0.146 -5.11152 0.630952
0.148 -3.87618 0.389925
0.15 -2.37727 0.161344
0.152 -0.828959 0.00315004
0.154 0.518561 -0.0443614
0.156 1.4365 0.0326487
0.158 1.77644 0.219735
0.16 1.51157 0.480351
0.162 0.746585 0.768493
0.164 -0.306451 1.044
0.166 -1.37947 1.28551
0.168 -2.21469 1.49662
0.17 -2.62972 1.70258
0.172 -2.5635 1.93825
0.174 -2.08777 2.23094
0.176 -1.37911 2.58392
0.178 -0.661097 2.96652
0.18 -0.136582 3.31481
0.182 0.068733 3.54369
0.184 -0.0629475 3.56742
0.186 -0.442055 3.32314
0.188 -0.902004 2.79046
0.19 -1.25141 2.00137
0.192 -1.33363 1.03736
0.194 -1.07478 0.014283
0.196 -0.50443 -0.940819
0.198 0.256741 -1.71491
0.2 1.03541 -2.22996
0.202 1.65549 -2.45502
0.204 1.98429 -2.40772
0.206 1.96364 -2.14597
0.208 1.61996 -1.75315
0.21 1.05161 -1.32099
0.212 0.397622 -0.933948
0.214 -0.202956 -0.657507
0.216 -0.648384 -0.531331
0.218 -0.897256 -0.566749
0.22 -0.971498 -0.747617
0.222 -0.940698 -1.03371
0.224 -0.894267 -1.36621
0.226 -0.910187 -1.67542
0.228 -1.02881 -1.8905
0.23 -1.23835 -1.95091
0.232 -1.47606 -1.8179
0.234 -1.64571 -1.48368
0.236 -1.64781 -0.975798
0.238 -1.41443 -0.354529
0.24 -0.938307 0.296927
0.242 -0.286425 0.888039
0.244 0.407036 1.33898
0.246 0.967995 1.59687
0.248 1.22461 1.64609
0.25 1.05508 1.51013
0.252 0.429111 1.24426
0.254 -0.569844 0.921369
0.256 -1.75202 0.614555
0.258 -2.86061 0.381208
0.26 -3.63433 0.252382
0.262 -3.87624 0.22955
0.264 -3.50907 0.288611
0.266 -2.60161 0.38909
0.268 -1.35769 0.485343
0.27 -0.0680433 0.536606
0.272 0.964826 0.51365
0.274 1.50932 0.401377
0.276 1.46985 0.198073
0.278 0.912919 -0.0870773
0.28 0.0450235 -0.436607
0.282 -0.85038 -0.826562
0.284 -1.4972 -1.22746
0.286 -1.70727 -1.60527
0.288 -1.43409 -1.92354
0.29 -0.783757 -2.14743
0.292 0.0209404 -2.24953
0.294 0.712741 -2.21607
0.296 1.06517 -2.05179
0.298 0.962447 -1.78133
0.3 0.431579 -1.44595
0.302 -0.371953 -1.09596
0.304 -1.21814 -0.780146
0.306 -1.87736 -0.535035
0.308 -2.19203 -0.376758
0.31 -2.12188 -0.297799
0.312 -1.74811 -0.269582
0.314 -1.23612 -0.250245
0.316 -0.771311 -0.195565
0.318 -0.492232 -0.0702549
0.32 -0.444969 0.143091
0.322 -0.573591 0.43934
0.324 -0.748229 0.7912
0.326 -0.819738 1.15411
0.328 -0.681136 1.47418
0.33 -0.313398 1.69737
0.332 0.201761 1.77816
0.334 0.707475 1.68653
0.336 1.02631 1.41279
0.338 1.02364 0.96976
0.34 0.657268 0.392534
0.342 -0.00356862 -0.264521
0.344 -0.79605 -0.933443
0.346 -1.51312 -1.54096
0.348 -1.96873 -2.01869
0.35 -2.05729 -2.314
0.352 -1.78673 -2.39952
0.354 -1.27365 -2.27919
0.356 -0.702936 -1.989
0.358 -0.266737 -1.59147
0.36 -0.103749 -1.1644
0.362 -0.257556 -0.785968
0.364 -0.665723 -0.51917
0.366 -1.18148 -0.399203
0.368 -1.62007 -0.426813
0.37 -1.81418 -0.569256
0.372 -1.66056 -0.768668
0.374 -1.14394 -0.955834
0.376 -0.333705 -1.06601
0.378 0.641713 -1.05304
0.38 1.63122 -0.898694
0.382 2.49614 -0.615231
0.384 3.13423 -0.241195
0.386 3.48815 0.16821
0.388 3.53987 0.553568
0.39 3.29784 0.863581
0.392 2.78584 1.06469
0.394 2.03934 1.14628
0.396 1.10937 1.12087
0.398 0.0685025 1.01982
0.4 -0.987766 0.885787
0.402 -1.94864 0.763507
0.404 -2.70511 0.690734
0.406 -3.17307 0.690709
0.408 -3.31572 0.767384
0.41 -3.15669 0.904101
0.412 -2.77649 1.06602
0.414 -2.2906 1.20607
0.416 -1.81493 1.27358
0.418 -1.43028 1.22438
0.42 -1.15826 1.03038
0.422 -0.956992 0.686875
0.424 -0.738506 0.215721
0.426 -0.40324 -0.336644
0.428 0.118505 -0.906281
0.43 0.831782 -1.42282
0.432 1.66182 -1.82232
0.434 2.46555 -2.05915
0.436 3.06749 -2.11432
0.438 3.30882 -1.9984
0.44 3.09454 -1.74836
0.442 2.42482 -1.41923
0.444 1.40161 -1.07252
0.446 0.208576 -0.764143
0.448 -0.930835 -0.534471
0.45 -1.80565 -0.402412
0.452 -2.26493 -0.364506
0.454 -2.24751 -0.398566
0.456 -1.78735 -0.47054
0.458 -0.996366 -0.54271
0.46 -0.0327892 -0.581359
0.462 0.935005 -0.562516
0.464 1.76004 -0.475076
0.466 2.33744 -0.321322
0.468 2.61178 -0.11535
0.47 2.5731 0.119854
0.472 2.24701 0.355991
0.474 1.68489 0.563144
0.476 0.957334 0.713305
0.478 0.150517 0.783561
0.48 -0.637697 0.758819
0.482 -1.30479 0.633857
0.484 -1.75517 0.414438
0.486 -1.91583 0.117188
0.488 -1.75317 -0.231928
0.49 -1.28615 -0.6005
0.492 -0.589727 -0.953597
0.494 0.215463 -1.25814
0.496 0.986511 -1.48707
0.498 1.5889 -1.62256
0.4 0.0275601 10.5967
0.8 0.0316677 10.5943
1.2 0.0384775 10.5903
1.6 0.0479355 10.5846
2 0.0599672 10.5773
2.4 0.0744782 10.5682
2.8 0.0913555 10.5573
3.2 0.110469 10.5446
3.6 0.131672 10.53
4 0.154805 10.5133
4.4 0.179695 10.4947
4.8 0.206161 10.4738
5.2 0.234011 10.4508
5.6 0.263051 10.4256
6 0.293079 10.3979
6.4 0.323895 10.368
6.8 0.355299 10.3355
7.2 0.387094 10.3007
7.6 0.419089 10.2633
8 0.451099 10.2235
8.4 0.482949 10.1811
8.8 0.514476 10.1363
9.2 0.545527 10.0891
9.6 0.575965 10.0395
10 0.605667 9.98757
10.4 0.634527 9.93341
10.8 0.662454 9.87712
11.2 0.689376 9.8188
11.6 0.715236 9.75858
12 0.739996 9.69659
12.4 0.763633 9.63298
12.8 0.786143 9.56792
13.2 0.807533 9.50155
13.6 0.82783 9.43406
14 0.847069 9.36562
14.4 0.8653 9.29642
14.8 0.882583 9.22662
15.2 0.898985 9.15642
15.6 0.914582 9.08599
16 0.929455 9.0155
16.4 0.943689 8.94514
16.8 0.957368 8.87506
17.2 0.97058 8.80542
17.6 0.983408 8.73636
18 0.995934 8.66804
18.4 1.00824 8.60058
18.8 1.02038 8.5341
19.2 1.03244 8.4687
19.6 1.04445 8.40447
20 1.05648 8.34152
20.4 1.06856 8.27989
20.8 1.0807 8.21966
21.2 1.09294 8.16087
21.6 1.10527 8.10356
22 1.11769 8.04775
22.4 1.13019 7.99346
22.8 1.14275 7.94069
23.2 1.15532 7.88945
23.6 1.16788 7.83971
24 1.18037 7.79147
24.4 1.19275 7.7447
24.8 1.20496 7.69936
25.2 1.21693 7.65543
25.6 1.2286 7.61286
26 1.23991 7.57162
26.4 1.2508 7.53166
26.8 1.2612 7.49294
27.2 1.27105 7.45542
27.6 1.28029 7.41906
28 1.28887 7.38381
28.4 1.29675 7.34963
28.8 1.30387 7.3165
29.2 1.3102 7.28437
29.6 1.31571 7.25323
30 1.32038 7.22303
30.4 1.3242 7.19377
30.8 1.32715 7.16543
31.2 1.32924 7.13798
31.6 1.33048 7.11143
32 1.33089 7.08576
32.4 1.33048 7.06098
32.8 1.32929 7.03708
33.2 1.32736 7.01406
33.6 1.32473 6.99194
34 1.32145 6.97071
34.4 1.31758 6.95039
34.8 1.31319 6.93097
35.2 1.30833 6.91247
35.6 1.30309 6.89488
36 1.29752 6.8782
36.4 1.29171 6.86244
36.8 1.28574 6.84758
37.2 1.27969 6.83362
37.6 1.27364 6.82054
38 1.26766 6.80831
38.4 1.26185 6.79692
38.8 1.25628 6.78633
39.2 1.25104 6.7765
39.6 1.24619 6.7674
40 1.24182 6.75897
40.4 1.238 6.75116
40.8 1.23479 6.74392
41.2 1.23226 6.73719
41.6 1.23047 6.7309
42 1.22948 6.72501
42.4 1.22933 6.71944
42.8 1.23007 6.71412
43.2 1.23174 6.70902
43.6 1.23437 6.70405
44 1.23799 6.69918
44.4 1.2426 6.69435
44.8 1.24823 6.68952
45.2 1.25488 6.68465
45.6 1.26255 6.67972
46 1.27123 6.67471
46.4 1.28091 6.6696
46.8 1.29156 6.66439
47.2 1.30316 6.65909
47.6 1.31567 6.65371
48 1.32907 6.64827
48.4 1.3433 6.64281
48.8 1.35833 6.63735
49.2 1.3741 6.63194
49.6 1.39057 6.62664
50 1.40768 6.62148
50.4 1.42538 6.61652
50.8 1.4436 6.61183
51.2 1.4623 6.60744
51.6 1.48142 6.60342
52 1.5009 6.5998
52.4 1.52069 6.59664
52.8 1.54072 6.59398
53.2 1.56096 6.59184
53.6 1.58134 6.59024
54 1.60181 6.58921
54.4 1.62232 6.58875
54.8 1.64282 6.58884
55.2 1.66327 6.58948
55.6 1.68361 6.59065
56 1.70379 6.59231
56.4 1.72376 6.59441
56.8 1.74348 6.59691
57.2 1.76289 6.59975
57.6 1.78194 6.60287
58 1.80058 6.60619
58.4 1.81874 6.60965
58.8 1.83639 6.61317
59.2 1.85345 6.61667
59.6 1.86986 6.62008
60 1.88557 6.62333
60.4 1.90052 6.62633
60.8 1.91464 6.62902
61.2 1.92787 6.63134
61.6 1.94016 6.63322
62 1.95143 6.63461
62.4 1.96166 6.63546
62.8 1.97077 6.6357
63.2 1.97873 6.63532
63.6 1.98549 6.63425
64 1.99104 6.63247
64.4 1.99535 6.62993
64.8 1.9984 6.62659
65.2 2.0002 6.62242
65.6 2.00075 6.61738
66 2.00008 6.61141
66.4 1.99822 6.60446
66.8 1.99523 6.59646
67.2 1.99116 6.58736
67.6 1.98608 6.57705
68 1.98009 6.56546
68.4 1.97327 6.55247
68.8 1.96573 6.53797
69.2 1.9576 6.52184
69.6 1.94899 6.50392
70 1.94003 6.48408
70.4 1.93085 6.46215
70.8 1.9216 6.43796
71.2 1.9124 6.41135
71.6 1.90339 6.38214
72 1.89469 6.35015
72.4 1.88644 6.31521
72.8 1.87874 6.27715
73.2 1.8717 6.23583
73.6 1.86541 6.19109
74 1.85995 6.14281
74.4 1.85537 6.09089
74.8 1.85174 6.03524
75.2 1.84909 5.97581
75.6 1.84742 5.91257
76 1.84674 5.84553
76.4 1.84703 5.77473
76.8 1.84826 5.70025
77.2 1.85038 5.62221
77.6 1.85334 5.54074
78 1.85707 5.45604
78.4 1.86149 5.36833
78.8 1.8665 5.27787
79.2 1.87203 5.18494
79.6 1.87798 5.08987
80 1.88426 4.99299
80.4 1.89077 4.89467
80.8 1.89743 4.79529
81.2 1.90417 4.69525
81.6 1.9109 4.59495
82 1.91758 4.49479
82.4 1.92415 4.39518
82.8 1.93058 4.2965
83.2 1.93685 4.19914
83.6 1.94294 4.10346
84 1.94886 4.00979
84.4 1.95464 3.91845
84.8 1.96029 3.8297
85.2 1.96587 3.74379
85.6 1.97142 3.66091
86 1.97701 3.58124
86.4 1.98269 3.50488
86.8 1.98853 3.43191
87.2 1.99462 3.36237
87.6 2.001 3.29623
88 2.00775 3.23345
88.4 2.01493 3.17394
88.8 2.02258 3.11755
89.2 2.03074 3.06413
89.6 2.03944 3.01349
90 2.04869 2.96539
90.4 2.05849 2.9196
90.8 2.06881 2.87586
91.2 2.07963 2.83388
91.6 2.09089 2.7934
92 2.10253 2.75412
92.4 2.11447 2.71577
92.8 2.1266 2.67806
93.2 2.13883 2.64074
93.6 2.15104 2.60356
94 2.16311 2.56628
94.4 2.17492 2.52869
94.8 2.18633 2.49061
95.2 2.19722 2.45188
95.6 2.20747 2.41236
96 2.21696 2.37196
96.4 2.22559 2.3306
96.8 2.23327 2.28823
97.2 2.23992 2.24485
97.6 2.24547 2.20044
98 2.24989 2.15507
98.4 2.25315 2.10877
98.8 2.25525 2.06164
99.2 2.2562 2.01377
99.6 2.25603 1.96527
100 2.2548 1.91628
100.4 2.25258 1.86693
100.8 2.24944 1.81738
101.2 2.24548 1.76776
101.6 2.24081 1.71822
102 2.23554 1.66893
102.4 2.22978 1.62002
102.8 2.22364 1.57163
103.2 2.21724 1.52389
103.6 2.21068 1.47693
104 2.20404 1.43084
104.4 2.1974 1.38573
104.8 2.19083 1.34168
105.2 2.18436 1.29876
105.6 2.17802 1.25701
106 2.1718 1.21649
106.4 2.16568 1.1772
106.8 2.1596 1.13917
107.2 2.1535 1.10239
107.6 2.14727 1.06685
108 2.14079 1.03252
108.4 2.13394 0.99937
108.8 2.12655 0.967354
109.2 2.11847 0.936422
109.6 2.10951 0.90652
110 2.0995 0.877587
110.4 2.08824 0.849561
110.8 2.07558 0.822376
111.2 2.06132 0.795968
111.6 2.04532 0.770275
112 2.02742 0.745233
112.4 2.00751 0.720786
112.8 1.98549 0.69688
113.2 1.96127 0.673466
113.6 1.93483 0.6505
114 1.90614 0.627947
114.4 1.87522 0.605777
114.8 1.84213 0.583968
115.2 1.80694 0.562506
115.6 1.76979 0.541384
116 1.7308 0.520603
116.4 1.69015 0.500174
116.8 1.64804 0.480112
117.2 1.60469 0.460442
117.6 1.56033 0.441197
118 1.5152 0.422414
118.4 1.46956 0.404139
118.8 1.42365 0.386422
119.2 1.37774 0.369318
119.6 1.33206 0.352886
120 1.28683 0.33719
120.4 1.24227 0.322294
120.8 1.19857 0.308264
121.2 1.15588 0.295169
121.6 1.11434 0.283073
122 1.07405 0.272041
122.4 1.03507 0.262136
122.8 0.997447 0.253414
123.2 0.961167 0.245928
123.6 0.926202 0.239725
124 0.892486 0.234843
124.4 0.859925 0.231313
124.8 0.828399 0.229158
125.2 0.797766 0.22839
125.6 0.767867 0.229012
126 0.73853 0.231013
126.4 0.709574 0.234376
126.8 0.680819 0.239067
127.2 0.652086 0.245046
127.6 0.623206 0.252257
128 0.594024 0.260638
128.4 0.564404 0.270112
128.8 0.534236 0.280597
129.2 0.503435 0.291999
129.6 0.471949 0.30422
130 0.439761 0.317152
130.4 0.406887 0.330685
130.8 0.373383 0.344705
131.2 0.33934 0.359097
131.6 0.304887 0.373743
132 0.270186 0.388531
132.4 0.235434 0.40335
132.8 0.200855 0.418093
133.2 0.1667 0.43266
133.6 0.133238 0.446961
134 0.100758 0.460913
134.4 0.069556 0.474444
134.8 0.039934 0.487495
135.2 0.0121928 0.500017
135.6 -0.0133736 0.511976
136 -0.0364841 0.52335
136.4 -0.0568755 0.534132
136.8 -0.0743077 0.544328
137.2 -0.0885685 0.553955
137.6 -0.0994772 0.563046
138 -0.106888 0.571643
138.4 -0.110693 0.5798
138.8 -0.110824 0.587581
139.2 -0.107251 0.595056
139.6 -0.0999877 0.602303
140 -0.0890852 0.609408
140.4 -0.0746339 0.616455
140.8 -0.0567602 0.623534
141.2 -0.0356241 0.630735
141.6 -0.0114154 0.638143
142 0.01565 0.645845
142.4 0.0453344 0.65392
142.8 0.0773828 0.662442
143.2 0.111528 0.671479
143.6 0.147494 0.68109
144 0.185003 0.691326
144.4 0.223778 0.702229
144.8 0.263548 0.713831
145.2 0.30405 0.726154
145.6 0.345036 0.739211
146 0.386272 0.753006
146.4 0.427543 0.767534
146.8 0.468653 0.782782
147.2 0.509428 0.798731
147.6 0.549714 0.815354
148 0.589379 0.832622
148.4 0.628312 0.8505
148.8 0.66642 0.868951
149.2 0.70363 0.887939
149.6 0.739882 0.907427
150 0.775132 0.927378
150.4 0.809346 0.94776
150.8 0.8425 0.968545
151.2 0.874574 0.989708
151.6 0.905553 1.01123
152 0.935422 1.0331
152.4 0.964167 1.05531
152.8 0.991768 1.07786
153.2 1.0182 1.10076
153.6 1.04344 1.12403
154 1.06746 1.14768
154.4 1.0902 1.17173
154.8 1.11163 1.19623
155.2 1.13169 1.22121
155.6 1.15033 1.2467
156 1.16748 1.27274
156.4 1.18308 1.29938
156.8 1.19708 1.32666
157.2 1.20941 1.35461
157.6 1.22003 1.38328
158 1.22888 1.41268
158.4 1.23593 1.44286
158.8 1.24116 1.47382
159.2 1.24454 1.50558
159.6 1.2461 1.53815
160 1.24584 1.57152
160.4 1.2438 1.60568
160.8 1.24005 1.64059
161.2 1.23464 1.67624
161.6 1.22768 1.71256
162 1.21927 1.74951
162.4 1.20953 1.78702
162.8 1.1986 1.82502
163.2 1.18663 1.86343
163.6 1.17378 1.90216
164 1.16021 1.94111
164.4 1.14609 1.98017
164.8 1.1316 2.01926
165.2 1.1169 2.05824
165.6 1.10215 2.09702
166 1.08752 2.13548
166.4 1.07315 2.1735
166.8 1.05918 2.21098
167.2 1.04572 2.24779
167.6 1.03287 2.28385
168 1.02072 2.31904
168.4 1.00933 2.35327
168.8 0.998752 2.38644
169.2 0.989008 2.41848
169.6 0.980102 2.4493
170 0.972024 2.47883
170.4 0.964741 2.50701
170.8 0.958209 2.5338
171.2 0.952366 2.55913
171.6 0.947141 2.58296
172 0.942453 2.60528
172.4 0.938212 2.62606
172.8 0.934327 2.64527
173.2 0.930703 2.66291
173.6 0.927247 2.67897
174 0.923869 2.69346
174.4 0.920484 2.70638
174.8 0.917016 2.71776
175.2 0.913398 2.7276
175.6 0.909574 2.73592
176 0.905499 2.74276
176.4 0.901143 2.74814
176.8 0.896487 2.75209
177.2 0.891529 2.75465
177.6 0.886276 2.75584
178 0.880751 2.75572
178.4 0.874987 2.75432
178.8 0.869028 2.75167
179.2 0.862927 2.74782
179.6 0.856745 2.74281
180 0.850549 2.73669
180.4 0.84441 2.7295
180.8 0.838403 2.72127
181.2 0.832603 2.71207
181.6 0.827083 2.70192
182 0.821914 2.69089
182.4 0.817166 2.67901
182.8 0.812901 2.66632
183.2 0.809177 2.65289
183.6 0.806043 2.63876
184 0.803543 2.62397
184.4 0.801714 2.60858
184.8 0.800582 2.59263
185.2 0.800169 2.57618
185.6 0.800488 2.55928
186 0.801546 2.54199
186.4 0.803344 2.52435
186.8 0.805878 2.50643
187.2 0.809139 2.48827
187.6 0.813116 2.46994
188 0.817795 2.45149
188.4 0.823161 2.43298
188.8 0.829197 2.41447
189.2 0.835888 2.39602
189.6 0.843219 2.37768
190 0.851178 2.35952
190.4 0.859755 2.34159
190.8 0.86894 2.32395
191.2 0.878729 2.30665
191.6 0.889119 2.28976
192 0.900109 2.27331
192.4 0.911701 2.25736
192.8 0.923897 2.24196
193.2 0.936702 2.22713
193.6 0.950121 2.21293
194 0.964157 2.19937
194.4 0.978812 2.18648
194.8 0.994087 2.17428
195.2 1.00998 2.16277
195.6 1.02648 2.15195
196 1.04357 2.14182
196.4 1.06125 2.13235
196.8 1.07947 2.12351
197.2 1.09822 2.11527
197.6 1.11745 2.10757
198 1.1371 2.10036
198.4 1.15713 2.09356
198.8 1.17747 2.08709
199.2 1.19804 2.08087
199.6 1.21876 2.07479
200 1.23954 2.06875
200.4 1.26028 2.06264
200.8 1.28088 2.05634
201.2 1.30121 2.04972
201.6 1.32117 2.04266
202 1.34064 2.03504
202.4 1.35949 2.02673
202.8 1.37759 2.0176
203.2 1.39483 2.00756
203.6 1.41107 1.99647
204 1.4262 1.98425
204.4 1.4401 1.97081
204.8 1.45266 1.95607
205.2 1.46377 1.93996
205.6 1.47335 1.92245
206 1.4813 1.90349
206.4 1.48756 1.88309
206.8 1.49208 1.86125
207.2 1.49479 1.83801
207.6 1.49569 1.8134
208 1.49475 1.7875
208.4 1.49198 1.7604
208.8 1.4874 1.7322
209.2 1.48106 1.70302
209.6 1.47302 1.67302
210 1.46335 1.64233
210.4 1.45215 1.61113
210.8 1.43953 1.5796
211.2 1.42562 1.54792
211.6 1.41058 1.51627
212 1.39454 1.48486
212.4 1.37769 1.45386
212.8 1.36021 1.42346
213.2 1.34228 1.39385
213.6 1.3241 1.36518
214 1.30586 1.33763
214.4 1.28777 1.31132
214.8 1.27003 1.2864
215.2 1.25281 1.26295
215.6 1.23631 1.24108
216 1.22071 1.22084
216.4 1.20616 1.20228
216.8 1.19281 1.18541
217.2 1.18078 1.17023
217.6 1.17019 1.15671
218 1.16113 1.1448
218.4 1.15366 1.13444
218.8 1.14781 1.12552
219.2 1.14362 1.11794
219.6 1.14106 1.11157
220 1.1401 1.10628
220.4 1.14068 1.10191
220.8 1.14273 1.0983
221.2 1.14614 1.09529
221.6 1.15078 1.09271
222 1.15651 1.09038
222.4 1.16318 1.08815
222.8 1.17062 1.08585
223.2 1.17863 1.08331
223.6 1.18705 1.08041
224 1.19567 1.077
224.4 1.2043 1.07296
224.8 1.21277 1.06819
225.2 1.22088 1.06259
225.6 1.22847 1.05609
226 1.23538 1.04864
226.4 1.24147 1.04019
226.8 1.24661 1.03072
227.2 1.25071 1.02022
227.6 1.25366 1.00869
228 1.25543 0.996163
228.4 1.25596 0.982668
228.8 1.25524 0.968249
229.2 1.25329 0.952962
229.6 1.25012 0.936868
230 1.24579 0.920036
230.4 1.24038 0.902538
230.8 1.23397 0.88445
231.2 1.22666 0.865848
231.6 1.21857 0.846805
232 1.20983 0.827397
232.4 1.20057 0.80769
232.8 1.19092 0.787752
233.2 1.18102 0.767639
233.6 1.17102 0.747406
234 1.16104 0.727098
234.4 1.15121 0.706756
234.8 1.14164 0.686413
235.2 1.13244 0.666093
235.6 1.1237 0.645818
236 1.11551 0.625602
236.4 1.10791 0.605454
236.8 1.10096 0.585379
237.2 1.09468 0.56538
237.6 1.0891 0.545457
238 1.08421 0.525607
238.4 1.07999 0.505831
238.8 1.07641 0.486125
239.2 1.07344 0.466493
239.6 1.07102 0.446935
240 1.06908 0.427458
240.4 1.06757 0.408073
240.8 1.0664 0.388792
241.2 1.0655 0.369633
241.6 1.06479 0.35062
242 1.06419 0.331779
242.4 1.06363 0.313141
242.8 1.06303 0.294742
243.2 1.06232 0.27662
243.6 1.06144 0.258816
244 1.06032 0.241374
244.4 1.05893 0.224339
244.8 1.05721 0.207757
245.2 1.05512 0.191674
245.6 1.05264 0.176134
246 1.04973 0.16118
246.4 1.04638 0.146851
246.8 1.04257 0.133185
247.2 1.03828 0.120213
247.6 1.03352 0.107963
248 1.02827 0.0964567
248.4 1.02252 0.0857103
248.8 1.01628 0.0757341
249.2 1.00954 0.0665318
249.6 1.00229 0.0581012
250 0.99453 0.0504336
250.4 0.986252 0.0435145
250.8 0.977448 0.0373233
251.2 0.968109 0.0318345
251.6 0.958227 0.0270176
252 0.947793 0.0228375
252.4 0.9368 0.019256
252.8 0.925242 0.0162316
253.2 0.913116 0.0137205
253.6 0.900424 0.0116774
254 0.887171 0.0100562
254.4 0.873372 0.00881052
254.8 0.859045 0.00789464
255.2 0.844221 0.00726383
255.6 0.828937 0.00687505
256 0.813242 0.00668746
256.4 0.797196 0.00666282
256.8 0.78087 0.00676583
257.2 0.764346 0.00696442
257.6 0.747718 0.00722993
258 0.731092 0.00753724
258.4 0.714581 0.00786477
258.8 0.69831 0.00819447
259.2 0.682411 0.00851173
259.6 0.667024 0.0088052
260 0.652291 0.00906656
260.4 0.638359 0.00929033
260.8 0.625374 0.0094735
261.2 0.613481 0.0096153
261.6 0.602821 0.00971683
262 0.593529 0.00978071
262.4 0.585729 0.00981083
262.8 0.579537 0.00981194
263.2 0.575052 0.00978943
263.6 0.572359 0.009749
264 0.571525 0.00969641
264.4 0.572598 0.0096373
264.8 0.575606 0.00957696
265.2 0.580552 0.00952022
265.6 0.58742 0.00947127
266 0.596168 0.00943365
266.4 0.606733 0.00941014
266.8 0.619027 0.00940279
267.2 0.632942 0.00941289
267.6 0.648347 0.00944101
268 0.66509 0.00948707
268.4 0.683003 0.00955038
268.8 0.701899 0.00962977
269.2 0.72158 0.00972362
269.6 0.741831 0.00982999
270 0.762433 0.00994672
270.4 0.783156 0.0100715
270.8 0.803768 0.010202
271.2 0.824036 0.0103359
271.6 0.843727 0.010471
272 0.862616 0.0106052
272.4 0.88048 0.0107367
272.8 0.897111 0.010864
273.2 0.91231 0.0109858
273.6 0.925894 0.0111011
274 0.937696 0.0112092
274.4 0.947569 0.0113098
274.8 0.955383 0.0114027
275.2 0.961032 0.0114882
275.6 0.964432 0.0115666
276 0.965522 0.0116387
276.4 0.964264 0.0117051
276.8 0.960644 0.0117668
277.2 0.954673 0.0118249
277.6 0.946382 0.0118805
278 0.935829 0.0119348
278.4 0.92309 0.0119889
278.8 0.908265 0.0120441
279.2 0.891469 0.0121014
279.6 0.872839 0.0121621
280 0.852526 0.0122271
280.4 0.830694 0.0122974
280.8 0.807523 0.012374
281.2 0.783198 0.0124578
281.6 0.757916 0.0125495
282 0.731878 0.0126499
282.4 0.705289 0.0127597
282.8 0.678355 0.0128795
283.2 0.65128 0.0130099
283.6 0.624266 0.0131516
284 0.59751 0.013305
284.4 0.571199 0.0134708
284.8 0.545512 0.0136494
285.2 0.520619 0.0138414
285.6 0.496673 0.0140474
286 0.473815 0.014268
286.4 0.452169 0.0145037
286.8 0.431843 0.0147552
287.2 0.412926 0.0150229
287.6 0.395489 0.0153075
288 0.379582 0.0156096
288.4 0.365239 0.0159298
288.8 0.35247 0.0162686
289.2 0.34127 0.0166266
289.6 0.331612 0.0170043
290 0.323453 0.0174021
290.4 0.31673 0.0178203
290.8 0.311367 0.0182593
291.2 0.307271 0.0187193
291.6 0.304338 0.0192002
292 0.302449 0.019702
292.4 0.301479 0.0202245
292.8 0.301292 0.0207671
293.2 0.301749 0.0213293
293.6 0.302707 0.02191
294 0.30402 0.0225082
294.4 0.305544 0.0231224
294.8 0.307138 0.0237507
295.2 0.308666 0.0243909
295.6 0.309998 0.0250407
296 0.311014 0.025697
296.4 0.311603 0.0263565
296.8 0.311667 0.0270154
297.2 0.311122 0.0276695
297.6 0.309895 0.0283142
298 0.307933 0.0289442
298.4 0.305194 0.029554
298.8 0.301654 0.0301376
299.2 0.297306 0.0306886
299.6 0.292157 0.0312001
300 0.286229 0.0316649
300.4 0.279561 0.0320757
300.8 0.272203 0.0324246
301.2 0.264217 0.032704
301.6 0.255679 0.0329057
302 0.246672 0.0330219
302.4 0.237287 0.0330448
302.8 0.22762 0.0329666
303.2 0.217774 0.03278
303.6 0.207851 0.0324781
304 0.197955 0.0320544
304.4 0.188187 0.0315031
304.8 0.178646 0.0308192
305.2 0.169426 0.0299985
305.6 0.160613 0.0290378
306 0.152285 0.0279348
306.4 0.144512 0.0266887
306.8 0.137353 0.0252995
307.2 0.130855 0.0237687
307.6 0.125053 0.0220991
308 0.119972 0.0202949
308.4 0.115623 0.0183617
308.8 0.112004 0.0163062
309.2 0.109102 0.0141368
309.6 0.106894 0.011863
310 0.105345 0.0094955
310.4 0.104408 0.00704635
310.8 0.104032 0.00452849
311.2 0.104154 0.00195583
311.6 0.104708 -0.000656888
312 0.10562 -0.0032943
312.4 0.106817 -0.00594052
312.8 0.108219 -0.00857937
313.2 0.109749 -0.0111945
313.6 0.111329 -0.0137696
314 0.112884 -0.0162886
314.4 0.114343 -0.0187357
314.8 0.115638 -0.021096
315.2 0.116708 -0.0233551
315.6 0.117497 -0.0254995
316 0.117959 -0.0275169
316.4 0.118052 -0.0293962
316.8 0.117747 -0.0311275
317.2 0.117018 -0.0327025
317.6 0.115853 -0.0341144
318 0.114244 -0.0353578
318.4 0.112194 -0.0364291
318.8 0.109713 -0.0373263
319.2 0.106818 -0.038049
319.6 0.103533 -0.0385984
320 0.0998881 -0.0389772
320.4 0.0959189 -0.0391897
320.8 0.0916648 -0.0392416
321.2 0.0871687 -0.0391398
321.6 0.0824761 -0.0388923
322 0.0776342 -0.0385082
322.4 0.0726906 -0.0379977
322.8 0.067693 -0.0373714
323.2 0.062688 -0.0366405
323.6 0.0577202 -0.035817
324 0.0528321 -0.0349126
324.4 0.048063 -0.0339395
324.8 0.0434485 -0.0329096
325.2 0.0390205 -0.0318348
325.6 0.0348063 -0.0307265
326 0.030829 -0.0295956
326.4 0.0271068 -0.0284526
326.8 0.0236536 -0.027307
327.2 0.0204785 -0.026168
327.6 0.0175863 -0.0250436
328 0.0149776 -0.023941
328.4 0.0126491 -0.0228666
328.8 0.010594 -0.0218257
329.2 0.00880233 -0.020823
329.6 0.00726142 -0.0198619
330 0.0059563 -0.0189452
330.4 0.00487018 -0.0180748
330.8 0.00398488 -0.0172516
331.2 0.00328129 -0.0164761
331.6 0.0027398 -0.015748
332 0.00234067 -0.0150664
332.4 0.00206444 -0.0144299
332.8 0.00189222 -0.0138366
333.2 0.00180598 -0.0132845
333.6 0.0017888 -0.0127711
334 0.00182507 -0.0122937
334.4 0.00190064 -0.0118498
334.8 0.00200289 -0.0114364
335.2 0.00212082 -0.0110509
335.6 0.00224505 -0.0106905
336 0.00236781 -0.0103526
336.4 0.00248287 -0.0100349
336.8 0.00258546 -0.00973503
337.2 0.00267217 -0.00945096
337.6 0.00274081 -0.00918086
338 0.00279027 -0.00892309
338.4 0.00282038 -0.00867628
338.8 0.00283175 -0.00843925
339.2 0.00282559 -0.00821102
339.6 0.00280361 -0.00799083
340 0.00276783 -0.00777807
340.4 0.00272049 -0.00757229
340.8 0.0026639 -0.00737319
341.2 0.00260037 -0.00718054
341.6 0.00253207 -0.00699422
342 0.00246103 -0.00681417
342.4 0.00238903 -0.00664035
342.8 0.00231762 -0.00647277
343.2 0.00224804 -0.00631142
343.6 0.00218125 -0.00615628
344 0.00211793 -0.00600732
344.4 0.00205848 -0.00586447
344.8 0.00200309 -0.00572762
345.2 0.00195171 -0.00559662
345.6 0.00190412 -0.00547129
346 0.00186 -0.00535139
346.4 0.00181889 -0.00523667
346.8 0.0017803 -0.00512683
347.2 0.00174371 -0.00502156
347.6 0.00170863 -0.00492051
348 0.00167458 -0.00482337
348.4 0.00164116 -0.00472978
348.8 0.00160803 -0.00463942
349.2 0.00157497 -0.00455197
349.6 0.00154182 -0.00446714
350 0.00150853 -0.00438466
350.4 0.00147512 -0.0043043
350.8 0.00144171 -0.00422586
351.2 0.00140846 -0.00414917
351.6 0.00137561 -0.00407409
352 0.00134339 -0.00400054
352.4 0.00131209 -0.00392844
352.8 0.00128196 -0.00385776
353.2 0.00125325 -0.00378848
353.6 0.00122617 -0.0037206
354 0.00120089 -0.00365416
354.4 0.00117753 -0.00358917
354.8 0.00115612 -0.00352568
355.2 0.00113666 -0.00346371
355.6 0.00111906 -0.00340331
356 0.00110318 -0.00334449
356.4 0.00108881 -0.00328726
356.8 0.00107571 -0.00323163
357.2 0.00106359 -0.00317758
357.6 0.00105212 -0.00312508
358 0.00104098 -0.00307409
358.4 0.00102983 -0.00302455
358.8 0.00101833 -0.00297639
359.2 0.00100619 -0.00292954
359.6 0.000993122 -0.0028839
360 0.000978907 -0.00283939
360.4 0.000963357 -0.00279592
360.8 0.000946341 -0.0027534
361.2 0.000927788 -0.00271175
361.6 0.000907683 -0.00267088
362 0.000886066 -0.00263074
362.4 0.000863031 -0.00259127
362.8 0.000838718 -0.00255241
363.2 0.000813308 -0.00251415
363.6 0.000787013 -0.00247646
364 0.000760068 -0.00243934
364.4 0.000732721 -0.00240279
364.8 0.000705225 -0.00236682
365.2 0.000677825 -0.00233147
365.6 0.000650754 -0.00229676
366 0.000624221 -0.00226271
366.4 0.000598408 -0.00222937
366.8 0.000573464 -0.00219676
367.2 0.000549501 -0.00216491
367.6 0.000526592 -0.00213385
368 0.000504774 -0.00210357
368.4 0.000484043 -0.0020741
368.8 0.000464365 -0.00204542
369.2 0.000445674 -0.0020175
369.6 0.00042788 -0.00199034
370 0.000410874 -0.00196388
370.4 0.000394533 -0.00193807
370.8 0.00037873 -0.00191286
371.2 0.000363336 -0.00188819
371.6 0.000348229 -0.00186399
372 0.000333298 -0.00184018
372.4 0.000318447 -0.00181669
372.8 0.000303599 -0.00179345
373.2 0.000288699 -0.0017704
373.6 0.000273712 -0.00174747
374 0.000258627 -0.00172461
374.4 0.000243451 -0.00170178
374.8 0.000228212 -0.00167892
375.2 0.000212949 -0.00165603
375.6 0.000197715 -0.00163308
376 0.000182568 -0.00161007
376.4 0.000167565 -0.00158701
376.8 0.000152764 -0.0015639
377.2 0.00013821 -0.00154077
377.6 0.00012394 -0.00151764
378 0.000109972 -0.00149455
378.4 9.63077e-05 -0.00147152
378.8 8.29263e-05 -0.00144861
379.2 6.97874e-05 -0.00142583
379.6 5.68295e-05 -0.00140321
380 4.39718e-05 -0.0013808
380.4 3.11173e-05 -0.00135859
380.8 1.81554e-05 -0.00133662
381.2 4.96697e-06 -0.00131488
381.6 -8.57098e-06 -0.00129337
382 -2.25799e-05 -0.00127209
382.4 -3.7174e-05 -0.00125101
382.8 -5.24549e-05 -0.00123011
383.2 -6.85057e-05 -0.00120936
383.6 -8.53868e-05 -0.00118872
384 -0.000103131 -0.00116817
384.4 -0.000121743 -0.00114764
384.8 -0.00014119 -0.00112712
385.2 -0.000161412 -0.00110655
385.6 -0.00018231 -0.0010859
386 -0.000203756 -0.00106514
386.4 -0.000225593 -0.00104425
386.8 -0.000247638 -0.0010232
387.2 -0.000269686 -0.00100198
387.6 -0.00029152 -0.000980599
388 -0.000312914 -0.000959053
388.4 -0.000333641 -0.00093736
388.8 -0.00035348 -0.000915541
389.2 -0.000372223 -0.000893628
389.6 -0.000389684 -0.000871655
390 -0.000405701 -0.000849666
390.4 -0.000420147 -0.000827706
390.8 -0.000432931 -0.000805822
391.2 -0.000444004 -0.000784066
391.6 -0.000453359 -0.000762486
392 -0.000461033 -0.00074113
392.4 -0.000467109 -0.000720043
392.8 -0.00047171 -0.000699266
393.2 -0.000475 -0.000678834
393.6 -0.000477176 -0.000658778
394 -0.000478466 -0.000639122
394.4 -0.000479119 -0.000619884
394.8 -0.000479403 -0.000601075
395.2 -0.000479592 -0.000582701
395.6 -0.000479962 -0.000564762
396 -0.000480782 -0.000547254
396.4 -0.000482306 -0.000530167
396.8 -0.000484768 -0.000513492
397.2 -0.000488371 -0.000497214
397.6 -0.000493288 -0.00048132
398 -0.000499652 -0.000465797
398.4 -0.000507557 -0.00045063
398.8 -0.000517053 -0.000435811
399.2 -0.000528147 -0.000421331
399.6 -0.000540803 -0.000407186
400 -0.000554944 -0.000393373
