-0.358874 0.341396 -0.0322405
0.0428121 -0.377286 -0.426874
-0.618954 0.291511 0.828305
0.562608 -0.400462 0.259756
-0.768854 -1.11315 0.152434
0.664588 -0.939181 0.728331
0.0161163 -0.49379 -0.356936
-0.197134 0.0624485 1.18488
0.391433 -0.160856 0.285487
0.444746 -0.0866279 -0.767497
0.0373007 -0.0184655 -0.951689
0.125562 -0.612261 0.267647
0.311075 0.578287 0.161552
-0.357993 0.538444 -0.832195
-0.738275 -0.152433 0.764155
0.388098 0.370543 0.22174
-0.304964 1.46864 0.378459
0.0605382 -0.229628 0.504105
-0.360897 -0.147897 -0.035492
-0.444391 -0.28451 0.229534
-0.433452 0.0040978 -0.0415195
-0.106023 -0.0511917 0.117316
0.299694 -0.289199 0.338483
0.442527 -0.358096 0.354565
-0.946756 0.0372988 -0.256223
-0.00267837 0.180157 -1.02772
0.411138 0.163929 -0.838185
-0.106682 0.542207 1.21124
-0.16412 -0.426278 0.202987
0.221407 0.101383 -0.107119
0.280844 -0.11603 -0.0485237
0.122839 -0.148599 -0.31943
-0.375727 1.20559 0.390817
-0.00582006 -0.285138 -0.216451
-0.193126 -0.0454296 -0.251202
-0.221756 0.242793 -0.116748
-0.642255 0.0712368 0.0043766
-0.16641 -0.545395 0.415964
-0.497706 0.871025 -0.0839553
0.490361 0.356335 -0.618697
0.283251 0.500592 0.307075
0.121087 -0.797307 0.2939
0.189978 0.103632 -0.421557
0.284397 0.747575 0.189132
-0.539224 -1.15731 0.0917841
0.521969 0.751054 0.115399
-0.307225 -0.687157 -0.380534
0.274598 0.00190667 -1.00253
0.432617 -0.028479 -0.486786
0.690115 0.763782 0.373278
0.412696 0.224704 -0.35008
0.618052 -0.489709 -0.268038
-0.692433 0.371372 0.163137
0.344748 -0.0682568 -0.146712
-0.461787 -0.375389 -0.253343
0.222858 -1.14715 0.070204
-0.182264 -0.242138 -0.745172
0.307075 0.172565 0.337505
0.648909 -0.0585477 -0.0696205
-0.163332 0.529627 -0.231693
-0.531518 0.513868 -0.399117
0.688237 -0.389198 -0.0909002
0.264805 1.19415 -0.320933
-0.368954 0.0457785 0.312353
-0.39699 0.0458035 -0.697914
0.239505 -0.179306 0.243857
0.155911 0.670085 -0.0485734
0.320442 -0.0602162 0.191952
-0.0607707 -0.141462 0.980601
0.718862 -0.359836 -0.792457
-0.266671 -0.872105 -0.111882
0.443428 0.424055 0.673777
0.0831854 -0.185387 1.10913
-0.389228 -0.295738 -0.0266879
0.925271 -0.131741 0.332194
0.0173778 -0.342831 0.553569
-1.02208 0.35441 0.184773
0.169285 0.256504 0.726473
-0.0201605 -0.0729085 0.146978
-0.662263 0.00824461 -0.690473
0.42123 1.24656 0.189869
0.556321 0.233126 0.365248
-0.260043 0.484906 -0.538567
0.445066 0.00275026 0.153424
0.544214 -0.0748133 0.0508706
0.080103 0.423503 0.164496
0.00154642 0.534267 -0.549242
0.25161 -0.0807343 -0.249383
0.389516 0.374224 0.324994
-0.533942 0.391286 -0.365815
-0.35678 0.254173 -0.634469
-0.828897 0.30997 0.282027
-0.188351 0.185907 -0.0394332
0.362193 0.479036 -0.122888
0.331316 0.00944738 0.0121283
1.25687 0.351514 0.5946
-0.161434 -0.182826 -0.0232721
-1.32045 -0.313613 0.257508
0.502835 0.0427813 -0.0605486
-0.0258322 -0.695549 -0.130106
0.0499994 0.318655 0.208966
0.0559748 -0.0889956 -0.15016
-0.622132 -0.373639 0.70776
0.120586 -0.0100154 -0.548872
0.192346 -0.133537 0.0286633
-0.745135 -0.0556998 0.517123
0.0407171 -0.0356662 0.112485
-0.199894 -0.482251 -0.440688
0.661866 0.162761 0.367863
-0.257468 1.40807 -0.0971846
-0.0294759 1.35914 -0.181857
-0.661616 0.228028 -0.0844919
0.776456 0.313337 -0.229679
-0.785133 -0.382986 -0.0834451
-0.0578195 -0.142006 0.795143
0.21416 0.606374 -0.366066
0.733408 -0.0401643 0.148128
-0.534578 -0.361365 0.278699
-0.154017 0.369162 0.967336
-0.269143 0.0205355 -0.118237
-0.933403 -0.380607 0.00842368
0.454405 1.65282 0.672856
1.10853 0.0192942 -0.176495
0.818107 -0.393164 0.385159
0.819919 -0.288487 0.089566
0.948261 0.0220439 0.0835101
0.133741 -0.280926 -0.329228
0.0865595 0.143604 0.0428927
0.0857306 0.590354 -0.285616
-0.104608 0.569742 -0.12692
0.303696 -0.297144 -0.674348
-0.787936 0.492932 -0.00546499
0.503603 -0.165247 -0.531956
0.240994 0.153018 -0.0503531
-0.438245 -0.712481 0.765374
0.660087 1.26843 0.583388
0.233954 0.238729 -0.00148336
-0.43416 -0.0244308 0.902456
-0.607294 -0.154892 0.0619509
0.26678 0.389826 -1.11742
-0.358773 0.740367 0.186016
1.32112 -0.0251332 0.182534
-0.0213331 -0.779223 -0.498164
0.0648924 0.367919 -0.164581
0.27536 -0.215093 0.150103
0.0519784 0.151173 0.016783
0.0784165 -1.11141 -0.662415
0.741497 0.174117 -0.154029
-0.692964 0.254094 0.130863
0.107601 0.0307422 -0.591239
0.242194 -0.130996 -0.0161402
0.292851 -1.11595 0.296895
-0.237544 -0.239342 0.28076
-0.0690976 -0.584086 1.40548
0.219572 0.127409 -0.0386704
0.219661 0.232448 -0.666571
-0.113148 0.677172 0.30234
0.214154 -0.328669 -0.161454
0.268002 0.187316 0.140555
0.67706 -0.403981 0.049776
0.0128499 0.255529 0.123998
0.234471 -0.476925 -0.138423
0.281489 -0.0406485 0.163774
0.341192 -0.397359 -0.0576287
-0.076901 0.00306026 0.272556
-0.0179688 0.190946 0.619737
-0.13673 -0.136139 -0.213613
-0.248347 0.129288 -1.214
-0.346677 -0.937069 -0.0582567
0.461517 -0.520969 -0.138812
-0.571223 -0.570993 0.0686713
-0.51986 0.16005 -0.535812
0.444215 -0.229654 -0.689518
-0.247981 -0.323561 0.0163681
0.574235 0.0123459 0.191309
-0.0231055 -0.246434 0.0734088
-0.419975 -0.00292655 -0.268875
-0.50726 -0.0746663 -1.57602
0.174145 -0.189316 -0.383084
-0.107675 -0.0929783 0.373054
-0.370838 -0.575765 0.484523
0.559498 -0.164814 -0.61101
-0.207939 0.349494 0.107557
-0.106436 0.198924 -0.694506
-0.61862 0.525804 -0.154223
0.0274424 0.109781 0.475049
-0.554059 0.159929 0.0559707
-0.0977074 -0.08886 0.362729
0.102939 0.433601 0.10563
-0.134075 0.133635 -0.242201
-0.735741 0.732894 0.497695
0.246741 0.230748 0.00700241
-0.0136386 -0.74901 -0.104669
0.154233 -0.121236 -0.245294
0.320102 0.27139 0.0948526
-0.998167 -0.222076 0.873082
-0.408954 0.814888 -0.0626354
-0.695174 1.1461 -0.503911
-0.250625 0.629824 -0.192913
-0.00251092 0.459595 -0.34571
-0.193404 0.440653 -0.255794
0.41928 0.284542 -0.0108573
0.00955685 0.33295 -0.507566
-0.0365899 -0.00607767 0.151573
0.348186 -0.1339 -0.100455
-0.454119 -0.033835 0.926674
-0.114614 1.41135 0.146004
0.520791 -0.520451 -0.0313588
-0.521185 -0.13916 0.371596
1.08253 -0.519155 -0.311765
0.0690075 -1.69373 0.101541
-0.0723888 -0.0796172 0.441734
-0.484846 -0.481129 -0.0634071
-0.206429 0.232207 0.0724844
0.214985 -0.0618624 -0.0908245
0.490217 0.286398 -0.707166
-0.204933 -0.367038 0.308215
-0.0798039 0.0767065 0.526133
0.213393 -0.550169 -0.557069
-0.49808 -0.658665 0.222684
0.263113 0.454309 0.176162
-0.801832 0.334751 -0.18933
-0.124376 0.161155 -0.771824
-0.15173 -0.0959258 -0.232067
0.183263 -0.00711623 0.178899
0.0591337 0.286731 -0.323568
-0.0490663 -1.14397 0.112877
1.05621 -0.319334 -0.987859
-0.150241 0.319806 0.161759
-0.681702 -0.112492 -0.133124
-0.000951652 -0.0163616 -0.128383
0.450482 0.205344 -0.294585
0.169442 0.0249763 -0.185633
0.00595244 0.0489909 0.277041
0.242109 -0.243142 0.807194
-0.268309 -0.511496 0.162169
-0.0293987 -0.348374 -0.409651
-0.306766 0.248333 0.29004
-0.534762 0.0264833 0.328469
0.0800394 -1.23584 -0.0185088
0.179297 -0.641605 0.265063
0.418578 -0.591516 -0.273216
-1.01313 -0.0515627 0.312033
-0.17865 -0.178637 0.116973
0.211607 -1.29631 -0.0056547
-0.96829 -0.477342 0.211807
0.52764 0.0459448 -0.0795999
-0.468579 -0.419712 -0.481282
-1.00875 0.0268794 0.201963
-0.379786 -0.350289 0.210039
