0 1 1 1
0.005 0.370622 0.371554 0.761392
0.01 -0.498549 -0.497537 0.24417
0.015 -0.371644 -0.373279 -0.14965
0.02 0.169605 0.16669 -0.188867
0.025 0.0542531 0.0537067 0.0135756
0.03 -0.32007 -0.318973 0.16906
0.035 -0.0876438 -0.0879568 0.109573
0.04 0.332102 0.331169 -0.090383
0.045 0.132279 0.132655 -0.243792
0.05 -0.272368 -0.272755 -0.251345
0.055 -0.107607 -0.110259 -0.160715
0.06 0.23987 0.239055 -0.0642745
0.065 0.0465937 0.0503971 0.00979394
0.07 -0.294951 -0.291585 0.0871898
0.075 -0.0842925 -0.0861074 0.163351
0.08 0.286932 0.284092 0.179864
0.085 0.117126 0.118794 0.0984169
0.09 -0.233495 -0.23024 -0.0322933
0.095 -0.0887544 -0.08914 -0.114133
0.1 0.218238 0.216192 -0.0996764
0.105 0.0521219 0.0524149 -0.0338341
0.11 -0.251219 -0.25069 0.00593811
0.115 -0.075247 -0.0771417 -0.0081241
0.12 0.245062 0.244477 -0.0413913
0.125 0.0949665 0.0988986 -0.0516005
0.13 -0.21202 -0.20802 -0.0351157
0.135 -0.0776405 -0.0781576 -0.0154166
0.14 0.206492 0.204465 -0.00272065
0.145 0.0657307 0.0659336 0.0163534
0.15 -0.218702 -0.218936 0.0484027
0.155 -0.0872592 -0.0902606 0.0701719
0.16 0.197156 0.195511 0.0517151
0.165 0.090814 0.0934353 -0.00109246
0.17 -0.168634 -0.166152 -0.0440944
0.175 -0.0682206 -0.0694916 -0.0421324
0.18 0.168773 0.167226 -0.00855164
0.185 0.059554 0.0604925 0.0125753
0.19 -0.176427 -0.176684 -0.00204752
0.195 -0.0747777 -0.0783591 -0.0331259
0.2 0.156602 0.154359 -0.0476354
0.205 0.0718962 0.073883 -0.0364789
0.21 -0.137671 -0.13575 -0.016227
0.215 -0.0542621 -0.055455 -0.00150628
0.22 0.13939 0.138682 0.0112902
0.225 0.0503199 0.0525051 0.0300734
0.23 -0.142768 -0.141268 0.0466994
0.235 -0.0635789 -0.064784 0.0416162
0.24 0.121491 0.121192 0.00992535
0.245 0.0569462 0.0591378 -0.0259805
0.25 -0.104835 -0.104195 -0.0374937
0.255 -0.0372877 -0.0400675 -0.0211454
0.26 0.111385 0.109057 -0.00129965
0.265 0.0381533 0.0385993 -0.000706737
0.27 -0.110382 -0.109614 -0.0159218
0.275 -0.0472752 -0.0470874 -0.0263488
0.28 0.0903048 0.0923381 -0.0212532
0.285 0.0363148 0.0396557 -0.00898206
0.29 -0.0808933 -0.0801492 -0.000659219
0.295 -0.0211533 -0.0231753 0.00531061
0.3 0.0875677 0.0865406 0.0168027
0.305 0.0244279 0.0248432 0.0312482
0.31 -0.0829941 -0.0839982 0.0342288
0.315 -0.028045 -0.0297593 0.0171895
0.32 0.0681943 0.0691039 -0.00868791
0.325 0.0175365 0.0198517 -0.0219543
0.33 -0.0635563 -0.0638466 -0.0139711
0.335 -0.00741513 -0.00914463 0.00203206
0.34 0.0681327 0.0694389 0.00686377
0.345 0.00967396 0.0130523 -0.00346951
0.35 -0.0650481 -0.06476 -0.0164414
0.355 -0.0133138 -0.0164223 -0.0202184
0.36 0.05229 0.0503787 -0.0155204
0.365 0.00342345 0.00412329 -0.00886744
0.37 -0.0504942 -0.0497824 -0.000782847
0.375 0.00369861 0.00393046 0.0125505
0.38 0.0555729 0.0568851 0.0277323
0.385 0.00172092 0.00269925 0.0320881
0.39 -0.0489133 -0.0510314 0.0173946
0.395 -0.00147533 -0.00517062 -0.00758583
0.4 0.0394739 0.0381948 -0.0235166
0.405 -0.00931238 -0.00786794 -0.0201863
0.41 -0.0441183 -0.0426064 -0.00653934
0.415 0.00893811 0.00992585 0.000739507
0.42 0.0454232 0.0468564 -0.0040009
0.425 -0.00424458 -0.00327568 -0.0115303
0.43 -0.0392143 -0.0398742 -0.0115934
0.435 0.00471581 0.0040785 -0.00527356
0.44 0.0319045 0.0332243 -0.000485123
0.445 -0.0135909 -0.011649 0.00108735
0.45 -0.0374475 -0.0372057 0.00613085
0.455 0.0109917 0.00981406 0.0177689
0.46 0.038274 0.0371179 0.0270871
0.465 -0.00508117 -0.00618351 0.0217139
0.47 -0.0307115 -0.0319222 0.00169305
0.475 0.00786467 0.00745249 -0.0180073
0.48 0.0280086 0.0284516 -0.0226727
0.485 -0.0116431 -0.0118776 -0.0129355
0.49 -0.0306892 -0.0321852 -0.00238136
0.495 0.0102747 0.00872963 -0.00172513
0.5 0.0333298 0.0323793 -0.00872009
0.505 -0.00240909 -0.00329059 -0.013956
0.51 -0.0255841 -0.0262098 -0.0127297
0.515 0.00422541 0.00448203 -0.00781707
0.52 0.0229033 0.023261 -0.00229495
0.525 -0.00749215 -0.00791668 0.00508964
0.53 -0.0272219 -0.0270761 0.0150124
0.535 0.00181476 0.00404659 0.0216201
0.54 0.0251891 0.0278721 0.0166996
0.545 0.00291459 0.00328683 0.000549032
0.55 -0.0189195 -0.0205447 -0.0151635
0.555 -0.00104479 -0.00220945 -0.0183987
0.56 0.0177766 0.0178024 -0.00936511
0.565 -0.000375174 -0.000143355 0.000477173
0.57 -0.0217712 -0.0215112 0.0016668
0.575 -0.00684365 -0.00617057 -0.00387674
0.58 0.0177873 0.0183824 -0.0076245
0.585 0.0105286 0.0106835 -0.00557489
0.59 -0.0116953 -0.0113147 -0.00126039
0.595 -0.00848254 -0.00779835 0.00155912
0.6 0.0111636 0.0112012 0.00479056
0.605 0.00854012 0.00816789 0.0118026
0.61 -0.0131016 -0.0124781 0.0195344
0.615 -0.0143963 -0.0131582 0.0193356
0.62 0.00877572 0.00869302 0.00725551
0.625 0.0167753 0.0156281 -0.00921716
0.63 -0.00308023 -0.0029307 -0.0177376
0.635 -0.0134871 -0.0119145 -0.0140632
0.64 0.00428459 0.00480589 -0.00593598
0.645 0.014756 0.0135846 -0.00347491
0.65 -0.00505234 -0.00601903 -0.00811693
0.655 -0.0188423 -0.0192881 -0.0129994
0.66 0.00264434 0.00076542 -0.0125543
0.665 0.0231099 0.0194057 -0.00815604
0.67 0.00617761 0.00246146 -0.00363863
0.675 -0.0144395 -0.0174577 0.00118739
0.68 0.00166936 -0.00137124 0.00900386
0.685 0.0219267 0.0193984 0.0179489
0.69 0.00274137 0.00213565 0.0204284
0.695 -0.0223522 -0.0211042 0.0114617
0.7 -0.00451884 -0.00213283 -0.00362385
0.705 0.0233267 0.0270496 -0.0130586
0.71 0.00739662 0.0118568 -0.0107121
0.715 -0.0216833 -0.0182872 -0.00222749
0.72 -0.00812721 -0.0049549 0.00205923
0.725 0.0177258 0.0243648 -0.00131149
0.73 -0.00141984 0.0084691 -0.00650071
0.735 -0.0327102 -0.0259481 -0.00678435
0.74 -0.0136947 -0.0144037 -0.00233185
0.745 0.0228996 0.0179755 0.00194491
0.75 0.00946654 0.00466341 0.00400275
0.755 -0.0238872 -0.0297594 0.00654153
0.76 -0.00740626 -0.0162323 0.0108974
0.765 0.0297817 0.021646 0.0125597
0.77 0.0149918 0.0124986 0.00596293
0.775 -0.0246479 -0.0215995 -0.0070941
0.78 -0.0141089 -0.00826298 -0.0171927
0.785 0.0229858 0.0305174 -0.016929
0.79 0.0120634 0.0194752 -0.00902595
0.795 -0.0252547 -0.0223322 -0.00290169
0.8 -0.0153855 -0.0191587 -0.00394464
0.805 0.0213203 0.0138377 -0.00844394
0.81 0.0124975 0.00531366 -0.00946822
0.815 -0.0223852 -0.027287 -0.00538827
0.82 -0.0124168 -0.0128429 -0.000490566
0.825 0.0235522 0.0292542 0.00181115
0.83 0.0161121 0.024203 0.0032524
0.835 -0.0172207 -0.013948 0.00682613
0.84 -0.0105955 -0.0142779 0.0107327
0.845 0.0179735 0.0116624 0.00935716
0.85 0.00653993 0.00135827 0.000764393
0.855 -0.0238063 -0.0267608 -0.00924508
0.86 -0.0118308 -0.0100924 -0.0126058
0.865 0.0203522 0.0284473 -0.00771572
0.87 0.0122751 0.0211272 -0.000757388
0.875 -0.0148705 -0.0142362 0.0016913
0.88 -0.00452608 -0.0133095 -0.000571776
0.885 0.0202401 0.00936108 -0.00283743
0.89 0.00561685 -0.000765986 -0.0019416
0.895 -0.0225821 -0.0217932 0.000921428
0.9 -0.010746 -0.00109352 0.00347455
0.905 0.0157961 0.0315801 0.00584651
0.91 0.00614044 0.0166511 0.00912572
0.915 -0.0144448 -0.0197611 0.0117156
0.92 0.000103896 -0.0172844 0.00978979
0.925 0.0209163 0.00570088 0.00227848
0.93 0.00354365 -6.09437e-05 -0.00630213
0.935 -0.0206595 -0.0126701 -0.00991203
0.94 -0.00736655 0.00806864 -0.00759196
0.945 0.0128588 0.0273597 -0.00428888
0.95 -0.000598901 0.00022822 -0.00467837
0.955 -0.0155429 -0.0329683 -0.00781253
0.96 0.00491251 -0.0167888 -0.00920026
0.965 0.0239867 0.0177123 -0.00699148
0.97 0.00386459 0.0168685 -0.00377704
0.975 -0.0177112 0.00223836 -0.00201776
0.98 -0.00216298 0.0129902 -0.000103492
0.985 0.0151353 0.0218247 0.00494915
0.99 -0.000622309 -0.00153324 0.0117366
0.995 -0.0133312 -0.015854 0.0141465
