417 54
192 128
322 128
439 128
290 128
153 128
396 54
9 54
476 128
84 54
243 128
157 128
163 128
68 54
388 54
179 128
56 54
364 54
461 128
14 54
39 54
121 128
169 128
313 128
292 128
246 128
362 54
74 54
285 128
456 128
148 128
323 128
398 54
120 128
222 128
190 128
249 128
412 54
284 128
302 128
375 54
352 54
71 54
199 128
366 54
359 54
445 128
393 54
133 128
335 54
187 128
181 128
31 54
109 128
455 128
413 54
295 128
373 54
390 54
170 128
334 54
467 128
303 128
140 128
283 128
377 54
67 54
442 128
185 128
260 128
172 128
466 128
343 54
11 54
307 128
216 128
339 54
401 54
348 54
361 54
61 54
105 128
48 54
162 128
129 128
29 54
381 54
98 54
395 54
118 128
57 54
141 128
416 54
425 54
462 128
386 54
144 128
207 128
178 128
428 54
166 128
30 54
446 128
191 128
316 128
77 54
438 128
430 54
175 128
410 54
479 128
93 54
451 128
156 128
314 128
236 128
231 128
248 128
206 128
472 128
142 128
3 54
441 128
128 128
55 54
110 128
70 54
394 54
87 54
88 54
488 128
311 128
196 128
82 54
136 128
408 54
486 128
227 128
28 54
383 54
104 128
214 128
33 54
173 128
22 54
345 54
0 54
371 54
131 128
484 128
245 128
449 128
123 128
263 128
406 54
69 54
54 54
324 54
52 54
370 54
404 54
135 128
221 128
7 54
32 54
174 128
431 54
266 128
435 128
228 128
171 128
145 128
37 54
26 54
424 54
200 128
10 54
5 54
127 128
183 128
293 128
165 128
35 54
384 54
58 54
186 128
195 128
298 128
279 128
482 128
218 128
177 128
85 54
73 54
205 128
12 54
273 128
239 128
405 54
278 128
275 128
92 54
326 54
168 128
391 54
475 128
299 128
64 54
312 128
182 128
167 128
415 54
444 128
317 128
161 128
119 128
241 128
332 54
374 54
354 54
244 128
372 54
208 128
304 128
426 54
122 128
355 54
432 54
17 54
112 128
427 54
423 54
329 54
281 128
194 128
447 128
59 54
471 128
72 54
349 54
392 54
230 128
158 128
268 128
96 54
138 128
36 54
47 54
342 54
346 54
261 128
154 128
369 54
198 128
44 54
464 128
347 54
320 128
184 128
41 54
315 128
350 54
403 54
1 54
328 54
149 128
289 128
66 54
319 128
86 54
139 128
300 128
137 128
414 54
485 128
259 128
155 128
117 128
193 128
203 128
379 54
468 128
62 54
146 128
277 128
336 54
407 54
450 128
78 54
443 128
40 54
50 54
49 54
240 128
306 128
262 128
209 128
421 54
265 128
276 128
150 128
367 54
114 128
318 128
164 128
337 54
251 128
201 128
397 54
305 128
351 54
385 54
204 128
18 54
75 54
233 128
389 54
100 54
103 54
102 54
220 128
34 54
473 128
38 54
310 128
23 54
42 54
338 54
465 128
79 54
83 54
53 54
365 54
291 128
15 54
459 128
344 54
223 128
180 128
115 128
213 128
211 128
331 54
27 54
238 128
25 54
253 128
368 54
457 128
99 54
282 128
16 54
89 54
296 128
419 54
267 128
234 128
132 128
420 54
280 128
250 128
8 54
97 54
325 54
95 54
188 128
210 128
353 54
418 54
65 54
422 54
232 128
357 54
151 128
242 128
215 128
327 54
257 128
433 54
271 128
330 54
454 128
453 128
247 128
235 128
237 128
106 128
469 128
356 54
409 54
387 54
13 54
130 128
189 128
254 128
76 54
51 54
101 54
309 128
360 54
402 54
399 54
202 128
382 54
43 54
197 128
108 128
297 128
160 128
229 128
111 128
126 128
477 128
6 54
272 128
448 128
474 128
46 54
116 128
63 54
452 128
378 54
24 54
308 128
21 54
19 54
429 54
80 54
252 128
380 54
152 128
107 128
341 54
480 128
436 128
217 128
124 128
91 54
288 128
340 54
270 128
437 128
20 54
458 128
90 54
256 128
2 54
274 128
226 128
225 128
45 54
470 128
440 128
460 128
400 54
219 128
147 128
224 128
60 54
258 128
143 128
269 128
212 128
434 128
264 128
487 128
159 128
333 54
483 128
81 54
358 54
321 128
294 128
411 54
4 54
113 128
176 128
287 128
376 54
94 54
255 128
301 128
463 128
363 54
481 128
134 128
286 128
478 128
125 128
