-4.57664 -4.57386
-4.57737 -4.57324
-4.52007 -4.51925
-4.57492 -4.56971
-4.5642 -4.56005
-4.60751 -4.60554
-4.61298 -4.61117
-4.60088 -4.59971
-4.58998 -4.58694
-4.56561 -4.56122
-4.5815 -4.58101
-4.55894 -4.55445
-4.48632 -4.48237
-4.58733 -4.58435
-4.59091 -4.58658
-4.57591 -4.57317
-4.51655 -4.51177
-4.59378 -4.59161
-4.59575 -4.59227
-4.52504 -4.52099
-4.49043 -4.48869
-4.54338 -4.54235
-4.54698 -4.54305
-4.55459 -4.55114
-4.60229 -4.60152
-4.57611 -4.57453
-4.53386 -4.53347
-4.61109 -4.6102
-4.5903 -4.58822
-4.49916 -4.50065
-4.53424 -4.53408
-4.54192 -4.5364
-4.56176 -4.55804
-4.51272 -4.51181
-4.57208 -4.56945
-4.54246 -4.54008
-4.53301 -4.52912
-4.53557 -4.53105
-4.53891 -4.53707
-4.53378 -4.53211
-4.48132 -4.48125
-4.50337 -4.50329
-4.50527 -4.50492
-4.51895 -4.51637
-4.53726 -4.52954
-4.36725 -4.36931
-4.39319 -4.39236
-4.38281 -4.38008
-4.45596 -4.45543
-4.48155 -4.48142
-4.53612 -4.53528
-4.36913 -4.36836
-4.51062 -4.51
-4.54112 -4.54047
-4.49503 -4.49554
-4.46147 -4.46123
-4.41349 -4.41337
-4.37965 -4.37816
-4.50209 -4.50006
-4.44157 -4.44128
-4.42368 -4.42396
-4.51665 -4.51565
-4.36441 -4.36655
-4.36153 -4.36127
-4.22606 -4.22547
-4.29894 -4.29567
-4.4085 -4.40816
-4.4016 -4.39742
-4.3331 -4.33537
-4.4057 -4.40494
-4.45335 -4.45053
-4.36847 -4.36708
-4.40561 -4.40402
-4.34776 -4.34668
-4.36975 -4.36978
-4.4653 -4.46472
-4.48119 -4.4807
-4.41223 -4.41314
-4.25009 -4.25133
-4.20455 -4.20817
-4.34192 -4.34238
-4.31418 -4.31498
-4.44132 -4.44013
-4.40045 -4.40071
-4.40852 -4.40514
-4.29773 -4.29923
-4.36616 -4.36585
-4.25416 -4.25375
-4.26351 -4.26705
-4.25615 -4.25596
-4.27344 -4.27465
-4.32167 -4.32282
-4.26778 -4.26624
-4.22392 -4.22603
-4.25935 -4.25962
-4.4153 -4.41556
-4.08628 -4.08674
-4.31284 -4.31183
-4.27945 -4.27933
-4.17711 -4.1575
-4.20544 -4.20542
-4.3058 -4.30747
-4.3674 -4.36704
-4.16715 -4.16589
-4.62671 -4.62624
-4.62604 -4.62583
-4.62662 -4.62678
-4.62344 -4.62364
-4.62276 -4.62283
-4.62674 -4.62679
-4.62509 -4.62495
-4.62493 -4.62478
-4.62477 -4.62474
-4.62125 -4.62149
-4.62061 -4.62116
-4.62127 -4.62215
-4.61474 -4.61583
-4.62159 -4.62234
-4.62158 -4.62219
-4.62237 -4.62291
-4.62193 -4.62248
-4.62064 -4.62131
-4.61871 -4.61979
-4.61923 -4.62001
-4.61743 -4.61708
-4.62204 -4.62207
-4.61764 -4.61789
-4.61637 -4.61664
-4.61862 -4.61877
-4.61614 -4.61614
-4.61516 -4.61505
-4.61697 -4.61702
-4.61707 -4.61735
-4.61594 -4.61637
-4.61371 -4.61432
-4.61861 -4.61908
-4.61764 -4.61779
-4.61665 -4.61671
-4.61768 -4.61778
-4.61537 -4.61558
-4.61549 -4.61591
-4.61742 -4.61803
-4.6157 -4.61624
-4.61419 -4.61466
-4.60818 -4.60813
-4.60042 -4.60043
-4.60345 -4.60351
-4.59903 -4.59913
-4.60298 -4.60319
-4.59655 -4.59673
-4.60398 -4.6044
-4.59765 -4.59811
-4.60098 -4.60113
-4.603 -4.60314
-4.60398 -4.60398
-4.60529 -4.60527
-4.60493 -4.60506
-4.60613 -4.60631
-4.60559 -4.60591
-4.60672 -4.60709
-4.60468 -4.60494
-4.60545 -4.60581
-4.6036 -4.60381
-4.60458 -4.60474
-4.58481 -4.58491
-4.58302 -4.58331
-4.58292 -4.58312
-4.58159 -4.58172
-4.58079 -4.58103
-4.58056 -4.5808
-4.57524 -4.57585
-4.57987 -4.58075
-4.57602 -4.57689
-4.58186 -4.58258
-4.57577 -4.57661
-4.58034 -4.5808
-4.5821 -4.58232
-4.58072 -4.58082
-4.58235 -4.58263
-4.5811 -4.58168
-4.58332 -4.58386
-4.57925 -4.57979
-4.58278 -4.58317
-4.57859 -4.57907
-4.55863 -4.55886
-4.55558 -4.5562
-4.55482 -4.55561
-4.55145 -4.55221
-4.55422 -4.55476
-4.55241 -4.55265
-4.55418 -4.55435
-4.55403 -4.55403
-4.55269 -4.55291
-4.55592 -4.5563
-4.55114 -4.55152
-4.55363 -4.5543
-4.55036 -4.55098
-4.55394 -4.55451
-4.54762 -4.54817
-4.55122 -4.55178
-4.54854 -4.54913
-4.55128 -4.55188
-4.55221 -4.55279
-4.55339 -4.55392
-4.52085 -4.52082
-4.52518 -4.52523
-4.52258 -4.52286
-4.52133 -4.5214
-4.52068 -4.52073
-4.51967 -4.51961
-4.51692 -4.51699
-4.52067 -4.52086
-4.5178 -4.51785
-4.52041 -4.52053
-4.52205 -4.52223
-4.52039 -4.52045
-4.52089 -4.52096
-4.51947 -4.51965
-4.52081 -4.52104
-4.51921 -4.51938
-4.51887 -4.51887
-4.52226 -4.5225
-4.51818 -4.51856
-4.5203 -4.52094
-4.49151 -4.49193
-4.48459 -4.48533
-4.48589 -4.48694
-4.48209 -4.48302
-4.4851 -4.48591
-4.48471 -4.48521
-4.48645 -4.4866
-4.48382 -4.48394
-4.48577 -4.48566
-4.48408 -4.48376
-4.48572 -4.485
-4.48316 -4.48259
-4.48609 -4.48607
-4.48004 -4.48015
-4.48555 -4.48552
-4.48272 -4.48292
-4.48666 -4.48716
-4.48533 -4.4854
-4.48793 -4.48808
-4.48505 -4.48498
-4.44535 -4.4454
-4.45019 -4.45042
-4.44967 -4.45007
-4.4461 -4.44668
-4.45092 -4.45183
-4.44513 -4.44592
-4.44784 -4.44866
-4.44562 -4.44618
-4.44511 -4.44568
-4.44742 -4.44774
-4.4467 -4.44665
-4.44642 -4.44654
-4.44618 -4.44588
-4.44405 -4.44387
-4.44531 -4.44534
-4.44313 -4.44274
-4.44903 -4.44866
-4.44489 -4.44509
-4.44766 -4.44859
-4.44725 -4.44855
-4.40884 -4.40922
-4.40802 -4.40835
-4.41161 -4.41179
-4.40664 -4.40677
-4.40893 -4.40914
-4.40845 -4.4086
-4.40757 -4.40802
-4.40721 -4.40777
-4.40863 -4.4097
-4.40759 -4.40839
-4.40723 -4.40814
-4.40721 -4.40808
-4.40502 -4.40526
-4.40907 -4.40984
-4.40355 -4.40411
-4.40679 -4.40744
-4.40766 -4.40868
-4.40726 -4.40823
-4.40958 -4.41095
-4.40494 -4.40629
-4.36634 -4.36691
-4.36858 -4.36905
-4.36714 -4.36758
-4.36665 -4.36695
-4.36761 -4.36783
-4.36633 -4.36664
-4.36399 -4.36505
-4.36279 -4.36405
-4.36318 -4.36474
-4.36297 -4.3645
-4.36582 -4.36615
-4.36807 -4.36714
-4.36602 -4.36485
-4.36675 -4.36572
-4.3658 -4.36528
-4.36393 -4.36335
-4.36157 -4.36187
-4.36225 -4.3625
-4.36212 -4.36178
-4.35843 -4.35772
-4.3212 -4.32223
-4.32614 -4.32709
-4.32271 -4.32309
-4.32629 -4.32665
-4.3256 -4.32562
-4.32738 -4.3271
-4.32443 -4.32232
-4.32829 -4.32647
-4.3268 -4.32433
-4.32632 -4.32227
-4.32516 -4.32288
-4.32358 -4.32191
-4.31819 -4.3161
-4.31945 -4.32086
-4.30895 -4.31195
-4.31943 -4.31967
-4.31134 -4.31169
-4.31894 -4.31883
-4.31407 -4.31387
-4.31191 -4.31315
-4.63024 -4.6298
-4.6281 -4.62774
-4.62602 -4.62575
-4.6253 -4.62505
-4.62516 -4.6249
-4.62506 -4.6248
-4.625 -4.62479
-4.62488 -4.62473
-4.62457 -4.62449
-4.62393 -4.62394
-4.6267 -4.62633
-4.62364 -4.62334
-4.62054 -4.62035
-4.62079 -4.62062
-4.62068 -4.62053
-4.61951 -4.61943
-4.61783 -4.61786
-4.61661 -4.61678
-4.61594 -4.61626
-4.61555 -4.61602
-4.61179 -4.61153
-4.60954 -4.60933
-4.60667 -4.60654
-4.60418 -4.60417
-4.60354 -4.6036
-4.60331 -4.60339
-4.60239 -4.6025
-4.6014 -4.60154
-4.60072 -4.60088
-4.60044 -4.60064
-4.58861 -4.58845
-4.58474 -4.58469
-4.58202 -4.58213
-4.58115 -4.58125
-4.58036 -4.58045
-4.58051 -4.58062
-4.58082 -4.58095
-4.58082 -4.58098
-4.58088 -4.5811
-4.58068 -4.581
-4.56074 -4.56064
-4.55641 -4.55643
-4.55367 -4.55382
-4.55293 -4.55307
-4.55234 -4.55246
-4.55302 -4.55317
-4.55368 -4.55393
-4.55346 -4.5538
-4.55232 -4.55276
-4.55058 -4.55113
-4.5281 -4.52808
-4.5232 -4.52326
-4.521 -4.52113
-4.5215 -4.52164
-4.52119 -4.52141
-4.52038 -4.52076
-4.51928 -4.51979
-4.51864 -4.51927
-4.51898 -4.51966
-4.5193 -4.52004
-4.49019 -4.49038
-4.48868 -4.48893
-4.48638 -4.48666
-4.48422 -4.48453
-4.48416 -4.48452
-4.48592 -4.48636
-4.48671 -4.48723
-4.48555 -4.48614
-4.48357 -4.48425
-4.48296 -4.4837
-4.45223 -4.45254
-4.44917 -4.4495
-4.44846 -4.44881
-4.44831 -4.44866
-4.44807 -4.44841
-4.44777 -4.44814
-4.44759 -4.448
-4.44712 -4.4476
-4.44637 -4.44691
-4.44566 -4.44622
-4.40711 -4.40763
-4.40673 -4.40724
-4.40692 -4.40744
-4.40653 -4.40707
-4.40563 -4.4062
-4.40482 -4.40543
-4.40507 -4.40576
-4.40553 -4.40632
-4.40571 -4.40663
-4.40549 -4.40653
-4.3719 -4.37281
-4.37076 -4.37164
-4.36781 -4.36861
-4.365 -4.36571
-4.36377 -4.36445
-4.36473 -4.36548
-4.36649 -4.36736
-4.36738 -4.36839
-4.36661 -4.36772
-4.36497 -4.36615
-4.32807 -4.32933
-4.32559 -4.32677
-4.32184 -4.32289
-4.31982 -4.32078
-4.32068 -4.32168
-4.3224 -4.32351
-4.32286 -4.32408
-4.32207 -4.32337
-4.32135 -4.32269
-4.32158 -4.32293
-4.62079 -4.6208
-4.61401 -4.61441
-4.55221 -4.55582
-4.35851 -4.36037
-4.37586 -4.37414
-4.62098 -4.6213
-4.61894 -4.61961
-4.61717 -4.61769
-4.61542 -4.61587
-4.61741 -4.61777
-4.60566 -4.60602
-4.6074 -4.60787
-4.60898 -4.60956
-4.60477 -4.60522
-4.5999 -4.60047
-4.58362 -4.58407
-4.58779 -4.58852
-4.59027 -4.59107
-4.58586 -4.58676
-4.58048 -4.58136
-4.55648 -4.55682
-4.56331 -4.56384
-4.56522 -4.56579
-4.56462 -4.56506
-4.55576 -4.55644
-4.52303 -4.52351
-4.53084 -4.53147
-4.53676 -4.53731
-4.53444 -4.53502
-4.5259 -4.52654
-4.48847 -4.48897
-4.49695 -4.4976
-4.5005 -4.50121
-4.5005 -4.5011
-4.49203 -4.4929
-4.44944 -4.45007
-4.45934 -4.45988
-4.46445 -4.46508
-4.46489 -4.46546
-4.45765 -4.45833
-4.41125 -4.41196
-4.41844 -4.41921
-4.42295 -4.42367
-4.42208 -4.42279
-4.4158 -4.41641
-4.36824 -4.36919
-4.37491 -4.37574
-4.38182 -4.3826
-4.37933 -4.38029
-4.36917 -4.37024
-4.32486 -4.32597
-4.33039 -4.3312
-4.33282 -4.33368
-4.32708 -4.32778
-4.30355 -4.30495
