100     0.58515    0.01885    0.02342    0.07008     0.21089     0.26192     
200     0.49937    0.02246    0.02830    0.03179     0.20741     0.20941     
300     0.44657    0.02663    0.03358    0.02036     0.19832     0.16768     
400     0.50999    0.02917    0.03722    0.03881     0.18632     0.21847     
500     0.47706    0.03243    0.04224    0.04273     0.18459     0.17507     
600     0.47968    0.03392    0.04394    0.02094     0.16552     0.21535     
700     0.46640    0.03680    0.04761    0.09403     0.15455     0.13340     
800     0.42852    0.03819    0.04992    0.02144     0.14081     0.17816     
900     0.41332    0.03947    0.05180    0.01939     0.12946     0.17320     
1000    0.39266    0.04285    0.05716    0.02485     0.13224     0.13557     
1100    0.39369    0.04550    0.06143    0.03314     0.11198     0.14164     
1200    0.37237    0.04707    0.06393    0.02020     0.12068     0.12049     
1300    0.40358    0.04867    0.06605    0.04436     0.11647     0.12802     
1400    0.39026    0.05069    0.07012    0.02716     0.10668     0.13560     
1500    0.36012    0.05106    0.06990    0.01307     0.10645     0.11964     
1600    0.36680    0.05231    0.07131    0.00883     0.11286     0.12149     
1700    0.35463    0.05517    0.07386    0.01917     0.10030     0.10613     
1800    0.36052    0.05707    0.07653    0.01062     0.10463     0.11168     
1900    0.35533    0.05821    0.07985    0.01181     0.10465     0.10081     
2000    0.34126    0.05796    0.07874    0.01016     0.09675     0.09765     
