-0.262937 -0.441168
-0.0750133 -0.0875709
-0.799511 -0.935073
0.253368 0.381546
-0.929994 -1.11721
-0.644257 -0.774308
-0.028097 0.015539
1.01589 1.01725
0.843601 0.807457
0.311411 0.371424
0.976622 0.981213
-0.403254 -0.464108
1.82792 1.99879
0.239137 0.181806
0.0243277 0.0681245
0.649894 0.76823
0.522422 0.33275
0.673916 0.743153
0.56443 0.606666
0.475699 0.337705
1.31438 1.2912
1.64481 1.76045
-0.00416216 -0.122388
0.609676 0.509301
0.874471 0.840248
0.46453 0.374577
1.23451 1.21188
0.34891 0.315094
0.601501 0.528416
1.72225 1.84332
1.40882 1.41553
0.734139 0.651852
0.933497 0.886834
1.57565 1.63727
1.47136 1.44632
0.46956 0.310305
1.35873 1.2811
1.1502 1.03209
1.3782 1.4435
1.30107 1.32773
1.91456 1.90941
1.61299 1.64439
1.6212 1.61689
1.63198 1.64202
0.931508 0.890249
2.27411 2.06094
1.68998 1.39773
1.83047 1.63275
1.59796 1.51596
1.67124 1.62926
1.61119 1.58853
2.2486 2.19896
1.32609 1.27047
1.00396 0.989194
1.71935 1.70791
2.31593 2.30622
1.97738 1.89577
1.83865 1.67982
1.74978 1.67639
2.18435 2.11353
2.49897 2.50601
1.61063 1.55427
1.48449 1.18422
2.4906 2.50919
2.27896 2.10647
1.53361 1.29908
2.3018 2.17213
2.51848 2.40317
3.03385 2.88791
2.15522 2.02857
2.16716 2.08809
2.85183 2.75808
2.50919 2.51611
2.51896 2.27922
2.16534 2.07145
1.63646 1.57504
1.73957 1.65286
2.89821 2.99533
3.4134 3.52482
3.4867 3.47382
2.8644 2.77917
3.255 3.25009
1.95271 1.78146
3.12949 3.23552
2.3847 2.30404
3.25648 3.27392
1.81269 1.67656
2.55887 2.35383
3.04155 2.99194
2.52609 2.29988
3.05112 3.01471
2.9921 2.91248
3.08184 3.05305
2.81777 2.77131
2.22329 2.10823
2.52139 2.42283
3.34142 3.2185
3.68412 3.64264
3.54274 3.54143
2.70923 2.53913
3.37574 3.33854
2.67983 2.40547
2.88198 2.79999
3.35175 3.43767
-0.0219092 -0.0123162
-0.0998468 -0.0874768
-0.179804 -0.158707
-0.195917 -0.175141
-0.154743 -0.135214
-0.0801742 -0.0644536
-0.00666626 0.000602001
-0.000800375 0.00786372
-0.0644147 -0.0501445
-0.140933 -0.125037
-0.205513 -0.188741
-0.201366 -0.181312
-0.103426 -0.0888033
-0.0275749 -0.0147411
0.0227891 0.0294062
-0.00442377 -0.00139036
-0.100215 -0.0888999
-0.190773 -0.173683
-0.219833 -0.202905
-0.173356 -0.159592
0.402822 0.377792
0.386782 0.360985
0.389676 0.367652
0.394548 0.371183
0.389501 0.364545
0.386971 0.363766
0.395577 0.367634
0.387874 0.363173
0.375182 0.354737
0.370701 0.347722
0.369557 0.349193
0.362064 0.342136
0.368265 0.346922
0.35974 0.339817
0.353808 0.334538
0.346835 0.329442
0.330015 0.311773
0.318542 0.302506
0.321241 0.305858
0.32003 0.304035
0.76983 0.716195
0.772189 0.730138
0.764479 0.719636
0.760639 0.724352
0.761256 0.715605
0.756371 0.719162
0.741607 0.701177
0.738084 0.707664
0.735019 0.69969
0.740217 0.698889
0.735343 0.692994
0.738872 0.695381
0.731479 0.688808
0.722385 0.681323
0.713582 0.674759
0.701138 0.662768
0.696616 0.66178
0.697675 0.66063
0.69709 0.65988
0.693482 0.657131
1.0878 1.04334
1.07541 1.03735
1.06396 1.02939
1.05568 1.02381
1.05859 1.0285
1.04875 1.02368
1.03492 1.01595
1.02738 1.00511
1.03934 1.01961
1.03663 1.01153
1.045 1.0216
1.04426 1.01562
1.05357 1.01617
1.04869 1.01192
1.05122 1.01375
1.03494 1.00266
1.03501 1.00141
1.03597 1.00261
1.03288 0.997474
1.01933 0.988805
1.38477 1.35525
1.37018 1.34821
1.35202 1.33706
1.35212 1.34106
1.3443 1.33369
1.35051 1.33585
1.35539 1.33873
1.36708 1.34977
1.37674 1.35691
1.35732 1.3366
1.35202 1.33353
1.34252 1.3264
1.33471 1.32502
1.30821 1.30431
1.30323 1.30482
1.28552 1.29233
1.27123 1.28541
1.25838 1.26975
1.28039 1.28594
1.30807 1.30289
1.70217 1.68482
1.68356 1.66846
1.67221 1.66107
1.65963 1.65332
1.6605 1.65793
1.63946 1.64393
1.62305 1.63175
1.63175 1.63754
1.62347 1.63087
1.63881 1.64314
1.64039 1.63968
1.6671 1.65762
1.65855 1.65101
1.65526 1.65028
1.63279 1.63464
1.62375 1.63086
1.60186 1.61057
1.59182 1.60012
1.59693 1.60735
1.57902 1.5955
1.95905 1.95626
1.93653 1.94028
1.91538 1.92569
1.91878 1.92757
1.91115 1.92162
1.90976 1.91785
1.91485 1.92445
1.91201 1.92063
1.8888 1.9031
1.90202 1.91275
1.89352 1.90738
1.89646 1.90992
1.86404 1.88572
1.86498 1.8829
1.88161 1.897
1.90261 1.90896
1.90055 1.90712
1.91574 1.91815
1.9384 1.93723
1.92914 1.93008
2.2925 2.26946
2.27724 2.25736
2.25595 2.24026
2.24546 2.22859
2.20785 2.19905
2.20107 2.18916
2.17317 2.16518
2.18996 2.18099
2.1794 2.17405
2.15905 2.15689
2.16374 2.15911
2.15472 2.15596
2.1486 2.15215
2.13967 2.14563
2.11639 2.12871
2.11718 2.12043
2.11424 2.12123
2.1231 2.1274
2.09461 2.09946
2.10425 2.10258
2.57874 2.5399
2.5753 2.53738
2.5515 2.51553
2.54654 2.51033
2.54386 2.50926
2.51297 2.48286
2.5108 2.48457
2.49506 2.47043
2.47259 2.44994
2.45245 2.43613
2.40832 2.39982
2.38859 2.38636
2.38867 2.38554
2.37072 2.36974
2.40259 2.39418
2.37147 2.36655
2.38866 2.38034
2.38215 2.36952
2.35253 2.33767
2.34122 2.31827
2.85358 2.80112
2.83083 2.77943
2.79254 2.74317
2.77963 2.72642
2.71933 2.66591
2.64296 2.59746
2.56608 2.52146
2.42229 2.39939
2.33276 2.32589
2.33679 2.32435
2.32587 2.31881
2.30441 2.29877
2.37053 2.36254
2.43662 2.41796
2.41822 2.39777
2.45641 2.4224
2.48406 2.44494
2.47349 2.43009
2.50678 2.46228
2.54114 2.49194
3.09128 3.05165
3.05248 3.00874
3.01803 2.97743
2.96505 2.93067
2.87664 2.85259
2.79283 2.7763
2.77414 2.75101
2.69929 2.68061
2.6468 2.64425
2.57297 2.57058
2.48554 2.47734
2.48696 2.49013
2.45037 2.43674
2.35108 2.34499
2.35335 2.37424
2.34693 2.36986
2.37803 2.38141
2.4268 2.41627
2.50212 2.49994
2.52228 2.52886
-0.0108452 -0.00117503
-0.013829 -0.00493816
-0.0193814 -0.0112305
-0.0210903 -0.0131437
-0.0222864 -0.0140443
-0.0265307 -0.017891
-0.0340418 -0.0248673
-0.0437872 -0.0341383
-0.055027 -0.0449646
-0.0669151 -0.0565606
0.400672 0.369589
0.403257 0.374059
0.406052 0.378237
0.405498 0.377389
0.405931 0.37748
0.406573 0.378877
0.405615 0.379475
0.40192 0.377377
0.397338 0.373845
0.393158 0.370117
0.775872 0.71865
0.776394 0.72193
0.776835 0.725858
0.77673 0.728774
0.775518 0.728615
0.774485 0.727771
0.774193 0.727959
0.774126 0.728424
0.773601 0.72842
0.772993 0.728081
1.1087 1.05223
1.10839 1.05653
1.10628 1.05798
1.10499 1.05844
1.10392 1.05848
1.10317 1.05725
1.10307 1.05641
1.1009 1.05511
1.09863 1.05417
1.09671 1.05363
1.41032 1.37104
1.41194 1.37609
1.41069 1.37771
1.40935 1.37714
1.40884 1.37684
1.40522 1.37387
1.40097 1.37105
1.39879 1.37015
1.39508 1.36849
1.3918 1.3676
1.69856 1.6791
1.7047 1.68601
1.70634 1.6882
1.7031 1.6855
1.70053 1.68345
1.69808 1.68174
1.69473 1.68015
1.68929 1.67744
1.68371 1.67399
1.68171 1.67297
1.9901 1.97821
1.99183 1.9798
1.99331 1.98132
1.99279 1.98143
1.98897 1.97881
1.98422 1.97474
1.98305 1.9736
1.98417 1.97495
1.98485 1.97629
1.98311 1.97519
2.28384 2.26349
2.28915 2.26758
2.29022 2.26847
2.28922 2.26777
2.28681 2.26582
2.284 2.26337
2.28127 2.26086
2.27928 2.25905
2.27821 2.25831
2.27761 2.25801
2.58156 2.54244
2.58244 2.54332
2.58223 2.54303
2.5819 2.54252
2.58098 2.54148
2.57906 2.5396
2.57468 2.53592
2.56973 2.53208
2.56617 2.52944
2.56476 2.52845
2.85303 2.79833
2.85355 2.79951
2.85593 2.8033
2.85768 2.80615
2.85649 2.80551
2.85219 2.8011
2.84609 2.79482
2.84086 2.79004
2.839 2.78893
2.83917 2.78972
3.10214 3.05322
3.10284 3.05675
3.10532 3.06156
3.10775 3.06227
3.10483 3.05776
3.09701 3.0519
3.09127 3.04883
3.08801 3.04773
3.0868 3.04645
3.08452 3.04171
-0.30441 -0.278742
0.470716 0.443735
-1.00257 -1.12354
2.68882 2.64415
-1.56267 -1.58306
0.299261 0.283489
0.197381 0.192827
0.28861 0.274436
0.390489 0.368078
0.309788 0.292859
0.709438 0.668531
0.607394 0.573173
0.578882 0.545682
0.641205 0.606494
0.741474 0.703296
1.05012 1.00903
0.950856 0.91542
0.913498 0.875647
0.948418 0.914091
1.03001 0.995743
1.35267 1.32529
1.26419 1.23737
1.21855 1.19162
1.25119 1.21921
1.32042 1.29509
1.64287 1.63206
1.5597 1.54855
1.5096 1.4962
1.53085 1.51786
1.59297 1.586
1.9397 1.93505
1.84245 1.84493
1.79844 1.80016
1.81869 1.816
1.86909 1.86891
2.23699 2.22277
2.15748 2.14802
2.09872 2.09258
2.09378 2.08761
2.13553 2.12894
2.52368 2.49165
2.44394 2.41784
2.38816 2.36517
2.39788 2.37426
2.45117 2.42449
2.80886 2.76179
2.74313 2.6991
2.67215 2.63306
2.65422 2.6189
2.67867 2.64471
3.05625 3.0113
2.97139 2.92307
2.88004 2.8274
2.81869 2.76464
2.81668 2.77151
0.768495 0.817249
0.910358 1.03016
0.86855 0.980858
-0.0691817 -0.0707543
-0.0985671 -0.0118304
0.0256045 0.122351
0.0967535 0.163751
0.663257 0.596399
0.703936 0.702162
0.032655 0.18634
0.378476 0.289988
0.855881 0.933859
0.17855 0.0403935
-0.465748 -0.505555
-0.156461 -0.0899321
0.0535239 0.085073
1.06408 1.1314
-0.33531 -0.419037
-0.0165312 -0.19992
1.34825 1.40818
1.95147 2.07773
0.567862 0.524546
-0.0974588 0.0610245
1.39367 1.46967
1.03985 1.00091
1.54795 1.64006
1.64818 1.63241
-0.0704459 -0.129312
-0.104018 -0.172741
2.29384 2.326
1.99534 2.05276
1.40506 1.61245
0.843909 1.00294
0.883886 0.744525
0.617649 0.594462
0.381809 0.528408
0.856083 0.948903
1.33116 1.44635
1.50474 1.49373
1.72114 1.71547
1.4408 1.62206
1.97327 2.06547
2.35035 2.43026
1.31958 1.33903
0.819245 0.87088
1.98983 2.1361
0.775483 0.70999
2.60786 2.7329
2.59046 2.72313
2.20172 2.24255
1.08096 1.01921
2.93153 2.90337
2.25153 2.32146
1.83657 1.85811
2.56701 2.67842
1.6619 1.62829
1.52229 1.45709
2.0691 2.00448
0.630489 0.577891
1.3697 1.40583
2.20142 2.18155
0.848776 0.974005
1.36569 1.67882
3.13682 3.13918
3.65179 3.76106
3.24132 3.40874
2.39739 2.40699
1.90354 1.88084
1.46686 1.5078
2.48663 2.5215
2.15328 2.21376
2.10207 2.04807
1.59455 1.46745
1.41417 1.25919
3.29596 3.27653
2.59378 2.69584
2.30526 2.43123
1.66319 1.49755
3.77091 3.81449
3.40024 3.3009
2.74925 2.67588
3.47806 3.49609
1.9596 2.10696
2.30916 2.20588
2.35495 2.42964
2.04227 1.91053
2.42682 2.32976
2.45965 2.61728
3.02299 2.93185
2.65707 2.83309
2.92908 2.8971
2.86921 2.87419
3.07836 2.96583
2.86286 2.64521
3.95405 4.27306
2.92893 2.97741
4.30801 4.35819
2.66742 2.56976
3.30907 3.30855
2.62045 2.5035
3.27774 3.30318
2.8659 2.88282
2.90357 2.89218
3.25067 3.37354
-0.0271132 -0.0151537
-0.0972617 -0.0824678
-0.181548 -0.157961
-0.197237 -0.181495
-0.159522 -0.144648
-0.0785043 -0.0607558
-0.00283999 0.00717711
-0.000715207 0.0103965
-0.0596325 -0.0443285
-0.14821 -0.131069
-0.20854 -0.189967
-0.207163 -0.189147
-0.126212 -0.118911
-0.0406583 -0.0336986
0.0220638 0.0289333
0.00297888 0.0130401
-0.0872312 -0.0715085
-0.187361 -0.169652
-0.219684 -0.203234
-0.174935 -0.157295
0.400583 0.375594
0.386025 0.359773
0.38273 0.361327
0.384874 0.362727
0.383258 0.359813
0.384417 0.366235
0.395671 0.37331
0.385497 0.363962
0.366295 0.349518
0.366116 0.345838
0.364126 0.348375
0.359854 0.343169
0.365694 0.345267
0.361062 0.339665
0.353823 0.333909
0.355141 0.336731
0.348369 0.330774
0.324913 0.310585
0.318449 0.303654
0.324534 0.308663
0.774792 0.721388
0.762364 0.724233
0.762083 0.718023
0.751117 0.718651
0.751469 0.708406
0.74834 0.714602
0.738811 0.699878
0.734865 0.705931
0.734611 0.700441
0.737603 0.69857
0.73894 0.696261
0.737592 0.694932
0.732078 0.688497
0.714641 0.673011
0.712205 0.671254
0.706991 0.667171
0.697194 0.660901
0.690492 0.653534
0.694541 0.655583
0.68699 0.650219
1.08574 1.04177
1.08054 1.0422
1.06773 1.03343
1.06701 1.03469
1.06244 1.03241
1.06168 1.03218
1.0489 1.02764
1.04326 1.01604
1.03969 1.0167
1.04696 1.01779
1.04057 1.01723
1.04615 1.01525
1.0582 1.02224
1.06837 1.0292
1.05184 1.01479
1.04627 1.01109
1.03067 0.995344
1.04026 1.00552
1.03339 0.999103
1.03636 1.00537
1.38798 1.35988
1.37105 1.35176
1.34279 1.33217
1.34754 1.33819
1.35796 1.34505
1.36645 1.35059
1.3606 1.34378
1.36141 1.34415
1.35663 1.33902
1.3465 1.3302
1.36718 1.34937
1.35028 1.3332
1.32168 1.31298
1.32417 1.31799
1.33334 1.33044
1.29302 1.2969
1.27875 1.289
1.28137 1.29
1.29234 1.29421
1.30425 1.30023
1.70618 1.68784
1.68075 1.6684
1.68177 1.67263
1.66189 1.65828
1.64032 1.64201
1.64245 1.64366
1.64787 1.64791
1.6444 1.64341
1.64299 1.64229
1.63445 1.63539
1.64831 1.64593
1.65863 1.65289
1.65339 1.64977
1.64414 1.64277
1.61931 1.62437
1.62062 1.6259
1.61882 1.62313
1.62287 1.62561
1.60175 1.60695
1.56684 1.57952
1.95561 1.95182
1.9309 1.93343
1.91313 1.92203
1.90387 1.91302
1.89702 1.90764
1.89743 1.90926
1.89386 1.90928
1.89018 1.90375
1.89708 1.91188
1.89806 1.91136
1.89971 1.90969
1.88111 1.88984
1.86823 1.88058
1.8812 1.88836
1.88184 1.89239
1.89502 1.89905
1.90076 1.90622
1.93579 1.93618
1.93455 1.93396
1.94148 1.93734
2.2954 2.27129
2.27747 2.25768
2.26187 2.24439
2.22758 2.21433
2.20648 2.2001
2.20414 2.1986
2.17973 2.17493
2.176 2.17121
2.18757 2.18001
2.15979 2.1554
2.15121 2.14826
2.16493 2.15947
2.13959 2.13835
2.12985 2.12683
2.14013 2.13986
2.14102 2.1391
2.10565 2.11095
2.09548 2.09946
2.10647 2.1153
2.10573 2.11364
2.57417 2.53599
2.56881 2.53273
2.54914 2.51312
2.54981 2.51303
2.53587 2.50226
2.5338 2.49906
2.50027 2.47307
2.50129 2.47566
2.4844 2.46175
2.44716 2.42925
2.42179 2.40938
2.38037 2.37441
2.3887 2.3775
2.38932 2.37791
2.39007 2.37225
2.40797 2.38317
2.39476 2.37115
2.38886 2.36503
2.36734 2.34966
2.31155 2.30775
2.84985 2.79781
2.83401 2.78365
2.80373 2.75479
2.75564 2.71181
2.72847 2.68377
2.63297 2.59607
2.565 2.52713
2.4655 2.44031
2.3373 2.32082
2.30473 2.27442
2.31905 2.29245
2.34371 2.31849
2.3835 2.35647
2.43227 2.40129
2.45664 2.43319
2.44208 2.41888
2.46025 2.44436
2.50866 2.48923
2.50933 2.49167
2.51314 2.48409
3.08618 3.042
3.05489 3.00035
3.01808 2.95657
2.94431 2.87895
2.87287 2.8088
2.83519 2.77216
2.76956 2.69893
2.70257 2.6349
2.66268 2.60701
2.60178 2.54746
2.55365 2.50279
2.48247 2.46224
2.4491 2.4412
2.3927 2.37068
2.32932 2.33113
2.34206 2.34589
2.40954 2.40691
2.42249 2.37249
2.4233 2.38494
2.50889 2.48582
-0.0112706 -0.00138242
-0.0145345 -0.00535728
-0.0201291 -0.0118119
-0.0233664 -0.0155244
-0.0264124 -0.0186149
-0.0313521 -0.023495
-0.0380162 -0.0297194
-0.0459115 -0.0369686
-0.0547995 -0.0449673
-0.064421 -0.0535646
0.400736 0.369638
0.403701 0.374288
0.40634 0.378133
0.403972 0.376004
0.402491 0.3747
0.402967 0.375986
0.403942 0.378043
0.403209 0.378501
0.401144 0.377322
0.39869 0.375219
0.775722 0.718572
0.775451 0.721375
0.774189 0.724093
0.772548 0.725818
0.77061 0.724949
0.770104 0.724358
0.771051 0.725397
0.772505 0.726928
0.773406 0.727872
0.77351 0.727929
1.10882 1.05228
1.10886 1.05675
1.10684 1.05823
1.10756 1.06042
1.10849 1.06249
1.10719 1.06115
1.10535 1.05888
1.10403 1.05761
1.10243 1.0565
1.09849 1.05423
1.4105 1.37114
1.41234 1.37614
1.40978 1.37659
1.40939 1.37696
1.4104 1.37824
1.41017 1.37767
1.40779 1.37595
1.40319 1.37339
1.39839 1.37138
1.396 1.37145
1.69891 1.67934
1.70605 1.68696
1.70686 1.68866
1.70342 1.68595
1.69988 1.6832
1.69621 1.68055
1.69269 1.6786
1.68768 1.6758
1.68061 1.67089
1.67498 1.66702
1.98844 1.97698
1.98999 1.97836
1.99322 1.98084
1.99523 1.98242
1.99193 1.97997
1.98494 1.9744
1.97988 1.97071
1.97956 1.97144
1.98197 1.97428
1.98195 1.9744
2.28334 2.26297
2.28775 2.26623
2.28901 2.26711
2.28901 2.2671
2.28895 2.26699
2.28844 2.26647
2.2876 2.26568
2.28684 2.26517
2.28652 2.26553
2.28555 2.26535
2.58164 2.54246
2.58147 2.54242
2.58082 2.54179
2.58117 2.54182
2.58226 2.54233
2.58195 2.54162
2.57843 2.53857
2.57402 2.53518
2.56993 2.53226
2.56751 2.53065
2.85296 2.79827
2.85364 2.79964
2.8547 2.8025
2.85547 2.8047
2.8545 2.80436
2.85141 2.80099
2.84764 2.79665
2.84475 2.79373
2.84433 2.79375
2.84405 2.79422
3.10229 3.05335
3.10367 3.05744
3.10669 3.06269
3.10899 3.06342
3.10489 3.05798
3.09691 3.0518
3.09089 3.04829
3.08708 3.0465
3.08339 3.04293
3.0796 3.03685
-0.305652 -0.280791
0.470637 0.442579
-0.990961 -1.10437
2.67732 2.64161
-1.54958 -1.50533
0.297943 0.281657
0.197853 0.192082
0.289538 0.275898
0.393452 0.371624
0.30935 0.292895
0.701251 0.661699
0.606288 0.573484
0.576232 0.543347
0.641691 0.607574
0.74452 0.706242
1.04511 1.00491
0.952569 0.915548
0.910631 0.873579
0.947406 0.914258
1.03068 0.998072
1.35416 1.32658
1.26033 1.23411
1.21804 1.19097
1.25415 1.22258
1.32069 1.29706
1.64974 1.63873
1.56092 1.55031
1.51196 1.49815
1.53365 1.51883
1.59583 1.58697
1.93564 1.93125
1.84398 1.84643
1.79696 1.79854
1.81437 1.81219
1.86108 1.86252
2.23487 2.22033
2.15115 2.14221
2.09555 2.08906
2.10474 2.09623
2.14126 2.13411
2.52197 2.49022
2.43739 2.4131
2.3854 2.36512
2.39574 2.374
2.44777 2.4234
2.81004 2.76233
2.73688 2.6919
2.67871 2.63592
2.65595 2.61706
2.67966 2.64285
3.05682 3.01274
2.97736 2.93459
2.89621 2.85614
2.82479 2.79097
2.81226 2.79429
1.00256 1.08601
-0.61766 -0.775832
1.32879 1.442
-0.749258 -0.909043
0.744217 0.843344
-0.153375 -0.0994246
-0.707852 -0.771833
0.444313 0.370085
0.490332 0.432564
-0.871812 -1.09945
1.40742 1.38673
-1.0404 -1.05514
1.25755 1.25518
0.3761 0.548491
-0.678226 -0.738598
-0.944559 -1.10875
1.19646 1.44249
-0.192807 -0.191959
0.614434 0.67426
1.18755 1.37951
1.78134 1.74045
0.155813 0.0599891
-0.439424 -0.551527
0.401492 0.391808
0.540535 0.471132
0.503155 0.42281
1.83073 1.82275
0.65662 0.716702
1.07058 1.12597
0.317965 0.060854
0.585905 0.458015
0.753006 0.7101
0.589335 0.535793
2.15963 2.23098
0.521756 0.514565
1.37777 1.45576
0.997074 1.06358
0.78281 0.831113
0.592288 0.552267
0.647883 0.629627
1.12276 1.04424
0.674537 0.567797
1.18087 1.09668
1.62107 1.64695
1.29197 1.38507
1.95843 1.93772
1.83864 2.24297
1.43755 1.44905
1.98625 1.97803
2.18268 2.17196
1.71122 1.76952
2.95868 2.91309
1.4874 1.46039
0.637586 0.616762
0.839813 0.711165
2.38269 2.38915
3.41747 3.59056
3.43234 3.64268
1.75149 1.95382
2.3951 2.42929
2.44725 2.37232
1.34526 1.34798
2.80384 2.75979
1.16313 1.08318
2.96187 3.096
1.6633 1.74942
2.40774 2.45256
2.0502 2.21226
2.27552 2.24439
2.44442 2.51994
1.27557 1.34845
2.8223 2.82882
2.71649 2.84184
3.12352 3.38347
2.57814 2.55217
1.03044 1.02683
1.53072 1.53592
2.51615 2.54396
2.49351 2.45012
2.78366 2.88581
3.25231 3.25266
1.96942 1.88238
1.7442 1.82667
2.08915 2.04117
2.33019 2.30211
3.71223 3.81098
3.3916 3.5361
3.16022 3.06193
2.62633 2.57853
3.65433 3.63281
3.77795 3.85229
3.14743 3.06035
3.33355 3.44363
3.27243 3.41964
2.88324 2.87084
1.83202 1.80981
4.82646 5.00711
1.82158 1.84173
2.7126 2.67934
3.14011 3.63656
2.80785 2.96538
2.64397 2.67962
2.63699 2.58041
3.85158 4.23937
-0.0236271 -0.0135878
-0.0983131 -0.0861244
-0.180689 -0.159007
-0.194965 -0.174322
-0.149438 -0.131372
-0.0802851 -0.0637428
0.000840955 0.00943096
3.85661e-05 0.00994533
-0.0659689 -0.0535416
-0.145747 -0.129728
-0.209219 -0.189557
-0.205008 -0.184952
-0.111249 -0.0994609
-0.0242531 -0.0140297
0.0260233 0.0318514
-0.00198931 0.00347406
-0.099514 -0.0860827
-0.197323 -0.182351
-0.22817 -0.213834
-0.184105 -0.169868
0.396379 0.373262
0.388169 0.363011
0.39031 0.368103
0.389448 0.367173
0.3858 0.362877
0.390069 0.369222
0.390971 0.367419
0.37522 0.355083
0.369672 0.352136
0.379731 0.358014
0.369865 0.350673
0.346834 0.328174
0.35295 0.332972
0.359662 0.340179
0.350051 0.331658
0.338174 0.32292
0.331383 0.316438
0.323707 0.311873
0.325467 0.313296
0.323003 0.311195
0.773406 0.720434
0.769717 0.727799
0.761686 0.716797
0.758539 0.723455
0.759062 0.715849
0.753211 0.720213
0.735423 0.696516
0.724021 0.695267
0.726683 0.69067
0.735517 0.697848
0.748778 0.705506
0.728727 0.688156
0.734689 0.69073
0.718688 0.679481
0.710687 0.672859
0.702269 0.664928
0.699006 0.665124
0.690116 0.654668
0.696714 0.657329
0.687643 0.652183
1.09196 1.04573
1.07375 1.03589
1.07267 1.03581
1.06649 1.03512
1.05237 1.02347
1.04493 1.01602
1.04542 1.0224
1.04486 1.01651
1.02978 1.00832
1.03226 1.0032
1.04424 1.01707
1.05366 1.02127
1.06336 1.02595
1.06795 1.03032
1.05413 1.01746
1.03747 1.00646
1.04207 1.00667
1.05097 1.0153
1.03968 1.00221
1.03284 1.00205
1.38377 1.35475
1.36934 1.3481
1.35368 1.33913
1.34515 1.33497
1.34436 1.33177
1.3747 1.35754
1.37111 1.35408
1.35707 1.34141
1.35868 1.34246
1.35754 1.34077
1.35409 1.3387
1.34312 1.33063
1.34145 1.33226
1.31492 1.30914
1.30909 1.30666
1.28834 1.29238
1.28115 1.29194
1.26648 1.27775
1.27731 1.28341
1.28685 1.2853
1.70187 1.68538
1.68477 1.67201
1.67234 1.6639
1.66201 1.65796
1.65163 1.65234
1.63373 1.63989
1.64057 1.64655
1.62664 1.63531
1.63555 1.64212
1.63261 1.63785
1.64617 1.64608
1.65118 1.64798
1.66756 1.65872
1.65139 1.64632
1.63542 1.63212
1.62273 1.62467
1.62903 1.62805
1.62219 1.62297
1.60465 1.61291
1.57419 1.59006
1.96166 1.95624
1.94895 1.94672
1.91163 1.91608
1.91054 1.9159
1.91158 1.91959
1.91202 1.91995
1.89525 1.90667
1.90154 1.91221
1.89225 1.90728
1.88488 1.90029
1.87614 1.89353
1.87164 1.88787
1.85765 1.88442
1.86763 1.88948
1.84892 1.87224
1.89387 1.90704
1.91279 1.92231
1.91284 1.91641
1.90783 1.91251
1.92797 1.92874
2.29348 2.27056
2.27317 2.25463
2.25288 2.2395
2.2453 2.2325
2.20281 2.20019
2.20083 2.19744
2.18905 2.19279
2.18038 2.18534
2.16333 2.17043
2.16922 2.17739
2.15931 2.16631
2.1443 2.15278
2.14315 2.15013
2.1497 2.15433
2.12005 2.12968
2.13556 2.14648
2.11817 2.13245
2.09983 2.11516
2.08966 2.11199
2.12411 2.14274
2.57955 2.54055
2.56351 2.52728
2.55587 2.51984
2.5538 2.518
2.53066 2.49589
2.5185 2.48458
2.51255 2.47514
2.49267 2.45565
2.48342 2.44382
2.44822 2.40686
2.42463 2.38565
2.39858 2.35992
2.38072 2.34253
2.38809 2.35393
2.38807 2.35752
2.39684 2.36621
2.39823 2.37244
2.37729 2.36052
2.36196 2.3507
2.37565 2.36493
2.84905 2.7982
2.82232 2.7728
2.80418 2.75762
2.75817 2.71567
2.69664 2.65942
2.64909 2.61686
2.52932 2.50895
2.44254 2.44623
2.37467 2.38925
2.28335 2.28393
2.28261 2.3017
2.32948 2.35097
2.38951 2.40433
2.38347 2.39743
2.43795 2.44581
2.452 2.44913
2.43971 2.43525
2.48751 2.47267
2.48264 2.4717
2.52259 2.49886
3.08661 3.04749
3.05944 3.01653
3.00021 2.96155
2.94209 2.90951
2.90247 2.87605
2.82914 2.80261
2.77205 2.73956
2.76719 2.73702
2.66091 2.64748
2.61613 2.59791
2.59869 2.57661
2.49245 2.49156
2.47244 2.46785
2.45508 2.44661
2.37888 2.39889
2.33941 2.35639
2.39307 2.3993
2.49929 2.48133
2.54083 2.5265
2.4743 2.48694
-0.0114138 -0.00169382
-0.0147988 -0.00586011
-0.0206808 -0.0125508
-0.0230853 -0.0152531
-0.0249882 -0.0169809
-0.029333 -0.0210361
-0.0363103 -0.0275294
-0.0452752 -0.0360043
-0.0556313 -0.045737
-0.0663979 -0.0557622
0.400974 0.369808
0.403511 0.374136
0.405169 0.377274
0.40455 0.37632
0.404052 0.375651
0.402992 0.375622
0.401634 0.375959
0.400055 0.375985
0.397986 0.374977
0.395714 0.373238
0.775929 0.718672
0.776808 0.722115
0.777714 0.726196
0.777884 0.729169
0.777356 0.729498
0.776807 0.729221
0.776806 0.729967
0.776917 0.730898
0.776803 0.731459
0.776455 0.731447
1.10914 1.05244
1.10973 1.05704
1.10758 1.05829
1.10581 1.0584
1.10466 1.05891
1.1035 1.05794
1.10286 1.05676
1.10172 1.0558
1.09724 1.05265
1.09276 1.04986
1.41026 1.37096
1.41135 1.37554
1.40963 1.37671
1.41013 1.37758
1.41171 1.37896
1.40912 1.37656
1.40374 1.3726
1.399 1.36993
1.3964 1.36955
1.39277 1.36887
1.69882 1.67917
1.70569 1.68641
1.70651 1.68808
1.70372 1.6859
1.70067 1.68399
1.69671 1.68167
1.6938 1.68036
1.69099 1.67897
1.68644 1.6754
1.67976 1.67014
1.98861 1.97717
1.99148 1.97966
1.9958 1.98336
1.99686 1.98469
1.99084 1.98029
1.98076 1.97202
1.97582 1.96784
1.97808 1.97004
1.98248 1.97447
1.98328 1.97564
2.28261 2.2625
2.28681 2.26571
2.28628 2.26532
2.285 2.26441
2.28456 2.26386
2.28421 2.26313
2.28301 2.26176
2.28117 2.26009
2.27864 2.25841
2.2757 2.2565
2.58588 2.54563
2.58657 2.54616
2.5849 2.54467
2.58297 2.54301
2.5819 2.54201
2.58077 2.54081
2.57796 2.53842
2.57484 2.53604
2.5716 2.53375
2.56776 2.53109
2.85295 2.79826
2.85405 2.80002
2.85672 2.80429
2.85873 2.80761
2.85837 2.80784
2.85423 2.80361
2.84823 2.79741
2.84319 2.79266
2.84092 2.791
2.83977 2.79057
3.10222 3.0533
3.10228 3.05631
3.10432 3.06074
3.10855 3.06297
3.10828 3.06066
3.10205 3.05612
3.09565 3.05266
3.09187 3.0513
3.08947 3.04893
3.08657 3.04355
-0.306796 -0.282153
0.469082 0.441145
-0.992852 -1.10994
2.68573 2.65316
-1.54738 -1.49935
0.298371 0.28257
0.202479 0.196152
0.288293 0.273261
0.394983 0.372244
0.310516 0.293129
0.708013 0.667036
0.608548 0.57431
0.574479 0.540889
0.641057 0.606349
0.740806 0.702313
1.04466 1.00464
0.955127 0.918636
0.912683 0.875171
0.94618 0.912159
1.03121 0.997415
1.35302 1.32593
1.26196 1.23603
1.21854 1.1913
1.25764 1.22614
1.32482 1.30068
1.6486 1.63744
1.55997 1.54989
1.51178 1.49803
1.53579 1.52082
1.59124 1.58364
1.93533 1.93088
1.8482 1.85048
1.79358 1.79722
1.81755 1.81509
1.86952 1.86933
2.2348 2.22033
2.14987 2.14227
2.09699 2.09099
2.10239 2.09405
2.13875 2.13101
2.52272 2.49009
2.44098 2.41594
2.38746 2.36795
2.38584 2.3662
2.44809 2.42238
2.81057 2.76233
2.74212 2.69827
2.68007 2.63915
2.66664 2.62222
2.69266 2.64297
3.05906 3.01488
2.97094 2.92664
2.88344 2.83863
2.82496 2.78671
2.81244 2.78403
0.0816547 0.1309
-0.0211295 0.0561119
0.349653 0.385644
-0.14009 -0.0207288
0.408878 0.505196
0.30589 0.360032
0.0271777 0.123229
-0.27021 -0.300855
-0.365704 -0.5723
-0.302787 -0.563484
-0.162448 -0.0938846
0.335673 0.305543
-1.01836 -1.20734
0.0549154 -0.0378169
-0.120523 -0.346825
-0.323299 -0.450149
0.0497409 -0.177125
0.146706 0.223697
0.168918 0.298147
0.189003 0.0981708
-0.157533 0.0164382
-0.351701 -0.225067
-0.101112 -0.151705
0.0589983 0.292006
-0.0117785 0.0663769
0.0512948 -0.110478
-0.0156573 0.0687685
0.264531 0.232351
0.362251 0.507324
-0.358498 -0.321503
-0.129359 0.0140739
0.344018 0.635282
0.300378 0.529664
-0.193895 -0.126946
-0.230222 -0.296531
-0.061511 -0.255387
-0.225087 -0.44187
0.218569 0.416373
0.0609743 0.251786
-0.0243528 -0.17382
-0.0762989 0.131142
-0.0744199 0.181509
-0.0603772 0.0586984
-0.0163288 0.108644
0.403992 0.674243
-0.520589 -0.691944
-0.102744 0.0789073
-0.261815 -0.26245
0.0407903 -0.0732856
-0.00719944 -0.108812
0.00943664 -0.0324393
-0.212764 -0.143262
0.139159 0.0042544
0.242451 0.0987051
0.00819951 0.100679
-0.111199 -0.034761
0.0946854 0.215565
0.151499 0.126908
0.0958378 0.0942945
0.0463467 0.246914
-0.194975 -0.0170433
-0.16691 -0.398754
-0.0594179 -0.368413
-0.225415 -0.468165
-0.0951651 0.172686
0.168584 0.669076
-0.060496 -0.0958312
-0.162473 -0.307423
-0.145804 -0.0574056
0.0964478 0.229463
0.0315891 0.0127407
-0.198295 -0.111599
-0.0981079 -0.0957461
-0.0830902 -0.239287
0.252892 0.298503
0.398059 0.591852
0.418956 0.632165
-0.202652 -0.195538
-0.514643 -0.511765
-0.568527 -0.341073
-0.117734 -0.0590431
-0.320359 -0.461246
0.397357 0.563905
-0.348665 -0.387838
0.0843495 -0.174691
-0.280493 -0.46622
0.514425 0.362012
0.180206 0.697903
-0.173248 0.256824
0.219378 0.620809
-0.114777 -0.300042
-0.102097 -0.350305
-0.0917483 -0.120222
-0.00484905 -0.38146
0.533753 0.345026
0.282141 0.221902
-0.0437303 -0.0874921
-0.318815 -0.166718
-0.223168 -0.182684
0.265489 0.160256
-0.0917854 -0.229702
0.197118 -0.1656
0.0607312 -0.0908412
-0.191951 -0.293881
0.0327772 0.0232414
-0.00612173 -0.0117645
-0.0118792 -0.017191
-0.00058193 -0.011687
0.00444058 -0.00200991
0.0161365 0.00941933
-0.0287332 -0.0229426
-0.0621138 -0.0432903
0.0187416 0.0331371
0.119108 0.118947
0.0928144 0.0865788
-0.0371261 -0.0462079
-0.11884 -0.129387
-0.0452571 -0.0679318
0.0664765 0.0321633
-0.0266011 -0.0310933
-0.124004 -0.0951539
-0.0107911 0.0192216
0.167185 0.192067
0.118155 0.146047
0.0252106 0.0191247
-0.00232099 -0.0019879
-0.00506985 -0.00391361
-0.00118833 -0.00561282
-0.0116243 -0.0112476
-0.0219607 -0.0159195
-0.0269893 -0.0197795
-0.032053 -0.0205122
-0.0176303 -0.00870905
-0.0088126 -0.00937238
-0.0169921 -0.0190714
-0.0404013 -0.0330631
-0.0043571 -0.00176535
0.0408355 0.0334095
-0.00196691 -0.000107604
-0.0165595 -0.0134193
0.0152054 0.0126987
0.0379214 0.0312905
-0.00311315 0.000898624
-0.0339735 -0.0285824
-0.00593944 -0.004581
0.0222094 0.0195438
0.0625106 0.0501639
-0.047631 -0.0390826
-0.0728491 -0.0595121
0.126003 0.102922
0.0022999 0.00235868
-0.090075 -0.070174
-0.0369341 -0.0296075
0.117151 0.0989986
0.0407641 0.035005
-0.089327 -0.0725089
-0.0657631 -0.0530461
0.0857053 0.0694224
0.0935492 0.0748193
-0.090393 -0.0721623
-0.124038 -0.0985821
0.0607771 0.0510538
0.0905311 0.0723158
-0.0444854 -0.0403589
-0.0428529 -0.0357007
-0.118192 -0.0994376
0.0327825 0.0247251
0.10165 0.0810019
-0.0693142 -0.0594491
-0.0247357 -0.021795
0.126275 0.101401
-0.0121792 -0.00936323
-0.139757 -0.117401
0.0469449 0.0374773
0.0748229 0.0587183
-0.103221 -0.0864996
-0.0507405 -0.0417725
0.121622 0.101006
0.0215228 0.0164021
-0.100735 -0.0857973
-0.00348635 -0.00249287
0.0506167 0.0437823
-0.033772 -0.0286538
-0.0661623 -0.0580919
-0.000128517 -0.000714384
0.00663431 0.00314067
-0.00747812 -0.0102959
0.00653184 0.00199247
0.0208553 0.0164763
0.00947463 0.000595199
-0.0453394 -0.0462105
-0.0124838 -0.0112048
0.0202806 0.020366
0.0165029 0.0151879
-0.0517642 -0.0477408
-0.0223697 -0.020852
-0.0339773 -0.0258897
-0.0396662 -0.0294498
0.0952516 0.0840884
0.0359872 0.035639
-0.127542 -0.0997234
0.0306681 0.0360914
0.0600382 0.0591062
-0.111746 -0.0930821
0.158084 0.131688
-0.0773698 -0.0655764
-0.051157 -0.0431463
0.118567 0.100624
0.0137328 0.0129391
-0.117552 -0.0951163
0.0871013 0.0743712
0.0670973 0.0564925
-0.130947 -0.107876
0.0211922 0.0189982
0.0683269 0.0571814
-0.0728549 -0.0628178
-0.0560982 -0.0480888
0.121486 0.102311
-0.0493101 -0.0431708
-0.134588 -0.115039
0.0520119 0.0422117
0.0324845 0.0268798
-0.071082 -0.0568716
-0.0446915 -0.0367537
0.00584429 0.00542536
0.0632732 0.0548888
0.0211019 0.0242628
-0.0956107 -0.0737391
0.00489795 0.00546738
0.0325863 0.028737
-0.0282766 -0.0190651
-0.0173719 -0.0138147
-0.039294 -0.0349066
-0.00229119 0.00130383
0.0797122 0.0729882
-0.00813969 -0.00818599
-0.124457 -0.103925
0.0936919 0.0868112
0.052945 0.046592
-0.0937773 -0.0816606
0.0154201 0.00877773
0.0384539 0.0323095
-0.0139881 -0.00968463
0.0204263 0.0134896
0.113201 0.0921293
-0.0777208 -0.0660821
-0.0369929 -0.0320194
0.16489 0.138733
-0.1134 -0.094903
-0.0119594 -0.0167615
0.0562134 0.043959
-0.0862038 -0.0709279
0.0219601 0.0221842
0.0178464 0.00849379
-0.0885007 -0.0785536
0.0391498 0.03635
0.079656 0.0680302
-0.0911907 -0.0798573
0.0357134 0.0314124
0.00286155 0.00646153
-0.0377793 -0.024052
-0.0417681 -0.0344122
0.007309 0.00699169
0.00528562 0.00774978
-0.0476677 -0.0388685
0.0658047 0.0546464
0.00347621 0.0043828
0.0112304 0.009688
0.0338372 0.0310583
0.0723821 0.0642414
-0.0221577 -0.0209572
-0.0359869 -0.0334205
0.0368706 0.0274564
-0.00841706 -0.0148816
-0.0977722 -0.0914088
0.0729913 0.0519341
0.0793105 0.0543745
-0.11915 -0.110981
0.0655593 0.0413896
0.0397148 0.0215442
-0.100737 -0.0918853
0.0494084 0.0372989
0.0136187 0.0132691
-0.00216804 -0.00198086
0.0897824 0.0729397
-0.0421567 -0.0335554
0.0701891 0.0649923
-0.0636801 -0.05059
0.0241336 0.0312531
0.0120575 0.0135772
-0.0880849 -0.0679823
0.107794 0.101448
0.010281 0.0172366
-0.0450494 -0.0376663
0.0197647 0.0186773
-0.0384507 -0.0316831
-0.0197453 -0.0285524
0.165605 0.130307
-0.0311409 -0.034885
-0.0429653 -0.0497111
0.093782 0.0608761
-0.0710233 -0.0721544
0.0221483 0.00199081
0.18744 0.138072
-0.147259 -0.127274
-0.0498136 -0.0408135
0.150856 0.130583
-0.122605 -0.107454
0.0234914 0.0156703
0.119301 0.097115
-0.0690991 -0.0697512
-0.0973344 -0.101858
0.0392911 0.010228
0.0511046 0.0283831
-0.0115873 -0.0340839
0.0141635 -0.0157205
0.000158681 -0.00806185
-0.0263296 -0.0429767
0.0792469 0.0562697
-0.0260187 -0.0259067
-0.0276707 -0.0343976
0.0148256 -0.00275901
-0.00425392 -0.0039951
0.0641484 0.0549682
-0.0226068 -0.0175429
-0.0279643 -0.0216257
-0.0292978 -0.0224764
-0.0326172 -0.0245231
-0.0348949 -0.025656
-0.0347817 -0.0250823
-0.0325012 -0.0228829
-0.0263711 -0.0176521
-0.0188512 -0.0111617
-0.00738169 -0.00121146
-0.0143309 -0.0114107
-0.0374001 -0.0298832
-0.0555366 -0.0447286
-0.0509245 -0.0408434
-0.0285711 -0.0226676
-0.00158117 -0.000896346
0.019223 0.0157745
0.032079 0.0255976
0.0399564 0.0311368
0.0398066 0.0304186
0.00353371 0.0027094
0.00822982 0.00665857
0.0112995 0.00935041
0.0123055 0.010241
0.00191641 0.00173489
-0.0221934 -0.0181593
-0.0394396 -0.0325054
-0.0511926 -0.042353
-0.0522192 -0.0433286
-0.0386286 -0.0320673
-0.0112084 -0.00955215
-0.0153977 -0.0134277
-0.0121327 -0.0110283
-0.00504293 -0.0055272
-0.0063064 -0.00673339
-0.00360008 -0.00479748
-0.0034887 -0.00487214
0.000424372 -0.00115482
0.000914279 -0.000316325
-0.00161175 -0.00245766
0.0390912 0.0325732
0.0741582 0.0621437
0.075088 0.0630693
0.0490124 0.0408378
0.012691 0.0101234
-0.0208676 -0.0179223
-0.034634 -0.0295401
-0.0322293 -0.0276393
-0.0144378 -0.0127551
-0.00417551 -0.00416454
-0.036327 -0.0307492
-0.06218 -0.0523598
-0.0558918 -0.0470133
-0.065052 -0.0546909
-0.0787296 -0.066414
-0.0700929 -0.0597355
-0.0363958 -0.0317814
0.00983441 0.00711895
0.0444286 0.0364323
0.0637339 0.0533691
-0.02909 -0.0247465
-0.0463961 -0.0394274
-0.0676046 -0.0572415
-0.0705261 -0.059145
-0.0494078 -0.0408469
-0.0152573 -0.0119858
0.0116343 0.0107026
0.0263431 0.0228749
0.0246707 0.020793
0.0129812 0.0100394
-0.0164042 -0.0143414
-0.0176311 -0.0158195
-0.0330634 -0.0289419
-0.0452033 -0.0389879
-0.0489507 -0.0418942
-0.0463587 -0.0395266
-0.0278149 -0.0237762
-0.00676339 -0.00604627
0.0113979 0.00914443
0.0299578 0.0247415
0.0225962 0.0168275
0.03925 0.0310867
0.0548948 0.0448874
0.0645686 0.0533298
0.0639798 0.0530934
0.0529242 0.0440841
0.0298734 0.0248676
-0.00147309 -0.00111346
-0.0320388 -0.0262922
-0.0595731 -0.0488165
-0.0103011 -0.00907629
0.00981477 0.00815055
0.0372141 0.0319302
0.0561693 0.0486365
0.0564497 0.0488407
0.0491057 0.0423412
0.0344897 0.0298002
0.0111418 0.0102022
-0.0118228 -0.00906288
-0.0250334 -0.0206743
-0.00562346 -0.00512805
0.011236 0.0102281
0.0149555 0.01384
0.0083598 0.00819497
-0.00445842 -0.00311892
-0.0208803 -0.0174382
-0.0465157 -0.0392742
-0.0562373 -0.0467305
-0.0491201 -0.0406294
-0.0292085 -0.0248656
0.0164297 0.0168752
-0.0152954 -0.0178809
-0.0454786 -0.0912527
0.274766 0.327336
-0.290101 -0.274373
0.000104618 -0.00272869
0.0129013 0.00619747
-0.0121412 -0.0126881
-0.00440957 -0.00141395
0.0321867 0.0287049
0.0157166 0.0127324
-0.0291546 -0.0246257
-0.0201351 -0.0152766
0.0315161 0.0279326
-0.031053 -0.0229843
0.00792388 0.0074149
-0.0172643 -0.0133546
0.0142854 0.0151156
0.010021 0.0110305
0.00927029 0.0085295
0.00220359 0.00165028
-0.000638909 -0.00174445
-0.0188735 -0.0162584
-0.0125054 -0.00891417
-0.00334031 0.00110952
0.0119235 0.0113311
0.00635534 0.00922649
-0.00059273 0.0030383
-0.0246322 -0.0166373
-0.012426 -0.00760418
-0.0070379 -0.00835951
-0.0250283 -0.0232794
-0.0445178 -0.0406075
0.00278571 0.000595896
0.0157354 0.0141369
0.00594358 0.00492766
-0.0284982 -0.0223665
0.0185409 0.0175919
0.00480786 0.00444645
0.044966 0.0391095
0.0154051 0.013445
-0.0102238 -0.00900284
0.0075646 0.00774813
-0.00323982 0.000113449
0.023941 0.0211566
0.0181849 0.0154272
0.016461 0.014662
0.00339368 0.00519223
0.0175982 0.0149427
0.0219733 0.0203774
-0.0381467 -0.0335049
0.00274888 0.00208847
0.0612709 0.0534807
0.0138978 0.0141428
-0.0279321 -0.0194376
-0.256599 -0.211808
-0.225121 -0.18919
-0.386241 -0.207887
0.160084 0.249741
-0.194594 -0.271208
-0.220165 -0.304495
-0.0300693 -0.0279312
0.0762694 0.0775161
0.037951 0.0455077
-0.00245154 -0.0508251
0.127202 0.0845418
-0.535867 -0.632798
0.484259 0.384278
0.0417811 -0.026322
0.13298 0.181321
0.16622 0.173576
-0.402359 -0.671451
0.304352 0.37944
0.389757 0.554517
-0.267725 -0.204756
-0.244444 -0.252647
0.202944 0.144819
-0.0461252 -0.0340518
-0.292865 -0.318044
-0.0322295 -0.016446
-0.393725 -0.449286
-0.086662 -0.00164244
0.227343 0.264793
0.245834 0.257645
-0.0882714 -0.0243459
-0.271833 -0.339233
-0.0748648 0.0334395
0.0451709 0.080949
0.27862 0.418772
-0.0178275 -0.198361
-0.0252774 -0.173715
-0.0520413 -0.262272
-0.337423 -0.619534
0.203636 0.348334
0.0682376 0.191135
0.00184716 -0.164405
-0.0395343 0.0234498
-0.268318 -0.296406
0.146236 0.230706
0.213836 0.415427
0.0344836 0.0455396
0.0968448 -0.0115161
-0.302525 -0.230554
-0.40915 -0.552305
-0.193706 -0.221957
0.193685 0.236247
-0.225313 -0.113543
-0.234832 -0.171721
-0.00676338 0.101308
-0.335821 -0.409256
0.162049 0.0229223
0.166757 0.162984
-0.064859 -0.045643
0.159527 -0.107245
0.197565 -0.0175381
0.117288 0.152308
0.191343 0.118712
0.0859661 -0.126128
-0.104175 0.0463159
-0.449135 -0.259702
-0.402328 -0.172301
-0.0927517 -0.192396
-0.0394266 -0.458169
0.269603 -0.156043
-0.222739 -0.521892
-0.299737 -0.658355
0.147977 -0.191298
0.346678 0.510635
0.337857 0.234528
-0.291659 -0.131395
-0.144196 -0.0236844
-0.156247 -0.168959
0.454733 0.610478
-0.110618 -0.0625092
-0.00596565 -0.0082771
0.0114071 -0.170937
-0.189674 -0.370111
-0.0654556 -0.127557
0.314626 0.396742
0.0876814 0.228614
0.41259 0.53146
-0.137074 0.0498304
0.0974893 0.317183
0.142648 0.371358
-0.0163684 0.0979681
0.0418869 0.107107
0.0498263 0.0736965
0.0271056 0.232884
0.0652494 0.300753
-0.509155 -0.471351
-0.181754 -0.281711
-0.298311 -0.452033
0.12434 -0.114988
-0.0170756 -0.272627
0.10194 0.534903
0.0303506 0.1973
-0.103544 -0.237623
0.0117471 0.0577417
0.0733917 -0.304724
-0.00514714 -0.00394857
-0.0349789 -0.0277872
-0.00263414 0.00506161
0.0775511 0.0699083
0.0513406 0.0419988
-0.0642568 -0.062176
-0.0839454 -0.0818932
0.0387834 0.0250925
0.0967309 0.0739845
-0.0202942 -0.0197193
-0.0723331 -0.0659073
-0.0315275 -0.0234634
0.0256528 0.0400946
0.056739 0.0644133
0.0842388 0.0798715
-0.0169283 -0.020481
-0.0981909 -0.0989619
-0.0601401 -0.0691087
0.0613131 0.0436603
0.0875314 0.0693819
-0.0844392 -0.0692249
0.00562425 0.00271708
0.0987271 0.0786825
0.0714777 0.0583894
-0.00753287 -0.00315836
-0.0375803 -0.0265482
-0.0445358 -0.035534
-0.00835815 -0.004976
0.0421514 0.0335727
0.051186 0.04185
0.0367104 0.0305114
0.00242109 0.00567942
-0.00282256 -0.000395783
0.0251858 0.0221003
0.0133477 0.0131402
-0.0196241 -0.0148644
-0.0240052 -0.020075
-0.00477096 -0.00236509
0.0378049 0.0298502
0.0354299 0.0250971
-0.024214 -0.0208932
-0.0857996 -0.0728463
0.0145626 0.0103964
0.0717995 0.0553751
0.00907922 0.00508192
-0.0728592 -0.0631561
-0.0490097 -0.0370174
0.085119 0.0723295
0.136957 0.11445
-0.0483496 -0.0425168
-0.0811488 -0.0667835
0.0158597 0.0112969
0.0818607 0.0654159
0.0299453 0.0246194
-0.0830934 -0.0676931
-0.081023 -0.0672083
0.0950239 0.0788328
0.0605393 0.0515407
-0.0685768 -0.0572316
-0.0520214 -0.0452716
0.0117299 0.00790669
0.038976 0.031231
-0.0108998 -0.00963196
0.017489 0.0163997
0.0399282 0.0343809
-0.0355006 -0.0266352
0.0212304 0.0232856
0.0836286 0.068824
-0.00433218 -0.00220243
-0.065525 -0.0553292
-0.00296349 -0.00107133
0.0964663 0.0780453
-0.0163692 -0.0161131
-0.0683577 -0.0577048
0.00771256 0.00350124
0.0137585 0.0119888
-0.0328142 -0.0254517
-0.00254781 0.00475431
0.0379893 0.0340314
0.0706208 0.0613268
0.0211508 0.0152393
0.0257167 0.0200148
-0.000450181 -0.0039936
-0.0465491 -0.0430521
0.0720282 0.06
0.00893657 0.00839283
-0.104742 -0.087413
0.0380887 0.0313842
0.0730809 0.0577647
-0.0333026 -0.0317393
0.0303741 0.0259171
0.111223 0.0915411
-0.0275624 -0.0274398
-0.107791 -0.0900502
0.0266858 0.0278015
0.0525029 0.0474124
-0.0379953 -0.0298596
0.0175543 0.0214573
0.0567384 0.0533001
-0.0567445 -0.0473243
0.0601512 0.0494261
-0.104106 -0.0878134
-0.0695279 -0.0606156
0.144382 0.117584
-0.0125805 -0.0148801
-0.0979872 -0.0852603
0.150475 0.124314
0.067038 0.0526538
-0.151821 -0.131279
0.0389479 0.0358101
0.126574 0.106824
-0.130632 -0.110698
-0.0490943 -0.0418576
0.118511 0.0986378
0.0482164 0.0421957
-0.146742 -0.127002
0.032392 0.0203055
0.0358961 0.0327002
-0.116868 -0.10036
0.0775402 0.0609203
0.0140079 0.0119617
-0.0712105 -0.0596668
0.0112393 0.00849604
-0.00790383 -0.00177963
-0.0233162 -0.016676
-0.0390348 -0.0377945
0.00843215 0.00476128
0.0163665 0.0146173
0.00395583 0.000275126
-0.00868254 -0.012052
-0.0380183 -0.0298238
0.087352 0.0764579
0.0230249 0.0175684
-0.122877 -0.105565
0.0567638 0.0532416
0.0242772 0.0215292
-0.104571 -0.0901606
-0.0283163 -0.0229752
0.0474856 0.0462043
-0.0554663 -0.0451209
-0.0442346 -0.0391836
-0.00451216 -0.00418356
-0.0493561 -0.0428452
-0.0275697 -0.0238147
0.04153 0.0299179
-0.0632549 -0.0563364
-0.0551337 -0.0584231
0.0724597 0.0470812
-0.0471896 -0.0503638
0.0566053 0.0340386
0.0446557 0.0244222
-0.0664445 -0.0742508
0.0246987 -0.000270433
0.0396584 0.0159282
-0.13829 -0.132997
0.053922 0.0327691
0.0282974 0.00827327
-0.0639266 -0.0644883
0.0619771 0.039176
0.0306408 0.0158586
-0.0450456 -0.0385162
0.0220423 0.0195487
0.0701642 0.0589792
-0.0703929 -0.0575531
-0.0176789 -0.0140589
0.0374766 0.0299925
-0.105624 -0.0867041
0.0703101 0.0659953
-0.0641427 -0.0534757
-0.0187906 -0.0132222
0.112715 0.102174
-0.0589013 -0.0503259
0.0178822 0.0134313
0.0151621 0.0117853
-0.093597 -0.0831019
0.0509369 0.0393659
0.00203492 -0.000170963
0.0151978 0.0148299
0.0555404 0.0528347
-0.0817303 -0.0627917
0.0245463 0.0257425
0.032869 0.0311955
-0.127486 -0.105761
0.0777116 0.0661635
0.00127289 -0.00116073
-0.0224653 -0.0225629
0.134276 0.104543
0.0410117 0.0183879
-0.00830808 -0.0219321
0.00277543 -0.0138116
0.0114006 -0.00588132
0.0904634 0.0628261
0.0144045 0.0040046
-0.0616569 -0.0553095
0.0265354 0.0229783
-0.00648816 -0.00356949
-0.0574679 -0.0527472
0.0694554 0.0563299
-0.0447555 -0.0388268
-0.0273267 -0.0200692
0.0998574 0.0829166
-0.0368953 -0.033226
-0.0587723 -0.053905
0.16858 0.1386
-0.125411 -0.112768
-0.0235498 -0.0269418
0.0896869 0.0753362
-0.124926 -0.110628
0.0152387 0.012177
0.0799516 0.0646973
-0.0507935 -0.0415919
0.0200442 0.0226698
0.0276078 0.03276
-0.0240884 -0.00566971
-0.00811988 0.00475517
0.0155162 0.0201584
-0.0335363 -0.0305628
-0.0493326 -0.0509104
0.0282186 0.0292031
-0.0549955 -0.0402265
0.0157822 0.0121773
0.0173365 0.0135466
0.0166355 0.0130762
0.0177371 0.0137146
0.019168 0.0144065
0.0191892 0.0138227
0.0165738 0.0111867
0.0109428 0.00616936
0.00298876 -0.000667509
-0.00285292 -0.00571668
-0.00266141 -0.00223493
-0.00241538 -0.00196219
-0.00592683 -0.00436834
0.00411745 0.0037188
0.0137623 0.0112464
0.0107026 0.00867925
0.00238864 0.00172918
-0.00948768 -0.00818208
-0.0208582 -0.0175579
-0.0285948 -0.0233737
0.00466477 0.00354253
0.00981891 0.00755325
0.0121275 0.00919559
0.0155687 0.0117376
0.00631943 0.00421982
-0.0126822 -0.0108684
-0.0237673 -0.0194222
-0.0379582 -0.0307519
-0.0456457 -0.0370283
-0.0452591 -0.036816
0.0185588 0.0151811
0.029184 0.0242714
0.0302033 0.0250461
0.035566 0.0296336
0.0374581 0.0312393
0.0353062 0.029546
0.0159678 0.0136201
-0.00303835 -0.00205964
-0.0104821 -0.00807394
0.00378323 0.00368784
0.000468489 0.000251739
0.00447719 0.00383201
0.010181 0.00886136
0.0247849 0.0211038
0.0325307 0.027625
0.043502 0.0364597
0.0401982 0.0328999
0.0212129 0.0168931
-0.00941041 -0.00778177
-0.0328744 -0.0266639
-0.037402 -0.0316773
-0.0755534 -0.0638089
-0.0805161 -0.0679646
-0.0789361 -0.066738
-0.0700094 -0.0593754
-0.0450527 -0.0385592
-0.0127138 -0.0116979
0.0178525 0.0137043
0.0437228 0.0354656
0.0493905 0.0408269
-0.0114812 -0.0102348
-0.0177922 -0.0152936
-0.0199252 -0.016551
-0.020108 -0.0167279
-0.0170454 -0.0147454
-0.00339907 -0.00397985
0.0194827 0.0151817
0.0387775 0.0317488
0.0439525 0.0363808
0.0428806 0.0357252
0.0346172 0.0291894
0.0468167 0.0398161
0.0204333 0.017418
-0.0154543 -0.0132019
-0.0518559 -0.0441729
-0.0831106 -0.070385
-0.0937353 -0.0789495
-0.0935495 -0.0780229
-0.0753711 -0.0619641
-0.0419403 -0.0335773
-0.014933 -0.0132288
0.00431248 0.00350861
0.0341894 0.0296608
0.0621075 0.0536673
0.0831888 0.0711905
0.0870555 0.0738013
0.0684351 0.0577177
0.0370742 0.03114
-0.00374897 -0.00321822
-0.0458408 -0.0388934
-0.00457726 -0.00419948
-0.0138665 -0.0122879
-0.0197382 -0.0176661
-0.0213926 -0.0191221
-0.0261643 -0.0227254
-0.0149672 -0.0127254
0.00393673 0.00325377
0.0176706 0.0146899
0.0254745 0.0216752
0.0220194 0.0187834
-0.00856662 -0.00773982
-0.00340482 -0.00253115
0.00627549 0.00656904
0.016975 0.0159635
0.0326772 0.0291773
0.0395585 0.0347433
0.031726 0.028598
0.014845 0.0150271
-0.0128358 -0.00901829
-0.0358497 -0.0296174
-0.0121118 0.000675384
-0.0232742 -0.0292967
0.00556505 -0.0145991
0.252317 0.324375
-0.492687 -0.565036
-0.0303109 -0.0255531
0.0425344 0.0359124
-0.0301523 -0.0266412
-0.0189727 -0.0180733
0.037317 0.029355
0.0483846 0.0419144
-0.0392273 -0.0307536
-0.00396869 -0.0015335
0.0285047 0.0253806
-0.01076 -0.0087241
0.00230112 0.00307449
-0.0216398 -0.0170417
0.00115061 0.00229649
0.0305396 0.0273745
-0.0133681 -0.00955131
-0.0153551 -0.012642
0.0181136 0.0164321
0.00746936 0.00724787
0.000961091 0.00116349
0.00446226 0.00406954
0.0212174 0.0187924
-0.0104832 -0.00766256
-0.0471809 -0.0394401
-0.0337192 -0.0282265
0.0277075 0.0242055
-0.00696246 -0.00653423
0.0276542 0.0238575
0.025661 0.0234427
-0.0049615 -0.00380568
-0.0295625 -0.0249121
0.0327444 0.0281377
0.00171031 0.00269108
-0.00310215 -0.00100052
0.0107272 0.0106799
0.0270475 0.023166
0.0316962 0.0286496
0.0362255 0.0322894
0.0355521 0.0321773
-0.00697969 -0.00623917
-0.0179896 -0.0152525
-0.0328312 -0.0260508
-0.0286905 -0.0231978
-0.0217379 -0.0143801
-0.0133994 -0.00838687
-0.010491 -0.00523099
0.000561103 -0.00196436
-0.0196929 -0.0204449
-0.0394564 -0.0396034
-0.048367 -0.0494383
-0.0498913 -0.0483157
0.295775 0.515614
0.247091 0.416292
0.302239 0.438061
0.120453 0.293476
0.308682 0.404587
0.165397 0.181331
0.0706818 0.14392
-0.351096 -0.445695
-0.201224 -0.313225
0.0179003 -0.0214928
-0.240433 -0.214889
0.233813 0.228425
-0.538919 -0.572747
-0.229386 -0.375539
-0.0185918 -0.139748
-0.13942 -0.168452
-0.0542867 -0.184762
-0.296232 -0.40769
-0.0184215 0.0200635
-0.194323 -0.495836
-0.317966 -0.48685
-0.233009 -0.165152
0.628918 0.923772
0.27594 0.469521
0.0176166 0.0714295
0.11317 0.115882
-0.0472365 -0.0303962
0.144278 0.0770771
0.0544109 0.0825667
-0.297845 -0.37829
-0.0403667 -0.00427892
-0.119417 -0.255219
-0.262576 -0.376277
-0.28619 -0.418921
-0.221658 -0.26472
0.353783 0.34197
-0.0384317 -0.136427
0.0894575 0.131462
-0.0713727 -0.10119
-0.158386 -0.326115
-0.368103 -0.39838
-0.00553361 0.0716137
-0.132382 -0.214743
-0.290911 -0.495705
-0.148428 -0.356144
0.0837879 0.259369
0.210141 0.31324
0.258795 0.543247
0.0915214 0.169279
0.0478997 0.0896961
-0.0967554 -0.26859
-0.216921 -0.437373
0.160815 0.213587
0.171864 0.164148
-0.0242751 -0.0539038
-0.152159 -0.159951
-0.0268123 -0.0414635
0.0853571 -0.173692
-0.0399876 -0.0891554
-0.147579 -0.0591641
-0.224969 -0.212633
0.221962 0.214546
0.378634 0.191904
-0.463866 -0.799057
0.0931587 0.48019
0.47342 0.854366
0.109471 0.303671
-0.104113 -0.133468
-0.413066 -0.287803
0.0716597 0.120157
0.0359409 0.0383733
-0.22922 -0.208725
-0.194297 -0.513457
-0.100085 -0.322179
0.146822 0.0762803
0.393567 0.56518
0.270895 0.324231
-0.175143 -0.206183
-0.229913 -0.0558548
-0.244529 -0.0681315
-0.0906945 -0.0520249
-0.304462 -0.421485
-0.0347848 -0.210853
-0.182034 -0.097998
0.248419 0.413474
-0.108688 -0.119614
0.431675 0.494571
-0.0746904 0.226368
-0.100199 0.154461
-0.0216581 0.104844
-0.0368376 -0.0750372
-0.0143529 -0.0808987
-0.131609 -0.484773
0.0233243 -0.353436
0.315559 0.294982
0.127859 0.0380629
-0.0409859 -0.051823
-0.10331 -0.0396034
-0.183275 -0.208412
-0.0252333 -0.485771
-0.268612 -0.632473
0.108642 -0.107897
0.12395 0.247006
-0.120459 -0.144862
0.128344 0.0953498
0.0335753 0.00245958
-0.116189 -0.131833
-0.0790376 -0.10123
0.0571219 0.0304481
0.0737753 0.0579271
0.0105883 0.019187
-0.0150204 0.00422623
0.0162971 0.0297559
0.022309 0.0371845
0.0482296 0.0468667
0.00989958 -0.00105842
-0.0445525 -0.054764
-0.00717976 -0.0367371
-0.0174422 -0.0407162
-0.0574338 -0.0676744
-0.0385095 -0.036513
0.0238036 0.0378273
0.0793491 0.0973898
0.0610734 0.0795333
-0.0458414 -0.0384631
-0.0195197 -0.0169293
0.0805715 0.0632345
0.0629677 0.0489122
-0.0147253 -0.0164192
-0.1115 -0.091279
-0.0841632 -0.0660281
0.0449255 0.0379953
0.138956 0.111679
0.0647756 0.0544837
-0.0612331 -0.0513885
-0.100216 -0.0816588
-0.0393603 -0.0287474
0.0408207 0.0350371
0.0748118 0.0603507
0.0418431 0.0365373
-0.00369753 0.00119176
-0.0697884 -0.0523866
-0.0454074 -0.0325712
0.0490561 0.0405116
-0.0112499 -0.00882276
-0.129839 -0.110891
0.0209137 0.0134926
0.119437 0.0952471
-0.0464049 -0.0368916
-0.146822 -0.121142
0.0630202 0.0495843
0.140263 0.111181
-0.109566 -0.0913318
-0.113319 -0.0922283
0.0946738 0.0769348
0.0506841 0.0407574
-0.0311396 -0.0259078
-0.0184131 -0.0160684
0.0400543 0.03095
0.0423253 0.0344672
0.0118852 0.00776914
-0.0668785 -0.0588752
0.00954883 0.00234135
0.0417998 0.0307716
0.089484 0.0740317
-0.0240007 -0.0213668
-0.0801645 -0.0683569
-0.00331444 -0.00558765
-0.0231925 -0.020669
0.0136316 0.0113755
0.0359821 0.0310157
-0.00692153 -0.00616795
-0.0646985 -0.0525673
0.0222051 0.0226471
0.107291 0.092326
-0.0740981 -0.0657148
-0.0896597 -0.0815096
0.0488185 0.0369213
0.0985843 0.083359
-0.0547939 -0.0429289
-0.0691455 -0.055658
0.0563533 0.0491124
0.0822921 0.0720596
-0.114248 -0.094423
0.0400853 0.0341261
-0.0158282 -0.0127614
-0.0761386 -0.0606711
-0.00213223 0.00282156
0.0371334 0.0327919
-0.0268688 -0.0223344
-0.0882904 -0.071735
0.0204377 0.0150733
0.100737 0.0838928
-0.0931834 -0.0812591
-0.0855846 -0.0776907
0.109869 0.0913963
0.0863789 0.0720894
-0.105337 -0.0910804
-0.0347243 -0.0349633
0.0760248 0.0607388
-0.00559525 -0.00444138
-0.0697524 -0.0590378
0.0135738 0.00954056
0.108053 0.0913546
-0.106218 -0.0896794
0.0469837 0.0387816
0.0155394 0.0128991
0.0100974 0.0104001
0.00362838 0.000226741
-0.0163721 -0.0146901
-0.0627989 -0.0559694
0.0448125 0.0348632
-0.00956348 -0.00839596
-0.0528629 -0.0483034
0.0947059 0.0803723
0.0188039 0.0213545
-0.151242 -0.129989
0.073961 0.0580612
0.0428165 0.0378428
-0.0573453 -0.043581
0.007781 0.0016317
0.0581596 0.0421129
-0.00741226 -0.00932682
-0.0164777 -0.0136413
-0.0603042 -0.0501914
0.0289394 0.0262623
0.0213677 0.0199566
-0.0526358 -0.0446889
0.0197224 0.0209604
-0.0844284 -0.071147
0.0450561 0.0315874
0.0176681 0.00973028
-0.0490811 -0.0438047
-0.0104709 -0.01884
0.0244547 0.00860523
0.0161184 0.00468867
-0.0420642 -0.0466424
0.0273325 0.0109224
0.00116626 -0.00709121
0.00249189 0.000931764
-0.0295477 -0.0282161
0.0173243 0.0154
0.0367795 0.0371848
0.0232271 0.0240468
0.102336 0.086132
-0.0491389 -0.0430193
0.0342364 0.0274202
0.0233881 0.0125976
-0.0271577 -0.0242661
0.0398252 0.0294884
0.0272175 0.0173702
-0.0615808 -0.0557569
0.101592 0.083468
0.0821526 0.0628824
-0.036687 -0.0331946
-0.0192798 -0.0254354
0.0966188 0.0726002
0.0109514 0.00726744
-0.0156041 -0.0226911
0.00189257 -0.00937157
-0.000125126 -0.0108771
-0.114458 -0.110618
0.0998714 0.0741322
0.0379541 0.0278273
0.0491943 0.0414294
-0.148375 -0.126517
0.0527896 0.043935
0.0457378 0.0364435
-0.0838796 -0.0705693
0.0377751 0.033695
0.0500517 0.0452559
-0.173756 -0.147456
0.0786875 0.0675098
0.0964595 0.0827413
-0.122518 -0.105723
0.0330023 0.0265319
0.0479193 0.0453331
0.00270036 0.00380039
0.0728812 0.0611481
-0.0277256 -0.0200373
-0.0434051 -0.0358521
0.0768739 0.0615309
0.0440655 0.0352076
-0.0496592 -0.0525331
0.0997576 0.0820231
-0.0644118 -0.0552734
0.0693046 0.0541832
0.0274511 0.018111
-0.0697277 -0.0608477
0.0161614 0.0113587
0.153858 0.129832
-0.129895 -0.112556
-0.0725649 -0.0593121
0.0892424 0.0829334
-0.056869 -0.0393499
-0.00944961 -0.00115007
0.0750493 0.0676361
-0.0773872 -0.0629185
0.117653 0.105102
-0.046885 -0.0339619
-0.146548 -0.112643
0.0463827 0.0445711
-0.0392519 -0.0212491
0.0684925 0.0667449
0.117597 0.0974567
0.00118849 -0.00304023
-0.0941559 -0.092881
0.129839 0.103314
0.0143348 0.00131207
-0.185498 -0.167737
0.199547 0.154722
-0.00334856 -0.0257446
-0.0400054 -0.0670914
0.182461 0.124007
-0.0497584 -0.0797419
-0.0181772 -0.0587165
0.165119 0.11946
-0.0902674 -0.109412
-0.0024199 -0.0228679
0.112587 0.0710541
-0.117978 -0.105529
0.0425036 0.0371503
0.0770019 0.0839138
-0.149465 -0.089492
0.0258399 0.0195119
0.0337564 0.0253906
0.0393104 0.029252
0.0436088 0.0321717
0.0451135 0.0330047
0.0427455 0.0307994
0.0335267 0.0231034
0.0196592 0.0115609
0.00190578 -0.00324215
-0.0159283 -0.0182944
-0.00655069 -0.00523158
-0.0136521 -0.0108478
-0.0224668 -0.0183307
-0.0116232 -0.00970558
0.00677557 0.00510255
0.0213977 0.0170112
0.0297233 0.0239112
0.0317642 0.0257569
0.0239896 0.0198765
0.00196466 0.00277551
0.00233158 0.00177965
0.00581823 0.00488886
0.00981108 0.00856577
0.0164099 0.0143734
0.00649792 0.00647378
-0.0174109 -0.0129636
-0.0384563 -0.0299859
-0.0554624 -0.0435771
-0.0680299 -0.0539086
-0.0689856 -0.0550839
0.00892261 0.00711989
0.0142147 0.0114525
0.0265217 0.0215679
0.0262875 0.0211567
0.0103033 0.00798813
-0.0113581 -0.00939121
-0.0264264 -0.0212079
-0.0245998 -0.0195501
-0.00668553 -0.00549371
0.00969012 0.00709718
-0.0365958 -0.0308506
-0.0603672 -0.0508146
-0.0628097 -0.052836
-0.0653982 -0.0548738
-0.0540392 -0.0454798
-0.0165404 -0.0143319
0.0364339 0.0299452
0.0740724 0.0616728
0.0884461 0.0740016
0.0646102 0.0539882
0.000191565 7.92165e-05
0.00684183 0.00613353
0.000761346 0.00122166
-0.00210281 -0.0010496
0.00900337 0.00844664
0.0335529 0.0290023
0.0486287 0.0416107
0.0491633 0.0420648
0.0400524 0.0342475
0.0132223 0.011521
0.026519 0.0222929
0.0210161 0.017346
0.00616135 0.00467157
-0.0115375 -0.00980431
-0.0210556 -0.0175282
-0.0249002 -0.0208444
-0.0120835 -0.0104623
0.00564192 0.0036523
0.0248964 0.0192224
0.0330717 0.0261522
-0.0472062 -0.0398475
-0.0628783 -0.052935
-0.0494785 -0.0417994
-0.0213406 -0.0189503
0.0109826 0.00730599
0.0394658 0.0307259
0.054807 0.0439472
0.0661131 0.0544615
0.0698302 0.0585665
0.0644768 0.0545589
-0.015944 -0.0155166
0.000700389 -0.00202994
0.019599 0.0143787
0.0291965 0.0235226
0.0398168 0.0335311
0.0533908 0.0454211
0.0540884 0.0457217
0.0473525 0.0394846
0.0310093 0.0250807
0.01568 0.0117501
0.010499 0.00861654
0.0262492 0.0215775
0.0342788 0.0274179
0.0357102 0.0280635
0.0275133 0.021072
0.0176998 0.0133219
0.00605106 0.00403679
-0.0103443 -0.00914968
-0.029827 -0.0254605
-0.0438447 -0.0378128
0.0138632 0.0116834
0.00437796 0.00414918
-0.024451 -0.0207049
-0.0551318 -0.0480074
-0.0617277 -0.0545367
-0.0446853 -0.040227
-0.0164011 -0.0148178
0.0177869 0.0167847
0.0428789 0.0395001
0.0505644 0.0452704
0.0207796 0.0184081
-0.0261191 -0.0250542
-0.0298238 -0.077151
0.337591 0.407756
-0.275434 -0.272376
-0.0107937 -0.00993726
0.0266411 0.0196691
-0.0259696 -0.0230112
0.0269675 0.0231818
-0.00883028 -0.0100716
-0.0134249 -0.0128293
0.0174207 0.0122657
-0.0161493 -0.0167884
0.00592657 0.00144939
-0.00492532 -0.00618929
0.0448392 0.0385932
0.00174977 0.00124558
-0.0320907 -0.0304568
0.00162371 -0.00148166
0.00351236 -0.00244137
0.0326425 0.0279423
0.0137667 0.0113027
-0.0250003 -0.0219232
-0.0109234 -0.009194
-0.0146527 -0.011654
-0.0228322 -0.0188482
-0.000678404 -9.05585e-05
0.000892338 0.00166132
0.0122781 0.0124319
-0.00697 -0.00466707
0.0148185 0.0138938
-0.0378433 -0.0321913
-0.00308009 -0.00227028
0.0567341 0.0461869
0.0133378 0.0110004
-0.01674 -0.0157889
-0.0284423 -0.024271
0.00884825 0.00808039
0.0249911 0.0212254
-0.00154349 -0.000697684
0.0105787 0.00867829
0.0196885 0.0155158
0.0323045 0.0270534
0.00834699 0.00420977
-0.0228983 -0.0241462
-0.0143495 -0.0118363
-0.0314405 -0.0265761
0.022573 0.0218372
0.00913096 0.0135336
-0.00671306 -0.0025848
-0.00747934 -0.00703054
-0.062723 -0.054829
-0.0674921 -0.0585335
-0.0212804 -0.0162512
0.0442302 0.0450001
