-3.79198 -3.79192
-3.79452 -3.79457
-3.83352 -3.83338
-3.79706 -3.7964
-3.83224 -3.8321
-3.77077 -3.77142
-3.72645 -3.72676
-3.74848 -3.74887
-3.72297 -3.72294
-3.76852 -3.76814
-3.79793 -3.7983
-3.75082 -3.75063
-3.79579 -3.79601
-3.83357 -3.83343
-3.78352 -3.78386
-3.77212 -3.77206
-3.7334 -3.73408
-3.74815 -3.74879
-3.79598 -3.7961
-3.72188 -3.72133
-3.71482 -3.71508
-3.77614 -3.77631
-3.72333 -3.72376
-3.79757 -3.79734
-3.7916 -3.79148
-3.83357 -3.83343
-3.71968 -3.71994
-3.77191 -3.77181
-3.78425 -3.78477
-3.83359 -3.83346
-3.77178 -3.77161
-3.79287 -3.79278
-3.74929 -3.74919
-3.83356 -3.83342
-3.72559 -3.72558
-3.78157 -3.78131
-3.76886 -3.76905
-3.77918 -3.7793
-3.72917 -3.72812
-3.75019 -3.75085
-3.78132 -3.78141
-3.83225 -3.83211
-3.74741 -3.74744
-3.74676 -3.74621
-3.72779 -3.72782
-3.83356 -3.83342
-3.72095 -3.72125
-3.79702 -3.79706
-3.79855 -3.79832
-3.79288 -3.79311
-3.79612 -3.79603
-3.78376 -3.78375
-3.76492 -3.76547
-3.72634 -3.72648
-3.79574 -3.79547
-3.78191 -3.78175
-3.79915 -3.79895
-3.74874 -3.74862
-3.78573 -3.78559
-3.79789 -3.79797
-3.77329 -3.77339
-3.7933 -3.79284
-3.74924 -3.74952
-3.71014 -3.70939
-3.74798 -3.74774
-3.83351 -3.83337
-3.79278 -3.79266
-3.77039 -3.77051
-3.83357 -3.83343
-3.77583 -3.77586
-3.7489 -3.74866
-3.79599 -3.79593
-3.74739 -3.74689
-3.83232 -3.83218
-3.79696 -3.79695
-3.7878 -3.78779
-3.79477 -3.79435
-3.83357 -3.83344
-3.77203 -3.77229
-3.78392 -3.78409
-3.73319 -3.73364
-3.74805 -3.74845
-3.72528 -3.72536
-3.83237 -3.83225
-3.72256 -3.72226
-3.74871 -3.74907
-3.7082 -3.70702
-3.71614 -3.7167
-3.74755 -3.74876
-3.77071 -3.77093
-3.78409 -3.78421
-3.78506 -3.78499
-3.77856 -3.77905
-3.729 -3.72895
-3.77264 -3.77301
-3.72975 -3.73059
-3.77326 -3.77327
-3.75031 -3.74989
-3.77332 -3.77352
-3.71685 -3.71722
-3.83356 -3.83342
-3.74802 -3.74784
-3.83352 -3.83338
-3.78299 -3.78287
-3.7727 -3.77289
-3.71401 -3.71413
-3.74636 -3.74659
-3.79675 -3.79678
-3.76642 -3.76666
-3.77375 -3.77408
-3.77798 -3.77866
-3.72115 -3.72027
-3.7787 -3.77895
-3.79436 -3.79427
-3.76636 -3.76617
-3.79346 -3.79353
-3.79465 -3.79452
-3.74603 -3.74654
-3.73738 -3.73769
-3.78079 -3.78088
-3.71141 -3.7115
-3.77899 -3.7788
-3.76774 -3.76755
-3.78319 -3.78253
-3.74174 -3.74151
