1.0107 -1e+06
0.989235 -1e+06
0.867866 -1e+06
1.03345 -1e+06
0.87412 -1e+06
1.04198 -1e+06
1.11381 -1e+06
1.12289 -1e+06
1.15623 -1e+06
1.02598 -1e+06
0.972681 -1e+06
1.13109 -1e+06
0.982064 -1e+06
0.867361 -1e+06
1.01494 -1e+06
1.02097 -1e+06
1.05424 -1e+06
1.08877 -1e+06
0.962934 -1e+06
1.22601 -1e+06
1.12209 -1e+06
1.03665 -1e+06
1.15672 -1e+06
1.01549 -1e+06
0.996224 -1e+06
1.03138 -1e+06
0.988995 -1e+06
0.867292 -1e+06
0.996861 -1e+06
0.871819 -1e+06
1.02298 -1e+06
1.15443 -1e+06
1.06296 -1e+06
1.11872 -1e+06
1.08231 -1e+06
0.990368 -1e+06
1.07128 -1e+06
0.975246 -1e+06
0.867499 -1e+06
1.03638 -1e+06
1.06263 -1e+06
1.08961 -1e+06
1.07527 -1e+06
0.984574 -1e+06
1.11777 -1e+06
1.14457 -1e+06
1.03974 -1e+06
1.14531 -1e+06
1.0311 -1e+06
0.980022 -1e+06
1.0425 -1e+06
0.983293 -1e+06
0.867658 -1e+06
0.979045 -1e+06
0.873284 -1e+06
1.08581 -1e+06
1.1471 -1e+06
1.14252 -1e+06
1.1571 -1e+06
1.03987 -1e+06
0.949492 -1e+06
1.11755 -1e+06
1.0027 -1e+06
0.867019 -1e+06
1.03099 -1e+06
1.00791 -1e+06
1.15874 -1e+06
1.06691 -1e+06
1.00065 -1e+06
1.09785 -1e+06
1.1601 -1e+06
1.03635 -1e+06
1.19354 -1e+06
1.01943 -1e+06
0.987272 -1e+06
0.00493667 -1e+06
0.0032697 -1e+06
-2.39471e-06 -1e+06
0.00218854 -1e+06
-1.4004e-05 -1e+06
-0.00536633 -1e+06
-0.0094118 -1e+06
-0.0030805 -1e+06
0.00268997 -1e+06
-0.0010006 -1e+06
0.000941327 -1e+06
-0.00212605 -1e+06
-0.00130027 -1e+06
2.75888e-05 -1e+06
-0.00546308 -1e+06
-0.00468356 -1e+06
0.0167912 -1e+06
0.000582532 -1e+06
-3.29483e-05 -1e+06
0.00439866 -1e+06
0.0134079 -1e+06
-0.00206885 -1e+06
0.00860792 -1e+06
-0.00220576 -1e+06
-0.00225941 -1e+06
0.000592056 -1e+06
-0.00215076 -1e+06
3.69892e-05 -1e+06
-0.000650632 -1e+06
0.000195497 -1e+06
0.00168165 -1e+06
0.00977415 -1e+06
-0.00729913 -1e+06
0.000568853 -1e+06
-0.000432573 -1e+06
3.69252e-05 -1e+06
-0.00617949 -1e+06
0.00276328 -1e+06
-1.62879e-05 -1e+06
0.000451431 -1e+06
0.00832456 -1e+06
-0.00349754 -1e+06
0.00613386 -1e+06
0.000345604 -1e+06
0.0105221 -1e+06
0.00618804 -1e+06
-0.00136401 -1e+06
0.0156599 -1e+06
-0.0013107 -1e+06
-0.000592315 -1e+06
-0.000778669 -1e+06
0.000372167 -1e+06
7.44204e-06 -1e+06
0.00123302 -1e+06
3.63795e-05 -1e+06
-0.00402949 -1e+06
0.00209786 -1e+06
0.0100546 -1e+06
-0.000540633 -1e+06
-0.000881673 -1e+06
-0.00220982 -1e+06
0.00427734 -1e+06
0.00304063 -1e+06
3.7613e-05 -1e+06
-0.00181614 -1e+06
0.00169747 -1e+06
-0.00211454 -1e+06
-0.000845106 -1e+06
0.00144937 -1e+06
0.0014819 -1e+06
-0.0121606 -1e+06
0.000370366 -1e+06
0.00731108 -1e+06
-0.00114215 -1e+06
0.000996232 -1e+06
0.867073 -1e+06
1.19428 -1e+06
1.06197 -1e+06
1.02536 -1e+06
0.867196 -1e+06
1.04162 -1e+06
0.986775 -1e+06
1.05696 -1e+06
0.867356 -1e+06
1.10811 -1e+06
1.01469 -1e+06
1.0659 -1e+06
1.01478 -1e+06
1.17131 -1e+06
1.1409 -1e+06
0.987357 -1e+06
0.871857 -1e+06
1.08223 -1e+06
1.09552 -1e+06
1.08005 -1e+06
0.867409 -1e+06
1.2073 -1e+06
1.01896 -1e+06
1.01808 -1e+06
0.997702 -1e+06
0.867452 -1e+06
1.14791 -1e+06
1.02617 -1e+06
1.04715 -1e+06
0.867347 -1e+06
1.04202 -1e+06
0.968209 -1e+06
1.09443 -1e+06
0.867619 -1e+06
1.16386 -1e+06
1.01923 -1e+06
1.03264 -1e+06
1.0325 -1e+06
1.16995 -1e+06
1.10795 -1e+06
1.0579 -1e+06
0.872758 -1e+06
1.12247 -1e+06
1.10634 -1e+06
1.18556 -1e+06
0.867323 -1e+06
1.14291 -1e+06
0.98192 -1e+06
0.995208 -1e+06
0.996463 -1e+06
0.867251 -1e+06
1.16343 -1e+06
1.06567 -1e+06
1.03032 -1e+06
0.867137 -1e+06
1.0748 -1e+06
0.974558 -1e+06
1.07457 -1e+06
0.867521 -1e+06
1.14542 -1e+06
0.995954 -1e+06
1.02045 -1e+06
1.01515 -1e+06
1.09401 -1e+06
1.08694 -1e+06
1.02818 -1e+06
0.872316 -1e+06
1.04566 -1e+06
1.06434 -1e+06
1.15668 -1e+06
0.867376 -1e+06
1.1285 -1e+06
1.0226 -1e+06
1.00502 -1e+06
0.988296 -1e+06
5.64892e-07 -1e+06
-0.00975752 -1e+06
-0.00165898 -1e+06
0.00536064 -1e+06
9.47363e-06 -1e+06
-0.00120803 -1e+06
-0.00643479 -1e+06
-0.00541959 -1e+06
2.32231e-05 -1e+06
-0.00427961 -1e+06
-0.000387886 -1e+06
-0.00357945 -1e+06
0.00227507 -1e+06
-0.00257471 -1e+06
-0.00435757 -1e+06
0.00179567 -1e+06
-0.000157398 -1e+06
0.00476278 -1e+06
0.000526911 -1e+06
0.0118358 -1e+06
-3.47771e-06 -1e+06
-0.00400559 -1e+06
-0.00129506 -1e+06
0.000393509 -1e+06
0.00410317 -1e+06
7.33988e-06 -1e+06
-0.0033523 -1e+06
0.00303455 -1e+06
-0.000450451 -1e+06
-2.43427e-07 -1e+06
0.00204812 -1e+06
0.00330136 -1e+06
0.00241101 -1e+06
-3.46386e-06 -1e+06
-0.00560917 -1e+06
0.00634312 -1e+06
-0.0010614 -1e+06
0.00122421 -1e+06
-0.00514136 -1e+06
0.00318821 -1e+06
0.00133764 -1e+06
-7.92556e-05 -1e+06
0.0008233 -1e+06
0.00136087 -1e+06
-0.00370469 -1e+06
2.09402e-05 -1e+06
0.0167354 -1e+06
0.000641164 -1e+06
-0.00232633 -1e+06
0.00494721 -1e+06
9.4411e-06 -1e+06
0.00290061 -1e+06
-0.00517707 -1e+06
0.000205495 -1e+06
-8.38678e-06 -1e+06
0.00146348 -1e+06
0.000619497 -1e+06
0.00661572 -1e+06
1.3565e-05 -1e+06
-0.00401145 -1e+06
-0.00340058 -1e+06
-0.00431225 -1e+06
0.000929537 -1e+06
0.00119906 -1e+06
-0.00604251 -1e+06
-0.00299578 -1e+06
-7.33109e-05 -1e+06
1.77259e-05 -1e+06
0.00235322 -1e+06
-0.00658651 -1e+06
-2.50998e-06 -1e+06
0.00413863 -1e+06
0.00111129 -1e+06
-0.000275816 -1e+06
0.000427598 -1e+06
0.991977 -1e+06
1.03012 -1e+06
1.08132 -1e+06
1.14783 -1e+06
0.979477 -1e+06
1.03056 -1e+06
0.990762 -1e+06
1.06217 -1e+06
1.01269 -1e+06
0.997212 -1e+06
1.05584 -1e+06
1.01895 -1e+06
1.07367 -1e+06
1.19035 -1e+06
1.06188 -1e+06
0.867674 -1e+06
1.00191 -1e+06
1.06568 -1e+06
0.867073 -1e+06
1.05573 -1e+06
1.13086 -1e+06
1.00507 -1e+06
1.13876 -1e+06
0.871812 -1e+06
0.988512 -1e+06
0.975894 -1e+06
1.0629 -1e+06
1.06914 -1e+06
1.18002 -1e+06
1.00633 -1e+06
1.02949 -1e+06
0.986355 -1e+06
1.06875 -1e+06
1.00187 -1e+06
0.982026 -1e+06
1.02406 -1e+06
1.02619 -1e+06
1.13779 -1e+06
1.14349 -1e+06
1.10806 -1e+06
0.867776 -1e+06
1.01004 -1e+06
1.04283 -1e+06
0.867452 -1e+06
1.03183 -1e+06
1.07085 -1e+06
0.990983 -1e+06
1.15935 -1e+06
0.872636 -1e+06
0.978536 -1e+06
1.00722 -1e+06
0.984028 -1e+06
1.07067 -1e+06
1.07026 -1e+06
0.990624 -1e+06
1.02284 -1e+06
1.00733 -1e+06
1.07671 -1e+06
0.993587 -1e+06
0.963198 -1e+06
1.05849 -1e+06
1.02698 -1e+06
1.1296 -1e+06
1.20998 -1e+06
1.11263 -1e+06
0.867398 -1e+06
0.960036 -1e+06
1.06246 -1e+06
0.867251 -1e+06
1.02371 -1e+06
1.11168 -1e+06
1.02721 -1e+06
1.09861 -1e+06
0.872701 -1e+06
0.973208 -1e+06
-3.92564e-05 -1e+06
-0.00555802 -1e+06
0.00137873 -1e+06
-0.00403391 -1e+06
-0.0031443 -1e+06
-0.00338137 -1e+06
0.00206493 -1e+06
-0.00226797 -1e+06
0.00286082 -1e+06
0.000129263 -1e+06
-0.00318742 -1e+06
0.00105717 -1e+06
-0.0119963 -1e+06
-0.00192688 -1e+06
0.00946113 -1e+06
-8.77165e-06 -1e+06
-0.00154034 -1e+06
0.00166652 -1e+06
5.64892e-07 -1e+06
-0.00438656 -1e+06
0.0102189 -1e+06
-0.000887287 -1e+06
0.0098788 -1e+06
-2.81956e-05 -1e+06
-0.00194057 -1e+06
0.00203776 -1e+06
0.00221264 -1e+06
-0.00214449 -1e+06
-0.010477 -1e+06
0.00184781 -1e+06
-0.00270825 -1e+06
0.0018138 -1e+06
0.00171475 -1e+06
0.000832425 -1e+06
-4.32402e-05 -1e+06
0.00226065 -1e+06
-0.0013859 -1e+06
0.0034623 -1e+06
0.00297949 -1e+06
0.000937587 -1e+06
2.71834e-05 -1e+06
0.00086532 -1e+06
-0.00384432 -1e+06
7.33988e-06 -1e+06
-0.00249312 -1e+06
-0.00159979 -1e+06
0.00400572 -1e+06
-0.00632682 -1e+06
6.78766e-05 -1e+06
-0.00393397 -1e+06
0.000159089 -1e+06
2.68617e-05 -1e+06
0.00315144 -1e+06
-0.00096703 -1e+06
-0.00101346 -1e+06
-0.000190988 -1e+06
-0.00268523 -1e+06
-0.00188692 -1e+06
-0.000270798 -1e+06
0.00239794 -1e+06
0.00157278 -1e+06
0.00157013 -1e+06
0.00541192 -1e+06
0.00464268 -1e+06
-0.00497131 -1e+06
5.1245e-06 -1e+06
-0.00172234 -1e+06
-0.00133026 -1e+06
9.4411e-06 -1e+06
-0.000636645 -1e+06
-0.00324319 -1e+06
-0.000871936 -1e+06
-0.00120907 -1e+06
-0.000101396 -1e+06
0.00059373 -1e+06
0.993055 -1e+06
1.00984 -1e+06
0.867022 -1e+06
1.01358 -1e+06
1.02745 -1e+06
1.15354 -1e+06
1.04815 -1e+06
1.18326 -1e+06
0.872762 -1e+06
1.15983 -1e+06
1.10096 -1e+06
1.11307 -1e+06
1.11068 -1e+06
1.12173 -1e+06
1.08201 -1e+06
0.998258 -1e+06
1.04591 -1e+06
1.00761 -1e+06
1.08107 -1e+06
1.046 -1e+06
1.11332 -1e+06
1.02877 -1e+06
1.10992 -1e+06
1.02879 -1e+06
1.20101 -1e+06
0.988726 -1e+06
1.0106 -1e+06
0.867417 -1e+06
1.04827 -1e+06
1.03814 -1e+06
1.17872 -1e+06
1.15828 -1e+06
1.19334 -1e+06
0.872133 -1e+06
1.1224 -1e+06
1.10104 -1e+06
1.21396 -1e+06
1.08115 -1e+06
1.06376 -1e+06
1.05661 -1e+06
1.03832 -1e+06
0.991734 -1e+06
1.05521 -1e+06
1.19795 -1e+06
1.0628 -1e+06
1.11838 -1e+06
1.03545 -1e+06
1.10693 -1e+06
1.05308 -1e+06
1.14725 -1e+06
0.999587 -1e+06
1.02686 -1e+06
0.867473 -1e+06
1.02485 -1e+06
1.00299 -1e+06
1.12785 -1e+06
1.08668 -1e+06
1.15726 -1e+06
0.872364 -1e+06
1.17361 -1e+06
1.07672 -1e+06
1.18068 -1e+06
1.20369 -1e+06
1.14839 -1e+06
1.0312 -1e+06
1.02035 -1e+06
0.996011 -1e+06
1.02255 -1e+06
1.0654 -1e+06
0.99829 -1e+06
1.1599 -1e+06
1.0429 -1e+06
1.13091 -1e+06
1.01848 -1e+06
1.14203 -1e+06
-0.000973703 -1e+06
0.00159108 -1e+06
-1.30523e-05 -1e+06
-0.000948013 -1e+06
-0.00561395 -1e+06
-0.0058309 -1e+06
0.0100854 -1e+06
-0.00238119 -1e+06
0.000153801 -1e+06
0.00296774 -1e+06
0.00490941 -1e+06
0.0153897 -1e+06
-0.00979277 -1e+06
0.00774521 -1e+06
0.00311856 -1e+06
-0.000876757 -1e+06
-0.00260102 -1e+06
0.00939344 -1e+06
0.00143014 -1e+06
0.000833857 -1e+06
-0.0060145 -1e+06
0.00156283 -1e+06
0.00162064 -1e+06
-0.00447482 -1e+06
0.0014133 -1e+06
0.00031689 -1e+06
0.00473114 -1e+06
3.17511e-05 -1e+06
0.000814329 -1e+06
-0.000400446 -1e+06
-0.00197301 -1e+06
0.000902519 -1e+06
0.00166484 -1e+06
-0.000126639 -1e+06
-0.00249636 -1e+06
0.00217749 -1e+06
0.00544016 -1e+06
0.00613251 -1e+06
0.00481746 -1e+06
-0.00672988 -1e+06
0.000798043 -1e+06
0.00189041 -1e+06
-0.00180597 -1e+06
0.0123844 -1e+06
-0.00198181 -1e+06
0.00178084 -1e+06
-0.00524454 -1e+06
0.00376007 -1e+06
0.0101582 -1e+06
0.00253175 -1e+06
0.00226586 -1e+06
0.000461071 -1e+06
2.34799e-05 -1e+06
0.00279278 -1e+06
0.000792965 -1e+06
0.00303885 -1e+06
0.000215603 -1e+06
-0.0053652 -1e+06
1.73852e-05 -1e+06
0.00286702 -1e+06
0.00415897 -1e+06
-0.00271938 -1e+06
-0.013197 -1e+06
-0.00525902 -1e+06
-0.00144798 -1e+06
0.000425117 -1e+06
-0.00294986 -1e+06
-0.00246604 -1e+06
-0.00547061 -1e+06
-0.000332092 -1e+06
0.0148506 -1e+06
-0.00674215 -1e+06
0.00240157 -1e+06
-0.00147156 -1e+06
-0.0103383 -1e+06
0.867356 -1e+06
1.05619 -1e+06
0.867866 -1e+06
1.03586 -1e+06
1.08311 -1e+06
1.1329 -1e+06
1.10113 -1e+06
1.01334 -1e+06
1.09283 -1e+06
1.01252 -1e+06
1.03188 -1e+06
1.0282 -1e+06
1.02923 -1e+06
0.967413 -1e+06
1.06724 -1e+06
0.998609 -1e+06
1.02354 -1e+06
1.0411 -1e+06
1.14146 -1e+06
1.0305 -1e+06
1.29649 -1e+06
1.01374 -1e+06
1.06279 -1e+06
0.992183 -1e+06
1.11093 -1e+06
0.867619 -1e+06
1.13268 -1e+06
0.867292 -1e+06
0.992466 -1e+06
1.04178 -1e+06
1.11063 -1e+06
1.08956 -1e+06
0.997785 -1e+06
1.05892 -1e+06
1.01744 -1e+06
1.02957 -1e+06
1.15305 -1e+06
1.07852 -1e+06
0.985113 -1e+06
1.08571 -1e+06
0.980753 -1e+06
0.994837 -1e+06
1.10775 -1e+06
1.11468 -1e+06
1.01726 -1e+06
1.13054 -1e+06
1.02722 -1e+06
1.05143 -1e+06
0.999062 -1e+06
1.13056 -1e+06
0.867521 -1e+06
1.08365 -1e+06
0.867658 -1e+06
1.0153 -1e+06
1.04392 -1e+06
1.18621 -1e+06
1.11634 -1e+06
1.03751 -1e+06
1.05853 -1e+06
1.08283 -1e+06
1.03683 -1e+06
1.18897 -1e+06
0.969354 -1e+06
0.971308 -1e+06
1.0783 -1e+06
1.00444 -1e+06
1.01765 -1e+06
1.09912 -1e+06
1.09293 -1e+06
1.02213 -1e+06
1.10889 -1e+06
1.05896 -1e+06
1.06605 -1e+06
1.0368 -1e+06
1.10613 -1e+06
2.32231e-05 -1e+06
-3.40487e-05 -1e+06
-2.39471e-06 -1e+06
-0.00135228 -1e+06
0.00102956 -1e+06
-0.00393132 -1e+06
-0.000653963 -1e+06
0.00417899 -1e+06
-0.000811743 -1e+06
0.00220843 -1e+06
-0.00288143 -1e+06
-0.00867086 -1e+06
0.00325971 -1e+06
-0.00520016 -1e+06
0.00231288 -1e+06
-0.00232037 -1e+06
0.000638156 -1e+06
0.00123357 -1e+06
-0.00500553 -1e+06
0.00399034 -1e+06
-0.00315553 -1e+06
0.00129779 -1e+06
0.000228914 -1e+06
-0.000114426 -1e+06
-0.00659171 -1e+06
-3.46386e-06 -1e+06
0.00649738 -1e+06
3.69892e-05 -1e+06
0.00436495 -1e+06
-0.000255173 -1e+06
-0.00281557 -1e+06
0.00581219 -1e+06
0.00476184 -1e+06
0.00405373 -1e+06
0.000543301 -1e+06
-0.000816967 -1e+06
0.00694279 -1e+06
-0.00262365 -1e+06
0.00302227 -1e+06
-0.0054448 -1e+06
-0.00558664 -1e+06
-0.00379698 -1e+06
-0.00251038 -1e+06
0.0031461 -1e+06
0.00176556 -1e+06
-0.00245479 -1e+06
0.00438504 -1e+06
-0.00172675 -1e+06
0.00503191 -1e+06
0.00307242 -1e+06
1.3565e-05 -1e+06
0.000848818 -1e+06
7.44204e-06 -1e+06
0.000891705 -1e+06
-0.00150292 -1e+06
0.0134255 -1e+06
-0.00140465 -1e+06
-0.000247965 -1e+06
0.00265732 -1e+06
0.00146403 -1e+06
0.00191167 -1e+06
-0.00284561 -1e+06
-0.000417337 -1e+06
-3.05307e-05 -1e+06
-0.00134989 -1e+06
0.000367439 -1e+06
0.000105381 -1e+06
-0.00383028 -1e+06
-0.000266397 -1e+06
-0.000531896 -1e+06
-0.00498986 -1e+06
-0.00317348 -1e+06
0.000856258 -1e+06
-0.00485968 -1e+06
-0.0099468 -1e+06
