2 0.542502 0.480067 131.975
4 1.58761 1.56914 143.898
6 3.00294 3.0039 154.556
8 4.76194 4.65001 162.092
10 6.57419 6.13147 169.121
12 7.79398 7.00198 176.676
14 8.49005 7.76977 183.782
16 9.83186 9.64344 190.14
18 12.4283 12.6211 195.468
20 15.066 15.1009 198.349
22 16.391 16.1479 198.569
24 17.0784 16.7393 198.534
26 18.6306 17.8693 200.251
28 20.6185 18.9591 203.369
30 21.3611 19.3933 207.604
32 21.3137 20.2311 213.387
34 23.1281 22.6899 219.034
36 27.4421 25.8911 222.216
38 31.1825 28.0658 225.02
40 31.8303 29.4298 231.372
42 31.242 31.6828 238.841
44 32.8385 34.8806 240.309
46 36.5264 37.2107 235.063
48 39.2634 38.1302 231.265
50 39.9706 39.3348 235.422
52 40.7662 41.8075 244.838
54 42.933 44.0588 252.742
56 44.7379 44.748 256.992
58 44.8752 45.2955 260.576
60 45.4592 47.6597 265.61
62 48.8657 50.7226 270.926
64 53.375 51.9255 275.671
66 55.3427 51.918 281.733
68 54.8316 53.8275 291.861
70 55.4418 57.8012 307.077
72 58.5859 60.4486 325.281
74 61.6646 60.5597 343.729
76 62.834 61.205 367.107
78 63.9928 64.5296 406.787
80 67.0202 68.2341 458.924
82 70.1236 69.6858 490.137
84 70.9245 70.4368 466.847
86 70.8473 73.2672 397.595
88 72.8051 76.9616 325.124
90 76.2092 78.346 277.875
92 78.3574 78.2433 249.996
94 79.6098 80.3537 226.279
96 82.7451 84.7261 203.341
98 87.7255 87.9013 183.171
100 91.5844 89.5316 163.903
102 93.4448 92.8045 143.745
104 95.2743 97.7356 125.187
106 97.5481 100.401 110.983
108 98.7467 100.132 99.8088
110 99.5377 101.208 88.09
112 102.583 105.563 74.315
114 107.582 109.877 59.8915
116 111.515 112.026 46.3554
118 114.157 114.241 33.7139
120 118.042 117.559 22.2338
122 123.146 119.695 14.2065
124 127.255 121.023 12.4768
126 130.861 125.807 17.7154
128 136.143 134.615 27.9058
130 142.463 142.492 40.1464
132 147.821 147.439 52.3682
134 152.853 153.367 63.7376
136 159.504 162.05 74.6436
138 167.941 170.172 86.6459
140 177.623 177.415 101.316
142 189.986 189.494 118.703
144 208.222 209.903 137.699
146 232.965 235.012 157.34
148 256.871 257.636 176.806
150 266.737 269.096 195.714
152 256.132 261.705 215.198
154 233.526 238.299 236.643
156 212.889 213.875 261.203
158 199.613 199.091 295.017
160 190.499 190.09 348.343
162 182.723 181.087 416.989
164 176.573 174.374 470.071
166 172.292 171.512 475.025
168 169.157 168.541 435.088
170 166.668 164.522 385.545
172 164.566 162.43 353.297
174 162.423 161.45 336.255
176 159.849 159.082 321.265
178 156.631 156.961 304.111
180 152.965 156.467 287.917
182 149.725 155.264 274.611
184 147.86 152.749 263.901
186 147.405 151.063 255.502
188 147.602 149.912 249.169
190 147.878 147.948 244.069
192 148.143 147.045 239.37
194 148.282 149.064 235.504
196 148.153 152.152 234.096
198 148.228 153.944 235.484
200 149.323 154.453 236.969
202 151.365 154.538 235.188
204 153.334 154.793 229.747
206 154.752 155.682 223.341
208 156.209 157.123 219.043
210 158.107 158.802 218.055
212 159.998 160.726 218.985
214 161.548 162.556 218.857
216 163.069 163.691 215.718
218 164.682 164.398 210.298
220 165.883 165.256 204.749
222 166.364 165.861 200.68
224 166.418 165.462 198.819
226 166.081 164.078 199.014
228 164.683 162.179 199.748
230 161.869 160.066 199.323
232 158.473 157.802 197.988
234 155.719 155.33 196.826
236 153.829 152.744 194.985
238 151.978 150.268 191.431
240 149.639 147.886 187.607
242 147.425 145.67 181.88
244 146.187 144.267 163.492
246 145.841 144.141 122.784
248 145.915 144.845 68.5319
250 146.716 145.956 24.1437
252 148.732 147.893 3.65756
254 151.376 150.925 0.552895
256 153.688 154.129 1.57404
258 155.827 156.283 1.40498
260 158.359 157.37 1.10308
262 160.63 158.464 1.22657
264 161.627 160.3 1.20981
266 161.988 162.603 1.11171
268 163.02 164.527 1.14318
270 164.121 165.275 1.15048
272 163.797 164.924 1.10593
274 162.953 164.874 1.11218
276 163.932 166.258 1.12337
278 166.349 167.969 1.10577
280 167.417 168.046 1.11007
282 166.576 166.802 1.12474
284 166.321 166.561 1.12564
286 168.192 168.583 1.14191
288 171.24 172.234 1.17361
290 174.599 176.669 1.20072
292 178.261 181.144 1.23938
294 183.207 186.081 1.29976
296 198.651 200.958 1.38331
298 246.624 248.414 1.52435
300 341.607 343.277 1.74095
302 463.617 465.53 1.99373
304 579.889 582.26 2.24805
306 700.837 703.795 2.51881
308 870.162 873.25 2.8247
310 1075.35 1076.9 3.11528
312 1216.53 1214.64 3.25915
314 1201.29 1195.51 3.14025
316 1031.51 1022.56 2.76304
318 772.432 760.757 2.22898
320 488.679 475.436 1.65412
322 239.308 227.884 1.14733
324 78.0549 71.7115 0.790546
326 14.8688 13.2508 0.587675
328 6.76495 6.88669 0.4777
330 7.96116 7.90689 0.405562
332 5.80402 5.60567 0.349402
334 4.62631 4.56618 0.303361
336 4.59583 4.53638 0.266034
338 3.94595 3.84141 0.235743
340 3.43045 3.36501 0.209748
342 3.31912 3.27044 0.188223
344 2.99599 2.9358 0.171275
346 2.68912 2.64815 0.156244
348 2.60804 2.57928 0.142666
350 2.44951 2.41352 0.131438
352 2.25803 2.23267 0.121106
354 2.19153 2.17964 0.111367
356 2.10333 2.08717 0.103276
358 1.97376 1.95654 0.0956829
360 1.90597 1.89528 0.0881735
362 1.83397 1.82528 0.0822055
364 1.73534 1.72884 0.0771678
366 1.68215 1.67802 0.0720802
368 1.63287 1.62599 0.067914
370 1.55112 1.54545 0.0644409
372 1.4946 1.49505 0.0607076
374 1.45758 1.45646 0.0575254
376 1.40332 1.39555 0.0550237
378 1.35849 1.34964 0.0523323
380 1.32516 1.31799 0.050111
382 1.27897 1.27137 0.0487259
384 1.23924 1.23115 0.0471807
386 1.21071 1.20354 0.0455886
388 1.17093 1.16697 0.0443487
390 1.13431 1.13469 0.0427385
392 1.11263 1.11329 0.0408155
394 1.08442 1.08261 0.0389767
396 1.05123 1.05194 0.0364346
398 1.02731 1.03475 0.0331111
400 1.00245 1.01411 0.0298976
