-0.00173286 -0.000564113 0.00332393 9700.29 9700.29 9700.3 
0.440554 0.442822 0.87396 9699.95 9700.01 9700.02 
1.76384 1.76607 3.49537 9698.9 9699.16 9699.17 
3.96839 3.97055 7.86305 9697.17 9697.76 9697.77 
7.05274 7.05484 13.9748 9694.74 9695.79 9695.8 
11.0149 11.017 21.8278 9691.61 9693.26 9693.27 
15.8524 15.8544 31.4182 9687.79 9690.17 9690.18 
21.5619 21.5641 42.7415 9683.27 9686.52 9686.53 
28.14 28.1424 55.7923 9678.04 9682.32 9682.32 
35.5824 35.5852 70.5645 9672.12 9677.55 9677.56 
43.8837 43.887 87.0498 9665.5 9672.24 9672.25 
53.0397 53.0437 105.243 9658.17 9666.38 9666.38 
63.043 63.0477 125.132 9650.13 9659.96 9659.97 
73.8888 73.8943 146.711 9641.38 9653.01 9653.01 
85.5682 85.5745 169.965 9631.92 9645.51 9645.51 
98.0754 98.0828 194.889 9621.75 9637.47 9637.47 
111.4 111.409 221.465 9610.85 9628.9 9628.9 
125.536 125.546 249.686 9599.24 9619.79 9619.8 
140.471 140.482 279.533 9586.9 9610.16 9610.17 
156.199 156.211 310.998 9573.83 9600.01 9600.01 
172.705 172.718 344.06 9560.03 9589.34 9589.35 
189.981 189.996 378.709 9545.49 9578.15 9578.16 
208.014 208.03 414.923 9530.22 9566.47 9566.48 
226.793 226.811 452.691 9514.2 9554.27 9554.29 
246.306 246.324 491.993 9497.43 9541.59 9541.6 
266.535 266.556 532.806 9479.91 9528.42 9528.43 
287.472 287.494 575.118 9461.64 9514.76 9514.78 
309.098 309.121 618.903 9442.6 9500.64 9500.65 
331.401 331.426 664.148 9422.8 9486.04 9486.06 
354.363 354.39 710.823 9402.23 9470.99 9471.01 
377.97 377.999 758.915 9380.88 9455.48 9455.51 
402.203 402.233 808.394 9358.75 9439.54 9439.56 
427.048 427.08 859.245 9335.84 9423.16 9423.18 
452.482 452.515 911.437 9312.14 9406.35 9406.38 
478.492 478.527 964.954 9287.64 9389.14 9389.17 
505.053 505.09 1019.76 9262.35 9371.52 9371.55 
532.151 532.19 1075.85 9236.25 9353.51 9353.54 
559.761 559.802 1133.17 9209.35 9335.11 9335.15 
587.867 587.909 1191.73 9181.63 9316.35 9316.39 
616.442 616.486 1251.47 9153.09 9297.23 9297.27 
645.469 645.515 1312.38 9123.73 9277.76 9277.8 
674.92 674.968 1374.42 9093.55 9257.96 9258.01 
704.777 704.827 1437.59 9062.53 9237.85 9237.89 
735.012 735.063 1501.83 9030.68 9217.43 9217.47 
765.604 765.657 1567.13 8997.99 9196.71 9196.76 
796.524 796.578 1633.46 8964.46 9175.73 9175.78 
827.751 827.807 1700.79 8930.07 9154.48 9154.54 
859.253 859.31 1769.08 8894.84 9133 9133.05 
891.009 891.067 1838.31 8858.75 9111.28 9111.34 
922.988 923.048 1908.46 8821.8 9089.36 9089.42 
955.16 955.221 1979.48 8783.99 9067.25 9067.31 
987.501 987.564 2051.35 8745.31 9044.97 9045.03 
1019.98 1020.04 2124.03 8705.77 9022.53 9022.59 
1052.56 1052.63 2197.5 8665.36 8999.97 9000.03 
1085.22 1085.29 2271.73 8624.07 8977.29 8977.35 
1117.93 1118 2346.68 8581.91 8954.52 8954.58 
1150.65 1150.72 2422.33 8538.87 8931.68 8931.74 
1183.35 1183.42 2498.64 8494.96 8908.79 8908.86 
1216 1216.07 2575.57 8450.17 8885.88 8885.95 
1248.56 1248.63 2653.11 8404.49 8862.97 8863.04 
1281.01 1281.08 2731.22 8357.94 8840.09 8840.16 
1313.3 1313.37 2809.86 8310.5 8817.25 8817.32 
1345.4 1345.47 2889 8262.19 8794.49 8794.56 
1377.28 1377.35 2968.62 8213 8771.83 8771.9 
1408.9 1408.97 3048.68 8162.92 8749.3 8749.37 
1440.22 1440.29 3129.15 8111.97 8726.93 8727 
1471.21 1471.28 3209.99 8060.15 8704.74 8704.81 
1501.82 1501.9 3291.19 8007.44 8682.75 8682.82 
1532.03 1532.1 3372.7 7953.87 8661.01 8661.08 
1561.79 1561.86 3454.5 7899.43 8639.54 8639.61 
1591.07 1591.14 3536.54 7844.12 8618.37 8618.44 
1619.82 1619.89 3618.82 7787.95 8597.52 8597.59 
1648.02 1648.09 3701.29 7730.93 8577.04 8577.11 
1675.61 1675.68 3783.91 7673.05 8556.95 8557.01 
1702.57 1702.63 3866.67 7614.33 8537.28 8537.34 
1728.84 1728.91 3949.53 7554.76 8518.06 8518.12 
1754.41 1754.48 4032.47 7494.36 8499.32 8499.38 
1779.22 1779.29 4115.44 7433.14 8481.1 8481.16 
1803.25 1803.31 4198.43 7371.08 8463.42 8463.48 
1826.44 1826.5 4281.4 7308.22 8446.32 8446.38 
1848.78 1848.84 4364.34 7244.55 8429.83 8429.88 
1870.21 1870.27 4447.2 7180.09 8413.97 8414.02 
1890.72 1890.77 4529.96 7114.83 8398.78 8398.83 
1910.25 1910.3 4612.59 7048.81 8384.28 8384.33 
1928.78 1928.83 4695.08 6982.01 8370.5 8370.54 
1946.28 1946.33 4777.37 6914.46 8357.47 8357.51 
1962.72 1962.77 4859.48 6846.15 8345.21 8345.25 
1978.07 1978.11 4941.34 6777.11 8333.76 8333.8 
1992.3 1992.34 5022.95 6707.36 8323.12 8323.16 
2005.38 2005.41 5104.27 6636.9 8313.34 8313.37 
2017.29 2017.32 5185.29 6565.74 8304.42 8304.45 
2028.01 2028.04 5265.97 6493.91 8296.38 8296.41 
2037.52 2037.54 5346.3 6421.41 8289.25 8289.27 
2045.8 2045.82 5426.25 6348.26 8283.04 8283.06 
2052.82 2052.84 5505.73 6274.54 8277.76 8277.78 
2058.6 2058.61 5584.86 6200.15 8273.42 8273.44 
2063.1 2063.11 5663.54 6125.15 8270.04 8270.05 
2066.32 2066.33 5741.75 6049.57 8267.62 8267.62 
2068.26 2068.26 5819.48 5973.42 8266.16 8266.17 
2068.9 2068.91 5896.69 5896.73 8265.68 8265.68 
2068.9 2068.91 5896.69 5896.73 8265.68 8265.68 
2068.87 2069.03 5896.52 5896.64 8265.7 8265.83 
2068.77 2069.41 5895.94 5896.43 8265.76 8266.28 
2068.6 2070.04 5894.97 5896.08 8265.86 8267.04 
2068.35 2070.92 5893.62 5895.59 8266.01 8268.1 
2068.04 2072.05 5891.89 5894.96 8266.19 8269.46 
2067.66 2073.43 5889.77 5894.19 8266.42 8271.12 
2067.22 2075.06 5887.27 5893.29 8266.69 8273.07 
2066.7 2076.94 5884.4 5892.24 8267 8275.32 
2066.11 2079.07 5881.15 5891.05 8267.35 8277.85 
2065.46 2081.45 5877.53 5889.73 8267.74 8280.68 
2064.73 2084.08 5873.55 5888.27 8268.17 8283.78 
2063.94 2086.95 5869.2 5886.67 8268.64 8287.17 
2063.08 2090.07 5864.5 5884.94 8269.16 8290.83 
2062.15 2093.43 5859.44 5883.07 8269.71 8294.76 
2061.15 2097.04 5854.03 5881.07 8270.31 8298.95 
2060.08 2100.9 5848.27 5878.94 8270.95 8303.4 
2058.95 2104.99 5842.18 5876.67 8271.62 8308.11 
2057.74 2109.33 5835.76 5874.27 8272.34 8313.07 
2056.47 2113.9 5829.01 5871.73 8273.1 8318.27 
2055.13 2118.71 5821.94 5869.07 8273.9 8323.7 
2053.72 2123.76 5814.56 5866.28 8274.75 8329.36 
2052.25 2129.04 5806.86 5863.37 8275.63 8335.25 
2050.7 2134.56 5798.87 5860.32 8276.55 8341.36 
2049.09 2140.31 5790.58 5857.15 8277.52 8347.67 
2047.41 2146.29 5782 5853.86 8278.52 8354.19 
2045.66 2152.5 5773.14 5850.45 8279.57 8360.9 
2043.85 2158.93 5764.01 5846.92 8280.65 8367.8 
2041.97 2165.58 5754.6 5843.26 8281.78 8374.89 
2040.02 2172.46 5744.94 5839.49 8282.95 8382.15 
2038 2179.56 5735.02 5835.61 8284.15 8389.58 
2035.92 2186.87 5724.86 5831.61 8285.4 8397.17 
2033.77 2194.4 5714.45 5827.5 8286.69 8404.92 
2031.56 2202.14 5703.81 5823.28 8288.02 8412.81 
2029.27 2210.09 5692.95 5818.95 8289.38 8420.84 
2026.93 2218.25 5681.86 5814.52 8290.79 8429.01 
2024.51 2226.61 5670.56 5809.99 8292.24 8437.3 
2022.03 2235.17 5659.05 5805.35 8293.73 8445.71 
2019.49 2243.93 5647.35 5800.62 8295.26 8454.24 
2016.88 2252.88 5635.45 5795.79 8296.83 8462.87 
2014.2 2262.03 5623.37 5790.86 8298.44 8471.6 
2011.46 2271.36 5611.1 5785.85 8300.08 8480.43 
2008.66 2280.88 5598.65 5780.75 8301.77 8489.34 
2005.78 2290.58 5586.04 5775.57 8303.5 8498.33 
2002.85 2300.45 5573.27 5770.3 8305.26 8507.4 
1999.85 2310.5 5560.34 5764.95 8307.07 8516.54 
1996.79 2320.72 5547.26 5759.53 8308.92 8525.73 
1993.66 2331.1 5534.04 5754.04 8310.8 8534.98 
1990.47 2341.65 5520.67 5748.48 8312.72 8544.29 
1987.22 2352.35 5507.17 5742.86 8314.69 8553.64 
1983.9 2363.2 5493.54 5737.17 8316.69 8563.03 
1980.52 2374.2 5479.79 5731.42 8318.73 8572.45 
1977.08 2385.35 5465.92 5725.63 8320.81 8581.9 
1973.57 2396.63 5451.93 5719.78 8322.93 8591.37 
1970.01 2408.04 5437.84 5713.89 8325.08 8600.87 
1966.38 2419.58 5423.65 5707.96 8327.28 8610.37 
1962.69 2431.24 5409.35 5701.99 8329.51 8619.89 
1958.94 2443.02 5394.96 5695.99 8331.78 8629.4 
1955.13 2454.92 5380.48 5689.96 8334.09 8638.92 
1951.25 2466.91 5365.91 5683.92 8336.44 8648.43 
1947.32 2479.01 5351.26 5677.85 8338.83 8657.94 
1943.33 2491.2 5336.54 5671.77 8341.25 8667.42 
1939.27 2503.47 5321.74 5665.69 8343.71 8676.89 
1935.16 2515.82 5306.87 5659.61 8346.21 8686.34 
1930.99 2528.25 5291.94 5653.54 8348.75 8695.76 
1926.76 2540.74 5276.94 5647.47 8351.32 8705.15 
1922.47 2553.3 5261.88 5641.42 8353.93 8714.51 
1918.12 2565.9 5246.76 5635.4 8356.58 8723.83 
1913.71 2578.55 5231.59 5629.41 8359.26 8733.11 
1909.25 2591.23 5216.38 5623.45 8361.99 8742.35 
1904.73 2603.95 5201.11 5617.54 8364.75 8751.54 
1900.15 2616.68 5185.81 5611.68 8367.54 8760.67 
1895.52 2629.42 5170.47 5605.88 8370.37 8769.75 
1890.82 2642.17 5155.08 5600.14 8373.24 8778.78 
1886.08 2654.92 5139.66 5594.48 8376.14 8787.75 
1881.27 2667.65 5124.21 5588.9 8379.09 8796.65 
1876.41 2680.35 5108.73 5583.41 8382.06 8805.49 
1871.5 2693.02 5093.22 5578.02 8385.07 8814.26 
1866.53 2705.66 5077.69 5572.74 8388.12 8822.96 
1861.51 2718.23 5062.13 5567.57 8391.21 8831.59 
1856.43 2730.74 5046.56 5562.52 8394.32 8840.14 
1851.3 2743.19 5030.96 5557.61 8397.48 8848.61 
1846.12 2755.55 5015.35 5552.84 8400.67 8857.01 
1840.88 2767.81 4999.72 5548.23 8403.89 8865.32 
1835.59 2779.97 4984.08 5543.77 8407.15 8873.55 
1830.25 2792.02 4968.43 5539.49 8410.44 8881.69 
1824.86 2803.94 4952.77 5535.39 8413.77 8889.75 
1819.42 2815.72 4937.1 5531.48 8417.13 8897.71 
1813.92 2827.34 4921.43 5527.78 8420.53 8905.59 
1808.38 2838.81 4905.75 5524.29 8423.95 8913.37 
1802.78 2850.11 4890.07 5521.02 8427.42 8921.05 
1797.13 2861.22 4874.38 5517.99 8430.92 8928.64 
1791.44 2872.13 4858.7 5515.2 8434.45 8936.14 
1785.69 2882.84 4843.01 5512.67 8438.01 8943.53 
1779.9 2893.32 4827.33 5510.4 8441.61 8950.83 
1774.06 2903.57 4811.65 5508.42 8445.24 8958.02 
1768.17 2913.57 4795.97 5506.72 8448.9 8965.11 
1762.24 2923.31 4780.3 5505.32 8452.59 8972.1 
1756.26 2932.79 4764.63 5504.24 8456.32 8978.99 
1750.23 2941.98 4748.97 5503.47 8460.08 8985.76 
1750.22 2941.99 4748.96 5503.47 8460.07 8985.77 
1731.86 2967.76 4702.02 5503.21 8471.54 9005.47 
1713.1 2990.59 4655.15 5506.21 8483.29 9024.2 
1693.94 3010.17 4608.37 5512.74 8495.31 9041.94 
1674.41 3026.25 4561.68 5523.01 8507.61 9058.69 
1654.51 3038.61 4515.09 5537.23 8520.18 9074.44 
1634.26 3047.08 4468.59 5555.52 8533 9089.19 
1613.66 3051.51 4422.19 5577.99 8546.07 9102.95 
1592.74 3051.85 4375.87 5604.68 8559.4 9115.72 
1571.5 3048.08 4329.62 5635.56 8572.96 9127.53 
1549.96 3040.22 4283.42 5670.59 8586.76 9138.38 
1528.13 3028.35 4237.26 5709.64 8600.78 9148.31 
1506.03 3012.6 4191.12 5752.56 8615.03 9157.33 
1483.66 2993.13 4144.97 5799.17 8629.49 9165.48 
1461.05 2970.11 4098.78 5849.25 8644.16 9172.79 
1438.2 2943.75 4052.53 5902.57 8659.03 9179.29 
1415.13 2914.26 4006.19 5958.89 8674.09 9185.03 
1391.86 2881.87 3959.73 6017.96 8689.33 9190.04 
1368.4 2846.77 3913.1 6079.53 8704.75 9194.37 
1344.75 2809.21 3866.28 6143.36 8720.34 9198.06 
1320.95 2769.39 3819.23 6209.21 8736.09 9201.17 
1296.99 2727.5 3771.92 6276.85 8751.99 9203.74 
1272.9 2683.76 3724.3 6346.07 8768.04 9205.83 
1248.68 2638.34 3676.36 6416.64 8784.22 9207.48 
1224.36 2591.41 3628.03 6488.38 8800.53 9208.76 
1199.95 2543.14 3579.29 6561.1 8816.96 9209.71 
1175.46 2493.7 3530.12 6634.62 8833.5 9210.39 
1150.91 2443.2 3480.46 6708.78 8850.14 9210.86 
1126.31 2391.81 3430.29 6783.41 8866.87 9211.16 
1101.67 2339.64 3379.58 6858.39 8883.69 9211.36 
1077.01 2286.81 3328.3 6933.58 8900.58 9211.51 
1052.35 2233.44 3276.43 7008.83 8917.53 9211.65 
1027.69 2179.63 3223.94 7084.04 8934.54 9211.85 
1003.06 2125.47 3170.8 7159.09 8951.59 9212.14 
978.459 2071.07 3117.02 7233.87 8968.68 9212.58 
953.908 2016.51 3062.56 7308.3 8985.79 9213.2 
929.42 1961.87 3007.42 7382.27 9002.92 9214.06 
905.012 1907.23 2951.6 7455.7 9020.06 9215.19 
880.691 1852.66 2895.09 7528.51 9037.19 9216.63 
856.475 1798.23 2837.88 7600.62 9054.31 9218.4 
832.379 1744.02 2780 7671.96 9071.4 9220.55 
808.411 1690.07 2721.44 7742.46 9088.47 9223.1 
784.59 1636.46 2662.23 7812.07 9105.48 9226.07 
760.923 1583.22 2602.38 7880.72 9122.45 9229.48 
737.425 1530.42 2541.9 7948.37 9139.35 9233.35 
714.113 1478.12 2480.84 8014.96 9156.17 9237.7 
690.993 1426.34 2419.22 8080.45 9172.91 9242.53 
668.08 1375.14 2357.08 8144.79 9189.56 9247.85 
645.39 1324.57 2294.46 8207.94 9206.1 9253.67 
622.928 1274.65 2231.39 8269.89 9222.52 9259.98 
600.711 1225.43 2167.93 8330.58 9238.83 9266.78 
578.75 1176.95 2104.14 8389.99 9254.99 9274.06 
557.054 1129.22 2040.06 8448.1 9271.01 9281.82 
535.636 1082.29 1975.74 8504.88 9286.87 9290.05 
514.51 1036.19 1911.27 8560.32 9298.72 9302.57 
493.681 990.94 1846.69 8614.39 9307.83 9318.09 
473.166 946.568 1782.08 8667.08 9317.34 9333.43 
452.969 903.089 1717.5 8718.39 9327.25 9348.57 
433.104 860.531 1653.02 8768.3 9337.53 9363.51 
413.582 818.918 1588.72 8816.8 9348.14 9378.23 
394.41 778.257 1524.67 8863.9 9359.08 9392.73 
375.599 738.571 1460.94 8909.58 9370.29 9407 
357.161 699.878 1397.63 8953.84 9381.77 9421.02 
339.101 662.182 1334.79 8996.7 9393.46 9434.79 
321.429 625.501 1272.51 9038.15 9405.36 9448.3 
304.157 589.847 1210.88 9078.19 9417.41 9461.54 
287.288 555.223 1149.96 9116.84 9429.59 9474.5 
270.836 521.643 1089.86 9154.1 9441.86 9487.17 
254.805 489.107 1030.62 9189.98 9454.19 9499.55 
239.204 457.623 972.343 9224.49 9466.55 9511.63 
224.042 427.201 915.11 9257.65 9478.9 9523.39 
209.323 397.835 858.985 9289.47 9491.2 9534.83 
195.057 369.531 804.053 9319.95 9503.43 9545.95 
181.252 342.295 750.394 9349.13 9515.54 9556.72 
167.91 316.12 698.071 9377.01 9527.51 9567.16 
155.041 291.009 647.162 9403.6 9539.3 9577.25 
142.651 266.964 597.745 9428.93 9550.88 9586.98 
130.744 243.978 549.877 9453.02 9562.22 9596.34 
119.326 222.052 503.632 9475.88 9573.29 9605.34 
108.405 201.185 459.079 9497.52 9584.05 9613.96 
97.9825 181.369 416.273 9517.97 9594.48 9622.2 
88.0664 162.606 375.283 9537.25 9604.56 9630.05 
78.6588 144.887 336.158 9555.36 9614.25 9637.51 
69.7653 128.211 298.959 9572.34 9623.53 9644.58 
61.391 112.576 263.743 9588.19 9632.37 9651.23 
53.5379 97.9729 230.553 9602.93 9640.75 9657.48 
46.2106 84.4001 199.439 9616.58 9648.66 9663.32 
39.4132 71.8545 170.451 9629.15 9656.06 9668.75 
33.1473 60.3292 143.622 9640.67 9662.94 9673.75 
27.4169 49.8219 118.996 9651.13 9669.28 9678.33 
22.2242 40.3283 96.6075 9660.55 9675.07 9682.48 
17.5717 31.8445 76.4877 9668.95 9680.29 9686.21 
13.4616 24.3675 58.6665 9676.34 9684.93 9689.5 
9.89566 17.894 43.1689 9682.72 9688.98 9692.36 
6.87558 12.4213 30.0177 9688.11 9692.42 9694.78 
4.40272 7.94691 19.2317 9692.5 9695.24 9696.76 
2.47819 4.46893 10.8264 9695.92 9697.45 9698.31 
1.10291 1.98582 4.81391 9698.35 9699.03 9699.41 
0.277478 0.496411 1.20295 9699.81 9699.97 9700.07 
-0.00173286 -0.000564113 0.00332393 9700.29 9700.29 9700.3 
-0.00173286 -0.000564113 0.00332393 9700.29 9700.29 9700.3 
0.231013 0.235716 0.85153 9699.95 9700.12 9700.13 
0.928613 0.933312 3.40723 9698.91 9699.62 9699.62 
2.09068 2.09537 7.6654 9697.18 9698.78 9698.78 
3.71625 3.72093 13.6238 9694.76 9697.6 9697.6 
5.80409 5.80876 21.2798 9691.65 9696.08 9696.09 
8.35253 8.35717 30.6296 9687.85 9694.24 9694.24 
11.3595 11.3641 41.6683 9683.35 9692.06 9692.06 
14.8226 14.8272 54.3911 9678.15 9689.54 9689.55 
18.7391 18.7437 68.7913 9672.26 9686.7 9686.71 
23.106 23.1105 84.8624 9665.67 9683.54 9683.54 
27.9196 27.9241 102.596 9658.38 9680.04 9680.05 
33.1761 33.1805 121.984 9650.39 9676.23 9676.23 
38.8713 38.8758 143.017 9641.69 9672.09 9672.09 
45.0007 45.005 165.685 9632.29 9667.64 9667.64 
51.5593 51.5636 189.976 9622.18 9662.87 9662.87 
58.5418 58.5461 215.88 9611.35 9657.79 9657.8 
65.9424 65.9466 243.382 9599.82 9652.41 9652.42 
73.7557 73.7599 272.473 9587.56 9646.73 9646.73 
81.9734 81.9776 303.13 9574.59 9640.74 9640.75 
90.5917 90.5957 335.35 9560.89 9634.47 9634.47 
99.602 99.606 369.111 9546.47 9627.9 9627.9 
108.997 109.001 404.399 9531.32 9621.05 9621.05 
118.767 118.771 441.188 9515.44 9613.92 9613.93 
128.908 128.912 479.476 9498.82 9606.52 9606.52 
139.409 139.412 519.235 9481.46 9598.85 9598.85 
150.261 150.265 560.449 9463.35 9590.92 9590.92 
161.456 161.46 603.097 9444.5 9582.73 9582.74 
172.982 172.986 647.15 9424.91 9574.3 9574.3 
184.833 184.837 692.604 9404.55 9565.62 9565.62 
196.997 197.001 739.429 9383.44 9556.7 9556.71 
209.464 209.468 787.602 9361.57 9547.56 9547.56 
222.221 222.224 837.093 9338.94 9538.2 9538.2 
235.26 235.263 887.895 9315.54 9528.62 9528.63 
248.569 248.572 939.975 9291.36 9518.84 9518.84 
262.136 262.139 993.308 9266.41 9508.86 9508.86 
275.947 275.95 1047.86 9240.68 9498.69 9498.7 
289.993 289.996 1103.63 9214.17 9488.34 9488.35 
304.26 304.263 1160.57 9186.88 9477.82 9477.83 
318.736 318.739 1218.66 9158.79 9467.14 9467.14 
333.404 333.407 1277.86 9129.92 9456.31 9456.31 
348.257 348.259 1338.17 9100.25 9445.33 9445.33 
363.278 363.28 1399.54 9069.79 9434.21 9434.22 
378.453 378.455 1461.95 9038.53 9422.97 9422.98 
393.765 393.767 1525.36 9006.47 9411.62 9411.63 
409.206 409.208 1589.76 8973.6 9400.17 9400.17 
424.758 424.76 1655.1 8939.93 9388.62 9388.62 
440.407 440.409 1721.37 8905.46 9376.99 9376.99 
456.137 456.139 1788.52 8870.18 9365.28 9365.29 
471.931 471.933 1856.51 8834.09 9353.52 9353.53 
487.778 487.78 1925.34 8797.2 9341.71 9341.72 
503.661 503.662 1994.96 8759.5 9329.86 9329.87 
519.563 519.565 2065.33 8720.99 9317.99 9317.99 
535.466 535.468 2136.42 8681.68 9306.1 9306.11 
551.36 551.361 2208.21 8641.56 9294.21 9294.22 
567.225 567.227 2280.66 8600.65 9282.33 9282.34 
583.046 583.047 2353.74 8558.93 9270.47 9270.48 
598.803 598.804 2427.38 8516.42 9258.65 9258.66 
614.486 614.487 2501.59 8473.12 9246.88 9246.88 
630.074 630.076 2576.32 8429.03 9235.16 9235.17 
645.553 645.554 2651.53 8384.17 9223.52 9223.52 
660.902 660.903 2727.16 8338.53 9211.96 9211.97 
676.11 676.111 2803.21 8292.13 9200.5 9200.5 
691.159 691.16 2879.63 8244.96 9189.15 9189.15 
706.031 706.032 2956.37 8197.05 9177.92 9177.93 
720.708 720.709 3033.39 8148.42 9166.83 9166.83 
735.179 735.18 3110.66 8099.05 9155.88 9155.89 
749.424 749.425 3188.13 8048.97 9145.1 9145.11 
763.428 763.429 3265.77 7998.2 9134.49 9134.5 
777.172 777.173 3343.5 7946.77 9124.07 9124.08 
790.645 790.646 3421.3 7894.68 9113.85 9113.86 
803.829 803.83 3499.13 7841.95 9103.84 9103.84 
816.709 816.71 3576.92 7788.62 9094.05 9094.06 
829.269 829.27 3654.62 7734.72 9084.5 9084.5 
841.493 841.494 3732.16 7680.29 9075.19 9075.2 
853.37 853.371 3809.5 7625.34 9066.15 9066.16 
864.883 864.884 3886.58 7569.94 9057.37 9057.38 
876.019 876.02 3963.3 7514.12 9048.88 9048.89 
886.762 886.763 4039.6 7457.96 9040.68 9040.69 
897.103 897.104 4115.4 7401.5 9032.78 9032.79 
907.026 907.028 4190.6 7344.82 9025.2 9025.21 
916.52 916.522 4265.09 7288.02 9017.94 9017.95 
925.571 925.573 4338.75 7231.19 9011.02 9011.03 
934.171 934.173 4411.46 7174.45 9004.44 9004.45 
942.307 942.309 4483.05 7117.94 8998.21 8998.22 
949.969 949.971 4553.35 7061.82 8992.34 8992.35 
957.145 957.147 4622.13 7006.3 8986.84 8986.85 
963.83 963.832 4689.17 6951.6 8981.71 8981.72 
970.012 970.014 4754.16 6898 8976.97 8976.98 
975.685 975.687 4816.77 6845.84 8972.62 8972.63 
980.839 980.841 4876.56 6795.53 8968.66 8968.67 
985.47 985.472 4933.07 6747.53 8965.1 8965.11 
989.571 989.573 4985.71 6702.41 8961.95 8961.97 
993.136 993.138 5033.82 6660.84 8959.22 8959.23 
996.16 996.162 5076.64 6623.57 8956.89 8956.9 
998.64 998.642 5113.36 6591.4 8954.99 8955 
1000.57 1000.57 5143.1 6565.19 8953.5 8953.51 
1001.95 1001.96 5165.07 6545.75 8952.44 8952.45 
1002.78 1002.79 5178.56 6533.78 8951.8 8951.81 
1003.06 1003.06 5183.11 6529.73 8951.59 8951.6 
