2 0.905635 0.892951 0.889448
4 2.65777 2.50515 2.86031
6 6.66768 6.68489 7.56724
8 12.1748 13.2029 13.9383
10 18.7096 21.0535 20.748
12 27.2466 29.6161 28.841
14 37.8859 38.5834 39.0873
16 48.9014 48.2701 50.2235
18 59.794 60.2456 61.2726
20 72.9834 75.9995 74.1094
22 91.0153 95.1618 91.1911
24 113.782 116.473 112.396
26 139.165 139.578 135.868
28 165.337 164.801 160.727
30 192.66 192.904 188.123
32 223.923 225.752 220.486
34 261.84 265.048 259.616
36 306.246 310.123 304.891
38 354.895 358.995 353.964
40 406.711 411.253 405.593
42 462.676 467.91 460.857
44 523.129 528.593 520.821
46 585.176 590.258 583.411
48 644.397 649.261 644.034
50 699.717 704.901 700.333
52 754.752 760.207 754.938
54 812.858 818.204 811.695
56 873.071 878.493 870.787
58 932.851 938.946 930.004
60 992.129 999.053 988.898
62 1051.96 1059.4 1048.42
64 1111.22 1119.29 1107.69
66 1167.35 1176.96 1164.23
68 1219.47 1231.55 1217.08
70 1269.17 1283.33 1267.44
72 1318.14 1332.54 1316.31
74 1366.17 1379.07 1363.23
76 1412.04 1423.49 1407.92
78 1455.88 1467.28 1451.51
80 1499.3 1511.51 1495.23
82 1542.58 1555.08 1538.5
84 1583.18 1595.09 1579.14
86 1618.16 1629.06 1615.25
88 1647.1 1656.95 1646.31
90 1671.67 1680.66 1672.61
92 1693.05 1701.93 1694.47
94 1711.66 1721.42 1712.64
96 1728.95 1739.77 1729.26
98 1746.88 1757.64 1746.59
100 1765.1 1774.48 1764.5
102 1781.3 1789.14 1780.89
104 1794.89 1802.23 1795.15
106 1807.44 1815.38 1808.66
108 1818.74 1827.63 1821.06
110 1826.04 1835.37 1829.11
112 1828.8 1837.69 1831.72
114 1831.43 1839.19 1833.3
116 1838.95 1845.36 1839.29
118 1851.25 1856.31 1849.71
120 1863.73 1867.22 1859.55
122 1872.37 1874.32 1864.99
124 1876.69 1878.17 1866.6
126 1878.66 1881.27 1867.31
128 1880.58 1885.03 1869.5
130 1883.85 1889.66 1874.22
132 1887.99 1894.45 1880.5
134 1890.33 1897.31 1884.93
136 1888.2 1895.84 1883.99
138 1882.26 1890.36 1878.25
140 1876.72 1884.72 1872.59
142 1875.19 1882.55 1871.14
144 1877.12 1883.31 1873.15
146 1879.15 1883.62 1875.03
148 1879.38 1881.87 1875.13
150 1879.26 1880.02 1874.97
152 1881.35 1880.88 1876.74
154 1886.32 1885.06 1880.95
156 1892.23 1890.74 1886.05
158 1896.26 1895.1 1889.4
160 1896.75 1896.16 1888.96
162 1893.55 1893.78 1884.4
164 1887.48 1889.23 1876.78
166 1880.17 1883.8 1868.07
168 1874.1 1878.45 1861.07
170 1871.68 1874.85 1858.59
172 1873.87 1875.25 1861.33
174 1879.25 1879.74 1866.7
176 1884.57 1884.82 1870.85
178 1887.96 1887.64 1873.01
180 1892.07 1891.24 1877.17
182 1901.29 1900.95 1887.37
184 1915.65 1915.84 1901.92
186 1930.68 1928.9 1915.35
188 1943.17 1936.13 1925.42
190 1953.33 1940.24 1934.52
192 1962.2 1945.16 1944.64
194 1969.72 1951.37 1954.56
196 1974.55 1956.89 1961.57
198 1974.35 1959.96 1964.26
200 1968.75 1960.98 1964.12
202 1961.56 1962.22 1964.71
204 1956.67 1964.46 1967.5
206 1953.17 1965.22 1969.44
208 1948.12 1962.63 1966.52
210 1941.71 1958.11 1958.3
212 1935.72 1952.21 1947.17
214 1929.47 1941.6 1935.31
216 1920.77 1924 1924.5
218 1909.37 1903.55 1916.35
220 1896.88 1887.72 1910.39
222 1884.22 1879.22 1903.07
224 1870.26 1872.91 1890.31
226 1853.18 1860.9 1870.97
228 1833.09 1839.91 1847.1
230 1812.01 1812.75 1821.72
232 1790.28 1782.94 1796.54
234 1764.88 1751.04 1771.39
236 1734.07 1717.44 1745.13
238 1701.2 1685.34 1716.88
240 1669.91 1656.75 1685.92
242 1637.98 1627.59 1651.51
244 1601.46 1591.22 1614.83
246 1563.15 1547.09 1579.73
248 1529.98 1501.56 1547.46
250 1501.85 1459.53 1511.99
252 1469.05 1418.8 1465.69
254 1421.9 1373.62 1409.28
256 1359.03 1320.75 1351.05
258 1287.06 1260.83 1296.32
260 1215.43 1197.31 1241.89
262 1150.64 1136.54 1182.06
264 1093.4 1085.71 1117.63
266 1041.31 1046.05 1056.79
268 992.526 1008.72 1006.31
270 945.294 962.95 963.919
272 897.226 908.476 921.915
274 847.362 854.236 875.246
276 796.379 804.156 822.243
278 744.521 752.58 762.131
280 692.884 696.144 698.377
282 644.961 641.056 640.753
284 602.248 593.646 596.38
286 560.601 550.637 559.762
288 515.066 504.242 517.72
290 465.688 452.836 464.632
292 416.194 402.202 408.516
294 370.355 357.741 360.608
296 330.27 318.592 322.661
298 294.44 280.613 288.092
300 258.424 243.599 252.902
302 221.183 212.076 219.777
304 188.339 188.267 192.047
306 165.05 168.342 169.202
308 148.429 147.572 148.95
310 131.34 125.777 129.693
312 111.563 105.972 110.769
314 93.2369 90.5454 92.8843
316 80.2144 79.8314 77.8904
318 71.5248 72.0675 66.6918
320 63.8261 64.2619 58.2298
322 55.5725 54.6599 50.8414
324 47.1426 44.1658 43.4528
326 38.7865 34.6955 35.7937
328 30.7449 27.3091 28.6341
330 24.3327 22.3611 23.2591
332 20.6937 19.7925 19.9516
334 18.9817 18.6227 17.683
336 17.2882 17.3869 15.5295
338 14.8395 15.454 13.4986
340 12.3174 13.225 11.8964
342 10.6249 11.2626 10.7458
344 9.97215 9.90471 9.93027
346 9.81044 9.33231 9.34718
348 9.44491 9.36181 8.86467
350 8.7793 9.42833 8.40922
352 8.22444 9.1465 8.05204
354 7.9592 8.64782 7.85608
356 7.78228 8.20943 7.72354
358 7.5763 7.8509 7.4964
360 7.38827 7.44021 7.13451
362 7.16586 6.96343 6.73273
364 6.82146 6.53603 6.41531
366 6.43921 6.24457 6.23981
368 6.16321 6.06965 6.16044
370 5.99552 5.93572 6.07298
372 5.84376 5.78834 5.91493
374 5.66932 5.62401 5.71195
376 5.50251 5.46844 5.52366
378 5.36802 5.33869 5.37683
380 5.25581 5.2283 5.26057
382 5.15085 5.12415 5.15694
384 5.05147 5.02337 5.05855
386 4.95703 4.92789 4.96482
388 4.8643 4.83627 4.87439
390 4.77485 4.74743 4.78596
392 4.68951 4.66207 4.70067
394 4.60445 4.57887 4.61848
396 4.51955 4.49674 4.5369
398 4.43795 4.41696 4.45502
400 4.35896 4.33935 4.37422
