0 1 1 1
0.005 0.637062 0.638469 0.636351
0.01 -0.0717318 -0.0685311 -0.0733698
0.015 -0.466028 -0.46399 -0.46681
0.02 -0.353067 -0.354197 -0.351388
0.025 -0.0809255 -0.0835444 -0.078041
0.03 0.00137573 -6.46089e-06 0.00220558
0.035 -0.0821702 -0.0821015 -0.0844534
0.04 -0.122178 -0.122348 -0.124778
0.045 -0.0554239 -0.0565449 -0.0553319
0.05 0.0170053 0.0158807 0.0192286
0.055 0.0243316 0.024222 0.0259618
0.06 0.00126986 0.0020823 0.00123177
0.065 -0.00261454 -0.00183879 -0.00320446
0.07 0.00925519 0.00906442 0.00902033
0.075 0.013145 0.0121008 0.0130113
0.08 0.0078579 0.00739847 0.00774096
0.085 0.00514512 0.00642443 0.0055958
0.09 0.00659016 0.00854486 0.00751088
0.095 0.00643009 0.00666903 0.00663571
0.1 0.00367226 0.00174553 0.00249845
0.105 0.00116776 -0.000463476 -0.000269215
0.11 -0.000248981 0.00057265 -0.000241949
0.115 -0.000891489 0.00118653 0.000661514
0.12 9.92587e-05 0.000494164 0.00153936
0.125 0.00246845 0.000590931 0.00252168
0.13 0.00330458 0.00168566 0.00258956
0.135 0.000888477 0.00155076 0.00076476
0.14 -0.00199649 -0.000309995 -0.00147268
0.145 -0.00157296 -0.00130214 -0.00152295
0.15 0.0013314 0.000207476 0.000600871
0.155 0.00239917 0.00195818 0.00195893
0.16 0.000319286 0.00111483 0.00076644
0.165 -0.00162202 -0.00133206 -0.00124199
0.17 -0.00118918 -0.00223016 -0.00171229
0.175 -0.000531845 -0.00114208 -0.00108193
0.18 -0.00173592 -0.000395391 -0.00115175
0.185 -0.00272902 -0.000835989 -0.00170257
0.19 -0.000866179 -0.000855134 -0.0010509
0.195 0.00209915 0.000226884 0.000667492
0.2 0.00226932 0.000821124 0.00125185
0.205 -0.000540431 -0.000138062 -0.000216781
0.21 -0.00267605 -0.00146136 -0.00189546
0.215 -0.00186475 -0.00158211 -0.00173433
0.22 0.000278277 -0.000618035 -0.000142668
0.225 0.00116533 0.000270769 0.00088643
0.23 0.000462695 0.000500294 0.000490677
0.235 -0.000324214 0.000347738 -0.000298575
0.24 -0.000159001 0.000243293 -0.000281045
0.245 0.000500267 0.000248549 0.000327925
0.25 0.000563528 6.78462e-05 0.000405839
0.255 -0.000253351 -0.000488909 -0.000396744
0.26 -0.000989854 -0.000965972 -0.00110938
0.265 -0.000562916 -0.00052926 -0.000676121
0.27 0.000673984 0.000801525 0.000647854
0.275 0.00119842 0.00169462 0.00154519
0.28 0.00043374 0.00105153 0.00119371
0.285 -0.000321444 -0.000301314 0.000208737
0.29 0.000213355 -0.000560674 -0.000183605
0.295 0.00129186 0.000552289 0.000297724
0.3 0.00117853 0.00139739 0.000693977
0.305 -0.000241697 0.000763552 0.00021089
0.31 -0.00121651 -0.000581536 -0.000613132
0.315 -0.00058408 -0.00113202 -0.000711253
0.32 0.000574903 -0.000586974 -0.000148116
0.325 0.000419867 2.74221e-05 -3.2029e-05
0.33 -0.00110628 -0.00021231 -0.000721076
0.335 -0.00208 -0.000964819 -0.001149
0.34 -0.0011608 -0.00109123 -0.000535074
0.345 0.000533918 -0.000291088 0.00026797
0.35 0.000946397 0.000385415 0.000147536
0.355 -3.8632e-05 0.00019821 -0.000333326
0.36 -0.000593165 -6.70437e-05 0.000129233
0.365 0.000156438 0.000330803 0.00111067
0.37 0.000850435 0.000528322 0.000886788
0.375 0.000222146 -0.000284664 -0.000603768
0.38 -0.000835344 -0.000939105 -0.00129948
0.385 -0.000726844 -0.000136576 -0.000212959
0.39 0.000361958 0.000978658 0.000977751
0.395 0.000862389 0.000531929 0.000595946
0.4 0.000201117 -0.00083577 -0.000537187
0.405 -0.000556828 -0.000984706 -0.000684283
0.41 -0.000369442 0.000242591 0.00013339
0.415 0.000497293 0.00101805 0.000608737
0.42 0.000996813 0.000480728 0.000366932
0.425 0.000595043 -0.000384498 0.000184303
0.43 -0.000163509 -0.000537614 0.000356066
0.435 -0.000352035 1.3003e-05 0.000223229
0.44 0.000103036 0.00061282 -0.000501356
0.445 0.000263873 0.000511066 -0.000983981
0.45 -0.000322535 -0.00042061 -0.00045489
0.455 -0.000716074 -0.00109676 0.000473788
0.46 -3.15357e-05 -0.000339495 0.000564432
0.465 0.000946307 0.00115423 -0.00014399
0.47 0.000923276 0.00142611 -0.000279024
0.475 0.000123478 0.000112551 0.000660488
0.48 -0.000338544 -0.00102941 0.00117655
0.485 -0.000355532 -0.000824265 -3.20368e-05
0.49 -0.000459184 -0.000141466 -0.00166435
0.495 -0.000402755 -3.04018e-05 -0.00135417
0.5 0.000186681 -0.000150926 0.000681549
0.505 0.000650263 0.000177787 0.00171066
0.51 0.000421 0.000708443 0.00061936
0.515 0.00022312 0.000841747 -0.000473471
0.52 0.000590749 0.000566316 0.000145697
0.525 0.000594946 0.000223117 0.00102625
0.53 -0.000335541 2.33349e-05 0.000308189
0.535 -0.000920229 3.87636e-05 -0.000962853
0.54 -0.000159011 0.000164913 -0.000742554
0.545 0.000668449 7.03739e-05 0.000468847
0.55 8.80921e-05 -0.000324701 0.00062021
0.555 -0.000944867 -0.000461495 -0.000389936
0.56 -0.000603372 0.000121245 -0.000777162
0.565 0.000718317 0.000825035 4.60819e-05
0.57 0.00105349 0.000637327 0.000744987
0.575 -4.50898e-06 -0.000249506 0.000397426
0.58 -0.000874693 -0.000544139 -0.000332225
0.585 -0.000602686 9.50428e-05 -0.000621245
0.59 -7.63217e-05 0.000372997 -0.000615459
0.595 -0.000231523 -0.000455066 -0.000637788
0.6 -0.000581912 -0.00109706 -0.000433012
0.605 -0.000340219 -0.000277294 0.000103433
0.61 0.000141596 0.000928404 0.000356233
0.615 7.37494e-05 0.000658107 -7.32383e-05
0.62 -0.000394015 -0.000698015 -0.000538429
0.625 -0.000554234 -0.00111716 -0.000306124
0.63 -0.000339377 -0.000147364 0.000195369
0.635 -0.000131913 0.000653844 0.00012328
0.64 0.000127756 0.000436019 -0.000247399
0.645 0.000525997 8.81014e-05 1.63759e-05
0.65 0.000491518 0.00022419 0.000696621
0.655 -0.000271639 0.000103224 0.00054162
0.66 -0.000749195 -0.000633872 -0.000532589
0.665 1.47661e-05 -0.000830887 -0.000915195
0.67 0.00112508 0.000320265 0.000251042
0.675 0.00105653 0.0015209 0.00147872
0.68 0.000103892 0.00107314 0.00107445
0.685 -0.000196432 -0.000411386 -0.000229741
0.69 0.000372523 -0.00079949 -0.00044709
0.695 0.000646407 0.000313168 0.000519727
0.7 0.000185249 0.00102548 0.000852704
0.705 -0.000327727 0.000137814 -0.000154806
0.71 -0.000531942 -0.00107146 -0.00104435
0.715 -0.000602545 -0.000950513 -0.000641335
0.72 -0.000427922 6.93883e-05 0.000189109
0.725 6.78209e-05 0.000387699 0.000162515
0.73 0.00031241 -0.00025635 -0.000388095
0.735 -3.32715e-05 -0.00060332 -0.000303905
0.74 -0.000251143 3.12168e-05 0.000430026
0.745 0.000238717 0.000758077 0.000769245
0.75 0.000730771 0.000545379 0.000341787
0.755 0.00038047 -0.000275419 -0.000102015
0.76 -0.000318101 -0.000634083 -1.45363e-05
0.765 -0.000369884 -0.000291462 0.000194274
0.77 8.72299e-05 5.93959e-05 5.09771e-05
0.775 0.000209649 3.09343e-05 -0.000131255
0.78 -1.75075e-05 -1.3286e-05 0.000144143
0.785 7.15879e-05 0.000202053 0.000615223
0.79 0.000449416 0.000391665 0.000647163
0.795 0.000441216 0.000272198 0.000266121
0.8 6.06511e-05 -1.429e-05 6.26481e-05
0.805 1.52876e-05 -0.000182705 0.000170466
0.81 0.000356751 -8.62385e-05 0.000161699
0.815 0.000386218 0.000228102 -4.60338e-05
0.82 2.83384e-05 0.000437615 -3.81467e-05
0.825 -3.63139e-05 0.000190321 0.000210584
0.83 0.000240391 -0.000293215 0.000172642
0.835 0.000119478 -0.000374199 -0.000228152
0.84 -0.000445297 -8.7208e-07 -0.000367118
0.845 -0.000504872 0.000218198 3.27497e-05
0.85 0.000292127 0.000139714 0.000436883
0.855 0.000937484 0.000255612 0.000396678
0.86 0.000477775 0.000505655 0.000107616
0.865 -0.000556501 0.000224305 -0.000120871
0.87 -0.000774143 -0.00038136 -0.000186123
0.875 0.000209566 -0.000224534 5.50955e-05
0.88 0.00114728 0.000729217 0.000539428
0.885 0.000801149 0.0010962 0.000645423
0.89 -0.000264219 0.000280249 5.66336e-06
0.895 -0.000513682 -0.000513191 -0.000605907
0.9 0.000180185 -0.000255886 -0.000283608
0.905 0.00048272 0.000384976 0.000455193
0.91 1.86103e-05 0.000424347 0.000434298
0.915 -2.75747e-05 0.000144928 -0.00016976
0.92 0.000709276 0.00022269 -0.000161764
0.925 0.000866999 0.000351038 0.000444131
0.93 -0.000214081 -8.16037e-05 0.00032794
0.935 -0.00108816 -0.000657087 -0.000737495
0.94 -0.000502202 -0.000465385 -0.00118475
0.945 0.000567918 0.000344906 -0.000156615
0.95 0.000565135 0.000624661 0.000884323
0.955 -0.000394974 -0.000195451 0.00024084
0.96 -0.0011759 -0.00136153 -0.0014249
0.965 -0.00135939 -0.00177747 -0.00204269
0.97 -0.00120598 -0.00126477 -0.00108528
0.975 -0.00087142 -0.000608075 -0.000100882
0.98 -0.000595101 -0.000540577 -0.000308933
0.985 -0.000763025 -0.000898793 -0.0010426
0.99 -0.00113778 -0.000966351 -0.00106036
0.995 -0.000955717 -0.000544103 -0.000357782
