    2.9881146301e+02    1.5449765215e+03   -3.1752416642e+05   -5.1357643366e-01   -2.7688352631e-01   -1.5447813824e-02    2.4595100000e+02    4.3026000000e+02    3.3500000000e+00
    2.9935091861e+02    1.5477657258e+03   -3.1751783463e+05   -5.2173488019e-01   -3.8704984664e-01   -1.5793952737e-02    2.4595100000e+02    4.3026000000e+02    3.3500000000e+00
    3.0042817574e+02    1.5533355823e+03   -3.1752381283e+05   -4.2521421199e-01   -5.4021992120e-01   -1.0743504370e-02    2.4595100000e+02    4.3026000000e+02    3.3500000000e+00
    2.9946335792e+02    1.5483470827e+03   -3.1751769362e+05   -4.4901074330e-01   -4.5516638053e-01   -1.0656379953e-02    2.4595100000e+02    4.3026000000e+02    3.3500000000e+00
    3.0087104212e+02    1.5556253812e+03   -3.1752665946e+05   -3.4041739729e-01   -4.3700221583e-01   -7.1707409112e-03    2.4595100000e+02    4.3026000000e+02    3.3500000000e+00
    2.9893449936e+02    1.5456126693e+03   -3.1751567565e+05   -2.7149965202e-01   -4.1325949330e-01   -1.1111761338e-02    2.4595100000e+02    4.3026000000e+02    3.3500000000e+00
    3.0118362740e+02    1.5572415740e+03   -3.1752811331e+05   -4.5253261371e-01   -3.3294616060e-01   -8.0737672382e-03    2.4595100000e+02    4.3026000000e+02    3.3500000000e+00
    3.0004896143e+02    1.5513748905e+03   -3.1752123461e+05   -4.3442847519e-01   -3.8677459429e-01   -1.3253467340e-02    2.4595100000e+02    4.3026000000e+02    3.3500000000e+00
    3.0039958355e+02    1.5531877491e+03   -3.1752539306e+05   -2.4611606058e-01   -2.7845278514e-01   -6.0003039840e-03    2.4595100000e+02    4.3026000000e+02    3.3500000000e+00
    3.0009758228e+02    1.5516262800e+03   -3.1752287353e+05   -2.4659995365e-01   -3.7642049927e-01   -6.1718177852e-03    2.4595100000e+02    4.3026000000e+02    3.3500000000e+00
    3.0007367179e+02    1.5515026530e+03   -3.1752132200e+05   -4.4333203168e-01   -3.3146961881e-01   -1.1261695076e-02    2.4595100000e+02    4.3026000000e+02    3.3500000000e+00
    2.9975337661e+02    1.5498465970e+03   -3.1751947446e+05   -4.0702518776e-01   -3.5658344947e-01   -8.6439438244e-03    2.4595100000e+02    4.3026000000e+02    3.3500000000e+00
    3.0104711110e+02    1.5565357293e+03   -3.1752699426e+05   -2.8373856306e-01   -3.7481661808e-01   -7.7102819603e-03    2.4595100000e+02    4.3026000000e+02    3.3500000000e+00
    3.0015394361e+02    1.5519176910e+03   -3.1752132359e+05   -4.5021698958e-01   -3.1914365392e-01   -8.8415027883e-03    2.4595100000e+02    4.3026000000e+02    3.3500000000e+00
    2.9955939103e+02    1.5488436128e+03   -3.1751878215e+05   -1.8267766197e-01   -3.2052016065e-01   -4.1287537259e-03    2.4595100000e+02    4.3026000000e+02    3.3500000000e+00
    3.0191497136e+02    1.5610229190e+03   -3.1753156539e+05   -2.3004261663e-01   -3.9265868930e-01   -3.4961090209e-04    2.4595100000e+02    4.3026000000e+02    3.3500000000e+00
    3.0026972102e+02    1.5525163071e+03   -3.1752180578e+05   -4.0302517886e-01   -4.1020934131e-01   -7.4472865438e-03    2.4595100000e+02    4.3026000000e+02    3.3500000000e+00
    2.9982310146e+02    1.5502071027e+03   -3.1752052669e+05   -2.5724938078e-01   -3.2998613782e-01   -6.2757040160e-03    2.4595100000e+02    4.3026000000e+02    3.3500000000e+00
    3.0105546677e+02    1.5565789315e+03   -3.1752583899e+05   -2.4709918104e-01   -3.5952501624e-01    4.5088289687e-03    2.4595100000e+02    4.3026000000e+02    3.3500000000e+00
    2.9883809063e+02    1.5451141971e+03   -3.1751251874e+05   -3.0876863075e-01   -4.0166836375e-01   -4.2197987578e-03    2.4595100000e+02    4.3026000000e+02    3.3500000000e+00
    2.9960052216e+02    1.5490562775e+03   -3.1751975261e+05   -2.5490745529e-01   -2.8007748666e-01   -4.6671700109e-03    2.4595100000e+02    4.3026000000e+02    3.3500000000e+00
    2.9908021491e+02    1.5463660778e+03   -3.1751639826e+05   -2.5068672245e-01   -4.0345884517e-01   -5.3223986890e-03    2.4595100000e+02    4.3026000000e+02    3.3500000000e+00
    2.9979826298e+02    1.5500786778e+03   -3.1751957833e+05   -3.4933464830e-01   -3.7647599063e-01   -3.6736985265e-03    2.4595100000e+02    4.3026000000e+02    3.3500000000e+00
    3.0011360276e+02    1.5517091124e+03   -3.1752192213e+05   -3.4762629625e-01   -4.2629054911e-01   -1.0021734890e-02    2.4595100000e+02    4.3026000000e+02    3.3500000000e+00
    2.9961217562e+02    1.5491165306e+03   -3.1751990210e+05   -1.6191661585e-01   -3.4293471342e-01   -6.5075486183e-03    2.4595100000e+02    4.3026000000e+02    3.3500000000e+00
    3.0024776431e+02    1.5524027820e+03   -3.1752223116e+05   -2.6144056920e-01   -3.5102901089e-01   -4.6679622304e-03    2.4595100000e+02    4.3026000000e+02    3.3500000000e+00
    2.9966749516e+02    1.5494025550e+03   -3.1751801707e+05   -2.6680346718e-01   -2.5988305551e-01   -6.8387791811e-03    2.4595100000e+02    4.3026000000e+02    3.3500000000e+00
    2.9918340830e+02    1.5468996295e+03   -3.1751736004e+05   -2.1718619898e-01   -3.2754237504e-01   -7.5904262398e-03    2.4595100000e+02    4.3026000000e+02    3.3500000000e+00
    3.0030304497e+02    1.5526886055e+03   -3.1752289784e+05   -2.3983617584e-01   -2.8605988201e-01   -4.2765457905e-03    2.4595100000e+02    4.3026000000e+02    3.3500000000e+00
    2.9950569869e+02    1.5485660016e+03   -3.1751623021e+05   -4.8954212204e-01   -3.3462826761e-01   -7.3027760593e-03    2.4595100000e+02    4.3026000000e+02    3.3500000000e+00
    2.9988208217e+02    1.5505120569e+03   -3.1752001639e+05   -3.2648101547e-01   -3.9430215314e-01   -3.8180546672e-03    2.4595100000e+02    4.3026000000e+02    3.3500000000e+00
    3.0059411715e+02    1.5541935668e+03   -3.1752409397e+05   -2.6373777991e-01   -3.3698699602e-01   -4.7520381272e-03    2.4595100000e+02    4.3026000000e+02    3.3500000000e+00
    3.0059794644e+02    1.5542133657e+03   -3.1752278156e+05   -3.7077995808e-01   -3.6983793854e-01   -3.8309112294e-03    2.4595100000e+02    4.3026000000e+02    3.3500000000e+00
    2.9992606590e+02    1.5507394707e+03   -3.1752143952e+05   -1.2320595150e-01   -3.3758244379e-01   -5.7695489956e-04    2.4595100000e+02    4.3026000000e+02    3.3500000000e+00
    3.0086799746e+02    1.5556096391e+03   -3.1752488941e+05   -2.4072417021e-01   -2.9455511177e-01   -3.0868584587e-03    2.4595100000e+02    4.3026000000e+02    3.3500000000e+00
    2.9949503566e+02    1.5485108694e+03   -3.1751756911e+05   -3.3421411866e-01   -3.2770102857e-01   -9.4404522653e-03    2.4595100000e+02    4.3026000000e+02    3.3500000000e+00
    3.0036792892e+02    1.5530240818e+03   -3.1752268336e+05   -2.2728037446e-01   -4.0570132185e-01   -4.2214400028e-03    2.4595100000e+02    4.3026000000e+02    3.3500000000e+00
    2.9904747552e+02    1.5461968019e+03   -3.1751659534e+05   -2.5144203025e-01   -3.7387913430e-01   -5.8168411268e-03    2.4595100000e+02    4.3026000000e+02    3.3500000000e+00
    3.0154233802e+02    1.5590962534e+03   -3.1752963025e+05   -3.1746072185e-01   -2.8729179498e-01    1.6742369842e-03    2.4595100000e+02    4.3026000000e+02    3.3500000000e+00
    2.9939400399e+02    1.5479884947e+03   -3.1751629687e+05   -3.1995730988e-01   -3.8041523177e-01   -9.6209166841e-03    2.4595100000e+02    4.3026000000e+02    3.3500000000e+00
    3.0023199529e+02    1.5523212498e+03   -3.1752256541e+05   -2.6682938104e-01   -4.3716599230e-01   -3.9942613254e-03    2.4595100000e+02    4.3026000000e+02    3.3500000000e+00
    3.0033795079e+02    1.5528690827e+03   -3.1752054008e+05   -3.6031736880e-01   -4.6853639833e-01   -3.7771477786e-03    2.4595100000e+02    4.3026000000e+02    3.3500000000e+00
    3.0144052896e+02    1.5585698593e+03   -3.1752891767e+05   -2.3875194611e-01   -2.8332503806e-01   -2.6751317797e-03    2.4595100000e+02    4.3026000000e+02    3.3500000000e+00
    3.0085647665e+02    1.5555500718e+03   -3.1752520679e+05   -2.0695669967e-01   -2.8518167985e-01    2.7463567969e-04    2.4595100000e+02    4.3026000000e+02    3.3500000000e+00
    2.9960951666e+02    1.5491027827e+03   -3.1751887181e+05   -1.4751588126e-01   -3.1819054052e-01   -3.6229084741e-03    2.4595100000e+02    4.3026000000e+02    3.3500000000e+00
    3.0048799849e+02    1.5536448902e+03   -3.1752380118e+05   -2.0139163990e-01   -2.3739009914e-01   -2.8846688506e-03    2.4595100000e+02    4.3026000000e+02    3.3500000000e+00
    2.9968138593e+02    1.5494743759e+03   -3.1751973687e+05   -2.3800156061e-01   -2.5565517263e-01   -5.1772311877e-04    2.4595100000e+02    4.3026000000e+02    3.3500000000e+00
    3.0119226910e+02    1.5572862551e+03   -3.1752516004e+05   -2.8593716862e-01   -2.7939324448e-01   -9.5238274189e-04    2.4595100000e+02    4.3026000000e+02    3.3500000000e+00
    3.0095226075e+02    1.5560453145e+03   -3.1752396365e+05   -3.3524304383e-01   -2.7497691340e-01    2.6635480115e-03    2.4595100000e+02    4.3026000000e+02    3.3500000000e+00
    2.9852824050e+02    1.5435121461e+03   -3.1751311472e+05   -3.1622401399e-01   -3.4006472987e-01   -4.3246893911e-03    2.4595100000e+02    4.3026000000e+02    3.3500000000e+00
    3.0078378765e+02    1.5551742402e+03   -3.1752498296e+05   -2.1063801081e-01   -3.6719947684e-01   -4.7057513789e-03    2.4595100000e+02    4.3026000000e+02    3.3500000000e+00
    3.0064021350e+02    1.5544319036e+03   -3.1752330270e+05   -1.9091186032e-01   -3.4718226755e-01   -8.5061229214e-03    2.4595100000e+02    4.3026000000e+02    3.3500000000e+00
    3.0073961888e+02    1.5549458698e+03   -3.1752477549e+05   -4.1546651425e-02   -3.1515775506e-01   -3.0128586390e-03    2.4595100000e+02    4.3026000000e+02    3.3500000000e+00
    3.0087228829e+02    1.5556318244e+03   -3.1752727988e+05   -5.4744985102e-02   -2.5895653925e-01   -4.6456705288e-03    2.4595100000e+02    4.3026000000e+02    3.3500000000e+00
    3.0024411319e+02    1.5523839043e+03   -3.1752142547e+05   -2.4616445155e-01   -4.4722125868e-01   -8.5604337557e-03    2.4595100000e+02    4.3026000000e+02    3.3500000000e+00
    2.9955844996e+02    1.5488387471e+03   -3.1751806110e+05   -1.9107862006e-01   -3.5719933626e-01   -5.9973719935e-03    2.4595100000e+02    4.3026000000e+02    3.3500000000e+00
    3.0004813510e+02    1.5513706180e+03   -3.1752039772e+05   -3.0018705285e-01   -3.6168973743e-01   -1.1842746334e-02    2.4595100000e+02    4.3026000000e+02    3.3500000000e+00
    2.9890703892e+02    1.5454706877e+03   -3.1751486173e+05   -3.4397132590e-01   -3.3756312320e-01   -1.2202813618e-02    2.4595100000e+02    4.3026000000e+02    3.3500000000e+00
    2.9961302110e+02    1.5491209021e+03   -3.1751965552e+05   -3.3230744853e-01   -3.2665292913e-01   -6.7839460126e-03    2.4595100000e+02    4.3026000000e+02    3.3500000000e+00
    3.0037546905e+02    1.5530630674e+03   -3.1752257742e+05   -3.1275647777e-01   -2.8085879310e-01   -6.2403912367e-03    2.4595100000e+02    4.3026000000e+02    3.3500000000e+00
    3.0019551979e+02    1.5521326567e+03   -3.1752241205e+05   -1.5983468113e-01   -2.2655104471e-01   -3.2189050812e-03    2.4595100000e+02    4.3026000000e+02    3.3500000000e+00
    2.9948677430e+02    1.5484681549e+03   -3.1751751757e+05   -2.7575440823e-01   -2.9279802092e-01   -2.7523698241e-03    2.4595100000e+02    4.3026000000e+02    3.3500000000e+00
    2.9799179293e+02    1.5407384945e+03   -3.1751008625e+05   -2.1503093294e-01   -3.3156426843e-01   -9.7377857166e-03    2.4595100000e+02    4.3026000000e+02    3.3500000000e+00
    3.0031240180e+02    1.5527369841e+03   -3.1752348013e+05   -2.0267807136e-01   -2.8524972541e-01   -1.4015400971e-03    2.4595100000e+02    4.3026000000e+02    3.3500000000e+00
    2.9937909207e+02    1.5479113940e+03   -3.1751516842e+05   -2.7029302904e-01   -5.1652359646e-01   -9.8875302249e-03    2.4595100000e+02    4.3026000000e+02    3.3500000000e+00
    3.0006261911e+02    1.5514455062e+03   -3.1752114841e+05   -2.4587638970e-01   -2.6100481005e-01   -1.9338738147e-03    2.4595100000e+02    4.3026000000e+02    3.3500000000e+00
    3.0024597166e+02    1.5523935133e+03   -3.1752176901e+05   -2.5186153581e-01   -2.7519684594e-01   -3.6829668002e-03    2.4595100000e+02    4.3026000000e+02    3.3500000000e+00
    3.0165448562e+02    1.5596761021e+03   -3.1752945284e+05   -2.6834850437e-01   -3.1664085938e-01   -3.6248105046e-03    2.4595100000e+02    4.3026000000e+02    3.3500000000e+00
    3.0077159088e+02    1.5551111780e+03   -3.1752473501e+05   -3.2953606366e-01   -2.0053307778e-01   -3.5177310329e-03    2.4595100000e+02    4.3026000000e+02    3.3500000000e+00
    3.0044186149e+02    1.5534063432e+03   -3.1752413556e+05   -2.6143320215e-01   -2.5475437096e-01    4.1592796143e-03    2.4595100000e+02    4.3026000000e+02    3.3500000000e+00
    3.0053971137e+02    1.5539122668e+03   -3.1752404596e+05   -2.2480513964e-01   -4.2928360888e-01   -2.5126132401e-03    2.4595100000e+02    4.3026000000e+02    3.3500000000e+00
    3.0063511008e+02    1.5544055168e+03   -3.1752273913e+05   -3.6557041666e-01   -3.4042632346e-01   -9.2548146317e-04    2.4595100000e+02    4.3026000000e+02    3.3500000000e+00
    2.9834484401e+02    1.5425639119e+03   -3.1751315356e+05   -2.3080900235e-01   -2.8948745404e-01   -5.3897450004e-03    2.4595100000e+02    4.3026000000e+02    3.3500000000e+00
    2.9838025322e+02    1.5427469918e+03   -3.1751233029e+05   -2.2383275130e-01   -3.6705159581e-01   -5.7743779705e-03    2.4595100000e+02    4.3026000000e+02    3.3500000000e+00
    3.0068787288e+02    1.5546783219e+03   -3.1752525489e+05   -2.5949883706e-01   -2.2760402014e-01    2.5295261621e-03    2.4595100000e+02    4.3026000000e+02    3.3500000000e+00
    2.9964981956e+02    1.5493111650e+03   -3.1751836497e+05   -3.2595795869e-01   -3.9431043034e-01   -5.1250067707e-03    2.4595100000e+02    4.3026000000e+02    3.3500000000e+00
    2.9920604849e+02    1.5470166885e+03   -3.1751719355e+05   -2.5941424591e-01   -2.4736411496e-01   -2.4222357744e-03    2.4595100000e+02    4.3026000000e+02    3.3500000000e+00
    2.9743767125e+02    1.5378734606e+03   -3.1750842575e+05   -3.1060162858e-01   -2.3435397372e-01   -1.9787244837e-03    2.4595100000e+02    4.3026000000e+02    3.3500000000e+00
    2.9794560056e+02    1.5404996612e+03   -3.1750943874e+05   -3.1676554882e-01   -2.9214254952e-01   -4.4939134792e-03    2.4595100000e+02    4.3026000000e+02    3.3500000000e+00
    3.0040955920e+02    1.5532393272e+03   -3.1752160697e+05   -2.3563869347e-01   -3.0515237793e-01   -2.9521841025e-03    2.4595100000e+02    4.3026000000e+02    3.3500000000e+00
    3.0022459505e+02    1.5522829876e+03   -3.1752276005e+05   -9.8813247437e-02   -2.3917044596e-01   -2.7926694399e-03    2.4595100000e+02    4.3026000000e+02    3.3500000000e+00
    2.9947082848e+02    1.5483857085e+03   -3.1751685417e+05   -1.0031524725e-01   -3.0766219950e-01   -7.5955486421e-03    2.4595100000e+02    4.3026000000e+02    3.3500000000e+00
    3.0025249475e+02    1.5524272403e+03   -3.1752190149e+05   -7.8452675893e-02   -2.2984267086e-01   -1.5226937372e-03    2.4595100000e+02    4.3026000000e+02    3.3500000000e+00
    2.9899017250e+02    1.5459005220e+03   -3.1751455934e+05   -1.6100039960e-01   -2.8170939581e-01   -4.8253323912e-03    2.4595100000e+02    4.3026000000e+02    3.3500000000e+00
    2.9966417494e+02    1.5493853881e+03   -3.1751774297e+05   -1.8018512108e-01   -2.5538535333e-01   -3.0456347810e-03    2.4595100000e+02    4.3026000000e+02    3.3500000000e+00
    3.0084016375e+02    1.5554657275e+03   -3.1752499144e+05   -1.9479707521e-01   -1.8587170614e-01    1.3861925801e-03    2.4595100000e+02    4.3026000000e+02    3.3500000000e+00
    2.9845390433e+02    1.5431277980e+03   -3.1751242525e+05   -1.7729567240e-01   -1.6148609501e-01   -2.9800274604e-03    2.4595100000e+02    4.3026000000e+02    3.3500000000e+00
    2.9824802433e+02    1.5420633148e+03   -3.1751014427e+05   -2.7104530175e-01   -2.3574194511e-01   -5.4350568502e-03    2.4595100000e+02    4.3026000000e+02    3.3500000000e+00
    3.0014221421e+02    1.5518570452e+03   -3.1752140901e+05   -2.4617706939e-01   -2.5122228379e-01   -6.5789987072e-03    2.4595100000e+02    4.3026000000e+02    3.3500000000e+00
    2.9887909439e+02    1.5453262031e+03   -3.1751450874e+05   -1.9352683284e-01   -1.7154395990e-01   -5.2248017247e-03    2.4595100000e+02    4.3026000000e+02    3.3500000000e+00
    3.0029186515e+02    1.5526308013e+03   -3.1752155106e+05   -2.4818471777e-01   -2.3010537577e-01   -2.8335596569e-03    2.4595100000e+02    4.3026000000e+02    3.3500000000e+00
    2.9961732019e+02    1.5491431301e+03   -3.1751830643e+05   -2.0547716276e-01   -2.3704259411e-01   -4.7141657160e-03    2.4595100000e+02    4.3026000000e+02    3.3500000000e+00
    2.9912344824e+02    1.5465896117e+03   -3.1751620736e+05   -2.2023723676e-01   -2.6144771005e-01   -7.1828184923e-03    2.4595100000e+02    4.3026000000e+02    3.3500000000e+00
    3.0155625605e+02    1.5591682153e+03   -3.1752881958e+05   -1.9773895761e-01   -2.6087727848e-01    1.0896163073e-03    2.4595100000e+02    4.3026000000e+02    3.3500000000e+00
    2.9882230928e+02    1.5450326011e+03   -3.1751469477e+05   -2.3230953725e-01   -2.2293595233e-01   -5.2314497288e-03    2.4595100000e+02    4.3026000000e+02    3.3500000000e+00
    2.9937859458e+02    1.5479088218e+03   -3.1751852000e+05   -1.7736399240e-01   -1.9186605744e-01   -3.4245213083e-03    2.4595100000e+02    4.3026000000e+02    3.3500000000e+00
    2.9980483764e+02    1.5501126714e+03   -3.1751801683e+05   -2.3525792007e-01   -2.9273361876e-01   -5.7145614428e-03    2.4595100000e+02    4.3026000000e+02    3.3500000000e+00
    3.0085219637e+02    1.5555279411e+03   -3.1752479175e+05   -2.2654221946e-01   -2.6034269621e-01   -7.2307896411e-03    2.4595100000e+02    4.3026000000e+02    3.3500000000e+00
    3.0140920833e+02    1.5584079189e+03   -3.1752702612e+05   -2.9274552852e-01   -3.5351381583e-01   -4.0948367588e-03    2.4595100000e+02    4.3026000000e+02    3.3500000000e+00
    3.0137039642e+02    1.5582072456e+03   -3.1752697681e+05   -2.2294455085e-01   -1.9033757598e-01   -2.1762545330e-03    2.4595100000e+02    4.3026000000e+02    3.3500000000e+00
