  9.8000000e-01 -2.6153670e+04
  9.8100000e-01 -2.6179308e+04
  9.8200000e-01 -2.6203469e+04
  9.8300000e-01 -2.6226318e+04
  9.8400000e-01 -2.6247750e+04
  9.8500000e-01 -2.6267904e+04
  9.8600000e-01 -2.6286696e+04
  9.8700000e-01 -2.6304076e+04
  9.8800000e-01 -2.6320167e+04
  9.8900000e-01 -2.6334916e+04
  9.9000000e-01 -2.6348391e+04
  9.9100000e-01 -2.6360509e+04
  9.9200000e-01 -2.6371298e+04
  9.9300000e-01 -2.6380895e+04
  9.9400000e-01 -2.6389234e+04
  9.9500000e-01 -2.6396260e+04
  9.9600000e-01 -2.6402031e+04
  9.9700000e-01 -2.6406542e+04
  9.9800000e-01 -2.6409848e+04
  9.9900000e-01 -2.6411971e+04
  1.0000000e+00 -2.6412904e+04
  1.0010000e+00 -2.6412569e+04
  1.0020000e+00 -2.6411175e+04
  1.0030000e+00 -2.6408539e+04
  1.0040000e+00 -2.6404762e+04
  1.0050000e+00 -2.6399869e+04
  1.0060000e+00 -2.6393828e+04
  1.0070000e+00 -2.6386751e+04
  1.0080000e+00 -2.6378484e+04
  1.0090000e+00 -2.6369186e+04
  1.0100000e+00 -2.6358847e+04
  1.0110000e+00 -2.6347404e+04
  1.0120000e+00 -2.6334875e+04
  1.0130000e+00 -2.6321346e+04
  1.0140000e+00 -2.6306814e+04
  1.0150000e+00 -2.6291207e+04
  1.0160000e+00 -2.6274648e+04
  1.0170000e+00 -2.6257133e+04
  1.0180000e+00 -2.6238558e+04
  1.0190000e+00 -2.6219031e+04
  1.0200000e+00 -2.6198560e+04
  1.0210000e+00 -2.6177111e+04
  1.0220000e+00 -2.6154780e+04
  1.0230000e+00 -2.6131496e+04
  1.0240000e+00 -2.6107278e+04
  1.0250000e+00 -2.6082162e+04
  1.0260000e+00 -2.6056139e+04
  1.0270000e+00 -2.6029165e+04
  1.0280000e+00 -2.6001323e+04
  1.0290000e+00 -2.5972607e+04
  1.0300000e+00 -2.5943115e+04
