2.37788 2.10761 2.46869 0.0294039 0.00252341 -0.0212338 -4.51884e+06 -4.51884e+06 -4.51884e+06 -4.51884e+06 -4.51884e+06 -4.51884e+06
1.90487 2.11578 1.9658 0.0413867 -0.0101418 -0.0138713 -4.51884e+06 -4.51884e+06 -4.51884e+06 -4.51884e+06 -4.51884e+06 -4.51884e+06
2.28508 2.29295 2.19405 0.0100019 0.00753697 0.0102087 -4.51884e+06 -4.51884e+06 -4.51884e+06 -4.51884e+06 -4.51884e+06 -4.51884e+06
1.81105 2.12492 2.00287 0.0163037 0.00683526 -0.0127072 -4.51884e+06 -4.51884e+06 -4.51884e+06 -4.51884e+06 -4.51884e+06 -4.51884e+06
2.42805 2.17217 2.3725 -0.000778768 -0.0209612 0.0130479 -4.51884e+06 -4.51884e+06 -4.51884e+06 -4.51884e+06 -4.51884e+06 -4.51884e+06
2.09956 2.43514 2.22035 0.00733395 0.0207212 0.00058368 -4.51884e+06 -4.51884e+06 -4.51884e+06 -4.51884e+06 -4.51884e+06 -4.51884e+06
2.15889 2.06346 2.14092 -0.000457449 -0.024239 -0.00446572 -4.51884e+06 -4.51884e+06 -4.51884e+06 -4.51884e+06 -4.51884e+06 -4.51884e+06
1.83875 1.84694 1.81621 0.0205996 -0.013178 0.00653952 -4.51884e+06 -4.51884e+06 -4.51884e+06 -4.51884e+06 -4.51884e+06 -4.51884e+06
2.26244 2.31755 2.14213 0.0150868 0.00256491 0.00439681 -4.51884e+06 -4.51884e+06 -4.51884e+06 -4.51884e+06 -4.51884e+06 -4.51884e+06
1.93958 2.12627 1.89699 -0.0223473 0.0335579 0.000590584 -4.51884e+06 -4.51884e+06 -4.51884e+06 -4.51884e+06 -4.51884e+06 -4.51884e+06
2.00258 2.05222 1.89705 -0.0248705 0.000582504 0.000333081 -4.51884e+06 -4.51884e+06 -4.51884e+06 -4.51884e+06 -4.51884e+06 -4.51884e+06
2.5003 2.43752 2.6412 0.0440428 0.0656886 0.0339694 -4.51884e+06 -4.51884e+06 -4.51884e+06 -4.51884e+06 -4.51884e+06 -4.51884e+06
2.02543 2.31276 2.27553 -0.00305826 -0.00753366 -0.0117384 -4.51884e+06 -4.51884e+06 -4.51884e+06 -4.51884e+06 -4.51884e+06 -4.51884e+06
1.40723 1.40775 1.40582 0.000147831 -8.62516e-05 0.000137037 -4.51884e+06 -4.51884e+06 -4.51884e+06 -4.51884e+06 -4.51884e+06 -4.51884e+06
1.40649 1.40717 1.40639 4.53442e-05 1.5949e-05 -5.15009e-05 -4.51884e+06 -4.51884e+06 -4.51884e+06 -4.51884e+06 -4.51884e+06 -4.51884e+06
1.97766 2.00822 2.04782 -0.0097446 -0.0186797 -0.0289743 -4.51884e+06 -4.51884e+06 -4.51884e+06 -4.51884e+06 -4.51884e+06 -4.51884e+06
2.02779 1.90532 1.99986 0.00226334 -0.0204956 -0.00126903 -4.51884e+06 -4.51884e+06 -4.51884e+06 -4.51884e+06 -4.51884e+06 -4.51884e+06
2.27705 2.15268 2.6796 -0.0581174 0.0290235 -0.0568756 -4.51884e+06 -4.51884e+06 -4.51884e+06 -4.51884e+06 -4.51884e+06 -4.51884e+06
1.40592 1.40748 1.40773 -2.16275e-05 0.000131435 9.63792e-05 -4.51884e+06 -4.51884e+06 -4.51884e+06 -4.51884e+06 -4.51884e+06 -4.51884e+06
1.40592 1.40743 1.40667 1.38283e-05 1.93208e-05 6.15225e-05 -4.51884e+06 -4.51884e+06 -4.51884e+06 -4.51884e+06 -4.51884e+06 -4.51884e+06
1.9867 2.10868 1.96502 -0.0260413 0.0493514 -0.0136091 -4.51884e+06 -4.51884e+06 -4.51884e+06 -4.51884e+06 -4.51884e+06 -4.51884e+06
2.71902 2.45796 2.39499 -0.0233141 0.0625273 0.0140225 -4.51884e+06 -4.51884e+06 -4.51884e+06 -4.51884e+06 -4.51884e+06 -4.51884e+06
2.01855 2.00722 2.02843 -0.0097416 -0.0107285 0.00493201 -4.51884e+06 -4.51884e+06 -4.51884e+06 -4.51884e+06 -4.51884e+06 -4.51884e+06
2.0142 2.04434 2.04644 0.000872166 -0.00656275 0.00560346 -4.51884e+06 -4.51884e+06 -4.51884e+06 -4.51884e+06 -4.51884e+06 -4.51884e+06
2.50268 2.33226 2.51554 0.023328 -0.00235847 -0.00558062 -4.51884e+06 -4.51884e+06 -4.51884e+06 -4.51884e+06 -4.51884e+06 -4.51884e+06
