100     0.14235    0.01523    0.01788    0.10924      0.10004      
200     0.13492    0.01559    0.01854    0.10079      0.08187      
300     0.12967    0.01604    0.01911    0.09452      0.07607      
400     0.12348    0.01639    0.01975    0.08734      0.07600      
500     0.11036    0.01672    0.02029    0.07335      0.06009      
600     0.11117    0.01717    0.02081    0.07318      0.05437      
700     0.11139    0.01745    0.02122    0.07271      0.06572      
800     0.11086    0.01764    0.02153    0.07169      0.05475      
900     0.10677    0.01775    0.02182    0.06720      0.05272      
1000    0.10483    0.01788    0.02198    0.06497      0.05139      
1100    0.10318    0.01821    0.02246    0.06251      0.04311      
1200    0.10404    0.01846    0.02280    0.06277      0.05206      
1300    0.10243    0.01868    0.02304    0.06072      0.04441      
1400    0.10124    0.01885    0.02327    0.05912      0.04046      
1500    0.10095    0.01894    0.02354    0.05847      0.04237      
1600    0.09879    0.01898    0.02363    0.05618      0.03850      
1700    0.09832    0.01911    0.02383    0.05539      0.04311      
1800    0.09743    0.01902    0.02376    0.05466      0.04123      
1900    0.09685    0.01899    0.02370    0.05416      0.03986      
2000    0.09603    0.01919    0.02395    0.05289      0.04053      
2100    0.09518    0.01913    0.02395    0.05210      0.03947      
2200    0.09431    0.01911    0.02393    0.05127      0.03551      
2300    0.09239    0.01913    0.02399    0.04927      0.03488      
2400    0.09193    0.01909    0.02401    0.04883      0.03396      
2500    0.09033    0.01904    0.02398    0.04732      0.03259      
2600    0.08952    0.01891    0.02388    0.04672      0.03477      
2700    0.08880    0.01907    0.02406    0.04567      0.03622      
2800    0.08892    0.01897    0.02400    0.04595      0.03689      
2900    0.08846    0.01863    0.02371    0.04612      0.03732      
3000    0.08645    0.01857    0.02365    0.04424      0.03460      
3100    0.08598    0.01833    0.02349    0.04415      0.03166      
3200    0.08439    0.01824    0.02334    0.04282      0.02964      
3300    0.08379    0.01798    0.02317    0.04264      0.02893      
3400    0.08348    0.01799    0.02317    0.04232      0.03168      
3500    0.08246    0.01796    0.02317    0.04133      0.02961      
3600    0.08235    0.01786    0.02316    0.04133      0.02984      
3700    0.08161    0.01765    0.02298    0.04098      0.02964      
3800    0.08064    0.01753    0.02275    0.04036      0.03067      
3900    0.08059    0.01747    0.02272    0.04040      0.02928      
4000    0.07966    0.01734    0.02256    0.03976      0.03010      
4100    0.07914    0.01724    0.02243    0.03947      0.02990      
4200    0.07897    0.01710    0.02228    0.03960      0.03065      
4300    0.07802    0.01677    0.02193    0.03932      0.02881      
4400    0.07699    0.01659    0.02170    0.03870      0.02833      
4500    0.07678    0.01640    0.02150    0.03888      0.03124      
4600    0.07583    0.01622    0.02129    0.03832      0.02969      
4700    0.07539    0.01585    0.02088    0.03866      0.03153      
4800    0.07432    0.01553    0.02050    0.03829      0.03148      
4900    0.07395    0.01535    0.02024    0.03836      0.03174      
5000    0.07367    0.01531    0.02020    0.03816      0.03003      
5100    0.07236    0.01490    0.01977    0.03769      0.02996      
5200    0.07181    0.01470    0.01955    0.03755      0.03114      
5300    0.07092    0.01442    0.01918    0.03731      0.02933      
5400    0.07031    0.01419    0.01885    0.03727      0.02800      
5500    0.06935    0.01370    0.01840    0.03725      0.02933      
5600    0.06889    0.01338    0.01803    0.03748      0.02980      
5700    0.06807    0.01307    0.01768    0.03731      0.02894      
5800    0.06741    0.01289    0.01744    0.03709      0.02780      
5900    0.06686    0.01259    0.01723    0.03704      0.02725      
6000    0.06636    0.01239    0.01691    0.03705      0.03044      
6100    0.06576    0.01208    0.01659    0.03709      0.03104      
6200    0.06493    0.01177    0.01622    0.03694      0.03067      
6300    0.06445    0.01156    0.01596    0.03692      0.02958      
6400    0.06398    0.01137    0.01580    0.03681      0.03077      
6500    0.06346    0.01126    0.01562    0.03658      0.02934      
6600    0.06286    0.01091    0.01529    0.03666      0.03070      
6700    0.06254    0.01071    0.01495    0.03688      0.03050      
6800    0.06206    0.01045    0.01467    0.03694      0.02799      
6900    0.06120    0.01018    0.01438    0.03664      0.03038      
7000    0.06085    0.00998    0.01414    0.03673      0.02871      
7100    0.06031    0.00979    0.01386    0.03665      0.03019      
7200    0.05993    0.00962    0.01369    0.03663      0.02964      
7300    0.05953    0.00948    0.01345    0.03660      0.02938      
7400    0.05919    0.00927    0.01325    0.03667      0.03180      
7500    0.05872    0.00913    0.01306    0.03654      0.02899      
7600    0.05834    0.00896    0.01286    0.03653      0.02959      
7700    0.05779    0.00872    0.01263    0.03644      0.02826      
7800    0.05726    0.00848    0.01240    0.03637      0.02909      
7900    0.05710    0.00836    0.01225    0.03649      0.02899      
