-3.16071e-09 -3.13424e-09 -3.1333e-09 10239.9 10239.9 10239.9 
0.406034 0.406035 0.839562 10239.4 10239.6 10239.6 
1.62387 1.62387 3.35789 10238.1 10238.7 10238.7 
3.65272 3.65272 7.5539 10235.8 10237.2 10237.2 
6.49125 6.49126 13.4258 10232.7 10235.1 10235.1 
10.1376 10.1376 20.9711 10228.6 10232.5 10232.5 
14.5894 14.5894 30.1866 10223.7 10229.2 10229.2 
19.8438 19.8438 41.0683 10217.8 10225.4 10225.4 
25.8972 25.8972 53.6116 10211.1 10221 10221 
32.7457 32.7458 67.8111 10203.4 10216 10216 
40.3849 40.3849 83.6609 10194.9 10210.5 10210.5 
48.8096 48.8097 101.154 10185.4 10204.3 10204.3 
58.0143 58.0144 120.283 10175.1 10197.6 10197.6 
67.993 67.9931 141.04 10163.8 10190.3 10190.3 
78.7389 78.739 163.416 10151.7 10182.5 10182.5 
90.2449 90.2451 187.402 10138.6 10174.1 10174.1 
102.503 102.504 212.987 10124.6 10165.1 10165.1 
115.506 115.506 240.161 10109.8 10155.6 10155.6 
129.244 129.244 268.912 10094 10145.6 10145.6 
143.708 143.708 299.228 10077.3 10135 10135 
158.888 158.889 331.096 10059.7 10123.8 10123.8 
174.775 174.775 364.502 10041.2 10112.2 10112.2 
191.356 191.356 399.434 10021.8 10100 10100 
208.621 208.621 435.876 10001.4 10087.3 10087.3 
226.557 226.557 473.812 9980.17 10074.1 10074.1 
245.152 245.153 513.228 9958 10060.4 10060.4 
264.394 264.394 554.106 9934.93 10046.2 10046.2 
284.267 284.268 596.429 9910.93 10031.5 10031.5 
304.759 304.759 640.181 9886.02 10016.4 10016.4 
325.854 325.855 685.342 9860.19 10000.8 10000.8 
347.537 347.538 731.895 9833.44 9984.74 9984.74 
369.793 369.794 779.819 9805.78 9968.23 9968.24 
392.605 392.606 829.096 9777.19 9951.3 9951.3 
415.956 415.957 879.705 9747.68 9933.94 9933.94 
439.829 439.829 931.625 9717.25 9916.17 9916.17 
464.205 464.206 984.835 9685.9 9898 9898 
489.066 489.067 1039.31 9653.63 9879.44 9879.44 
514.394 514.395 1095.04 9620.44 9860.51 9860.51 
540.168 540.169 1151.99 9586.32 9841.22 9841.22 
566.368 566.369 1210.14 9551.28 9821.58 9821.59 
592.973 592.974 1269.47 9515.32 9801.61 9801.61 
619.962 619.963 1329.95 9478.44 9781.32 9781.33 
647.314 647.315 1391.56 9440.63 9760.73 9760.73 
675.005 675.006 1454.27 9401.9 9739.85 9739.85 
703.013 703.014 1518.07 9362.26 9718.7 9718.7 
731.313 731.315 1582.92 9321.69 9697.3 9697.3 
759.883 759.884 1648.8 9280.21 9675.66 9675.66 
788.697 788.698 1715.69 9237.8 9653.79 9653.79 
817.73 817.731 1783.55 9194.49 9631.73 9631.73 
846.956 846.958 1852.37 9150.25 9609.48 9609.48 
876.349 876.351 1922.1 9105.11 9587.07 9587.07 
905.883 905.884 1992.74 9059.05 9564.52 9564.52 
935.529 935.53 2064.25 9012.09 9541.84 9541.84 
965.259 965.261 2136.6 8964.22 9519.06 9519.07 
995.046 995.047 2209.77 8915.45 9496.2 9496.21 
1024.86 1024.86 2283.72 8865.78 9473.29 9473.29 
1054.67 1054.67 2358.44 8815.21 9450.33 9450.33 
1084.45 1084.45 2433.89 8763.75 9427.36 9427.36 
1114.17 1114.17 2510.05 8711.4 9404.41 9404.41 
1143.79 1143.79 2586.88 8658.17 9381.48 9381.48 
1173.29 1173.29 2664.36 8604.06 9358.62 9358.62 
1202.64 1202.64 2742.46 8549.07 9335.84 9335.84 
1231.79 1231.79 2821.15 8493.21 9313.17 9313.17 
1260.72 1260.72 2900.4 8436.49 9290.63 9290.63 
1289.4 1289.4 2980.19 8378.9 9268.26 9268.26 
1317.79 1317.8 3060.48 8320.47 9246.07 9246.07 
1345.87 1345.87 3141.26 8261.19 9224.1 9224.1 
1373.58 1373.59 3222.48 8201.07 9202.37 9202.38 
1400.91 1400.92 3304.12 8140.11 9180.92 9180.92 
1427.82 1427.82 3386.16 8078.33 9159.76 9159.77 
1454.27 1454.28 3468.56 8015.74 9138.94 9138.94 
1480.24 1480.24 3551.3 7952.33 9118.46 9118.46 
1505.67 1505.68 3634.34 7888.13 9098.37 9098.38 
1530.55 1530.55 3717.66 7823.14 9078.7 9078.7 
1554.84 1554.84 3801.24 7757.36 9059.47 9059.47 
1578.5 1578.5 3885.04 7690.81 9040.7 9040.71 
1601.5 1601.5 3969.04 7623.5 9022.44 9022.44 
1623.81 1623.81 4053.2 7555.44 9004.7 9004.71 
1645.4 1645.4 4137.51 7486.64 8987.52 8987.52 
1666.23 1666.23 4221.93 7417.11 8970.92 8970.93 
1686.26 1686.27 4306.44 7346.87 8954.94 8954.94 
1705.49 1705.49 4391.02 7275.92 8939.58 8939.58 
1723.86 1723.86 4475.62 7204.28 8924.89 8924.9 
1741.35 1741.35 4560.24 7131.96 8910.89 8910.89 
1757.94 1757.94 4644.84 7058.98 8897.61 8897.61 
1773.59 1773.59 4729.39 6985.34 8885.05 8885.05 
1788.28 1788.28 4813.88 6911.07 8873.26 8873.26 
1801.99 1801.99 4898.27 6836.18 8862.25 8862.25 
1814.7 1814.7 4982.55 6760.68 8852.04 8852.04 
1826.37 1826.37 5066.68 6684.59 8842.65 8842.65 
1837 1837 5150.65 6607.93 8834.09 8834.09 
1846.56 1846.56 5234.42 6530.71 8826.4 8826.4 
1855.03 1855.03 5317.98 6452.95 8819.57 8819.57 
1862.41 1862.41 5401.3 6374.66 8813.62 8813.62 
1868.67 1868.67 5484.36 6295.87 8808.57 8808.57 
1873.81 1873.81 5567.14 6216.59 8804.42 8804.42 
1877.82 1877.82 5649.62 6136.85 8801.19 8801.19 
1880.69 1880.69 5731.76 6056.65 8798.87 8798.87 
1882.41 1882.41 5813.56 5976.02 8797.48 8797.48 
1882.99 1882.99 5894.99 5894.99 8797.02 8797.02 
1882.99 1882.99 5894.99 5894.99 8797.02 8797.02 
1883.13 1883.13 5874.21 5914.82 8797.33 8797.33 
1883.54 1883.57 5852.5 5933.68 8798.26 8798.27 
1884.23 1884.32 5829.9 5951.57 8799.81 8799.82 
1885.16 1885.37 5806.42 5968.46 8801.97 8802 
1886.34 1886.75 5782.1 5984.34 8804.72 8804.78 
1887.74 1888.46 5756.96 5999.22 8808.07 8808.16 
1889.37 1890.5 5731.05 6013.08 8811.99 8812.13 
1891.19 1892.89 5704.41 6025.92 8816.47 8816.68 
1893.2 1895.62 5677.06 6037.76 8821.51 8821.78 
1895.38 1898.7 5649.06 6048.59 8827.07 8827.41 
1897.73 1902.15 5620.44 6058.43 8833.14 8833.56 
1900.21 1905.95 5591.25 6067.28 8839.7 8840.2 
1902.81 1910.11 5561.53 6075.16 8846.74 8847.31 
1905.52 1914.65 5531.34 6082.09 8854.24 8854.86 
1908.32 1919.55 5500.73 6088.08 8862.16 8862.81 
1911.19 1924.83 5469.73 6093.16 8870.5 8871.15 
1914.12 1930.47 5438.4 6097.35 8879.22 8879.83 
1917.07 1936.49 5406.8 6100.68 8888.31 8888.82 
1920.03 1942.89 5374.98 6103.16 8897.75 8898.1 
1922.98 1949.65 5342.98 6104.83 8907.51 8907.62 
1925.89 1956.79 5310.87 6105.71 8917.36 8917.57 
1928.76 1964.3 5278.69 6105.84 8927.27 8927.9 
1931.54 1972.17 5246.5 6105.24 8937.33 8938.5 
1934.23 1980.41 5214.36 6103.95 8947.49 8949.33 
1936.79 1989.01 5182.32 6101.99 8957.73 8960.37 
1939.21 1997.96 5150.43 6099.4 8968.01 8971.6 
1941.45 2007.27 5118.76 6096.21 8978.3 8983 
1943.5 2016.92 5087.34 6092.45 8988.56 8994.55 
1945.33 2026.92 5056.24 6088.15 8998.76 9006.23 
1946.91 2037.24 5025.52 6083.35 9008.88 9018.02 
1948.23 2047.89 4995.21 6078.06 9018.88 9029.89 
1949.26 2058.86 4965.39 6072.33 9028.73 9041.84 
1949.97 2070.14 4936.09 6066.19 9038.4 9053.84 
1950.35 2081.72 4907.38 6059.66 9047.88 9065.87 
1950.36 2093.59 4879.29 6052.77 9057.13 9077.92 
1949.99 2105.73 4851.88 6045.56 9066.13 9089.96 
1949.22 2118.15 4825.19 6038.04 9074.86 9101.98 
1948.04 2130.82 4799.27 6030.25 9083.3 9113.97 
1946.41 2143.73 4774.17 6022.22 9091.42 9125.9 
1944.32 2156.87 4749.92 6013.97 9099.21 9137.76 
1941.77 2170.23 4726.55 6005.53 9106.65 9149.53 
1938.74 2183.79 4704.12 5996.93 9113.72 9161.21 
1935.21 2197.53 4682.65 5988.18 9120.41 9172.77 
1931.19 2211.44 4662.17 5979.31 9126.71 9184.2 
1926.66 2225.5 4642.71 5970.35 9132.61 9195.49 
1921.62 2239.7 4624.29 5961.33 9138.08 9206.62 
1916.07 2254.01 4606.94 5952.25 9143.14 9217.58 
1910.02 2268.42 4590.67 5943.15 9147.76 9228.36 
1903.47 2282.91 4575.5 5934.05 9151.94 9238.95 
1896.43 2297.45 4561.44 5924.96 9155.67 9249.32 
1888.91 2312.03 4548.49 5915.91 9158.95 9259.48 
1880.93 2326.63 4536.67 5906.92 9161.78 9269.41 
1872.5 2341.22 4525.96 5898 9164.16 9279.1 
1863.65 2355.78 4516.37 5889.18 9166.08 9288.54 
1854.39 2370.3 4507.9 5880.48 9167.55 9297.72 
1844.75 2384.73 4500.52 5871.9 9168.56 9306.63 
1834.77 2399.08 4494.23 5863.47 9169.12 9315.26 
1824.47 2413.29 4489.02 5855.21 9169.24 9323.6 
1813.88 2427.37 4484.87 5847.13 9168.91 9331.64 
1803.04 2441.27 4481.75 5839.23 9168.15 9339.38 
1791.98 2454.98 4479.65 5831.55 9166.96 9346.81 
1780.75 2468.46 4478.53 5824.09 9165.36 9353.92 
1769.37 2481.71 4478.38 5816.85 9163.34 9360.71 
1757.89 2494.68 4479.17 5809.87 9160.92 9367.16 
1746.35 2507.36 4480.87 5803.13 9158.12 9373.28 
1734.78 2519.72 4483.45 5796.65 9154.93 9379.05 
1723.23 2531.73 4486.88 5790.45 9151.39 9384.47 
1711.75 2543.38 4491.12 5784.52 9147.5 9389.54 
1700.36 2554.63 4496.15 5778.87 9143.27 9394.25 
1689.11 2565.47 4501.93 5773.51 9138.73 9398.6 
1678.03 2575.88 4508.44 5768.43 9133.89 9402.59 
1667.18 2585.82 4515.64 5763.65 9128.77 9406.21 
1656.58 2595.28 4523.49 5759.15 9123.38 9409.45 
1646.27 2604.25 4531.98 5754.93 9117.75 9412.33 
1636.29 2612.69 4541.05 5751 9111.9 9414.83 
1626.67 2620.59 4550.69 5747.34 9105.85 9416.96 
1617.46 2627.94 4560.87 5743.95 9099.63 9418.7 
1608.67 2634.71 4571.54 5740.82 9093.24 9420.08 
1600.35 2640.89 4582.69 5737.94 9086.73 9421.07 
1592.51 2646.47 4594.28 5735.3 9080.1 9421.69 
1585.2 2651.44 4606.29 5732.87 9073.4 9421.94 
1578.45 2655.78 4618.68 5730.65 9066.64 9421.81 
1572.26 2659.49 4631.44 5728.61 9059.84 9421.32 
1566.68 2662.55 4644.53 5726.74 9053.04 9420.45 
1561.73 2664.96 4657.92 5725.01 9046.27 9419.22 
1557.42 2666.71 4671.6 5723.4 9039.54 9417.63 
1553.78 2667.8 4685.53 5721.89 9032.89 9415.68 
1550.82 2668.23 4699.69 5720.44 9026.34 9413.38 
1548.58 2667.99 4714.07 5719.03 9019.93 9410.73 
1547.05 2667.08 4728.63 5717.64 9013.68 9407.73 
1546.27 2665.51 4743.36 5716.22 9007.61 9404.41 
1546.23 2663.28 4758.23 5714.75 9001.76 9400.75 
1546.96 2660.38 4773.22 5713.19 8996.15 9396.77 
1548.47 2656.84 4788.31 5711.52 8990.8 9392.48 
1550.75 2652.64 4803.48 5709.69 8985.75 9387.88 
1553.84 2647.8 4818.72 5707.68 8981.03 9382.98 
1557.72 2642.33 4834 5705.45 8976.64 9377.8 
1562.41 2636.24 4849.3 5702.97 8972.62 9372.34 
1567.91 2629.52 4864.62 5700.2 8969 9366.61 
1567.91 2629.52 4864.62 5700.2 8969 9366.61 
1550.01 2649.39 4818.58 5710.39 8979.41 9383.84 
1531.74 2666.78 4772.35 5723.53 8990.11 9400.37 
1513.12 2681.49 4725.95 5739.76 9001.09 9416.18 
1494.17 2693.37 4679.39 5759.22 9012.36 9431.27 
1474.89 2702.29 4632.68 5782.01 9023.9 9445.62 
1455.31 2708.13 4585.82 5808.2 9035.71 9459.24 
1435.43 2710.83 4538.81 5837.83 9047.79 9472.13 
1415.27 2710.33 4491.66 5870.92 9060.14 9484.3 
1394.85 2706.63 4444.35 5907.44 9072.76 9495.75 
1374.17 2699.74 4396.87 5947.35 9085.63 9506.5 
1353.26 2689.71 4349.22 5990.57 9098.75 9516.58 
1332.12 2676.6 4301.39 6036.99 9112.12 9525.99 
1310.78 2660.51 4253.35 6086.49 9125.74 9534.77 
1289.25 2641.55 4205.08 6138.94 9139.59 9542.95 
1267.53 2619.83 4156.58 6194.18 9153.68 9550.54 
1245.66 2595.5 4107.82 6252.03 9168 9557.59 
1223.63 2568.69 4058.77 6312.34 9182.54 9564.13 
1201.47 2539.56 4009.41 6374.92 9197.29 9570.19 
1179.2 2508.26 3959.72 6439.59 9212.26 9575.82 
1156.82 2474.92 3909.68 6506.17 9227.43 9581.05 
1134.34 2439.72 3859.25 6574.49 9242.79 9585.93 
1111.8 2402.78 3808.42 6644.36 9258.35 9590.49 
1089.19 2364.27 3757.15 6715.63 9274.09 9594.78 
1066.53 2324.3 3705.43 6788.12 9290 9598.85 
1043.85 2283.03 3653.23 6861.67 9306.09 9602.74 
1021.14 2240.58 3600.52 6936.14 9322.33 9606.49 
998.434 2197.07 3547.29 7011.36 9338.72 9610.14 
975.734 2152.61 3493.52 7087.22 9355.26 9613.74 
953.058 2107.34 3439.18 7163.56 9371.93 9617.34 
930.418 2061.34 3384.27 7240.25 9388.73 9620.96 
907.829 2014.73 3328.77 7317.19 9405.65 9624.66 
885.303 1967.6 3272.66 7394.25 9422.68 9628.47 
862.853 1920.04 3215.94 7471.32 9439.8 9632.44 
840.492 1872.14 3158.6 7548.29 9457.01 9636.58 
818.233 1823.99 3100.64 7625.07 9474.3 9640.95 
796.088 1775.66 3042.06 7701.56 9491.66 9645.56 
774.069 1727.23 2982.87 7777.67 9509.08 9650.45 
752.188 1678.78 2923.06 7853.33 9526.55 9655.64 
730.457 1630.36 2862.66 7928.43 9544.06 9661.17 
708.887 1582.04 2801.67 8002.93 9561.59 9667.04 
687.491 1533.89 2740.11 8076.73 9579.15 9673.28 
666.277 1485.96 2678 8149.77 9596.7 9679.9 
645.258 1438.31 2615.38 8222 9614.25 9686.92 
624.444 1390.98 2552.26 8293.35 9631.78 9694.34 
603.845 1344.04 2488.68 8363.76 9649.29 9702.18 
583.472 1297.52 2424.67 8433.19 9666.75 9710.43 
563.333 1251.46 2360.28 8501.58 9684.16 9719.1 
543.439 1205.92 2295.55 8568.9 9701.51 9728.19 
523.798 1160.93 2230.51 8635.09 9718.79 9737.69 
504.42 1116.53 2165.22 8700.13 9735.97 9747.59 
485.313 1072.74 2099.74 8763.97 9753.06 9757.89 
466.487 1029.62 2034.11 8826.58 9768.58 9770.03 
447.948 987.175 1968.39 8887.93 9779.63 9786.88 
429.705 945.447 1902.65 8948 9791.04 9803.6 
411.766 904.459 1836.93 9006.76 9802.79 9820.17 
394.139 864.238 1771.32 9064.19 9814.86 9836.58 
376.829 824.805 1705.87 9120.27 9827.22 9852.81 
359.845 786.182 1640.64 9174.98 9839.85 9868.87 
343.193 748.389 1575.72 9228.31 9852.73 9884.72 
326.879 711.445 1511.16 9280.24 9865.83 9900.37 
310.91 675.365 1447.05 9330.77 9879.12 9915.8 
295.292 640.164 1383.45 9379.89 9892.58 9931 
280.03 605.857 1320.43 9427.59 9906.17 9945.95 
265.13 572.455 1258.07 9473.86 9919.87 9960.65 
250.597 539.969 1196.44 9518.71 9933.65 9975.08 
236.437 508.409 1135.62 9562.13 9947.47 9989.24 
222.653 477.783 1075.67 9604.13 9961.3 10003.1 
209.251 448.099 1016.68 9644.7 9975.11 10016.7 
196.236 419.361 958.712 9683.85 9988.87 10029.9 
183.61 391.577 901.843 9721.58 10002.6 10042.9 
171.379 364.748 846.144 9757.89 10016.1 10055.5 
159.547 338.879 791.684 9792.8 10029.5 10067.7 
148.116 313.973 738.533 9826.32 10042.8 10079.6 
137.09 290.029 686.76 9858.44 10055.8 10091.2 
126.473 267.05 636.432 9889.18 10068.6 10102.3 
116.267 245.036 587.614 9918.56 10081.1 10113.1 
106.476 223.985 540.369 9946.57 10093.3 10123.5 
97.1023 203.897 494.76 9973.23 10105.2 10133.6 
88.1484 184.77 450.847 9998.55 10116.8 10143.1 
79.6169 166.603 408.688 10022.5 10127.9 10152.3 
71.5099 149.393 368.338 10045.2 10138.7 10161.1 
63.8297 133.138 329.851 10066.6 10149 10169.4 
56.5783 117.834 293.278 10086.7 10158.9 10177.3 
49.7574 103.479 258.669 10105.5 10168.2 10184.8 
43.3689 90.0701 226.07 10123 10177.1 10191.8 
37.4143 77.6033 195.523 10139.3 10185.5 10198.3 
31.8951 66.0759 167.071 10154.3 10193.3 10204.4 
26.8127 55.4844 140.752 10168 10200.6 10210 
22.1682 45.826 116.6 10180.6 10207.3 10215.2 
17.9628 37.0975 94.6491 10191.9 10213.4 10219.8 
14.1974 29.2962 74.9283 10202 10218.9 10224 
10.873 22.4193 57.4643 10210.9 10223.7 10227.7 
7.9903 16.4645 42.2807 10218.6 10228 10230.9 
5.54997 11.4296 29.3981 10225.1 10231.6 10233.6 
3.55259 7.31284 18.8339 10230.4 10234.6 10235.9 
1.99859 4.11253 10.6025 10234.6 10236.9 10237.6 
0.888348 1.82749 4.71487 10237.5 10238.5 10238.9 
0.222099 0.456828 1.17912 10239.3 10239.5 10239.6 
-3.16071e-09 -3.13424e-09 -3.1333e-09 10239.9 10239.9 10239.9 
-3.16071e-09 -3.13424e-09 -3.1333e-09 10239.9 10239.9 10239.9 
0.200214 0.200214 0.838292 10239.4 10239.7 10239.7 
0.800696 0.800696 3.35278 10238.2 10239.1 10239.1 
1.80097 1.80097 7.54231 10236.2 10238.2 10238.2 
3.20025 3.20025 13.4049 10233.3 10236.9 10236.9 
4.99743 4.99743 20.938 10229.6 10235.3 10235.3 
7.19108 7.19108 30.1379 10225.1 10233.2 10233.2 
9.77946 9.77946 41.0006 10219.7 10230.9 10230.9 
12.7605 12.7605 53.5209 10213.5 10228.1 10228.1 
16.1319 16.1319 67.6931 10206.5 10225 10225 
19.8909 19.8909 83.5107 10198.7 10221.5 10221.5 
24.0345 24.0345 100.966 10190.1 10217.7 10217.7 
28.5594 28.5594 120.052 10180.6 10213.5 10213.5 
33.4621 33.4621 140.759 10170.3 10209 10209 
38.7385 38.7385 163.078 10159.2 10204.2 10204.2 
44.3844 44.3844 186.998 10147.2 10199 10199 
50.3952 50.3952 212.508 10134.4 10193.4 10193.4 
56.7662 56.7662 239.598 10120.8 10187.6 10187.6 
63.4921 63.4921 268.253 10106.3 10181.4 10181.4 
70.5675 70.5675 298.462 10091 10174.8 10174.8 
77.9865 77.9865 330.21 10074.9 10168 10168 
85.7431 85.7431 363.483 10057.9 10160.8 10160.8 
93.8309 93.8309 398.265 10040.1 10153.4 10153.4 
102.243 102.243 434.541 10021.5 10145.6 10145.6 
110.973 110.973 472.294 10002 10137.6 10137.6 
120.013 120.013 511.506 9981.68 10129.2 10129.2 
129.356 129.356 552.16 9960.52 10120.6 10120.6 
138.994 138.994 594.237 9938.51 10111.7 10111.7 
148.918 148.918 637.718 9915.66 10102.5 10102.5 
159.121 159.121 682.583 9891.96 10093.1 10093.1 
169.593 169.593 728.812 9867.41 10083.4 10083.4 
180.326 180.326 776.383 9842.02 10073.5 10073.5 
191.311 191.311 825.275 9815.78 10063.4 10063.4 
202.537 202.537 875.465 9788.7 10053 10053 
213.995 213.995 926.931 9760.76 10042.4 10042.4 
225.674 225.674 979.649 9731.98 10031.6 10031.6 
237.566 237.566 1033.59 9702.35 10020.6 10020.6 
249.658 249.658 1088.74 9671.87 10009.5 10009.5 
261.941 261.941 1145.07 9640.54 9998.11 9998.11 
274.403 274.403 1202.55 9608.36 9986.58 9986.58 
287.033 287.033 1261.16 9575.34 9974.9 9974.9 
299.819 299.819 1320.86 9541.47 9963.07 9963.07 
312.749 312.749 1381.64 9506.76 9951.1 9951.1 
325.812 325.812 1443.46 9471.2 9939.01 9939.01 
338.995 338.995 1506.3 9434.81 9926.81 9926.81 
352.287 352.287 1570.13 9397.57 9914.5 9914.5 
365.674 365.674 1634.91 9359.5 9902.1 9902.1 
379.143 379.143 1700.62 9320.6 9889.62 9889.62 
392.682 392.682 1767.23 9280.86 9877.08 9877.08 
406.277 406.277 1834.7 9240.31 9864.48 9864.48 
419.916 419.916 1903.01 9198.93 9851.84 9851.84 
433.585 433.585 1972.11 9156.73 9839.16 9839.16 
447.27 447.27 2041.99 9113.73 9826.47 9826.47 
460.957 460.957 2112.61 9069.92 9813.78 9813.78 
474.633 474.633 2183.92 9025.31 9801.09 9801.09 
488.284 488.284 2255.91 8979.92 9788.42 9788.42 
501.896 501.896 2328.53 8933.74 9775.79 9775.79 
515.455 515.455 2401.74 8886.8 9763.2 9763.2 
528.946 528.946 2475.51 8839.09 9750.68 9750.68 
542.356 542.356 2549.81 8790.63 9738.22 9738.22 
555.67 555.67 2624.59 8741.44 9725.85 9725.85 
568.874 568.874 2699.81 8691.52 9713.59 9713.59 
581.954 581.954 2775.44 8640.89 9701.43 9701.43 
594.896 594.896 2851.43 8589.57 9689.4 9689.4 
607.685 607.685 2927.74 8537.57 9677.51 9677.51 
620.307 620.307 3004.32 8484.92 9665.78 9665.78 
632.748 632.748 3081.14 8431.63 9654.21 9654.21 
644.995 644.995 3158.14 8377.74 9642.81 9642.81 
657.033 657.033 3235.27 8323.26 9631.61 9631.61 
668.849 668.849 3312.48 8268.23 9620.62 9620.62 
680.429 680.429 3389.72 8212.68 9609.84 9609.84 
691.76 691.76 3466.93 8156.64 9599.29 9599.29 
702.828 702.828 3544.04 8100.15 9588.99 9588.99 
713.621 713.621 3621 8043.25 9578.94 9578.94 
724.125 724.125 3697.74 7986.01 9569.15 9569.15 
734.329 734.329 3774.18 7928.46 9559.65 9559.65 
744.219 744.219 3850.23 7870.67 9550.43 9550.43 
753.785 753.785 3925.82 7812.72 9541.52 9541.52 
763.013 763.013 4000.85 7754.67 9532.92 9532.92 
771.894 771.894 4075.21 7696.62 9524.64 9524.64 
780.416 780.416 4148.79 7638.66 9516.7 9516.7 
788.569 788.569 4221.45 7580.91 9509.1 9509.1 
796.341 796.341 4293.06 7523.51 9501.85 9501.85 
803.725 803.725 4363.44 7466.59 9494.97 9494.97 
810.709 810.709 4432.42 7410.33 9488.45 9488.45 
817.287 817.287 4499.78 7354.93 9482.32 9482.32 
823.448 823.448 4565.28 7300.61 9476.57 9476.57 
829.185 829.185 4628.66 7247.63 9471.22 9471.22 
834.492 834.492 4689.6 7196.3 9466.27 9466.27 
839.36 839.36 4747.76 7146.95 9461.72 9461.72 
843.784 843.784 4802.73 7099.97 9457.6 9457.6 
847.758 847.758 4854.08 7055.8 9453.89 9453.89 
851.277 851.277 4901.3 7014.93 9450.6 9450.6 
854.336 854.336 4943.87 6977.87 9447.75 9447.75 
856.931 856.931 4981.23 6945.19 9445.33 9445.33 
859.059 859.059 5012.81 6917.45 9443.34 9443.34 
860.717 860.717 5038.05 6895.18 9441.79 9441.79 
861.903 861.903 5056.49 6878.88 9440.69 9440.69 
862.615 862.615 5067.72 6868.94 9440.02 9440.02 
862.853 862.853 5071.49 6865.59 9439.8 9439.8 
