    0.000000000000000e+00    1.477059790659519e+01    1.479986783666472e+01    1.478189664980640e+01    0.000000000000000e+00    0.000000000000000e+00    0.000000000000000e+00    1.250000000000000e+00    3.124114894679872e-06    4.691364962384592e-06    7.919967068818573e-06
    4.000000000000000e-03    1.252237547361355e+01    1.254772711895817e+01    1.252718708628059e+01    5.458594676041749e-02    5.469518991124577e-02    5.461816747217398e-02    2.500000000000000e+00    1.393586179094733e-05    7.487908964335732e-06   -4.595881385012977e-06
    8.000000000000000e-03    6.733170714506543e+00    6.748366045611251e+00    6.721392172357317e+00    9.309703913665768e-02    9.328737624038462e-02    9.311532598944978e-02    3.750000000000000e+00    4.620323970046720e-05    2.605288680913490e-05   -8.395004360824978e-06
    1.200000000000000e-02   -2.117093584179680e-01   -2.086966635229255e-01   -2.427046893560923e-01    1.061399618488348e-01    1.063667150045613e-01    1.060727009554522e-01    5.000000000000000e+00    1.102396745836673e-04    7.153383989279216e-05    1.321100492554561e-05
    1.600000000000000e-02   -5.632351422697495e+00   -5.638409588903074e+00   -5.676288119947345e+00    9.445184028660390e-02    9.467250249970927e-02    9.423471533684537e-02    6.250000000000000e+00    2.054599026066327e-04    1.461770471574570e-04    7.017286321623579e-05
    2.000000000000000e-02   -7.703999522393247e+00   -7.712271703528535e+00   -7.748279715437881e+00    6.777913839642241e-02    6.797113991484605e-02    6.738557966607492e-02    7.500000000000000e+00    3.179447299335219e-04    2.408238095892534e-04    1.607559436769684e-04
    2.400000000000000e-02   -6.121743228623317e+00   -6.124859230550045e+00   -6.152960012497517e+00    4.012765289438928e-02    4.029687804668888e-02    3.958310021020413e-02    8.750000000000000e+00    4.269114247496316e-04    3.401385133965765e-04    2.729385227786342e-04
    2.800000000000000e-02   -2.100130487651267e+00   -2.093654404122703e+00   -2.109838421028097e+00    2.368390546184011e-02    2.385985077734339e-02    2.305750334315290e-02    1.000000000000000e+01    5.171558876047639e-04    4.331513619807100e-04    3.917136280622323e-04
    3.200000000000000e-02    2.219851124317350e+00    2.235537894409203e+00    2.231845103493521e+00    2.392334673517228e-02    2.414361775791639e-02    2.330151670808375e-02    1.125000000000000e+01    5.900671135049249e-04    5.226579760194172e-04    5.081580916020328e-04
    3.600000000000000e-02    4.713228274412375e+00    4.733391292380086e+00    4.739279415833427e+00    3.778950553263173e-02    3.808147613149496e-02    3.724376574673764e-02    1.250000000000000e+01    6.655539700660847e-04    6.266205142453131e-04    6.245597184228811e-04
    4.000000000000000e-02    4.190707539420664e+00    4.208567806100403e+00    4.218825553411079e+00    5.559737716029782e-02    5.596539432845594e-02    5.515997568522666e-02    1.375000000000000e+01    7.721472037461054e-04    7.690247280746955e-04    7.520223379838040e-04
    4.400000000000000e-02    8.906302036834205e-01    9.003137358383458e-01    9.093182155086660e-01    6.576005264650599e-02    6.618315741233345e-02    6.541626322306615e-02    1.500000000000000e+01    9.301725725870020e-04    9.645777719432390e-04    9.019366989661599e-04
    4.800000000000000e-02   -3.692870384351580e+00   -3.693939939532778e+00   -3.690349023337539e+00    6.015557228516967e-02    6.059590500494458e-02    5.985420160740840e-02    1.625000000000000e+01    1.138323804913749e-03    1.206714807692035e-03    1.077254859814263e-03
    5.200000000000000e-02   -7.541819535095595e+00   -7.551943879056734e+00   -7.555278034671860e+00    3.768619244627532e-02    3.810413736776556e-02    3.736294749138960e-02    1.750000000000000e+01    1.372986123564971e-03    1.467621648412862e-03    1.270101490656740e-03
    5.600000000000000e-02   -9.018466069950897e+00   -9.032511870632423e+00   -9.041507362721950e+00    4.565621236182330e-03    4.935225868387247e-03    4.169376696601980e-03    1.875000000000000e+01    1.602038234279152e-03    1.711983639064932e-03    1.467918360313405e-03
    6.000000000000000e-02   -7.521744610690359e+00   -7.533548060219145e+00   -7.545019215633918e+00   -2.851480012510018e-02   -2.819689399331589e-02   -2.900367646010976e-02    2.000000000000000e+01    1.805174641312465e-03    1.917083479663114e-03    1.663883753607032e-03
    6.400000000000000e-02   -3.661762796909374e+00   -3.667061547551493e+00   -3.677269416750812e+00   -5.088181494029965e-02   -5.059811320885717e-02   -5.144825372487921e-02    2.125000000000000e+01    1.987719787542350e-03    2.086937669560486e-03    1.863663663736092e-03
    6.800000000000000e-02    1.052128768121838e+00    1.053704381898125e+00    1.047746782411071e+00   -5.610108299787472e-02   -5.582482754016390e-02   -5.670729899355870e-02    2.250000000000000e+01    2.178506347901225e-03    2.251299275949677e-03    2.082880017847987e-03
    7.200000000000001e-02    4.851198093320806e+00    4.856113212123299e+00    4.855799696706903e+00   -4.429442927498943e-02   -4.400519235212105e-02   -4.490020603532275e-02    2.375000000000000e+01    2.412777115181239e-03    2.449952461038838e-03    2.336752585399244e-03
    7.600000000000000e-02    6.424375231468574e+00    6.427053066941000e+00    6.431945694170768e+00   -2.174328262541067e-02   -2.143885979399245e-02   -2.232471525356741e-02    2.500000000000000e+01    2.711258474320323e-03    2.712336861208928e-03    2.629901066454695e-03
    8.000000000000000e-02    5.424972645788258e+00    5.420395227334665e+00    5.428575391260545e+00    1.955413129102998e-03    2.256036794558883e-03    1.396326917295219e-03    2.625000000000000e+01    3.069252533771153e-03    3.045347530748552e-03    2.954866551742915e-03
    8.400000000000001e-02    2.541132317006914e+00    2.526845328823099e+00    2.535745478773701e+00    1.788762305469334e-02    1.815051790687441e-02    1.732496865736371e-02    2.750000000000000e+01    3.462620167595333e-03    3.436050944639602e-03    3.301421532273173e-03
    8.799999999999999e-02   -8.938794791552326e-01   -9.171242169747383e-01   -9.096512648976687e-01    2.118212873039671e-02    2.136996013057113e-02    2.057715708511578e-02    2.875000000000000e+01    3.865711716367866e-03    3.865449702152106e-03    3.669774320864040e-03
    9.200000000000000e-02   -3.525816965968006e+00   -3.554794801241608e+00   -3.549512479900900e+00    1.234273584015023e-02    1.242612209413844e-02    1.165882959551864e-02    3.000000000000000e+01    4.268194763671014e-03    4.322148953064554e-03    4.076480104465137e-03
    9.600000000000000e-02   -4.508328687705041e+00   -4.538939193982652e+00   -4.534684999093911e+00   -3.725555467195867e-03   -3.761345896310085e-03   -4.509565362470985e-03    3.125000000000000e+01    4.679307608629581e-03    4.806209968438938e-03    4.546384369545040e-03
    1.000000000000000e-01   -3.720603553475367e+00   -3.749578624240930e+00   -3.743335800539997e+00   -2.018341994955668e-02   -2.033838153275725e-02   -2.106560696173880e-02    3.250000000000000e+01    5.118147279851389e-03    5.322357101394719e-03    5.094689000073769e-03
    1.040000000000000e-01   -1.664703322788348e+00   -1.690664855610827e+00   -1.678316104082232e+00   -3.095403370208411e-02   -3.121886849246076e-02   -3.190891077098327e-02    3.375000000000000e+01    5.599534863177200e-03    5.870943985651564e-03    5.712336327788524e-03
    1.080000000000000e-01    8.253605407524688e-01    8.019737371238728e-01    8.242728874378590e-01   -3.263271926615587e-02   -3.299625072943467e-02   -3.361699720427201e-02    3.500000000000000e+01    6.128340193923416e-03    6.447168147397465e-03    6.367826948958878e-03
    1.120000000000000e-01    2.907812626582865e+00    2.885830349194504e+00    2.919954557173567e+00   -2.516637293148520e-02   -2.562064255679792e-02   -2.612854231504916e-02    3.625000000000000e+01    6.708084343607278e-03    7.051928361875784e-03    7.028137054640769e-03
    1.160000000000000e-01    3.986169924626857e+00    3.965043828928236e+00    4.009490371464320e+00   -1.137840782906576e-02   -1.191889420055244e-02   -1.226965245777338e-02    3.750000000000000e+01    7.357313544807665e-03    7.706733542919836e-03    7.687244837354034e-03
    1.200000000000000e-01    3.844585725152136e+00    3.825095889796852e+00    3.874627640794547e+00    4.283103470492229e-03    3.661385236897739e-03    3.498583566744353e-03    3.875000000000000e+01    8.119056080605461e-03    8.458945524682170e-03    8.383027338786946e-03
    1.240000000000000e-01    2.654383748315923e+00    2.638264667712219e+00    2.685067934254958e+00    1.728104241742835e-02    1.658810635191588e-02    1.661797471684336e-02    4.000000000000000e+01    9.051298297820570e-03    9.367890209742824e-03    9.188224095487073e-03
    1.280000000000000e-01    8.681572474642233e-01    8.569854374323147e-01    8.931113156869580e-01    2.432612440898864e-02    2.357860656220495e-02    2.377433321672720e-02    4.125000000000000e+01    1.019869915585014e-02    1.047485728639362e-02    1.017641012554125e-02
    1.320000000000000e-01   -9.485449745125704e-01   -9.543686737350070e-01   -9.342173689950194e-01    2.416534895489194e-02    2.338384008959957e-02    2.369212111011108e-02    4.250000000000000e+01    1.155941913970267e-02    1.177220612038696e-02    1.137979448866818e-02
    1.360000000000000e-01   -2.280273760920448e+00   -2.281723714301645e+00   -2.278292387995537e+00    1.770771148402590e-02    1.691165531352626e-02    1.726710159612996e-02    4.375000000000000e+01    1.306645978339266e-02    1.318993001502981e-02    1.276178233618623e-02
    1.400000000000000e-01   -2.776010905418286e+00   -2.774683326417791e+00   -2.784065770491627e+00    7.595142151348436e-03    6.798841232087390e-03    7.142385279155634e-03    4.500000000000000e+01    1.459630294574564e-02    1.460946019583644e-02    1.421964933927733e-02
    1.440000000000000e-01   -2.315715872321980e+00   -2.312631153457331e+00   -2.328077439668325e+00   -2.588311404132095e-03   -3.375787727662854e-03   -3.081901141164272e-03    4.625000000000000e+01    1.600307777103744e-02    1.589959311337156e-02    1.561635376432476e-02
    1.480000000000000e-01   -1.045993884232708e+00   -1.040735794975596e+00   -1.055602577277179e+00   -9.311730917241469e-03   -1.008252162452871e-02   -9.849261175055281e-03    4.750000000000000e+01    1.716312523102553e-02    1.695768694044062e-02    1.682564823750204e-02
    1.520000000000000e-01    6.239082550667648e-01    6.331466863239373e-01    6.225590511652116e-01   -1.015590217557335e-02   -1.089769984183203e-02   -1.071534822727921e-02    4.875000000000000e+01    1.801041681381655e-02    1.773763306481582e-02    1.776965974740290e-02
    1.560000000000000e-01    2.103326024333690e+00    2.118704507837148e+00    2.111644562558897e+00   -4.701433616772444e-03   -5.393997453509856e-03   -5.246940999830998e-03    5.000000000000000e+01    1.854929382352221e-02    1.825451248836772e-02    1.843444152725549e-02
    1.600000000000000e-01    2.799990690423725e+00    2.822429292638919e+00    2.814238193121986e+00    5.105199812742389e-03    4.488270147442282e-03    4.604824511530770e-03    5.125000000000000e+01    1.884258270332421e-02    1.856805667138444e-02    1.886124891638810e-02
    1.640000000000000e-01    2.354540440423722e+00    2.382406819105465e+00    2.366994431417034e+00    1.541426207443728e-02    1.489794237093105e-02    1.496728976060881e-02    5.250000000000000e+01    1.898329085844116e-02    1.875559820274515e-02    1.912177862931259e-02
    1.680000000000000e-01    8.241905668788179e-01    8.531606377675537e-01    8.263712938112626e-01    2.177172408904236e-02    2.136907728467709e-02    2.135402121106541e-02    5.375000000000000e+01    1.906238096668973e-02    1.888652252446214e-02    1.928965214797825e-02
    1.720000000000000e-01   -1.287085949232090e+00   -1.262567005642176e+00   -1.300288941974465e+00    2.084593332433582e-02    2.055026454892784e-02    2.040618591473900e-02    5.500000000000000e+01    1.914364063976534e-02    1.900601991836652e-02    1.941837817913257e-02
    1.760000000000000e-01   -3.184102084689074e+00   -3.168243090921144e+00   -3.211249787312120e+00    1.190355725649349e-02    1.168864435580120e-02    1.138310845616584e-02    5.625000000000000e+01    1.925225566171027e-02    1.913052562502818e-02    1.953132558006711e-02
    1.800000000000000e-01   -4.070438857259123e+00   -4.063744167817483e+00   -4.103031478210427e+00   -2.605524627402909e-03   -2.775330161676052e-03   -3.245454074879261e-03    5.750000000000000e+01    1.937886619418218e-02    1.925363300286905e-02    1.962480702054822e-02
    1.840000000000000e-01   -3.470299986236935e+00   -3.468881893172072e+00   -3.495580497750345e+00   -1.768700231439503e-02   -1.784058228365517e-02   -1.844267802680081e-02    5.875000000000000e+01    1.949628721342426e-02    1.935935916769217e-02    1.968177913694227e-02
    1.880000000000000e-01   -1.463002844265832e+00   -1.460173007196845e+00   -1.469103870801100e+00   -2.755360797540057e-02   -2.769869208439300e-02   -2.837204676390370e-02    6.000000000000000e+01    1.958158868937246e-02    1.943777180952539e-02    1.969020850678998e-02
    1.920000000000000e-01    1.278774961177943e+00    1.289299169501267e+00    1.297605588361047e+00   -2.792206374157634e-02   -2.804043975978416e-02   -2.871504332878380e-02    6.125000000000000e+01    1.963298116654005e-02    1.949587403173328e-02    1.965726470263622e-02
    1.960000000000000e-01    3.704648279801817e+00    3.725440982894484e+00    3.745193896313618e+00   -1.795521725961682e-02   -1.801095945499265e-02   -1.862944435943447e-02    6.250000000000000e+01    1.967162662698285e-02    1.955652550124654e-02    1.961055150600926e-02
    2.000000000000000e-01    4.807271070997575e+00    4.835351938400521e+00    4.858271014048358e+00   -9.313785580180407e-04   -8.893736124026452e-04   -1.422514538710516e-03    6.375000000000000e+01    1.972506977272245e-02    1.964271226796909e-02    1.958286496401332e-02
    2.040000000000000e-01    4.072783507617860e+00    4.100181444049938e+00    4.119353509525745e+00    1.682873059921283e-02    1.698169315249827e-02    1.653273450843769e-02    6.500000000000000e+01    1.979973762978178e-02    1.975325339674296e-02    1.958653134414212e-02
    2.080000000000000e-01    1.732802952615972e+00    1.749551843297929e+00    1.762539312058900e+00    2.843990351968050e-02    2.868115972719401e-02    2.829652015160698e-02    6.625000000000000e+01    1.985890471878039e-02    1.984416426714277e-02    1.959201167333905e-02
    2.120000000000000e-01   -1.318679426299814e+00   -1.320167273990376e+00   -1.310509116674249e+00    2.926815057231281e-02    2.953992886580912e-02    2.920058054237628e-02    6.750000000000000e+01    1.982278570418080e-02    1.983074400712499e-02    1.952652466280634e-02
    2.160000000000000e-01   -3.897471247691129e+00   -3.918600528514155e+00   -3.905995893928611e+00    1.883584922433092e-02    1.906239326080005e-02    1.876757052117056e-02    6.875000000000000e+01    1.959655637626199e-02    1.961592560372616e-02    1.929903615628988e-02
    2.200000000000000e-01   -5.008214681717213e+00   -5.043022053724489e+00   -5.021323010684339e+00    1.024477365514238e-03    1.139148096322764e-03    9.129327119446642e-04    7.000000000000000e+01    1.911523805878258e-02    1.913463361469900e-02    1.884231331298997e-02
    2.240000000000000e-01   -4.231340414594689e+00   -4.268878769258537e+00   -4.235429371393731e+00   -1.745463282710957e-02   -1.748465354964329e-02   -1.760057205221147e-02    7.125000000000000e+01    1.838195922161494e-02    1.839162852330171e-02    1.815050761430675e-02
    2.280000000000000e-01   -1.882721434009971e+00   -1.912053806735653e+00   -1.869234088596184e+00   -2.968275652431888e-02   -2.984651870163167e-02   -2.980989897219130e-02    7.250000000000000e+01    1.747711553234849e-02    1.747065726965935e-02    1.729071510652390e-02
    2.320000000000000e-01    1.106103978079934e+00    1.090794969429188e+00    1.136414439301523e+00   -3.123599143617896e-02   -3.148903637624460e-02   -3.127553827078063e-02    7.375000000000000e+01    1.653118471552041e-02    1.650716331469791e-02    1.638051538268037e-02
    2.360000000000000e-01    3.552767707434952e+00    3.549554357510638e+00    3.589847086726738e+00   -2.191824806514918e-02   -2.220833772236495e-02   -2.182301521872410e-02    7.500000000000000e+01    1.567456136602213e-02    1.563720255383945e-02    1.554272405427129e-02
    2.400000000000000e-01    4.505591927107937e+00    4.505931553729849e+00    4.534341055660602e+00   -5.801528796063405e-03   -6.097365899883974e-03   -5.574638933949420e-03    7.625000000000000e+01    1.499070115924875e-02    1.494871221454478e-02    1.486125783142188e-02
    2.440000000000000e-01    3.640981862920004e+00    3.634032523574162e+00    3.647794587380200e+00    1.049161878399248e-02    1.018256225472405e-02    1.078963235213218e-02    7.750000000000000e+01    1.449572754146464e-02    1.445906538681294e-02    1.435990752486737e-02
    2.480000000000000e-01    1.389126107948089e+00    1.367258349698319e+00    1.367776495657340e+00    2.055183472572866e-02    2.018514400126901e-02    2.082077451820727e-02    7.875000000000000e+01    1.415075403803407e-02    1.412645735547203e-02    1.401068429855146e-02
    2.520000000000000e-01   -1.272213991814642e+00   -1.309237546627029e+00   -1.317930718839418e+00    2.078565895799556e-02    2.030118560741160e-02    2.092046607184311e-02    8.000000000000000e+01    1.389404599040314e-02    1.388315498432440e-02    1.376082180198837e-02
    2.560000000000000e-01   -3.245957141498063e+00   -3.290180297805690e+00   -3.303979548411490e+00    1.174931669137015e-02    1.110234991854616e-02    1.167664553734130e-02    8.125000000000000e+01    1.367148278828061e-02    1.366884363464646e-02    1.355936033835847e-02
    2.600000000000000e-01   -3.761557719682132e+00   -3.800006624711476e+00   -3.816893051060029e+00   -2.265713030990242e-03   -3.078023926488175e-03   -2.565099661601742e-03    8.250000000000000e+01    1.345046200070836e-02    1.344781446014553e-02    1.337015986903425e-02
    2.640000000000000e-01   -2.659143623291009e+00   -2.679652132839444e+00   -2.700306099245717e+00   -1.510711571693653e-02   -1.603734144159001e-02   -1.559949796221323e-02    8.375000000000000e+01    1.321812901220878e-02    1.320905805955809e-02    1.317236670727744e-02
    2.680000000000000e-01   -4.244367942579219e-01   -4.213306573714163e-01   -4.479646493846983e-01   -2.127427655203439e-02   -2.223930702201174e-02   -2.189603945947407e-02    8.500000000000000e+01    1.297699092640893e-02    1.296117067332212e-02    1.296002314968307e-02
    2.720000000000000e-01    2.019531745534674e+00    2.042733586480675e+00    2.008521929564206e+00   -1.808408664948089e-02   -1.899650116379322e-02   -1.877492489911505e-02    8.625000000000000e+01    1.275008877520644e-02    1.273448504205174e-02    1.275093194122157e-02
    2.760000000000000e-01    3.682783780368376e+00    3.714961317749376e+00    3.673985188398191e+00   -6.679455597674785e-03   -7.481111355333118e-03   -7.409910663190256e-03    8.750000000000000e+01    1.259479344128656e-02    1.259102602313542e-02    1.260217489931591e-02
    2.800000000000000e-01    3.902138377538513e+00    3.929588247342923e+00    3.885468026766402e+00    8.490388718138994e-03    7.807987774851480e-03    7.708995767138932e-03    8.875000000000000e+01    1.260967691570456e-02    1.262872138612602e-02    1.261623459287684e-02
    2.840000000000000e-01    2.599281411821037e+00    2.611741886130868e+00    2.569708589612245e+00    2.149322829685810e-02    2.089064804179906e-02    2.061934899989623e-02    9.000000000000000e+01    1.291552642880980e-02    1.296227297617181e-02    1.291953324502939e-02
    2.880000000000000e-01    2.936920911472098e-01    2.886815749845964e-01    2.534709340436767e-01    2.727917530279459e-02    2.669149496402999e-02    2.626570804720807e-02    9.125000000000000e+01    1.360453442812171e-02    1.367473845662893e-02    1.360886409110014e-02
    2.920000000000000e-01   -2.125573286593603e+00   -2.141927938169542e+00   -2.167949579541577e+00    2.361541291190180e-02    2.298500223766010e-02    2.243675075621228e-02    9.250000000000000e+01    1.467411778263993e-02    1.475505469921806e-02    1.468348676526840e-02
    2.960000000000000e-01   -3.755009008879392e+00   -3.770957487810923e+00   -3.788419328064041e+00    1.185424832095581e-02    1.115923138569917e-02    1.052401294100104e-02    9.375000000000000e+01    1.597890652182648e-02    1.605330521580859e-02    1.599699812094941e-02
    3.000000000000000e-01   -4.007619575079394e+00   -4.011263500732333e+00   -4.022807815841711e+00   -3.671008846961760e-03   -4.405210591387348e-03   -5.098441346810467e-03    9.500000000000000e+01    1.723339942741835e-02    1.728487535672756e-02    1.726116354406021e-02
    3.040000000000000e-01   -2.808293177598357e+00   -2.793069244636607e+00   -2.801308588340125e+00   -1.730283435231727e-02   -1.801387608212523e-02   -1.874667415517414e-02    9.625000000000000e+01    1.807666331966114e-02    1.809447913021234e-02    1.811222682607625e-02
    3.080000000000000e-01   -6.073418274472819e-01   -5.749103830498152e-01   -5.805408800555505e-01   -2.413410436240854e-02   -2.474983533749807e-02   -2.551037309196550e-02    9.750000000000000e+01    1.817995026221941e-02    1.816151113494070e-02    1.821971479925746e-02
    3.120000000000000e-01    1.781920683752227e+00    1.822788173056070e+00    1.821535117009124e+00   -2.178494664979865e-02   -2.225407975748556e-02   -2.302838461805835e-02    9.875000000000000e+01    1.735514251112395e-02    1.730573930339546e-02    1.739521910239599e-02
    3.160000000000000e-01    3.474504444225221e+00    3.512408930864764e+00    3.518580952470179e+00   -1.127209639384376e-02   -1.158368554964389e-02   -1.234815247909975e-02    1.000000000000000e+02    1.561936155294775e-02    1.554972814754220e-02    1.565660393777087e-02
    3.200000000000000e-01    3.843099802492585e+00    3.869513448541534e+00    3.885196409717563e+00    3.363112099591857e-03    3.180159209168705e-03    2.459402245275740e-03    1.012500000000000e+02    1.319018471464035e-02    1.311303460610489e-02    1.322253515029103e-02
    3.240000000000000e-01    2.761437712720880e+00    2.774462212366481e+00    2.798846311332035e+00    1.657218713001879e-02    1.646811053098474e-02    1.582748768737494e-02    1.025000000000000e+02    1.041621949580249e-02    1.034297616726747e-02    1.044253855704564e-02
    3.280000000000000e-01    6.538328248304035e-01    6.585160827134556e-01    6.874926708944658e-01    2.340272820512136e-02    2.333406712114461e-02    2.280016565182794e-02    1.037500000000000e+02    7.673698291752012e-03    7.612283470452490e-03    7.693460676676559e-03
    3.320000000000000e-01   -1.675229820279984e+00   -1.669912546474748e+00   -1.642275442290775e+00    2.135993421422219e-02    2.131127419362202e-02    2.089060010903532e-02    1.050000000000000e+02    5.269483509597855e-03    5.223513469222022e-03    5.282634563797880e-03
    3.360000000000000e-01   -3.354854659253829e+00   -3.340671960936009e+00   -3.319497757434027e+00    1.129976525515457e-02    1.129010517880051e-02    1.096705370958572e-02    1.062500000000000e+02    3.382151198915691e-03    3.351411570122464e-03    3.389168160456456e-03
    3.400000000000000e-01   -3.773097956782796e+00   -3.746576750425148e+00   -3.733750407935155e+00   -2.956139976918682e-03   -2.884392243921806e-03   -3.139442621152646e-03    1.075000000000000e+02    2.052631198750209e-03    2.034371438357392e-03    2.054619304216228e-03
    3.440000000000000e-01   -2.796164874894946e+00   -2.760134380005608e+00   -2.753336130490105e+00   -1.609466564027417e-02   -1.589781450478332e-02   -1.611361569800317e-02    1.087500000000000e+02    1.215301072679056e-03    1.205760724633970e-03    1.213912133965524e-03
    3.480000000000000e-01   -8.139232651734741e-01   -7.760333807073626e-01   -7.698120232091753e-01   -2.331484192041101e-02   -2.297015002620926e-02   -2.315991200540173e-02    1.100000000000000e+02    7.483584065943373e-04    7.440108985262611e-04    7.454497876941431e-04
    3.520000000000000e-01    1.402155790199929e+00    1.433072525502378e+00    1.444548393269680e+00   -2.213837687035810e-02   -2.165607173661923e-02   -2.181043926528072e-02    1.112500000000000e+02    5.216691146172619e-04    5.198976899256398e-04    5.188152991424993e-04
    3.560000000000000e-01    2.988781741293452e+00    3.006652533529672e+00    3.026390048816261e+00   -1.335650180737133e-02   -1.277662161855512e-02   -1.286856238110884e-02    1.125000000000000e+02    4.282052547469312e-04    4.274099549946664e-04    4.262958067292693e-04
    3.600000000000000e-01    3.331291044098780e+00    3.335139823963403e+00    3.361292424735890e+00   -7.163562365868643e-04   -9.303690356897209e-05   -9.319743400453380e-05    1.137500000000000e+02    3.958401496763031e-04    3.951909334654377e-04    3.949687858131525e-04
    3.640000000000000e-01    2.318303986462140e+00    2.312015011229667e+00    2.338222084750140e+00    1.058283382453498e-02    1.120127276681717e-02    1.130583158496753e-02    1.150000000000000e+02    3.844266400077552e-04    3.835387264576975e-04    3.841181017033433e-04
    3.680000000000000e-01    3.921876163179774e-01    3.821183027220422e-01    4.002142576682181e-01    1.600381703009521e-02    1.658953939472059e-02    1.678270426980425e-02    1.162500000000000e+02    3.762272628645868e-04    3.749426456402554e-04    3.758625127464511e-04
    3.720000000000000e-01   -1.635171025233336e+00   -1.643296707232999e+00   -1.639494858536185e+00    1.351785021226450e-02    1.406718258569867e-02    1.430414306806831e-02    1.175000000000000e+02    3.663458240738279e-04    3.646490988948774e-04    3.655465867428979e-04
    3.760000000000000e-01   -2.920136220291330e+00   -2.923487320718654e+00   -2.935224674077480e+00    4.407235721215164e-03    4.933614529795365e-03    5.154704002840984e-03    1.187500000000000e+02    3.561483927553353e-04    3.541392047324906e-04    3.549278344552678e-04
    3.800000000000000e-01   -2.931731789412467e+00   -2.930877579458267e+00   -2.953843225130409e+00   -7.296500298192431e-03   -6.775115270558478e-03   -6.623431795574794e-03    1.200000000000000e+02    3.493861973672424e-04    3.472317321831647e-04    3.480309041572050e-04
    3.840000000000000e-01   -1.664368636525914e+00   -1.662122407774211e+00   -1.688481482987953e+00   -1.648870115006919e-02   -1.596111524502344e-02   -1.590808121181152e-02    1.212500000000000e+02    3.494835717862583e-04    3.473476733560540e-04    3.482994937224135e-04
    3.880000000000000e-01    3.599709409298531e-01    3.605124067061586e-01    3.384380925355519e-01   -1.909749654126132e-02   -1.856433524715954e-02   -1.860816799271632e-02    1.225000000000000e+02    3.572605648331510e-04    3.552634157634854e-04    3.563836116551569e-04
    3.920000000000000e-01    2.301699734554499e+00    2.298841074300880e+00    2.285025194499023e+00   -1.377415519029261e-02   -1.324562828514546e-02   -1.336124141864717e-02    1.237500000000000e+02    3.698696229956185e-04    3.681134201123945e-04    3.692679773108748e-04
    3.960000000000000e-01    3.349295434163352e+00    3.343369132524976e+00    3.336389102235020e+00   -2.472164852856911e-03   -1.961207871493748e-03   -2.118412825179083e-03    1.250000000000000e+02    3.822080278638380e-04    3.808309693316018e-04    3.818432885795225e-04
    4.000000000000000e-01    3.062009196621063e+00    3.054756179138209e+00    3.048838422417916e+00    1.035044440871192e-02    1.083504275183263e-02    1.065204222412679e-02    1.262500000000000e+02    3.907165311476019e-04    3.898909955413823e-04    3.907025352655367e-04
    4.040000000000000e-01    1.557508351856067e+00    1.550680864292504e+00    1.539040889253121e+00    1.958947950566619e-02    2.004591683869405e-02    1.982780084746887e-02    1.275000000000000e+02    3.971852879500231e-04    3.970183512844422e-04    3.977850875714321e-04
    4.080000000000000e-01   -5.449433907048236e-01   -5.508431082280006e-01   -5.720421893693654e-01    2.161460942796867e-02    2.204559235082306e-02    2.176179824723638e-02    1.287500000000000e+02    4.090914811002825e-04    4.094925332311350e-04    4.105277366894679e-04
    4.120000000000000e-01   -2.397320314472405e+00   -2.403316154523582e+00   -2.432499349624039e+00    1.573008201761422e-02    1.613727382531989e-02    1.575271516924957e-02    1.300000000000000e+02    4.347972881870441e-04    4.354479481262467e-04    4.370174841461459e-04
    4.160000000000000e-01   -3.280572049741327e+00   -3.288294207346722e+00   -3.318870202267962e+00    4.374297289186752e-03    4.754053101579284e-03    4.249976065465565e-03    1.312500000000000e+02    4.761578170003359e-04    4.766649440296101e-04    4.787572791254637e-04
    4.200000000000000e-01   -2.888992362749152e+00   -2.899190247794125e+00   -2.922606828003830e+00   -7.964831535794208e-03   -7.620915808702410e-03   -8.232977995078019e-03    1.325000000000000e+02    5.246979611592322e-04    5.248483221715581e-04    5.270971920061550e-04
    4.240000000000000e-01   -1.431961623582116e+00   -1.443500723884715e+00   -1.453341365275265e+00   -1.660673950845674e-02   -1.630629775206009e-02   -1.698487438163621e-02    1.337500000000000e+02    5.667963555775298e-04    5.666947587411764e-04    5.685650114709150e-04
    4.280000000000000e-01    4.730911639073629e-01    4.630241033555663e-01    4.679715467588360e-01   -1.852448042780626e-02   -1.826725099311838e-02   -1.895561401866907e-02    1.350000000000000e+02    5.970226044648334e-04    5.969335823168643e-04    5.981036254964283e-04
    4.320000000000000e-01    2.064004028239412e+00    2.058572112107269e+00    2.073710298631517e+00   -1.345029004351270e-02   -1.322405856219271e-02   -1.387225032788836e-02    1.362500000000000e+02    6.302962856512303e-04    6.302467710648180e-04    6.309409769949785e-04
    4.360000000000000e-01    2.745447162334568e+00    2.746487511600335e+00    2.763478482357716e+00   -3.831387662364743e-03   -3.613939314777507e-03   -4.197872765909890e-03    1.375000000000000e+02    6.997940007509570e-04    6.992678438531066e-04    7.002526177145990e-04
    4.400000000000000e-01    2.321187798448697e+00    2.328129975680307e+00    2.338650930157199e+00    6.301882259201788e-03    6.535295659783779e-03    6.006386059119939e-03    1.387500000000000e+02    8.344354335338521e-04    8.325448476135781e-04    8.346789468653462e-04
    4.440000000000000e-01    1.050053699814699e+00    1.060026797910437e+00    1.059489553681544e+00    1.304436525572858e-02    1.331160920696526e-02    1.280266702679742e-02    1.400000000000000e+02    1.026797052208930e-03    1.023010492337770e-03    1.026563598380267e-03
    4.480000000000000e-01   -4.929200252679024e-01   -4.837826394683078e-01   -4.942865244505952e-01    1.415863260482218e-02    1.446409752384952e-02    1.393307308525932e-02    1.412500000000000e+02    1.220199007698143e-03    1.215179019282504e-03    1.219402519914834e-03
    4.520000000000000e-01   -1.677730812166240e+00   -1.672359714133527e+00   -1.686831869171182e+00    9.817330929953893e-03    1.015181281664585e-02    9.570836298015766e-03    1.425000000000000e+02    1.348286359216738e-03    1.344034212094222e-03    1.347473886394958e-03
    4.560000000000000e-01   -2.079058975877686e+00   -2.077840019543863e+00   -2.088462179275861e+00    2.303751353866040e-03    2.651413349291074e-03    2.020248201121679e-03    1.437500000000000e+02    1.441301852862998e-03    1.440005667418755e-03    1.441716844439596e-03
    4.600000000000000e-01   -1.624810722506658e+00   -1.625223188545483e+00   -1.626128983502213e+00   -5.103988042902648e-03   -4.754713066887620e-03   -5.408934124434469e-03    1.450000000000000e+02    1.772810069007383e-03    1.774609710740259e-03    1.775916294182392e-03
    4.640000000000000e-01   -5.867315664790996e-01   -5.846061631987322e-01   -5.743635439705076e-01   -9.527072620874164e-03   -9.174371770376052e-03   -9.809919179379909e-03    1.462500000000000e+02    2.976858269176038e-03    2.977752727730299e-03    2.983776193249797e-03
    4.680000000000000e-01    5.629500016355231e-01    5.710741519553667e-01    5.894563856566654e-01   -9.574635750561316e-03   -9.201435792862782e-03   -9.779733496007593e-03    1.475000000000000e+02    6.045188229231131e-03    6.036800723587226e-03    6.056939314004837e-03
    4.720000000000000e-01    1.356864774529299e+00    1.371498110089596e+00    1.392836666436629e+00   -5.735006198231671e-03   -5.316291268772857e-03   -5.815147391821004e-03    1.487500000000000e+02    1.213831897662675e-02    1.211064586092891e-02    1.215756951743463e-02
    4.760000000000000e-01    1.513748120774980e+00    1.531521009370806e+00    1.551679045286059e+00    6.219592376888582e-06    4.897469701479473e-04    7.388403162437362e-05    1.500000000000000e+02    2.221432328666080e-02    2.216098935859041e-02    2.224833872647796e-02
    4.800000000000000e-01    1.027916317034995e+00    1.042475688798134e+00    1.060886547186867e+00    5.089548467996838e-03    5.637740366485830e-03    5.299015216570227e-03    1.512500000000000e+02    3.657058734291861e-02    3.649431277698008e-02    3.663381546554639e-02
    4.840000000000000e-01    1.416968018473513e-01    1.460872905617530e-01    1.663399347780877e-01    7.428774705761530e-03    8.014866325205604e-03    7.753468180500138e-03    1.525000000000000e+02    5.446496939366459e-02    5.438007765921708e-02    5.457895288292972e-02
    4.880000000000000e-01   -7.747447360634931e-01   -7.851720721224970e-01   -7.570195774217812e-01    6.162678837329245e-03    6.736696762084117e-03    6.572108895212751e-03    1.537500000000000e+02    7.399354037859925e-02    7.392320507117382e-02    7.418248102307703e-02
    4.920000000000000e-01   -1.376704099459593e+00   -1.402056120747523e+00   -1.360668934932671e+00    1.859781166283073e-03    2.362240376344076e-03    2.336731870503848e-03    1.550000000000000e+02    9.233543516067048e-02    9.230382164267940e-02    9.261774245191273e-02
    4.960000000000000e-01   -1.467170152853212e+00   -1.502481326273767e+00   -1.446357217048621e+00   -3.827967338342535e-03   -3.446834517698504e-03   -3.277320433458736e-03    1.562500000000000e+02    1.063489849724751e-01    1.063713012660401e-01    1.067276495864410e-01
    5.000000000000000e-01   -1.047740652092347e+00   -1.084577401650613e+00   -1.017424370142481e+00   -8.857788948233655e-03   -8.620951973547265e-03   -8.204883607840940e-03    1.575000000000000e+02    1.133651060339727e-01    1.134402001516655e-01    1.138212940583805e-01
    5.040000000000000e-01   -2.935268399812851e-01   -3.232216017731280e-01   -2.528041012045183e-01   -1.154032393238092e-02   -1.143654998039475e-02   -1.074534055053494e-02    1.587500000000000e+02    1.119319759325312e-01    1.120413772107700e-01    1.124256724520762e-01
    5.080000000000000e-01    5.247787457216355e-01    5.076520446457738e-01    5.726333314788247e-01   -1.107782012090022e-02   -1.106768909464946e-02   -1.010568208998633e-02    1.600000000000000e+02    1.022615422480086e-01    1.023758834230030e-01    1.027402943286555e-01
    5.120000000000000e-01    1.137511049675974e+00    1.133063650223520e+00    1.186409495970459e+00   -7.753240530105000e-03   -7.786257704910868e-03   -6.587596435087759e-03    1.612500000000000e+02    8.621987547183142e-02    8.630991313228403e-02    8.663291584725978e-02
    5.160000000000000e-01    1.360272246329769e+00    1.363620102391973e+00    1.403631739084522e+00   -2.757673938093514e-03   -2.792890199679882e-03   -1.407513964977798e-03    1.625000000000000e+02    6.685660489444453e-02    6.690361043997786e-02    6.716883947535493e-02
    5.200000000000000e-01    1.144416816374606e+00    1.148197597504942e+00    1.177378134079963e+00    2.251704187315236e-03    2.230745200113947e-03    3.754505781351173e-03    1.637500000000000e+02    4.762454845633585e-02    4.762511015355244e-02    4.782466956303160e-02
    5.240000000000000e-01    5.835810723414830e-01    5.814645333873454e-01    6.043060061545263e-01    5.707699964747413e-03    5.690069461898521e-03    7.317874061820153e-03    1.650000000000000e+02    3.153926234421889e-02    3.150248635568959e-02    3.163888064445629e-02
    5.280000000000000e-01   -1.225597569849185e-01   -1.329276040696990e-01   -1.128221897643504e-01    6.629742595460543e-03    6.587143320533814e-03    8.300841694600505e-03    1.662500000000000e+02    2.053393613873368e-02    2.047309718162352e-02    2.055880953571735e-02
    5.320000000000000e-01   -7.352263280884260e-01   -7.510755484388235e-01   -7.330932913058567e-01    4.914170425313854e-03    4.819137015516769e-03    6.609010732460090e-03    1.675000000000000e+02    1.518038337757095e-02    1.510401231757490e-02    1.515837335882872e-02
    5.360000000000000e-01   -1.053883931972242e+00   -1.068430666444875e+00   -1.055264904245607e+00    1.335949905192519e-03    1.180124585749371e-03    3.032294341357164e-03    1.687500000000000e+02    1.480979697335652e-02    1.471735851285410e-02    1.476125833573709e-02
    5.400000000000000e-01   -9.809270722485364e-01   -9.863008241028759e-01   -9.823405889444021e-01   -2.733672103249038e-03   -2.929338395346132e-03   -1.042916645022854e-03    1.700000000000000e+02    1.793331208525275e-02    1.781792523247964e-02    1.786776781735720e-02
    5.440000000000000e-01   -5.540411925157245e-01   -5.448314577373456e-01   -5.534686170240504e-01   -5.803608632777560e-03   -5.991602959026575e-03   -4.114535056959759e-03    1.712500000000000e+02    2.278190416442499e-02    2.263850672571532e-02    2.270124228023513e-02
    5.480000000000000e-01    6.509791356579149e-02    8.920232040313156e-02    6.787408040243302e-02   -6.781495190677426e-03   -6.902861233695003e-03   -5.085724130202994e-03    1.725000000000000e+02    2.778125949851315e-02    2.761547400945707e-02    2.768638081178330e-02
    5.520000000000000e-01    6.453230917758810e-01    6.790076202575578e-01    6.488053788464103e-01   -5.360653179994081e-03   -5.366441352373625e-03   -3.652365211705307e-03    1.737500000000000e+02    3.183995070750635e-02    3.167239116848834e-02    3.173653936200005e-02
    5.560000000000000e-01    9.689465769993907e-01    1.003174621808763e+00    9.704172676739831e-01   -2.132113842443538e-03   -2.002076868240982e-03   -4.139199186645196e-04    1.750000000000000e+02    3.442261606984420e-02    3.428571258218415e-02    3.432294068610733e-02
    5.600000000000001e-01    9.151288822185858e-01    9.407223396883277e-01    9.116035840758776e-01    1.636037075992415e-03    1.885717054753199e-03    3.350121784835202e-03    1.762500000000000e+02    3.546055267893480e-02    3.538883111946272e-02    3.538092474400279e-02
    5.640000000000001e-01    5.101522506660492e-01    5.215298553670749e-01    4.996583354128722e-01    4.486599341761685e-03    4.810221444864005e-03    6.172645623812701e-03    1.775000000000000e+02    3.518962757451138e-02    3.520767223865939e-02    3.514560189933567e-02
    5.680000000000001e-01   -7.983306036191852e-02   -8.237839692390911e-02   -9.711498418554632e-02    5.347237722369947e-03    5.688524361750337e-03    6.977732326267352e-03    1.787500000000000e+02    3.399421131059036e-02    3.410759291460520e-02    3.399643698946315e-02
    5.720000000000001e-01   -6.149699863567420e-01   -6.254465662062880e-01   -6.362906028796337e-01    3.957631628932625e-03    4.272874435489943e-03    5.510921152136992e-03    1.800000000000000e+02    3.229455810357758e-02    3.248745204066947e-02    3.234715666297459e-02
    5.760000000000001e-01   -8.810868742146428e-01   -8.903588752336353e-01   -9.017838900962963e-01    9.655179077898557e-04    1.241263552610096e-03    2.434772166185131e-03    1.812500000000000e+02    3.047346033528599e-02    3.071351400491130e-02    3.057485967088586e-02
    5.800000000000000e-01   -7.798194995597857e-01   -7.794618651046256e-01   -7.949248251062871e-01   -2.356294839759002e-03   -2.098377928066426e-03   -9.586452642200357e-04    1.825000000000000e+02    2.881961650416884e-02    2.906756019708969e-02    2.896428971836369e-02
    5.840000000000000e-01   -3.696595725847950e-01   -3.555115901146110e-01   -3.759161931258687e-01   -4.655252984048164e-03   -4.368324838504900e-03   -3.300327300684347e-03    1.837500000000000e+02    2.747502885519815e-02    2.769499937537992e-02    2.765447954904663e-02
    5.880000000000000e-01    1.607646987089557e-01    1.868164513589293e-01    1.632433944705079e-01   -5.073042731799842e-03   -4.705715116016264e-03   -3.725672897995069e-03    1.850000000000000e+02    2.639789743426498e-02    2.656491358694109e-02    2.660038384978850e-02
    5.920000000000000e-01    5.761069898518466e-01    6.068645437902572e-01    5.832974927237905e-01   -3.599299354678237e-03   -3.118353125717890e-03   -2.232591123606472e-03    1.862500000000000e+02    2.536859409555731e-02    2.547148449250778e-02    2.557853232843382e-02
    5.960000000000000e-01    6.979161991536196e-01    7.238306280072746e-01    7.029480263172783e-01   -1.051252976667304e-03   -4.569627821228267e-04    3.398999144756652e-04    1.875000000000000e+02    2.405891458495330e-02    2.409908973352707e-02    2.425754699787347e-02
    6.000000000000000e-01    4.821565896683837e-01    4.952602424698888e-01    4.778355404321882e-01    1.308892600976703e-03    1.981218958831500e-03    2.701467047974598e-03    1.887500000000000e+02    2.215547969600939e-02    2.214325595659079e-02    2.232375332587462e-02
    6.040000000000000e-01    3.554723888916599e-02    3.265841916682770e-02    1.738024894543488e-02    2.344300258091802e-03    3.037056282104933e-03    3.691898626729844e-03    1.900000000000000e+02    1.949451158840203e-02    1.944487105915978e-02    1.961760978234770e-02
    6.080000000000000e-01   -4.362970821920819e-01   -4.524692639979978e-01   -4.680063211731005e-01    1.542800571485971e-03    2.197434592442593e-03    2.790646482274513e-03    1.912500000000000e+02    1.614959278953958e-02    1.607861133398559e-02    1.622122075512612e-02
    6.120000000000000e-01   -7.239709693165222e-01   -7.462321805111090e-01   -7.640630582264738e-01   -7.777355315312377e-04   -1.999682965756211e-04    3.265077234753636e-04    1.925000000000000e+02    1.242901104566183e-02    1.235134119405725e-02    1.245327026073431e-02
    6.160000000000000e-01   -7.075783183351833e-01   -7.274788894215664e-01   -7.481435770109381e-01   -3.640834106834648e-03   -3.147390436440972e-03   -2.697905546999460e-03    1.937500000000000e+02    8.779284565571446e-03    8.706552725567489e-03    8.769002587812337e-03
    6.200000000000000e-01   -4.050826918834349e-01   -4.165696941807153e-01   -4.388296763676294e-01   -5.866156127271884e-03   -5.435487603645536e-03   -5.071852053756595e-03    1.950000000000000e+02    5.635510037487561e-03    5.575409615273193e-03    5.607624070400384e-03
    6.240000000000000e-01    4.462746169397128e-02    4.263915654214177e-02    2.120598742389727e-02   -6.587066587650812e-03   -6.183348678922683e-03   -5.907099431644061e-03    1.962500000000000e+02    3.283389837296405e-03    3.239416891227639e-03    3.253402777032416e-03
    6.280000000000000e-01    4.523502804456723e-01    4.555431396907156e-01    4.374311024810555e-01   -5.593111103371525e-03   -5.186984086456967e-03   -4.989825251834155e-03    1.975000000000000e+02    1.789434376574413e-03    1.761320455927430e-03    1.767282842309401e-03
    6.320000000000000e-01    6.663375255450418e-01    6.669234595541064e-01    6.536510249761911e-01   -3.355735491390097e-03   -2.942050887967323e-03   -2.807660996919661e-03    1.987500000000000e+02    1.020472126341897e-03    1.005268239153040e-03    1.009260419439327e-03
    6.360000000000000e-01    6.349169264759129e-01    6.251747644743815e-01    6.168414544152011e-01   -7.532265873481875e-04   -3.578544399103474e-04   -2.666760381368772e-04    2.000000000000000e+02    7.312180675598545e-04    7.247492499663865e-04    7.287638564912394e-04
    6.400000000000000e-01    4.169034646142672e-01    3.927657439854218e-01    3.884278403559126e-01    1.350414194832173e-03    1.678026577009259e-03    1.743862551405350e-03    2.012500000000000e+02    6.715253905440237e-04    6.697664512487448e-04    6.734014098180024e-04
    6.440000000000000e-01    1.400129070663268e-01    1.030416081341666e-01    1.016137212180197e-01    2.464246938193361e-03    2.669641281248436e-03    2.723945674553216e-03    2.025000000000000e+02    6.650113428457473e-04    6.649793477880948e-04    6.673757015936466e-04
    6.480000000000000e-01   -6.764399153891383e-02   -1.107758147899292e-01   -1.097397251113276e-01    2.608984769248186e-03    2.654172867936911e-03    2.707693666766600e-03    2.037500000000000e+02    6.340085185468593e-04    6.340132901632962e-04    6.350484248668378e-04
    6.520000000000000e-01   -1.373399641953339e-01   -1.775177834184874e-01   -1.737177431667540e-01    2.199016857779691e-03    2.077585671520078e-03    2.140778730210436e-03    2.050000000000000e+02    5.764470574630586e-04    5.758353831278884e-04    5.762558239998756e-04
    6.560000000000000e-01   -8.264529828783461e-02   -1.118463499208855e-01   -1.048670095699341e-01    1.759046332813354e-03    1.498857404841332e-03    1.583609224737060e-03    2.062500000000000e+02    5.211371679173347e-04    5.198379941149327e-04    5.206736646832391e-04
    6.600000000000000e-01    2.199599610398938e-02    7.812183283965643e-03    1.760868283974120e-02    1.637747728445663e-03    1.290789071567492e-03    1.409092571276674e-03    2.075000000000000e+02    4.902377557962096e-04    4.883908353430111e-04    4.902743713250713e-04
    6.640000000000000e-01    9.136398488722677e-02    9.108475675972597e-02    1.020651823357078e-01    1.864467690428096e-03    1.488582951654875e-03    1.648440301627572e-03    2.087500000000000e+02    4.845981506467575e-04    4.823859255205756e-04    4.852536425015845e-04
    6.680000000000000e-01    7.874376180917121e-02    8.700186011664174e-02    9.654038692432629e-02    2.204683183820892e-03    1.844756185407611e-03    2.045651440147640e-03    2.100000000000000e+02    4.901370978449708e-04    4.877694902846500e-04    4.910428005230230e-04
    6.720000000000000e-01   -2.345252629446720e-03    7.375364552133823e-03    1.277795799175725e-02    2.357480202180341e-03    2.033510634745162e-03    2.264288129979807e-03    2.112500000000000e+02    4.923959251153818e-04    4.901245961750057e-04    4.931430479693591e-04
    6.760000000000000e-01   -9.325022421846413e-02   -8.773892318329249e-02   -8.814336404457188e-02    2.166289248484519e-03    1.872783517482845e-03    2.113557317874178e-03    2.125000000000000e+02    4.863462864578375e-04    4.844247632175511e-04    4.868060951126512e-04
    6.800000000000000e-01   -1.299151318703123e-01   -1.305821190006318e-01   -1.367365336905803e-01    1.719958536306967e-03    1.436141433114996e-03    1.663797522403874e-03    2.137500000000000e+02    4.762794626775256e-04    4.748752673608014e-04    4.766105900107615e-04
    6.840000000000001e-01   -8.227014754152789e-02   -8.690385010237285e-02   -9.708973280512538e-02    1.295587977483286e-03    1.001169494908987e-03    1.196144989412462e-03    2.150000000000000e+02    4.690819998650464e-04    4.682058023231609e-04    4.695157216966315e-04
    6.880000000000001e-01    2.922725482391762e-02    2.556417075969388e-02    1.385806212412729e-02    1.189502192048066e-03    8.784901362236288e-04    1.029681648050466e-03    2.162500000000000e+02    4.677895075678051e-04    4.672965614843654e-04    4.684152994107893e-04
    6.920000000000001e-01    1.476743833153090e-01    1.500722338572935e-01    1.388864106332919e-01    1.543305468326519e-03    1.229762945457603e-03    1.335170593565305e-03    2.175000000000000e+02    4.700613429807175e-04    4.697244985504745e-04    4.707718747488632e-04
    6.960000000000001e-01    2.145113711689803e-01    2.257665249547797e-01    2.157029474861194e-01    2.267676977295098e-03    1.981440463081750e-03    2.044349309804127e-03    2.187500000000000e+02    4.713189008197486e-04    4.709232107405359e-04    4.719126635840112e-04
    7.000000000000001e-01    2.040756185610518e-01    2.233989318468876e-01    2.135311229939901e-01    3.104850956755161e-03    2.879771376685084e-03    2.902817450764346e-03    2.200000000000000e+02    4.688992775882872e-04    4.683029078665377e-04    4.692216358779375e-04
    7.040000000000000e-01    1.378675073011823e-01    1.611723841936217e-01    1.499024028635095e-01    3.788737208479629e-03    3.648914008766103e-03    3.629684502479345e-03    2.212500000000000e+02    4.637403494633924e-04    4.628815328083686e-04    4.637459345648273e-04
    7.080000000000000e-01    7.037408274701985e-02    9.192693504116115e-02    7.824402779149091e-02    4.205220388576034e-03    4.155112647235669e-03    4.085977363789346e-03    2.225000000000000e+02    4.588375755702832e-04    4.577086426637660e-04    4.585491923558903e-04
    7.120000000000000e-01    5.482770670251379e-02    6.952691471546335e-02    5.387570444894686e-02    4.455623967475101e-03    4.478020346748917e-03    4.350216828270222e-03    2.237500000000000e+02    4.563760663012179e-04    4.550005697713854e-04    4.558069780553222e-04
    7.160000000000000e-01    1.091964969515507e-01    1.144604221260559e-01    9.874421630077762e-02    4.783672374783230e-03    4.845995020431956e-03    4.655456669769671e-03    2.250000000000000e+02    4.560619814728517e-04    4.544936378348638e-04    4.551874377961178e-04
    7.200000000000000e-01    2.027956270281639e-01    1.992102157876680e-01    1.860222707822282e-01    5.407656622742659e-03    5.473336296259404e-03    5.224989643935683e-03    2.262500000000000e+02    4.557293753831031e-04    4.540627848410736e-04    4.545368929378231e-04
    7.240000000000000e-01    2.718132470842842e-01    2.623537319898643e-01    2.538900785455176e-01    6.356874370967555e-03    6.396464191814468e-03    6.104814342591173e-03    2.275000000000000e+02    4.533183101470437e-04    4.516876791551737e-04    4.518911052144796e-04
    7.280000000000000e-01    2.549743946600378e-01    2.433751387859929e-01    2.405271682503715e-01    7.410449654456199e-03    7.407921933366183e-03    7.093648836182952e-03    2.287500000000000e+02    4.484321662235519e-04    4.469853904069516e-04    4.469891162061471e-04
    7.320000000000000e-01    1.288291336736656e-01    1.180160402533631e-01    1.200235998933273e-01    8.178056711123606e-03    8.130704291444895e-03    7.814750372470350e-03    2.300000000000000e+02    4.423526326606875e-04    4.412115118324737e-04    4.412012092745065e-04
    7.360000000000000e-01   -7.739888062023005e-02   -8.611823187460091e-02   -8.129712974619099e-02    8.280917217230477e-03    8.194499908202419e-03    7.892203312764622e-03    2.312500000000000e+02    4.367981097844819e-04    4.360293810399335e-04    4.362220044816045e-04
    7.400000000000000e-01   -2.955402279473776e-01   -3.023571816922787e-01   -2.971444596590500e-01    7.535039000095263e-03    7.417549081068660e-03    7.135320133954142e-03    2.325000000000000e+02    4.326229966287822e-04    4.322374744015672e-04    4.327713872432813e-04
    7.440000000000000e-01   -4.528726663068184e-01   -4.587214602086982e-01   -4.549874621126640e-01    6.038213211586870e-03    5.895391797266706e-03    5.631056290410713e-03    2.337500000000000e+02    4.294583903074279e-04    4.294338668182837e-04    4.302984105954628e-04
    7.480000000000000e-01   -5.081894349519290e-01   -5.138481463174087e-01   -5.124878143592051e-01    4.116089009069375e-03    3.950252584214491e-03    3.696105737466975e-03    2.350000000000000e+02    4.263574194542087e-04    4.266636276271202e-04    4.277059948182149e-04
    7.520000000000000e-01   -4.701220453997587e-01   -4.756258507519431e-01   -4.768089508167420e-01    2.159466048366000e-03    1.971304590075788e-03    1.717512207115081e-03    2.362500000000000e+02    4.227128329012068e-04    4.233175826724755e-04    4.243162097169653e-04
    7.560000000000000e-01   -3.883347435028436e-01   -3.929620298103493e-01   -3.967076976093045e-01    4.425524705607948e-04    2.341288289512033e-04   -2.952108973701188e-05    2.375000000000000e+02    4.186671358515476e-04    4.195200147818684e-04    4.202787945051285e-04
    7.600000000000000e-01   -3.232119482305059e-01   -3.259934754415840e-01   -3.325210737878737e-01   -9.805409129059043e-04   -1.203782181552664e-03   -1.487978632531368e-03    2.387500000000000e+02    4.148320623611972e-04    4.158411484168223e-04    4.162571412269759e-04
    7.640000000000000e-01   -3.115291218109392e-01   -3.119107443527452e-01   -3.214948421957574e-01   -2.250023052988795e-03   -2.479590621141322e-03   -2.796010464498631e-03    2.400000000000000e+02    4.117640635424656e-04    4.127869793279023e-04    4.128699301623967e-04
    7.680000000000000e-01   -3.476614945824006e-01   -3.458387814778320e-01   -3.583404081090141e-01   -3.568404285775474e-03   -3.795089672802477e-03   -4.155680965108174e-03    2.412500000000000e+02    4.097687177492371e-04    4.106286712255653e-04    4.104809111650057e-04
    7.720000000000000e-01   -3.907074418892417e-01   -3.873833317606196e-01   -4.018675753323717e-01   -5.045142158718758e-03   -5.261533899279381e-03   -5.676096931990946e-03    2.425000000000000e+02    4.091960440820656e-04    4.097159956916377e-04    4.094960911031417e-04
    7.760000000000000e-01   -3.926037245208415e-01   -3.883529705467823e-01   -4.031490885151392e-01   -6.611764491538925e-03   -6.813006503894184e-03   -7.286130259685967e-03    2.437500000000000e+02    4.108663556065542e-04    4.109040442487073e-04    4.107926101920216e-04
    7.800000000000000e-01   -3.299048300523431e-01   -3.246318078140107e-01   -3.379562550688728e-01   -8.056781600685294e-03   -8.238976060615770e-03   -8.768340946853991e-03    2.450000000000000e+02    4.161027040393063e-04    4.155726710539161e-04    4.157448470943746e-04
    7.840000000000000e-01   -2.198213349027875e-01   -2.127441407539388e-01   -2.236895394517145e-01   -9.156233930595555e-03   -9.313727957751670e-03   -9.891632535895166e-03    2.462500000000000e+02    4.261593890318488e-04    4.250403620749977e-04    4.256406037654588e-04
    7.880000000000000e-01   -1.105486288104692e-01   -1.007889104364902e-01   -1.101775215188788e-01   -9.816973858022070e-03   -9.940794060132528e-03   -1.055936665783635e-02    2.475000000000000e+02    4.413352758321172e-04    4.396709014749545e-04    4.407877407692499e-04
    7.920000000000000e-01   -5.123475886357492e-02   -3.870400541376636e-02   -4.918600145091984e-02   -1.014054063337016e-02   -1.021977989183304e-02   -1.087809370377595e-02    2.487500000000000e+02    4.603292575642311e-04    4.582293507858049e-04    4.598755170660381e-04
    7.960000000000000e-01   -5.925057597955537e-02   -4.532487218721622e-02   -6.036443937840403e-02   -1.036151130305642e-02   -1.038783764703501e-02   -1.109719458543460e-02    2.500000000000000e+02    4.802419244468795e-04    4.778820721757287e-04    4.799894743803074e-04
