-5.91265 -5.91385
-6.06752 -6.06806
-5.89564 -5.87573
-5.99988 -6.02626
-6.0521 -6.04897
-6.05023 -6.01519
-5.98646 -5.97821
-6.044 -6.03183
-5.91526 -5.90415
-5.91687 -5.90672
-5.98234 -6.00423
-5.99638 -5.99991
-5.99162 -5.98044
-6.03947 -6.03603
-6.02192 -6.02993
-5.95003 -5.94944
-6.08989 -6.09117
-5.81882 -5.84058
-5.93474 -5.93903
-6.04372 -6.04495
-5.95953 -5.9517
-5.85231 -5.8192
-5.89498 -5.88512
-5.94098 -5.94243
-5.95713 -5.93926
-5.9191 -5.93991
-6.05278 -6.07625
-6.13879 -6.14179
-5.96624 -5.95892
-5.86687 -5.89284
-5.96243 -5.96321
-5.85312 -5.85103
-6.10577 -6.12891
-6.00951 -5.9939
-6.06487 -6.06867
-6.01695 -6.02473
-5.96544 -5.95469
-5.92124 -5.92762
-6.00079 -6.01058
-5.95771 -5.95962
-6.0283 -6.03434
-5.86889 -5.86501
-5.92054 -5.92574
-6.01479 -6.00892
-5.9839 -5.99961
-6.54792 -6.57681
-6.15061 -6.158
-5.98678 -5.9868
-5.97741 -5.97869
-5.88117 -5.86824
-5.95187 -5.93333
-5.94752 -5.94087
-5.95664 -5.96212
-5.95572 -5.94751
-5.87496 -5.86488
-5.88359 -5.87542
-6.0115 -6.00795
-6.05474 -6.04905
-5.88323 -5.88206
-6.1181 -6.12876
-6.01414 -6.01585
-5.78437 -5.78385
-5.87103 -5.88181
-5.94896 -5.9481
-5.87664 -5.86225
-5.94262 -5.9472
-6.20849 -6.22134
-6.00316 -6.01081
-6.00577 -5.99223
-5.95223 -5.95797
-5.93277 -5.90659
-5.8742 -5.88661
-6.01131 -6.02039
-5.96405 -5.95442
-5.99533 -6.00098
-5.94942 -5.9439
-5.97408 -5.97373
-5.91147 -5.91306
-5.94366 -5.94067
-6.08708 -6.08216
-5.98513 -5.96992
-5.90972 -5.9058
-5.96854 -5.98949
-6.00345 -6.01747
-6.0955 -6.10727
-6.01496 -6.02388
-5.90411 -5.89304
-5.9986 -5.9967
-6.05109 -6.05037
-5.98556 -6.00248
-5.98861 -5.98692
-5.90127 -5.92078
-6.00258 -6.00345
-6.02187 -6.03445
-5.82144 -5.82254
-6.03795 -6.04381
-5.89858 -5.88344
-6.06012 -6.07074
-5.88656 -5.88408
-5.95455 -5.94762
-5.95691 -5.97413
-6.03358 -6.02495
-5.95959 -5.93968
-5.88794 -5.87416
-5.93698 -5.92018
-5.93777 -5.91824
-5.98484 -5.98252
-6.0835 -6.11273
-5.94258 -5.93191
-6.1186 -6.11206
-5.7605 -5.75002
-5.91542 -5.89457
-5.98124 -5.96626
-5.91912 -5.91927
-5.9356 -5.93787
-5.85404 -5.84253
-6.04269 -6.06803
-5.86783 -5.89575
-5.90084 -5.89377
-5.89476 -5.90216
-5.99806 -6.00157
-6.01867 -6.03901
-6.06928 -6.07397
-5.80615 -5.83007
-5.93449 -5.93108
-6.05429 -6.05569
-5.85865 -5.85365
-5.99842 -5.98636
-5.84756 -5.83995
-6.00234 -6.00963
-5.92722 -5.9115
-6.18541 -6.2138
-6.03646 -6.03884
-5.99611 -5.99081
-5.99588 -5.99639
-5.87046 -5.86603
-5.99356 -5.99627
-5.94941 -5.92886
-5.82749 -5.8432
-5.881 -5.91422
