0.33594 0
-0.24074 0
0.230066 0
0.600869 0
-0.337955 0
-1.1852 0
-0.23283 0
-0.260359 0
0.65574 0
0.620958 0
-0.0640527 0
0.0569392 0
1.3419 0
0.116041 0
0.451534 0
-0.505456 0
0.793799 0
1.7484 0
0.40445 0
-0.47291 0
-0.735628 0
-0.28466 0
0.77254 0
-0.112164 0
0.747658 0
0.261385 0
0.464505 0
0.752448 0
-0.516286 0
0.152338 0
0.407622 0
0.243092 0
0.148293 0
-0.210777 0
-1.00974 0
0.0878661 0
0.0458421 0
-0.353209 0
0.315806 0
0.0405952 0
-1.01715 0
-0.823061 0
0.413681 0
-0.511089 0
0.31747 0
-0.205664 0
-0.145664 0
-0.43969 0
-0.920076 0
0.962136 0
-0.831456 0
0.115795 0
0.450498 0
-0.560517 0
0.590411 0
-0.111908 0
-0.548291 0
-0.723257 0
0.581954 0
0.596145 0
-0.532496 0
0.173306 0
0.462053 0
0.258068 0
0.0256264 0
0.0675739 0
0.545208 0
0.734336 0
0.187005 0
0.50386 0
-1.10621 0
0.443807 0
-0.193578 0
-0.37313 0
0.0649375 0
-0.16044 0
0.699495 0
0.270317 0
0.245446 0
0.296136 0
-0.570228 0
0.450184 0
-0.332591 0
-0.0644483 0
-0.33803 0
-0.817915 0
-0.194458 0
1.43136 0
0.0940022 0
0.634295 0
0.423708 0
0.12872 0
-0.928224 0
-0.0576316 0
0.558984 0
0.201168 0
0.307768 0
0.328185 0
0.360359 0
0.25876 0
-0.636236 0
0.398044 0
-0.0888866 0
0.717111 0
-0.516995 0
-0.196602 0
-0.677296 0
0.447828 0
0.522062 0
0.333012 0
-0.312625 0
0.0644539 0
-0.625575 0
0.582566 0
-0.0796519 0
0.217724 0
0.242749 0
-0.678111 0
-0.247438 0
0.418536 0
-0.0169471 0
0.0665194 0
-0.598625 0
0.210163 0
0.201999 0
0.845089 0
-0.0664291 0
-1.28012 0
0.961295 0
-0.366564 0
0.318458 0
0.57225 0
-0.20687 0
1.58877 0
-0.108044 0
-0.132197 0
0.434875 0
0.716861 0
0.27438 0
1.26226 0
-0.995612 0
-0.693967 0
0.233918 0
-0.778008 0
-0.0978511 0
-0.492427 0
0.338161 0
-1.27372 0
-0.392876 0
-0.014515 0
-0.54646 0
0.0913917 0
0.966719 0
-0.775572 0
0.0570192 0
-0.219742 0
0.234114 0
0.561286 0
-0.455013 0
0.0908335 0
0.448252 0
0.0247932 0
0.887852 0
-0.158169 0
-0.33906 0
0.291978 0
-0.681723 0
-0.413829 0
-0.928538 0
0.0566355 0
0.068287 0
0.0430616 0
-0.781016 0
-0.576445 0
0.103367 0
-2.18846 0
0.164062 0
0.609472 0
-0.152399 0
0.20158 0
-0.233196 0
-0.151857 0
-0.278318 0
-0.338666 0
0.612634 0
0.153147 0
-0.826936 0
1.25447 0
-0.0904232 0
-1.02523 0
0.753268 0
0.0239459 0
0.0243779 0
-1.17832 0
0.955146 0
0.492645 0
-0.252632 0
-0.520973 0
-0.526012 0
-0.00146499 0
-0.429384 0
-0.615321 0
-0.299775 0
-0.417478 0
-0.275163 0
0.494687 0
0.4503 0
-0.332528 0
-0.118333 0
-0.00102442 0
0.974574 0
-0.956075 0
-0.718361 0
-0.732579 0
-0.409688 0
0.405773 0
-0.0338145 0
0.0787015 0
0.1423 0
-0.970942 0
-0.588995 0
0.683583 0
0.235721 0
-0.0798773 0
-0.647792 0
-0.492236 0
1.1216 0
-0.413506 0
-0.147528 0
0.309043 0
-0.293479 0
-0.938855 0
-0.298655 0
-0.284394 0
0.0788302 0
-0.0162875 0
0.707448 0
-0.419771 0
0.100627 0
-1.4314 0
-0.563017 0
0.0855006 0
0.177334 0
-0.918044 0
-0.467648 0
0.415754 0
-0.422929 0
0.336936 0
-0.484151 0
0.945714 0
-0.717234 0
-0.343869 0
-0.539838 0
0.161758 0
0.663053 0
-0.336811 0
0.479032 0
0.216906 0
0.13803 0
0.119926 0
0.571637 0
-0.737245 0
-1.13513 0
-0.691816 0
0.261021 0
0.595265 0
-0.333236 0
-0.654978 0
-0.68032 0
0.210508 0
-0.671386 0
-0.485491 0
-0.53473 0
-0.970498 0
-0.726623 0
-0.262831 0
-0.981474 0
-0.318761 0
0.256965 0
-0.442277 0
-0.497746 0
-0.400012 0
-0.711017 0
-0.470593 0
-0.528998 0
-0.501978 0
-0.325593 0
-0.355531 0
-0.459613 0
-0.46033 0
-0.75706 0
-0.361088 0
-0.153927 0
-0.662048 0
-0.515969 0
-0.573842 0
-0.472579 0
-0.679029 0
-0.628713 0
-0.409107 0
-0.375087 0
-0.41164 0
-0.707384 0
-0.811108 0
-0.797472 0
-0.595675 0
-0.387378 0
-0.382822 0
-0.54589 0
-1.04717 0
-0.573231 0
-0.657486 0
-0.276662 0
-0.344841 0
-0.5964 0
-0.455025 0
-0.328154 0
-0.80586 0
-0.440956 0
-0.474599 0
-0.367607 0
-0.770319 0
-0.594773 0
-0.444748 0
-0.389509 0
-0.137475 0
-0.497932 0
-0.646665 0
-0.508012 0
-0.373468 0
-0.723951 0
-0.605241 0
-0.549787 0
-0.681919 0
-0.880577 0
-0.648427 0
-0.394303 0
-0.678881 0
-0.644572 0
-0.29394 0
-0.445613 0
-0.847384 0
-0.88207 0
-0.717242 0
-0.605647 0
-0.561996 0
-0.47067 0
-0.367333 0
-0.303618 0
-0.219877 0
-0.29038 0
-0.622166 0
-0.662729 0
-0.712896 0
-0.63258 0
-0.442894 0
-0.574014 0
-0.653557 0
-0.748442 0
-0.178867 0
-0.956489 0
-0.411437 0
-0.798806 0
-0.80403 0
-0.269496 0
-0.630321 0
-0.587125 0
-0.381636 0
-0.553854 0
-0.293244 0
-0.470541 0
-0.796575 0
-0.562593 0
-0.466289 0
-0.811136 0
-0.533678 0
-0.700527 0
-0.3886 0
-0.688565 0
-0.62375 0
-0.456143 0
-0.409321 0
-0.332682 0
-0.612405 0
-0.788788 0
-0.169756 0
-0.790825 0
-0.305812 0
-0.470391 0
-0.511747 0
-0.574123 0
-0.645651 0
-0.759208 0
-0.632952 0
-0.660682 0
-0.777584 0
-0.244616 0
-0.678751 0
-0.43277 0
-0.552866 0
-0.270726 0
-0.37047 0
-0.569108 0
-0.535901 0
-0.522485 0
-0.447451 0
-0.861497 0
-0.671143 0
-0.738456 0
-0.498409 0
-0.808523 0
-0.343333 0
-0.518708 0
-0.533878 0
-0.501925 0
-0.641515 0
-0.595036 0
-0.682041 0
-0.690434 0
-0.473365 0
0.0384731 0
0.00898071 0
0.445679 0
-0.637392 0
0.0356473 0
-0.032359 0
-0.0287999 0
0.807551 0
-0.134517 0
0.621549 0
-0.154149 0
-0.172135 0
0.335284 0
0.511613 0
0.32441 0
0.310829 0
-0.236641 0
0.146445 0
0.236336 0
0.341448 0
0.48498 0
0.141651 0
0.27041 0
0.617423 0
-0.227641 0
-0.398025 0
-0.171386 0
0.0748497 0
-0.0302738 0
0.113901 0
-0.0175535 0
-0.569241 0
-0.285851 0
0.295731 0
0.423639 0
0.0817954 0
-0.0417499 0
-0.147478 0
0.13181 0
0.452608 0
0.17923 0
0.0674365 0
-0.0737433 0
-0.0195876 0
0.00794683 0
-0.072499 0
-0.12939 0
-0.103857 0
0.145704 0
0.579237 0
0.475789 0
0.245849 0
0.0935144 0
0.294817 0
-0.159912 0
0.773823 0
-0.607038 0
0.192957 0
-0.305477 0
0.0625568 0
-0.0653717 0
0.399564 0
-0.291839 0
-0.632044 0
-0.525882 0
0.261526 0
0.0331193 0
0.724101 0
0.941226 0
-0.832838 0
-0.14049 0
-0.114724 0
0.366552 0
-0.385413 0
0.0175319 0
-0.273207 0
0.0401913 0
0.404382 0
0.432436 0
-0.0627693 0
0.274768 0
0.0746654 0
-0.352436 0
-0.59328 0
0.172978 0
0.298562 0
0.785044 0
-0.387054 0
-0.441995 0
0.335558 0
0.392969 0
0.110328 0
0.474437 0
0.235338 0
0.0635882 0
-0.230819 0
0.313946 0
-0.196325 0
-0.257481 0
-0.328509 0
0.102479 0
0.0346712 0
0.221654 0
-0.257752 0
-0.559788 0
-0.604301 0
0.00341263 0
-0.418054 0
-0.0551753 0
0.0372935 0
0.126424 0
0.109466 0
0.248171 0
-0.00827493 0
0.0917202 0
0.253825 0
0.00658833 0
0.0505363 0
0.27601 0
0.290165 0
0.464542 0
0.25265 0
-0.262455 0
-0.147811 0
0.921043 0
0.0147638 0
-0.266963 0
-0.36695 0
-0.277271 0
-0.163128 0
-0.403497 0
-0.231736 0
-0.128198 0
-0.155894 0
-0.0947631 0
0.330297 0
0.172684 0
0.137487 0
-0.504279 0
0.195978 0
-0.0204929 0
0.0536518 0
0.130289 0
-0.0780493 0
0.152195 0
-0.354112 0
-0.0417744 0
-0.0323955 0
-0.0715915 0
0.426366 0
0.10563 0
-0.129379 0
-0.0311727 0
0.0475107 0
-0.0540044 0
-0.0542056 0
0.02222 0
-0.0389026 0
0.239254 0
0.0730916 0
-0.151081 0
-0.303935 0
0.0360597 0
-0.0906403 0
0.111546 0
-0.293171 0
-0.0146958 0
-0.11433 0
0.0360389 0
0.219605 0
-0.0370027 0
-0.213994 0
-0.115396 0
0.22482 0
0.0436485 0
-0.330236 0
0.140416 0
0.0599959 0
0.0891393 0
-0.133258 0
0.0206463 0
0.146566 0
0.0335806 0
-0.219424 0
0.458572 0
0.027865 0
0.124 0
-0.184788 0
0.174583 0
0.108322 0
-0.190212 0
-0.336619 0
0.511171 0
-0.146313 0
0.11619 0
0.104406 0
0.0387834 0
0.050679 0
-0.0759143 0
0.311727 0
0.235447 0
-0.192101 0
-0.207487 0
-0.016697 0
0.180497 0
-0.145053 0
0.0187287 0
0.0134833 0
0.0909595 0
-0.0568172 0
0.278192 0
-0.122955 0
0.0149052 0
0.0322652 0
-0.284464 0
0.0225117 0
0.153658 0
0.338711 0
0.369185 0
-0.22064 0
0.0569307 0
-0.309398 0
0.0133676 0
0.0877908 0
-0.133708 0
-0.166936 0
0.0183584 0
0.208987 0
-0.228414 0
-0.281417 0
-0.202438 0
0.234994 0
0.0545144 0
-0.220914 0
-0.179417 0
0.169337 0
0.110301 0
0.050092 0
-0.0633501 0
-0.166155 0
-0.0109568 0
0.179109 0
0.0656646 0
0.0386393 0
0.00866817 0
0.283246 0
0.194271 0
0.104222 0
0.158694 0
0.00375271 0
-0.178517 0
0.28146 0
0.184876 0
-0.0520352 0
0.226336 0
0.0236028 0
0.104834 0
0.105311 0
0.24585 0
0.0580274 0
-0.013693 0
0.161732 0
-0.192529 0
0.377088 0
-0.00603199 0
0.0361848 0
0.300797 0
-0.252888 0
-0.0163859 0
0.0317999 0
-0.0239046 0
0.00789768 0
-0.0130532 0
0.239156 0
0.00674604 0
0.125411 0
-0.0577208 0
0.0934592 0
0.0989367 0
0.0897444 0
-0.214339 0
0.207785 0
0.114297 0
0.168306 0
-0.270432 0
-0.0364223 0
0.305951 0
-0.103294 0
0.165818 0
0.32512 0
0.00811066 0
0.173856 0
0.0799534 0
-0.0220625 0
-0.199603 0
0.0418185 0
0.00219242 0
0.20128 0
0.231468 0
0.0166849 0
0.0647876 0
0.314826 0
0.299938 0
-0.313999 0
-0.115031 0
0.373064 0
-0.0564391 0
-0.0747242 0
-0.266233 0
0.0698627 0
0.17827 0
-0.126363 0
0.00855141 0
0.198012 0
-0.134564 0
0.138158 0
-0.26651 0
0.153849 0
0.0160996 0
-0.104935 0
0.00315054 0
-0.141917 0
0.0846875 0
-0.05049 0
0.0179202 0
0.0418779 0
-0.0561396 0
0.181923 0
0.144916 0
0.0932173 0
-0.0321224 0
-0.218576 0
0.214834 0
0.294334 0
0.210616 0
-0.112944 0
-0.028814 0
-0.103575 0
0.0412943 0
0.177374 0
0.0308784 0
-0.0351564 0
0.087026 0
-0.13979 0
0.329306 0
-0.0566762 0
0.13257 0
-0.165511 0
0.125281 0
-0.0821636 0
0.425877 0
-0.00317827 0
-0.0633026 0
-0.140396 0
0.16848 0
0.184835 0
0.343101 0
0.0373075 0
-0.467071 0
0.316423 0
-0.0314443 0
-0.0246869 0
0.0498529 0
0.334499 0
0.00547633 0
0.0173251 0
0.232635 0
0.193321 0
-0.0863075 0
-0.213902 0
-0.161096 0
-0.158821 0
0.185509 0
-0.000183277 0
0.034805 0
0.112368 0
-0.0594992 0
0.0402912 0
0.0351158 0
-0.0724193 0
-0.104276 0
0.0891655 0
-0.296529 0
0.0200815 0
0.166994 0
0.0446827 0
-0.0571691 0
-0.0595151 0
0.454585 0
0.140074 0
-0.229782 0
0.126844 0
0.107465 0
0.0250098 0
0.16885 0
0.19958 0
0.197343 0
0.113763 0
0.0790025 0
-0.227712 0
-0.0827956 0
0.00118939 0
0.0829398 0
-0.00121949 0
0.309896 0
-0.0717019 0
-0.011024 0
0.389858 0
-0.017778 0
-0.0261106 0
-0.0672952 0
0.214306 0
-0.0181165 0
-0.0184623 0
0.18204 0
-0.0302833 0
0.302582 0
0.102268 0
-0.390139 0
-0.190468 0
