-0.00441425 -0.00285221 0.00116432 113.922 113.925 113.928 
0.0071154 0.0116333 0.118899 113.934 113.937 114.318 
0.0390496 0.0435669 0.485878 113.972 113.974 115.484 
0.0921649 0.096679 1.09614 114.034 114.036 117.417 
0.16633 0.170839 1.94784 114.12 114.123 120.104 
0.261327 0.265831 3.03816 114.231 114.234 123.521 
0.376919 0.381415 4.36403 114.367 114.37 127.643 
0.51277 0.517257 5.92132 114.527 114.53 132.436 
0.668542 0.67302 7.70595 114.711 114.714 137.866 
0.843788 0.848255 9.71272 114.919 114.922 143.887 
1.03808 1.04254 11.9368 115.15 115.153 150.453 
1.25087 1.25531 14.3719 115.405 115.408 157.514 
1.48165 1.48608 17.0124 115.683 115.685 165.015 
1.72978 1.73419 19.8514 115.983 115.986 172.898 
1.99465 1.99905 22.8819 116.306 116.308 181.103 
2.27563 2.28001 26.0969 116.65 116.653 189.57 
2.57197 2.57634 29.4878 117.016 117.018 198.233 
2.88301 2.88736 33.0468 117.402 117.405 207.031 
3.20794 3.21228 36.7642 117.809 117.812 215.897 
3.54607 3.55039 40.6313 118.236 118.239 224.773 
3.89656 3.90086 44.6372 118.682 118.684 233.592 
4.25867 4.26296 48.7719 119.146 119.149 242.298 
4.63155 4.63582 53.0235 119.628 119.631 250.83 
5.01445 5.01871 57.381 120.128 120.131 259.136 
5.40651 5.41075 61.8308 120.644 120.646 267.162 
5.80698 5.81121 66.3609 121.175 121.178 274.861 
6.21499 6.21922 70.9565 121.722 121.724 282.189 
6.6298 6.63401 75.6038 122.282 122.285 289.107 
7.05065 7.05485 80.2882 122.856 122.859 295.58 
7.47669 7.48089 84.9929 123.442 123.445 301.578 
7.90725 7.91145 89.7027 124.039 124.042 307.077 
8.34151 8.3457 94.3996 124.647 124.65 312.055 
8.77883 8.78303 99.067 125.265 125.268 316.501 
9.21844 9.22263 103.685 125.891 125.894 320.404 
9.65973 9.66393 108.237 126.525 126.528 323.761 
10.102 10.1062 112.702 127.165 127.168 326.573 
10.5446 10.5488 117.06 127.811 127.814 328.848 
10.987 10.9912 121.29 128.462 128.465 330.595 
11.4286 11.4328 125.371 129.116 129.119 331.833 
11.8688 11.873 129.282 129.774 129.777 332.581 
12.3071 12.3114 130.432 130.435 133 332.863 
12.743 12.7473 131.091 131.095 136.504 332.709 
13.1761 13.1804 131.75 131.754 139.77 332.148 
13.6059 13.6102 132.408 132.411 142.777 331.216 
14.0319 14.0362 133.063 133.067 145.502 329.949 
14.4538 14.4582 133.716 133.719 147.925 328.383 
14.8712 14.8756 134.364 134.367 150.025 326.559 
15.2838 15.2882 135.007 135.01 151.784 324.513 
15.6912 15.6956 135.644 135.647 153.184 322.286 
16.0932 16.0976 136.275 136.278 154.213 319.911 
16.4894 16.4938 136.897 136.901 154.859 317.424 
16.8796 16.884 137.512 137.516 155.115 314.854 
17.2636 17.268 138.118 138.121 154.979 312.228 
17.6411 17.6455 138.714 138.717 154.454 309.568 
18.0119 18.0164 139.3 139.303 153.546 306.89 
18.3759 18.3803 139.874 139.878 152.268 304.206 
18.7329 18.7373 140.437 140.441 150.636 301.521 
19.0826 19.087 140.989 140.992 148.673 298.839 
19.4251 19.4295 141.527 141.53 146.401 296.155 
19.76 19.7644 142.053 142.056 143.849 293.465 
20.0874 20.0918 141.047 142.565 142.568 290.761 
20.4071 20.4115 138.025 143.064 143.067 288.033 
20.7191 20.7234 134.813 143.548 143.551 285.269 
21.0232 21.0275 131.443 144.018 144.021 282.461 
21.3193 21.3236 127.943 144.474 144.477 279.599 
21.6074 21.6117 124.34 144.915 144.918 276.672 
21.8874 21.8916 120.661 145.341 145.344 273.676 
22.1593 22.1635 116.93 145.752 145.755 270.604 
22.4231 22.4272 113.168 146.149 146.151 267.453 
22.6786 22.6827 109.395 146.53 146.533 264.224 
22.9258 22.9299 105.63 146.896 146.899 260.916 
23.1648 23.1688 101.886 147.248 147.25 257.533 
23.3955 23.3994 98.1807 147.584 147.586 254.081 
23.6178 23.6217 94.5242 147.905 147.908 250.566 
23.8317 23.8355 90.9289 148.212 148.215 246.999 
24.0373 24.0411 87.4039 148.505 148.507 243.388 
24.2345 24.2382 83.959 148.783 148.785 239.747 
24.4233 24.4269 80.602 149.047 149.049 236.09 
24.6037 24.6073 77.34 149.296 149.299 232.43 
24.7757 24.7792 74.1803 149.532 149.535 228.783 
24.9393 24.9427 71.1288 149.755 149.758 225.165 
25.0944 25.0978 68.1921 149.964 149.967 221.594 
25.2411 25.2444 65.3752 150.16 150.163 218.087 
25.3795 25.3827 62.6843 150.344 150.346 214.661 
25.5094 25.5126 60.1241 150.514 150.517 211.333 
25.6309 25.634 57.7002 150.673 150.676 208.123 
25.744 25.747 55.4173 150.819 150.822 205.046 
25.8487 25.8517 53.2807 150.953 150.956 202.12 
25.945 25.9479 51.2947 151.076 151.079 199.361 
26.0329 26.0358 49.4641 151.187 151.19 196.784 
26.1124 26.1153 47.7932 151.287 151.29 194.405 
26.1835 26.1863 46.2859 151.376 151.379 192.237 
26.2463 26.2491 44.9463 151.454 151.458 190.293 
26.3007 26.3034 43.7776 151.521 151.525 188.583 
26.3467 26.3494 42.7833 151.578 151.582 187.119 
26.3843 26.387 41.9658 151.624 151.628 185.909 
26.4136 26.4162 41.3276 151.66 151.664 184.961 
26.4345 26.4371 40.8704 151.686 151.689 184.279 
26.447 26.4497 40.5956 151.701 151.705 183.869 
26.4512 26.4538 40.5038 151.706 151.71 183.731 
26.4512 26.4538 40.5038 151.706 151.71 183.731 
26.4565 26.461 40.5036 151.713 151.729 183.731 
26.4698 26.4849 40.5028 151.732 151.785 183.73 
26.4915 26.5252 40.5016 151.763 151.879 183.728 
26.5218 26.5816 40.4998 151.808 152.01 183.726 
26.5607 26.6542 40.4975 151.864 152.179 183.723 
26.6082 26.7429 40.4947 151.934 152.385 183.719 
26.6643 26.8477 40.4914 152.016 152.629 183.715 
26.7289 26.9685 40.4876 152.111 152.909 183.71 
26.8021 27.1054 40.4833 152.219 153.226 183.704 
26.8837 27.2584 40.4785 152.339 153.58 183.698 
26.9738 27.4273 40.4732 152.471 153.971 183.691 
27.0722 27.6121 40.4673 152.616 154.397 183.683 
27.179 27.813 40.461 152.774 154.86 183.674 
27.2941 28.0297 40.4541 152.945 155.358 183.665 
27.4174 28.2623 40.4467 153.128 155.892 183.655 
27.5489 28.5108 40.4389 153.323 156.461 183.645 
27.6885 28.775 40.4305 153.531 157.064 183.633 
27.8361 29.0549 40.4215 153.751 157.702 183.621 
27.9915 29.3504 40.4121 153.984 158.374 183.609 
28.155 29.6616 40.4022 154.229 159.08 183.595 
28.3262 29.9885 40.3917 154.487 159.819 183.581 
28.5051 30.3308 40.3807 154.757 160.59 183.566 
28.6916 30.6886 40.3692 155.039 161.394 183.55 
28.8856 31.0618 40.3571 155.334 162.23 183.534 
29.0871 31.4503 40.3446 155.64 163.097 183.517 
29.2958 31.8539 40.3315 155.959 163.994 183.499 
29.5118 32.2729 40.3179 156.291 164.923 183.48 
29.7349 32.707 40.3037 156.634 165.881 183.461 
29.965 33.1562 40.2891 156.99 166.868 183.44 
30.202 33.6203 40.2739 157.357 167.884 183.419 
30.4458 34.0993 40.2581 157.737 168.928 183.398 
30.6962 34.5931 40.2418 158.128 169.999 183.375 
30.9532 35.1016 40.225 158.532 171.097 183.351 
31.2166 35.6246 40.2077 158.947 172.222 183.327 
31.4863 36.1623 40.1898 159.374 173.372 183.302 
31.7622 36.7145 40.1713 159.812 174.547 183.276 
32.0441 37.281 40.1524 160.263 175.746 183.249 
32.3319 37.8618 40.1328 160.725 176.969 183.221 
32.6256 38.4567 40.1128 161.198 178.215 183.193 
32.9248 39.0658 40.0921 161.683 179.483 183.163 
33.2295 39.6885 40.071 162.179 180.772 183.133 
33.5396 40.0491 40.3254 162.687 182.083 183.102 
33.855 40.0269 40.976 163.206 183.07 183.414 
34.1755 40.004 41.6402 163.735 183.036 184.764 
34.501 39.9806 42.318 164.276 183.002 186.132 
34.8313 39.9566 43.0092 164.828 182.967 187.519 
35.1662 39.932 43.7138 165.391 182.931 188.923 
35.5057 39.9069 44.4315 165.964 182.894 190.343 
35.8494 39.8812 45.162 166.548 182.856 191.779 
36.1975 39.8549 45.9058 167.142 182.818 193.23 
36.5497 39.828 46.6624 167.747 182.778 194.695 
36.9059 39.8006 47.4317 168.363 182.737 196.173 
37.2659 39.7725 48.2136 168.988 182.695 197.664 
37.6295 39.7439 49.008 169.623 182.651 199.167 
37.9967 39.7147 49.8148 170.269 182.607 200.682 
38.3671 39.6849 50.6334 170.924 182.562 202.206 
38.7409 39.6545 51.4644 171.588 182.516 203.74 
39.1178 39.6235 52.3074 172.263 182.468 205.283 
39.4976 39.592 53.1623 172.946 182.42 206.834 
39.5597 39.8803 54.0288 173.639 182.37 208.393 
39.5269 40.2656 54.9069 174.341 182.319 209.958 
39.4935 40.6535 55.7964 175.052 182.267 211.528 
39.4594 41.0437 56.6972 175.772 182.214 213.104 
39.4248 41.436 57.6088 176.5 182.16 214.684 
39.3895 41.8306 58.5318 177.236 182.104 216.268 
39.3536 42.2272 59.4657 177.981 182.047 217.855 
39.3171 42.6256 60.4103 178.734 181.989 219.444 
39.28 43.0256 61.3655 179.495 181.93 221.034 
39.2422 43.4273 62.3312 180.264 181.87 222.625 
39.2038 43.8304 63.3072 181.04 181.808 224.216 
39.1647 44.2346 64.293 181.745 181.823 225.806 
39.1251 44.6402 65.2892 181.68 182.614 227.395 
39.0847 45.0468 66.2954 181.615 183.412 228.981 
39.0437 45.4543 67.3112 181.548 184.216 230.566 
39.0021 45.8627 68.3367 181.479 185.027 232.146 
38.9598 46.2717 69.3717 181.409 185.844 233.723 
38.9168 46.6812 70.416 181.338 186.668 235.295 
38.8733 47.091 71.4691 181.266 187.496 236.861 
38.829 47.5013 72.5316 181.192 188.331 238.422 
38.784 47.9117 73.603 181.116 189.172 239.976 
38.7384 48.3223 74.6832 181.039 190.017 241.523 
38.6922 48.7328 75.772 180.961 190.868 243.062 
38.6452 49.1431 76.8693 180.881 191.723 244.593 
38.5975 49.5532 77.9748 180.8 192.583 246.116 
38.5492 49.9629 79.0886 180.717 193.447 247.628 
38.5002 50.372 80.21 180.633 194.315 249.131 
38.4505 50.7807 81.3397 180.547 195.187 250.623 
38.4001 51.1886 82.4772 180.46 196.063 252.105 
38.349 51.5958 83.6223 180.371 196.942 253.575 
38.2973 52.0021 84.7748 180.28 197.824 255.033 
38.2448 52.4074 85.9347 180.188 198.708 256.479 
38.1916 52.8116 87.1018 180.094 199.595 257.911 
38.1377 53.2145 88.2755 179.999 200.484 259.33 
38.083 53.6162 89.4566 179.902 201.376 260.736 
38.0277 54.0166 90.6444 179.803 202.269 262.128 
37.9716 54.4156 91.8389 179.703 203.164 263.506 
37.9149 54.813 93.0399 179.601 204.059 264.868 
37.8574 55.2087 94.2472 179.497 204.956 266.215 
37.7991 55.6028 95.4608 179.392 205.854 267.547 
37.7959 55.6048 95.4636 179.395 205.854 267.546 
37.6168 56.7758 99.1403 179.068 208.548 271.445 
37.4311 57.9283 102.868 178.725 211.236 275.192 
37.2386 59.0604 106.643 178.367 213.914 278.782 
37.0392 60.1698 110.461 177.992 216.571 282.209 
36.8329 61.2551 114.32 177.599 219.202 285.469 
36.6196 62.3143 118.215 177.19 221.799 288.558 
36.3993 63.3456 122.142 176.764 224.353 291.475 
36.1717 64.3476 126.098 176.319 226.857 294.22 
35.9369 65.3186 130.077 175.857 229.303 296.792 
35.6947 66.2574 134.077 175.376 231.685 299.196 
35.4452 67.1625 138.09 174.878 233.996 301.433 
35.1882 68.0325 142.112 174.36 236.226 303.509 
34.9237 68.8664 146.137 173.824 238.371 305.429 
34.6516 69.6628 150.157 173.27 240.423 307.201 
34.3719 70.4208 154.166 172.697 242.376 308.835 
34.0844 71.1392 158.152 172.104 244.223 310.34 
33.7892 71.817 162.106 171.494 245.959 311.729 
33.4861 72.4532 166.017 170.864 247.577 313.015 
33.1753 73.047 169.868 170.216 249.073 314.215 
32.8565 73.5975 169.549 173.646 250.441 315.346 
32.5297 74.1038 168.864 177.331 251.677 316.428 
32.1951 74.5652 168.16 180.902 252.776 317.482 
31.8524 74.981 167.439 184.337 253.734 318.533 
31.5017 75.3504 166.7 187.61 254.547 319.606 
31.1429 75.673 165.943 190.693 255.212 320.73 
30.7762 75.948 165.17 193.557 255.727 321.931 
30.4014 76.175 164.38 196.17 256.088 323.239 
30.0186 76.3533 163.573 198.504 256.293 324.682 
29.6277 76.4826 162.751 200.526 256.342 326.286 
29.2289 76.5625 161.914 202.211 256.232 328.072 
28.8221 76.5926 161.062 203.533 255.962 330.06 
28.4074 76.5725 160.196 204.474 255.533 332.261 
27.9847 76.5019 159.316 205.022 254.944 334.68 
27.5544 76.3806 158.424 205.167 254.196 337.315 
27.1162 76.2083 157.519 204.911 253.29 340.156 
26.6704 75.9849 156.603 204.257 252.226 343.186 
26.217 75.7102 155.676 203.216 251.007 346.382 
25.7561 75.384 154.74 201.803 249.635 349.715 
25.288 75.0064 153.794 200.034 248.113 353.153 
24.8126 74.5772 152.841 197.93 246.443 356.661 
24.3303 74.0964 151.88 195.511 244.63 360.2 
23.841 73.5638 150.912 192.798 242.677 363.731 
23.3451 72.9797 149.939 189.813 240.588 367.215 
22.8428 72.3439 148.962 186.578 238.369 370.611 
22.3342 71.6566 147.981 183.111 236.024 373.88 
21.8196 70.9178 146.998 179.435 233.559 376.983 
21.2993 70.1275 146.013 175.567 230.98 379.88 
20.7736 69.2858 145.027 171.526 228.292 382.534 
20.2428 68.3931 144.042 167.33 225.505 384.908 
19.7071 67.4491 143.058 162.994 222.622 386.968 
19.1671 66.4543 142.077 158.537 219.654 388.68 
18.623 65.4086 141.099 153.973 216.605 390.012 
18.0753 64.3123 140.125 149.316 213.486 390.934 
17.5245 63.1659 139.158 144.583 210.303 391.417 
16.9708 61.9693 138.197 139.785 207.066 391.437 
16.4149 60.7232 134.938 137.243 203.782 390.971 
15.8573 59.4277 130.052 136.298 200.461 389.997 
15.2984 58.0834 125.141 135.362 197.111 388.499 
14.739 56.6911 120.218 134.437 193.742 386.461 
14.1794 55.2512 115.292 133.523 190.362 383.874 
13.6204 53.765 110.376 132.622 186.98 380.729 
13.0626 52.2331 105.479 131.734 183.605 377.023 
12.5066 50.657 100.613 130.86 180.246 372.754 
11.9532 49.0384 95.7875 130.001 176.913 367.928 
11.4029 47.3786 91.0104 129.158 173.612 362.551 
10.8567 45.6801 86.2923 128.332 170.353 356.636 
10.315 43.9448 81.6404 127.523 167.143 350.197 
9.77882 42.1758 77.0634 126.732 163.99 343.256 
9.2489 40.3764 72.5696 125.96 160.901 335.835 
8.72591 38.5497 68.1651 125.207 157.883 327.963 
8.21078 36.7001 63.8579 124.475 154.942 319.672 
7.70417 34.8314 59.6534 123.763 152.083 310.995 
7.20696 32.9489 55.5583 123.073 149.312 301.974 
6.72003 31.0579 51.5789 122.405 146.634 292.651 
6.24407 29.1637 47.7193 121.76 144.051 283.069 
5.78002 27.2727 43.9857 121.137 141.568 273.28 
5.32855 25.3908 40.3817 120.538 139.187 263.331 
4.8906 23.5253 36.9127 119.963 136.911 253.279 
4.46683 21.6825 33.5815 119.413 134.741 243.175 
4.05808 19.8698 30.3926 118.886 132.679 233.078 
3.66517 18.0947 27.3496 118.386 130.727 223.046 
3.28875 16.364 24.4549 117.91 128.883 213.135 
2.92962 14.6857 21.7122 117.46 127.149 203.406 
2.5884 13.0663 19.1234 117.036 125.525 193.914 
2.2658 11.5134 16.6912 116.639 124.01 184.717 
1.9625 10.0341 14.4181 116.267 122.604 175.874 
1.67905 8.63465 12.3055 115.923 121.306 167.437 
1.41608 7.32188 10.3559 115.605 120.116 159.46 
1.17406 6.10148 8.57017 115.315 119.032 151.993 
0.95353 4.97932 6.9502 115.052 118.055 145.082 
0.754976 3.96076 5.49746 114.816 117.183 138.774 
0.578756 3.05031 4.21269 114.607 116.416 133.107 
0.42529 2.2525 3.09728 114.427 115.753 128.119 
0.294859 1.57085 2.15182 114.273 115.193 123.842 
0.187762 1.00869 1.37722 114.148 114.735 120.303 
0.104237 0.56874 0.774186 114.05 114.38 117.527 
0.0444377 0.25293 0.343057 113.981 114.126 115.531 
0.00849862 0.0627225 0.0844298 113.939 113.974 114.328 
-0.00441425 -0.00285221 0.00116432 113.922 113.925 113.928 
-0.00441425 -0.00285221 0.00116432 113.922 113.925 113.928 
0.0279924 0.0299793 0.0437714 113.948 113.951 114.186 
0.120508 0.122869 0.181665 114.025 114.028 114.964 
0.274477 0.276922 0.412082 114.153 114.156 116.259 
0.489521 0.492017 0.734739 114.333 114.336 118.064 
0.765123 0.767667 1.1496 114.564 114.567 120.373 
1.10055 1.10314 1.65655 114.846 114.85 123.176 
1.49512 1.49776 2.25578 115.181 115.184 126.464 
1.94784 1.95054 2.94718 115.567 115.571 130.225 
2.45762 2.46037 3.73074 116.006 116.01 134.443 
3.02311 3.02591 4.60621 116.497 116.501 139.102 
3.6432 3.64605 5.57394 117.041 117.046 144.186 
4.31629 4.31918 6.63367 117.639 117.643 149.675 
5.04062 5.04355 7.78508 118.289 118.294 155.548 
5.81476 5.81773 9.02855 118.994 118.999 161.786 
6.63675 6.63975 10.3637 119.753 119.758 168.363 
7.50463 7.50765 11.7904 120.566 120.571 175.256 
8.41617 8.41921 13.3081 121.434 121.439 182.439 
9.36963 9.37266 14.9172 122.357 122.363 189.888 
10.3626 10.3656 16.6171 123.336 123.342 197.576 
11.3928 11.3958 18.4074 124.371 124.377 205.474 
12.4576 12.4606 20.2874 125.462 125.468 213.553 
13.5551 13.558 22.2574 126.609 126.615 221.789 
14.6826 14.6855 24.3165 127.813 127.819 230.152 
15.8376 15.8405 26.4641 129.073 129.079 238.612 
17.0174 17.0202 28.699 130.39 130.396 247.14 
18.22 18.2227 31.0215 131.764 131.77 255.711 
19.4425 19.4451 33.4301 133.195 133.201 264.294 
20.6822 20.6847 35.9234 134.682 134.688 272.861 
21.9372 21.9396 38.5015 136.225 136.231 281.388 
23.2048 23.2071 41.1626 137.824 137.83 289.846 
24.4825 24.4846 43.9054 139.479 139.485 298.21 
25.7677 25.7698 46.728 141.188 141.194 306.452 
27.0588 27.0607 49.63 142.951 142.957 314.553 
28.3532 28.355 52.6093 144.768 144.774 322.487 
29.6488 29.6505 55.664 146.636 146.643 330.233 
30.9433 30.9449 58.7915 148.556 148.562 337.768 
32.2354 32.2369 61.9912 150.525 150.531 345.076 
33.5229 33.5244 65.2602 152.542 152.548 352.137 
34.8039 34.8053 68.5955 154.606 154.612 358.933 
36.0772 36.0786 71.9959 156.715 156.721 365.452 
37.3411 37.3425 75.4583 158.867 158.873 371.677 
38.5942 38.5956 78.9799 161.06 161.065 377.597 
39.8348 39.8364 82.5569 163.291 163.296 383.2 
41.0625 41.0641 86.188 165.559 165.564 388.478 
42.2757 42.2775 89.8691 167.861 167.866 393.423 
43.4736 43.4755 93.597 170.194 170.199 398.028 
44.6549 44.657 97.3675 172.556 172.561 402.287 
45.8193 45.8216 101.179 174.944 174.949 406.2 
46.966 46.9684 105.026 177.355 177.36 409.762 
48.0942 48.0968 108.906 179.787 179.792 412.974 
49.2031 49.2059 112.813 182.236 182.24 415.837 
50.2927 50.2957 116.746 184.699 184.703 418.353 
51.3623 51.3655 120.7 187.173 187.177 420.526 
52.4113 52.4147 124.669 189.654 189.659 422.36 
53.4398 53.4434 128.651 192.141 192.145 423.862 
54.4472 54.451 132.642 194.629 194.633 425.039 
55.4334 55.4373 136.637 197.115 197.119 425.9 
56.3978 56.402 140.63 199.596 199.6 426.452 
57.3407 57.345 144.62 202.069 202.073 426.708 
58.2617 58.2662 148.601 204.53 204.534 426.677 
59.1607 59.1654 152.569 206.976 206.98 426.371 
60.0374 60.0422 156.519 209.403 209.407 425.804 
60.8919 60.8969 160.448 211.81 211.814 424.987 
61.7241 61.7292 164.352 214.192 214.196 423.934 
62.5336 62.5389 168.226 216.546 216.55 422.66 
63.3208 63.3262 172.067 218.87 218.874 421.178 
64.0853 64.0909 175.87 221.159 221.163 419.504 
64.8272 64.8329 179.632 223.412 223.416 417.652 
65.5461 65.552 183.349 225.625 225.629 415.638 
66.2424 66.2484 187.017 227.795 227.799 413.475 
66.9158 66.9219 190.633 229.92 229.924 411.181 
67.5663 67.5725 194.194 231.996 232.001 408.769 
68.1936 68.1999 197.695 234.022 234.026 406.255 
68.7981 68.8045 201.133 235.993 235.998 403.654 
69.3794 69.3859 204.506 237.909 237.914 400.981 
69.9375 69.9441 207.808 239.766 239.77 398.25 
70.4725 70.4791 211.039 241.562 241.567 395.477 
70.9842 70.9909 214.193 243.295 243.3 392.675 
71.4726 71.4794 217.267 244.963 244.967 389.86 
71.9375 71.9443 220.257 246.562 246.567 387.045 
72.379 72.3859 223.16 248.093 248.097 384.244 
72.7971 72.8041 225.97 249.552 249.556 381.472 
73.1916 73.1986 228.684 250.937 250.941 378.742 
73.5625 73.5695 231.296 252.247 252.251 376.069 
73.9097 73.9168 233.8 253.481 253.485 373.466 
74.2333 74.2404 236.191 254.636 254.64 370.948 
74.5331 74.5402 238.461 255.711 255.716 368.529 
74.809 74.8162 240.602 256.706 256.71 366.224 
75.0612 75.0684 242.607 257.618 257.622 364.048 
75.2895 75.2967 244.467 258.447 258.451 362.016 
75.4938 75.501 246.17 259.191 259.195 360.143 
75.6742 75.6814 247.708 259.85 259.854 358.445 
75.8306 75.8378 249.069 260.422 260.427 356.935 
75.963 75.9702 250.243 260.908 260.913 355.628 
76.0713 76.0785 251.22 261.306 261.311 354.539 
76.1556 76.1629 251.991 261.617 261.621 353.678 
76.2158 76.2231 252.548 261.839 261.843 353.055 
76.252 76.2592 252.884 261.972 261.976 352.679 
76.264 76.2713 252.997 262.016 262.021 352.553 
