    5.195379301190836e-01    1.437810027643320e+00
    4.932149837833078e-01    1.411614729096288e+00
    4.213403983109006e-01    1.336419726292598e+00
    3.175983673814771e-01    1.220982171045282e+00
    2.011311171075816e-01    1.078475843900967e+00
    9.215405210429953e-02    9.245981868024292e-01
    7.326453751321350e-03    7.753115499420408e-01
   -4.379563493768920e-02    6.445651060198886e-01
   -6.021719670712226e-02    5.423643623990966e-01
   -4.864844478863730e-02    4.735062406966701e-01
   -2.088873184459862e-02    4.371827629346029e-01
    9.615449648870348e-03    4.275004556368896e-01
    3.113134560322342e-02    4.347991924473816e-01
    3.620546184385177e-02    4.475144922730793e-01
    2.291915523890489e-02    4.542372796902812e-01
   -5.410735610733650e-03    4.456035787593008e-01
   -4.190521621038389e-02    4.156990986542478e-01
   -7.853326482697642e-02    3.627774304684719e-01
   -1.084127359197084e-01    2.892361121471256e-01
   -1.273309640286024e-01    2.009348926875648e-01
   -1.342217700470805e-01    1.060434325065867e-01
   -1.307075775684210e-01    1.365592321015803e-02
   -1.200190119604602e-01   -6.759020767020422e-02
   -1.056846956761458e-01   -1.306923759239285e-01
   -9.040362624671036e-02   -1.711181936114391e-01
   -7.544179316618664e-02   -1.872245962083662e-01
   -6.068965577053828e-02   -1.802484856260271e-01
   -4.524584648893057e-02   -1.539085279240114e-01
   -2.820953882135513e-02   -1.137009519075833e-01
   -9.358169130468056e-03   -6.600700272174173e-02
    1.049534805092083e-02   -1.715200074877195e-02
    2.954056048824942e-02    2.744069447381985e-02
    4.537568774295002e-02    6.387662576441744e-02
    5.565811724378180e-02    9.011348294343818e-02
    5.878123500315961e-02    1.059499194498085e-01
    5.433220842015458e-02    1.127090140721729e-01
    4.317720670602418e-02    1.127013068747596e-01
    2.718712154409213e-02    1.085928460320663e-01
    8.746592810698854e-03    1.028176584620810e-01
   -9.781323756635023e-03    9.715508042576187e-02
   -2.649900004205188e-02    9.254365787951097e-02
   -4.023274995845649e-02    8.913832260891062e-02
   -5.055399309803878e-02    8.655502306738048e-02
   -5.758263994379349e-02    8.420399958586806e-02
   -6.168113561292000e-02    8.160007198825996e-02
   -6.318602083511733e-02    7.855793799644384e-02
   -6.227036856347926e-02    7.522597139470713e-02
   -5.893433076483948e-02    7.196880333853134e-02
   -5.307161466714153e-02    6.915838021776974e-02
   -4.457988925360876e-02    6.695913754835531e-02
   -3.351015074758491e-02    6.518843779893793e-02
   -2.022858972108167e-02    6.330276012577671e-02
   -5.522218021678884e-03    6.051563900746380e-02
    9.415746910814770e-03    5.600998187979216e-02
    2.312273617231895e-02    4.917827932268246e-02
    3.407266646172709e-02    3.981770954628815e-02
    4.090140046764677e-02    2.822450459418080e-02
    4.263749269228901e-02    1.516621913768556e-02
    3.892481409711474e-02    1.748432165892065e-03
    3.018176395386927e-02   -1.078008083369166e-02
    1.761812663682982e-02   -2.123076798658789e-02
    3.071606338059507e-03   -2.864359607787983e-02
   -1.130097076628440e-02   -3.239670982552095e-02
   -2.340557163045463e-02   -3.225573734237187e-02
   -3.160443282722951e-02   -2.837629803175151e-02
   -3.506466139020337e-02   -2.127742882855626e-02
   -3.397311650212088e-02   -1.179704859532734e-02
   -2.950810962048090e-02   -1.028669038090661e-03
   -2.351945356766009e-02    9.770461698117006e-03
   -1.799704347438636e-02    1.930908968621159e-02
   -1.450573099588365e-02    2.642752511529315e-02
   -1.375830731126659e-02    3.027942713245075e-02
   -1.542138192045634e-02    3.049409605321574e-02
   -1.818471837534655e-02    2.727631420574158e-02
   -2.009853746458889e-02    2.140688586795235e-02
   -1.914168979654861e-02    1.412705104173797e-02
   -1.388817074944412e-02    6.919676068539709e-03
   -4.047715109586060e-03    1.230692049551955e-03
    9.330331272778087e-03   -1.805396028136704e-03
    2.406287622717442e-02   -1.570443971487862e-03
    3.735756151382203e-02    1.948937288685564e-03
    4.648323298972607e-02    8.204170387684756e-03
    4.942413675943604e-02    1.623801935188471e-02
    4.538652804710481e-02    2.490037174941810e-02
    3.503558139780944e-02    3.306669429084892e-02
    2.036684723134729e-02    3.980609367869779e-02
    4.213009321523091e-03    4.446833581953073e-02
   -1.047184931494407e-02    4.668913740278946e-02
   -2.131766851442998e-02    4.633951724827632e-02
   -2.702565034544068e-02    4.345847242362585e-02
   -2.753625213444359e-02    3.820485784681373e-02
   -2.388197015232913e-02    3.084715253384039e-02
   -1.779177912755867e-02    2.178671308412592e-02
   -1.115545132337383e-02    1.159040110797451e-02
   -5.495209029103986e-03    9.996782926115788e-04
   -1.603007571037495e-03   -9.110914843845914e-03
    5.520940646760047e-04   -1.783418673008058e-02
    1.646484040633266e-03   -2.437323349419374e-02
    2.647324194740071e-03   -2.819005819436627e-02
    4.407916429697425e-03   -2.911559147455912e-02
    7.326252767277352e-03   -2.738558529380018e-02
    1.115373799156982e-02   -2.358836069367047e-02
    1.501288127190932e-02   -1.853672736959133e-02
    1.763335469822599e-02   -1.309859356172012e-02
    1.774219794854669e-02   -8.031717192600738e-03
    1.448283452937167e-02   -3.864354401818264e-03
    7.730104810620064e-03   -8.468045213837226e-04
   -1.786527559445874e-03    1.024743003433082e-03
   -1.257998351835596e-02    1.932437718325465e-03
   -2.270401300356855e-02    2.141858297764923e-03
   -3.019317883666596e-02    1.920332605810925e-03
   -3.354024218949265e-02    1.489331495142823e-03
   -3.207886037752536e-02    1.014726043678637e-03
   -2.615883236461877e-02    6.229929587479894e-04
   -1.706773294966594e-02    4.228174664186908e-04
   -6.728082705462280e-03    5.128014212281115e-04
    2.753369312405391e-03    9.661089560856814e-04
    9.586747462559895e-03    1.797157047545639e-03
    1.273662388479594e-02    2.927249691677735e-03
    1.217297138538029e-02    4.169827073848217e-03
    8.843004460965777e-03    5.249989633300562e-03
    4.356798274860785e-03    5.859779571914013e-03
    4.827429261869884e-04    5.735794786849460e-03
   -1.389742502039673e-03    4.734956991660949e-03
   -6.676322874355501e-04    2.882015683287263e-03
    2.254891797055773e-03    3.701074752330993e-04
    6.085101154912026e-03   -2.488802976121286e-03
    8.993850062122851e-03   -5.349031135437280e-03
    9.169774986079012e-03   -7.924161504610439e-03
    5.408083992058056e-03   -1.005706939453616e-02
   -2.453495261655534e-03   -1.174419006367053e-02
   -1.339222985142307e-02   -1.310745269305270e-02
   -2.539226019370653e-02   -1.432559535048612e-02
   -3.591492461484185e-02   -1.555043745511888e-02
   -4.253013933228952e-02   -1.683835215674798e-02
   -4.355716249645861e-02   -1.812110841609216e-02
   -3.854504861903393e-02   -1.922560729206513e-02
   -2.844124488949280e-02   -1.993415850392890e-02
   -1.537833644853331e-02   -2.006251542195871e-02
   -2.137090359617868e-03   -1.952721494023946e-02
    8.547143469972486e-03   -1.837858163423609e-02
    1.463534180586224e-02   -1.678877399225205e-02
    1.523527445766806e-02   -1.500044759949468e-02
    1.076201196653586e-02   -1.325517785650472e-02
    2.781095091942194e-03   -1.172702053240531e-02
   -6.429517450278299e-03   -1.048343108864397e-02
   -1.448619261817742e-02   -9.484666116432418e-03
   -1.950009920072399e-02   -8.618292028475682e-03
   -2.049693626382511e-02   -7.753221444997975e-03
   -1.755711199659903e-02   -6.792161704570119e-03
   -1.168180808332106e-02   -5.703953061731993e-03
   -4.462812492779446e-03   -4.526389081895347e-03
    2.343836989528378e-03   -3.341984580715068e-03
    7.243629344760298e-03   -2.239289050225321e-03
    9.336662833583489e-03   -1.277046243221069e-03
    8.479310190643803e-03   -4.661715454259539e-04
    5.238765413385603e-03    2.237401112784959e-04
    6.723557834216213e-04    8.373790148302119e-04
   -3.982175137173634e-03    1.398831306430637e-03
   -7.610527294006763e-03    1.884570659906025e-03
   -9.454544772016828e-03    2.216510877675645e-03
   -9.242792704643760e-03    2.278926664258987e-03
   -7.207516282268977e-03    1.953382431022502e-03
   -3.989502432830852e-03    1.158585797727735e-03
   -4.530002398836150e-04   -1.199699844369090e-04
    2.542408772808395e-03   -1.821778916816642e-03
    4.354071007906220e-03   -3.827341075435030e-03
    4.703044026646907e-03   -5.991857883017019e-03
    3.727568043909600e-03   -8.183425096195506e-03
    1.936066197678296e-03   -1.031126543136817e-02
    6.933570935690300e-05   -1.233392926328890e-02
   -1.100125262827691e-03   -1.424563913347279e-02
   -9.846320431561931e-04   -1.604784542581364e-02
    6.433821147187868e-04   -1.771911861156279e-02
    3.567418365607579e-03   -1.919728697171603e-02
    7.162610576921271e-03   -2.038282798055115e-02
    1.054927075009914e-02   -2.116381206001775e-02
    1.282901608820210e-02   -2.145365651051628e-02
    1.333822329075500e-02   -2.122723365834073e-02
    1.184102751934170e-02   -2.054077547681166e-02
    8.600821557443492e-03   -1.952651506997528e-02
    4.309663075146379e-03   -1.836197526267596e-02
   -1.015143157595235e-04   -1.722301336380030e-02
   -3.718983972444682e-03   -1.623590521048704e-02
   -5.900372093528000e-03   -1.544458038663385e-02
   -6.453737908306845e-03   -1.480410516387998e-02
   -5.678919872963059e-03   -1.420244055107488e-02
   -4.245311478620968e-03   -1.350285951419678e-02
   -2.940618899613166e-03   -1.259278321829326e-02
   -2.381222055977079e-03   -1.142335397064220e-02
   -2.791560255315402e-03   -1.002791564575112e-02
   -3.927837098090621e-03   -8.515058836707747e-03
   -5.164401558561738e-03   -7.040275511259287e-03
   -5.710963032464086e-03   -5.766661705098238e-03
   -4.896703172721488e-03   -4.827425376854820e-03
   -2.437698157052217e-03   -4.300674521594446e-03
    1.402415682530234e-03   -4.201303797865237e-03
    5.827027503790360e-03   -4.488236494426899e-03
    9.707155902038885e-03   -5.080435654877660e-03
    1.190601978027069e-02   -5.873619127067215e-03
    1.161790724354239e-02   -6.751646388159079e-03
    8.612911824987298e-03   -7.590955631159659e-03
    3.317729950752725e-03   -8.261291479119597e-03
   -3.287796096831129e-03   -8.629056926402399e-03
   -9.931591025405639e-03   -8.569240998665534e-03
   -1.539584024831399e-02   -7.987871413555416e-03
   -1.884173725878241e-02   -6.851102215926268e-03
   -2.000249120493169e-02   -5.212152013725927e-03
   -1.918121147543105e-02   -3.225590520024063e-03
   -1.706942951296622e-02   -1.140650946211723e-03
   -1.446928776516216e-02    7.294263437867029e-04
   -1.202357497792887e-02    2.058218476182892e-03
   -1.003635559077385e-02    2.567098137445431e-03
   -8.429361028566309e-03    2.082612152948077e-03
   -6.841072811765121e-03    5.765118881106752e-04
   -4.833993085309672e-03   -1.821324785284989e-03
   -2.133542329608206e-03   -4.839934485884010e-03
    1.198515266933809e-03   -8.109575243722396e-03
    4.729446130068048e-03   -1.121900604158792e-02
    7.771308204822695e-03   -1.377545855051000e-02
    9.595690656568418e-03   -1.545667470046009e-02
    9.666373829685937e-03   -1.604841358954629e-02
    7.815885905785948e-03   -1.546543436325786e-02
    4.315301565788607e-03   -1.375744873209277e-02
   -1.871117223014284e-04   -1.110288552528602e-02
   -4.848617585765982e-03   -7.792584871355149e-03
   -8.881221292750702e-03   -4.203839631267414e-03
   -1.177596421243428e-02   -7.640538409633794e-04
   -1.341338287072048e-02    2.096159203495135e-03
   -1.402086032886436e-02    3.998146748320486e-03
   -1.400627036789103e-02    4.672706972697317e-03
   -1.374479896048248e-02    4.010426465009449e-03
   -1.340407164770355e-02    2.093503137093652e-03
   -1.287124618574246e-02   -8.012479804318709e-04
   -1.180963206106749e-02   -4.233938432292571e-03
   -9.828122887179720e-03   -7.666032748093724e-03
   -6.701521163781450e-03   -1.054773848211770e-02
   -2.552067377556378e-03   -1.241195725788997e-02
    2.088445889994118e-03   -1.295584477166215e-02
    6.370229489862941e-03   -1.209324703332371e-02
    9.344755452327163e-03   -9.967615470066683e-03
    1.024115192288389e-02   -6.923726587698738e-03
    8.713621671407011e-03   -3.445381314654620e-03
    4.982328245147021e-03   -7.294354998627544e-05
   -1.841277691343696e-04    2.682589207559368e-03
   -5.653636394785315e-03    4.413707271931563e-03
   -1.023606701545097e-02    4.868051658308464e-03
   -1.301424738330820e-02    3.972920359757317e-03
   -1.359154231284457e-02    1.833356744842760e-03
   -1.217772860531877e-02   -1.291698512901738e-03
