  9.0000000e-01 -3.1098787e+04
  9.0100000e-01 -3.1237613e+04
  9.0200000e-01 -3.1374334e+04
  9.0300000e-01 -3.1508972e+04
  9.0400000e-01 -3.1641550e+04
  9.0500000e-01 -3.1772072e+04
  9.0600000e-01 -3.1900571e+04
  9.0700000e-01 -3.2027062e+04
  9.0800000e-01 -3.2151556e+04
  9.0900000e-01 -3.2274071e+04
  9.1000000e-01 -3.2394630e+04
  9.1100000e-01 -3.2513244e+04
  9.1200000e-01 -3.2629939e+04
  9.1300000e-01 -3.2744712e+04
  9.1400000e-01 -3.2857596e+04
  9.1500000e-01 -3.2968609e+04
  9.1600000e-01 -3.3077758e+04
  9.1700000e-01 -3.3185061e+04
  9.1800000e-01 -3.3290542e+04
  9.1900000e-01 -3.3394209e+04
  9.2000000e-01 -3.3496080e+04
  9.2100000e-01 -3.3596178e+04
  9.2200000e-01 -3.3694506e+04
  9.2300000e-01 -3.3791078e+04
  9.2400000e-01 -3.3885928e+04
  9.2500000e-01 -3.3979051e+04
  9.2600000e-01 -3.4070474e+04
  9.2700000e-01 -3.4160217e+04
  9.2800000e-01 -3.4248280e+04
  9.2900000e-01 -3.4334685e+04
  9.3000000e-01 -3.4419443e+04
  9.3100000e-01 -3.4502579e+04
  9.3200000e-01 -3.4584096e+04
  9.3300000e-01 -3.4664020e+04
  9.3400000e-01 -3.4742355e+04
  9.3500000e-01 -3.4819115e+04
  9.3600000e-01 -3.4894324e+04
  9.3700000e-01 -3.4967985e+04
  9.3800000e-01 -3.5040116e+04
  9.3900000e-01 -3.5110731e+04
  9.4000000e-01 -3.5179849e+04
  9.4100000e-01 -3.5247475e+04
  9.4200000e-01 -3.5313627e+04
  9.4300000e-01 -3.5378311e+04
  9.4400000e-01 -3.5441553e+04
  9.4500000e-01 -3.5503356e+04
  9.4600000e-01 -3.5563738e+04
  9.4700000e-01 -3.5622712e+04
  9.4800000e-01 -3.5680288e+04
  9.4900000e-01 -3.5736479e+04
  9.5000000e-01 -3.5791301e+04
  9.5100000e-01 -3.5844761e+04
  9.5200000e-01 -3.5896878e+04
  9.5300000e-01 -3.5947666e+04
  9.5400000e-01 -3.5997119e+04
  9.5500000e-01 -3.6045271e+04
  9.5600000e-01 -3.6092125e+04
  9.5700000e-01 -3.6137690e+04
  9.5800000e-01 -3.6181985e+04
  9.5900000e-01 -3.6225020e+04
  9.6000000e-01 -3.6266802e+04
  9.6100000e-01 -3.6307350e+04
  9.6200000e-01 -3.6346664e+04
  9.6300000e-01 -3.6384765e+04
  9.6400000e-01 -3.6421661e+04
  9.6500000e-01 -3.6457373e+04
  9.6600000e-01 -3.6491894e+04
  9.6700000e-01 -3.6525244e+04
  9.6800000e-01 -3.6557437e+04
  9.6900000e-01 -3.6588484e+04
  9.7000000e-01 -3.6618389e+04
  9.7100000e-01 -3.6647168e+04
  9.7200000e-01 -3.6674831e+04
  9.7300000e-01 -3.6701387e+04
  9.7400000e-01 -3.6726852e+04
  9.7500000e-01 -3.6751228e+04
  9.7600000e-01 -3.6774534e+04
  9.7700000e-01 -3.6796772e+04
  9.7800000e-01 -3.6817961e+04
  9.7900000e-01 -3.6838104e+04
  9.8000000e-01 -3.6857212e+04
  9.8100000e-01 -3.6875292e+04
  9.8200000e-01 -3.6892364e+04
  9.8300000e-01 -3.6908427e+04
  9.8400000e-01 -3.6923505e+04
  9.8500000e-01 -3.6937588e+04
  9.8600000e-01 -3.6950704e+04
  9.8700000e-01 -3.6962849e+04
  9.8800000e-01 -3.6974038e+04
  9.8900000e-01 -3.6984282e+04
  9.9000000e-01 -3.6993585e+04
  9.9100000e-01 -3.7001961e+04
  9.9200000e-01 -3.7009420e+04
  9.9300000e-01 -3.7015966e+04
  9.9400000e-01 -3.7021615e+04
  9.9500000e-01 -3.7026369e+04
  9.9600000e-01 -3.7030238e+04
  9.9700000e-01 -3.7033237e+04
  9.9800000e-01 -3.7035368e+04
  9.9900000e-01 -3.7036639e+04
  1.0000000e+00 -3.7037067e+04
  1.0010000e+00 -3.7036649e+04
  1.0020000e+00 -3.7035402e+04
  1.0030000e+00 -3.7033335e+04
  1.0040000e+00 -3.7030449e+04
  1.0050000e+00 -3.7026757e+04
  1.0060000e+00 -3.7022269e+04
  1.0070000e+00 -3.7016986e+04
  1.0080000e+00 -3.7010925e+04
  1.0090000e+00 -3.7004085e+04
  1.0100000e+00 -3.6996483e+04
  1.0110000e+00 -3.6988125e+04
  1.0120000e+00 -3.6979009e+04
  1.0130000e+00 -3.6969155e+04
  1.0140000e+00 -3.6958563e+04
  1.0150000e+00 -3.6947246e+04
  1.0160000e+00 -3.6935209e+04
  1.0170000e+00 -3.6922457e+04
  1.0180000e+00 -3.6909000e+04
  1.0190000e+00 -3.6894847e+04
  1.0200000e+00 -3.6880004e+04
  1.0210000e+00 -3.6864478e+04
  1.0220000e+00 -3.6848276e+04
  1.0230000e+00 -3.6831405e+04
  1.0240000e+00 -3.6813872e+04
  1.0250000e+00 -3.6795680e+04
  1.0260000e+00 -3.6776850e+04
  1.0270000e+00 -3.6757377e+04
  1.0280000e+00 -3.6737265e+04
  1.0290000e+00 -3.6716531e+04
  1.0300000e+00 -3.6695173e+04
  1.0310000e+00 -3.6673202e+04
  1.0320000e+00 -3.6650626e+04
  1.0330000e+00 -3.6627450e+04
  1.0340000e+00 -3.6603678e+04
  1.0350000e+00 -3.6579321e+04
  1.0360000e+00 -3.6554383e+04
  1.0370000e+00 -3.6528872e+04
  1.0380000e+00 -3.6502790e+04
  1.0390000e+00 -3.6476152e+04
  1.0400000e+00 -3.6448955e+04
  1.0410000e+00 -3.6421209e+04
  1.0420000e+00 -3.6392920e+04
  1.0430000e+00 -3.6364093e+04
  1.0440000e+00 -3.6334736e+04
  1.0450000e+00 -3.6304855e+04
  1.0460000e+00 -3.6274455e+04
  1.0470000e+00 -3.6243541e+04
  1.0480000e+00 -3.6212123e+04
  1.0490000e+00 -3.6180198e+04
  1.0500000e+00 -3.6147778e+04
  1.0510000e+00 -3.6114871e+04
  1.0520000e+00 -3.6081478e+04
  1.0530000e+00 -3.6047609e+04
  1.0540000e+00 -3.6013264e+04
  1.0550000e+00 -3.5978452e+04
  1.0560000e+00 -3.5943183e+04
  1.0570000e+00 -3.5907454e+04
  1.0580000e+00 -3.5871276e+04
  1.0590000e+00 -3.5834646e+04
  1.0600000e+00 -3.5797578e+04
  1.0610000e+00 -3.5760076e+04
  1.0620000e+00 -3.5722145e+04
  1.0630000e+00 -3.5683788e+04
  1.0640000e+00 -3.5645013e+04
  1.0650000e+00 -3.5605818e+04
  1.0660000e+00 -3.5566216e+04
  1.0670000e+00 -3.5526212e+04
  1.0680000e+00 -3.5485807e+04
  1.0690000e+00 -3.5445009e+04
  1.0700000e+00 -3.5403819e+04
  1.0710000e+00 -3.5362242e+04
  1.0720000e+00 -3.5320290e+04
  1.0730000e+00 -3.5277962e+04
  1.0740000e+00 -3.5235259e+04
  1.0750000e+00 -3.5192192e+04
  1.0760000e+00 -3.5148764e+04
  1.0770000e+00 -3.5104979e+04
  1.0780000e+00 -3.5060843e+04
  1.0790000e+00 -3.5016359e+04
  1.0800000e+00 -3.4971531e+04
  1.0810000e+00 -3.4926366e+04
  1.0820000e+00 -3.4880870e+04
  1.0830000e+00 -3.4835037e+04
  1.0840000e+00 -3.4788882e+04
  1.0850000e+00 -3.4742407e+04
  1.0860000e+00 -3.4695614e+04
  1.0870000e+00 -3.4648509e+04
  1.0880000e+00 -3.4601094e+04
  1.0890000e+00 -3.4553374e+04
  1.0900000e+00 -3.4505359e+04
  1.0910000e+00 -3.4457043e+04
  1.0920000e+00 -3.4408437e+04
  1.0930000e+00 -3.4359541e+04
  1.0940000e+00 -3.4310366e+04
  1.0950000e+00 -3.4260907e+04
  1.0960000e+00 -3.4211171e+04
  1.0970000e+00 -3.4161166e+04
  1.0980000e+00 -3.4110894e+04
  1.0990000e+00 -3.4060352e+04
  1.1000000e+00 -3.4009552e+04
  1.1010000e+00 -3.3958496e+04
  1.1020000e+00 -3.3907185e+04
  1.1030000e+00 -3.3855628e+04
  1.1040000e+00 -3.3803824e+04
  1.1050000e+00 -3.3751776e+04
  1.1060000e+00 -3.3699493e+04
  1.1070000e+00 -3.3646971e+04
  1.1080000e+00 -3.3594222e+04
  1.1090000e+00 -3.3541242e+04
  1.1100000e+00 -3.3488036e+04
  1.1110000e+00 -3.3434611e+04
  1.1120000e+00 -3.3380968e+04
  1.1130000e+00 -3.3327115e+04
  1.1140000e+00 -3.3273046e+04
  1.1150000e+00 -3.3218771e+04
  1.1160000e+00 -3.3164295e+04
  1.1170000e+00 -3.3109615e+04
  1.1180000e+00 -3.3054739e+04
  1.1190000e+00 -3.2999666e+04
  1.1200000e+00 -3.2944405e+04
  1.1210000e+00 -3.2888954e+04
  1.1220000e+00 -3.2833321e+04
  1.1230000e+00 -3.2777501e+04
  1.1240000e+00 -3.2721506e+04
  1.1250000e+00 -3.2665336e+04
  1.1260000e+00 -3.2608993e+04
  1.1270000e+00 -3.2552481e+04
  1.1280000e+00 -3.2495802e+04
  1.1290000e+00 -3.2438956e+04
  1.1300000e+00 -3.2381954e+04
  1.1310000e+00 -3.2324790e+04
  1.1320000e+00 -3.2267474e+04
  1.1330000e+00 -3.2210008e+04
  1.1340000e+00 -3.2152389e+04
  1.1350000e+00 -3.2094624e+04
  1.1360000e+00 -3.2036716e+04
  1.1370000e+00 -3.1978666e+04
  1.1380000e+00 -3.1920481e+04
  1.1390000e+00 -3.1862161e+04
  1.1400000e+00 -3.1803705e+04
  1.1410000e+00 -3.1745117e+04
  1.1420000e+00 -3.1686409e+04
  1.1430000e+00 -3.1627570e+04
  1.1440000e+00 -3.1568609e+04
  1.1450000e+00 -3.1509530e+04
  1.1460000e+00 -3.1450334e+04
  1.1470000e+00 -3.1391023e+04
  1.1480000e+00 -3.1331598e+04
  1.1490000e+00 -3.1272066e+04
  1.1500000e+00 -3.1212425e+04
  1.1510000e+00 -3.1152679e+04
  1.1520000e+00 -3.1092829e+04
  1.1530000e+00 -3.1032883e+04
  1.1540000e+00 -3.0972836e+04
  1.1550000e+00 -3.0912695e+04
  1.1560000e+00 -3.0852462e+04
  1.1570000e+00 -3.0792136e+04
  1.1580000e+00 -3.0731722e+04
  1.1590000e+00 -3.0671225e+04
  1.1600000e+00 -3.0610638e+04
  1.1610000e+00 -3.0549972e+04
  1.1620000e+00 -3.0489228e+04
  1.1630000e+00 -3.0428405e+04
  1.1640000e+00 -3.0367507e+04
  1.1650000e+00 -3.0306537e+04
  1.1660000e+00 -3.0245494e+04
  1.1670000e+00 -3.0184385e+04
  1.1680000e+00 -3.0123205e+04
  1.1690000e+00 -3.0061963e+04
  1.1700000e+00 -3.0000656e+04
  1.1710000e+00 -2.9939292e+04
  1.1720000e+00 -2.9877865e+04
  1.1730000e+00 -2.9816383e+04
  1.1740000e+00 -2.9754846e+04
  1.1750000e+00 -2.9693259e+04
  1.1760000e+00 -2.9631615e+04
  1.1770000e+00 -2.9569924e+04
  1.1780000e+00 -2.9508190e+04
  1.1790000e+00 -2.9446407e+04
  1.1800000e+00 -2.9384581e+04
  1.1810000e+00 -2.9322713e+04
  1.1820000e+00 -2.9260804e+04
  1.1830000e+00 -2.9198860e+04
  1.1840000e+00 -2.9136879e+04
  1.1850000e+00 -2.9074865e+04
  1.1860000e+00 -2.9012815e+04
  1.1870000e+00 -2.8950734e+04
  1.1880000e+00 -2.8888626e+04
  1.1890000e+00 -2.8826487e+04
  1.1900000e+00 -2.8764326e+04
  1.1910000e+00 -2.8700420e+04
  1.1920000e+00 -2.8632228e+04
  1.1930000e+00 -2.8559755e+04
  1.1940000e+00 -2.8483030e+04
  1.1950000e+00 -2.8402086e+04
  1.1960000e+00 -2.8316954e+04
  1.1970000e+00 -2.8227668e+04
  1.1980000e+00 -2.8134258e+04
  1.1990000e+00 -2.8036767e+04
  1.2000000e+00 -2.7935227e+04
