-0.362461 0.405871 -0.00147996
-0.0109544 -0.421929 -0.361941
-0.661562 0.208218 0.821603
0.577752 -0.289981 0.307291
-0.669091 -1.1531 0.0684596
0.653963 -1.03008 0.748087
-0.0851114 -0.441962 -0.383417
-0.229413 0.0144741 1.2254
0.377533 -0.258859 0.217368
0.483874 -0.117322 -0.710157
-0.0743732 -0.0140062 -0.984271
0.0390807 -0.617356 0.276643
0.203976 0.596883 0.196211
-0.393704 0.504809 -0.838014
-0.812118 -0.121166 0.714238
0.35663 0.384046 0.246214
-0.310043 1.444 0.372336
-0.0844759 -0.172944 0.608978
-0.409215 -0.188078 -0.0714557
-0.35479 -0.304376 0.236311
-0.381784 -0.0301075 -0.0365398
-0.123292 -0.171705 0.228578
0.293752 -0.32279 0.441459
0.474182 -0.440408 0.335047
-0.81482 -0.0518871 -0.222988
0.0273833 0.124383 -0.96724
0.366387 0.0781284 -0.848151
-0.121122 0.529984 1.26606
-0.151151 -0.365377 0.168297
0.328987 0.0228159 -0.0738457
0.301693 -0.155342 -0.182645
0.0711291 -0.226323 -0.288724
-0.44933 1.30946 0.502976
-0.0261654 -0.211221 -0.135103
-0.186086 -0.0343525 -0.257162
-0.179832 0.16498 -0.163559
-0.671801 0.169215 0.0569157
-0.218995 -0.558249 0.348746
-0.495281 0.909214 -0.0468073
0.466047 0.435617 -0.64381
0.293102 0.465566 0.259759
-0.0952696 -0.950611 0.318841
0.212046 0.0669909 -0.397658
0.261864 0.706646 0.21098
-0.477316 -1.16016 0.111821
0.605145 0.797513 0.152344
-0.24419 -0.686766 -0.414669
0.24431 -0.0237324 -0.839887
0.444256 -0.1043 -0.44926
0.744545 0.638878 0.377572
0.448701 0.184152 -0.31805
0.662931 -0.432851 -0.251304
-0.704377 0.442493 0.198023
0.33997 -0.118552 -0.192334
-0.555632 -0.41543 -0.242821
0.190154 -1.12597 0.070956
-0.240462 -0.140563 -0.779834
0.279792 0.178466 0.286538
0.586956 0.000544856 -0.0863644
-0.158669 0.445322 -0.29282
-0.546394 0.505623 -0.435245
0.629756 -0.343577 -0.023576
0.177008 1.26965 -0.338547
-0.347735 0.089273 0.22962
-0.429876 0.0165704 -0.736228
0.243406 -0.172776 0.260493
0.37653 0.710147 0.0476042
0.292246 0.00704166 0.269927
-0.0937471 -0.203904 0.931158
0.772876 -0.429002 -0.772435
-0.342596 -0.957515 -0.113137
0.435017 0.496508 0.735732
0.0647015 -0.141086 1.09325
-0.320434 -0.343959 -0.000465471
0.919404 -0.234195 0.297201
0.0320904 -0.281343 0.617983
-1.07926 0.348856 0.184027
0.143896 0.278128 0.753809
-0.000495481 -0.122241 0.0716189
-0.638717 -0.061444 -0.674198
0.417175 1.31234 0.135252
0.580129 0.299964 0.373147
-0.28405 0.664036 -0.61163
0.545574 0.0123639 0.119307
0.58503 -0.108174 -0.0149115
0.0795248 0.483904 0.11165
0.0282272 0.625866 -0.704249
0.235378 0.100421 -0.319917
0.319319 0.285505 0.204855
-0.609375 0.5286 -0.481046
-0.332137 0.237036 -0.635322
-0.825785 0.309863 0.258178
-0.185249 0.202638 -0.0297726
0.402155 0.423002 -0.111533
0.362444 -0.0146304 -0.0360356
1.31647 0.344569 0.583837
-0.0932093 -0.139318 0.0324825
-1.2299 -0.339175 0.263106
0.589246 -0.0303165 -0.0229619
0.044279 -0.779999 -0.187574
0.0843416 0.267068 0.189432
0.144986 -0.0643881 -0.14863
-0.568964 -0.420952 0.655192
0.20817 -0.0320584 -0.59766
0.305767 -0.126831 0.051422
-0.716237 -0.0639246 0.567583
-0.0232136 -0.0615696 0.107051
-0.286087 -0.492128 -0.447613
0.66735 0.0929555 0.408995
-0.276349 1.39873 -0.0650189
-0.0711542 1.48585 -0.253344
-0.721306 0.201046 -0.131825
0.743837 0.336327 -0.209054
-0.772982 -0.378667 -0.0881975
-0.0247442 -0.0561179 0.759435
0.152691 0.6584 -0.413586
0.778283 -0.0290266 0.110934
-0.496133 -0.344729 0.27836
-0.0900947 0.371139 0.899179
-0.318325 -0.00347282 -0.155517
-0.902303 -0.363028 0.044145
0.418246 1.58324 0.666658
1.09225 0.091726 -0.140281
0.861839 -0.425349 0.361042
0.889748 -0.307609 0.0120843
0.825696 0.0118951 0.0860023
0.139448 -0.262971 -0.352568
0.101277 0.157458 -0.0754745
0.0628404 0.759233 -0.241914
-0.197175 0.500925 -0.171065
0.24037 -0.256912 -0.833411
-0.749602 0.508821 -0.000543427
0.541395 -0.0396798 -0.515763
0.218595 0.0907685 -0.108291
-0.497012 -0.498593 0.60847
0.70179 1.28624 0.567378
0.346081 0.142014 0.0693839
-0.30194 -0.0692856 0.894961
-0.526219 -0.1236 0.0480493
0.261337 0.328191 -1.09677
-0.295717 0.715958 0.19529
1.35408 -0.00718821 0.178406
0.0141332 -0.735777 -0.512945
0.0969423 0.381651 -0.211963
0.303181 -0.167181 0.221359
0.000148585 0.220204 0.0750758
0.0711835 -1.05279 -0.680575
0.773796 0.176208 -0.207655
-0.624801 0.231853 0.105802
0.0630516 0.0602098 -0.549904
0.302262 -0.0139354 0.0394449
0.249106 -1.1355 0.193241
-0.232184 -0.232906 0.204301
-0.01937 -0.475956 1.27422
0.194435 -0.0059575 0.111313
0.221123 0.286745 -0.71842
-0.138844 0.802584 0.214798
0.233427 -0.341033 -0.218551
0.293511 0.0953375 0.142664
0.594843 -0.383562 0.038427
0.0252911 0.21082 0.195154
0.319006 -0.39286 -0.0718605
0.2812 -0.0810994 0.176403
0.394631 -0.374891 -0.109545
-0.0406891 0.0247179 0.272391
-0.093567 0.212462 0.719431
-0.140343 -0.141361 -0.22726
-0.0720863 0.0498451 -1.36677
-0.265136 -0.929446 -0.0971362
0.451594 -0.549547 -0.122659
-0.669585 -0.514496 0.112404
-0.503932 0.254525 -0.535312
0.409802 -0.174107 -0.754063
-0.251147 -0.306731 -0.0256485
0.4841 0.0264387 0.132598
-0.196522 -0.130178 0.0567214
-0.40051 0.0331966 -0.279013
-0.417533 -0.0998675 -1.67599
0.243398 -0.206951 -0.346925
-0.134225 -0.0233062 0.375883
-0.365247 -0.527697 0.455811
0.45003 -0.114961 -0.503265
-0.152988 0.286969 0.0836069
-0.115556 0.161113 -0.683141
-0.653198 0.489348 -0.147508
0.0335042 0.129355 0.505485
-0.525952 0.131702 0.0690344
-0.0314639 -0.176729 0.313742
0.123084 0.419949 0.166587
-0.0914061 0.144803 -0.198172
-0.740767 0.848026 0.537407
0.299915 0.251209 0.08883
0.0030522 -0.868449 -0.131358
0.198422 -0.212556 -0.247644
0.323191 0.1671 0.0766837
-0.96794 -0.0503495 0.80058
-0.477346 0.865707 -0.13253
-0.646629 1.12747 -0.537445
-0.230735 0.594563 -0.269781
-0.0258139 0.575039 -0.321642
-0.191044 0.491614 -0.237092
0.374004 0.296167 -0.0464179
-0.0542743 0.257078 -0.510142
-0.0507824 -0.0455798 0.0847734
0.264707 -0.02031 -0.106579
-0.434534 0.025266 0.960421
-0.161153 1.36086 0.10722
0.510374 -0.532181 -0.0198686
-0.506411 -0.177277 0.401174
1.06697 -0.463604 -0.27588
0.168225 -1.67512 0.173183
-0.0764422 -0.153533 0.472336
-0.401883 -0.552801 0.00864982
-0.165843 0.171419 0.0777913
0.231051 -0.0171696 -0.0035088
0.553487 0.184497 -0.548584
-0.123952 -0.413752 0.326469
-0.0290304 0.00166358 0.52482
0.195407 -0.54333 -0.485684
-0.487317 -0.668681 0.284353
0.189781 0.477847 0.0988727
-0.879986 0.334677 -0.184604
-0.192386 0.13347 -0.825736
-0.155128 -0.0749949 -0.183142
0.166897 0.0659035 0.177826
-0.0238239 0.281674 -0.339333
-0.035637 -1.13148 0.099271
1.02356 -0.310048 -0.995113
-0.189598 0.330371 0.210921
-0.685449 -0.108424 -0.117275
-0.0252137 -0.105061 -0.047328
0.442762 0.181895 -0.279382
0.175213 0.00149681 -0.176959
0.0178698 0.117925 0.311282
0.116755 -0.21738 0.827745
-0.288405 -0.644988 0.103613
0.0181067 -0.384832 -0.297633
-0.287958 0.195268 0.337058
-0.549514 0.0471571 0.346157
0.0382591 -1.18914 0.131559
0.137131 -0.696161 0.323865
0.425272 -0.578662 -0.19471
-0.931495 -0.137746 0.286031
-0.159626 -0.19153 0.162098
0.129084 -1.32605 0.149254
-0.957527 -0.488186 0.204631
0.50401 -0.0301952 -0.0894788
-0.524097 -0.38468 -0.470283
-1.07752 0.00934475 0.181715
-0.449782 -0.321644 0.256803
