0 0 0 0 0 0 0
0.002 0.000213284 0.000213322 0.000213221 0.0533209 0.0533304 0.0533052
0.004 0.000851617 0.000851768 0.000851366 0.159583 0.159612 0.159536
0.006 0.00191049 0.00191083 0.00190992 0.264717 0.264764 0.264639
0.008 0.0033825 0.0033831 0.00338149 0.368003 0.368069 0.367893
0.01 0.00525758 0.00525851 0.00525601 0.468769 0.468852 0.468628
0.012 0.0075232 0.00752453 0.00752093 0.566405 0.566505 0.566232
0.014 0.0101647 0.0101665 0.0101616 0.660374 0.660491 0.66017
0.016 0.0131656 0.0131679 0.0131616 0.750224 0.750357 0.749989
0.018 0.0165079 0.0165109 0.0165029 0.835588 0.835736 0.835322
0.02 0.0201727 0.0201763 0.0201664 0.916188 0.91635 0.915891
0.022 0.02414 0.0241443 0.0241324 0.991833 0.992008 0.991506
0.024 0.0283897 0.0283947 0.0283807 1.06242 1.0626 1.06206
0.026 0.0329013 0.0329071 0.0328908 1.12791 1.1281 1.12752
0.028 0.0376547 0.0376613 0.0376425 1.18834 1.18855 1.18793
0.03 0.04263 0.0426375 0.042616 1.24383 1.24404 1.24338
0.032 0.047808 0.0478164 0.0477921 1.29451 1.29473 1.29404
0.034 0.0531704 0.0531797 0.0531525 1.3406 1.34083 1.3401
0.036 0.0586997 0.05871 0.0586797 1.38232 1.38256 1.38179
0.038 0.0643795 0.0643907 0.0643573 1.41995 1.42018 1.41939
0.04 0.0701945 0.0702067 0.07017 1.45376 1.454 1.45318
0.042 0.0761308 0.0761439 0.0761038 1.48406 1.4843 1.48346
0.044 0.0821754 0.0821895 0.082146 1.51116 1.5114 1.51054
0.046 0.0883169 0.088332 0.0882849 1.53537 1.53561 1.53473
0.048 0.0945449 0.0945609 0.0945102 1.55701 1.55724 1.55634
0.05 0.10085 0.100867 0.100813 1.57637 1.5766 1.57568
0.052 0.107226 0.107243 0.107185 1.59377 1.59399 1.59306
0.054 0.113663 0.113682 0.11362 1.60948 1.60969 1.60875
0.056 0.120159 0.120178 0.120112 1.62379 1.62399 1.62303
0.058 0.126706 0.126727 0.126657 1.63694 1.63712 1.63616
0.06 0.133303 0.133324 0.13325 1.64918 1.64935 1.64838
0.062 0.139946 0.139967 0.13989 1.66073 1.66088 1.65991
0.064 0.146633 0.146655 0.146574 1.6718 1.67193 1.67096
0.066 0.153363 0.153386 0.153301 1.68257 1.68267 1.6817
0.068 0.160136 0.160159 0.16007 1.6932 1.69328 1.69231
0.07 0.166952 0.166975 0.166882 1.70384 1.70389 1.70292
0.072 0.17381 0.173833 0.173736 1.71461 1.71464 1.71367
0.074 0.180713 0.180736 0.180635 1.72563 1.72562 1.72465
0.076 0.18766 0.187683 0.187579 1.73696 1.73692 1.73595
0.078 0.194655 0.194678 0.194569 1.74869 1.74861 1.74764
0.08 0.201699 0.201721 0.201608 1.76086 1.76074 1.75977
0.082 0.208793 0.208814 0.208698 1.7735 1.77335 1.77238
0.084 0.215939 0.21596 0.21584 1.78664 1.78645 1.78548
0.086 0.22314 0.22316 0.223036 1.80028 1.80005 1.79907
0.088 0.230398 0.230417 0.230289 1.81441 1.81414 1.81316
0.09 0.237714 0.237731 0.2376 1.82901 1.8287 1.82771
0.092 0.24509 0.245106 0.24497 1.84406 1.8437 1.8427
0.094 0.252528 0.252543 0.252403 1.8595 1.8591 1.85809
0.096 0.260029 0.260042 0.259898 1.8753 1.87486 1.87383
0.098 0.267595 0.267606 0.267458 1.89141 1.89093 1.88987
0.1 0.275226 0.275235 0.275082 1.90777 1.90724 1.90616
0.102 0.282923 0.28293 0.282773 1.92431 1.92374 1.92263
0.104 0.290687 0.290691 0.29053 1.94097 1.94037 1.93922
0.106 0.298518 0.298519 0.298353 1.9577 1.95706 1.95587
0.108 0.306416 0.306414 0.306243 1.97443 1.97375 1.97253
0.11 0.31438 0.314376 0.3142 1.9911 1.99038 1.98911
0.112 0.322411 0.322403 0.322222 2.00765 2.00689 2.00558
0.114 0.330507 0.330496 0.330309 2.02403 2.02323 2.02187
0.116 0.338668 0.338654 0.338461 2.04018 2.03934 2.03794
0.118 0.346892 0.346875 0.346676 2.05605 2.05519 2.05372
0.12 0.355178 0.355157 0.354953 2.07162 2.07072 2.0692
0.122 0.363526 0.363501 0.36329 2.08682 2.0859 2.08432
0.124 0.371932 0.371904 0.371686 2.10165 2.10069 2.09906
0.126 0.380396 0.380364 0.38014 2.11607 2.11508 2.11338
0.128 0.388917 0.38888 0.388649 2.13005 2.12904 2.12728
0.13 0.397491 0.39745 0.397212 2.14359 2.14255 2.14074
0.132 0.406118 0.406073 0.405827 2.15667 2.15562 2.15374
0.134 0.414795 0.414746 0.414492 2.1693 2.16822 2.16628
0.136 0.423521 0.423467 0.423205 2.18147 2.18037 2.17837
0.138 0.432294 0.432235 0.431965 2.19318 2.19206 2.19
0.14 0.441111 0.441049 0.44077 2.20444 2.20331 2.20119
0.142 0.449972 0.449905 0.449618 2.21527 2.21412 2.21195
0.144 0.458875 0.458803 0.458507 2.22569 2.22452 2.22229
0.146 0.467818 0.467741 0.467436 2.2357 2.23451 2.23224
0.148 0.476799 0.476718 0.476403 2.24532 2.24412 2.2418
0.15 0.485818 0.485731 0.485407 2.25459 2.25338 2.25101
0.152 0.494872 0.49478 0.494447 2.26352 2.26229 2.25988
0.154 0.50396 0.503864 0.503521 2.27214 2.27089 2.26844
0.156 0.513082 0.512981 0.512628 2.28046 2.2792 2.27671
0.158 0.522236 0.52213 0.521766 2.28851 2.28724 2.28471
0.16 0.531421 0.53131 0.530936 2.29632 2.29503 2.29247
0.162 0.540637 0.54052 0.540136 2.30391 2.3026 2.30001
0.164 0.549882 0.54976 0.549366 2.31129 2.30996 2.30735
0.166 0.559156 0.559029 0.558624 2.31849 2.31714 2.3145
0.168 0.568458 0.568325 0.56791 2.32553 2.32416 2.32149
0.17 0.577788 0.577649 0.577223 2.33242 2.33102 2.32833
0.172 0.587145 0.587 0.586563 2.33917 2.33776 2.33505
0.174 0.596528 0.596378 0.59593 2.34581 2.34437 2.34164
0.176 0.605937 0.605781 0.605322 2.35234 2.35087 2.34812
0.178 0.615372 0.61521 0.61474 2.35876 2.35728 2.3545
0.18 0.624833 0.624665 0.624183 2.3651 2.36359 2.3608
0.182 0.634318 0.634144 0.633652 2.37136 2.36982 2.36701
0.184 0.643828 0.643648 0.643144 2.37753 2.37597 2.37314
0.186 0.653363 0.653176 0.652661 2.38363 2.38204 2.37919
0.188 0.662921 0.662728 0.662202 2.38966 2.38804 2.38518
0.19 0.672504 0.672304 0.671766 2.39561 2.39397 2.39109
0.192 0.68211 0.681904 0.681354 2.40149 2.39983 2.39692
0.194 0.691739 0.691526 0.690964 2.40729 2.40561 2.40269
0.196 0.701391 0.701171 0.700598 2.41302 2.41133 2.40837
0.198 0.711066 0.710839 0.710254 2.41868 2.41696 2.41399
0.2 0.720763 0.720529 0.719932 2.42425 2.42252 2.41952
0.202 0.730482 0.730241 0.729632 2.42974 2.42799 2.42497
0.204 0.740222 0.739975 0.739353 2.43514 2.43339 2.43034
0.206 0.749984 0.749729 0.749096 2.44045 2.43869 2.43562
0.208 0.759767 0.759505 0.758859 2.44567 2.44391 2.4408
0.21 0.76957 0.769301 0.768642 2.4508 2.44903 2.4459
0.212 0.779393 0.779117 0.778446 2.45583 2.45406 2.4509
0.214 0.789236 0.788953 0.788269 2.46076 2.45899 2.4558
0.216 0.799099 0.798809 0.798112 2.46559 2.46383 2.4606
0.218 0.80898 0.808683 0.807973 2.47031 2.46856 2.46531
0.22 0.81888 0.818576 0.817852 2.47494 2.47319 2.46991
0.222 0.828797 0.828487 0.82775 2.47946 2.47772 2.47441
0.224 0.838733 0.838415 0.837665 2.48388 2.48215 2.47881
0.226 0.848686 0.848361 0.847598 2.4882 2.48649 2.48312
0.228 0.858655 0.858324 0.857547 2.49241 2.49072 2.48732
0.23 0.868642 0.868303 0.867513 2.49653 2.49485 2.49143
0.232 0.878644 0.878299 0.877495 2.50055 2.49889 2.49544
0.234 0.888662 0.88831 0.887492 2.50447 2.50283 2.49936
0.236 0.898695 0.898337 0.897505 2.50831 2.50668 2.50319
0.238 0.908743 0.908379 0.907533 2.51205 2.51044 2.50694
0.24 0.918806 0.918435 0.917575 2.51571 2.51412 2.5106
0.242 0.928883 0.928506 0.927632 2.51929 2.51772 2.51419
0.244 0.938974 0.938591 0.937702 2.52279 2.52123 2.51769
0.246 0.949079 0.94869 0.947787 2.52621 2.52468 2.52113
0.248 0.959197 0.958802 0.957885 2.52957 2.52805 2.52449
0.25 0.969329 0.968927 0.967996 2.53285 2.53135 2.52779
0.252 0.979473 0.979066 0.97812 2.53608 2.53458 2.53103
0.254 0.98963 0.989217 0.988257 2.53924 2.53776 2.53421
0.256 0.999799 0.99938 0.998406 2.54235 2.54088 2.53733
0.258 1.00998 1.00956 1.00857 2.5454 2.54394 2.5404
0.26 1.02017 1.01974 1.01874 2.54841 2.54696 2.54342
0.262 1.03038 1.02994 1.02893 2.55136 2.54992 2.5464
0.264 1.0406 1.04015 1.03912 2.55428 2.55284 2.54933
0.266 1.05083 1.05038 1.04933 2.55715 2.55572 2.55221
0.268 1.06107 1.06061 1.05955 2.55999 2.55855 2.55506
0.27 1.07132 1.07086 1.06979 2.56278 2.56135 2.55786
0.272 1.08158 1.08111 1.08003 2.56554 2.56411 2.56063
0.274 1.09185 1.09138 1.09028 2.56827 2.56683 2.56337
0.276 1.10214 1.10166 1.10055 2.57097 2.56952 2.56607
0.278 1.11243 1.11195 1.11082 2.57364 2.57218 2.56873
0.28 1.12274 1.12225 1.12111 2.57627 2.57481 2.57136
0.282 1.13305 1.13256 1.1314 2.57888 2.5774 2.57396
0.284 1.14338 1.14288 1.14171 2.58146 2.57997 2.57653
0.286 1.15371 1.15321 1.15202 2.58401 2.58251 2.57907
0.288 1.16406 1.16355 1.16235 2.58654 2.58502 2.58158
0.29 1.17442 1.1739 1.17269 2.58904 2.58751 2.58406
0.292 1.18478 1.18426 1.18303 2.59151 2.58997 2.5865
0.294 1.19516 1.19463 1.19339 2.59395 2.5924 2.58892
0.296 1.20554 1.20501 1.20375 2.59637 2.5948 2.59131
0.298 1.21594 1.21539 1.21413 2.59876 2.59718 2.59367
0.3 1.22634 1.22579 1.22451 2.60112 2.59953 2.59601
0.302 1.23676 1.2362 1.23491 2.60345 2.60186 2.59831
0.304 1.24718 1.24662 1.24531 2.60576 2.60416 2.60059
0.306 1.25761 1.25704 1.25572 2.60804 2.60644 2.60284
0.308 1.26805 1.26748 1.26614 2.6103 2.60869 2.60506
0.31 1.2785 1.27792 1.27657 2.61253 2.61092 2.60725
0.312 1.28896 1.28837 1.28701 2.61473 2.61312 2.60942
0.314 1.29943 1.29883 1.29745 2.6169 2.61529 2.61157
0.316 1.30991 1.3093 1.30791 2.61905 2.61744 2.61369
0.318 1.32039 1.31978 1.31837 2.62118 2.61957 2.61578
0.32 1.33088 1.33027 1.32884 2.62328 2.62167 2.61785
0.322 1.34138 1.34076 1.33932 2.62535 2.62375 2.6199
0.324 1.35189 1.35127 1.34981 2.6274 2.62581 2.62192
0.326 1.36241 1.36178 1.3603 2.62943 2.62784 2.62392
0.328 1.37294 1.3723 1.37081 2.63143 2.62985 2.6259
0.33 1.38347 1.38283 1.38132 2.63341 2.63183 2.62786
0.332 1.39401 1.39336 1.39184 2.63537 2.6338 2.6298
0.334 1.40456 1.4039 1.40237 2.6373 2.63574 2.63172
0.336 1.41512 1.41445 1.4129 2.63922 2.63766 2.63362
0.338 1.42568 1.42501 1.42344 2.64111 2.63956 2.6355
0.34 1.43626 1.43558 1.43399 2.64299 2.64144 2.63737
0.342 1.44683 1.44615 1.44455 2.64484 2.6433 2.63921
0.344 1.45742 1.45673 1.45511 2.64668 2.64514 2.64104
0.346 1.46802 1.46732 1.46568 2.6485 2.64696 2.64286
0.348 1.47862 1.47791 1.47626 2.6503 2.64876 2.64465
0.35 1.48922 1.48852 1.48685 2.65209 2.65054 2.64643
0.352 1.49984 1.49913 1.49744 2.65386 2.65231 2.6482
0.354 1.51046 1.50974 1.50804 2.65561 2.65406 2.64995
0.356 1.52109 1.52037 1.51865 2.65735 2.65579 2.65169
0.358 1.53173 1.531 1.52926 2.65907 2.65751 2.65341
0.36 1.54237 1.54163 1.53988 2.66078 2.65922 2.65511
0.362 1.55302 1.55228 1.55051 2.66248 2.6609 2.65681
0.364 1.56368 1.56293 1.56114 2.66416 2.66258 2.65848
0.366 1.57434 1.57358 1.57178 2.66583 2.66424 2.66015
0.368 1.58501 1.58425 1.58243 2.66749 2.66589 2.6618
0.37 1.59569 1.59492 1.59308 2.66914 2.66753 2.66344
0.372 1.60637 1.60559 1.60375 2.67077 2.66915 2.66506
0.374 1.61706 1.61628 1.61441 2.67239 2.67076 2.66668
0.376 1.62776 1.62697 1.62508 2.674 2.67236 2.66828
0.378 1.63846 1.63766 1.63576 2.67559 2.67396 2.66986
0.38 1.64917 1.64836 1.64645 2.67718 2.67554 2.67144
0.382 1.65988 1.65907 1.65714 2.67875 2.67711 2.673
0.384 1.6706 1.66979 1.66784 2.68031 2.67867 2.67455
0.386 1.68133 1.68051 1.67854 2.68185 2.68022 2.67609
0.388 1.69206 1.69124 1.68926 2.68339 2.68176 2.67762
0.39 1.7028 1.70197 1.69997 2.68491 2.68329 2.67913
0.392 1.71355 1.71271 1.71069 2.68642 2.68481 2.68064
0.394 1.7243 1.72345 1.72142 2.68792 2.68632 2.68213
0.396 1.73506 1.7342 1.73216 2.6894 2.68782 2.68361
0.398 1.74582 1.74496 1.7429 2.69087 2.68931 2.68508
0.4 1.75659 1.75572 1.75364 2.69233 2.69079 2.68654
0.402 1.76737 1.76649 1.7644 2.69378 2.69226 2.68799
0.404 1.77815 1.77727 1.77515 2.69521 2.69372 2.68943
0.406 1.78893 1.78805 1.78592 2.69664 2.69517 2.69086
0.408 1.79973 1.79884 1.79669 2.69804 2.69661 2.69228
0.41 1.81052 1.80963 1.80746 2.69944 2.69804 2.69369
0.412 1.82133 1.82043 1.81824 2.70082 2.69945 2.69509
0.414 1.83214 1.83123 1.82903 2.70219 2.70086 2.69648
0.416 1.84295 1.84204 1.83982 2.70355 2.70225 2.69786
0.418 1.85377 1.85285 1.85062 2.7049 2.70364 2.69923
0.42 1.8646 1.86367 1.86142 2.70623 2.70501 2.70059
0.422 1.87543 1.8745 1.87223 2.70756 2.70637 2.70194
0.424 1.88626 1.88533 1.88304 2.70887 2.70772 2.70328
0.426 1.8971 1.89616 1.89386 2.71017 2.70905 2.70462
0.428 1.90795 1.90701 1.90468 2.71146 2.71038 2.70594
0.43 1.9188 1.91785 1.91551 2.71274 2.71169 2.70725
0.432 1.92965 1.92871 1.92634 2.714 2.71299 2.70856
0.434 1.94052 1.93956 1.93718 2.71526 2.71428 2.70986
0.436 1.95138 1.95042 1.94803 2.71651 2.71555 2.71114
0.438 1.96225 1.96129 1.95888 2.71775 2.71682 2.71242
0.44 1.97313 1.97216 1.96973 2.71898 2.71807 2.71369
0.442 1.98401 1.98304 1.98059 2.72019 2.71931 2.71496
0.444 1.99489 1.99392 1.99146 2.72141 2.72055 2.71621
0.446 2.00579 2.00481 2.00233 2.72261 2.72177 2.71746
0.448 2.01668 2.0157 2.0132 2.7238 2.72298 2.71869
0.45 2.02758 2.0266 2.02408 2.72499 2.72417 2.71992
0.452 2.03849 2.0375 2.03497 2.72616 2.72536 2.72115
0.454 2.04939 2.04841 2.04586 2.72733 2.72654 2.72236
0.456 2.06031 2.05932 2.05675 2.72849 2.72771 2.72357
0.458 2.07123 2.07023 2.06765 2.72965 2.72887 2.72477
0.46 2.08215 2.08115 2.07855 2.73079 2.73002 2.72596
0.462 2.09308 2.09208 2.08946 2.73193 2.73117 2.72714
0.464 2.10401 2.10301 2.10037 2.73306 2.7323 2.72832
0.466 2.11495 2.11394 2.11129 2.73419 2.73343 2.72949
0.468 2.12589 2.12488 2.12221 2.7353 2.73455 2.73066
0.47 2.13683 2.13582 2.13314 2.73641 2.73566 2.73181
0.472 2.14778 2.14677 2.14407 2.73752 2.73677 2.73296
0.474 2.15874 2.15772 2.15501 2.73861 2.73787 2.73411
0.476 2.1697 2.16868 2.16595 2.7397 2.73896 2.73525
0.478 2.18066 2.17964 2.1769 2.74079 2.74005 2.73638
0.48 2.19163 2.1906 2.18785 2.74187 2.74113 2.7375
0.482 2.2026 2.20157 2.1988 2.74294 2.74221 2.73862
0.484 2.21358 2.21254 2.20976 2.744 2.74328 2.73973
0.486 2.22456 2.22352 2.22072 2.74506 2.74435 2.74084
0.488 2.23554 2.2345 2.23169 2.74611 2.74541 2.74194
0.49 2.24653 2.24549 2.24266 2.74715 2.74647 2.74303
0.492 2.25752 2.25648 2.25364 2.74819 2.74752 2.74412
0.494 2.26852 2.26747 2.26462 2.74923 2.74857 2.7452
0.496 2.27952 2.27847 2.27561 2.75025 2.74962 2.74627
0.498 2.29052 2.28947 2.2866 2.75127 2.75066 2.74734
0.5 2.30153 2.30048 2.29759 2.75229 2.7517 2.7484
0.502 2.31255 2.31149 2.30859 2.75329 2.75274 2.74946
0.504 2.32356 2.32251 2.31959 2.7543 2.75377 2.75051
0.506 2.33459 2.33352 2.3306 2.75529 2.75479 2.75155
0.508 2.34561 2.34455 2.34161 2.75628 2.75581 2.75258
0.51 2.35664 2.35558 2.35262 2.75726 2.75683 2.75361
0.512 2.36767 2.36661 2.36364 2.75824 2.75784 2.75463
0.514 2.37871 2.37764 2.37466 2.75921 2.75885 2.75565
0.516 2.38975 2.38868 2.38569 2.76018 2.75985 2.75666
0.518 2.40079 2.39973 2.39672 2.76114 2.76085 2.75766
0.52 2.41184 2.41077 2.40775 2.76209 2.76185 2.75866
0.522 2.42289 2.42182 2.41879 2.76304 2.76283 2.75965
0.524 2.43395 2.43288 2.42983 2.76398 2.76382 2.76063
0.526 2.44501 2.44394 2.44088 2.76492 2.76479 2.76161
0.528 2.45607 2.455 2.45193 2.76585 2.76576 2.76258
0.53 2.46714 2.46607 2.46299 2.76678 2.76673 2.76355
0.532 2.47821 2.47714 2.47404 2.76769 2.76769 2.76451
0.534 2.48929 2.48821 2.4851 2.76861 2.76864 2.76546
0.536 2.50036 2.49929 2.49617 2.76951 2.76959 2.76641
0.538 2.51145 2.51037 2.50724 2.77041 2.77053 2.76736
0.54 2.52253 2.52146 2.51831 2.77131 2.77146 2.76829
0.542 2.53362 2.53255 2.52939 2.77219 2.77239 2.76923
0.544 2.54471 2.54364 2.54047 2.77308 2.77331 2.77015
0.546 2.55581 2.55474 2.55156 2.77395 2.77422 2.77107
0.548 2.56691 2.56584 2.56264 2.77482 2.77512 2.77199
0.55 2.57801 2.57694 2.57373 2.77569 2.77602 2.7729
0.552 2.58912 2.58805 2.58483 2.77654 2.77691 2.7738
0.554 2.60023 2.59916 2.59593 2.7774 2.77779 2.7747
0.556 2.61134 2.61028 2.60703 2.77824 2.77867 2.77559
0.558 2.62246 2.6214 2.61814 2.77908 2.77954 2.77647
0.56 2.63357 2.63252 2.62925 2.77992 2.7804 2.77735
0.562 2.6447 2.64364 2.64036 2.78075 2.78125 2.77823
0.564 2.65582 2.65477 2.65148 2.78157 2.7821 2.77909
0.566 2.66695 2.6659 2.6626 2.78239 2.78294 2.77995
0.568 2.67809 2.67704 2.67372 2.78321 2.78377 2.78081
0.57 2.68922 2.68818 2.68485 2.78402 2.7846 2.78166
0.572 2.70036 2.69932 2.69598 2.78482 2.78542 2.7825
0.574 2.7115 2.71046 2.70711 2.78562 2.78624 2.78334
0.576 2.72265 2.72161 2.71825 2.78641 2.78704 2.78417
0.578 2.7338 2.73276 2.72939 2.7872 2.78785 2.785
0.58 2.74495 2.74392 2.74053 2.78799 2.78864 2.78582
0.582 2.75611 2.75507 2.75168 2.78877 2.78943 2.78664
0.584 2.76726 2.76624 2.76282 2.78955 2.79022 2.78745
0.586 2.77843 2.7774 2.77398 2.79032 2.791 2.78826
0.588 2.78959 2.78857 2.78513 2.79109 2.79178 2.78906
0.59 2.80076 2.79974 2.79629 2.79185 2.79255 2.78986
0.592 2.81193 2.81091 2.80746 2.79261 2.79332 2.79065
0.594 2.8231 2.82209 2.81862 2.79337 2.79409 2.79145
0.596 2.83428 2.83327 2.82979 2.79412 2.79485 2.79223
0.598 2.84546 2.84445 2.84096 2.79487 2.79561 2.79301
0.6 2.85664 2.85563 2.85214 2.79562 2.79636 2.79379
0.602 2.86783 2.86682 2.86332 2.79637 2.79712 2.79457
0.604 2.87901 2.87801 2.8745 2.79711 2.79787 2.79534
0.606 2.8902 2.88921 2.88568 2.79785 2.79862 2.79611
0.608 2.9014 2.90041 2.89687 2.79859 2.79936 2.79687
0.61 2.9126 2.91161 2.90806 2.79932 2.80011 2.79764
0.612 2.9238 2.92281 2.91925 2.80005 2.80085 2.79839
0.614 2.935 2.93402 2.93045 2.80078 2.80159 2.79915
0.616 2.94621 2.94523 2.94165 2.80151 2.80233 2.7999
0.618 2.95741 2.95644 2.95285 2.80224 2.80307 2.80065
0.62 2.96863 2.96765 2.96406 2.80296 2.8038 2.8014
0.622 2.97984 2.97887 2.97527 2.80368 2.80453 2.80214
0.624 2.99106 2.99009 2.98648 2.8044 2.80526 2.80289
0.626 3.00228 3.00132 2.99769 2.80512 2.80599 2.80362
0.628 3.0135 3.01254 3.00891 2.80583 2.80671 2.80436
0.63 3.02473 3.02377 3.02013 2.80655 2.80743 2.80509
0.632 3.03596 3.035 3.03135 2.80726 2.80815 2.80583
0.634 3.04719 3.04624 3.04258 2.80796 2.80887 2.80656
0.636 3.05842 3.05748 3.05381 2.80867 2.80958 2.80728
0.638 3.06966 3.06872 3.06504 2.80937 2.81029 2.808
0.64 3.0809 3.07996 3.07628 2.81007 2.811 2.80873
0.642 3.09215 3.09121 3.08751 2.81077 2.8117 2.80944
0.644 3.10339 3.10246 3.09875 2.81147 2.8124 2.81016
0.646 3.11464 3.11371 3.11 2.81216 2.8131 2.81087
0.648 3.12589 3.12497 3.12124 2.81285 2.81379 2.81158
0.65 3.13715 3.13623 3.13249 2.81354 2.81448 2.81229
0.652 3.1484 3.14749 3.14375 2.81423 2.81516 2.81299
0.654 3.15966 3.15875 3.155 2.81491 2.81584 2.8137
0.656 3.17092 3.17002 3.16626 2.81559 2.81652 2.81439
0.658 3.18219 3.18128 3.17752 2.81627 2.81719 2.81509
0.66 3.19346 3.19256 3.18878 2.81694 2.81785 2.81578
0.662 3.20473 3.20383 3.20005 2.81761 2.81852 2.81647
0.664 3.216 3.21511 3.21132 2.81828 2.81917 2.81716
0.666 3.22728 3.22639 3.22259 2.81895 2.81983 2.81784
0.668 3.23856 3.23767 3.23386 2.81961 2.82047 2.81852
0.67 3.24984 3.24895 3.24514 2.82028 2.82112 2.8192
0.672 3.26112 3.26024 3.25642 2.82093 2.82176 2.81987
0.674 3.27241 3.27153 3.2677 2.82159 2.82239 2.82054
0.676 3.2837 3.28282 3.27898 2.82224 2.82302 2.82121
0.678 3.29499 3.29412 3.29027 2.82289 2.82365 2.82188
0.68 3.30628 3.30541 3.30156 2.82354 2.82428 2.82254
0.682 3.31758 3.31671 3.31286 2.82418 2.8249 2.8232
0.684 3.32888 3.32801 3.32415 2.82482 2.82551 2.82385
0.686 3.34018 3.33932 3.33545 2.82546 2.82613 2.82451
0.688 3.35148 3.35063 3.34675 2.82609 2.82674 2.82516
0.69 3.36279 3.36194 3.35805 2.82673 2.82735 2.82581
0.692 3.3741 3.37325 3.36936 2.82735 2.82795 2.82646
0.694 3.38541 3.38456 3.38067 2.82798 2.82856 2.8271
0.696 3.39673 3.39588 3.39198 2.8286 2.82916 2.82775
0.698 3.40804 3.4072 3.40329 2.82922 2.82976 2.82839
0.7 3.41936 3.41852 3.41461 2.82984 2.83035 2.82903
0.702 3.43068 3.42984 3.42593 2.83045 2.83095 2.82967
0.704 3.44201 3.44117 3.43725 2.83106 2.83154 2.83031
0.706 3.45333 3.4525 3.44857 2.83167 2.83213 2.83095
0.708 3.46466 3.46383 3.4599 2.83227 2.83272 2.83159
0.71 3.476 3.47516 3.47123 2.83287 2.83331 2.83222
0.712 3.48733 3.4865 3.48256 2.83347 2.83389 2.83286
0.714 3.49867 3.49783 3.49389 2.83407 2.83448 2.83349
0.716 3.51 3.50917 3.50523 2.83466 2.83506 2.83413
0.718 3.52135 3.52052 3.51657 2.83525 2.83564 2.83476
0.72 3.53269 3.53186 3.52791 2.83584 2.83622 2.83539
0.722 3.54403 3.54321 3.53925 2.83643 2.83679 2.83602
0.724 3.55538 3.55456 3.5506 2.83701 2.83737 2.83665
0.726 3.56673 3.56591 3.56195 2.8376 2.83794 2.83728
0.728 3.57809 3.57726 3.5733 2.83817 2.8385 2.83791
0.73 3.58944 3.58862 3.58465 2.83875 2.83907 2.83854
0.732 3.6008 3.59998 3.59601 2.83932 2.83963 2.83916
0.734 3.61216 3.61134 3.60737 2.83989 2.84019 2.83978
0.736 3.62352 3.6227 3.61873 2.84046 2.84075 2.84041
0.738 3.63488 3.63407 3.6301 2.84103 2.8413 2.84103
0.74 3.64625 3.64544 3.64146 2.84159 2.84186 2.84165
0.742 3.65762 3.65681 3.65283 2.84215 2.84241 2.84226
0.744 3.66899 3.66818 3.6642 2.8427 2.84295 2.84288
0.746 3.68036 3.67955 3.67558 2.84326 2.8435 2.84349
0.748 3.69174 3.69093 3.68695 2.84381 2.84404 2.8441
0.75 3.70311 3.70231 3.69833 2.84435 2.84458 2.84471
0.752 3.71449 3.71369 3.70971 2.84489 2.84512 2.84531
0.754 3.72588 3.72507 3.7211 2.84543 2.84565 2.84592
0.756 3.73726 3.73645 3.73248 2.84597 2.84619 2.84652
0.758 3.74865 3.74784 3.74387 2.8465 2.84672 2.84711
0.76 3.76003 3.75923 3.75526 2.84703 2.84724 2.8477
0.762 3.77142 3.77062 3.76666 2.84756 2.84777 2.84829
0.764 3.78282 3.78201 3.77805 2.84808 2.8483 2.84888
0.766 3.79421 3.79341 3.78945 2.8486 2.84882 2.84946
0.768 3.80561 3.80481 3.80085 2.84912 2.84934 2.85004
0.77 3.81701 3.81621 3.81225 2.84964 2.84986 2.85061
0.772 3.82841 3.82761 3.82366 2.85015 2.85037 2.85119
0.774 3.83981 3.83901 3.83506 2.85066 2.85089 2.85175
0.776 3.85121 3.85042 3.84647 2.85117 2.8514 2.85232
0.778 3.86262 3.86182 3.85788 2.85168 2.85192 2.85288
0.78 3.87403 3.87323 3.8693 2.85219 2.85243 2.85343
0.782 3.88544 3.88465 3.88071 2.85269 2.85294 2.85398
0.784 3.89685 3.89606 3.89213 2.85319 2.85345 2.85453
0.786 3.90827 3.90747 3.90355 2.85369 2.85396 2.85507
0.788 3.91968 3.91889 3.91497 2.85419 2.85447 2.85562
0.79 3.9311 3.93031 3.9264 2.85469 2.85498 2.85615
0.792 3.94252 3.94173 3.93783 2.85518 2.85549 2.85669
0.794 3.95395 3.95316 3.94926 2.85568 2.856 2.85722
0.796 3.96537 3.96458 3.96069 2.85617 2.85651 2.85774
0.798 3.9768 3.97601 3.97212 2.85667 2.85702 2.85827
0.8 3.98823 3.98744 3.98355 2.85716 2.85753 2.85879
0.802 3.99966 3.99888 3.99499 2.85765 2.85804 2.85931
0.804 4.01109 4.01031 4.00643 2.85814 2.85855 2.85982
0.806 4.02252 4.02175 4.01787 2.85863 2.85906 2.86034
0.808 4.03396 4.03318 4.02932 2.85912 2.85958 2.86085
0.81 4.0454 4.04462 4.04076 2.85961 2.86009 2.86136
0.812 4.05684 4.05607 4.05221 2.8601 2.8606 2.86187
0.814 4.06828 4.06751 4.06366 2.86059 2.86111 2.86237
0.816 4.07973 4.07896 4.07511 2.86108 2.86163 2.86288
0.818 4.09117 4.09041 4.08656 2.86157 2.86214 2.86338
0.82 4.10262 4.10186 4.09802 2.86206 2.86265 2.86388
0.822 4.11407 4.11331 4.10948 2.86254 2.86316 2.86439
0.824 4.12552 4.12476 4.12094 2.86303 2.86367 2.86489
0.826 4.13698 4.13622 4.1324 2.86351 2.86418 2.86538
0.828 4.14843 4.14768 4.14386 2.864 2.86469 2.86588
0.83 4.15989 4.15914 4.15533 2.86448 2.8652 2.86638
0.832 4.17135 4.1706 4.16679 2.86496 2.8657 2.86687
0.834 4.18281 4.18207 4.17826 2.86544 2.86621 2.86737
0.836 4.19428 4.19353 4.18973 2.86591 2.86671 2.86786
0.838 4.20574 4.205 4.20121 2.86638 2.86721 2.86836
0.84 4.21721 4.21647 4.21268 2.86686 2.86771 2.86885
0.842 4.22868 4.22795 4.22416 2.86732 2.86821 2.86934
0.844 4.24015 4.23942 4.23564 2.86779 2.86871 2.86983
0.846 4.25162 4.2509 4.24712 2.86825 2.8692 2.87032
0.848 4.2631 4.26238 4.2586 2.86871 2.86969 2.87081
0.85 4.27457 4.27386 4.27009 2.86917 2.87018 2.8713
0.852 4.28605 4.28534 4.28158 2.86962 2.87067 2.87178
0.854 4.29753 4.29683 4.29307 2.87007 2.87116 2.87227
0.856 4.30902 4.30831 4.30456 2.87052 2.87164 2.87276
0.858 4.3205 4.3198 4.31605 2.87096 2.87213 2.87324
0.86 4.33198 4.33129 4.32754 2.8714 2.87261 2.87372
0.862 4.34347 4.34278 4.33904 2.87184 2.87308 2.8742
0.864 4.35496 4.35428 4.35054 2.87227 2.87356 2.87468
0.866 4.36645 4.36577 4.36204 2.8727 2.87403 2.87516
0.868 4.37794 4.37727 4.37354 2.87313 2.8745 2.87564
0.87 4.38944 4.38877 4.38505 2.87356 2.87497 2.87611
0.872 4.40093 4.40027 4.39655 2.87398 2.87544 2.87658
0.874 4.41243 4.41178 4.40806 2.8744 2.8759 2.87705
0.876 4.42393 4.42328 4.41957 2.87482 2.87636 2.87752
0.878 4.43543 4.43479 4.43108 2.87524 2.87682 2.87799
0.88 4.44693 4.4463 4.4426 2.87565 2.87728 2.87845
0.882 4.45844 4.45781 4.45411 2.87607 2.87773 2.87892
0.884 4.46995 4.46932 4.46563 2.87648 2.87818 2.87938
0.886 4.48145 4.48084 4.47715 2.8769 2.87863 2.87983
0.888 4.49296 4.49235 4.48867 2.87731 2.87908 2.88029
0.89 4.50447 4.50387 4.5002 2.87772 2.87952 2.88074
0.892 4.51599 4.51539 4.51172 2.87814 2.87996 2.88119
0.894 4.5275 4.52691 4.52325 2.87855 2.8804 2.88164
0.896 4.53902 4.53844 4.53477 2.87897 2.88084 2.88209
0.898 4.55053 4.54996 4.5463 2.87938 2.88127 2.88253
0.9 4.56205 4.56149 4.55784 2.8798 2.88171 2.88297
0.902 4.57357 4.57302 4.56937 2.88021 2.88214 2.88341
0.904 4.5851 4.58455 4.58091 2.88063 2.88257 2.88385
0.906 4.59662 4.59608 4.59244 2.88104 2.88299 2.88428
0.908 4.60815 4.60761 4.60398 2.88146 2.88342 2.88472
0.91 4.61967 4.61915 4.61552 2.88188 2.88384 2.88515
0.912 4.6312 4.63069 4.62706 2.8823 2.88426 2.88558
0.914 4.64273 4.64222 4.63861 2.88271 2.88468 2.886
0.916 4.65427 4.65376 4.65015 2.88313 2.88509 2.88643
0.918 4.6658 4.66531 4.6617 2.88355 2.88551 2.88685
0.92 4.67734 4.67685 4.67325 2.88397 2.88592 2.88727
0.922 4.68887 4.6884 4.6848 2.88438 2.88634 2.88768
0.924 4.70041 4.69994 4.69635 2.8848 2.88675 2.8881
0.926 4.71195 4.71149 4.70791 2.88521 2.88716 2.88851
0.928 4.7235 4.72304 4.71946 2.88562 2.88757 2.88892
0.93 4.73504 4.73459 4.73102 2.88603 2.88797 2.88933
0.932 4.74659 4.74615 4.74258 2.88644 2.88838 2.88974
0.934 4.75813 4.7577 4.75414 2.88684 2.88879 2.89014
0.936 4.76968 4.76926 4.7657 2.88725 2.88919 2.89054
0.938 4.78123 4.78082 4.77727 2.88765 2.8896 2.89094
0.94 4.79278 4.79238 4.78883 2.88805 2.89 2.89134
0.942 4.80434 4.80394 4.8004 2.88845 2.89041 2.89174
0.944 4.81589 4.8155 4.81197 2.88884 2.89081 2.89213
0.946 4.82745 4.82707 4.82354 2.88923 2.89122 2.89252
0.948 4.83901 4.83863 4.83511 2.88962 2.89162 2.89291
0.95 4.85057 4.8502 4.84668 2.89001 2.89202 2.8933
0.952 4.86213 4.86177 4.85826 2.8904 2.89242 2.89369
0.954 4.87369 4.87334 4.86983 2.89078 2.89283 2.89407
0.956 4.88526 4.88492 4.88141 2.89116 2.89323 2.89445
0.958 4.89682 4.89649 4.89299 2.89154 2.89363 2.89484
0.96 4.90839 4.90807 4.90457 2.89191 2.89403 2.89522
0.962 4.91996 4.91964 4.91615 2.89229 2.89444 2.89559
0.964 4.93153 4.93122 4.92774 2.89266 2.89484 2.89597
0.966 4.9431 4.9428 4.93932 2.89303 2.89524 2.89635
0.968 4.95468 4.95439 4.95091 2.8934 2.89565 2.89673
0.97 4.96625 4.96597 4.9625 2.89377 2.89605 2.8971
0.972 4.97783 4.97756 4.97409 2.89413 2.89645 2.89748
0.974 4.98941 4.98914 4.98568 2.89449 2.89686 2.89786
0.976 5.00099 5.00073 4.99727 2.89485 2.89726 2.89823
0.978 5.01257 5.01232 5.00887 2.89521 2.89766 2.89861
0.98 5.02415 5.02392 5.02046 2.89557 2.89806 2.89899
0.982 5.03573 5.03551 5.03206 2.89592 2.89847 2.89937
0.984 5.04732 5.04711 5.04366 2.89628 2.89887 2.89975
0.986 5.05891 5.0587 5.05526 2.89663 2.89927 2.90013
0.988 5.07049 5.0703 5.06686 2.89698 2.89966 2.90051
0.99 5.08208 5.0819 5.07847 2.89732 2.90006 2.9009
0.992 5.09367 5.0935 5.09007 2.89767 2.90046 2.90128
0.994 5.10527 5.10511 5.10168 2.89801 2.90085 2.90167
0.996 5.11686 5.11671 5.11329 2.89835 2.90124 2.90205
0.998 5.12845 5.12832 5.1249 2.89869 2.90163 2.90244
1 5.14005 5.13993 5.13651 2.89902 2.90202 2.90283
1.002 5.15165 5.15154 5.14812 2.89936 2.9024 2.90322
1.004 5.16325 5.16315 5.15973 2.89969 2.90279 2.9036
1.006 5.17485 5.17476 5.17135 2.90002 2.90317 2.90399
1.008 5.18645 5.18637 5.18297 2.90034 2.90355 2.90438
1.01 5.19805 5.19799 5.19459 2.90067 2.90392 2.90478
1.012 5.20965 5.20961 5.20621 2.90099 2.9043 2.90517
1.014 5.22126 5.22123 5.21783 2.90131 2.90467 2.90556
1.016 5.23287 5.23285 5.22945 2.90163 2.90505 2.90595
1.018 5.24447 5.24447 5.24108 2.90195 2.90542 2.90634
1.02 5.25608 5.25609 5.25271 2.90226 2.90578 2.90673
1.022 5.26769 5.26771 5.26433 2.90258 2.90615 2.90711
1.024 5.2793 5.27934 5.27596 2.90289 2.90651 2.9075
1.026 5.29092 5.29097 5.2876 2.9032 2.90688 2.90788
1.028 5.30253 5.3026 5.29923 2.90351 2.90724 2.90827
1.03 5.31415 5.31423 5.31086 2.90382 2.9076 2.90865
1.032 5.32576 5.32586 5.3225 2.90413 2.90796 2.90903
1.034 5.33738 5.33749 5.33414 2.90443 2.90831 2.90941
1.036 5.349 5.34913 5.34578 2.90474 2.90867 2.90979
1.038 5.36062 5.36076 5.35742 2.90504 2.90902 2.91016
1.04 5.37224 5.3724 5.36906 2.90534 2.90938 2.91053
1.042 5.38386 5.38404 5.3807 2.90564 2.90973 2.9109
1.044 5.39549 5.39568 5.39235 2.90595 2.91008 2.91127
1.046 5.40711 5.40732 5.40399 2.90625 2.91043 2.91164
1.048 5.41874 5.41897 5.41564 2.90655 2.91077 2.912
1.05 5.43037 5.43061 5.42729 2.90685 2.91112 2.91236
1.052 5.44199 5.44226 5.43894 2.90715 2.91147 2.91272
1.054 5.45362 5.4539 5.45059 2.90745 2.91181 2.91308
1.056 5.46526 5.46555 5.46225 2.90776 2.91215 2.91344
1.058 5.47689 5.4772 5.4739 2.90806 2.91249 2.91379
1.06 5.48852 5.48885 5.48556 2.90836 2.91283 2.91414
1.062 5.50016 5.50051 5.49722 2.90867 2.91317 2.91449
1.064 5.51179 5.51216 5.50888 2.90898 2.91351 2.91484
1.066 5.52343 5.52381 5.52054 2.90928 2.91384 2.91518
1.068 5.53507 5.53547 5.5322 2.90959 2.91418 2.91553
1.07 5.54671 5.54713 5.54386 2.9099 2.91451 2.91587
1.072 5.55835 5.55879 5.55553 2.91021 2.91484 2.91621
1.074 5.56999 5.57045 5.5672 2.91053 2.91517 2.91655
1.076 5.58163 5.58211 5.57886 2.91084 2.9155 2.91688
1.078 5.59328 5.59377 5.59053 2.91115 2.91583 2.91721
1.08 5.60492 5.60544 5.6022 2.91147 2.91615 2.91755
1.082 5.61657 5.61711 5.61387 2.91178 2.91648 2.91788
1.084 5.62822 5.62877 5.62555 2.9121 2.9168 2.9182
1.086 5.63987 5.64044 5.63722 2.91242 2.91713 2.91853
1.088 5.65152 5.65211 5.6489 2.91273 2.91745 2.91885
1.09 5.66317 5.66378 5.66057 2.91305 2.91777 2.91917
1.092 5.67483 5.67545 5.67225 2.91337 2.9181 2.9195
1.094 5.68648 5.68713 5.68393 2.91368 2.91842 2.91982
1.096 5.69814 5.6988 5.69561 2.914 2.91874 2.92013
1.098 5.70979 5.71048 5.70729 2.91432 2.91906 2.92045
1.1 5.72145 5.72216 5.71897 2.91463 2.91938 2.92077
1.102 5.73311 5.73384 5.73066 2.91495 2.9197 2.92108
1.104 5.74477 5.74552 5.74234 2.91526 2.92002 2.9214
1.106 5.75644 5.7572 5.75403 2.91557 2.92034 2.92172
1.108 5.7681 5.76888 5.76572 2.91588 2.92066 2.92203
1.11 5.77976 5.78056 5.77741 2.91619 2.92098 2.92235
1.112 5.79143 5.79225 5.7891 2.91649 2.9213 2.92267
1.114 5.8031 5.80394 5.80079 2.91679 2.92163 2.92298
1.116 5.81476 5.81562 5.81248 2.91709 2.92195 2.9233
1.118 5.82643 5.82731 5.82418 2.91739 2.92227 2.92362
1.12 5.83811 5.839 5.83588 2.91768 2.92259 2.92394
1.122 5.84978 5.85069 5.84757 2.91797 2.92292 2.92426
1.124 5.86145 5.86239 5.85927 2.91826 2.92324 2.92458
1.126 5.87312 5.87408 5.87097 2.91855 2.92357 2.9249
1.128 5.8848 5.88578 5.88267 2.91883 2.92389 2.92522
1.13 5.89648 5.89747 5.89437 2.91911 2.92422 2.92555
1.132 5.90815 5.90917 5.90608 2.9194 2.92455 2.92587
1.134 5.91983 5.92087 5.91778 2.91968 2.92487 2.92619
1.136 5.93151 5.93257 5.92949 2.91996 2.9252 2.92651
1.138 5.94319 5.94427 5.94119 2.92023 2.92553 2.92683
1.14 5.95488 5.95598 5.9529 2.92051 2.92586 2.92716
1.142 5.96656 5.96768 5.96461 2.92079 2.92619 2.92748
1.144 5.97824 5.97939 5.97632 2.92107 2.92651 2.9278
1.146 5.98993 5.9911 5.98804 2.92135 2.92684 2.92812
1.148 6.00161 6.0028 5.99975 2.92163 2.92717 2.92844
1.15 6.0133 6.01451 6.01147 2.92191 2.9275 2.92876
1.152 6.02499 6.02623 6.02318 2.92219 2.92783 2.92907
1.154 6.03668 6.03794 6.0349 2.92247 2.92816 2.92939
1.156 6.04837 6.04965 6.04662 2.92276 2.92849 2.9297
1.158 6.06006 6.06137 6.05834 2.92304 2.92881 2.93001
1.16 6.07176 6.07308 6.07006 2.92332 2.92914 2.93033
1.162 6.08345 6.0848 6.08178 2.92361 2.92947 2.93064
1.164 6.09515 6.09652 6.09351 2.9239 2.9298 2.93095
1.166 6.10684 6.10824 6.10523 2.92418 2.93012 2.93125
1.168 6.11854 6.11996 6.11696 2.92447 2.93044 2.93156
1.17 6.13024 6.13169 6.12868 2.92476 2.93077 2.93186
1.172 6.14194 6.14341 6.14041 2.92505 2.93109 2.93217
1.174 6.15364 6.15514 6.15214 2.92534 2.93141 2.93247
1.176 6.16535 6.16686 6.16387 2.92563 2.93173 2.93277
1.178 6.17705 6.17859 6.17561 2.92593 2.93205 2.93307
1.18 6.18875 6.19032 6.18734 2.92622 2.93236 2.93337
1.182 6.20046 6.20205 6.19907 2.92651 2.93268 2.93367
1.184 6.21217 6.21378 6.21081 2.92681 2.93299 2.93397
1.186 6.22388 6.22552 6.22255 2.9271 2.9333 2.93426
1.188 6.23558 6.23725 6.23429 2.92739 2.93361 2.93456
1.19 6.2473 6.24899 6.24603 2.92768 2.93392 2.93485
1.192 6.25901 6.26072 6.25777 2.92798 2.93422 2.93515
1.194 6.27072 6.27246 6.26951 2.92827 2.93453 2.93544
1.196 6.28243 6.2842 6.28125 2.92856 2.93483 2.93574
1.198 6.29415 6.29594 6.29299 2.92885 2.93513 2.93603
1.2 6.30587 6.30768 6.30474 2.92914 2.93543 2.93633
1.202 6.31758 6.31943 6.31649 2.92943 2.93573 2.93662
1.204 6.3293 6.33117 6.32823 2.92971 2.93603 2.93692
1.206 6.34102 6.34292 6.33998 2.93 2.93633 2.93721
1.208 6.35274 6.35466 6.35173 2.93028 2.93663 2.93751
1.21 6.36447 6.36641 6.36348 2.93056 2.93693 2.9378
1.212 6.37619 6.37816 6.37524 2.93084 2.93723 2.9381
1.214 6.38791 6.38991 6.38699 2.93111 2.93752 2.93839
1.216 6.39964 6.40166 6.39875 2.93138 2.93782 2.93869
1.218 6.41137 6.41341 6.4105 2.93165 2.93811 2.93899
1.22 6.42309 6.42517 6.42226 2.93192 2.93841 2.93929
1.222 6.43482 6.43692 6.43402 2.93218 2.9387 2.93958
1.224 6.44655 6.44868 6.44578 2.93244 2.939 2.93988
1.226 6.45828 6.46043 6.45754 2.9327 2.93929 2.94019
1.228 6.47002 6.47219 6.4693 2.93295 2.93958 2.94049
1.23 6.48175 6.48395 6.48106 2.9332 2.93987 2.94079
1.232 6.49348 6.49571 6.49283 2.93345 2.94016 2.9411
1.234 6.50522 6.50748 6.50459 2.93369 2.94044 2.9414
1.236 6.51695 6.51924 6.51636 2.93393 2.94073 2.9417
1.238 6.52869 6.531 6.52813 2.93417 2.94101 2.94201
1.24 6.54043 6.54277 6.5399 2.93441 2.94129 2.94231
1.242 6.55217 6.55453 6.55167 2.93464 2.94156 2.94262
1.244 6.5639 6.5663 6.56344 2.93487 2.94183 2.94292
1.246 6.57565 6.57807 6.57521 2.9351 2.9421 2.94323
1.248 6.58739 6.58984 6.58699 2.93533 2.94237 2.94353
1.25 6.59913 6.60161 6.59876 2.93555 2.94264 2.94384
1.252 6.61087 6.61338 6.61054 2.93578 2.9429 2.94414
1.254 6.62262 6.62515 6.62232 2.936 2.94315 2.94444
1.256 6.63436 6.63693 6.63409 2.93622 2.94341 2.94475
1.258 6.64611 6.6487 6.64587 2.93645 2.94366 2.94505
1.26 6.65785 6.66048 6.65766 2.93667 2.94391 2.94535
1.262 6.6696 6.67225 6.66944 2.93689 2.94416 2.94565
1.264 6.68135 6.68403 6.68122 2.93712 2.94441 2.94594
1.266 6.6931 6.69581 6.69301 2.93734 2.94465 2.94624
1.268 6.70485 6.70759 6.70479 2.93757 2.94489 2.94654
1.27 6.7166 6.71937 6.71658 2.93779 2.94513 2.94683
1.272 6.72835 6.73115 6.72837 2.93802 2.94537 2.94713
1.274 6.74011 6.74293 6.74016 2.93824 2.94561 2.94742
1.276 6.75186 6.75472 6.75195 2.93847 2.94585 2.94771
1.278 6.76361 6.7665 6.76374 2.9387 2.94609 2.948
1.28 6.77537 6.77829 6.77553 2.93893 2.94632 2.94829
1.282 6.78713 6.79007 6.78733 2.93917 2.94656 2.94857
1.284 6.79888 6.80186 6.79912 2.9394 2.9468 2.94886
1.286 6.81064 6.81365 6.81092 2.93963 2.94704 2.94914
1.288 6.8224 6.82544 6.82272 2.93987 2.94727 2.94943
1.29 6.83416 6.83723 6.83452 2.9401 2.94751 2.94971
1.292 6.84592 6.84902 6.84632 2.94034 2.94775 2.94999
1.294 6.85769 6.86081 6.85812 2.94057 2.94799 2.95027
1.296 6.86945 6.8726 6.86992 2.94081 2.94823 2.95055
1.298 6.88121 6.8844 6.88172 2.94104 2.94847 2.95083
1.3 6.89298 6.89619 6.89353 2.94128 2.94871 2.95111
1.302 6.90474 6.90799 6.90533 2.94152 2.94896 2.95138
1.304 6.91651 6.91979 6.91714 2.94175 2.9492 2.95166
1.306 6.92828 6.93158 6.92895 2.94199 2.94945 2.95193
1.308 6.94005 6.94338 6.94076 2.94222 2.94969 2.9522
1.31 6.95182 6.95518 6.95257 2.94246 2.94994 2.95247
1.312 6.96359 6.96698 6.96438 2.94269 2.95019 2.95274
1.314 6.97536 6.97878 6.97619 2.94292 2.95044 2.95301
1.316 6.98713 6.99059 6.988 2.94315 2.95069 2.95328
1.318 6.99891 7.00239 6.99982 2.94338 2.95094 2.95354
1.32 7.01068 7.0142 7.01163 2.94361 2.9512 2.95381
1.322 7.02246 7.026 7.02345 2.94384 2.95145 2.95407
1.324 7.03423 7.03781 7.03527 2.94407 2.9517 2.95433
1.326 7.04601 7.04962 7.04708 2.9443 2.95196 2.9546
1.328 7.05779 7.06142 7.0589 2.94453 2.95221 2.95486
1.33 7.06957 7.07323 7.07072 2.94475 2.95246 2.95512
1.332 7.08135 7.08505 7.08255 2.94498 2.95272 2.95537
1.334 7.09313 7.09686 7.09437 2.9452 2.95297 2.95563
1.336 7.10491 7.10867 7.10619 2.94543 2.95322 2.95589
1.338 7.11669 7.12048 7.11802 2.94565 2.95347 2.95615
1.34 7.12848 7.1323 7.12984 2.94587 2.95372 2.9564
1.342 7.14026 7.14411 7.14167 2.94609 2.95396 2.95666
1.344 7.15205 7.15593 7.1535 2.94631 2.95421 2.95691
1.346 7.16383 7.16775 7.16533 2.94653 2.95445 2.95717
1.348 7.17562 7.17957 7.17715 2.94675 2.9547 2.95742
1.35 7.18741 7.19139 7.18899 2.94696 2.95494 2.95768
1.352 7.1992 7.20321 7.20082 2.94718 2.95518 2.95793
1.354 7.21098 7.21503 7.21265 2.94739 2.95541 2.95819
1.356 7.22278 7.22685 7.22448 2.94761 2.95565 2.95845
1.358 7.23457 7.23868 7.23632 2.94782 2.95588 2.9587
1.36 7.24636 7.2505 7.24815 2.94803 2.95611 2.95896
1.362 7.25815 7.26233 7.25999 2.94824 2.95634 2.95922
1.364 7.26995 7.27415 7.27183 2.94845 2.95656 2.95948
1.366 7.28174 7.28598 7.28367 2.94865 2.95678 2.95974
1.368 7.29354 7.29781 7.29551 2.94886 2.95701 2.96
1.37 7.30533 7.30964 7.30735 2.94907 2.95722 2.96026
1.372 7.31713 7.32147 7.31919 2.94927 2.95744 2.96052
1.374 7.32893 7.3333 7.33103 2.94947 2.95765 2.96078
1.376 7.34073 7.34513 7.34288 2.94967 2.95786 2.96105
1.378 7.35252 7.35696 7.35472 2.94988 2.95807 2.96131
1.38 7.36432 7.36879 7.36657 2.95008 2.95828 2.96157
1.382 7.37613 7.38063 7.37842 2.95027 2.95849 2.96184
1.384 7.38793 7.39246 7.39027 2.95047 2.95869 2.9621
1.386 7.39973 7.4043 7.40212 2.95067 2.95889 2.96236
1.388 7.41153 7.41613 7.41397 2.95086 2.95909 2.96263
1.39 7.42334 7.42797 7.42582 2.95106 2.95929 2.96289
1.392 7.43514 7.43981 7.43767 2.95125 2.95949 2.96315
1.394 7.44695 7.45165 7.44952 2.95144 2.95969 2.96342
1.396 7.45876 7.46349 7.46138 2.95163 2.95988 2.96368
1.398 7.47056 7.47533 7.47323 2.95182 2.96007 2.96394
1.4 7.48237 7.48717 7.48509 2.95201 2.96027 2.9642
1.402 7.49418 7.49901 7.49695 2.95219 2.96046 2.96446
1.404 7.50599 7.51085 7.50881 2.95237 2.96064 2.96471
1.406 7.5178 7.5227 7.52067 2.95256 2.96083 2.96497
1.408 7.52961 7.53454 7.53253 2.95274 2.96102 2.96523
1.41 7.54142 7.54639 7.54439 2.95292 2.9612 2.96548
1.412 7.55323 7.55823 7.55625 2.9531 2.96138 2.96574
1.414 7.56505 7.57008 7.56812 2.95327 2.96156 2.96599
1.416 7.57686 7.58192 7.57998 2.95345 2.96174 2.96625
1.418 7.58868 7.59377 7.59185 2.95362 2.96192 2.9665
1.42 7.60049 7.60562 7.60372 2.9538 2.9621 2.96676
1.422 7.61231 7.61747 7.61558 2.95397 2.96227 2.96701
1.424 7.62412 7.62932 7.62745 2.95414 2.96245 2.96727
1.426 7.63594 7.64117 7.63932 2.95431 2.96263 2.96752
1.428 7.64776 7.65302 7.65119 2.95448 2.9628 2.96778
1.43 7.65958 7.66487 7.66307 2.95465 2.96298 2.96803
1.432 7.6714 7.67673 7.67494 2.95482 2.96315 2.96829
1.434 7.68322 7.68858 7.68681 2.95499 2.96333 2.96854
1.436 7.69504 7.70043 7.69869 2.95516 2.96351 2.9688
1.438 7.70686 7.71229 7.71056 2.95534 2.96369 2.96905
1.44 7.71868 7.72414 7.72244 2.95551 2.96387 2.96931
1.442 7.7305 7.736 7.73432 2.95568 2.96405 2.96956
1.444 7.74233 7.74786 7.7462 2.95586 2.96423 2.96981
1.446 7.75415 7.75971 7.75808 2.95603 2.96442 2.97006
1.448 7.76598 7.77157 7.76996 2.95621 2.96461 2.97031
1.45 7.7778 7.78343 7.78184 2.95639 2.9648 2.97056
1.452 7.78963 7.79529 7.79373 2.95657 2.96499 2.97081
1.454 7.80145 7.80715 7.80561 2.95675 2.96519 2.97106
1.456 7.81328 7.81901 7.8175 2.95694 2.96539 2.9713
1.458 7.82511 7.83088 7.82938 2.95712 2.96559 2.97155
1.46 7.83694 7.84274 7.84127 2.95731 2.96579 2.97179
1.462 7.84877 7.8546 7.85316 2.95749 2.96599 2.97203
1.464 7.8606 7.86647 7.86505 2.95768 2.96619 2.97227
1.466 7.87243 7.87833 7.87694 2.95787 2.9664 2.97251
1.468 7.88426 7.8902 7.88883 2.95806 2.96661 2.97275
1.47 7.8961 7.90207 7.90072 2.95826 2.96681 2.97299
1.472 7.90793 7.91394 7.91261 2.95845 2.96702 2.97322
1.474 7.91977 7.9258 7.92451 2.95864 2.96723 2.97346
1.476 7.9316 7.93767 7.9364 2.95884 2.96744 2.97369
1.478 7.94344 7.94954 7.9483 2.95903 2.96766 2.97393
1.48 7.95527 7.96142 7.96019 2.95922 2.96787 2.97416
1.482 7.96711 7.97329 7.97209 2.95942 2.96808 2.97439
1.484 7.97895 7.98516 7.98399 2.95961 2.9683 2.97462
1.486 7.99079 7.99704 7.99589 2.95981 2.96851 2.97485
1.488 8.00263 8.00891 8.00779 2.96 2.96872 2.97508
1.49 8.01447 8.02079 8.01969 2.9602 2.96894 2.97531
1.492 8.02631 8.03266 8.03159 2.96039 2.96916 2.97554
1.494 8.03815 8.04454 8.0435 2.96058 2.96937 2.97577
1.496 8.05 8.05642 8.0554 2.96078 2.96959 2.97599
1.498 8.06184 8.0683 8.0673 2.96097 2.96981 2.97622
1.5 8.07369 8.08018 8.07921 2.96117 2.97002 2.97644
1.502 8.08553 8.09206 8.09112 2.96136 2.97024 2.97667
1.504 8.09738 8.10394 8.10302 2.96156 2.97046 2.97689
1.506 8.10922 8.11582 8.11493 2.96175 2.97067 2.97711
1.508 8.12107 8.12771 8.12684 2.96195 2.97089 2.97734
1.51 8.13292 8.13959 8.13875 2.96215 2.97111 2.97756
1.512 8.14477 8.15148 8.15066 2.96234 2.97132 2.97778
1.514 8.15662 8.16336 8.16258 2.96254 2.97154 2.978
1.516 8.16847 8.17525 8.17449 2.96273 2.97175 2.97822
1.518 8.18032 8.18714 8.1864 2.96293 2.97197 2.97844
1.52 8.19218 8.19903 8.19832 2.96313 2.97218 2.97866
1.522 8.20403 8.21092 8.21023 2.96332 2.97239 2.97888
1.524 8.21588 8.22281 8.22215 2.96351 2.9726 2.9791
1.526 8.22774 8.2347 8.23407 2.96371 2.97281 2.97932
1.528 8.23959 8.24659 8.24598 2.9639 2.97302 2.97954
1.53 8.25145 8.25848 8.2579 2.96409 2.97323 2.97976
1.532 8.26331 8.27038 8.26982 2.96428 2.97344 2.97998
1.534 8.27516 8.28227 8.28174 2.96447 2.97364 2.9802
1.536 8.28702 8.29417 8.29367 2.96466 2.97385 2.98042
1.538 8.29888 8.30606 8.30559 2.96485 2.97405 2.98064
1.54 8.31074 8.31796 8.31751 2.96503 2.97425 2.98086
1.542 8.3226 8.32986 8.32944 2.96522 2.97445 2.98108
1.544 8.33447 8.34176 8.34136 2.9654 2.97465 2.9813
1.546 8.34633 8.35366 8.35329 2.96558 2.97485 2.98152
1.548 8.35819 8.36556 8.36521 2.96576 2.97504 2.98174
1.55 8.37005 8.37746 8.37714 2.96594 2.97524 2.98196
1.552 8.38192 8.38936 8.38907 2.96612 2.97543 2.98218
1.554 8.39378 8.40126 8.401 2.9663 2.97562 2.9824
1.556 8.40565 8.41316 8.41293 2.96647 2.97581 2.98261
1.558 8.41752 8.42507 8.42486 2.96665 2.976 2.98283
1.56 8.42938 8.43697 8.43679 2.96682 2.97618 2.98304
1.562 8.44125 8.44888 8.44873 2.96699 2.97636 2.98326
1.564 8.45312 8.46078 8.46066 2.96717 2.97654 2.98347
1.566 8.46499 8.47269 8.4726 2.96734 2.97672 2.98368
1.568 8.47686 8.4846 8.48453 2.96751 2.9769 2.98389
1.57 8.48873 8.49651 8.49647 2.96767 2.97707 2.9841
1.572 8.5006 8.50842 8.5084 2.96784 2.97725 2.98431
1.574 8.51247 8.52033 8.52034 2.96801 2.97742 2.98452
1.576 8.52435 8.53224 8.53228 2.96818 2.97759 2.98473
1.578 8.53622 8.54415 8.54422 2.96834 2.97775 2.98493
1.58 8.54809 8.55606 8.55616 2.96851 2.97792 2.98514
1.582 8.55997 8.56797 8.5681 2.96867 2.97808 2.98535
1.584 8.57184 8.57988 8.58005 2.96883 2.97825 2.98556
1.586 8.58372 8.5918 8.59199 2.969 2.97841 2.98576
1.588 8.5956 8.60371 8.60393 2.96916 2.97857 2.98597
1.59 8.60747 8.61563 8.61588 2.96932 2.97873 2.98618
1.592 8.61935 8.62754 8.62782 2.96947 2.97889 2.98638
1.594 8.63123 8.63946 8.63977 2.96963 2.97905 2.98659
1.596 8.64311 8.65138 8.65172 2.96979 2.97921 2.9868
1.598 8.65499 8.66329 8.66366 2.96994 2.97937 2.987
1.6 8.66687 8.67521 8.67561 2.9701 2.97953 2.98721
1.602 8.67875 8.68713 8.68756 2.97025 2.97969 2.98742
1.604 8.69063 8.69905 8.69951 2.9704 2.97985 2.98762
1.606 8.70251 8.71097 8.71146 2.97055 2.98001 2.98783
1.608 8.7144 8.72289 8.72342 2.97069 2.98018 2.98803
1.61 8.72628 8.73481 8.73537 2.97084 2.98034 2.98824
1.612 8.73816 8.74673 8.74732 2.97098 2.98051 2.98844
1.614 8.75005 8.75866 8.75928 2.97113 2.98068 2.98864
1.616 8.76193 8.77058 8.77123 2.97127 2.98084 2.98885
1.618 8.77382 8.7825 8.78319 2.97141 2.98101 2.98905
1.62 8.78571 8.79443 8.79515 2.97155 2.98119 2.98925
1.622 8.79759 8.80635 8.8071 2.97169 2.98136 2.98945
1.624 8.80948 8.81828 8.81906 2.97183 2.98154 2.98965
1.626 8.82137 8.83021 8.83102 2.97197 2.98171 2.98984
1.628 8.83326 8.84213 8.84298 2.97211 2.98189 2.99004
1.63 8.84515 8.85406 8.85494 2.97225 2.98207 2.99024
1.632 8.85703 8.86599 8.86691 2.97239 2.98226 2.99043
1.634 8.86893 8.87792 8.87887 2.97253 2.98244 2.99062
1.636 8.88082 8.88985 8.89083 2.97267 2.98263 2.99082
1.638 8.89271 8.90178 8.9028 2.97281 2.98282 2.99101
1.64 8.9046 8.91372 8.91476 2.97295 2.98301 2.9912
1.642 8.91649 8.92565 8.92673 2.9731 2.9832 2.99139
1.644 8.92838 8.93758 8.93869 2.97324 2.98339 2.99157
1.646 8.94028 8.94952 8.95066 2.97339 2.98359 2.99176
1.648 8.95217 8.96145 8.96263 2.97353 2.98379 2.99194
1.65 8.96407 8.97339 8.9746 2.97368 2.98398 2.99213
1.652 8.97596 8.98532 8.98656 2.97383 2.98418 2.99231
1.654 8.98786 8.99726 8.99853 2.97399 2.98438 2.99249
1.656 8.99975 9.0092 9.01051 2.97414 2.98458 2.99266
1.658 9.01165 9.02114 9.02248 2.97429 2.98478 2.99284
1.66 9.02355 9.03308 9.03445 2.97445 2.98498 2.99301
1.662 9.03545 9.04502 9.04642 2.97461 2.98518 2.99318
1.664 9.04735 9.05696 9.05839 2.97477 2.98537 2.99335
1.666 9.05925 9.0689 9.07037 2.97493 2.98557 2.99351
1.668 9.07115 9.08085 9.08234 2.97509 2.98576 2.99367
1.67 9.08305 9.09279 9.09432 2.97525 2.98596 2.99383
1.672 9.09495 9.10473 9.10629 2.97541 2.98615 2.99399
1.674 9.10685 9.11668 9.11827 2.97557 2.98634 2.99415
1.676 9.11875 9.12863 9.13025 2.97573 2.98653 2.9943
1.678 9.13066 9.14057 9.14223 2.9759 2.98672 2.99445
1.68 9.14256 9.15252 9.1542 2.97606 2.9869 2.9946
1.682 9.15447 9.16447 9.16618 2.97622 2.98709 2.99475
1.684 9.16637 9.17642 9.17816 2.97637 2.98727 2.99489
1.686 9.17828 9.18837 9.19014 2.97653 2.98745 2.99503
1.688 9.19019 9.20032 9.20212 2.97668 2.98763 2.99518
1.69 9.20209 9.21227 9.21411 2.97683 2.9878 2.99532
1.692 9.214 9.22422 9.22609 2.97698 2.98798 2.99546
1.694 9.22591 9.23617 9.23807 2.97712 2.98815 2.99559
1.696 9.23782 9.24813 9.25005 2.97727 2.98832 2.99573
1.698 9.24973 9.26008 9.26204 2.9774 2.98849 2.99587
1.7 9.26164 9.27204 9.27402 2.97754 2.98866 2.996
1.702 9.27355 9.28399 9.286 2.97767 2.98883 2.99614
1.704 9.28546 9.29595 9.29799 2.97779 2.989 2.99627
1.706 9.29737 9.3079 9.30998 2.97792 2.98917 2.99641
1.708 9.30928 9.31986 9.32196 2.97804 2.98933 2.99654
1.71 9.3212 9.33182 9.33395 2.97816 2.9895 2.99668
1.712 9.33311 9.34378 9.34594 2.97827 2.98966 2.99681
1.714 9.34502 9.35574 9.35792 2.97838 2.98982 2.99694
1.716 9.35694 9.3677 9.36991 2.97849 2.98999 2.99708
1.718 9.36885 9.37966 9.3819 2.9786 2.99015 2.99721
1.72 9.38077 9.39162 9.39389 2.9787 2.99032 2.99735
1.722 9.39268 9.40358 9.40588 2.97881 2.99048 2.99748
1.724 9.4046 9.41554 9.41787 2.97891 2.99065 2.99762
1.726 9.41651 9.42751 9.42986 2.97901 2.99081 2.99775
1.728 9.42843 9.43947 9.44185 2.97911 2.99098 2.99789
1.73 9.44035 9.45144 9.45384 2.97921 2.99114 2.99802
1.732 9.45226 9.4634 9.46584 2.97931 2.99131 2.99816
1.734 9.46418 9.47537 9.47783 2.9794 2.99147 2.99829
1.736 9.4761 9.48733 9.48982 2.9795 2.99163 2.99843
1.738 9.48802 9.4993 9.50182 2.9796 2.9918 2.99857
1.74 9.49994 9.51127 9.51381 2.9797 2.99196 2.9987
1.742 9.51186 9.52324 9.52581 2.9798 2.99213 2.99884
1.744 9.52378 9.53521 9.5378 2.9799 2.99229 2.99898
1.746 9.5357 9.54718 9.5498 2.98 2.99245 2.99912
1.748 9.54762 9.55915 9.5618 2.9801 2.99261 2.99925
1.75 9.55954 9.57112 9.5738 2.9802 2.99277 2.99939
1.752 9.57146 9.58309 9.58579 2.9803 2.99293 2.99953
1.754 9.58338 9.59506 9.59779 2.98041 2.99309 2.99967
1.756 9.5953 9.60703 9.60979 2.98051 2.99325 2.99981
1.758 9.60722 9.61901 9.62179 2.98061 2.99341 2.99994
1.76 9.61915 9.63098 9.63379 2.98072 2.99357 3.00008
1.762 9.63107 9.64296 9.64579 2.98083 2.99372 3.00022
1.764 9.64299 9.65493 9.65779 2.98094 2.99388 3.00036
1.766 9.65492 9.66691 9.6698 2.98104 2.99403 3.00049
1.768 9.66684 9.67889 9.6818 2.98115 2.99418 3.00063
1.77 9.67877 9.69086 9.6938 2.98126 2.99434 3.00077
1.772 9.69069 9.70284 9.7058 2.98137 2.99449 3.0009
1.774 9.70262 9.71482 9.71781 2.98148 2.99464 3.00104
1.776 9.71455 9.7268 9.72981 2.98159 2.99478 3.00117
1.778 9.72647 9.73878 9.74182 2.9817 2.99493 3.00131
1.78 9.7384 9.75076 9.75382 2.98181 2.99508 3.00145
1.782 9.75033 9.76274 9.76583 2.98192 2.99522 3.00158
1.784 9.76226 9.77472 9.77784 2.98203 2.99537 3.00172
1.786 9.77418 9.7867 9.78985 2.98214 2.99551 3.00186
1.788 9.78611 9.79869 9.80185 2.98225 2.99565 3.002
1.79 9.79804 9.81067 9.81386 2.98236 2.99579 3.00214
1.792 9.80997 9.82265 9.82587 2.98247 2.99594 3.00228
1.794 9.8219 9.83464 9.83788 2.98258 2.99608 3.00242
1.796 9.83383 9.84662 9.84989 2.98269 2.99622 3.00256
1.798 9.84576 9.85861 9.8619 2.9828 2.99636 3.00271
1.8 9.8577 9.87059 9.87391 2.9829 2.9965 3.00286
1.802 9.86963 9.88258 9.88593 2.98301 2.99664 3.00301
1.804 9.88156 9.89457 9.89794 2.98312 2.99679 3.00316
1.806 9.89349 9.90655 9.90995 2.98322 2.99693 3.00331
1.808 9.90543 9.91854 9.92197 2.98333 2.99707 3.00346
1.81 9.91736 9.93053 9.93398 2.98343 2.99722 3.00362
1.812 9.92929 9.94252 9.94599 2.98354 2.99736 3.00378
1.814 9.94123 9.95451 9.95801 2.98364 2.9975 3.00394
1.816 9.95316 9.9665 9.97003 2.98374 2.99765 3.0041
1.818 9.9651 9.97849 9.98204 2.98385 2.99779 3.00426
1.82 9.97704 9.99048 9.99406 2.98395 2.99793 3.00443
1.822 9.98897 10.0025 10.0061 2.98405 2.99807 3.00459
1.824 10.0009 10.0145 10.0181 2.98415 2.99821 3.00475
1.826 10.0128 10.0265 10.0301 2.98425 2.99835 3.00492
1.828 10.0248 10.0385 10.0421 2.98436 2.99848 3.00508
1.83 10.0367 10.0505 10.0542 2.98446 2.99862 3.00524
1.832 10.0487 10.0624 10.0662 2.98456 2.99875 3.0054
1.834 10.0606 10.0744 10.0782 2.98466 2.99888 3.00556
1.836 10.0725 10.0864 10.0902 2.98476 2.99901 3.00572
1.838 10.0845 10.0984 10.1023 2.98486 2.99913 3.00587
1.84 10.0964 10.1104 10.1143 2.98496 2.99926 3.00602
1.842 10.1084 10.1224 10.1263 2.98506 2.99938 3.00617
1.844 10.1203 10.1344 10.1383 2.98517 2.9995 3.00631
1.846 10.1322 10.1464 10.1503 2.98527 2.99961 3.00645
1.848 10.1442 10.1584 10.1624 2.98537 2.99973 3.00659
1.85 10.1561 10.1704 10.1744 2.98547 2.99984 3.00673
1.852 10.1681 10.1824 10.1864 2.98558 2.99995 3.00686
1.854 10.18 10.1944 10.1985 2.98568 3.00005 3.00698
1.856 10.1919 10.2064 10.2105 2.98578 3.00016 3.0071
1.858 10.2039 10.2184 10.2225 2.98588 3.00026 3.00722
1.86 10.2158 10.2304 10.2345 2.98598 3.00036 3.00734
1.862 10.2278 10.2424 10.2466 2.98608 3.00046 3.00745
1.864 10.2397 10.2544 10.2586 2.98618 3.00056 3.00755
1.866 10.2517 10.2664 10.2706 2.98628 3.00066 3.00766
1.868 10.2636 10.2784 10.2827 2.98638 3.00076 3.00776
1.87 10.2756 10.2904 10.2947 2.98648 3.00086 3.00786
1.872 10.2875 10.3024 10.3067 2.98658 3.00095 3.00795
1.874 10.2995 10.3144 10.3188 2.98667 3.00105 3.00804
1.876 10.3114 10.3265 10.3308 2.98677 3.00114 3.00814
1.878 10.3234 10.3385 10.3428 2.98686 3.00124 3.00823
1.88 10.3353 10.3505 10.3549 2.98695 3.00134 3.00831
1.882 10.3472 10.3625 10.3669 2.98704 3.00143 3.0084
1.884 10.3592 10.3745 10.3789 2.98713 3.00153 3.00849
1.886 10.3711 10.3865 10.391 2.98722 3.00162 3.00858
1.888 10.3831 10.3985 10.403 2.9873 3.00172 3.00866
1.89 10.395 10.4105 10.415 2.98739 3.00182 3.00875
1.892 10.407 10.4225 10.4271 2.98747 3.00191 3.00884
1.894 10.4189 10.4345 10.4391 2.98755 3.00201 3.00893
1.896 10.4309 10.4465 10.4511 2.98762 3.00211 3.00902
1.898 10.4428 10.4585 10.4632 2.9877 3.00221 3.00911
1.9 10.4548 10.4705 10.4752 2.98777 3.00231 3.0092
1.902 10.4667 10.4825 10.4873 2.98785 3.00241 3.0093
1.904 10.4787 10.4946 10.4993 2.98792 3.00251 3.0094
1.906 10.4906 10.5066 10.5113 2.98799 3.00261 3.0095
1.908 10.5026 10.5186 10.5234 2.98806 3.00272 3.0096
1.91 10.5146 10.5306 10.5354 2.98813 3.00282 3.0097
1.912 10.5265 10.5426 10.5474 2.98819 3.00293 3.0098
1.914 10.5385 10.5546 10.5595 2.98826 3.00303 3.00991
1.916 10.5504 10.5666 10.5715 2.98833 3.00313 3.01002
1.918 10.5624 10.5786 10.5836 2.9884 3.00324 3.01013
1.92 10.5743 10.5907 10.5956 2.98846 3.00335 3.01024
1.922 10.5863 10.6027 10.6076 2.98853 3.00345 3.01035
1.924 10.5982 10.6147 10.6197 2.9886 3.00356 3.01047
1.926 10.6102 10.6267 10.6317 2.98866 3.00366 3.01058
1.928 10.6221 10.6387 10.6438 2.98873 3.00377 3.0107
1.93 10.6341 10.6507 10.6558 2.9888 3.00388 3.01082
1.932 10.646 10.6627 10.6679 2.98887 3.00399 3.01094
1.934 10.658 10.6748 10.6799 2.98893 3.00409 3.01106
1.936 10.67 10.6868 10.6919 2.989 3.0042 3.01118
1.938 10.6819 10.6988 10.704 2.98907 3.00431 3.0113
1.94 10.6939 10.7108 10.716 2.98914 3.00442 3.01142
1.942 10.7058 10.7228 10.7281 2.98921 3.00453 3.01154
1.944 10.7178 10.7348 10.7401 2.98929 3.00464 3.01166
1.946 10.7297 10.7469 10.7522 2.98936 3.00476 3.01178
1.948 10.7417 10.7589 10.7642 2.98943 3.00487 3.0119
1.95 10.7537 10.7709 10.7763 2.9895 3.00498 3.01201
1.952 10.7656 10.7829 10.7883 2.98958 3.00509 3.01213
1.954 10.7776 10.7949 10.8004 2.98965 3.00521 3.01225
1.956 10.7895 10.807 10.8124 2.98972 3.00532 3.01237
1.958 10.8015 10.819 10.8245 2.9898 3.00544 3.01248
1.96 10.8135 10.831 10.8365 2.98987 3.00556 3.0126
1.962 10.8254 10.843 10.8486 2.98994 3.00568 3.01271
1.964 10.8374 10.8551 10.8606 2.99002 3.00579 3.01282
1.966 10.8493 10.8671 10.8727 2.99009 3.00591 3.01293
1.968 10.8613 10.8791 10.8847 2.99016 3.00603 3.01305
1.97 10.8733 10.8911 10.8968 2.99024 3.00615 3.01315
1.972 10.8852 10.9032 10.9088 2.99031 3.00627 3.01326
1.974 10.8972 10.9152 10.9209 2.99038 3.00639 3.01337
1.976 10.9091 10.9272 10.9329 2.99045 3.00651 3.01348
1.978 10.9211 10.9392 10.945 2.99053 3.00663 3.01358
1.98 10.9331 10.9513 10.957 2.9906 3.00675 3.01369
1.982 10.945 10.9633 10.9691 2.99067 3.00687 3.01379
1.984 10.957 10.9753 10.9812 2.99074 3.00699 3.01389
1.986 10.969 10.9873 10.9932 2.9908 3.00711 3.014
1.988 10.9809 10.9994 11.0053 2.99087 3.00722 3.0141
1.99 10.9929 11.0114 11.0173 2.99094 3.00734 3.0142
1.992 11.0048 11.0234 11.0294 2.991 3.00746 3.01431
1.994 11.0168 11.0355 11.0414 2.99107 3.00757 3.01441
1.996 11.0288 11.0475 11.0535 2.99113 3.00768 3.01451
1.998 11.0407 11.0595 11.0656 2.99119 3.0078 3.01462
