0 53.2261 53.2355 53.2104 0 0 0
0.002 53.0376 53.047 53.0219 0.106264 0.106283 0.106232
0.004 52.477 52.4864 52.4614 0.211778 0.211816 0.211715
0.006 51.559 51.5681 51.5433 0.315814 0.31587 0.31572
0.008 50.3067 50.3156 50.291 0.41768 0.417754 0.417554
0.01 48.7508 48.7594 48.7352 0.516737 0.516829 0.516581
0.012 46.928 46.9363 46.9125 0.612416 0.612525 0.612228
0.014 44.8791 44.887 44.8636 0.704223 0.704348 0.704004
0.016 42.6471 42.6546 42.6318 0.79175 0.79189 0.7915
0.018 40.2761 40.2831 40.2609 0.874673 0.874828 0.874393
0.02 37.8091 37.8157 37.7941 0.952758 0.952926 0.952448
0.022 35.2876 35.2936 35.2727 1.02585 1.02604 1.02551
0.024 32.7498 32.7553 32.7352 1.09389 1.09408 1.09352
0.026 30.2306 30.2356 30.2163 1.15687 1.15708 1.15647
0.028 27.7609 27.7653 27.7469 1.21486 1.21508 1.21444
0.03 25.3674 25.3712 25.3538 1.26799 1.26821 1.26754
0.032 23.0726 23.0757 23.0593 1.31643 1.31666 1.31595
0.034 20.8947 20.8972 20.8818 1.3604 1.36063 1.35989
0.036 18.8482 18.8501 18.8357 1.40014 1.40038 1.39961
0.038 16.944 16.9452 16.9318 1.43593 1.43618 1.43538
0.04 15.1895 15.1899 15.1777 1.46807 1.46831 1.46749
0.042 13.5892 13.5888 13.5777 1.49685 1.49709 1.49624
0.044 12.1449 12.1437 12.1337 1.52258 1.52282 1.52195
0.046 10.8561 10.8541 10.8452 1.54558 1.54582 1.54493
0.048 9.72049 9.71761 9.70981 1.56616 1.56639 1.56549
0.05 8.73379 8.72996 8.72328 1.58461 1.58484 1.58392
0.052 7.89044 7.88561 7.88003 1.60124 1.60145 1.60052
0.054 7.18366 7.17779 7.17328 1.61631 1.61652 1.61558
0.056 6.60571 6.59875 6.59529 1.6301 1.63029 1.62935
0.058 6.14809 6.14002 6.13754 1.64285 1.64303 1.64208
0.06 5.80173 5.79253 5.79097 1.6548 1.65497 1.65401
0.062 5.55713 5.54679 5.54607 1.66616 1.66631 1.66534
0.064 5.40452 5.39305 5.39306 1.67712 1.67725 1.67628
0.066 5.33398 5.32139 5.32203 1.68786 1.68796 1.687
0.068 5.33558 5.3219 5.32303 1.69853 1.6986 1.69764
0.07 5.39945 5.38472 5.38618 1.70927 1.70931 1.70835
0.072 5.51589 5.50016 5.50179 1.72018 1.72019 1.71924
0.074 5.67548 5.65882 5.66043 1.73137 1.73135 1.7304
0.076 5.86913 5.85161 5.85301 1.74292 1.74286 1.74192
0.078 6.08817 6.06987 6.07087 1.75488 1.75479 1.75384
0.08 6.3244 6.30541 6.30581 1.76729 1.76716 1.76622
0.082 6.57017 6.5506 6.55018 1.78018 1.78002 1.77907
0.084 6.81841 6.79834 6.79693 1.79357 1.79337 1.79242
0.086 7.06267 7.04222 7.03963 1.80745 1.80721 1.80626
0.088 7.29717 7.27644 7.2725 1.82181 1.82152 1.82057
0.09 7.51682 7.4959 7.49048 1.83663 1.8363 1.83533
0.092 7.71721 7.69621 7.68917 1.85186 1.85149 1.85051
0.094 7.89466 7.87367 7.86491 1.86747 1.86706 1.86606
0.096 8.04618 8.02528 8.01473 1.88341 1.88296 1.88194
0.098 8.16946 8.14874 8.13636 1.89963 1.89913 1.8981
0.1 8.26289 8.24243 8.22819 1.91606 1.91552 1.91446
0.102 8.32548 8.30534 8.28925 1.93265 1.93207 1.93098
0.104 8.35685 8.3371 8.31918 1.94933 1.94871 1.94759
0.106 8.35719 8.33788 8.3182 1.96605 1.96539 1.96422
0.108 8.32719 8.30838 8.287 1.98273 1.98203 1.98083
0.11 8.26802 8.24975 8.22678 1.99933 1.99859 1.99734
0.112 8.18124 8.16356 8.13911 2.01578 2.01501 2.01371
0.114 8.06877 8.05171 8.02592 2.03203 2.03122 2.02987
0.116 7.93282 7.9164 7.88942 2.04803 2.04719 2.04579
0.118 7.7758 7.76005 7.73205 2.06374 2.06287 2.06141
0.12 7.60031 7.58527 7.55641 2.07911 2.07821 2.0767
0.122 7.40907 7.39474 7.36522 2.09412 2.09319 2.09162
0.124 7.20484 7.19124 7.16124 2.10873 2.10778 2.10615
0.126 6.99039 6.97752 6.94723 2.12293 2.12195 2.12025
0.128 6.76844 6.7563 6.72592 2.13669 2.13568 2.13393
0.13 6.54165 6.53022 6.49993 2.15 2.14897 2.14715
0.132 6.31252 6.30179 6.27177 2.16285 2.1618 2.15993
0.134 6.08342 6.07335 6.04379 2.17525 2.17417 2.17224
0.136 5.85654 5.84709 5.81814 2.18719 2.18609 2.1841
0.138 5.63385 5.62497 5.59678 2.19868 2.19757 2.19552
0.14 5.4171 5.40872 5.38142 2.20973 2.2086 2.2065
0.142 5.20783 5.19986 5.17358 2.22036 2.21921 2.21705
0.144 5.0073 4.99966 4.97449 2.23057 2.22941 2.2272
0.146 4.81657 4.80915 4.78518 2.24039 2.23922 2.23696
0.148 4.63643 4.62912 4.60642 2.24985 2.24865 2.24635
0.15 4.46745 4.46015 4.43876 2.25895 2.25774 2.2554
0.152 4.30999 4.30258 4.28251 2.26773 2.26651 2.26412
0.154 4.16417 4.15656 4.13781 2.2762 2.27497 2.27254
0.156 4.02995 4.02203 4.00459 2.2844 2.28314 2.28068
0.158 3.9071 3.89878 3.88261 2.29233 2.29107 2.28857
0.16 3.79523 3.78644 3.77148 2.30004 2.29875 2.29622
0.162 3.69383 3.68452 3.67069 2.30753 2.30622 2.30366
0.164 3.60226 3.59239 3.5796 2.31482 2.3135 2.31091
0.166 3.5198 3.50937 3.49752 2.32194 2.3206 2.31799
0.168 3.44566 3.43467 3.42365 2.32891 2.32754 2.32491
0.17 3.37901 3.3675 3.35718 2.33573 2.33435 2.33169
0.172 3.31897 3.30699 3.29725 2.34243 2.34102 2.33835
0.174 3.26466 3.2523 3.243 2.34902 2.34758 2.34489
0.176 3.21521 3.20256 3.19358 2.3555 2.35404 2.35132
0.178 3.16977 3.15695 3.14816 2.36188 2.36039 2.35767
0.18 3.12753 3.11465 3.10592 2.36818 2.36667 2.36392
0.182 3.0877 3.07491 3.06613 2.37439 2.37286 2.37009
0.184 3.04959 3.03702 3.02809 2.38053 2.37897 2.37619
0.186 3.01254 3.00033 2.99115 2.38659 2.385 2.38221
0.188 2.97597 2.96427 2.95475 2.39258 2.39097 2.38815
0.19 2.93938 2.92832 2.91838 2.3985 2.39686 2.39402
0.192 2.90234 2.89205 2.88163 2.40434 2.40268 2.39982
0.194 2.8645 2.85509 2.84415 2.4101 2.40843 2.40555
0.196 2.82557 2.81716 2.80565 2.41579 2.4141 2.4112
0.198 2.78537 2.77803 2.76595 2.42141 2.4197 2.41677
0.2 2.74375 2.73757 2.72489 2.42693 2.42521 2.42226
0.202 2.70065 2.69569 2.68243 2.43238 2.43065 2.42767
0.204 2.65606 2.65236 2.63854 2.43774 2.43599 2.43299
0.206 2.61004 2.60762 2.59329 2.443 2.44125 2.43822
0.208 2.56269 2.56155 2.54675 2.44817 2.44642 2.44336
0.21 2.51414 2.51427 2.49909 2.45325 2.4515 2.44841
0.212 2.46457 2.46594 2.45045 2.45823 2.45648 2.45336
0.214 2.41418 2.41674 2.40105 2.46311 2.46136 2.45821
0.216 2.36319 2.3669 2.35111 2.46789 2.46615 2.46296
0.218 2.31185 2.31663 2.30086 2.47256 2.47083 2.46761
0.22 2.2604 2.26616 2.25054 2.47713 2.47541 2.47216
0.222 2.20908 2.21574 2.20039 2.4816 2.47989 2.47662
0.224 2.15813 2.1656 2.15066 2.48597 2.48428 2.48097
0.226 2.1078 2.11596 2.10156 2.49024 2.48856 2.48522
0.228 2.0583 2.06705 2.05331 2.4944 2.49274 2.48937
0.23 2.00983 2.01906 2.00611 2.49847 2.49683 2.49343
0.232 1.96259 1.97219 1.96014 2.50244 2.50082 2.4974
0.234 1.91673 1.92658 1.91554 2.50632 2.50472 2.50128
0.236 1.87241 1.8824 1.87245 2.51011 2.50852 2.50506
0.238 1.82973 1.83975 1.83097 2.51381 2.51225 2.50877
0.24 1.78879 1.79873 1.79117 2.51743 2.51589 2.51239
0.242 1.74967 1.75942 1.75312 2.52097 2.51944 2.51593
0.244 1.7124 1.72187 1.71683 2.52443 2.52292 2.5194
0.246 1.67701 1.68609 1.68231 2.52782 2.52633 2.5228
0.248 1.6435 1.6521 1.64955 2.53114 2.52967 2.52613
0.25 1.61186 1.61988 1.6185 2.5344 2.53294 2.5294
0.252 1.58203 1.58939 1.58911 2.53759 2.53615 2.53261
0.254 1.55397 1.56059 1.56131 2.54073 2.5393 2.53576
0.256 1.52759 1.53342 1.53501 2.54381 2.5424 2.53886
0.258 1.50282 1.50778 1.51012 2.54684 2.54544 2.5419
0.26 1.47956 1.4836 1.48654 2.54982 2.54843 2.5449
0.262 1.4577 1.46078 1.46416 2.55276 2.55137 2.54785
0.264 1.43712 1.43923 1.44287 2.55565 2.55427 2.55076
0.266 1.4177 1.41883 1.42257 2.55851 2.55713 2.55362
0.268 1.39934 1.39948 1.40315 2.56133 2.55995 2.55645
0.27 1.3819 1.38108 1.38451 2.56411 2.56273 2.55923
0.272 1.36527 1.36353 1.36655 2.56685 2.56547 2.56199
0.274 1.34933 1.34673 1.34919 2.56957 2.56818 2.5647
0.276 1.33398 1.33058 1.33234 2.57225 2.57086 2.56738
0.278 1.31911 1.31501 1.31593 2.57491 2.57351 2.57003
0.28 1.30463 1.29993 1.29989 2.57753 2.57612 2.57265
0.282 1.29045 1.28526 1.28417 2.58012 2.57871 2.57523
0.284 1.27649 1.27095 1.26873 2.58269 2.58126 2.57778
0.286 1.2627 1.25693 1.25352 2.58523 2.58379 2.58031
0.288 1.24901 1.24316 1.23851 2.58774 2.58629 2.5828
0.29 1.23539 1.2296 1.22368 2.59023 2.58876 2.58526
0.292 1.22181 1.21621 1.209 2.59268 2.59121 2.58769
0.294 1.20824 1.20296 1.19448 2.59511 2.59363 2.5901
0.296 1.19466 1.18984 1.18011 2.59752 2.59602 2.59247
0.298 1.18109 1.17681 1.16588 2.59989 2.59839 2.59482
0.3 1.16751 1.16388 1.1518 2.60224 2.60073 2.59714
0.302 1.15395 1.15104 1.13789 2.60456 2.60305 2.59942
0.304 1.14042 1.13827 1.12415 2.60686 2.60533 2.60169
0.306 1.12693 1.12558 1.11059 2.60912 2.6076 2.60392
0.308 1.11352 1.11297 1.09724 2.61136 2.60984 2.60613
0.31 1.1002 1.10043 1.08412 2.61358 2.61205 2.60831
0.312 1.087 1.08799 1.07123 2.61577 2.61424 2.61047
0.314 1.07395 1.07564 1.0586 2.61793 2.6164 2.6126
0.316 1.06107 1.06339 1.04625 2.62006 2.61854 2.6147
0.318 1.04839 1.05126 1.03418 2.62217 2.62066 2.61678
0.32 1.03592 1.03926 1.02241 2.62426 2.62275 2.61884
0.322 1.02369 1.0274 1.01095 2.62631 2.62481 2.62087
0.324 1.01172 1.01569 0.999798 2.62835 2.62686 2.62288
0.326 1.00001 1.00415 0.98897 2.63036 2.62888 2.62487
0.328 0.988588 0.992797 0.97846 2.63235 2.63087 2.62684
0.33 0.97746 0.981645 0.968268 2.63432 2.63285 2.62878
0.332 0.966635 0.970708 0.958388 2.63626 2.6348 2.63071
0.334 0.956119 0.959999 0.948813 2.63818 2.63673 2.63262
0.336 0.945918 0.94953 0.939532 2.64009 2.63864 2.63451
0.338 0.936033 0.939313 0.930533 2.64197 2.64053 2.63638
0.34 0.926466 0.929357 0.921804 2.64383 2.6424 2.63823
0.342 0.917214 0.919669 0.913329 2.64567 2.64425 2.64006
0.344 0.908274 0.910255 0.905093 2.6475 2.64608 2.64188
0.346 0.89964 0.901118 0.897079 2.64931 2.64789 2.64369
0.348 0.891304 0.892262 0.889271 2.6511 2.64968 2.64547
0.35 0.883255 0.883686 0.881652 2.65287 2.65146 2.64724
0.352 0.875481 0.875392 0.874207 2.65463 2.65322 2.649
0.354 0.867966 0.867376 0.86692 2.65637 2.65496 2.65074
0.356 0.860693 0.859636 0.859776 2.6581 2.65669 2.65247
0.358 0.853641 0.852168 0.852763 2.65982 2.6584 2.65418
0.36 0.84679 0.844965 0.845868 2.66152 2.66009 2.65588
0.362 0.840115 0.83802 0.839082 2.6632 2.66178 2.65756
0.364 0.833594 0.831325 0.832395 2.66488 2.66345 2.65923
0.366 0.827201 0.824868 0.825799 2.66654 2.6651 2.66089
0.368 0.820913 0.818638 0.819291 2.66819 2.66675 2.66254
0.37 0.814706 0.812621 0.812863 2.66982 2.66838 2.66417
0.372 0.808559 0.806802 0.806515 2.67145 2.67 2.66579
0.374 0.80245 0.801164 0.800243 2.67306 2.67161 2.6674
0.376 0.796362 0.79569 0.794046 2.67466 2.6732 2.66899
0.378 0.79028 0.790359 0.787923 2.67624 2.67479 2.67057
0.38 0.784192 0.785153 0.781875 2.67782 2.67636 2.67214
0.382 0.778088 0.780049 0.775902 2.67938 2.67793 2.6737
0.384 0.771961 0.775028 0.770004 2.68093 2.67948 2.67525
0.386 0.765806 0.770067 0.76418 2.68247 2.68103 2.67678
0.388 0.759622 0.765145 0.758432 2.68399 2.68256 2.6783
0.39 0.753408 0.760243 0.75276 2.68551 2.68409 2.67981
0.392 0.747168 0.75534 0.747163 2.68701 2.68561 2.68131
0.394 0.740903 0.750419 0.741641 2.68849 2.68711 2.6828
0.396 0.734619 0.745463 0.736193 2.68997 2.68861 2.68428
0.398 0.728324 0.740457 0.730818 2.69143 2.69009 2.68575
0.4 0.722024 0.735389 0.725513 2.69288 2.69157 2.6872
0.402 0.715728 0.730248 0.720278 2.69432 2.69303 2.68865
0.404 0.709445 0.725026 0.715108 2.69575 2.69449 2.69008
0.406 0.703186 0.719717 0.710002 2.69716 2.69593 2.69151
0.408 0.696961 0.714318 0.704955 2.69856 2.69737 2.69292
0.41 0.690781 0.708828 0.699966 2.69995 2.69879 2.69433
0.412 0.684656 0.703247 0.695031 2.70132 2.7002 2.69572
0.414 0.678597 0.697579 0.690148 2.70269 2.7016 2.69711
0.416 0.672615 0.69183 0.685315 2.70404 2.70299 2.69848
0.418 0.66672 0.686007 0.680531 2.70538 2.70437 2.69985
0.42 0.660922 0.680119 0.675795 2.7067 2.70574 2.70121
0.422 0.655229 0.674178 0.671108 2.70802 2.70709 2.70255
0.424 0.649649 0.668197 0.66647 2.70932 2.70843 2.70389
0.426 0.644189 0.662191 0.661882 2.71062 2.70977 2.70522
0.428 0.638856 0.656175 0.657346 2.7119 2.71108 2.70654
0.43 0.633653 0.650166 0.652865 2.71317 2.71239 2.70785
0.432 0.628584 0.644183 0.648439 2.71444 2.71368 2.70915
0.434 0.62365 0.638241 0.644072 2.71569 2.71497 2.71044
0.436 0.61885 0.632359 0.639766 2.71693 2.71624 2.71173
0.438 0.614183 0.626554 0.635521 2.71816 2.7175 2.713
0.44 0.609646 0.620841 0.631341 2.71939 2.71874 2.71427
0.442 0.605234 0.615236 0.627226 2.7206 2.71998 2.71553
0.444 0.60094 0.609752 0.623177 2.72181 2.7212 2.71678
0.446 0.596757 0.604402 0.619196 2.72301 2.72242 2.71802
0.448 0.592679 0.599196 0.615282 2.7242 2.72362 2.71925
0.45 0.588695 0.594144 0.611436 2.72538 2.72482 2.72048
0.452 0.584798 0.589255 0.607656 2.72655 2.726 2.7217
0.454 0.580979 0.584536 0.603942 2.72772 2.72717 2.72291
0.456 0.57723 0.579994 0.600291 2.72888 2.72834 2.72412
0.458 0.573545 0.575634 0.596701 2.73003 2.72949 2.72531
0.46 0.569917 0.571461 0.593168 2.73117 2.73064 2.7265
0.462 0.566341 0.567477 0.58969 2.73231 2.73178 2.72769
0.464 0.562812 0.563684 0.586261 2.73343 2.73291 2.72886
0.466 0.559326 0.560081 0.582876 2.73456 2.73403 2.73003
0.468 0.555883 0.556667 0.579531 2.73567 2.73515 2.73119
0.47 0.552479 0.553437 0.57622 2.73678 2.73626 2.73235
0.472 0.549114 0.550385 0.572938 2.73788 2.73736 2.7335
0.474 0.545786 0.547502 0.569678 2.73898 2.73846 2.73464
0.476 0.542494 0.544777 0.566438 2.74007 2.73955 2.73578
0.478 0.539236 0.542197 0.563212 2.74115 2.74064 2.73691
0.48 0.536011 0.539748 0.559998 2.74222 2.74172 2.73803
0.482 0.532817 0.537413 0.556791 2.74329 2.7428 2.73915
0.484 0.52965 0.535174 0.553591 2.74435 2.74387 2.74026
0.486 0.526508 0.533015 0.550395 2.74541 2.74494 2.74136
0.488 0.523388 0.530917 0.547201 2.74646 2.74601 2.74246
0.49 0.520285 0.528861 0.544007 2.7475 2.74707 2.74355
0.492 0.517195 0.52683 0.540813 2.74854 2.74812 2.74463
0.494 0.514117 0.524809 0.537617 2.74957 2.74917 2.74571
0.496 0.511047 0.522781 0.534417 2.7506 2.75022 2.74679
0.498 0.507983 0.520734 0.531213 2.75162 2.75126 2.74785
0.5 0.504923 0.518655 0.528002 2.75263 2.7523 2.74891
0.502 0.501869 0.516534 0.524786 2.75364 2.75334 2.74996
0.504 0.498818 0.514363 0.521563 2.75464 2.75437 2.75101
0.506 0.495773 0.512135 0.518336 2.75563 2.7554 2.75205
0.508 0.492735 0.509845 0.515105 2.75662 2.75642 2.75308
0.51 0.489703 0.50749 0.511876 2.7576 2.75744 2.75411
0.512 0.486679 0.505066 0.508651 2.75858 2.75845 2.75513
0.514 0.483663 0.502573 0.505436 2.75955 2.75946 2.75614
0.516 0.480654 0.50001 0.502237 2.76051 2.76046 2.75715
0.518 0.477651 0.497376 0.499059 2.76147 2.76146 2.75815
0.52 0.474654 0.494672 0.495906 2.76242 2.76245 2.75915
0.522 0.47166 0.491898 0.492785 2.76337 2.76343 2.76014
0.524 0.468667 0.489055 0.489696 2.76431 2.76441 2.76112
0.526 0.465674 0.486146 0.486642 2.76524 2.76539 2.7621
0.528 0.462679 0.48317 0.483621 2.76617 2.76636 2.76307
0.53 0.459681 0.48013 0.480631 2.7671 2.76732 2.76403
0.532 0.456679 0.47703 0.477667 2.76801 2.76828 2.76499
0.534 0.453674 0.47387 0.474723 2.76892 2.76923 2.76594
0.536 0.450666 0.470655 0.47179 2.76983 2.77018 2.76689
0.538 0.447658 0.467388 0.46886 2.77072 2.77111 2.76783
0.54 0.44465 0.464073 0.465925 2.77162 2.77204 2.76876
0.542 0.441645 0.460714 0.462978 2.7725 2.77297 2.76969
0.544 0.438646 0.457318 0.460011 2.77338 2.77389 2.77061
0.546 0.435656 0.453889 0.457021 2.77426 2.7748 2.77153
0.548 0.432677 0.450435 0.454007 2.77513 2.7757 2.77244
0.55 0.429712 0.446962 0.450967 2.77599 2.7766 2.77335
0.552 0.426767 0.443477 0.447908 2.77685 2.77749 2.77425
0.554 0.423844 0.439989 0.444833 2.7777 2.77837 2.77514
0.556 0.420949 0.436507 0.441753 2.77854 2.77925 2.77603
0.558 0.418087 0.433038 0.438677 2.77938 2.78012 2.77691
0.56 0.415263 0.429593 0.435617 2.78021 2.78098 2.77778
0.562 0.412486 0.42618 0.432584 2.78104 2.78184 2.77865
0.564 0.409759 0.42281 0.429591 2.78186 2.78269 2.77951
0.566 0.407092 0.419494 0.426648 2.78268 2.78353 2.78037
0.568 0.404489 0.416241 0.423766 2.78349 2.78437 2.78122
0.57 0.401956 0.413062 0.420953 2.7843 2.7852 2.78206
0.572 0.3995 0.409968 0.418217 2.7851 2.78602 2.7829
0.574 0.397123 0.40697 0.415562 2.7859 2.78684 2.78374
0.576 0.39483 0.404076 0.412991 2.78669 2.78765 2.78456
0.578 0.392623 0.401295 0.410507 2.78748 2.78845 2.78539
0.58 0.390501 0.398636 0.408109 2.78826 2.78925 2.78621
0.582 0.388466 0.396105 0.405796 2.78904 2.79005 2.78702
0.584 0.386516 0.393706 0.403565 2.78981 2.79084 2.78783
0.586 0.384648 0.391443 0.401414 2.79058 2.79162 2.78863
0.588 0.382858 0.389316 0.399337 2.79135 2.7924 2.78944
0.59 0.381145 0.387323 0.39733 2.79212 2.79318 2.79023
0.592 0.379501 0.385463 0.395388 2.79288 2.79395 2.79102
0.594 0.377923 0.383728 0.393505 2.79363 2.79472 2.79181
0.596 0.376405 0.382112 0.391674 2.79439 2.79549 2.7926
0.598 0.37494 0.380606 0.389889 2.79514 2.79625 2.79338
0.6 0.373522 0.379197 0.388145 2.79589 2.79701 2.79416
0.602 0.372146 0.377875 0.386434 2.79663 2.79777 2.79493
0.604 0.370804 0.376625 0.384753 2.79738 2.79852 2.7957
0.606 0.369489 0.375433 0.383096 2.79812 2.79927 2.79647
0.608 0.368197 0.374284 0.38146 2.79885 2.80002 2.79724
0.61 0.366921 0.373165 0.379842 2.79959 2.80077 2.798
0.612 0.365657 0.372059 0.378241 2.80032 2.80151 2.79876
0.614 0.3644 0.370953 0.376655 2.80105 2.80226 2.79951
0.616 0.363146 0.369833 0.375085 2.80178 2.803 2.80026
0.618 0.361893 0.368688 0.373532 2.8025 2.80374 2.80101
0.62 0.36064 0.367507 0.371998 2.80323 2.80447 2.80176
0.622 0.359384 0.366279 0.370484 2.80395 2.80521 2.8025
0.624 0.358125 0.364996 0.36899 2.80466 2.80594 2.80324
0.626 0.356863 0.363651 0.367518 2.80538 2.80667 2.80397
0.628 0.355597 0.362238 0.366068 2.80609 2.80739 2.80471
0.63 0.354328 0.360752 0.364639 2.8068 2.80812 2.80544
0.632 0.353056 0.359188 0.363228 2.80751 2.80884 2.80617
0.634 0.351779 0.357544 0.361834 2.80821 2.80955 2.80689
0.636 0.350498 0.355817 0.360451 2.80892 2.81027 2.80761
0.638 0.349211 0.354004 0.359076 2.80962 2.81098 2.80833
0.64 0.347917 0.352106 0.357705 2.81031 2.81168 2.80905
0.642 0.346615 0.350124 0.356331 2.81101 2.81238 2.80976
0.644 0.345303 0.348058 0.35495 2.8117 2.81308 2.81048
0.646 0.343979 0.345913 0.353558 2.81239 2.81378 2.81118
0.648 0.342641 0.343695 0.35215 2.81308 2.81447 2.81189
0.65 0.34129 0.34141 0.350723 2.81376 2.81515 2.81259
0.652 0.339922 0.339069 0.349276 2.81444 2.81583 2.81329
0.654 0.338539 0.336684 0.347809 2.81512 2.81651 2.81399
0.656 0.33714 0.334269 0.346321 2.81579 2.81718 2.81468
0.658 0.335725 0.331839 0.344816 2.81647 2.81784 2.81538
0.66 0.334296 0.32941 0.343298 2.81714 2.81851 2.81606
0.662 0.332855 0.326998 0.341771 2.8178 2.81916 2.81675
0.664 0.331402 0.324622 0.340242 2.81847 2.81981 2.81743
0.666 0.32994 0.322296 0.338719 2.81913 2.82046 2.81811
0.668 0.328471 0.320036 0.33721 2.81979 2.8211 2.81879
0.67 0.326997 0.317857 0.335722 2.82044 2.82174 2.81946
0.672 0.325519 0.31577 0.334264 2.8211 2.82237 2.82013
0.674 0.324041 0.313786 0.332845 2.82175 2.823 2.8208
0.676 0.322564 0.311913 0.331471 2.82239 2.82363 2.82146
0.678 0.321089 0.310156 0.330149 2.82304 2.82425 2.82212
0.68 0.319618 0.30852 0.328884 2.82368 2.82487 2.82278
0.682 0.318153 0.307003 0.327682 2.82431 2.82549 2.82344
0.684 0.316696 0.305606 0.326546 2.82495 2.8261 2.82409
0.686 0.315247 0.304322 0.325479 2.82558 2.82671 2.82474
0.688 0.31381 0.303147 0.324482 2.82621 2.82732 2.82539
0.69 0.312385 0.30207 0.323558 2.82684 2.82792 2.82604
0.692 0.310974 0.30108 0.322705 2.82746 2.82852 2.82669
0.694 0.309578 0.300166 0.321923 2.82808 2.82913 2.82733
0.696 0.308199 0.299313 0.321211 2.8287 2.82973 2.82798
0.698 0.306837 0.298507 0.320566 2.82931 2.83032 2.82862
0.7 0.305492 0.297733 0.319984 2.82993 2.83092 2.82926
0.702 0.304166 0.296975 0.319463 2.83054 2.83151 2.8299
0.704 0.302858 0.29622 0.318996 2.83114 2.83211 2.83054
0.706 0.301567 0.295455 0.318577 2.83175 2.8327 2.83117
0.708 0.300294 0.294667 0.3182 2.83235 2.83329 2.83181
0.71 0.299035 0.293848 0.317857 2.83295 2.83388 2.83245
0.712 0.29779 0.292991 0.31754 2.83355 2.83446 2.83308
0.714 0.296555 0.292089 0.31724 2.83414 2.83505 2.83372
0.716 0.295328 0.291142 0.31695 2.83473 2.83563 2.83435
0.718 0.294105 0.290148 0.31666 2.83532 2.83621 2.83498
0.72 0.292881 0.289108 0.316361 2.83591 2.83679 2.83562
0.722 0.291651 0.288026 0.316045 2.83649 2.83737 2.83625
0.724 0.29041 0.286906 0.315703 2.83707 2.83795 2.83688
0.726 0.289152 0.285753 0.315326 2.83765 2.83852 2.83751
0.728 0.287873 0.284572 0.314905 2.83823 2.83909 2.83814
0.73 0.286568 0.283367 0.314433 2.83881 2.83966 2.83877
0.732 0.285233 0.282144 0.313901 2.83938 2.84022 2.8394
0.734 0.283867 0.280906 0.313302 2.83995 2.84078 2.84003
0.736 0.282468 0.279657 0.312627 2.84051 2.84135 2.84065
0.738 0.281037 0.2784 0.311871 2.84108 2.8419 2.84128
0.74 0.279576 0.277135 0.311027 2.84164 2.84246 2.8419
0.742 0.278089 0.275866 0.31009 2.84219 2.84301 2.84252
0.744 0.276582 0.274595 0.309055 2.84275 2.84356 2.84314
0.746 0.275061 0.273322 0.307919 2.8433 2.84411 2.84376
0.748 0.273533 0.272052 0.30668 2.84385 2.84466 2.84437
0.75 0.272007 0.270787 0.305339 2.84439 2.8452 2.84498
0.752 0.270491 0.269532 0.303895 2.84494 2.84574 2.84559
0.754 0.268992 0.26829 0.302353 2.84548 2.84628 2.8462
0.756 0.267519 0.267069 0.300716 2.84601 2.84681 2.8468
0.758 0.266077 0.265875 0.298991 2.84655 2.84734 2.8474
0.76 0.264673 0.264715 0.297185 2.84708 2.84788 2.848
0.762 0.26331 0.263598 0.295309 2.84761 2.8484 2.84859
0.764 0.261992 0.262532 0.293372 2.84813 2.84893 2.84918
0.766 0.260721 0.261526 0.291387 2.84865 2.84945 2.84976
0.768 0.259497 0.260589 0.289366 2.84917 2.84998 2.85035
0.77 0.258321 0.259727 0.287322 2.84969 2.8505 2.85092
0.772 0.257193 0.258948 0.285268 2.85021 2.85101 2.85149
0.774 0.256114 0.258258 0.283218 2.85072 2.85153 2.85206
0.776 0.255083 0.257662 0.281184 2.85123 2.85205 2.85263
0.778 0.254103 0.257163 0.279177 2.85174 2.85256 2.85319
0.78 0.253174 0.256761 0.277209 2.85225 2.85308 2.85374
0.782 0.252298 0.256456 0.275288 2.85275 2.85359 2.8543
0.784 0.251478 0.256247 0.273423 2.85326 2.8541 2.85485
0.786 0.250715 0.256128 0.27162 2.85376 2.85462 2.85539
0.788 0.250011 0.256094 0.269883 2.85426 2.85513 2.85593
0.79 0.249368 0.256138 0.268216 2.85476 2.85564 2.85647
0.792 0.248785 0.256249 0.26662 2.85526 2.85615 2.85701
0.794 0.248261 0.256418 0.265095 2.85576 2.85666 2.85754
0.796 0.247794 0.256633 0.263641 2.85625 2.85718 2.85807
0.798 0.247379 0.25688 0.262257 2.85675 2.85769 2.85859
0.8 0.24701 0.257146 0.260941 2.85724 2.85821 2.85911
0.802 0.24668 0.257416 0.259691 2.85773 2.85872 2.85964
0.804 0.246379 0.257676 0.258504 2.85823 2.85923 2.86015
0.806 0.246097 0.25791 0.257379 2.85872 2.85975 2.86067
0.808 0.245823 0.258105 0.256314 2.85921 2.86027 2.86118
0.81 0.245544 0.258248 0.255307 2.8597 2.86078 2.86169
0.812 0.245248 0.258324 0.254356 2.86019 2.8613 2.8622
0.814 0.244924 0.258325 0.25346 2.86068 2.86182 2.86271
0.816 0.244559 0.258241 0.252619 2.86117 2.86233 2.86322
0.818 0.244143 0.258065 0.251829 2.86166 2.86285 2.86372
0.82 0.243666 0.257792 0.251091 2.86215 2.86336 2.86423
0.822 0.243121 0.25742 0.2504 2.86264 2.86388 2.86473
0.824 0.242501 0.256948 0.249755 2.86312 2.86439 2.86523
0.826 0.241799 0.256379 0.249153 2.86361 2.86491 2.86573
0.828 0.241014 0.255716 0.248591 2.86409 2.86542 2.86622
0.83 0.240141 0.254966 0.248063 2.86457 2.86593 2.86672
0.832 0.239183 0.254136 0.247565 2.86505 2.86644 2.86722
0.834 0.238138 0.253234 0.247094 2.86553 2.86695 2.86771
0.836 0.23701 0.25227 0.246643 2.866 2.86745 2.8682
0.838 0.235803 0.251252 0.246207 2.86648 2.86796 2.8687
0.84 0.234521 0.250192 0.245782 2.86695 2.86846 2.86919
0.842 0.233172 0.249097 0.245361 2.86741 2.86896 2.86968
0.844 0.231761 0.247975 0.244938 2.86788 2.86945 2.87017
0.846 0.230297 0.246835 0.244509 2.86834 2.86995 2.87066
0.848 0.228791 0.245682 0.244068 2.8688 2.87044 2.87115
0.85 0.227251 0.244522 0.243608 2.86926 2.87093 2.87164
0.852 0.225691 0.243358 0.243123 2.86971 2.87142 2.87212
0.854 0.22412 0.242193 0.242609 2.87016 2.8719 2.87261
0.856 0.222554 0.241029 0.242058 2.8706 2.87239 2.87309
0.858 0.221004 0.239867 0.241465 2.87105 2.87287 2.87358
0.86 0.219485 0.238707 0.240824 2.87149 2.87335 2.87406
0.862 0.218012 0.237549 0.240133 2.87193 2.87382 2.87454
0.864 0.216598 0.236391 0.239385 2.87236 2.8743 2.87502
0.866 0.215257 0.235233 0.238578 2.87279 2.87477 2.8755
0.868 0.214002 0.234074 0.23771 2.87322 2.87524 2.87597
0.87 0.212846 0.232911 0.236782 2.87365 2.87571 2.87645
0.872 0.211798 0.231744 0.235793 2.87407 2.87617 2.87692
0.874 0.210868 0.230571 0.234746 2.8745 2.87663 2.87739
0.876 0.210061 0.229392 0.233645 2.87492 2.87709 2.87786
0.878 0.209382 0.228206 0.232497 2.87534 2.87755 2.87833
0.88 0.208832 0.227014 0.231307 2.87575 2.87801 2.87879
0.882 0.208409 0.225816 0.230084 2.87617 2.87846 2.87925
0.884 0.208108 0.224615 0.228836 2.87659 2.87891 2.87971
0.886 0.207921 0.223413 0.227573 2.877 2.87936 2.88017
0.888 0.207839 0.222214 0.226302 2.87742 2.8798 2.88062
0.89 0.207847 0.221021 0.225033 2.87784 2.88025 2.88107
0.892 0.207931 0.219838 0.223772 2.87825 2.88069 2.88152
0.894 0.208075 0.218672 0.222526 2.87867 2.88112 2.88197
0.896 0.208262 0.217527 0.2213 2.87908 2.88156 2.88241
0.898 0.208472 0.216408 0.220097 2.8795 2.88199 2.88285
0.9 0.208688 0.21532 0.21892 2.87992 2.88243 2.88329
0.902 0.208892 0.214267 0.217768 2.88034 2.88286 2.88373
0.904 0.209067 0.213254 0.216641 2.88075 2.88328 2.88416
0.906 0.209197 0.212284 0.215536 2.88117 2.88371 2.88459
0.908 0.209267 0.211358 0.214452 2.88159 2.88413 2.88502
0.91 0.209265 0.210479 0.213384 2.88201 2.88455 2.88545
0.912 0.20918 0.209645 0.212329 2.88243 2.88497 2.88588
0.914 0.209003 0.208858 0.211284 2.88285 2.88539 2.8863
0.916 0.208727 0.208115 0.210245 2.88326 2.88581 2.88672
0.918 0.208349 0.207415 0.209209 2.88368 2.88623 2.88714
0.92 0.207866 0.206754 0.208173 2.8841 2.88664 2.88756
0.922 0.20728 0.206131 0.207134 2.88451 2.88705 2.88798
0.924 0.206592 0.205542 0.206089 2.88493 2.88746 2.88839
0.926 0.205808 0.204986 0.205038 2.88534 2.88788 2.8888
0.928 0.204934 0.20446 0.203979 2.88575 2.88828 2.88921
0.93 0.203978 0.203963 0.202912 2.88616 2.88869 2.88962
0.932 0.20295 0.203495 0.201838 2.88656 2.8891 2.89002
0.934 0.201861 0.203054 0.200758 2.88697 2.88951 2.89042
0.936 0.200722 0.202644 0.199676 2.88737 2.88991 2.89082
0.938 0.199546 0.202264 0.198595 2.88777 2.89032 2.89122
0.94 0.198344 0.201919 0.197522 2.88817 2.89072 2.89162
0.942 0.197127 0.201611 0.196462 2.88857 2.89113 2.89201
0.944 0.195907 0.201342 0.195423 2.88896 2.89153 2.8924
0.946 0.194691 0.201116 0.194412 2.88935 2.89193 2.89279
0.948 0.193489 0.200936 0.193439 2.88974 2.89233 2.89318
0.95 0.192306 0.200802 0.192514 2.89012 2.89273 2.89357
0.952 0.191147 0.200716 0.191645 2.89051 2.89314 2.89395
0.954 0.190015 0.200675 0.190842 2.89089 2.89354 2.89433
0.956 0.188911 0.200678 0.190114 2.89127 2.89394 2.89472
0.958 0.187835 0.20072 0.189471 2.89164 2.89434 2.89509
0.96 0.186786 0.200795 0.188918 2.89202 2.89474 2.89547
0.962 0.185761 0.200894 0.188463 2.89239 2.89514 2.89585
0.964 0.184759 0.201008 0.188108 2.89276 2.89555 2.89623
0.966 0.183776 0.201126 0.187858 2.89313 2.89595 2.8966
0.968 0.182809 0.201235 0.18771 2.8935 2.89635 2.89698
0.97 0.181854 0.201322 0.187662 2.89386 2.89675 2.89735
0.972 0.180909 0.201374 0.18771 2.89422 2.89716 2.89773
0.974 0.179971 0.201378 0.187845 2.89458 2.89756 2.89811
0.976 0.179037 0.201321 0.188059 2.89494 2.89796 2.89848
0.978 0.178105 0.201191 0.188341 2.8953 2.89836 2.89886
0.98 0.177174 0.20098 0.188679 2.89566 2.89877 2.89923
0.982 0.17624 0.20068 0.18906 2.89601 2.89917 2.89961
0.984 0.175303 0.200285 0.189471 2.89636 2.89957 2.89999
0.986 0.17436 0.199795 0.189899 2.89671 2.89997 2.90037
0.988 0.173411 0.199209 0.190332 2.89706 2.90037 2.90075
0.99 0.172453 0.198532 0.190758 2.8974 2.90076 2.90113
0.992 0.171487 0.197769 0.191166 2.89775 2.90116 2.90151
0.994 0.170511 0.196927 0.191546 2.89809 2.90156 2.9019
0.996 0.169526 0.196018 0.191889 2.89843 2.90195 2.90228
0.998 0.168531 0.195053 0.192186 2.89877 2.90234 2.90266
1 0.167528 0.194042 0.19243 2.8991 2.90273 2.90305
1.002 0.166518 0.192998 0.192615 2.89944 2.90312 2.90343
1.004 0.165503 0.191934 0.192736 2.89977 2.9035 2.90382
1.006 0.164485 0.190861 0.192788 2.9001 2.90388 2.9042
1.008 0.163468 0.189789 0.192767 2.90043 2.90426 2.90459
1.01 0.162455 0.188728 0.192671 2.90075 2.90464 2.90497
1.012 0.161449 0.187686 0.192497 2.90108 2.90502 2.90536
1.014 0.160455 0.186671 0.192245 2.9014 2.90539 2.90574
1.016 0.159477 0.185689 0.191913 2.90172 2.90577 2.90613
1.018 0.15852 0.184744 0.191505 2.90204 2.90614 2.90651
1.02 0.15759 0.18384 0.191022 2.90235 2.9065 2.90689
1.022 0.156692 0.182979 0.190469 2.90267 2.90687 2.90728
1.024 0.155832 0.182161 0.189851 2.90298 2.90724 2.90766
1.026 0.155018 0.181388 0.189174 2.90329 2.9076 2.90804
1.028 0.154255 0.180657 0.188445 2.9036 2.90796 2.90841
1.03 0.153551 0.179968 0.187674 2.90391 2.90832 2.90879
1.032 0.152911 0.179318 0.186868 2.90422 2.90868 2.90916
1.034 0.152343 0.178705 0.186037 2.90452 2.90904 2.90954
1.036 0.15185 0.178126 0.185188 2.90482 2.9094 2.90991
1.038 0.151437 0.177579 0.184331 2.90513 2.90975 2.91028
1.04 0.151108 0.177059 0.183471 2.90543 2.91011 2.91065
1.042 0.150865 0.176564 0.182614 2.90573 2.91046 2.91101
1.044 0.150709 0.176089 0.181765 2.90603 2.91081 2.91138
1.046 0.15064 0.175631 0.180925 2.90634 2.91117 2.91174
1.048 0.150657 0.175187 0.180095 2.90664 2.91152 2.9121
1.05 0.150757 0.174753 0.179273 2.90694 2.91187 2.91246
1.052 0.150937 0.174324 0.178458 2.90724 2.91222 2.91282
1.054 0.151192 0.173897 0.177644 2.90754 2.91256 2.91317
1.056 0.151516 0.17347 0.176828 2.90784 2.91291 2.91353
1.058 0.151904 0.17304 0.176004 2.90815 2.91326 2.91388
1.06 0.152347 0.172604 0.175168 2.90845 2.9136 2.91423
1.062 0.152835 0.172161 0.174317 2.90876 2.91395 2.91458
1.064 0.153361 0.171709 0.173447 2.90906 2.91429 2.91493
1.066 0.153911 0.171247 0.172557 2.90937 2.91463 2.91527
1.068 0.154475 0.170775 0.171648 2.90968 2.91498 2.91562
1.07 0.155041 0.170294 0.170723 2.90999 2.91532 2.91596
1.072 0.155594 0.169802 0.169786 2.9103 2.91566 2.9163
1.074 0.156123 0.169301 0.168844 2.91061 2.916 2.91664
1.076 0.156613 0.168791 0.167905 2.91092 2.91634 2.91698
1.078 0.157052 0.168275 0.166977 2.91124 2.91667 2.91731
1.08 0.157426 0.167753 0.166071 2.91155 2.91701 2.91765
1.082 0.157723 0.167229 0.165197 2.91187 2.91734 2.91798
1.084 0.15793 0.166705 0.164364 2.91218 2.91768 2.91831
1.086 0.158037 0.166186 0.163582 2.9125 2.91801 2.91863
1.088 0.158035 0.165674 0.162858 2.91282 2.91834 2.91896
1.09 0.157914 0.165176 0.162201 2.91313 2.91867 2.91929
1.092 0.157669 0.164696 0.161613 2.91345 2.919 2.91961
1.094 0.157296 0.164239 0.161098 2.91376 2.91933 2.91993
1.096 0.156794 0.163811 0.160657 2.91408 2.91966 2.92025
1.098 0.156164 0.163416 0.160288 2.91439 2.91999 2.92057
1.1 0.155412 0.163061 0.159987 2.9147 2.92031 2.92089
1.102 0.154544 0.16275 0.15975 2.91501 2.92064 2.92121
1.104 0.153574 0.162486 0.15957 2.91532 2.92096 2.92153
1.106 0.152514 0.162275 0.159441 2.91562 2.92129 2.92185
1.108 0.151382 0.162119 0.159355 2.91593 2.92161 2.92217
1.11 0.150195 0.16202 0.159303 2.91623 2.92194 2.92249
1.112 0.148975 0.161979 0.159278 2.91653 2.92226 2.92281
1.114 0.147743 0.161997 0.159272 2.91683 2.92259 2.92313
1.116 0.146518 0.162072 0.159279 2.91712 2.92291 2.92345
1.118 0.145324 0.162201 0.15929 2.91741 2.92323 2.92376
1.12 0.14418 0.162382 0.159299 2.9177 2.92356 2.92408
1.122 0.143105 0.162609 0.159302 2.91799 2.92388 2.9244
1.124 0.142116 0.162876 0.159293 2.91827 2.92421 2.92472
1.126 0.141228 0.163176 0.159267 2.91856 2.92454 2.92504
1.128 0.140455 0.1635 0.15922 2.91884 2.92486 2.92536
1.13 0.139806 0.16384 0.159149 2.91912 2.92519 2.92568
1.132 0.139288 0.164186 0.159051 2.9194 2.92552 2.92599
1.134 0.138906 0.164529 0.158924 2.91968 2.92585 2.92631
1.136 0.138659 0.16486 0.158764 2.91995 2.92618 2.92663
1.138 0.138546 0.165169 0.158571 2.92023 2.92651 2.92695
1.14 0.138561 0.165447 0.158343 2.92051 2.92684 2.92726
1.142 0.138697 0.165686 0.158079 2.92079 2.92717 2.92758
1.144 0.138943 0.165878 0.157779 2.92106 2.9275 2.9279
1.146 0.139288 0.166017 0.157444 2.92134 2.92783 2.92821
1.148 0.139718 0.166097 0.157075 2.92162 2.92816 2.92853
1.15 0.140221 0.166111 0.156674 2.9219 2.92849 2.92884
1.152 0.140783 0.166056 0.156242 2.92218 2.92883 2.92915
1.154 0.141389 0.165929 0.155783 2.92246 2.92916 2.92946
1.156 0.142026 0.165727 0.155299 2.92275 2.92949 2.92978
1.158 0.142682 0.165449 0.154794 2.92303 2.92982 2.93009
1.16 0.143345 0.165096 0.154272 2.92332 2.93015 2.93039
1.162 0.144004 0.164668 0.153735 2.92361 2.93048 2.9307
1.164 0.144648 0.164167 0.153188 2.92389 2.93081 2.93101
1.166 0.145267 0.163598 0.152635 2.92418 2.93114 2.93132
1.168 0.145852 0.162966 0.15208 2.92447 2.93147 2.93162
1.17 0.146394 0.162277 0.151526 2.92477 2.93179 2.93192
1.172 0.146885 0.161538 0.150978 2.92506 2.93211 2.93223
1.174 0.147316 0.160759 0.15044 2.92535 2.93244 2.93253
1.176 0.147679 0.159949 0.149916 2.92565 2.93276 2.93283
1.178 0.147969 0.15912 0.14941 2.92595 2.93308 2.93313
1.18 0.148178 0.158284 0.148926 2.92624 2.93339 2.93343
1.182 0.148301 0.157452 0.14847 2.92654 2.93371 2.93372
1.184 0.148331 0.156636 0.148044 2.92683 2.93402 2.93402
1.186 0.148263 0.155847 0.147655 2.92713 2.93434 2.93432
1.188 0.148093 0.155095 0.147307 2.92743 2.93465 2.93461
1.19 0.147817 0.154389 0.147005 2.92772 2.93496 2.9349
1.192 0.147432 0.153736 0.146753 2.92802 2.93526 2.9352
1.194 0.146933 0.15314 0.146556 2.92831 2.93557 2.93549
1.196 0.146321 0.152604 0.146419 2.92861 2.93588 2.93578
1.198 0.145593 0.152127 0.146345 2.9289 2.93618 2.93608
1.2 0.144749 0.151706 0.146338 2.92919 2.93649 2.93637
1.202 0.143792 0.151337 0.146397 2.92948 2.93679 2.93666
1.204 0.142724 0.151012 0.146525 2.92976 2.93709 2.93696
1.206 0.14155 0.15072 0.14672 2.93005 2.93739 2.93725
1.208 0.140278 0.150452 0.146978 2.93033 2.93769 2.93754
1.21 0.138917 0.150192 0.147295 2.93061 2.93799 2.93784
1.212 0.137477 0.149929 0.147664 2.93089 2.93829 2.93813
1.214 0.135971 0.149646 0.148078 2.93116 2.93859 2.93843
1.216 0.134413 0.14933 0.148526 2.93143 2.93889 2.93872
1.218 0.132819 0.148966 0.148997 2.9317 2.93919 2.93902
1.22 0.131203 0.148541 0.149481 2.93196 2.93949 2.93932
1.222 0.129581 0.148042 0.149963 2.93222 2.93979 2.93962
1.224 0.127969 0.147461 0.150434 2.93248 2.94008 2.93992
1.226 0.126381 0.146789 0.150882 2.93273 2.94038 2.94022
1.228 0.12483 0.146021 0.151296 2.93298 2.94067 2.94052
1.23 0.123328 0.145155 0.151668 2.93323 2.94096 2.94083
1.232 0.121886 0.144189 0.151991 2.93348 2.94125 2.94113
1.234 0.120513 0.143125 0.15226 2.93372 2.94154 2.94143
1.236 0.119214 0.141969 0.15247 2.93396 2.94182 2.94174
1.238 0.117997 0.140728 0.152621 2.9342 2.9421 2.94204
1.24 0.116866 0.13941 0.15271 2.93443 2.94238 2.94235
1.242 0.115824 0.138027 0.152738 2.93466 2.94266 2.94266
1.244 0.114875 0.136591 0.152707 2.9349 2.94294 2.94296
1.246 0.114022 0.135118 0.152618 2.93512 2.94321 2.94327
1.248 0.113266 0.133623 0.152474 2.93535 2.94348 2.94357
1.25 0.112609 0.132123 0.152278 2.93558 2.94374 2.94388
1.252 0.112055 0.130636 0.152032 2.9358 2.94401 2.94418
1.254 0.111604 0.12918 0.151742 2.93603 2.94426 2.94448
1.256 0.111259 0.127771 0.151409 2.93625 2.94452 2.94479
1.258 0.111019 0.126426 0.151038 2.93647 2.94478 2.94509
1.26 0.110885 0.12516 0.150633 2.93669 2.94503 2.94539
1.262 0.110855 0.123986 0.150198 2.93691 2.94528 2.94569
1.264 0.110926 0.122916 0.149736 2.93714 2.94552 2.94599
1.266 0.111092 0.121957 0.149252 2.93736 2.94577 2.94629
1.268 0.111347 0.121117 0.148748 2.93758 2.94601 2.94659
1.27 0.11168 0.120399 0.148228 2.9378 2.94625 2.94689
1.272 0.112082 0.119806 0.147693 2.93803 2.94649 2.94718
1.274 0.11254 0.119336 0.147145 2.93825 2.94673 2.94748
1.276 0.11304 0.118987 0.146585 2.93848 2.94697 2.94777
1.278 0.113567 0.118756 0.146012 2.9387 2.94721 2.94806
1.28 0.114106 0.118637 0.145428 2.93893 2.94745 2.94835
1.282 0.114644 0.118623 0.144831 2.93916 2.94768 2.94864
1.284 0.115166 0.118708 0.144221 2.93939 2.94792 2.94893
1.286 0.115659 0.118883 0.143597 2.93962 2.94816 2.94922
1.288 0.116112 0.11914 0.142959 2.93985 2.9484 2.94951
1.29 0.116515 0.119472 0.142307 2.94009 2.94863 2.94979
1.292 0.116859 0.119868 0.141641 2.94032 2.94887 2.95008
1.294 0.117137 0.120321 0.140961 2.94055 2.94911 2.95036
1.296 0.117345 0.120821 0.140269 2.94079 2.94936 2.95064
1.298 0.11748 0.121361 0.139566 2.94102 2.9496 2.95092
1.3 0.117538 0.121931 0.138854 2.94126 2.94984 2.9512
1.302 0.11752 0.122522 0.138136 2.94149 2.95009 2.95148
1.304 0.117426 0.123126 0.137413 2.94173 2.95033 2.95175
1.306 0.117257 0.123733 0.136688 2.94196 2.95058 2.95203
1.308 0.117017 0.124334 0.135964 2.9422 2.95083 2.9523
1.31 0.116711 0.124919 0.135245 2.94243 2.95108 2.95257
1.312 0.116342 0.125479 0.134534 2.94266 2.95133 2.95284
1.314 0.115916 0.126003 0.133833 2.9429 2.95158 2.95311
1.316 0.115441 0.126482 0.133148 2.94313 2.95183 2.95338
1.318 0.114923 0.126906 0.132483 2.94336 2.95208 2.95364
1.32 0.11437 0.127265 0.131842 2.94359 2.95234 2.95391
1.322 0.113788 0.127551 0.131231 2.94381 2.95259 2.95417
1.324 0.113186 0.127755 0.130656 2.94404 2.95285 2.95443
1.326 0.112572 0.12787 0.130124 2.94427 2.9531 2.95469
1.328 0.111951 0.12789 0.12964 2.94449 2.95336 2.95495
1.33 0.111332 0.127809 0.12921 2.94471 2.95361 2.95521
1.332 0.11072 0.127625 0.12884 2.94494 2.95387 2.95547
1.334 0.110123 0.127334 0.128534 2.94516 2.95412 2.95572
1.336 0.109545 0.126936 0.128297 2.94538 2.95438 2.95598
1.338 0.108991 0.12643 0.12813 2.9456 2.95463 2.95624
1.34 0.108466 0.125819 0.128035 2.94581 2.95488 2.95649
1.342 0.107972 0.125106 0.128009 2.94603 2.95514 2.95675
1.344 0.107511 0.124297 0.128051 2.94625 2.95538 2.95701
1.346 0.107084 0.123397 0.128157 2.94646 2.95563 2.95726
1.348 0.106692 0.122414 0.128322 2.94667 2.95588 2.95752
1.35 0.106331 0.121358 0.128538 2.94689 2.95612 2.95778
1.352 0.106001 0.120237 0.1288 2.9471 2.95636 2.95803
1.354 0.105698 0.119063 0.129099 2.94731 2.9566 2.95829
1.356 0.105418 0.117847 0.129428 2.94752 2.95684 2.95855
1.358 0.105157 0.116601 0.129777 2.94773 2.95707 2.95881
1.36 0.104908 0.115335 0.13014 2.94794 2.95731 2.95907
1.362 0.104668 0.114062 0.130508 2.94815 2.95754 2.95933
1.364 0.104431 0.112791 0.130875 2.94836 2.95776 2.95959
1.366 0.10419 0.111533 0.131233 2.94857 2.95799 2.95985
1.368 0.103941 0.110297 0.131577 2.94878 2.95821 2.96012
1.37 0.103679 0.10909 0.131902 2.94899 2.95843 2.96038
1.372 0.103398 0.107917 0.132202 2.94919 2.95865 2.96064
1.374 0.103094 0.106785 0.132474 2.9494 2.95886 2.96091
1.376 0.102762 0.105694 0.132715 2.94961 2.95907 2.96117
1.378 0.1024 0.104647 0.132921 2.94981 2.95928 2.96144
1.38 0.102003 0.103642 0.13309 2.95001 2.95949 2.9617
1.382 0.101568 0.102679 0.13322 2.95022 2.9597 2.96197
1.384 0.101093 0.101753 0.13331 2.95042 2.9599 2.96224
1.386 0.100575 0.100861 0.133358 2.95062 2.9601 2.9625
1.388 0.100014 0.0999984 0.133366 2.95082 2.96031 2.96277
1.39 0.0994074 0.0991602 0.133333 2.95102 2.9605 2.96304
1.392 0.0987567 0.0983419 0.13326 2.95122 2.9607 2.9633
1.394 0.0980626 0.0975397 0.13315 2.95142 2.9609 2.96357
1.396 0.0973276 0.0967505 0.133005 2.95161 2.96109 2.96384
1.398 0.0965553 0.0959727 0.132829 2.95181 2.96128 2.9641
1.4 0.095751 0.095206 0.132625 2.952 2.96148 2.96437
1.402 0.0949213 0.094452 0.132397 2.95219 2.96167 2.96463
1.404 0.0940744 0.0937139 0.13215 2.95238 2.96185 2.9649
1.406 0.0932199 0.0929967 0.131888 2.95257 2.96204 2.96516
1.408 0.0923687 0.0923071 0.131615 2.95275 2.96223 2.96543
1.41 0.0915326 0.0916529 0.131335 2.95294 2.96241 2.96569
1.412 0.0907243 0.0910434 0.13105 2.95312 2.96259 2.96595
1.414 0.0899569 0.0904885 0.130762 2.9533 2.96277 2.96621
1.416 0.0892435 0.0899983 0.130471 2.95348 2.96295 2.96647
1.418 0.0885968 0.089583 0.130178 2.95366 2.96313 2.96673
1.42 0.0880287 0.0892522 0.129882 2.95383 2.96331 2.96699
1.422 0.0875498 0.0890144 0.129578 2.95401 2.96349 2.96725
1.424 0.087169 0.0888771 0.129265 2.95418 2.96367 2.96751
1.426 0.0868931 0.0888455 0.128937 2.95436 2.96385 2.96777
1.428 0.0867268 0.0889235 0.128591 2.95453 2.96402 2.96803
1.43 0.0866718 0.0891122 0.128222 2.9547 2.9642 2.96829
1.432 0.0867276 0.089411 0.127825 2.95488 2.96438 2.96854
1.434 0.0868909 0.0898167 0.127396 2.95505 2.96456 2.9688
1.436 0.0871557 0.0903242 0.126932 2.95522 2.96474 2.96905
1.438 0.087514 0.0909263 0.126431 2.9554 2.96492 2.9693
1.44 0.0879557 0.091614 0.125891 2.95557 2.9651 2.96956
1.442 0.088469 0.0923769 0.125313 2.95575 2.96529 2.96981
1.444 0.0890407 0.0932032 0.124698 2.95593 2.96547 2.97006
1.446 0.0896571 0.0940801 0.124049 2.95611 2.96566 2.97031
1.448 0.0903038 0.0949944 0.123369 2.95629 2.96585 2.97055
1.45 0.0909666 0.0959324 0.122663 2.95647 2.96604 2.9708
1.452 0.0916318 0.0968806 0.121937 2.95665 2.96623 2.97104
1.454 0.0922863 0.0978258 0.121197 2.95684 2.96643 2.97129
1.456 0.0929184 0.0987556 0.12045 2.95702 2.96663 2.97153
1.458 0.0935178 0.0996586 0.119702 2.95721 2.96682 2.97177
1.46 0.094076 0.100525 0.118959 2.95739 2.96702 2.97201
1.462 0.0945863 0.101345 0.118227 2.95758 2.96723 2.97225
1.464 0.0950439 0.102113 0.117512 2.95777 2.96743 2.97248
1.466 0.0954463 0.102823 0.116819 2.95796 2.96763 2.97272
1.468 0.0957928 0.103472 0.11615 2.95815 2.96784 2.97295
1.47 0.0960848 0.104059 0.115509 2.95835 2.96805 2.97318
1.472 0.0963251 0.104585 0.114898 2.95854 2.96826 2.97341
1.474 0.0965183 0.105052 0.114317 2.95873 2.96847 2.97364
1.476 0.0966699 0.105465 0.113768 2.95892 2.96868 2.97387
1.478 0.0967862 0.105828 0.11325 2.95912 2.96889 2.97409
1.48 0.0968738 0.106148 0.112763 2.95931 2.9691 2.97432
1.482 0.0969395 0.106431 0.112306 2.95951 2.96931 2.97455
1.484 0.0969896 0.106684 0.11188 2.9597 2.96953 2.97477
1.486 0.0970296 0.106914 0.111485 2.95989 2.96974 2.97499
1.488 0.0970641 0.107124 0.111121 2.96009 2.96995 2.97522
1.49 0.0970965 0.107318 0.110789 2.96028 2.97017 2.97544
1.492 0.0971288 0.107499 0.11049 2.96048 2.97038 2.97566
1.494 0.0971616 0.107666 0.110227 2.96067 2.9706 2.97588
1.496 0.0971943 0.107819 0.11 2.96086 2.97081 2.9761
1.498 0.0972251 0.107955 0.109813 2.96106 2.97103 2.97632
1.5 0.097251 0.10807 0.109665 2.96125 2.97125 2.97654
1.502 0.0972681 0.108159 0.109558 2.96145 2.97146 2.97676
1.504 0.0972722 0.108218 0.109489 2.96164 2.97168 2.97698
1.506 0.0972584 0.108241 0.109458 2.96184 2.97189 2.9772
1.508 0.0972218 0.108225 0.109459 2.96203 2.97211 2.97742
1.51 0.0971577 0.108165 0.109488 2.96223 2.97233 2.97763
1.512 0.0970616 0.108059 0.109538 2.96242 2.97254 2.97785
1.514 0.0969296 0.107906 0.1096 2.96261 2.97276 2.97807
1.516 0.0967588 0.107703 0.109665 2.96281 2.97297 2.97829
1.518 0.0965468 0.107452 0.109725 2.963 2.97319 2.97851
1.52 0.0962926 0.107153 0.109769 2.96319 2.9734 2.97873
1.522 0.0959961 0.106809 0.10979 2.96339 2.97362 2.97895
1.524 0.0956583 0.106419 0.10978 2.96358 2.97383 2.97917
1.526 0.0952814 0.105987 0.109733 2.96377 2.97404 2.97939
1.528 0.0948684 0.105513 0.109644 2.96396 2.97426 2.97961
1.53 0.0944233 0.104998 0.109511 2.96415 2.97447 2.97983
1.532 0.0939506 0.104442 0.109333 2.96434 2.97468 2.98005
1.534 0.0934552 0.103845 0.10911 2.96452 2.97488 2.98027
1.536 0.0929425 0.103207 0.108845 2.96471 2.97509 2.98048
1.538 0.0924177 0.102525 0.108541 2.9649 2.9753 2.9807
1.54 0.0918859 0.101798 0.108204 2.96508 2.9755 2.98092
1.542 0.0913518 0.101024 0.107839 2.96526 2.9757 2.98113
1.544 0.0908199 0.100201 0.107453 2.96545 2.9759 2.98135
1.546 0.0902939 0.0993269 0.107052 2.96563 2.9761 2.98156
1.548 0.0897772 0.0984022 0.106645 2.96581 2.9763 2.98178
1.55 0.0892723 0.0974267 0.106237 2.96599 2.9765 2.98199
1.552 0.088781 0.0964021 0.105836 2.96616 2.97669 2.9822
1.554 0.0883045 0.0953315 0.105448 2.96634 2.97688 2.98241
1.556 0.0878429 0.0942199 0.10508 2.96652 2.97707 2.98262
1.558 0.0873958 0.0930739 0.104737 2.96669 2.97726 2.98283
1.56 0.0869619 0.0919019 0.104425 2.96687 2.97745 2.98304
1.562 0.0865393 0.0907142 0.104146 2.96704 2.97763 2.98325
1.564 0.0861252 0.0895224 0.103904 2.96721 2.97781 2.98346
1.566 0.0857168 0.0883397 0.103701 2.96738 2.97799 2.98367
1.568 0.0853104 0.0871799 0.103538 2.96756 2.97816 2.98387
1.57 0.0849024 0.0860576 0.103415 2.96773 2.97833 2.98408
1.572 0.0844889 0.0849873 0.10333 2.9679 2.97851 2.98429
1.574 0.0840662 0.0839832 0.103282 2.96806 2.97867 2.98449
1.576 0.0836307 0.0830585 0.103266 2.96823 2.97884 2.9847
1.578 0.083179 0.0822251 0.10328 2.9684 2.97901 2.98491
1.58 0.082708 0.0814931 0.103318 2.96856 2.97917 2.98511
1.582 0.0822152 0.0808706 0.103377 2.96873 2.97933 2.98532
1.584 0.0816984 0.0803637 0.103449 2.96889 2.97949 2.98553
1.586 0.0811561 0.0799758 0.10353 2.96906 2.97965 2.98573
1.588 0.0805872 0.0797085 0.103613 2.96922 2.97981 2.98594
1.59 0.0799917 0.0795612 0.103692 2.96938 2.97997 2.98615
1.592 0.07937 0.0795313 0.10376 2.96954 2.98013 2.98636
1.594 0.0787237 0.079615 0.103811 2.9697 2.98029 2.98656
1.596 0.0780552 0.0798068 0.103838 2.96985 2.98045 2.98677
1.598 0.0773678 0.0801008 0.103835 2.97001 2.98061 2.98698
1.6 0.076666 0.08049 0.103795 2.97016 2.98077 2.98719
1.602 0.0759555 0.0809674 0.103713 2.97031 2.98093 2.98739
1.604 0.075243 0.0815255 0.103585 2.97047 2.9811 2.9876
1.606 0.0745365 0.082157 0.103405 2.97062 2.98126 2.98781
1.608 0.0738449 0.0828545 0.103171 2.97076 2.98142 2.98802
1.61 0.0731783 0.0836107 0.102881 2.97091 2.98159 2.98822
1.612 0.0725473 0.0844184 0.102533 2.97106 2.98176 2.98843
1.614 0.071963 0.0852701 0.102128 2.9712 2.98193 2.98863
1.616 0.0714367 0.0861586 0.101665 2.97134 2.9821 2.98884
1.618 0.0709791 0.087076 0.101146 2.97149 2.98227 2.98904
1.62 0.0706004 0.0880145 0.100575 2.97163 2.98245 2.98924
1.622 0.0703095 0.0889659 0.0999534 2.97177 2.98263 2.98944
1.624 0.0701139 0.0899216 0.0992869 2.97191 2.9828 2.98964
1.626 0.0700192 0.0908726 0.0985794 2.97205 2.98299 2.98984
1.628 0.0700292 0.0918099 0.0978361 2.97219 2.98317 2.99003
1.63 0.0701454 0.0927238 0.0970622 2.97233 2.98335 2.99023
1.632 0.0703673 0.0936045 0.0962628 2.97247 2.98354 2.99042
1.634 0.0706922 0.0944421 0.0954429 2.97261 2.98373 2.99061
1.636 0.0711153 0.0952268 0.0946065 2.97275 2.98392 2.9908
1.638 0.0716296 0.0959485 0.0937572 2.9729 2.98411 2.99099
1.64 0.0722265 0.096598 0.0928972 2.97304 2.9843 2.99118
1.642 0.0728951 0.0971662 0.0920279 2.97319 2.98449 2.99136
1.644 0.0736233 0.0976451 0.0911494 2.97333 2.98469 2.99155
1.646 0.0743969 0.098028 0.090261 2.97348 2.98488 2.99173
1.648 0.0752007 0.0983094 0.0893612 2.97363 2.98508 2.99191
1.65 0.0760181 0.098486 0.088448 2.97378 2.98528 2.99209
1.652 0.0768315 0.0985561 0.0875196 2.97393 2.98547 2.99226
1.654 0.0776226 0.0985201 0.0865742 2.97409 2.98567 2.99244
1.656 0.0783725 0.0983805 0.0856109 2.97424 2.98587 2.99261
1.658 0.0790621 0.0981417 0.0846297 2.9744 2.98607 2.99278
1.66 0.0796727 0.0978097 0.0836317 2.97456 2.98626 2.99295
1.662 0.080186 0.0973917 0.0826196 2.97472 2.98646 2.99311
1.664 0.0805847 0.0968962 0.0815972 2.97488 2.98665 2.99328
1.666 0.0808531 0.0963319 0.0805701 2.97504 2.98684 2.99344
1.668 0.0809773 0.0957082 0.0795449 2.9752 2.98704 2.9936
1.67 0.0809458 0.0950338 0.0785292 2.97537 2.98723 2.99376
1.672 0.08075 0.0943173 0.0775318 2.97553 2.98742 2.99391
1.674 0.080384 0.0935669 0.0765618 2.97569 2.9876 2.99407
1.676 0.0798455 0.09279 0.0756286 2.97585 2.98779 2.99422
1.678 0.0791355 0.0919937 0.0747415 2.97601 2.98798 2.99437
1.68 0.0782582 0.0911845 0.0739093 2.97617 2.98816 2.99452
1.682 0.0772215 0.0903689 0.0731401 2.97632 2.98834 2.99467
1.684 0.0760359 0.0895533 0.0724408 2.97647 2.98852 2.99481
1.686 0.0747151 0.0887441 0.071817 2.97663 2.9887 2.99496
1.688 0.0732754 0.0879478 0.0712726 2.97677 2.98887 2.9951
1.69 0.0717349 0.0871712 0.0708098 2.97692 2.98905 2.99524
1.692 0.0701134 0.0864209 0.0704291 2.97706 2.98922 2.99538
1.694 0.0684321 0.0857039 0.0701288 2.9772 2.9894 2.99552
1.696 0.0667124 0.0850266 0.0699058 2.97733 2.98957 2.99566
1.698 0.0649761 0.0843951 0.069755 2.97747 2.98974 2.9958
1.7 0.0632444 0.0838146 0.06967 2.97759 2.9899 2.99594
1.702 0.0615375 0.0832894 0.069643 2.97772 2.99007 2.99608
1.704 0.0598747 0.0828222 0.0696653 2.97784 2.99024 2.99622
1.706 0.0582732 0.0824146 0.0697273 2.97796 2.9904 2.99636
1.708 0.056749 0.0820665 0.0698194 2.97807 2.99057 2.9965
1.71 0.0553159 0.0817761 0.0699316 2.97818 2.99073 2.99664
1.712 0.0539858 0.0815405 0.0700543 2.97829 2.99089 2.99678
1.714 0.0527683 0.0813554 0.0701783 2.9784 2.99106 2.99692
1.716 0.0516712 0.0812154 0.0702953 2.97851 2.99122 2.99706
1.718 0.0506999 0.0811147 0.0703979 2.97861 2.99138 2.9972
1.72 0.0498577 0.0810472 0.0704798 2.97871 2.99154 2.99734
1.722 0.0491459 0.0810065 0.0705363 2.97881 2.99171 2.99748
1.724 0.0485636 0.0809868 0.0705637 2.97891 2.99187 2.99762
1.726 0.048108 0.0809824 0.0705602 2.979 2.99203 2.99776
1.728 0.0477746 0.0809886 0.0705252 2.9791 2.99219 2.99791
1.73 0.0475573 0.0810007 0.0704595 2.97919 2.99235 2.99805
1.732 0.0474487 0.0810148 0.0703653 2.97929 2.99252 2.99819
1.734 0.0474401 0.0810274 0.0702459 2.97938 2.99268 2.99833
1.736 0.0475223 0.081035 0.0701054 2.97948 2.99284 2.99847
1.738 0.0476854 0.0810344 0.0699487 2.97957 2.993 2.99861
1.74 0.0479188 0.0810223 0.0697813 2.97967 2.99316 2.99875
1.742 0.0482122 0.0809953 0.0696085 2.97976 2.99333 2.99889
1.744 0.048555 0.0809498 0.0694358 2.97986 2.99349 2.99903
1.746 0.0489368 0.0808819 0.0692683 2.97996 2.99365 2.99917
1.748 0.0493475 0.0807878 0.0691108 2.98006 2.99381 2.9993
1.75 0.0497773 0.0806638 0.0689673 2.98016 2.99397 2.99944
1.752 0.050217 0.080506 0.0688414 2.98026 2.99413 2.99958
1.754 0.050658 0.0803111 0.0687361 2.98036 2.9943 2.99972
1.756 0.0510922 0.0800764 0.068654 2.98046 2.99446 2.99985
1.758 0.0515126 0.0798 0.068597 2.98056 2.99462 2.99999
1.76 0.0519125 0.0794809 0.0685672 2.98067 2.99477 3.00013
1.762 0.0522864 0.0791195 0.0685662 2.98077 2.99493 3.00027
1.764 0.0526294 0.0787175 0.0685956 2.98087 2.99509 3.0004
1.766 0.0529376 0.0782781 0.0686571 2.98098 2.99525 3.00054
1.768 0.0532077 0.0778057 0.0687527 2.98109 2.9954 3.00068
1.77 0.0534374 0.0773061 0.0688841 2.98119 2.99556 3.00082
1.772 0.0536249 0.0767861 0.0690534 2.9813 2.99571 3.00095
1.774 0.0537694 0.076253 0.0692627 2.98141 2.99587 3.00109
1.776 0.0538704 0.0757148 0.069514 2.98151 2.99602 3.00123
1.778 0.0539282 0.0751792 0.0698089 2.98162 2.99617 3.00137
1.78 0.0539438 0.0746536 0.0701486 2.98173 2.99632 3.00151
1.782 0.0539186 0.0741445 0.0705336 2.98184 2.99647 3.00165
1.784 0.0538548 0.0736576 0.0709635 2.98195 2.99662 3.00179
1.786 0.0537548 0.0731971 0.0714368 2.98205 2.99676 3.00193
1.788 0.0536219 0.0727656 0.0719508 2.98216 2.99691 3.00208
1.79 0.0534599 0.0723643 0.0725015 2.98227 2.99705 3.00222
1.792 0.053273 0.0719926 0.0730837 2.98237 2.9972 3.00237
1.794 0.0530661 0.0716481 0.0736911 2.98248 2.99734 3.00251
1.796 0.0528444 0.071327 0.0743165 2.98259 2.99748 3.00266
1.798 0.0526134 0.0710239 0.0749516 2.98269 2.99763 3.00281
1.8 0.0523788 0.070732 0.0755874 2.9828 2.99777 3.00296
1.802 0.0521465 0.0704436 0.076214 2.9829 2.99791 3.00311
1.804 0.0519218 0.0701504 0.076821 2.98301 2.99805 3.00327
1.806 0.05171 0.0698435 0.0773974 2.98311 2.99819 3.00342
1.808 0.0515156 0.0695139 0.0779317 2.98321 2.99833 3.00358
1.81 0.0513422 0.0691529 0.078412 2.98332 2.99847 3.00373
1.812 0.0511929 0.0687527 0.0788261 2.98342 2.99861 3.00389
1.814 0.0510692 0.0683061 0.079162 2.98352 2.99874 3.00405
1.816 0.0509721 0.0678076 0.0794074 2.98362 2.99888 3.00421
1.818 0.0509013 0.067253 0.0795507 2.98372 2.99901 3.00437
1.82 0.0508554 0.06664 0.0795808 2.98383 2.99915 3.00453
1.822 0.0508324 0.0659681 0.0794874 2.98393 2.99928 3.00468
1.824 0.0508296 0.065239 0.0792619 2.98403 2.99941 3.00484
1.826 0.050844 0.0644557 0.0788969 2.98413 2.99954 3.005
1.828 0.050872 0.0636233 0.0783868 2.98423 2.99967 3.00516
1.83 0.0509105 0.0627479 0.0777282 2.98433 2.9998 3.00531
1.832 0.0509562 0.0618371 0.0769195 2.98444 2.99992 3.00547
1.834 0.051006 0.0608989 0.0759617 2.98454 3.00004 3.00562
1.836 0.0510572 0.0599422 0.0748577 2.98464 3.00016 3.00577
1.838 0.0511071 0.058976 0.073613 2.98474 3.00028 3.00592
1.84 0.0511529 0.0580092 0.0722354 2.98485 3.0004 3.00607
1.842 0.0511918 0.0570506 0.0707351 2.98495 3.00052 3.00621
1.844 0.0512206 0.0561084 0.0691247 2.98505 3.00063 3.00635
1.846 0.0512356 0.0551903 0.0674191 2.98515 3.00074 3.00649
1.848 0.0512328 0.0543032 0.0656351 2.98525 3.00085 3.00662
1.85 0.0512078 0.053453 0.0637919 2.98536 3.00096 3.00675
1.852 0.0511555 0.0526449 0.0619104 2.98546 3.00106 3.00687
1.854 0.0510709 0.0518831 0.0600127 2.98556 3.00117 3.007
1.856 0.0509487 0.0511707 0.0581222 2.98566 3.00127 3.00711
1.858 0.0507838 0.05051 0.0562627 2.98577 3.00137 3.00723
1.86 0.0505715 0.0499023 0.0544577 2.98587 3.00147 3.00734
1.862 0.0503076 0.0493483 0.0527303 2.98597 3.00157 3.00745
1.864 0.0499888 0.0488477 0.051102 2.98607 3.00167 3.00755
1.866 0.0496128 0.0483997 0.0495925 2.98617 3.00177 3.00765
1.868 0.0491786 0.0480032 0.0482187 2.98627 3.00186 3.00775
1.87 0.0486863 0.0476566 0.046995 2.98636 3.00196 3.00784
1.872 0.0481375 0.0473581 0.0459321 2.98646 3.00205 3.00794
1.874 0.047535 0.0471059 0.0450376 2.98656 3.00215 3.00803
1.876 0.046883 0.0468984 0.0443155 2.98665 3.00224 3.00812
1.878 0.0461867 0.0467337 0.0437668 2.98674 3.00234 3.00821
1.88 0.0454523 0.0466103 0.0433891 2.98684 3.00243 3.00829
1.882 0.0446869 0.0465268 0.0431778 2.98693 3.00252 3.00838
1.884 0.0438979 0.0464819 0.0431255 2.98701 3.00262 3.00847
1.886 0.0430933 0.0464744 0.0432231 2.9871 3.00271 3.00855
1.888 0.0422816 0.0465033 0.0434598 2.98719 3.0028 3.00864
1.89 0.0414711 0.0465677 0.0438234 2.98727 3.0029 3.00873
1.892 0.0406704 0.0466666 0.0443006 2.98735 3.00299 3.00881
1.894 0.0398881 0.0467991 0.0448774 2.98743 3.00308 3.0089
1.896 0.039133 0.0469642 0.0455392 2.98751 3.00318 3.00899
1.898 0.0384134 0.0471606 0.0462714 2.98759 3.00327 3.00909
1.9 0.0377379 0.047387 0.0470588 2.98767 3.00336 3.00918
1.902 0.0371146 0.0476416 0.047887 2.98774 3.00346 3.00927
1.904 0.036551 0.0479218 0.0487418 2.98781 3.00356 3.00937
1.906 0.036054 0.048225 0.0496097 2.98789 3.00365 3.00947
1.908 0.0356295 0.0485476 0.0504781 2.98796 3.00375 3.00957
1.91 0.0352818 0.0488856 0.0513356 2.98803 3.00385 3.00967
1.912 0.0350139 0.0492343 0.0521721 2.9881 3.00394 3.00977
1.914 0.0348267 0.0495892 0.052979 2.98817 3.00404 3.00988
1.916 0.0347191 0.0499456 0.0537488 2.98824 3.00414 3.00999
1.918 0.0346882 0.0502992 0.054476 2.98831 3.00424 3.01009
1.92 0.0347291 0.0506466 0.055156 2.98838 3.00434 3.0102
1.922 0.0348351 0.0509852 0.0557857 2.98845 3.00444 3.01032
1.924 0.0349983 0.0513139 0.0563627 2.98852 3.00455 3.01043
1.926 0.0352094 0.0516329 0.0568857 2.98859 3.00465 3.01054
1.928 0.0354588 0.0519438 0.0573536 2.98866 3.00475 3.01065
1.93 0.0357362 0.0522496 0.0577657 2.98873 3.00486 3.01077
1.932 0.0360314 0.052554 0.0581213 2.9888 3.00496 3.01089
1.934 0.0363344 0.0528618 0.0584199 2.98887 3.00507 3.011
1.936 0.0366359 0.0531778 0.0586606 2.98895 3.00517 3.01112
1.938 0.0369272 0.0535068 0.0588424 2.98902 3.00528 3.01124
1.94 0.0372009 0.0538533 0.0589643 2.98909 3.00539 3.01135
1.942 0.0374503 0.0542209 0.0590252 2.98917 3.0055 3.01147
1.944 0.0376704 0.0546119 0.0590243 2.98924 3.00561 3.01159
1.946 0.0378572 0.0550275 0.058961 2.98932 3.00571 3.01171
1.948 0.0380082 0.0554673 0.0588352 2.9894 3.00583 3.01183
1.95 0.0381218 0.0559294 0.0586476 2.98947 3.00594 3.01194
1.952 0.0381978 0.0564104 0.0583992 2.98955 3.00605 3.01206
1.954 0.0382368 0.0569056 0.0580922 2.98962 3.00616 3.01218
1.956 0.0382402 0.057409 0.0577293 2.9897 3.00628 3.01229
1.958 0.03821 0.0579136 0.0573143 2.98978 3.00639 3.01241
1.96 0.0381487 0.0584117 0.0568519 2.98985 3.00651 3.01252
1.962 0.0380588 0.0588951 0.0563477 2.98993 3.00663 3.01264
1.964 0.0379431 0.0593549 0.0558087 2.99001 3.00674 3.01275
1.966 0.0378042 0.0597823 0.0552425 2.99008 3.00686 3.01286
1.968 0.0376444 0.0601682 0.0546579 2.99016 3.00698 3.01297
1.97 0.0374654 0.0605036 0.0540647 2.99023 3.0071 3.01308
1.972 0.0372684 0.06078 0.0534732 2.99031 3.00722 3.01319
1.974 0.0370536 0.0609889 0.0528944 2.99038 3.00735 3.01329
1.976 0.0368208 0.061123 0.0523395 2.99046 3.00747 3.0134
1.978 0.0365686 0.0611755 0.0518196 2.99053 3.00759 3.0135
1.98 0.0362954 0.0611409 0.0513453 2.9906 3.00771 3.0136
1.982 0.0359989 0.0610151 0.0509268 2.99067 3.00784 3.01371
1.984 0.0356768 0.0607955 0.050573 2.99075 3.00796 3.01381
1.986 0.0353268 0.0604812 0.0502915 2.99082 3.00808 3.01391
1.988 0.0349472 0.0600731 0.0500887 2.99089 3.0082 3.01401
1.99 0.0345369 0.0595738 0.0499691 2.99096 3.00832 3.01411
1.992 0.0340963 0.0589877 0.0499358 2.99103 3.00844 3.01421
1.994 0.0336271 0.0583207 0.0499904 2.99109 3.00855 3.01431
1.996 0.0331325 0.0575803 0.0501328 2.99116 3.00867 3.01441
1.998 0.0326177 0.0567751 0.050362 2.99123 3.00878 3.01451
