-6.40549 -6.38092
-6.32809 -6.32665
-6.32838 -6.33054
-6.61013 -6.60843
-6.6167 -6.61931
-6.3182 -6.31408
-6.66186 -6.66423
-6.66475 -6.66756
-6.32921 -6.32943
-6.49841 -6.49253
-6.66234 -6.66281
-6.66186 -6.66247
-6.3217 -6.31942
-6.6069 -6.60636
-6.33066 -6.32979
-6.66242 -6.6633
-6.66186 -6.66208
-6.59552 -6.58134
-6.33113 -6.32867
-6.31581 -6.31297
-6.66624 -6.66984
-6.3302 -6.32871
-6.66199 -6.66218
-6.31711 -6.31749
-6.65112 -6.65193
-6.329 -6.32635
-6.32946 -6.32928
-6.63867 -6.63357
-6.32123 -6.32019
-6.61491 -6.61668
-6.61533 -6.61818
-6.61854 -6.62412
-6.60574 -6.60767
-6.32296 -6.32309
-6.66186 -6.66214
-6.6618 -6.66209
-6.61546 -6.61576
-6.32749 -6.32627
-6.32865 -6.32745
-6.66166 -6.66409
-6.31084 -6.30814
-6.66186 -6.66174
-6.61513 -6.61782
-6.32863 -6.32864
-6.61508 -6.61489
-6.32876 -6.32784
-6.32146 -6.32188
-6.32195 -6.32106
-6.32191 -6.32079
-6.33591 -6.33534
-6.57567 -6.57978
-6.62527 -6.62799
-6.66658 -6.66903
-6.3193 -6.3184
-6.32413 -6.32361
-6.31144 -6.30916
-6.32608 -6.32284
-6.61307 -6.61412
-6.33175 -6.33112
-6.32589 -6.32629
-6.64836 -6.65235
-6.66186 -6.66341
-6.32282 -6.31977
-6.62255 -6.62456
-6.60834 -6.60725
-6.35414 -6.35181
-6.61389 -6.61518
-6.32335 -6.32332
-6.61615 -6.61541
-6.32591 -6.32577
-6.32582 -6.32555
-6.61447 -6.61731
-6.32515 -6.32737
-6.32501 -6.32417
-6.66186 -6.66164
-6.31216 -6.3108
-6.32143 -6.32313
-6.32427 -6.31964
-6.31719 -6.3164
-6.32173 -6.32362
-6.62393 -6.62695
-6.66265 -6.66395
-6.58413 -6.57303
-6.31612 -6.31337
-6.66186 -6.66189
-6.31916 -6.31859
-6.62373 -6.62748
-6.56497 -6.54763
-6.32479 -6.32437
-6.61003 -6.6095
-6.31966 -6.31932
-6.60203 -6.60085
-6.31319 -6.31124
-6.61481 -6.61366
-6.60566 -6.60552
-6.60201 -6.60256
-6.62136 -6.62218
-6.3338 -6.33376
-6.66186 -6.66212
-6.32003 -6.32334
-6.6667 -6.67111
-6.32707 -6.328
-6.60317 -6.60341
-6.66186 -6.66199
-6.31975 -6.31764
-6.60772 -6.60744
-6.31204 -6.3097
-6.61131 -6.61198
-6.3258 -6.32137
-6.60543 -6.6056
-6.32432 -6.32132
-6.33081 -6.33505
-6.60141 -6.6005
-6.32632 -6.32221
-6.66186 -6.66239
-6.6179 -6.62185
-6.32494 -6.32377
-6.32462 -6.32101
-6.32838 -6.32933
-6.60252 -6.60247
-6.32398 -6.32571
-6.60676 -6.60881
-6.32249 -6.32113
-6.60881 -6.612
-6.31831 -6.31762
-6.6121 -6.61417
-6.66186 -6.66257
-6.66206 -6.66228
-6.61288 -6.61443
-6.32389 -6.32269
-6.32391 -6.32187
-6.61656 -6.61852
-6.32753 -6.32234
-6.6235 -6.62385
-6.32453 -6.32549
-6.32875 -6.33011
-6.62789 -6.62641
-6.6089 -6.60854
-6.66186 -6.66228
-6.3185 -6.31653
-6.32439 -6.32488
-6.6631 -6.66345
-6.32808 -6.32819
-6.66395 -6.66761
-6.61216 -6.61311
-6.66186 -6.66332
-6.32717 -6.32678
-6.59777 -6.59716
-6.32967 -6.3308
-6.32247 -6.32206
-6.61774 -6.62138
-6.32175 -6.32206
-6.6155 -6.61627
-6.61591 -6.6195
-6.32027 -6.31672
-6.62844 -6.63512
-6.66961 -6.67623
-6.61549 -6.61668
-6.3256 -6.32604
-6.66344 -6.66598
-6.65961 -6.66244
-6.61411 -6.61779
-6.32535 -6.32166
-6.65468 -6.65783
-6.5998 -6.59931
-6.32275 -6.32201
-6.60285 -6.59849
-6.32449 -6.32708
-6.61104 -6.61102
-6.32474 -6.32215
-6.31383 -6.31446
-6.61062 -6.60992
-6.63553 -6.64081
-6.31945 -6.31948
-6.61644 -6.61541
-6.33121 -6.33051
-6.32341 -6.32273
-6.32632 -6.32784
-6.3302 -6.33057
-6.62337 -6.62921
-6.32399 -6.32365
-6.32405 -6.32531
-6.61587 -6.61636
-6.66588 -6.67164
-6.31979 -6.31707
-6.3218 -6.32453
-6.32534 -6.32249
-6.60764 -6.60839
-6.66186 -6.66361
-6.66241 -6.66428
-6.32062 -6.31974
-6.32081 -6.31963
-6.31909 -6.3153
-6.32327 -6.32042
-6.60685 -6.60924
-6.66186 -6.66216
-6.6136 -6.60875
-6.31509 -6.3143
-6.32573 -6.32286
-6.59044 -6.5735
-6.61497 -6.61847
-6.32994 -6.32755
-6.66514 -6.66499
-6.31004 -6.30686
-6.61116 -6.61016
-6.32174 -6.3203
-6.31434 -6.31175
-6.32234 -6.31688
-6.32933 -6.33142
-6.66202 -6.66324
-6.32055 -6.31853
-6.61325 -6.61475
-6.32896 -6.32769
-6.3182 -6.31402
-6.60483 -6.60383
-6.66797 -6.67347
-6.32214 -6.32221
-6.60006 -6.5985
-6.61207 -6.61551
-6.66978 -6.67474
-6.61729 -6.62498
-6.32544 -6.32663
-6.33002 -6.32968
-6.62143 -6.6211
-6.61882 -6.61842
-6.32349 -6.32057
-6.32552 -6.32575
-6.32261 -6.32315
-6.66113 -6.66211
-6.3159 -6.314
-6.61693 -6.61809
-6.6166 -6.61852
-6.3179 -6.31801
-6.61685 -6.61974
-6.61484 -6.61451
-6.66263 -6.66602
-6.60292 -6.60139
-6.32874 -6.32849
-6.3239 -6.32335
-6.31723 -6.31459
-6.32567 -6.32228
-6.61172 -6.60958
-6.32498 -6.32826
-6.31157 -6.31018
-6.60455 -6.60306
-6.64225 -6.64428
-6.60905 -6.61414
-6.32758 -6.32775
-6.32971 -6.33045
-6.66186 -6.66322
-6.66391 -6.66585
-6.32764 -6.32991
-6.6299 -6.62712
-6.32242 -6.32253
-6.59777 -6.59212
-6.33379 -6.33138
-6.6226 -6.62144
-6.32952 -6.3284
-6.32679 -6.32623
-6.60701 -6.60446
-6.60431 -6.60667
-6.60956 -6.60993
-6.32708 -6.32352
-6.60728 -6.60757
-6.32548 -6.32577
-6.32535 -6.32113
-6.66186 -6.66203
-6.59976 -6.59887
-6.59948 -6.59804
-6.3187 -6.31765
-6.60668 -6.60987
-6.32138 -6.32024
-6.32686 -6.32397
-6.61244 -6.61221
-6.61687 -6.61597
-6.32179 -6.31973
-6.6062 -6.6046
-6.60968 -6.61485
-6.32068 -6.32301
-6.32104 -6.3213
-6.3177 -6.31855
-6.66776 -6.67166
-6.66437 -6.66685
-6.62413 -6.62332
-6.6641 -6.66736
-6.31435 -6.31117
-6.6629 -6.66347
-6.66936 -6.66937
-6.60492 -6.60241
-6.33105 -6.33181
-6.31242 -6.31257
-6.33023 -6.32915
-6.60669 -6.60575
-6.6113 -6.61078
-6.32214 -6.32292
-6.61498 -6.61275
-6.62048 -6.62579
-6.61546 -6.61877
-6.31925 -6.31508
-6.61683 -6.6173
-6.66416 -6.66784
-6.60503 -6.60816
-6.61383 -6.60987
-6.60181 -6.60223
-6.6124 -6.61291
-6.66186 -6.66399
-6.60574 -6.60618
-6.62369 -6.62633
-6.66186 -6.66193
-6.61255 -6.61368
-6.61355 -6.61363
-6.32345 -6.32265
-6.62089 -6.62718
-6.6106 -6.61313
-6.66323 -6.66349
-6.32455 -6.32104
-6.32725 -6.3252
-6.60494 -6.60353
-6.60824 -6.60947
-6.32337 -6.32082
-6.61451 -6.61518
-6.66221 -6.66342
-6.32386 -6.32652
-6.66186 -6.66188
-6.32264 -6.32026
-6.32529 -6.32448
-6.32651 -6.32836
-6.66186 -6.6622
-6.32572 -6.32856
-6.6656 -6.66977
-6.66276 -6.66473
-6.60945 -6.60986
-6.32714 -6.32745
-6.3266 -6.32828
-6.32964 -6.33073
-6.60235 -6.6022
-6.65019 -6.6532
-6.60963 -6.60834
-6.32076 -6.31878
-6.31951 -6.31897
-6.60067 -6.60059
-6.32723 -6.32505
-6.61621 -6.61807
-6.32375 -6.32535
-6.32407 -6.32454
-6.32055 -6.32074
-6.62092 -6.62397
-6.32833 -6.32615
-6.61751 -6.6211
-6.33008 -6.32979
-6.60883 -6.60915
-6.32865 -6.32959
-6.6036 -6.60471
-6.60491 -6.60503
-6.60796 -6.61041
-6.33168 -6.33135
-6.32025 -6.32194
-6.32372 -6.32318
-6.60575 -6.60608
-6.62046 -6.62432
-6.32825 -6.32494
-6.32652 -6.32569
-6.32786 -6.32845
-6.32594 -6.32244
-6.6185 -6.60907
-6.31825 -6.31567
-6.66372 -6.66755
-6.31259 -6.30976
-6.32168 -6.31586
-6.60608 -6.60842
-6.32051 -6.32145
-6.66248 -6.66275
-6.3214 -6.32241
-6.66186 -6.66206
-6.31865 -6.32015
-6.32592 -6.3239
-6.62242 -6.63028
-6.31919 -6.31554
-6.66186 -6.66206
-6.60234 -6.60267
-6.32759 -6.32398
-6.32083 -6.31981
-6.61252 -6.61505
-6.60604 -6.60585
-6.6119 -6.61142
-6.31175 -6.30984
-6.66186 -6.66213
-6.31525 -6.31388
-6.66186 -6.66174
-6.60976 -6.61232
-6.32153 -6.31868
-6.31175 -6.31065
-6.31399 -6.31224
-6.60798 -6.61147
-6.33112 -6.32992
-6.66186 -6.6624
-6.32207 -6.32122
-6.61202 -6.61266
-6.66222 -6.66263
-6.61638 -6.61554
-6.66186 -6.66178
-6.32283 -6.31999
-6.66186 -6.66215
-6.66186 -6.66356
-6.66186 -6.66178
-6.32968 -6.3279
-6.32182 -6.31773
-6.61112 -6.61312
-6.66186 -6.66216
-6.66939 -6.67506
-6.61335 -6.61215
-6.32145 -6.32429
-6.66186 -6.6627
-6.62238 -6.62209
-6.31426 -6.31445
-6.65178 -6.65311
-6.32235 -6.32073
-6.31464 -6.31428
-6.61881 -6.61633
-6.66472 -6.66575
-6.31987 -6.32182
-6.31265 -6.31321
-6.31809 -6.31683
-6.60816 -6.60763
-6.66188 -6.66286
-6.62135 -6.62372
-6.66186 -6.66222
-6.61493 -6.61691
-6.66345 -6.6642
-6.62064 -6.61647
-6.31864 -6.31697
-6.31564 -6.31132
-6.61719 -6.61697
-6.60946 -6.6094
-6.66186 -6.6643
-6.66186 -6.6626
-6.60353 -6.606
-6.62094 -6.62142
-6.62079 -6.62268
-6.64644 -6.65109
-6.61388 -6.61566
-6.60929 -6.60992
-6.61208 -6.61549
-6.60935 -6.60865
-6.61342 -6.61592
-6.31567 -6.31417
-6.6037 -6.60363
-6.53544 -6.54435
-6.6208 -6.62202
-6.66202 -6.66311
-6.62039 -6.61935
-6.6108 -6.61152
-6.61426 -6.61409
-6.32988 -6.32948
-6.32183 -6.31998
-6.66186 -6.66277
-6.32723 -6.32691
-6.66252 -6.66432
-6.33103 -6.32896
-6.66186 -6.66265
-6.32369 -6.32223
-6.32245 -6.32037
-6.32912 -6.33044
-6.32804 -6.32908
-6.32199 -6.32338
-6.3121 -6.31143
-6.62095 -6.62024
-6.32596 -6.32259
-6.6676 -6.67317
-6.30982 -6.30663
-6.33076 -6.33371
-6.66191 -6.66274
-6.60764 -6.60618
-6.33127 -6.33045
-6.60636 -6.60911
-6.31775 -6.31294
-6.32675 -6.32597
-6.33111 -6.33317
-6.32254 -6.32349
-6.32629 -6.32625
-6.31991 -6.31851
-6.61384 -6.61267
-6.60961 -6.60778
-6.32668 -6.32628
-6.66186 -6.66197
-6.66186 -6.6618
-6.31634 -6.315
-6.60958 -6.61084
-6.32009 -6.31852
-6.66186 -6.66266
-6.60972 -6.61261
-6.66899 -6.67451
-6.32093 -6.32042
-6.62553 -6.62421
-6.32692 -6.32969
-6.32925 -6.32561
-6.66186 -6.66224
-6.32426 -6.32568
-6.32202 -6.31915
-6.66186 -6.66229
-6.66186 -6.66425
-6.31747 -6.3144
-6.33401 -6.32914
-6.61577 -6.60752
-6.32235 -6.3194
-6.60544 -6.6025
-6.57459 -6.57801
-6.66186 -6.66212
-6.55362 -6.56272
-6.61053 -6.6165
-6.32496 -6.32368
-6.66529 -6.66891
-6.32504 -6.32433
-6.61409 -6.61541
-6.31163 -6.31028
-6.64574 -6.64791
-6.61786 -6.61667
-6.32944 -6.32707
-6.61773 -6.61654
-6.31943 -6.31674
-6.32847 -6.32704
-6.32291 -6.32085
-6.3253 -6.32542
-6.32647 -6.32371
-6.66186 -6.66208
-6.33016 -6.3284
-6.66186 -6.66202
-6.66182 -6.66182
-6.31954 -6.31904
-6.61173 -6.61328
-6.60504 -6.60458
-6.66186 -6.66185
-6.66186 -6.66233
-6.66062 -6.66265
-6.62762 -6.63227
-6.66203 -6.6641
-6.66186 -6.66179
-6.3204 -6.32067
-6.60383 -6.60333
-6.31226 -6.31356
-6.32877 -6.32822
-6.32543 -6.32473
-6.47003 -6.48108
-6.31594 -6.31399
-6.3196 -6.31805
-6.31563 -6.31237
-6.32801 -6.32956
-6.32906 -6.32897
-6.33093 -6.33045
-6.66186 -6.66207
-6.31593 -6.3137
-6.66187 -6.66225
-6.61711 -6.61654
-6.32097 -6.32083
-6.66186 -6.66215
-6.66186 -6.66238
-6.61438 -6.61675
-6.61138 -6.61156
-6.62123 -6.62091
-6.32458 -6.32286
-6.66186 -6.66171
-6.6127 -6.61168
-6.33257 -6.33201
-6.60894 -6.60886
-6.66778 -6.6729
-6.60655 -6.60661
-6.60632 -6.6072
-6.60625 -6.60515
-6.61304 -6.60829
-6.66186 -6.66233
-6.66393 -6.66591
-6.60837 -6.60706
-6.32601 -6.32618
-6.61825 -6.61846
-6.61121 -6.61313
-6.32238 -6.32201
-6.32319 -6.3256
-6.60766 -6.60887
-6.3295 -6.32449
-6.66235 -6.66309
-6.66186 -6.66182
-6.66186 -6.66352
-6.32217 -6.32196
-6.61578 -6.62106
-6.61435 -6.61447
-6.61874 -6.61839
-6.31613 -6.31546
-6.32532 -6.3262
-6.65555 -6.66294
-6.66186 -6.66179
-6.32874 -6.32895
-6.32739 -6.32794
-6.32546 -6.32331
-6.32385 -6.32536
-6.3161 -6.31616
-6.3221 -6.32081
-6.3155 -6.3133
-6.32435 -6.3247
-6.3244 -6.32609
-6.62276 -6.62688
-6.3192 -6.3178
-6.32605 -6.32769
-6.6171 -6.61274
-6.32814 -6.32831
-6.60665 -6.60616
-6.66186 -6.66183
-6.31544 -6.31386
-6.3218 -6.3222
-6.66711 -6.67157
-6.32043 -6.31929
-6.60676 -6.60631
-6.31125 -6.31113
-6.61388 -6.61247
-6.66186 -6.66289
-6.5048 -6.48218
-6.61966 -6.62102
-6.32237 -6.32166
-6.66186 -6.6635
-6.66186 -6.66228
-6.60961 -6.61428
-6.62117 -6.62054
-6.66193 -6.66272
-6.61486 -6.61762
-6.32576 -6.32727
-6.66197 -6.66202
-6.33222 -6.33118
-6.61624 -6.61539
-6.31825 -6.31566
-6.66545 -6.66861
-6.31951 -6.32149
-6.60382 -6.60421
-6.57645 -6.5854
-6.61037 -6.61212
-6.32058 -6.32203
-6.32804 -6.32522
-6.32091 -6.31863
-6.32659 -6.32383
-6.32997 -6.32888
-6.66186 -6.66271
-6.32754 -6.32692
-6.32596 -6.32645
-6.33433 -6.33276
-6.32565 -6.32272
-6.32205 -6.32214
-6.66186 -6.66374
-6.6121 -6.61335
-6.62267 -6.62614
-6.66596 -6.66874
-6.60343 -6.60165
-6.61418 -6.61276
-6.66186 -6.66249
-6.32269 -6.322
-6.66245 -6.66517
-6.66186 -6.66169
-6.66315 -6.66605
-6.32725 -6.32358
-6.31937 -6.31766
-6.66418 -6.66713
-6.31758 -6.31657
-6.32173 -6.32263
-6.3172 -6.31506
-6.61359 -6.61874
-6.66299 -6.6647
-6.62188 -6.61853
-6.3187 -6.31631
-6.66288 -6.66475
-6.60961 -6.61266
-6.32257 -6.32225
-6.32469 -6.32634
-6.3191 -6.31996
-6.60788 -6.60728
-6.32115 -6.32176
-6.31325 -6.31078
-6.66452 -6.66542
-6.3258 -6.32525
-6.59098 -6.5885
-6.31827 -6.31976
-6.32192 -6.32116
-6.66186 -6.66207
-6.6133 -6.61194
-6.32834 -6.3281
-6.59806 -6.59727
-6.60885 -6.60977
-6.61412 -6.61614
-6.33501 -6.33581
-6.32491 -6.32372
-6.49469 -6.50262
-6.66186 -6.66443
-6.32568 -6.3259
-6.32304 -6.32216
-6.32904 -6.32832
-6.3216 -6.32407
-6.6182 -6.62081
-6.66186 -6.66334
-6.66208 -6.66381
-6.64406 -6.6443
-6.61513 -6.61598
-6.66204 -6.66338
-6.61508 -6.61478
-6.3157 -6.31448
-6.66866 -6.67333
-6.66285 -6.66569
-6.60809 -6.60693
-6.61734 -6.61764
-6.33114 -6.33169
-6.31264 -6.31086
-6.32771 -6.3296
-6.3247 -6.32926
-6.3366 -6.33638
-6.61569 -6.61496
-6.3237 -6.32517
-6.6171 -6.61594
-6.31984 -6.31799
-6.60339 -6.60252
-6.66186 -6.66169
-6.32001 -6.31832
-6.66668 -6.66591
-6.60003 -6.59864
-6.32569 -6.32518
-6.33302 -6.33064
-6.66186 -6.6637
-6.60987 -6.60924
-6.32837 -6.32874
-6.61393 -6.61949
-6.6062 -6.60477
-6.66186 -6.66286
-6.46669 -6.48298
-6.66186 -6.66199
-6.66186 -6.66406
-6.32648 -6.32678
-6.32577 -6.32695
-6.61976 -6.62635
-6.6217 -6.62457
-6.32243 -6.32081
-6.66186 -6.66197
-6.6052 -6.60589
-6.66186 -6.66295
-6.66218 -6.6642
-6.32983 -6.33111
-6.66194 -6.6628
-6.61285 -6.61269
-6.60642 -6.60674
-6.66186 -6.66297
-6.66186 -6.66239
-6.32595 -6.32525
-6.63689 -6.63565
-6.33365 -6.33455
-6.61364 -6.61511
-6.6122 -6.61201
-6.60724 -6.60717
-6.32756 -6.32301
-6.32696 -6.32685
-6.61253 -6.61457
-6.53229 -6.53887
-6.66198 -6.6633
-6.66186 -6.66167
-6.3293 -6.33168
-6.32835 -6.32783
-6.32019 -6.3187
-6.66215 -6.66378
-6.3219 -6.32252
-6.31091 -6.31013
-6.60809 -6.60821
-6.61504 -6.61469
-6.32413 -6.32411
-6.66186 -6.66205
-6.66186 -6.66382
-6.32354 -6.32304
-6.60178 -6.60064
-6.31592 -6.31475
-6.32995 -6.33096
-6.66186 -6.66168
-6.32736 -6.32853
-6.61251 -6.6129
-6.32516 -6.32455
-6.32504 -6.32484
-6.64194 -6.64657
-6.66812 -6.67409
-6.60793 -6.60774
-6.66186 -6.6625
-6.32154 -6.31831
-6.32234 -6.32279
-6.61053 -6.61156
-6.60949 -6.60892
-6.60501 -6.60537
-6.61834 -6.6235
-6.61882 -6.61991
-6.66823 -6.67392
-6.32272 -6.3234
-6.3234 -6.32521
-6.66344 -6.66686
-6.32462 -6.32522
-6.32713 -6.32749
-6.61659 -6.61702
-6.33523 -6.33335
-6.66621 -6.67033
-6.31646 -6.31678
-6.61254 -6.61553
-6.32333 -6.31855
-6.6208 -6.6229
-6.32024 -6.31806
-6.66186 -6.6627
-6.62392 -6.62438
-6.33146 -6.33159
-6.62044 -6.62026
-6.66186 -6.66232
-6.6182 -6.61573
-6.61372 -6.61368
-6.6059 -6.60417
-6.32788 -6.32624
-6.66186 -6.66188
-6.61837 -6.6177
-6.32896 -6.32807
-6.31621 -6.31489
-6.61309 -6.61404
-6.31927 -6.31592
-6.32682 -6.32807
-6.32728 -6.32515
