-0.0533563 0
0.238341 0
0.478313 0
-0.0687917 0
0.49528 0
0.0850232 0
-0.0378813 0
-0.0419646 0
0.178989 0
-0.0137643 0
-0.0333587 0
-0.0414576 0
-0.236361 0
-0.0616931 0
-0.151742 0
-0.0494129 0
-0.0484181 0
-0.0212921 0
0.103099 0
-0.174139 0
-0.0225657 0
0.192233 0
-0.0400397 0
0.0939355 0
-0.0178826 0
0.364605 0
-0.0340453 0
-0.0285708 0
0.0985095 0
-0.0542989 0
0.169987 0
-0.0883707 0
0.612238 0
0.243487 0
-0.0409978 0
-0.0410012 0
0.000846956 0
-0.260164 0
0.0418097 0
-0.0451989 0
-0.0855825 0
-0.040866 0
0.209104 0
-0.0197402 0
-0.14765 0
0.204867 0
-0.0470998 0
0.179409 0
0.404126 0
0.113213 0
0.00714784 0
0.0237797 0
-0.0375652 0
-0.336895 0
0.222436 0
-0.0905793 0
0.244264 0
0.00655054 0
0.174827 0
0.16251 0
-0.00474828 0
-0.042642 0
-0.186362 0
-0.0921367 0
0.0156676 0
-0.0310859 0
-0.00589367 0
0.147099 0
0.142323 0
0.397307 0
-0.0622731 0
0.545276 0
0.329114 0
0.494985 0
-0.0382749 0
0.0152367 0
-0.125481 0
-0.133917 0
-0.16587 0
0.131649 0
0.0693229 0
-0.041173 0
0.0086867 0
-0.141713 0
-0.0397069 0
0.177204 0
0.0474576 0
0.0334858 0
-0.0282906 0
-0.224623 0
0.369188 0
-0.103427 0
0.00874634 0
0.32462 0
7.61605e-05 0
-0.505473 0
-0.0626073 0
0.271 0
-0.0453479 0
0.279376 0
-0.0370045 0
-0.00166636 0
0.14128 0
-0.0460132 0
0.193964 0
0.0936414 0
0.021259 0
-0.259324 0
-0.192222 0
-0.0963803 0
-0.0291182 0
0.0847679 0
0.000229147 0
-0.261222 0
-0.0421387 0
0.39783 0
0.142941 0
-0.0162511 0
0.105133 0
0.0485827 0
0.201156 0
0.142567 0
-0.221633 0
-0.0188582 0
-0.0680182 0
0.131515 0
-0.0417633 0
-0.0432277 0
0.530205 0
-0.0350124 0
-0.19687 0
0.349828 0
0.0623494 0
0.110565 0
0.103014 0
0.370142 0
0.00821202 0
0.097647 0
-0.0417278 0
0.177788 0
0.303454 0
-0.0439087 0
0.134734 0
-0.0368604 0
0.0173081 0
-0.0401201 0
0.0505874 0
-0.187197 0
-0.109456 0
0.275782 0
0.134953 0
0.0876365 0
0.0543292 0
-0.0098779 0
-0.0568709 0
0.158098 0
-0.0634826 0
0.2145 0
0.168586 0
-0.035089 0
-0.0308596 0
0.278153 0
0.0545293 0
-0.0361533 0
-0.0466174 0
0.565616 0
-0.00204827 0
0.47835 0
-0.306955 0
0.195598 0
0.14833 0
-0.347284 0
0.00866328 0
0.0965017 0
-0.0941985 0
0.0244102 0
0.13574 0
-0.00287855 0
0.0988555 0
0.418198 0
0.0853659 0
0.0422006 0
0.27309 0
-0.036274 0
0.287079 0
0.100907 0
0.105025 0
-0.120046 0
-0.0383226 0
-0.03736 0
0.393207 0
0.0250623 0
0.15412 0
-0.200837 0
-0.147653 0
-0.0453501 0
-0.0178144 0
0.213794 0
0.00576841 0
0.00883586 0
0.307606 0
-0.0788663 0
-0.0533088 0
0.0422955 0
-0.309712 0
0.15526 0
-0.00490797 0
-0.258682 0
0.0546166 0
-0.0452816 0
-0.0322746 0
-0.0276517 0
-0.151797 0
0.131171 0
-0.00986658 0
-0.0480238 0
0.116655 0
-0.226636 0
0.215039 0
-0.0582832 0
0.0702318 0
-0.0286658 0
0.19946 0
-0.521047 0
-0.239798 0
0.00339251 0
-0.0135314 0
0.0177733 0
-0.0396604 0
-0.100219 0
0.118539 0
0.0358441 0
0.0348019 0
0.120352 0
0.161435 0
-0.0527067 0
-0.196499 0
0.0498691 0
0.0719427 0
-0.23787 0
0.0113251 0
0.333762 0
0.122234 0
0.0537535 0
-0.011582 0
-0.00542063 0
0.126362 0
-0.0371691 0
0.1838 0
-0.0420423 0
-0.0389488 0
-0.162792 0
-0.0092755 0
0.098779 0
0.0339942 0
-0.00989947 0
-0.172664 0
0.0581667 0
-0.0487046 0
0.0555958 0
0.25693 0
0.00394995 0
-0.0899074 0
-0.00793271 0
0.197046 0
-0.187944 0
-0.0419728 0
-0.11528 0
-0.394733 0
-0.0868308 0
0.0835293 0
0.278719 0
0.119267 0
-0.0972158 0
-0.00697303 0
0.0859269 0
-0.137118 0
0.404103 0
0.202753 0
0.341436 0
0.284302 0
-0.0290412 0
-0.0353935 0
0.0406482 0
-0.0341028 0
-0.0258068 0
-0.0435265 0
-0.041985 0
-0.517309 0
0.191465 0
-0.0825163 0
0.234277 0
0.143802 0
-0.335989 0
-0.0596511 0
-0.391205 0
0.121779 0
0.135815 0
0.0423732 0
-0.0222245 0
-0.0399767 0
0.526322 0
0.183026 0
0.123608 0
-0.122812 0
-0.0377029 0
-0.127407 0
0.0703491 0
-0.0395257 0
0.133218 0
-0.172905 0
0.029683 0
-0.0846641 0
-0.0901598 0
-0.0433294 0
0.204619 0
0.0902822 0
0.000544453 0
-0.137489 0
0.339662 0
0.585308 0
-0.0436621 0
0.26804 0
-0.0432023 0
0.0297074 0
0.10961 0
-0.0289878 0
-0.0451956 0
0.438624 0
-0.023557 0
-0.038521 0
0.0170924 0
-0.00495054 0
0.185825 0
0.167348 0
0.117926 0
0.422117 0
0.0590913 0
-0.0215817 0
0.457403 0
-0.118579 0
0.228939 0
-0.109673 0
0.0280428 0
0.0555525 0
0.455643 0
0.0203871 0
0.14513 0
-0.0489834 0
0.068553 0
0.0830947 0
0.0601157 0
-0.208803 0
-0.0618409 0
0.0459075 0
0.319229 0
0.18776 0
-0.0462496 0
0.0584018 0
0.003923 0
-0.0862988 0
0.294426 0
0.00564117 0
0.0877191 0
0.00383165 0
0.26902 0
-0.0402043 0
0.0270885 0
-0.0712989 0
-0.0197729 0
0.497155 0
-0.0434036 0
0.0653751 0
-0.0438157 0
-0.030407 0
-0.124907 0
0.147189 0
0.346316 0
-0.0433603 0
-0.00104687 0
-0.026978 0
-0.000248972 0
0.187639 0
-0.0673184 0
-0.0716821 0
-0.145709 0
-0.0394991 0
-0.0334111 0
-0.0380108 0
0.246114 0
0.216996 0
0.00455185 0
0.105109 0
-0.176062 0
0.111342 0
-0.0420415 0
0.152895 0
0.0786301 0
-0.0444297 0
-0.107807 0
-0.0411254 0
0.018449 0
-0.0432177 0
-0.0402529 0
-0.0388106 0
-0.0439326 0
0.378416 0
0.0982703 0
-0.0416463 0
-0.0449352 0
-0.0720199 0
0.263936 0
-0.0428201 0
0.0355906 0
-0.0406346 0
-0.0386743 0
0.0666918 0
0.253406 0
0.650968 0
-0.0562095 0
0.117559 0
0.0135532 0
0.205258 0
0.109634 0
-0.044157 0
0.154231 0
-0.041015 0
-0.0276764 0
-0.0484174 0
0.373829 0
-0.0625243 0
0.0617862 0
0.258757 0
0.211747 0
-0.0395828 0
-0.0413436 0
0.235163 0
-0.135228 0
0.0841967 0
-0.0110768 0
-0.0555316 0
-0.000555608 0
0.26888 0
0.00357635 0
-0.165269 0
0.167638 0
-0.0583908 0
-0.002557 0
0.0779032 0
-0.0411914 0
-0.0674553 0
0.0628881 0
-0.433823 0
-0.0959113 0
-0.290995 0
-0.043992 0
0.147844 0
-0.0409108 0
-0.00308372 0
-0.0422614 0
0.0476627 0
0.0405321 0
0.357366 0
0.0134034 0
-0.0545345 0
-0.0366931 0
-0.208535 0
0.0515276 0
-0.0420078 0
-0.118717 0
0.406603 0
-0.0436464 0
-0.31036 0
0.012901 0
0.28605 0
-0.0940349 0
0.19418 0
-0.0117611 0
0.183731 0
0.0624286 0
0.10703 0
0.126578 0
0.186668 0
0.00357193 0
-0.0415239 0
-0.0412118 0
0.141255 0
0.108086 0
-0.02292 0
-0.043687 0
0.414941 0
-0.0461629 0
0.188929 0
-0.187795 0
0.114687 0
0.0475275 0
-0.0436549 0
0.107754 0
0.00996087 0
-0.0416234 0
-0.0370459 0
-0.111269 0
-0.0867513 0
-0.0164937 0
-0.0907521 0
-0.126661 0
0.0360901 0
-0.0412754 0
-0.0283983 0
0.460961 0
-0.21348 0
-0.0189407 0
-0.112764 0
0.165006 0
-0.031267 0
-0.0124772 0
-0.0071385 0
0.0549718 0
-0.0792862 0
-0.0793881 0
-0.0758348 0
-0.0600475 0
0.310728 0
-0.100043 0
-0.0446212 0
0.390806 0
-0.0396222 0
-0.0419209 0
0.0849297 0
-0.0413193 0
-0.00516013 0
-0.0412636 0
-0.0442494 0
-0.0390703 0
0.290597 0
-0.0457874 0
-0.0383765 0
0.2341 0
-0.426594 0
0.0286032 0
0.239396 0
-0.0848076 0
-0.02999 0
-0.0767716 0
0.0947076 0
0.0731318 0
0.206762 0
0.270601 0
0.15514 0
-0.0440516 0
0.171207 0
-0.0417585 0
-0.0496382 0
0.22418 0
-0.0393354 0
-0.0408804 0
-0.0209451 0
-0.102989 0
-0.0277751 0
0.168548 0
-0.0373119 0
0.0540947 0
0.018427 0
-0.0113883 0
-0.0390746 0
-0.30304 0
-0.0579716 0
-0.0141358 0
0.0119014 0
-0.0446187 0
-0.034308 0
-0.135168 0
0.171797 0
-0.298113 0
0.116348 0
0.141469 0
0.615093 0
0.0409196 0
0.0247736 0
-0.0476055 0
-0.0389914 0
-0.0414409 0
0.503995 0
0.100477 0
0.0405516 0
-0.18925 0
0.0251774 0
-0.0957383 0
-0.0414385 0
-0.0391098 0
0.0610931 0
0.165829 0
-0.00882659 0
0.0622931 0
-0.0413061 0
0.0741369 0
0.0321068 0
-0.133105 0
0.0543604 0
0.276286 0
0.108541 0
0.328986 0
0.336794 0
0.262915 0
0.133773 0
-0.0399476 0
0.245804 0
-0.110226 0
-0.0386394 0
0.235381 0
0.144499 0
-0.0799878 0
-0.0215107 0
-0.0422302 0
0.0253182 0
0.14975 0
-0.0149717 0
-0.0422388 0
-0.0406743 0
-0.0647435 0
0.22598 0
-0.0415766 0
0.0257392 0
-0.00943123 0
-0.0407175 0
0.223056 0
-0.071476 0
0.0307174 0
-0.0284633 0
0.61021 0
0.113042 0
0.00817938 0
0.125843 0
0.139585 0
-0.0505861 0
-0.276726 0
0.165402 0
0.0303623 0
-0.0456201 0
0.0318442 0
0.0804605 0
-0.100017 0
0.138387 0
0.106881 0
-0.0450936 0
0.113335 0
0.458469 0
-0.0380182 0
0.0145347 0
-0.0537882 0
-0.0444656 0
0.206685 0
-0.0493474 0
-0.0368952 0
-0.0533932 0
-0.149043 0
0.199 0
-0.0370255 0
0.0682112 0
0.344865 0
-0.197365 0
0.294973 0
-0.0360576 0
-0.0703162 0
0.0682572 0
-0.0423367 0
0.405764 0
0.0725517 0
0.241534 0
0.492342 0
-0.0143647 0
0.208361 0
0.0883828 0
-0.0516266 0
0.0208701 0
0.0465525 0
0.0764052 0
-0.0425421 0
-0.0396066 0
-0.217585 0
0.212845 0
0.117952 0
-0.151592 0
0.210328 0
-0.0507573 0
0.275595 0
0.0661096 0
-0.0448762 0
0.170764 0
-0.216427 0
0.286272 0
0.104128 0
0.296361 0
-0.0464886 0
-0.047245 0
-0.0218718 0
0.120764 0
-0.0448341 0
0.143953 0
0.205824 0
-0.0292132 0
-0.050826 0
-0.26809 0
0.251632 0
0.0578333 0
0.0961249 0
-0.0113293 0
-0.0512005 0
0.0458133 0
0.0964797 0
-0.0953372 0
0.316067 0
0.0891362 0
-0.0464965 0
-0.0368554 0
0.162099 0
-0.0561379 0
-0.42539 0
0.264892 0
-0.188601 0
-0.0429194 0
-0.0620649 0
0.281914 0
0.267303 0
-0.02545 0
-0.0424536 0
0.0885023 0
-0.040639 0
-0.0397539 0
0.203951 0
0.104218 0
-0.0784961 0
0.175885 0
-0.102604 0
-0.0417104 0
-0.211988 0
-0.0438193 0
-0.0472807 0
-0.162851 0
-0.041836 0
0.0330419 0
-0.410075 0
-0.046144 0
-0.0445672 0
0.202884 0
-0.0272475 0
0.207519 0
-0.0601225 0
-0.300243 0
0.0224354 0
0.428497 0
-0.053381 0
-0.0370462 0
-0.0109687 0
-0.0425765 0
-0.0372169 0
0.312556 0
-0.118889 0
-0.0828239 0
-0.0411014 0
-0.293253 0
-0.13504 0
0.0435275 0
-0.0599467 0
0.0846208 0
-0.0421762 0
-0.0356841 0
-0.148845 0
0.175777 0
0.018485 0
-0.069406 0
-0.0369295 0
0.0715915 0
-0.212046 0
-0.0487835 0
0.199313 0
0.0246013 0
-0.0525164 0
0.0112593 0
-0.0426769 0
0.074975 0
0.323886 0
-0.276323 0
-0.210758 0
-0.0131615 0
0.390318 0
0.0436908 0
-0.0373572 0
-0.0277295 0
-0.0340415 0
-0.0464662 0
0.204039 0
0.230204 0
-0.173407 0
-0.0776873 0
-0.0334928 0
-0.000774526 0
0.272119 0
-0.106414 0
0.175388 0
-0.0751087 0
-0.0419024 0
-0.180141 0
0.110755 0
0.10519 0
-0.0407785 0
-0.127164 0
0.0522678 0
-0.178132 0
0.0624261 0
-0.0392129 0
0.0152643 0
-0.0301317 0
0.148837 0
-0.159268 0
-0.306177 0
0.118766 0
-0.18211 0
-0.230799 0
0.0139779 0
-0.0276714 0
0.582799 0
-0.0786643 0
0.39865 0
-0.0602748 0
-0.0706213 0
0.172428 0
-0.152095 0
-0.0713253 0
-0.0717468 0
0.0448725 0
0.597825 0
0.155417 0
-0.0720018 0
-0.0655248 0
-0.0671598 0
0.397728 0
0.163536 0
-0.0623135 0
0.135198 0
-0.0675357 0
0.188183 0
-0.0641039 0
-0.127859 0
0.0642061 0
-0.0709898 0
0.0405257 0
-0.0629057 0
-0.0677525 0
0.552178 0
0.0914197 0
0.472461 0
-0.0673874 0
-0.069538 0
0.531999 0
0.150036 0
0.178533 0
-0.0555963 0
0.584401 0
-0.0638074 0
0.200579 0
0.352771 0
0.741574 0
0.256353 0
0.48294 0
-0.0701411 0
0.74003 0
0.10373 0
-0.0670777 0
-0.072581 0
-0.0676045 0
0.278544 0
0.0469714 0
0.609723 0
0.443957 0
0.293377 0
0.0575143 0
0.0399047 0
-0.0623425 0
-0.0618741 0
0.290086 0
0.641811 0
-0.0668602 0
0.33675 0
0.467378 0
0.46188 0
0.57786 0
0.0532448 0
-0.00704751 0
-0.0209092 0
-0.0202544 0
-0.142283 0
-0.0628662 0
0.419759 0
0.0508322 0
0.344024 0
0.409599 0
0.427514 0
0.211145 0
-0.0733199 0
-0.069552 0
0.527193 0
-0.0623232 0
0.448437 0
-0.0926696 0
-0.135912 0
-0.0519848 0
0.518958 0
0.0132922 0
0.829249 0
0.371039 0
0.0846146 0
0.821533 0
0.852761 0
-0.00547697 0
-0.0477848 0
-0.068387 0
0.166536 0
-0.0618298 0
0.0824007 0
0.776226 0
-0.0643885 0
0.310496 0
0.384903 0
0.422182 0
-0.0191468 0
0.314076 0
0.611228 0
0.197345 0
0.0120499 0
0.572898 0
-0.0242565 0
-0.0701955 0
0.341758 0
0.40952 0
-0.0422456 0
0.56736 0
0.733089 0
0.267876 0
0.257108 0
0.222428 0
0.0585452 0
0.212014 0
0.0723176 0
-0.066937 0
-0.0692617 0
-0.0652253 0
0.172108 0
0.285064 0
-0.0811321 0
-0.207829 0
0.397462 0
0.2975 0
-0.0760204 0
-0.0725234 0
0.42763 0
-0.0674343 0
0.203853 0
0.0729735 0
-0.0790875 0
0.53181 0
-0.0575772 0
0.547146 0
-0.0654334 0
0.218222 0
0.240255 0
0.063962 0
0.385799 0
0.0386352 0
0.148563 0
-0.150029 0
-0.0129694 0
0.465433 0
-0.00187728 0
-0.0778913 0
-0.241315 0
0.0136106 0
-0.0682805 0
-0.0488345 0
-0.00903461 0
-0.142741 0
-0.0580708 0
0.571529 0
-0.0561753 0
-0.0352344 0
0.0324315 0
0.291088 0
0.252236 0
0.455656 0
0.769332 0
-0.0668028 0
0.217569 0
-0.0188437 0
0.34176 0
0.229053 0
0.405058 0
0.00507353 0
0.159296 0
0.149523 0
0.361506 0
0.13441 0
-0.0622462 0
0.265431 0
0.167508 0
-0.0774197 0
0.494926 0
-0.0606143 0
-0.0836297 0
0.146401 0
0.416273 0
0.42457 0
0.482588 0
0.583105 0
-0.0686446 0
-0.0813274 0
0.26029 0
0.579229 0
-0.0865549 0
0.0282032 0
0.143882 0
-0.066139 0
0.385939 0
0.478433 0
0.187721 0
0.273515 0
0.33839 0
-0.0468847 0
-0.068458 0
0.188562 0
0.424484 0
-0.00243192 0
0.225508 0
0.743778 0
-0.07853 0
0.136332 0
1.02989 0
0.349884 0
-0.0814489 0
0.201167 0
0.016914 0
-0.076912 0
0.27017 0
0.299964 0
0.428173 0
0.128297 0
0.0655587 0
-0.0654079 0
0.322542 0
-0.115783 0
0.164859 0
0.2035 0
0.308309 0
0.104952 0
-0.067093 0
0.34018 0
0.565938 0
-0.0451822 0
0.700815 0
0.250644 0
0.11422 0
0.124468 0
0.856897 0
0.29712 0
-0.0404397 0
0.216129 0
0.167763 0
0.166332 0
-0.0675484 0
-0.0663757 0
0.0669056 0
-0.0500511 0
0.457111 0
-0.0493923 0
0.308076 0
0.0879953 0
0.0557293 0
0.0999638 0
0.493598 0
0.615511 0
0.26719 0
0.243804 0
0.973783 0
0.168751 0
0.0332873 0
-0.0667787 0
1.07769 0
0.736356 0
0.429621 0
0.385696 0
-0.303601 0
0.0730483 0
0.73142 0
0.552089 0
0.345123 0
0.800857 0
-0.207073 0
0.364314 0
0.15188 0
0.141078 0
-0.0662337 0
-0.0708604 0
0.435681 0
-0.0698033 0
0.672946 0
-0.0702123 0
-0.0858386 0
0.728988 0
-0.00636187 0
0.378858 0
0.0520817 0
1.01432 0
0.130278 0
0.136267 0
0.44114 0
0.331651 0
0.30496 0
0.31033 0
0.120449 0
-0.0596179 0
0.0102832 0
0.119452 0
0.452586 0
0.534503 0
-0.0608665 0
0.632541 0
0.275439 0
-0.0667661 0
0.0669779 0
0.726055 0
0.0264589 0
0.413931 0
-0.121234 0
-0.0703631 0
-0.0366278 0
0.619529 0
0.535155 0
0.641968 0
0.09468 0
-0.0295066 0
-0.0783841 0
-0.121542 0
-0.0646959 0
0.400757 0
-0.0282359 0
0.088629 0
-0.0691325 0
0.0165559 0
-0.0633808 0
-0.079587 0
0.430185 0
0.0381277 0
-0.106996 0
0.182667 0
0.842771 0
0.0155385 0
0.817587 0
0.191106 0
0.0544022 0
0.836174 0
0.139835 0
0.652785 0
-0.128032 0
0.264307 0
-0.0688854 0
0.211954 0
-0.0103227 0
0.278513 0
0.123152 0
0.626102 0
0.128067 0
0.447313 0
0.418043 0
0.434568 0
0.0805399 0
0.311808 0
0.0317708 0
1.00854 0
0.681849 0
0.280565 0
0.288672 0
0.256556 0
0.387451 0
-0.0851114 0
0.427759 0
-0.0596429 0
0.627388 0
0.128971 0
-0.0755313 0
-0.155121 0
-0.0677056 0
0.0754323 0
-0.0633376 0
0.330375 0
0.156619 0
-0.0610371 0
0.0958481 0
-0.0633339 0
-0.0445229 0
0.129503 0
0.143213 0
0.272967 0
0.612389 0
0.201114 0
0.484135 0
-0.0701146 0
0.346369 0
-0.0621323 0
0.375496 0
-0.0342182 0
0.0378012 0
0.339327 0
0.394017 0
-0.0138997 0
-0.067169 0
-0.0622363 0
0.543965 0
-0.0714724 0
0.243428 0
-0.0646124 0
0.281597 0
-0.0650225 0
-0.0636909 0
-0.0627168 0
0.105588 0
0.264669 0
0.0319155 0
-0.0698633 0
-0.0715586 0
0.720294 0
0.0192269 0
-0.0678513 0
0.552686 0
0.182153 0
-0.0624193 0
0.417175 0
0.807545 0
-0.194179 0
-0.0648131 0
0.435972 0
0.273488 0
0.610429 0
0.201112 0
-0.0677584 0
0.0364339 0
-0.0693834 0
0.0769899 0
-0.0667185 0
-0.0616876 0
0.286597 0
0.387998 0
-0.0556904 0
0.551494 0
-0.0570704 0
-0.070536 0
0.0570103 0
0.560492 0
0.171946 0
-0.0497404 0
0.106294 0
0.324252 0
0.0606107 0
0.390554 0
0.62616 0
0.55766 0
0.72352 0
-0.00323409 0
0.0195484 0
-0.0750341 0
0.309482 0
0.300754 0
0.533027 0
0.0515764 0
0.100472 0
-0.0689688 0
0.167776 0
-0.0793451 0
0.0975557 0
-0.0706524 0
-0.123007 0
0.424131 0
-0.131258 0
0.0469123 0
0.102573 0
0.726833 0
0.459482 0
0.418907 0
-0.0698086 0
-0.0419401 0
0.0613823 0
-0.071335 0
0.458655 0
0.241362 0
0.341356 0
0.20413 0
-0.112184 0
0.194422 0
0.350143 0
0.162073 0
0.194149 0
0.118557 0
0.415187 0
0.357381 0
-0.0669436 0
-0.0648354 0
0.55218 0
0.816729 0
0.144557 0
-0.0704758 0
0.492232 0
-0.0721189 0
0.130252 0
0.292637 0
0.408372 0
0.0716743 0
-0.0650216 0
0.00742541 0
0.538573 0
-0.0692596 0
-0.0591287 0
0.264665 0
0.197339 0
-0.064948 0
0.252402 0
0.843324 0
-0.107851 0
-0.0670137 0
-0.0670961 0
-0.0100401 0
0.0381278 0
-0.0604501 0
0.287674 0
0.330274 0
0.225797 0
-0.0744508 0
0.522815 0
0.235869 0
0.71408 0
0.207546 0
0.228289 0
0.333078 0
0.0174374 0
0.329631 0
-0.0637391 0
0.1042 0
-0.0677489 0
-0.0662202 0
0.360354 0
-0.0976818 0
0.969742 0
-0.0668205 0
-0.0669548 0
-0.0747534 0
0.139771 0
-0.0680432 0
-0.0633247 0
0.019395 0
0.523505 0
0.502147 0
0.0582764 0
0.286241 0
-0.0722397 0
0.244845 0
0.0432602 0
0.0721785 0
0.0480533 0
0.0658123 0
-0.0151198 0
-0.0671326 0
0.259067 0
-0.0685825 0
0.792917 0
0.0460251 0
-0.0695712 0
-0.0696661 0
0.357336 0
0.516918 0
0.537139 0
0.0942789 0
-0.0617068 0
0.696359 0
0.00426461 0
0.6227 0
-0.0677931 0
0.888942 0
0.677811 0
0.260683 0
-0.0748177 0
-0.0654316 0
-0.0674348 0
0.862573 0
0.133864 0
0.269503 0
0.78961 0
-0.0266961 0
0.0714517 0
0.0927078 0
0.662092 0
-0.0704339 0
-0.0619148 0
-0.0632081 0
-0.0898446 0
0.321361 0
0.271841 0
0.544391 0
0.34134 0
0.0515243 0
-0.0644997 0
-0.0631895 0
0.248807 0
0.321326 0
0.643467 0
-0.00175073 0
0.350916 0
0.557176 0
-0.0203659 0
0.24064 0
0.0470537 0
-0.0828709 0
0.522016 0
0.204824 0
-0.127664 0
0.191059 0
0.892431 0
-0.0627989 0
0.0729117 0
0.550006 0
-0.0663709 0
0.129521 0
0.617102 0
0.204336 0
0.4681 0
-0.0660909 0
-0.1611 0
0.303661 0
0.357237 0
-0.0625007 0
-0.0684494 0
0.385763 0
0.0873503 0
-0.071388 0
0.154996 0
0.261372 0
-0.0667847 0
0.225197 0
0.0778555 0
0.238705 0
-0.0632803 0
0.00959621 0
0.503496 0
-0.0554742 0
0.183509 0
0.0736636 0
0.400878 0
0.344436 0
-0.0209924 0
0.36943 0
-0.0695688 0
0.185062 0
0.367027 0
-0.232694 0
0.206606 0
0.446972 0
-0.0638514 0
0.0594543 0
0.0505799 0
-0.069062 0
1.11717 0
0.578179 0
-0.0681439 0
0.044847 0
-0.0673146 0
-0.0614999 0
-0.0664871 0
0.518116 0
0.302107 0
-0.0703339 0
0.500921 0
0.0375638 0
0.171421 0
0.0212014 0
-0.0683225 0
0.0563051 0
0.605893 0
-0.066469 0
0.153794 0
0.0934163 0
0.191422 0
0.216343 0
0.421824 0
0.124493 0
0.316186 0
-0.0682111 0
0.343576 0
1.00907 0
0.00937612 0
0.0115017 0
-0.0690781 0
0.58469 0
0.266337 0
1.01569 0
0.403683 0
0.122106 0
-0.0668326 0
0.168395 0
-0.121135 0
-0.0640559 0
-0.0460556 0
0.348533 0
0.0530611 0
0.0527066 0
0.134136 0
-0.0691565 0
-0.0687719 0
-0.0677686 0
0.320195 0
-0.0739615 0
0.256056 0
0.31845 0
-0.0713325 0
-0.0663634 0
0.427451 0
0.209158 0
0.0354783 0
-0.10707 0
-0.0402133 0
-0.0108753 0
0.107221 0
0.631181 0
0.151569 0
0.332803 0
0.642435 0
0.679977 0
-0.0613638 0
0.067898 0
-0.0632823 0
0.824937 0
0.0846182 0
-0.0122807 0
-0.0640192 0
0.68876 0
-0.123148 0
-0.0819436 0
0.831724 0
-0.0687661 0
-0.171034 0
-0.0654869 0
-0.0566225 0
0.16858 0
0.0960889 0
0.356698 0
-0.172482 0
0.281124 0
-0.0632913 0
0.806552 0
-0.0678161 0
-0.0702563 0
-0.0666314 0
-0.074687 0
0.826854 0
0.416316 0
-0.0683912 0
-0.0654315 0
-0.0849798 0
-0.0588625 0
-0.0575752 0
0.46894 0
0.580594 0
0.287951 0
0.0527362 0
-0.0180174 0
-0.0902146 0
-0.100132 0
-0.0761592 0
-0.0618938 0
-0.0176204 0
0.269598 0
0.381783 0
-0.0777956 0
-0.0144027 0
0.576648 0
0.700288 0
0.34733 0
0.0380911 0
-0.0651957 0
-0.0569094 0
0.383656 0
0.984617 0
-0.14408 0
-0.0163958 0
-0.0613209 0
0.346567 0
0.405049 0
0.380583 0
0.281753 0
-0.0573321 0
-0.0708221 0
0.617769 0
-0.0700454 0
0.709975 0
0.26028 0
0.410714 0
0.358279 0
0.699528 0
-0.149622 0
0.365012 0
-0.0664115 0
-0.0261951 0
0.265527 0
-0.064351 0
0.00569949 0
0.281048 0
0.538938 0
0.0614017 0
-0.0654888 0
-0.0562765 0
0.0993896 0
-0.117623 0
0.464372 0
0.234697 0
-0.0693903 0
-0.016504 0
-0.0392108 0
0.301434 0
-0.0695836 0
0.377653 0
0.51141 0
0.355028 0
0.28625 0
-0.0619538 0
0.449673 0
0.140093 0
0.474471 0
0.50321 0
0.454557 0
0.464206 0
0.12448 0
1.92836 0
0.277037 0
0.0102806 0
-0.0151314 0
-0.0270666 0
-0.0482859 0
-0.0344358 0
-0.00916961 0
0.121118 0
1.36379 0
0.0168468 0
2.63241e-05 0
0.00404231 0
-0.0657035 0
0.0117667 0
0.000211057 0
-0.00237614 0
0.659205 0
0.0986731 0
0.0174622 0
0.00678309 0
0.195553 0
0.00019894 0
0.00668303 0
0.108003 0
0.044945 0
0.185316 0
0.238108 0
0.000915954 0
0.191782 0
0.012714 0
-0.00246456 0
0.0457245 0
0.197588 0
-0.00058349 0
-5.84644e-05 0
-0.0130461 0
-0.0267443 0
-0.0378417 0
0.0276841 0
0.0239574 0
-0.000690993 0
0.0364967 0
0.0628541 0
-0.0480512 0
-0.157077 0
-0.0165306 0
-0.146311 0
-0.0182017 0
0.039275 0
0.721138 0
0.313805 0
-0.00696226 0
0.00322202 0
0.167997 0
0.0308546 0
0.0303038 0
-0.0228575 0
0.0393521 0
0.0740887 0
0.127341 0
-0.00618075 0
-0.0383112 0
0.106315 0
0.451418 0
-0.0183485 0
-0.101841 0
0.212618 0
0.00493242 0
0.0710537 0
0.249442 0
0.0134276 0
0.0401675 0
0.168492 0
1.58698e-05 0
0.13288 0
0.240732 0
0.00823218 0
-0.0136387 0
0.0710455 0
0.16625 0
-0.00865596 0
0.728389 0
0.0305239 0
-0.00174315 0
0.267927 0
0.433559 0
0.804488 0
0.285692 0
-0.115701 0
0.143382 0
-0.0177501 0
0.0205348 0
0.146104 0
-0.205598 0
-0.0156139 0
0.207225 0
-0.0651536 0
-0.000355188 0
-0.0971993 0
-0.0127873 0
0.158692 0
0.258144 0
-0.002059 0
0.0483033 0
0.011009 0
-0.0520485 0
-0.0114634 0
-0.0734857 0
-0.0131923 0
-0.0459377 0
0.02421 0
-0.0332809 0
-0.000869146 0
-0.000355931 0
-0.0281697 0
-0.035693 0
0.333081 0
0.141829 0
-0.00126342 0
0.186912 0
-0.00559106 0
-0.0105702 0
0.587428 0
0.0490291 0
-0.00436106 0
-0.00128266 0
-0.00080792 0
0.0657561 0
0.239972 0
-0.0342589 0
0.144699 0
0.19017 0
-0.126902 0
-0.320085 0
-0.0853216 0
0.283845 0
-0.00710253 0
-0.00247693 0
0.0556236 0
0.108214 0
0.000525487 0
0.0309412 0
-0.00722575 0
-0.0407808 0
-0.0120811 0
0.387453 0
-0.131973 0
0.339059 0
-0.033416 0
0.109416 0
0.184947 0
0.17565 0
-0.0233137 0
-0.0227778 0
0.0151861 0
-0.0157142 0
-0.0690685 0
0.244566 0
-0.00810834 0
0.0507998 0
0.12296 0
0.596297 0
0.0600881 0
-0.00648377 0
0.0427338 0
0.541303 0
0.0838192 0
-0.0197474 0
0.0410073 0
-0.0026199 0
-0.0169312 0
0.223968 0
0.205721 0
0.552982 0
-0.101055 0
-0.0729489 0
-0.0935029 0
-0.0471765 0
-0.00743263 0
0.136693 0
0.118209 0
0.0390029 0
0.00628791 0
0.0663765 0
-0.0164574 0
0.310279 0
-0.0199511 0
-0.012889 0
0.00471504 0
0.0488617 0
-0.0560514 0
0.0388111 0
-0.0231308 0
-0.00315893 0
-0.00012659 0
0.458548 0
0.0774941 0
-0.00539899 0
0.705339 0
-0.0546274 0
0.0050604 0
-0.00395512 0
0.221988 0
-0.0128937 0
0.424199 0
-0.00871959 0
-0.0843748 0
0.472252 0
-0.000100218 0
-0.0415525 0
0.0600008 0
0.271916 0
0.327519 0
-0.108083 0
-0.0108722 0
0.0792864 0
-0.0150915 0
-0.0416193 0
0.00382839 0
0.354156 0
0.30524 0
0.087367 0
-0.0149451 0
-0.0143618 0
-0.0546592 0
0.078145 0
0.431804 0
0.0223345 0
-0.0262154 0
-0.124619 0
-0.0364511 0
0.418063 0
-0.0891066 0
0.0771842 0
-0.0139414 0
-0.172492 0
0.071521 0
0.120224 0
0.0342159 0
0.217287 0
0.055093 0
0.567895 0
-0.00201003 0
-0.0279853 0
0.21358 0
-0.0426695 0
0.46148 0
-0.0855657 0
-0.00950951 0
-0.0180445 0
0.341087 0
0.309519 0
0.0389513 0
0.589313 0
0.0198121 0
-0.0265981 0
0.000448464 0
0.0914088 0
-0.0268824 0
-0.136942 0
-0.351803 0
-0.0227053 0
0.0126724 0
0.0581382 0
0.139124 0
-0.000434568 0
-0.0222224 0
-0.0244687 0
0.00683283 0
-0.00127542 0
0.0889113 0
-0.151906 0
-0.015854 0
-0.0182614 0
-0.0630683 0
-0.0500768 0
0.103383 0
0.00683338 0
-0.0216157 0
0.27204 0
0.0141627 0
0.000247343 0
-0.00261742 0
-0.000584112 0
0.0488877 0
-0.000489178 0
0.112176 0
-0.0298221 0
0.0433587 0
0.0775144 0
0.299849 0
-0.0111554 0
-0.0240906 0
0.317308 0
-0.0187952 0
-0.0299452 0
-0.0470487 0
0.0847736 0
-0.0538716 0
-0.0126978 0
0.0723055 0
0.295935 0
-0.00766673 0
-0.0177678 0
-0.0217263 0
-0.00978274 0
0.0164178 0
-0.00194478 0
0.216533 0
-0.0154893 0
0.0897276 0
0.00828692 0
0.526088 0
-0.00199267 0
0.0176377 0
-0.0321388 0
0.0223392 0
-0.00882232 0
0.0301563 0
0.0529884 0
-0.00133988 0
0.0370761 0
-0.00139167 0
-0.0292517 0
0.317666 0
0.285138 0
-1.97517e-05 0
0.251895 0
0.00930244 0
-0.00902523 0
-0.0893708 0
0.429085 0
0.0338169 0
0.0639394 0
-0.0145718 0
-0.0555763 0
-0.0226013 0
0.0266158 0
0.149674 0
-0.0136339 0
0.0991253 0
0.0168808 0
0.259277 0
0.21607 0
-0.051531 0
0.129162 0
0.358134 0
-0.259344 0
0.094228 0
0.0506304 0
0.241138 0
-0.0260265 0
-0.237776 0
0.279861 0
-0.120391 0
-0.1163 0
0.0428756 0
-0.00267145 0
-0.0723619 0
0.011875 0
0.0981507 0
0.194275 0
0.128288 0
0.415225 0
0.0443512 0
-0.0143785 0
0.0432966 0
0.0458371 0
0.490962 0
-0.206898 0
-0.00126061 0
0.401587 0
-0.00409754 0
-0.0589771 0
0.0109106 0
0.00043566 0
0.247778 0
-0.00422519 0
0.472873 0
0.349977 0
-0.0515598 0
0.246311 0
-0.120565 0
-0.0134028 0
0.0559942 0
-0.00253415 0
-0.0406336 0
-0.00057463 0
0.0661094 0
0.0378574 0
0.450634 0
0.0849089 0
0.0815239 0
0.0257795 0
-0.00248069 0
0.157768 0
0.0394033 0
0.000440062 0
0.245016 0
-0.000156099 0
-0.0161385 0
-0.00449541 0
-0.0171204 0
-0.000826466 0
0.0772669 0
-0.0598736 0
0.075578 0
0.000512277 0
0.0097763 0
-0.023336 0
0.079566 0
-0.00288328 0
0.138306 0
-0.0338604 0
0.0990548 0
-0.0623221 0
0.016131 0
-0.212603 0
0.000974578 0
-0.00730549 0
-0.0116214 0
-0.00604434 0
0.111233 0
-0.00229669 0
-0.0149388 0
-0.00113026 0
0.214799 0
0.000456976 0
0.0499422 0
-0.0222228 0
-0.038592 0
0.144674 0
0.0143113 0
-0.0363097 0
0.00031598 0
-0.118741 0
-0.0180159 0
0.0065109 0
0.147133 0
-0.027267 0
0.222219 0
0.00170203 0
-0.00769098 0
-0.0857972 0
0.0390012 0
-0.00241299 0
0.977819 0
0.38555 0
0.000326618 0
-0.0150546 0
0.0409713 0
-0.0651027 0
0.186115 0
-0.0723103 0
0.000914475 0
0.154375 0
-0.00543338 0
0.024867 0
0.000652828 0
0.182479 0
0.146741 0
0.172048 0
0.197355 0
0.277175 0
-0.0461651 0
-0.0903976 0
-0.0655558 0
-0.0107302 0
0.152476 0
0.132113 0
-0.00107275 0
-0.047122 0
-0.0487418 0
-0.0155581 0
0.0410023 0
0.131733 0
0.330054 0
0.104634 0
0.206296 0
0.376702 0
-0.0545354 0
-0.0110891 0
-0.046421 0
-0.000208016 0
-0.000604761 0
0.180394 0
-0.0218797 0
-0.0152323 0
-4.70125e-05 0
0.00637713 0
0.0282729 0
0.0224079 0
-0.0114108 0
0.19678 0
0.391322 0
-0.00432959 0
0.0949189 0
-0.0441332 0
-0.000882289 0
-0.0294773 0
0.0324083 0
-0.0262029 0
0.459427 0
0.197513 0
-0.0280255 0
0.679471 0
-0.00175973 0
0.934668 0
0.162507 0
-0.0107961 0
-2.98905e-06 0
0.182934 0
0.0346405 0
0.143465 0
0.154176 0
-0.0159265 0
-0.0422349 0
-0.0112452 0
0.0430872 0
0.119933 0
-0.00561386 0
0.174608 0
-0.0349225 0
-0.00488258 0
0.148128 0
-0.00198849 0
-0.000299567 0
0.218966 0
0.473138 0
-0.000830801 0
-8.94238e-05 0
-0.000462968 0
0.0283645 0
-0.0515399 0
-0.00318647 0
-0.000396872 0
0.312992 0
-0.0133369 0
0.0568092 0
0.0497732 0
-0.0194808 0
1.43958 0
-0.0151667 0
0.427652 0
0.881666 0
-0.2004 0
0.032411 0
-0.059458 0
-1.38573e-05 0
-0.0436064 0
4.04273e-05 0
0.0432592 0
0.114514 0
-0.00155835 0
0.000222156 0
0.21469 0
-0.248206 0
-0.010296 0
0.0729492 0
1.64902e-07 0
-0.0159321 0
0.361085 0
0.179181 0
-0.0104457 0
-0.0855325 0
-0.148771 0
-0.138061 0
0.36467 0
-0.00428926 0
0.00477766 0
-0.030922 0
0.117282 0
-0.0143544 0
-0.0142341 0
0.180865 0
0.159754 0
-0.124455 0
-0.102327 0
0.000255337 0
-0.00135841 0
-0.00986009 0
0.0900041 0
0.215856 0
-0.00272686 0
-0.0162099 0
0.754204 0
0.255034 0
0.0447612 0
-0.000801921 0
0.0421774 0
-0.172221 0
-0.00734654 0
0.292641 0
0.0365855 0
0.0267742 0
0.457117 0
0.0246772 0
0.110297 0
0.0689579 0
0.0512655 0
0.0186575 0
0.0411753 0
0.424404 0
0.00939608 0
-0.00159437 0
0.0472673 0
-0.0305022 0
0.00254969 0
0.155572 0
0.0494067 0
0.513062 0
-0.0717967 0
-0.00022922 0
1.3581 0
-0.19191 0
0.341147 0
-0.0082858 0
0.000673279 0
0.0982085 0
0.15039 0
-5.74854e-05 0
0.184376 0
0.287521 0
-0.000192496 0
0.000400666 0
-0.153374 0
0.0097386 0
-0.00989477 0
0.0969498 0
0.167851 0
0.699217 0
0.315276 0
0.184511 0
-0.00726041 0
-0.0629433 0
0.142353 0
-0.0823703 0
0.000474052 0
0.0572728 0
0.132244 0
0.320641 0
0.142066 0
-0.08895 0
-0.0334184 0
0.139106 0
-0.0139823 0
-0.00170126 0
0.232867 0
-0.207179 0
0.000577573 0
-0.177304 0
-0.00787257 0
2.57195e-05 0
-0.0119018 0
-0.0326181 0
0.0136522 0
0.00514044 0
0.311099 0
0.0931928 0
-0.0667713 0
0.0811176 0
-0.00227923 0
0.367176 0
-0.00287237 0
-0.00548571 0
-0.029337 0
0.542061 0
0.219499 0
-0.0899993 0
-0.0252404 0
-0.220752 0
0.324514 0
-0.0023858 0
-0.0762328 0
-0.0216666 0
0.0342771 0
0.31469 0
-0.00235908 0
-0.0195308 0
0.130775 0
0.00103259 0
-0.0247179 0
0.0643667 0
0.455594 0
0.144302 0
1.14587 0
-0.0599617 0
0.117981 0
-0.0979792 0
0.0348374 0
0.2433 0
0.0435792 0
-0.021205 0
-0.00686253 0
0.146539 0
-0.0101019 0
-0.00554792 0
-0.00935101 0
0.223904 0
0.065426 0
-0.00648346 0
-0.135185 0
0.0392546 0
0.220593 0
0.539235 0
0.374117 0
0.399652 0
0.0539446 0
-0.0183961 0
0.22074 0
0.0253689 0
0.0795636 0
-0.00113223 0
0.000234872 0
0.00912369 0
-0.00477885 0
-0.0733406 0
-0.0143638 0
0.132285 0
-0.0269811 0
-0.0206693 0
0.0487794 0
0.0206636 0
-0.0141052 0
-0.00264189 0
1.32941 0
-0.00144719 0
-0.0295925 0
0.0394233 0
0.0782267 0
-0.0346469 0
0.199526 0
-0.0265988 0
-0.00335229 0
-0.0152205 0
-0.00383355 0
-0.000135867 0
0.323716 0
0.000704862 0
-0.0427219 0
-0.0177619 0
-0.00668704 0
-0.00348126 0
0.206601 0
0.206373 0
0.0775805 0
-0.033371 0
-0.0213188 0
-0.145412 0
-0.0158452 0
0.205913 0
0.605705 0
1.02769 0
-0.00151232 0
0.000159025 0
0.0102247 0
0.0474774 0
-0.069644 0
-0.00847896 0
0.493708 0
-0.0786011 0
-0.0171808 0
-0.216819 0
0.253528 0
-0.00345487 0
-0.0118643 0
0.136197 0
-0.00626716 0
0.427474 0
0.504279 0
-0.00016505 0
0.0479262 0
-0.00624822 0
0.283282 0
0.093687 0
0.213568 0
-0.0288606 0
-0.109417 0
-0.00288801 0
0.0237975 0
0.0553376 0
-0.0114815 0
-0.16057 0
-0.0426934 0
0.0871883 0
-0.00683688 0
0.00910352 0
0.547293 0
0.18496 0
-0.0140653 0
0.0513311 0
0.0486623 0
-0.0182382 0
0.170566 0
0.0206461 0
0.370591 0
-0.0499841 0
0.181772 0
0.0245371 0
0.169304 0
-0.00269445 0
0.345461 0
-0.0371806 0
0.0267348 0
-0.000605213 0
0.0356061 0
-0.0141198 0
-0.122938 0
-0.0225692 0
-0.00147641 0
-0.0225394 0
0.0207872 0
-0.131824 0
-0.0258794 0
-0.00763168 0
0.109159 0
-0.0464351 0
5.21541e-08 0
0.0134525 0
0.00636885 0
-0.255288 0
-0.219828 0
-0.212726 0
-4.09782e-08 0
0.00538662 0
0.14593 0
-0.00295247 0
-0.00247914 0
-0.00172097 0
-0.37341 0
0.0145594 0
0.128848 0
-0.00941469 0
-2.32831e-08 0
7.91624e-09 0
0.00302105 0
-0.422116 0
0.00143268 0
-0.200745 0
-0.00163905 0
-0.0738443 0
0.00821008 0
0.0286709 0
-0.0420449 0
-0.00591902 0
-0.294052 0
0.168833 0
-0.00120936 0
-0.0962073 0
0.127311 0
-0.00560688 0
-0.00172405 0
-0.000999929 0
-0.0925363 0
-0.272805 0
-0.219713 0
-0.00820298 0
-0.26438 0
-0.00312225 0
-0.262094 0
0.0347778 0
0.0613629 0
0.258231 0
0.00991239 0
-0.351882 0
-0.227026 0
0.118547 0
0.0396049 0
-9.31323e-10 0
-2.09548e-09 0
-0.118068 0
-0.0401697 0
-0.284589 0
-0.0782744 0
0.116117 0
0.119278 0
-0.15453 0
-0.0055091 0
0.000851763 0
-0.382964 0
-0.0270372 0
0.0113965 0
-0.176178 0
-0.0707105 0
-0.209764 0
0.148265 0
-0.0818695 0
-0.00309308 0
0.225951 0
0.110978 0
-0.0184885 0
-0.0015462 0
-0.26908 0
-0.0688527 0
-0.0666138 0
-0.293448 0
0.221098 0
0.113397 0
-0.00358995 0
0.00129237 0
-0.19124 0
3.25963e-09 0
-0.144618 0
-0.0487241 0
1.86265e-09 0
-0.0809163 0
-0.0735891 0
0.00309645 0
-0.0653811 0
-0.183265 0
0.101355 0
0.194394 0
-0.120289 0
0.0831867 0
0.0777908 0
-0.00131923 0
0.222746 0
0.00523587 0
-0.0608069 0
-0.0139072 0
-0.00283903 0
0.197151 0
-0.220097 0
-0.300169 0
-0.0544566 0
-0.0412427 0
-0.312283 0
-0.219746 0
-0.114775 0
0.123164 0
-0.201487 0
2.98023e-08 0
-0.229106 0
-0.0700739 0
-0.0643214 0
0.0334348 0
-0.215676 0
0.221588 0
0.0397313 0
-0.17736 0
0.103585 0
-0.246444 0
-0.144291 0
-0.000453792 0
-0.00461194 0
0.182432 0
0.0203061 0
-0.0412285 0
-0.124044 0
-0.0790947 0
-0.149176 0
0.22217 0
-0.0496994 0
0.0139891 0
-0.0389047 0
-0.00234534 0
-0.323656 0
0.118081 0
-0.00843841 0
-0.143247 0
3.00352e-08 0
0.053853 0
-0.00139784 0
-0.075632 0
-0.0834168 0
-0.0173301 0
-0.0230624 0
-0.0666063 0
0.136125 0
-0.119999 0
0.0476287 0
-0.304546 0
-0.0301023 0
0.00674908 0
0.0432859 0
0.0812061 0
-7.21775e-09 0
0.00542938 0
-0.224609 0
0.0379086 0
0.00214296 0
-0.253407 0
-0.120474 0
0.0174328 0
-0.156228 0
-0.0361018 0
0.0360427 0
-0.0873222 0
-0.0460481 0
0.0170014 0
-0.192818 0
0.0690287 0
-0.205625 0
0.273867 0
0.0601575 0
-0.0811263 0
-0.0573842 0
-0.158077 0
-0.0529713 0
0.170722 0
0.00565527 0
0.0556818 0
-0.177846 0
0.0794361 0
-0.157203 0
-0.000226844 0
2.6077e-08 0
0.211702 0
-0.265662 0
-0.336978 0
-0.175271 0
0.109948 0
-2.23517e-08 0
-0.00437226 0
0.0300715 0
-0.24842 0
-0.0144377 0
0.212084 0
-0.0363372 0
-0.00188423 0
-0.134594 0
-0.0980963 0
0.19028 0
-0.113076 0
-0.308444 0
-0.0200465 0
-0.0011806 0
-0.0760497 0
-0.169735 0
0.017405 0
-0.225729 0
0.0842861 0
-3.23635e-08 0
-0.121068 0
0.168162 0
-0.399358 0
-9.77889e-09 0
-0.0914595 0
-0.0400048 0
0.180634 0
-0.00981812 0
-0.0317367 0
-0.26173 0
0.00134346 0
-0.0316336 0
-0.000351542 0
-0.209561 0
-0.0220426 0
0.245359 0
0.0340375 0
0.117946 0
-0.127765 0
-0.00145058 0
0.254196 0
0.0883132 0
-0.0715797 0
-0.319289 0
-0.052038 0
-0.339732 0
0.0202907 0
-0.224972 0
0.0136304 0
9.77889e-09 0
-0.0473982 0
-0.023505 0
0.215769 0
-0.000626622 0
-0.00038156 0
-0.106241 0
0.0264082 0
0.0973935 0
6.98492e-10 0
-0.161257 0
-0.158305 0
-0.241956 0
-0.0018 0
-0.0613723 0
0.279573 0
0.048835 0
-0.217829 0
0.109562 0
0.25918 0
-0.122471 0
-0.0035553 0
-0.0742787 0
-0.383909 0
-0.115663 0
-0.374777 0
0.0272956 0
-0.186484 0
-0.0591227 0
-0.223107 0
-0.0459546 0
-0.0582163 0
0.118832 0
0.236423 0
0.346575 0
-0.0216537 0
-9.0804e-09 0
0.00244776 0
-0.136073 0
0.00180297 0
-0.205733 0
0.00125242 0
3.25963e-08 0
-0.0437287 0
-0.240802 0
-0.145018 0
0.0196214 0
-0.147714 0
0.0279474 0
-0.0746809 0
-0.0509444 0
0.26397 0
-0.361128 0
-0.272418 0
-0.0484119 0
0.00105804 0
0.127109 0
-0.203725 0
-0.14376 0
-0.0330137 0
8.3819e-09 0
-0.0131389 0
0.10879 0
-0.0021827 0
-0.274689 0
-0.147158 0
0.0716859 0
-0.0498108 0
-0.0422757 0
-2.468e-08 0
-0.0496926 0
-0.15147 0
0.273855 0
-0.0796368 0
-0.187574 0
0.0843906 0
8.3819e-09 0
0.082499 0
-0.00367183 0
-0.342805 0
0.0252582 0
-0.0507096 0
-0.000485394 0
-0.100563 0
-2.32831e-08 0
3.25963e-09 0
0.233184 0
0.0643304 0
0.0190567 0
0.194897 0
0.136003 0
-0.104834 0
0.0767581 0
-0.181045 0
0.0544783 0
-0.0523444 0
-0.0707627 0
0.0969709 0
0.031095 0
-0.055465 0
0.0800301 0
-0.109791 0
0.0311166 0
0.145454 0
0.0710375 0
-0.197253 0
-0.0722973 0
-0.0346505 0
0.0473315 0
0.0854226 0
-0.117064 0
0.220701 0
-0.0902114 0
-0.177616 0
-0.162209 0
-0.179981 0
-0.0609197 0
-0.0621679 0
-0.292867 0
0.00878405 0
-0.315453 0
0.00014923 0
-0.387705 0
-0.100901 0
-0.0135608 0
-0.0241382 0
-0.00163333 0
-0.198221 0
-0.00108862 0
-0.11675 0
0.0607843 0
0.128763 0
0.189251 0
-0.00173851 0
-0.0155974 0
0.0389251 0
-0.342085 0
-0.177373 0
0.0189493 0
-0.0629323 0
-0.103414 0
-0.000357435 0
-0.121404 0
-0.00103468 0
-0.030044 0
-0.0327113 0
0.154819 0
-0.421504 0
0.023109 0
-0.0278188 0
-0.00154946 0
-0.0737565 0
-0.0140899 0
-0.00486043 0
0.278953 0
-0.00353508 0
-0.262904 0
-0.00286523 0
-0.00153508 0
-0.00185651 0
-0.0161331 0
-0.20262 0
0.117221 0
-0.0013874 0
0.00488806 0
-0.140219 0
-0.014487 0
-4.52013e-05 0
-0.00670879 0
-0.367672 0
-0.0059615 0
0.219246 0
-0.182848 0
0.0959571 0
1.39698e-08 0
-0.214142 0
-0.272098 0
-0.148336 0
0.157407 0
-0.00257367 0
-0.0997419 0
-0.00171645 0
-0.0293882 0
-0.00153508 0
0.140645 0
-0.122317 0
-0.353769 0
0.166862 0
-0.288713 0
8.83066e-05 0
-0.000540355 0
0.090763 0
-0.0522001 0
-0.189221 0
0.00587761 0
-0.116074 0
0.05973 0
-0.00751322 0
-0.268179 0
-0.0187191 0
-0.152895 0
0.0626958 0
-3.0268e-08 0
0.0783449 0
-0.00151003 0
0.0483695 0
0.288563 0
-0.00353608 0
-0.0453526 0
-0.185661 0
2.32831e-08 0
-0.00512342 0
-0.00179587 0
-0.32274 0
-0.000504597 0
0.128728 0
-0.192708 0
0.0290627 0
0.0368085 0
-0.0184623 0
-0.287773 0
-0.0163196 0
-0.309958 0
0.00709194 0
-0.162014 0
0.159115 0
-0.00444625 0
-0.0658544 0
0.1201 0
0.0135231 0
-0.504783 0
0.146842 0
-0.0243928 0
0.105417 0
-0.00599066 0
0.133604 0
-0.216248 0
0.367708 0
-0.197351 0
-0.00264399 0
-0.00334056 0
0.0949958 0
-0.175995 0
-0.196881 0
3.95812e-08 0
0.411272 0
-1.18744e-08 0
0.191077 0
-0.138266 0
0.193222 0
-0.0880212 0
-0.00230942 0
0.0412293 0
-0.282782 0
-0.00204871 0
-0.000426912 0
-0.208113 0
-0.245627 0
0.00223766 0
-0.100049 0
-0.168022 0
0.00331305 0
-0.00247939 0
-0.00924373 0
-0.069178 0
0.0985225 0
0.00294818 0
-0.0486603 0
0.145447 0
-0.0205488 0
-0.00402469 0
0.263046 0
-0.0500016 0
-0.128854 0
-0.336638 0
-0.0165533 0
-0.273651 0
0.0498176 0
-0.129805 0
-1.21072e-08 0
0.212949 0
-0.00173143 0
-0.00311487 0
0.0348155 0
0.10723 0
-0.0158396 0
-0.0026672 0
-0.00201912 0
-0.0120855 0
-0.390764 0
0.000692518 0
-0.0017511 0
0.0476401 0
-0.260697 0
-0.050727 0
-0.0402591 0
-0.154061 0
-2.02563e-08 0
-0.245867 0
-0.122836 0
-0.0039847 0
0.223801 0
-0.0663514 0
-0.0383018 0
-0.00218546 0
-0.342678 0
-0.00256988 0
-0.0167294 0
-0.142964 0
-2.98023e-08 0
-9.04715e-05 0
-0.234422 0
0.00194308 0
-0.00314498 0
-0.129216 0
-0.000455248 0
-0.211923 0
-0.00205766 0
0.00292655 0
0.00593798 0
-0.0311847 0
0.101592 0
0.0199029 0
-1.62981e-08 0
-0.00143827 0
0.00344513 0
0.033074 0
0.0161345 0
-0.318113 0
-0.187951 0
0.0126173 0
-0.134544 0
0.0886557 0
-0.264009 0
-0.00704635 0
-0.001067 0
2.98023e-08 0
0.0646654 0
0.131329 0
8.83071e-05 0
-0.11357 0
-0.00211918 0
0.144491 0
-0.00259197 0
-0.0020989 0
-0.12673 0
-0.208718 0
-0.244458 0
-0.00480471 0
-0.21492 0
0.15501 0
0.075391 0
-0.0346961 0
0.0815948 0
-0.0191571 0
-0.0762571 0
0.325542 0
0.215926 0
-0.171314 0
-0.165158 0
-0.00231772 0
-0.172994 0
-0.0248071 0
0.00504389 0
-0.113127 0
0.0873903 0
0.0682818 0
0.238023 0
0.00134657 0
2.23517e-08 0
-0.401823 0
0.0783331 0
0.00105997 0
-0.00173016 0
0.14138 0
-0.172664 0
-0.00351236 0
0.0405662 0
-0.0702027 0
-0.00209462 0
0.261354 0
0.225207 0
-0.216579 0
0.00418971 0
0.00793361 0
0.175967 0
0.023627 0
-0.14796 0
0.131668 0
0.0199411 0
-0.307134 0
0.0197666 0
-0.0851735 0
0.000592575 0
-0.174106 0
0.057205 0
-0.142168 0
0.168384 0
-0.248005 0
2.56114e-09 0
0.0989762 0
-0.140996 0
0.00540235 0
0.105216 0
0.0442479 0
-0.00124355 0
0.0880424 0
5.10905e-05 0
-0.000146312 0
-1.53668e-08 0
-0.253303 0
-0.0672297 0
0.00148057 0
0.043348 0
0.151535 0
-0.162262 0
0.196205 0
0.00108498 0
-0.0234527 0
-0.156823 0
0.000207554 0
-0.0157457 0
-0.0683501 0
0.0103106 0
-0.36787 0
-0.0331185 0
0.278835 0
-0.122368 0
-0.00237757 0
-0.100255 0
0.0875385 0
-0.217349 0
-0.0112357 0
-0.00100928 0
-0.192081 0
0.236447 0
-0.410483 0
-0.262563 0
-0.0453751 0
-0.0118016 0
-0.0295081 0
-1.28057e-08 0
2.32831e-09 0
-0.0909901 0
-0.0134524 0
0.105864 0
-0.15282 0
-0.0081627 0
-1.04774e-08 0
-0.00107991 0
0.00928794 0
-0.223717 0
-0.00612543 0
0.0827997 0
0.279531 0
-7.91624e-08 0
-0.000978338 0
-0.0324153 0
-0.0453429 0
-0.125938 0
0.0510529 0
-0.00876842 0
0.00918224 0
-0.0790227 0
-0.296498 0
0.0158127 0
0.496592 0
-0.0953113 0
0.141405 0
-0.000139292 0
-0.0784247 0
-0.000299654 0
-0.0136715 0
-0.244226 0
-0.0144831 0
-0.00135634 0
0.0226252 0
0.123632 0
0.224748 0
-0.183193 0
-0.000666104 0
7.45058e-09 0
-0.0022551 0
-0.0004346 0
-0.167971 0
-0.042125 0
-0.117731 0
0.0172096 0
-0.0586719 0
-0.00271247 0
-0.105929 0
2.32733e-05 0
-4.65661e-10 0
-0.160923 0
-0.00190219 0
0.185699 0
-0.113131 0
-9.31323e-10 0
-1.21072e-08 0
-0.0404444 0
-0.00708922 0
0.076115 0
0.0367595 0
0.0877339 0
0.189648 0
-0.0594278 0
-0.135044 0
-0.0376637 0
-0.0273387 0
-0.00150446 0
-0.000557862 0
-0.209518 0
0.168321 0
-0.153827 0
-0.00254908 0
-0.0639761 0
-0.519849 0
-0.0738866 0
-0.0358097 0
0.0967493 0
-0.0032102 0
0.000797886 0
0.0706239 0
-0.246924 0
0.0762471 0
0.0386791 0
-8.61266e-05 0
-0.109033 0
-0.113189 0
-0.0185128 0
-0.152867 0
0.0054535 0
0.0014629 0
0.055062 0
-0.00181862 0
-0.247378 0
0.225829 0
0.0926991 0
-0.0202171 0
0.0765256 0
0.00549915 0
-0.19031 0
0.00386642 0
0.0445809 0
0.181861 0
-0.0019192 0
0.00474671 0
-0.201995 0
0.00112208 0
0.0209628 0
0.00931597 0
-0.111815 0
-0.281139 0
-0.06928 0
0.0474189 0
-0.215467 0
-0.000911905 0
0.102517 0
0.0183529 0
0.145909 0
-0.000977872 0
0.105509 0
-0.112292 0
-0.191554 0
-0.289467 0
-0.000853545 0
0.0619925 0
0.00979016 0
0.233288 0
0.0183841 0
-0.289346 0
0.260839 0
-0.202772 0
5.47152e-09 0
-0.200275 0
-0.000901669 0
-0.0852782 0
-0.077972 0
0.0284771 0
-6.0827e-09 0
-0.00910412 0
0.129442 0
0.0509261 0
0.00596567 0
0.000233893 0
0.050591 0
-0.0941112 0
-0.162744 0
-2.49502e-05 0
2.61934e-10 0
0.0608604 0
0.120102 0
0.131881 0
0.000344027 0
-0.102239 0
8.53264e-05 0
0.0663792 0
0.0132425 0
0.0843782 0
-0.223717 0
0.0316544 0
-0.156828 0
-0.00458604 0
-0.0160013 0
-0.164197 0
-0.00789567 0
0.140098 0
-0.00106565 0
0.000298061 0
-0.066103 0
0.125641 0
-0.0137009 0
0.00219589 0
0.144901 0
-0.000804582 0
0.230302 0
-0.300231 0
0.00407137 0
-0.00763405 0
0.00983513 0
-0.0727506 0
0.0919497 0
0.0979314 0
0.0425294 0
-2.20098e-10 0
7.48858e-05 0
0.0658054 0
0.0780647 0
0.0318592 0
-0.0267347 0
-0.0142802 0
0.0375089 0
-0.00861864 0
0.00452903 0
0.00112997 0
0.0682559 0
-0.251068 0
0.0265072 0
0.0151037 0
0.156517 0
0.219818 0
-0.0958737 0
0.049685 0
0.098349 0
0.131272 0
0.0131356 0
-0.0542042 0
-8.37233e-05 0
0.344816 0
0.234316 0
0.01275 0
0.00626402 0
-0.0983935 0
0.204223 0
-0.00614545 0
0.0379898 0
0.167231 0
2.91038e-11 0
0.253216 0
-0.0779854 0
2.91038e-10 0
0.0317402 0
-0.123938 0
-0.0418879 0
-0.0443633 0
0.138933 0
-0.0897417 0
-0.167249 0
0.0420188 0
0.204845 0
-0.0243285 0
-0.000241204 0
0.0432641 0
0.00225989 0
0.0274267 0
-0.159457 0
-0.000509947 0
0.145604 0
-0.0827054 0
0.0664503 0
0.0150504 0
-0.0880525 0
-0.00547444 0
0.0710056 0
0.0426541 0
-0.23683 0
0.0469124 0
-0.00155315 0
-0.0156105 0
0.119021 0
0.259022 0
-0.138994 0
-0.125759 0
0.13903 0
0.0371648 0
0.0438773 0
0.100124 0
0.092695 0
-0.0659624 0
-0.000747663 0
-0.00162212 0
-0.0785809 0
-0.322327 0
-0.22983 0
-0.11003 0
-0.0608487 0
-0.117299 0
0.145542 0
-0.0291524 0
0.0365645 0
-0.0463688 0
-0.00242628 0
0.149726 0
0.00181251 0
-0.00338828 0
0.0606078 0
-2.72848e-10 0
-0.00306525 0
-0.00288537 0
0.217787 0
-0.15532 0
-0.0324333 0
-0.00574821 0
0.120908 0
-0.167963 0
-0.108795 0
0.0421732 0
0.0912143 0
-0.0420059 0
-0.0239628 0
0.1155 0
-0.0554147 0
-0.00375384 0
0.00273878 0
-0.107601 0
0.254545 0
0.0202568 0
-0.0090068 0
-0.0018312 0
0.0706287 0
0.0586783 0
0.0145324 0
0.025877 0
0.0351852 0
-0.00654182 0
0.018885 0
0.164853 0
0.0556555 0
0.0886608 0
0.0802104 0
0.0465519 0
0.122762 0
-0.0500905 0
0.160565 0
0.193429 0
-0.0776925 0
-0.000966653 0
0.0126315 0
-0.0917807 0
-0.0770222 0
-0.00938208 0
-0.00048333 0
0.00231329 0
-0.0789372 0
0.0567617 0
0.135875 0
0.0746628 0
-0.00536869 0
2.91038e-10 0
0.0394987 0
0.0773179 0
0.0268433 0
0.0261034 0
0.0628234 0
-0.143223 0
-0.000778052 0
0.273029 0
-0.054448 0
-0.0106957 0
0.34879 0
0.149214 0
-0.0574679 0
-0.000402659 0
-0.00100282 0
0.173556 0
-0.0843007 0
0.411584 0
-0.260836 0
-0.0161069 0
0.120387 0
0.0056406 0
-0.0021754 0
0.0217221 0
-0.170441 0
-0.11689 0
0.100702 0
-0.00770853 0
0.0107891 0
0.0474454 0
0.0891098 0
0.144295 0
0.00120569 0
0.00325475 0
0.083225 0
-0.00329028 0
0.0720778 0
0.00320909 0
0.0322501 0
-0.00113691 0
-0.221017 0
-0.0585717 0
0.0752097 0
0.040731 0
0.306962 0
-0.125466 0
0.153749 0
-0.0132985 0
-0.338734 0
0.059139 0
-0.0305915 0
0.158656 0
0.00477843 0
-0.00250584 0
-0.0055681 0
-0.265241 0
0.0303761 0
0.048533 0
1.01863e-10 0
0.00717644 0
0.0091696 0
0.103855 0
-0.261252 0
0.00440165 0
0.0508332 0
-0.195222 0
-0.00345811 0
-0.203677 0
0.0505409 0
0.12647 0
-0.00130487 0
-0.0570962 0
-0.0633515 0
0.0692151 0
-0.103008 0
0.053087 0
-0.111633 0
-0.0392326 0
-0.0103593 0
0.0684422 0
-0.0469915 0
-0.0514242 0
-0.00885184 0
0.0040841 0
0.158274 0
5.87897e-09 0
-0.00619341 0
-0.019942 0
-0.00226296 0
0.0761614 0
0.000317493 0
-3.60887e-09 0
-0.0354793 0
0.0612318 0
0.120862 0
-0.113089 0
0.00382913 0
-0.0371491 0
0.178168 0
-0.0137485 0
0.040137 0
0.12492 0
0.0876127 0
0.0588656 0
-0.00330582 0
0.0319059 0
-0.187394 0
-0.0274152 0
-0.0271132 0
-1.86992e-09 0
0.0230945 0
-0.111921 0
-0.00173711 0
0.0373041 0
0.00743995 0
-0.0910237 0
0.166574 0
-0.364059 0
-1.16415e-09 0
0.0772958 0
0.0553434 0
-0.129731 0
0.00911597 0
0.0160455 0
0.0254191 0
-0.00264105 0
0.0107157 0
-0.000967587 0
-0.0224017 0
-0.00240868 0
-0.158316 0
-8.84835e-05 0
-0.0389368 0
1.45519e-10 0
-0.00633843 0
-0.248686 0
0.0404981 0
0.0786096 0
0.178982 0
0.031178 0
-0.0471752 0
-0.010644 0
0.258623 0
-0.119158 0
0.0169628 0
-0.0152853 0
0.144385 0
-0.029018 0
-0.181715 0
-0.0367073 0
0.0794214 0
-0.0176017 0
0.11993 0
-0.0733702 0
-0.209749 0
0.203022 0
-0.0271205 0
-0.079919 0
0.240128 0
-0.072993 0
-0.0739345 0
0.0043376 0
-0.0881751 0
0.0484076 0
0.341985 0
0.206198 0
0.12231 0
0.264745 0
0.0244548 0
0.0163297 0
0.00120069 0
0.0426961 0
0.208365 0
0.0269211 0
0.119621 0
-0.000119767 0
-0.179357 0
-0.000311173 0
-0.143238 0
-0.149563 0
0.0570583 0
-0.0157089 0
-0.000355884 0
0.00569464 0
0.331967 0
0.025509 0
-0.0322452 0
-0.176675 0
-0.0610539 0
0.195362 0
-0.00206495 0
0.0261145 0
-0.000506148 0
-0.109132 0
-0.102401 0
0.101235 0
0.25952 0
-0.440618 0
-0.0481072 0
-0.00169286 0
-0.00224019 0
-0.113427 0
-0.0009493 0
-0.254504 0
-0.000532165 0
0.0982847 0
-0.0016151 0
-0.00309711 0
-0.00071361 0
0.0910611 0
0.00821351 0
0.0288734 0
0.000441163 0
0.00819306 0
-0.0792703 0
0.0319541 0
-0.00175921 0
-0.115941 0
0.039083 0
0.026278 0
-0.0117287 0
0.0802744 0
-0.172935 0
1.16415e-09 0
0.0191511 0
0.189777 0
0.0278263 0
0.0996089 0
-0.00123685 0
0.00456143 0
-0.0016967 0
0.101862 0
-0.0017038 0
-0.00198509 0
0.0107486 0
0.038915 0
-0.0208103 0
-0.0991963 0
0.00222465 0
-0.00146413 0
-0.0572935 0
-0.0455052 0
-0.06469 0
0.0400244 0
-0.141637 0
-0.0428601 0
0.149915 0
0.0287226 0
-0.0191904 0
0.102711 0
-0.0161775 0
0.1021 0
-0.116229 0
-0.000265028 0
0.00422617 0
0.129742 0
-0.0230096 0
0.231503 0
-0.0122236 0
-9.31323e-10 0
0.10728 0
-0.00620942 0
0.156194 0
-0.0011919 0
0.163008 0
0.311323 0
0.0178408 0
-0.0560956 0
0.00450558 0
0.123433 0
-0.0408176 0
0.0390462 0
-0.00979103 0
0.476786 0
0.0455346 0
-0.00232447 0
-0.0486143 0
-0.133769 0
-0.0283332 0
0.0999341 0
0.164882 0
-0.0969233 0
-0.0840576 0
0.133205 0
-0.158057 0
-0.131627 0
-0.061438 0
0.116921 0
-0.000552484 0
-0.000874737 0
0.173583 0
-0.0369329 0
0.00620555 0
-0.00115689 0
0.107574 0
0.00188349 0
-0.0739025 0
0.0219564 0
0.0859367 0
0.186734 0
-0.00102954 0
0.0148344 0
0.151752 0
-0.00167957 0
0.0017548 0
0.0760033 0
0.100728 0
0.0401093 0
-0.152739 0
-0.0111587 0
0.0459019 0
-0.00192186 0
0.0577391 0
-0.0557436 0
-0.0668544 0
0.00195591 0
-0.129783 0
0.160245 0
0.0973819 0
-0.00625102 0
-0.147632 0
-0.0140212 0
-0.0212636 0
0.361786 0
-0.0692408 0
0.0395861 0
-0.102561 0
-0.0201259 0
-7.85803e-10 0
0.115603 0
-0.00166902 0
-0.000512313 0
0.15331 0
0.181252 0
-0.154992 0
-0.00025863 0
-0.000485979 0
0.0105033 0
-0.0899739 0
0.000837931 0
-0.000519757 0
-0.0580514 0
-0.000236501 0
0.184339 0
-0.159836 0
-0.0339722 0
0.0260906 0
0.255749 0
0.172764 0
0.292018 0
-0.0416782 0
0.0764583 0
0.0775714 0
-0.000290555 0
-0.0102049 0
-0.00082582 0
-0.237194 0
0.0663447 0
-0.00131866 0
-0.00106669 0
-0.29817 0
-0.106845 0
0.00483521 0
0.0359954 0
-1.64226e-05 0
-0.00109977 0
-0.138416 0
-0.279548 0
-0.00657759 0
-0.0585856 0
-0.0526418 0
-0.309979 0
0.0476269 0
-0.000554031 0
-0.0040248 0
-0.0358208 0
0.0529597 0
-0.0130794 0
-0.00325765 0
-0.0161656 0
0.0544153 0
0.0420389 0
-0.00568909 0
-0.00276364 0
-0.000343678 0
9.81345e-10 0
-0.0247745 0
-0.0347596 0
-0.002726 0
0.00723762 0
0.301911 0
-0.0816115 0
0.00318342 0
-0.000765322 0
0.071369 0
-0.0341161 0
0.155692 0
0.00628817 0
0.0438665 0
0.0309159 0
0.299024 0
0.108942 0
-0.148463 0
0.0268451 0
-0.0291854 0
-0.0191433 0
0.0442445 0
-0.00441015 0
-0.0851148 0
-0.000854789 0
0.00759148 0
0.0393712 0
-0.00204961 0
0.0533045 0
-0.0485303 0
0.251559 0
-0.163196 0
0.000547536 0
-6.17001e-09 0
0.115627 0
-0.327649 0
0.000870966 0
-7.67886e-05 0
-0.207245 0
-0.122347 0
-0.00164545 0
0.0514454 0
0.181334 0
-0.000336387 0
0.0828947 0
-0.228935 0
0.0292859 0
-0.00357658 0
0.0227917 0
-0.177539 0
0.0623894 0
0.268674 0
0.212445 0
0.0643929 0
0.0251942 0
-0.0400677 0
-0.118653 0
0.000217457 0
0.188171 0
0.0259237 0
0.00100817 0
0.0921552 0
0.000180848 0
-0.00503161 0
0.112241 0
0.0446824 0
-0.00440212 0
-0.195395 0
-0.0963107 0
-0.000395283 0
-0.124144 0
-0.000104917 0
3.99804e-05 0
-5.78439e-10 0
0.157424 0
-0.00191172 0
-0.00593292 0
0.230679 0
0.0616711 0
0.0165406 0
-0.0794239 0
-0.00142686 0
-0.112814 0
-0.0180782 0
-0.0037774 0
0.119633 0
0.1857 0
-0.140748 0
0.221592 0
-0.0494521 0
0.114045 0
0.339339 0
-0.000763487 0
0.131475 0
-0.0100438 0
0.0163766 0
-0.33762 0
-0.00185151 0
0.000325674 0
0.0139946 0
-0.0902408 0
-0.0416481 0
-0.00801106 0
0.166783 0
0.160521 0
0.071396 0
0.000193321 0
0.0966673 0
-0.0403875 0
-0.035429 0
-0.200051 0
-0.139152 0
-0.00536238 0
-0.00100142 0
0.0190617 0
-0.0135364 0
-0.00521316 0
0.0150792 0
0.145846 0
5.82077e-10 0
0.000168852 0
-0.117409 0
-0.068768 0
-0.0562521 0
0.103761 0
-0.0403941 0
0.142605 0
-0.0538693 0
-0.0207087 0
-0.137269 0
-0.110443 0
0.0636557 0
-0.0140355 0
0.000251381 0
-0.087455 0
0.0010822 0
-0.0474922 0
-0.152843 0
-0.134367 0
-0.00439179 0
0.00283304 0
-0.00210651 0
-0.0457913 0
-0.00913535 0
-0.00153916 0
8.84756e-09 0
-0.00113663 0
-0.000433635 0
0.133154 0
0.102096 0
-0.125047 0
0.0453495 0
0.0372816 0
-0.0011805 0
0.04223 0
-0.00116862 0
4.65661e-10 0
0.0767866 0
7.39883e-05 0
-0.306419 0
-0.070357 0
-0.00211857 0
-8.73115e-10 0
-0.217417 0
0.0120237 0
0.068568 0
0.0171854 0
0.00757576 0
-0.304108 0
0.0613474 0
-0.0584758 0
0.0193256 0
0.0194942 0
-0.00137927 0
0.000120349 0
-0.0480637 0
-0.206285 0
0.109977 0
-0.00636778 0
-0.0703591 0
0.0688805 0
-0.0284648 0
-0.254021 0
-0.0542624 0
-0.00197934 0
0.00191318 0
0.00734103 0
-0.0481541 0
0.262205 0
-0.0445435 0
-1.70573e-05 0
0.00777271 0
-0.0180032 0
0.355936 0
-0.0747403 0
0.0148391 0
0.01047 0
0.00843437 0
-0.00265496 0
0.025088 0
-0.0311626 0
-0.0115845 0
-0.0600895 0
-0.468254 0
0.0634078 0
-0.028268 0
0.00180338 0
0.074078 0
-0.100487 0
-0.0017116 0
0.0933939 0
0.090151 0
-0.01788 0
-0.0656433 0
-0.00184995 0
0.10069 0
0.130973 0
0.286941 0
-0.174259 0
0.362464 0
-0.00216513 0
-0.162487 0
0.0305208 0
-0.087001 0
-0.0014169 0
-0.213398 0
0.0146623 0
-0.0528084 0
0.14764 0
-0.000297024 0
-0.00455778 0
0.205846 0
-0.200325 0
-0.00799255 0
0.0150487 0
0.0429883 0
-0.0316949 0
6.28643e-09 0
0.0774549 0
-0.192182 0
-0.0111202 0
0.139528 0
0.0812043 0
-0.000363883 0
-0.00534884 0
0.0496363 0
0.0123827 0
0.00612111 0
-0.000326036 0
-0.0507204 0
-0.0610602 0
-0.00853157 0
-0.00258009 0
-0.00356631 0
-2.79397e-09 0
-0.0543404 0
-0.0804276 0
-0.00691604 0
0.135951 0
0.000317867 0
-0.0304621 0
0.0270481 0
-0.153537 0
-0.0238485 0
-0.00168263 0
0.132925 0
-0.0062715 0
0.0899474 0
0.0165231 0
0.157696 0
-0.175476 0
-0.000765978 0
0.000126888 0
0.0123462 0
0.00189303 0
0.00253182 0
0.0103853 0
-0.0410919 0
-0.000987887 0
-0.160021 0
0.0489474 0
-0.0689353 0
0.00764231 0
-0.0151645 0
-0.0386452 0
-0.0337251 0
0.138662 0
0.0936942 0
0.0792224 0
1.74623e-09 0
-0.0411914 0
-0.0893466 0
0.0155569 0
-0.0348818 0
0.00479372 0
0.122588 0
0.00363589 0
0.0343835 0
-0.00342055 0
0.0276786 0
0.0311691 0
0.0903284 0
-0.0100575 0
-0.0824195 0
-0.207288 0
-0.0380912 0
-0.294218 0
-0.024133 0
0.19111 0
0.0451594 0
-0.338766 0
4.3364e-05 0
-0.0718539 0
0.129233 0
-0.0145148 0
0.00185454 0
0.00935268 0
0.13001 0
-0.00308391 0
0.0251387 0
0.0568674 0
-0.00137119 0
-0.193509 0
0.181628 0
0.124097 0
0.0785983 0
-0.150574 0
0.1206 0
0.0149269 0
-0.0883636 0
-0.233481 0
0.0502953 0
-0.0306598 0
0.0379869 0
-0.0762268 0
-0.000823066 0
0.0872139 0
-0.00178439 0
0.0102471 0
0.190665 0
-0.00302465 0
0.0627129 0
0.0737906 0
-0.0113615 0
-0.00559669 0
-0.0614044 0
0.014051 0
-0.00176734 0
-0.0059756 0
-0.0495112 0
0.0288628 0
0 0
0.0649452 0
-0.0558125 0
0.00393629 0
-0.139648 0
0.0254084 0
0.0657475 0
0.0596711 0
0.043343 0
0.0111655 0
-0.0433763 0
-0.0980483 0
-0.000858602 0
-0.00108721 0
-0.180767 0
-0.0729772 0
0.110072 0
0.30201 0
-0.246497 0
-0.138837 0
0.0795096 0
-0.026348 0
0.0233727 0
-0.0146901 0
-0.00138686 0
-0.130898 0
-0.065763 0
-0.000248703 0
-0.00403161 0
-0.00344734 0
-0.0147992 0
-0.000591605 0
-0.129624 0
-0.140249 0
0.126955 0
-0.0456209 0
0.0394983 0
-0.0495824 0
0.136463 0
0.00267023 0
0.00217836 0
0.102786 0
-0.00385536 0
-0.0505891 0
0.180608 0
-1.59889e-09 0
0.0230371 0
0.199186 0
0.0781086 0
0.0104966 0
0.0760242 0
0.208423 0
0.0284441 0
-0.224128 0
0.00968358 0
0.141871 0
-0.0244162 0
-0.0146972 0
0.0589179 0
-0.135638 0
0.0403162 0
0.0558315 0
0.11862 0
-0.0300454 0
-0.224169 0
-0.00173063 0
-0.115703 0
-0.0876672 0
-0.12065 0
-0.00527993 0
0.0778629 0
0.0201294 0
0.0483763 0
-0.0203697 0
-0.000730822 0
-6.94854e-10 0
-0.121161 0
-0.0109575 0
-0.0121143 0
-0.0196029 0
0.0622065 0
-0.000455513 0
-0.00315556 0
-0.165977 0
-0.0114804 0
-0.00357869 0
-0.00329275 0
-0.113056 0
-0.00308307 0
-0.0996914 0
-0.0322232 0
-0.075251 0
-0.00614118 0
0.0158285 0
0.0620794 0
-0.00179975 0
0.0601263 0
-0.0818283 0
0.0208299 0
-0.201059 0
-0.0624452 0
-4.83124e-09 0
-0.240185 0
0.0331342 0
-0.0547064 0
2.09548e-09 0
0.188537 0
0.198343 0
-0.0345279 0
-0.00910809 0
-0.00232398 0
0.0559637 0
0.0148231 0
-0.062053 0
0.00901322 0
-8.60503e-05 0
0.220565 0
-0.0836097 0
0.00379955 0
-0.0502615 0
-0.213612 0
-0.00765535 0
0.167005 0
0.0390675 0
0.187193 0
-0.0440656 0
0.00667735 0
0.158326 0
-0.0626854 0
-0.00624558 0
-0.0498231 0
-2.08456e-09 0
-0.00265133 0
0.00224075 0
-0.023141 0
0.00051418 0
-0.000123051 0
0.0667786 0
0.0339481 0
0.0529712 0
0.0501702 0
-0.022889 0
0.0331381 0
-0.0876918 0
0.00563175 0
-0.0119766 0
0.0554204 0
-0.0393898 0
-0.0139359 0
-0.0241204 0
0.253982 0
0.0971318 0
-0.000803101 0
-0.0477869 0
-0.0582386 0
0.0843765 0
0.0730575 0
0.208569 0
0.0170868 0
-0.0258796 0
0.0158055 0
-0.00841095 0
-0.0671572 0
0.33028 0
0.0479121 0
0.0276541 0
-0.0659579 0
0.0027396 0
-0.00303807 0
0.0445843 0
-0.00741447 0
-0.0433126 0
0.000376169 0
-3.0268e-09 0
-0.0916152 0
-0.0611554 0
-0.0117985 0
0.159939 0
0.0145863 0
0.0141068 0
-0.0582179 0
-0.0279245 0
0.0237069 0
-0.00895397 0
0.00274595 0
-0.00303619 0
-0.0041749 0
-0.00487204 0
0.280903 0
0.0260394 0
-0.0222152 0
0.000488071 0
0.0357039 0
-0.0177779 0
-0.0009937 0
0.189719 0
0.0326633 0
0.0427849 0
-0.0614137 0
0.0305409 0
-0.000623235 0
-0.267308 0
-0.0408501 0
-0.0130728 0
0.0398779 0
-0.0744219 0
0.175377 0
2.15437e-10 0
0.072363 0
-0.00195105 0
-0.0190976 0
0.164704 0
0.103102 0
-0.000376754 0
-0.0172141 0
-0.00977758 0
9.31323e-10 0
0.00938768 0
0.131582 0
-0.29875 0
0.106589 0
0.0258449 0
0.0357952 0
-0.0174485 0
-0.0138569 0
0.0356209 0
0.00990396 0
-0.0511476 0
0.04528 0
-0.086504 0
0.0955916 0
0.0162253 0
-0.01396 0
-0.239082 0
-0.0924573 0
-0.0449891 0
0.07319 0
-0.187993 0
-0.0493756 0
-0.122505 0
0.108487 0
0.0172256 0
0.0489349 0
0.00132089 0
0.0282818 0
-0.0613804 0
0.0402127 0
-0.0605204 0
-0.0738523 0
-0.105024 0
0.0667178 0
0.0376203 0
-0.00786993 0
-0.0312682 0
0.0452088 0
0.0558821 0
-0.0996383 0
-0.000803417 0
0.0602026 0
-0.00358544 0
0.00696382 0
0.0849489 0
0.107821 0
0.0671317 0
-0.00365786 0
0.0724306 0
0.118045 0
0.000947708 0
0.195329 0
-0.0809703 0
-0.011451 0
0.0497904 0
-2.82855e-05 0
-0.0706298 0
-0.000486756 0
0.1391 0
-0.268183 0
0.115228 0
-0.154757 0
-0.239952 0
-0.0296205 0
-0.00141988 0
-0.278824 0
0.0638624 0
-0.000566797 0
-0.148766 0
-0.000358652 0
-0.0624455 0
-0.00317405 0
-0.000520975 0
-0.000688948 0
0.111819 0
0.0701861 0
0.0886375 0
-0.000185796 0
0.00314919 0
-0.0179861 0
0.0111223 0
-0.00167658 0
0.0854626 0
0.072685 0
0.00829746 0
-0.0191908 0
-0.0636862 0
0.0735762 0
-0.000430975 0
-0.0785223 0
-0.00404695 0
-0.0194401 0
0.153966 0
-0.0019434 0
0.118827 0
-0.000997828 0
-0.0190778 0
-0.000346014 0
-0.115552 0
-0.00145829 0
0.0270446 0
-0.0564247 0
0.0547201 0
-0.00361465 0
7.25931e-06 0
0.0360868 0
-0.0382157 0
0.107942 0
0.0124374 0
-0.020719 0
-0.0568132 0
-0.0371739 0
0.00214987 0
-0.0233675 0
-0.0665226 0
-0.00300995 0
-1.39698e-09 0
0.0374968 0
-0.000125285 0
0.00058824 0
0.130707 0
-0.141046 0
0.0463646 0
-0.00820447 0
0.000565036 0
-0.115082 0
-0.000148068 0
-0.0879417 0
-4.17597e-05 0
-0.108319 0
-0.0377241 0
-0.164748 0
0.0324168 0
-0.00575662 0
0.00780606 0
-0.117636 0
0.0831367 0
-0.00415131 0
0.054582 0
0.00753979 0
-0.0016116 0
-0.0910691 0
0.0187595 0
-0.0795086 0
-0.093155 0
0.0742142 0
-0.0365066 0
0.0602589 0
-0.0755192 0
0.0209087 0
0.204802 0
-0.0757562 0
0.0779344 0
-0.000701525 0
-0.000834046 0
-0.0364679 0
-0.01008 0
-0.0308083 0
5.82077e-10 0
0.118624 0
3.60887e-09 0
-0.195605 0
0.00184103 0
-0.0594021 0
-0.0961432 0
-0.00316095 0
0.237321 0
-0.0162846 0
-0.00123738 0
-0.000407591 0
0.0119575 0
-0.0118108 0
0.024026 0
0.13668 0
-0.0113695 0
0.0451175 0
-0.00143681 0
0.0501674 0
0.308142 0
0.156219 0
-0.00261111 0
-0.0523968 0
0.10745 0
-0.040131 0
0.0375817 0
-0.00266252 0
-7.90938e-05 0
0.0206822 0
0.0560527 0
0.00514952 0
-0.00220285 0
0.185439 0
0.0143047 0
-0.00422347 0
0.216923 0
-0.00076287 0
-0.000571513 0
-0.0388768 0
0.133709 0
0.00950825 0
-0.000367518 0
-0.00102178 0
-0.00713569 0
0.0308766 0
-0.0016676 0
-0.000399188 0
0.0397123 0
-0.0210399 0
-0.0682494 0
0.0266337 0
-0.0882471 0
-1.86265e-09 0
0.0584955 0
-0.206769 0
-0.135576 0
0.136597 0
0.00422057 0
-0.270571 0
-0.000370268 0
-0.0636706 0
-0.000778851 0
-0.0317361 0
-0.241431 0
1.10595e-09 0
0.000317204 0
0.137585 0
-0.140163 0
0.00944248 0
-0.132677 0
-1.95368e-05 0
0.0121677 0
-0.016728 0
0.0135727 0
-0.00479059 0
-0.132223 0
-0.096973 0
-0.0623139 0
-2.1264e-09 0
-0.00348736 0
-0.00429269 0
-0.0284529 0
-0.0326989 0
-0.0020872 0
-0.0362235 0
0.169368 0
0.108576 0
-0.0291281 0
0.0385181 0
-3.08962e-05 0
-0.00109709 0
-0.00225525 0
0.0984227 0
0.134276 0
0.0223671 0
0.0186709 0
0.125781 0
-0.0491172 0
0.0201113 0
-0.000701713 0
-0.114461 0
0.0805821 0
0.020318 0
-0.0831024 0
0.0254606 0
0.0923901 0
0.0795942 0
0.0367771 0
-0.172918 0
-0.176259 0
0.00230387 0
-0.0780541 0
-0.363986 0
0.107775 0
0.0423672 0
-0.00135711 0
-0.04957 0
0.0674721 0
0.00132871 0
0.154817 0
-0.102652 0
-0.0131172 0
0.025179 0
-0.000698688 0
-0.00232941 0
0.0961541 0
-0.0755996 0
-0.00320844 0
0.00038282 0
-0.111179 0
0.097408 0
-0.000861342 0
0.094579 0
-0.114709 0
-0.000216807 0
0.0725051 0
0.101777 0
-0.0106063 0
-0.00651256 0
-0.198892 0
-0.149018 0
0.0494454 0
-0.171272 0
0.159533 0
0.0362652 0
-0.0242688 0
-0.104893 0
0.01602 0
-0.00022894 0
-0.0576071 0
-0.0337677 0
-0.0983935 0
0.17029 0
-0.0259454 0
-1.65892e-09 0
0.166548 0
-0.129512 0
0.000664376 0
0.0395189 0
-0.101585 0
-0.000185661 0
-0.012621 0
-0.00454557 0
5.53236e-05 0
-0.00893246 0
0.0210224 0
-0.0742047 0
0.000212591 0
-0.195605 0
0.00926851 0
0.0725109 0
-0.382528 0
-0.00154644 0
0.143251 0
-0.105777 0
-0.00275767 0
-0.0216945 0
-0.202347 0
-0.0276373 0
-0.0901262 0
0.021678 0
0.19255 0
-0.202488 0
6.77125e-05 0
0.0337698 0
-0.00485885 0
-0.131169 0
0.103359 0
-0.000506354 0
0.00613507 0
0.0286413 0
0.0585652 0
0.000725749 0
0.210354 0
0.106277 0
-0.154765 0
1.04774e-08 0
1.04774e-09 0
-0.063601 0
-0.00338806 0
-0.0403143 0
0.189945 0
-0.129494 0
-1.5807e-09 0
-0.00445754 0
0.0284726 0
-0.0138837 0
-0.00338653 0
-0.0342961 0
0.142039 0
0.00137553 0
-0.00513807 0
-0.176073 0
-0.118898 0
0.00909137 0
0.17938 0
-0.25773 0
0.102279 0
0.0995589 0
0.0389544 0
-0.0128494 0
-0.12907 0
-0.09021 0
-0.0160321 0
0.000175072 0
0.091107 0
-0.00222603 0
-0.156216 0
0.0716079 0
0.0405151 0
-0.00296087 0
-0.0119025 0
-0.11985 0
-0.1774 0
0.0155537 0
0.000106772 0
0.0778392 0
-0.00115031 0
-0.00343387 0
-0.148714 0
-0.157803 0
-0.0167932 0
0.225597 0
0.0314331 0
-0.00275808 0
-0.00467639 0
0.000223739 0
-0.00191394 0
-0.170686 0
-0.000721675 0
-0.058497 0
-0.0778541 0
1.56251e-09 0
-0.00272078 0
0.211427 0
0.0242786 0
0.0483707 0
-0.00932303 0
-0.0486821 0
-0.0271613 0
-0.247616 0
0.144883 0
0.105608 0
0.0602232 0
-0.000406185 0
0.00020928 0
0.0642273 0
0.03997 0
0.0241631 0
-0.00118004 0
0.0974087 0
0.00644131 0
0.00173691 0
-0.111805 0
0.142492 0
-0.00255034 0
0.000534605 0
0.136064 0
0.0315171 0
0.11112 0
-0.186345 0
-0.000151434 0
-0.0419631 0
-0.0044079 0
-0.00692188 0
-0.0879633 0
0.0536891 0
-0.000386139 0
-0.0550389 0
-0.00168367 0
0.0523052 0
-0.0449538 0
0.0196576 0
-0.160557 0
-0.0558027 0
0.266438 0
-0.0126621 0
0.00355101 0
0.0930219 0
0.190004 0
-0.00645654 0
-0.148319 0
-0.0640663 0
0.0230257 0
-0.0200598 0
-0.000628963 0
0.16652 0
-0.0468455 0
0.0655665 0
0.0273054 0
-0.124549 0
-7.51973e-05 0
-0.0461755 0
0.0407021 0
-0.0698923 0
-0.000734972 0
-0.151692 0
-0.0375322 0
-0.137013 0
-0.0555914 0
-0.0011445 0
-0.00839802 0
-0.118665 0
0.045517 0
0.0434059 0
0.0345679 0
0.0246076 0
0.0212111 0
