-0.498 3.44813 -0.387096
-0.496 2.15825 -0.240176
-0.494 0.0494912 0.0347433
-0.492 -2.31846 0.395485
-0.49 -4.30919 0.787842
-0.488 -5.42089 1.1555
-0.486 -5.45278 1.44948
-0.484 -4.56699 1.63529
-0.482 -3.22274 1.69677
-0.48 -2.00574 1.63596
-0.478 -1.41472 1.46983
-0.476 -1.6817 1.22455
-0.474 -2.68899 0.929191
-0.472 -4.01021 0.609982
-0.47 -5.05938 0.286336
-0.468 -5.29573 -0.0307701
-0.466 -4.41385 -0.338058
-0.464 -2.45437 -0.637293
-0.462 0.202037 -0.93155
-0.46 2.95288 -1.22145
-0.458 5.16101 -1.50237
-0.456 6.34512 -1.76325
-0.454 6.30982 -1.98742
-0.452 5.17635 -2.15503
-0.45 3.31169 -2.24671
-0.448 1.1899 -2.24764
-0.446 -0.759582 -2.15109
-0.444 -2.26223 -1.96095
-0.442 -3.23382 -1.69251
-0.44 -3.73962 -1.37137
-0.438 -3.90572 -1.03056
-0.436 -3.82703 -0.706093
-0.434 -3.51399 -0.431814
-0.432 -2.90061 -0.234146
-0.43 -1.90847 -0.12767
-0.428 -0.535569 -0.112261
-0.426 1.07522 -0.172412
-0.424 2.62756 -0.279063
-0.422 3.73869 -0.393914
-0.42 4.06466 -0.475702
-0.418 3.43827 -0.487516
-0.416 1.96359 -0.403854
-0.414 0.02312 -0.216087
-0.412 -1.81604 0.0647895
-0.41 -2.97296 0.408831
-0.408 -3.04592 0.771343
-0.406 -1.96091 1.10011
-0.404 -0.0202091 1.34453
-0.402 2.17202 1.465
-0.4 3.88838 1.44083
-0.398 4.50527 1.27509
-0.396 3.70399 0.995259
-0.394 1.57885 0.649421
-0.392 -1.38461 0.298491
-0.39 -4.45477 0.00563401
-0.388 -6.87489 -0.17531
-0.386 -8.08732 -0.21032
-0.384 -7.88815 -0.0925907
-0.382 -6.46413 0.154727
-0.38 -4.30422 0.48126
-0.378 -2.02083 0.817395
-0.376 -0.145457 1.08634
-0.374 1.03016 1.21824
-0.372 1.51519 1.16383
-0.37 1.56798 0.905061
-0.368 1.55714 0.460542
-0.366 1.79107 -0.115563
-0.364 2.38006 -0.741436
-0.362 3.18152 -1.3212
-0.36 3.84793 -1.76192
-0.358 3.9601 -1.99089
-0.356 3.19722 -1.96967
-0.354 1.48153 -1.70197
-0.352 -0.955836 -1.23368
-0.35 -3.61314 -0.644659
-0.348 -5.84927 -0.0339813
-0.346 -7.06597 0.498603
-0.344 -6.8843 0.871142
-0.342 -5.26193 1.0342
-0.34 -2.51691 0.978803
-0.338 0.748536 0.736166
-0.336 3.8014 0.369257
-0.334 5.96257 -0.0417314
-0.332 6.76987 -0.416857
-0.33 6.0769 -0.693023
-0.328 4.06847 -0.836136
-0.326 1.19824 -0.846348
-0.324 -1.92769 -0.755479
-0.322 -4.68952 -0.617481
-0.32 -6.58257 -0.494344
-0.318 -7.31055 -0.440744
-0.316 -6.82881 -0.490923
-0.314 -5.33538 -0.650665
-0.312 -3.21722 -0.896048
-0.31 -0.963919 -1.17918
-0.308 0.936448 -1.43951
-0.306 2.10045 -1.61826
-0.304 2.32988 -1.67261
-0.302 1.65058 -1.58665
-0.3 0.299826 -1.37643
-0.298 -1.33475 -1.08799
-0.296 -2.81219 -0.788438
-0.294 -3.75188 -0.552046
-0.292 -3.9381 -0.444207
-0.29 -3.38547 -0.506791
-0.288 -2.33906 -0.748096
-0.286 -1.20179 -1.13974
-0.284 -0.409085 -1.62139
-0.282 -0.290779 -2.11264
-0.28 -0.963347 -2.52943
-0.278 -2.28344 -2.80155
-0.276 -3.87664 -2.88707
-0.274 -5.23783 -2.7804
-0.272 -5.87979 -2.51214
-0.27 -5.48628 -2.14072
-0.268 -4.01668 -1.73808
-0.266 -1.72294 -1.37254
-0.264 0.925538 -1.09332
-0.262 3.37828 -0.920302
-0.26 5.15364 -0.841738
-0.258 5.95876 -0.820178
-0.256 5.75004 -0.805063
-0.254 4.72052 -0.748464
-0.252 3.21906 -0.619818
-0.25 1.62897 -0.415758
-0.248 0.250444 -0.162398
-0.246 -0.770114 0.0906234
-0.244 -1.44409 0.282951
-0.242 -1.88809 0.35996
-0.24 -2.24455 0.288625
-0.238 -2.60797 0.0686811
-0.236 -2.98197 -0.263971
-0.234 -3.28131 -0.642877
-0.232 -3.37708 -0.984771
-0.23 -3.1643 -1.2086
-0.228 -2.61828 -1.25558
-0.226 -1.8119 -1.10558
-0.224 -0.889026 -0.785737
-0.222 -0.0112778 -0.368834
-0.22 0.696711 0.03872
-0.218 1.18523 0.317348
-0.216 1.49011 0.359205
-0.214 1.71095 0.092421
-0.212 1.96136 -0.500545
-0.21 2.31105 -1.37467
-0.208 2.74979 -2.42647
-0.206 3.19362 -3.51018
-0.204 3.52668 -4.46313
-0.202 3.65122 -5.13545
-0.2 3.51954 -5.41811
-0.198 3.13914 -5.26324
-0.196 2.55642 -4.69253
-0.194 1.82705 -3.79173
-0.192 0.983129 -2.69256
-0.19 0.014913 -1.54595
-0.188 -1.11251 -0.492801
-0.186 -2.40378 0.361393
-0.184 -3.76574 0.962181
-0.182 -4.97238 1.30881
-0.18 -5.69332 1.44381
-0.178 -5.58353 1.43292
-0.176 -4.40499 1.34109
-0.174 -2.1431 1.21142
-0.172 0.918613 1.05275
-0.17 4.20165 0.839389
-0.168 6.93844 0.523143
-0.166 8.36982 0.0542717
-0.164 7.97418 -0.594472
-0.162 5.64343 -1.40791
-0.16 1.74159 -2.31891
-0.158 -2.96867 -3.21313
-0.156 -7.50515 -3.94828
-0.154 -10.906 -4.38429
-0.152 -12.4759 -4.41773
-0.15 -11.9706 -4.01213
-0.148 -9.65163 -3.21599
-0.146 -6.18277 -2.163
-0.144 -2.40905 -1.05263
-0.142 0.889803 -0.114144
-0.14 3.18174 0.43917
-0.138 4.25977 0.456049
-0.136 4.22172 -0.116402
-0.134 3.3801 -1.21458
-0.132 2.13457 -2.66365
-0.13 0.84731 -4.20658
-0.128 -0.233578 -5.55218
-0.126 -0.978472 -6.43301
-0.124 -1.32799 -6.66132
-0.122 -1.24459 -6.17123
-0.12 -0.707376 -5.03752
-0.118 0.24629 -3.46589
-0.116 1.46385 -1.7552
-0.114 2.6442 -0.238283
-0.112 3.3587 0.786974
-0.11 3.14514 1.1219
-0.108 1.67065 0.712256
-0.106 -1.0829 -0.33637
-0.104 -4.69763 -1.77754
-0.102 -8.3464 -3.27426
-0.1 -10.9916 -4.47005
-0.098 -11.7004 -5.06496
-0.096 -9.97307 -4.87921
-0.094 -5.97751 -3.88951
-0.092 -0.602444 -2.22952
-0.09 4.7234 -0.154089
-0.088 8.43682 2.02406
-0.086 9.36027 4.0095
-0.084 7.14244 5.59154
-0.082 2.42969 6.68605
-0.08 -3.3115 7.33956
-0.078 -8.25691 7.69343
-0.076 -10.8151 7.91643
-0.074 -10.1682 8.12284
-0.072 -6.59788 8.29871
-0.07 -1.46014 8.25855
-0.068 3.24183 7.64952
-0.066 5.57891 6.00932
-0.064 4.44045 2.87128
-0.062 -0.0122411 -2.10277
-0.06 -6.3711 -8.99037
-0.058 -12.4633 -17.5089
-0.056 -16.1067 -26.9774
-0.054 -15.8935 -36.3582
-0.052 -11.7548 -44.383
-0.05 -5.08524 -49.7482
-0.048 1.6893 -51.3493
-0.046 6.00851 -48.5123
-0.044 6.20246 -41.1744
-0.042 2.20627 -29.9743
-0.04 -4.34907 -16.2241
-0.038 -10.7148 -1.75424
-0.036 -14.0754 11.3531
-0.034 -12.7458 21.1054
-0.032 -7.12446 25.9609
-0.03 -0.00273873 25.1437
-0.028 4.05855 18.8516
-0.026 0.248162 8.3058
-0.024 -14.5414 -4.37887
-0.022 -40.0506 -16.4946
-0.02 -71.9266 -25.1701
-0.018 -102.233 -27.8601
-0.016 -121.128 -22.8101
-0.014 -119.373 -9.41264
-0.012 -91.1262 11.6123
-0.01 -36.2615 38.2537
-0.008 38.6485 67.4664
-0.006 121.237 95.6117
-0.004 196.05 119.011
-0.002 248.263 134.516
0 267.261 140.011
0.002 249.154 134.737
0.004 197.684 119.422
0.006 123.368 96.1589
0.008 41.0157 68.0754
0.01 -33.8625 38.843
0.012 -88.8014 12.1039
0.014 -117.127 -9.08249
0.016 -118.897 -22.6828
0.018 -99.9315 -27.9493
0.02 -69.5048 -25.4608
0.022 -37.5343 -16.9466
0.024 -12.0435 -4.93304
0.026 2.55201 7.71838
0.028 5.98345 18.2997
0.03 1.41274 24.6867
0.032 -6.24512 25.6428
0.034 -12.3093 20.9514
0.036 -13.8926 11.3695
0.038 -10.5584 -1.57772
0.04 -4.02863 -15.9103
0.042 2.77613 -29.5547
0.044 6.96581 -40.6857
0.046 6.78106 -47.9941
0.048 2.22082 -50.8421
0.05 -5.01862 -49.2921
0.052 -12.2603 -44.0158
0.054 -16.9057 -36.1124
0.056 -17.3864 -26.8767
0.058 -13.6547 -17.5642
0.06 -7.10146 -9.1962
0.062 -0.00590217 -2.43579
0.064 5.26998 2.45153
0.066 7.09105 5.55654
0.068 5.10172 7.22422
0.07 0.314885 7.91999
0.072 -5.30717 8.09658
0.074 -9.60451 8.09008
0.076 -10.989 8.06422
0.078 -8.94587 8.00931
0.08 -4.1358 7.78888
0.082 1.87889 7.21662
0.084 7.1665 6.14062
0.086 10.0547 4.51222
0.088 9.66351 2.42183
0.09 6.16137 0.0938299
0.092 0.653456 -2.15724
0.094 -5.23559 -3.9969
0.096 -9.90349 -5.14884
0.098 -12.2362 -5.4612
0.1 -11.8683 -4.9447
0.102 -9.19847 -3.77364
0.104 -5.18702 -2.24997
0.106 -1.00982 -0.738813
0.108 2.31334 0.409345
0.11 4.18861 0.93229
0.112 4.53456 0.709079
0.114 3.69066 -0.218617
0.116 2.22328 -1.66044
0.118 0.717882 -3.32219
0.12 -0.381651 -4.87068
0.122 -0.856229 -6.00415
0.124 -0.707464 -6.51312
0.126 -0.0818379 -6.31954
0.128 0.828788 -5.4872
0.13 1.85127 -4.20271
0.132 2.83305 -2.73234
0.134 3.60708 -1.36475
0.136 3.96955 -0.352054
0.138 3.69985 0.138724
0.14 2.6158 0.0542206
0.142 0.6429 -0.541472
0.144 -2.118 -1.48713
0.146 -5.34175 -2.56315
0.148 -8.48242 -3.53958
0.15 -10.8642 -4.22275
0.152 -11.8562 -4.49091
0.154 -11.0708 -4.31196
0.156 -8.50368 -3.74082
0.158 -4.56205 -2.89853
0.16 0.0177521 -1.93935
0.162 4.33197 -1.01433
0.164 7.5144 -0.239993
0.166 8.94571 0.320942
0.168 8.41294 0.663405
0.17 6.16069 0.828787
0.172 2.80869 0.882988
0.174 -0.831547 0.890405
0.176 -3.9698 0.891222
0.178 -6.0147 0.888093
0.18 -6.68181 0.845505
0.182 -6.02234 0.701659
0.184 -4.37119 0.389456
0.186 -2.22563 -0.139219
0.188 -0.0911056 -0.892632
0.19 1.65084 -1.82765
0.192 2.81011 -2.85103
0.194 3.38537 -3.83376
0.196 3.51477 -4.6353
0.198 3.40647 -5.1321
0.2 3.26455 -5.24394
0.202 3.22348 -4.95194
0.204 3.311 -4.30406
0.206 3.45589 -3.40695
0.208 3.5352 -2.40563
0.21 3.43296 -1.45547
0.212 3.08166 -0.692491
0.214 2.47794 -0.208191
0.216 1.68066 -0.0341319
0.218 0.797802 -0.139163
0.22 -0.0403127 -0.439483
0.222 -0.720462 -0.819018
0.224 -1.18394 -1.15549
0.226 -1.44119 -1.34648
0.228 -1.55624 -1.32999
0.23 -1.61318 -1.09539
0.232 -1.68318 -0.682845
0.234 -1.80099 -0.171808
0.236 -1.94989 0.338357
0.238 -2.0563 0.751027
0.24 -2.00221 0.993017
0.242 -1.66027 1.0288
0.244 -0.942279 0.86542
0.246 0.15921 0.547465
0.248 1.5527 0.143925
0.25 3.05678 -0.269698
0.252 4.43164 -0.629503
0.254 5.42696 -0.897167
0.256 5.83858 -1.06659
0.258 5.56032 -1.16187
0.26 4.61359 -1.2275
0.262 3.14417 -1.3136
0.264 1.38991 -1.46009
0.266 -0.367595 -1.68402
0.268 -1.85512 -1.97326
0.27 -2.85745 -2.28818
0.272 -3.25851 -2.57093
0.274 -3.06403 -2.7599
0.276 -2.3964 -2.80571
0.278 -1.46226 -2.68463
0.28 -0.503597 -2.40615
0.282 0.253681 -2.0126
0.284 0.645762 -1.57106
0.286 0.607408 -1.15915
0.288 0.192626 -0.848103
0.29 -0.430734 -0.687093
0.292 -1.0189 -0.692435
0.294 -1.31703 -0.844171
0.296 -1.13398 -1.09076
0.298 -0.406851 -1.36072
0.3 0.76173 -1.57862
0.302 2.10649 -1.6817
0.304 3.25024 -1.63364
0.306 3.79957 -1.43228
0.308 3.46524 -1.10965
0.31 2.17156 -0.724375
0.312 0.115291 -0.348263
0.314 -2.25178 -0.0499883
0.316 -4.31971 0.120318
0.318 -5.47577 0.142238
0.32 -5.27919 0.0294392
0.322 -3.60613 -0.173743
0.324 -0.718084 -0.402782
0.326 2.77582 -0.58811
0.328 6.06165 -0.671532
0.33 8.33355 -0.620163
0.332 9.01629 -0.434755
0.334 7.93117 -0.150473
0.336 5.35367 0.170115
0.338 1.94266 0.45041
0.34 -1.44088 0.616593
0.342 -3.97309 0.614225
0.344 -5.09181 0.420959
0.346 -4.63825 0.052613
0.348 -2.87432 -0.438749
0.35 -0.375218 -0.974325
0.352 2.16418 -1.4637
0.354 4.1447 -1.82244
0.356 5.231 -1.98845
0.358 5.42055 -1.93377
0.36 4.99561 -1.66932
0.362 4.3803 -1.24194
0.364 3.95769 -0.724434
0.366 3.91497 -0.200939
0.368 4.17348 0.249274
0.37 4.42802 0.566381
0.372 4.27887 0.720134
0.374 3.40594 0.713777
0.376 1.71943 0.581272
0.378 -0.569995 0.378714
0.38 -2.98972 0.171924
0.382 -4.94175 0.0228728
0.384 -5.89172 -0.0223438
0.386 -5.54558 0.0582832
0.388 -3.95353 0.259596
0.39 -1.50524 0.55155
0.392 1.18225 0.886034
0.394 3.4465 1.20664
0.396 4.77233 1.45935
0.398 4.93381 1.60218
0.4 4.04319 1.61198
0.402 2.49522 1.48756
0.404 0.829328 1.24871
0.406 -0.442717 0.931738
0.408 -0.986565 0.582419
0.41 -0.726344 0.247973
0.412 0.163077 -0.0306713
0.414 1.34068 -0.22496
0.416 2.42354 -0.32235
0.418 3.10428 -0.327166
0.42 3.22382 -0.258831
0.422 2.78327 -0.147957
0.424 1.90257 -0.0310256
0.426 0.751981 0.0554446
0.428 -0.51114 0.0803274
0.43 -1.77464 0.0221464
0.432 -2.96464 -0.128339
0.434 -4.01078 -0.367371
0.436 -4.80855 -0.679104
0.438 -5.20498 -1.03789
0.44 -5.02246 -1.41154
0.442 -4.11777 -1.76523
0.444 -2.45614 -2.06559
0.446 -0.170306 -2.28454
0.448 2.42462 -2.40239
0.45 4.87732 -2.40967
0.452 6.70242 -2.30757
0.454 7.51027 -2.10684
0.456 7.12256 -1.82552
0.458 5.63312 -1.48582
0.46 3.39058 -1.11088
0.462 0.904868 -0.721698
0.464 -1.29478 -0.335103
0.466 -2.80609 0.0371592
0.468 -3.45764 0.387875
0.47 -3.33718 0.712602
0.472 -2.73727 1.00719
0.474 -2.03945 1.26531
0.476 -1.57848 1.47689
0.478 -1.53219 1.62798
0.48 -1.87131 1.70256
0.482 -2.38221 1.68596
0.484 -2.75249 1.56928
0.486 -2.68946 1.35388
0.488 -2.03064 1.05469
0.49 -0.80716 0.701181
0.492 0.761778 0.335204
0.494 2.3391 0.0056093
0.496 3.57709 -0.239712
0.498 4.2234 -0.362947
0.4 0.19545 1.0232
0.8 0.196904 1.03145
1.2 0.19933 1.04514
1.6 0.202732 1.06416
2 0.207114 1.08837
2.4 0.212481 1.11759
2.8 0.218841 1.1516
3.2 0.226199 1.19015
3.6 0.234562 1.23297
4 0.243936 1.27975
4.4 0.254327 1.33015
4.8 0.265738 1.38384
5.2 0.278172 1.44043
5.6 0.291629 1.49955
6 0.306107 1.56082
6.4 0.3216 1.62384
6.8 0.338099 1.68822
7.2 0.355593 1.75358
7.6 0.374067 1.81952
8 0.393499 1.88569
8.4 0.413868 1.95173
8.8 0.435146 2.0173
9.2 0.457301 2.08207
9.6 0.480301 2.14577
10 0.504105 2.2081
10.4 0.528675 2.26884
10.8 0.553967 2.32775
11.2 0.579935 2.38467
11.6 0.606533 2.43942
12 0.633713 2.49188
12.4 0.661428 2.54195
12.8 0.689631 2.58957
13.2 0.718274 2.63469
13.6 0.747315 2.67731
14 0.776709 2.71744
14.4 0.806419 2.75512
14.8 0.836407 2.79043
15.2 0.866643 2.82345
15.6 0.897097 2.85429
16 0.927746 2.88307
16.4 0.958572 2.90995
16.8 0.989559 2.93508
17.2 1.0207 2.95863
17.6 1.05198 2.98078
18 1.08341 3.0017
18.4 1.11498 3.0216
18.8 1.1467 3.04065
19.2 1.17858 3.05904
19.6 1.21062 3.07697
20 1.24283 3.09461
20.4 1.27521 3.11212
20.8 1.30778 3.12969
21.2 1.34054 3.14744
21.6 1.37348 3.16553
22 1.40661 3.18408
22.4 1.43991 3.20319
22.8 1.47337 3.22295
23.2 1.50697 3.24344
23.6 1.54067 3.26471
24 1.57444 3.28679
24.4 1.60824 3.30972
24.8 1.64202 3.33348
25.2 1.6757 3.35806
25.6 1.70924 3.38342
26 1.74254 3.40952
26.4 1.77553 3.43628
26.8 1.80812 3.46364
27.2 1.84022 3.49151
27.6 1.87173 3.51978
28 1.90256 3.54836
28.4 1.93261 3.57713
28.8 1.96179 3.60598
29.2 1.98999 3.6348
29.6 2.01714 3.66348
30 2.04314 3.69192
30.4 2.06792 3.72002
30.8 2.09141 3.74768
31.2 2.11357 3.77483
31.6 2.13435 3.80141
32 2.15371 3.82736
32.4 2.17165 3.85264
32.8 2.18817 3.87723
33.2 2.20328 3.90114
33.6 2.21703 3.92437
34 2.22946 3.94696
34.4 2.24065 3.96894
34.8 2.25068 3.99039
35.2 2.25966 4.01138
35.6 2.26771 4.03201
36 2.27496 4.05236
36.4 2.28155 4.07256
36.8 2.28766 4.09273
37.2 2.29345 4.11298
37.6 2.29909 4.13345
38 2.30478 4.15426
38.4 2.3107 4.17553
38.8 2.31703 4.19738
39.2 2.32397 4.21993
39.6 2.33171 4.24328
40 2.34041 4.26751
40.4 2.35026 4.29271
40.8 2.36142 4.31893
41.2 2.37403 4.34622
41.6 2.38824 4.37462
42 2.40415 4.40413
42.4 2.42186 4.43475
42.8 2.44147 4.46645
43.2 2.46302 4.4992
43.6 2.48656 4.53294
44 2.5121 4.56761
44.4 2.53963 4.60311
44.8 2.56913 4.63937
45.2 2.60054 4.67626
45.6 2.63379 4.7137
46 2.66879 4.75155
46.4 2.70541 4.7897
46.8 2.74352 4.82804
47.2 2.78298 4.86645
47.6 2.82362 4.90482
48 2.86526 4.94303
48.4 2.9077 4.98099
48.8 2.95076 5.01861
49.2 2.99422 5.0558
49.6 3.03789 5.09249
50 3.08155 5.12863
50.4 3.12501 5.16415
50.8 3.16805 5.19902
51.2 3.2105 5.23322
51.6 3.25217 5.26672
52 3.29289 5.29952
52.4 3.3325 5.33162
52.8 3.37087 5.36302
53.2 3.40787 5.39374
53.6 3.44341 5.42381
54 3.4774 5.45323
54.4 3.50977 5.48204
54.8 3.5405 5.51027
55.2 3.56956 5.53793
55.6 3.59696 5.56506
56 3.62271 5.59168
56.4 3.64687 5.61781
56.8 3.66949 5.64346
57.2 3.69065 5.66865
57.6 3.71044 5.69338
58 3.72896 5.71768
58.4 3.74634 5.74154
58.8 3.76269 5.76495
59.2 3.77814 5.78794
59.6 3.79283 5.81048
60 3.80688 5.83258
60.4 3.82043 5.85424
60.8 3.83361 5.87545
61.2 3.84652 5.89623
61.6 3.85928 5.91656
62 3.87199 5.93646
62.4 3.88474 5.95594
62.8 3.89759 5.975
63.2 3.9106 5.99367
63.6 3.92382 6.01196
64 3.93726 6.02989
64.4 3.95093 6.04749
64.8 3.96483 6.06477
65.2 3.97892 6.08176
65.6 3.99318 6.09847
66 4.00754 6.11491
66.4 4.02194 6.13111
66.8 4.03631 6.14705
67.2 4.05057 6.16274
67.6 4.06462 6.17815
68 4.07837 6.19326
68.4 4.09174 6.20801
68.8 4.10463 6.22237
69.2 4.11695 6.23624
69.6 4.12863 6.24955
70 4.13959 6.26219
70.4 4.14977 6.27403
70.8 4.15913 6.28494
71.2 4.16763 6.29478
71.6 4.17526 6.30336
72 4.18202 6.31053
72.4 4.18792 6.31608
72.8 4.19302 6.31984
73.2 4.19737 6.32159
73.6 4.20104 6.32114
74 4.20414 6.31829
74.4 4.20677 6.31284
74.8 4.20908 6.3046
75.2 4.21119 6.2934
75.6 4.21328 6.27907
76 4.21552 6.26147
76.4 4.21807 6.24047
76.8 4.22114 6.21597
77.2 4.2249 6.18789
77.6 4.22956 6.15616
78 4.2353 6.12078
78.4 4.2423 6.08174
78.8 4.25075 6.03907
79.2 4.26081 5.99283
79.6 4.27264 5.94312
80 4.28638 5.89006
80.4 4.30216 5.83379
80.8 4.32009 5.77448
81.2 4.34025 5.71233
81.6 4.36271 5.64754
82 4.3875 5.58035
82.4 4.41466 5.51101
82.8 4.44417 5.43976
83.2 4.47601 5.36687
83.6 4.51012 5.29261
84 4.54643 5.21725
84.4 4.58484 5.14104
84.8 4.62522 5.06427
85.2 4.66744 4.98716
85.6 4.71135 4.90997
86 4.75677 4.83292
86.4 4.80351 4.75624
86.8 4.85137 4.6801
87.2 4.90015 4.60469
87.6 4.94962 4.53017
88 4.99959 4.45668
88.4 5.04981 4.38433
88.8 5.10007 4.31322
89.2 5.15017 4.24343
89.6 5.19988 4.17502
90 5.249 4.10803
90.4 5.29735 4.04248
90.8 5.34475 3.97839
91.2 5.39101 3.91575
91.6 5.436 3.85453
92 5.47958 3.79472
92.4 5.52162 3.73627
92.8 5.56202 3.67914
93.2 5.60069 3.62327
93.6 5.63755 3.5686
94 5.67257 3.51508
94.4 5.70568 3.46263
94.8 5.73688 3.41119
95.2 5.76614 3.36069
95.6 5.79346 3.31107
96 5.81886 3.26225
96.4 5.84237 3.21417
96.8 5.86399 3.16676
97.2 5.88379 3.11995
97.6 5.90178 3.07369
98 5.91803 3.0279
98.4 5.93258 2.98252
98.8 5.94548 2.9375
99.2 5.95678 2.89277
99.6 5.96654 2.84826
100 5.97482 2.80393
100.4 5.98167 2.75971
100.8 5.98714 2.71554
101.2 5.9913 2.67136
101.6 5.99421 2.62712
102 5.99592 2.58275
102.4 5.99651 2.53821
102.8 5.99605 2.49344
103.2 5.99462 2.44838
103.6 5.99229 2.403
104 5.98918 2.35723
104.4 5.98537 2.31104
104.8 5.98097 2.26439
105.2 5.97612 2.21725
105.6 5.97095 2.16958
106 5.9656 2.12136
106.4 5.96022 2.07258
106.8 5.95499 2.02323
107.2 5.95007 1.9733
107.6 5.94566 1.92281
108 5.94193 1.87175
108.4 5.93908 1.82017
108.8 5.9373 1.76808
109.2 5.93679 1.71553
109.6 5.93771 1.66256
110 5.94026 1.60924
110.4 5.94459 1.55562
110.8 5.95086 1.50178
111.2 5.95918 1.44781
111.6 5.96966 1.39379
112 5.98238 1.33982
112.4 5.99738 1.28601
112.8 6.01469 1.23245
113.2 6.03428 1.17928
113.6 6.0561 1.12661
114 6.08005 1.07457
114.4 6.10601 1.02328
114.8 6.13381 0.972877
115.2 6.16326 0.923499
115.6 6.19411 0.875278
116 6.22611 0.828351
116.4 6.25897 0.782853
116.8 6.29238 0.738918
117.2 6.326 0.696678
117.6 6.35949 0.656261
118 6.39251 0.617791
118.4 6.4247 0.581387
118.8 6.45573 0.547162
119.2 6.48526 0.515221
119.6 6.51298 0.48566
120 6.53862 0.458569
120.4 6.5619 0.434026
120.8 6.58262 0.412099
121.2 6.6006 0.392845
121.6 6.6157 0.376309
122 6.62785 0.362524
122.4 6.637 0.351511
122.8 6.64319 0.343277
123.2 6.64647 0.337817
123.6 6.64699 0.335115
124 6.6449 0.335139
124.4 6.64043 0.337849
124.8 6.63386 0.343191
125.2 6.62548 0.351101
125.6 6.61565 0.361505
126 6.60472 0.374321
126.4 6.5931 0.389458
126.8 6.58119 0.406821
127.2 6.56942 0.426307
127.6 6.5582 0.447811
128 6.54796 0.471225
128.4 6.5391 0.496439
128.8 6.532 0.523346
129.2 6.52704 0.551837
129.6 6.52454 0.58181
130 6.52481 0.613164
130.4 6.52812 0.645805
130.8 6.5347 0.679643
131.2 6.54471 0.714598
131.6 6.55832 0.750593
132 6.57561 0.787563
132.4 6.59665 0.825448
132.8 6.62145 0.864197
133.2 6.64998 0.903766
133.6 6.68219 0.944118
134 6.718 0.985223
134.4 6.75729 1.02706
134.8 6.79991 1.0696
135.2 6.84571 1.11284
135.6 6.89452 1.15676
136 6.94615 1.20135
136.4 7.00041 1.24661
136.8 7.05711 1.29251
137.2 7.11607 1.33905
137.6 7.17709 1.38621
138 7.23999 1.43397
138.4 7.30459 1.4823
138.8 7.37072 1.53118
139.2 7.43823 1.58058
139.6 7.50696 1.63043
140 7.57676 1.68071
140.4 7.64748 1.73135
140.8 7.71898 1.78228
141.2 7.7911 1.83345
141.6 7.86371 1.88477
142 7.93663 1.93616
142.4 8.00971 1.98756
142.8 8.08275 2.03886
143.2 8.15556 2.08998
143.6 8.22791 2.14083
144 8.29958 2.19134
144.4 8.37029 2.24141
144.8 8.43977 2.29097
145.2 8.50771 2.33994
145.6 8.5738 2.38826
146 8.63768 2.43586
146.4 8.69901 2.4827
146.8 8.7574 2.52874
147.2 8.8125 2.57395
147.6 8.86391 2.61831
148 8.91126 2.66182
148.4 8.95418 2.70449
148.8 8.99234 2.74633
149.2 9.02539 2.78739
149.6 9.05304 2.8277
150 9.07503 2.86733
150.4 9.09114 2.90635
150.8 9.1012 2.94484
151.2 9.10508 2.98289
151.6 9.10273 3.02059
152 9.09414 3.05807
152.4 9.07938 3.09542
152.8 9.05858 3.13277
153.2 9.03193 3.17024
153.6 8.99969 3.20795
154 8.96219 3.24603
154.4 8.9198 3.28461
154.8 8.87297 3.32379
155.2 8.82218 3.3637
155.6 8.76797 3.40445
156 8.71091 3.44613
156.4 8.65161 3.48886
156.8 8.59068 3.53272
157.2 8.52876 3.57777
157.6 8.46649 3.6241
158 8.4045 3.67174
158.4 8.34341 3.72075
158.8 8.28381 3.77114
159.2 8.22626 3.82293
159.6 8.17128 3.87613
160 8.11935 3.9307
160.4 8.07088 3.98663
160.8 8.02624 4.04387
161.2 7.98572 4.10235
161.6 7.94956 4.16201
162 7.91792 4.22275
162.4 7.89089 4.28447
162.8 7.86849 4.34707
163.2 7.85069 4.41041
163.6 7.83737 4.47435
164 7.82837 4.53876
164.4 7.82346 4.60348
164.8 7.82236 4.66834
165.2 7.82475 4.73318
165.6 7.83027 4.79783
166 7.83852 4.8621
166.4 7.84911 4.92582
166.8 7.86159 4.98882
167.2 7.87552 5.05091
167.6 7.89048 5.11192
168 7.90604 5.17168
168.4 7.92178 5.23002
168.8 7.93732 5.28678
169.2 7.95229 5.34183
169.6 7.96637 5.395
170 7.97928 5.44618
170.4 7.99077 5.49523
170.8 8.00066 5.54207
171.2 8.0088 5.58657
171.6 8.01511 5.62868
172 8.01953 5.66831
172.4 8.02209 5.7054
172.8 8.02285 5.73992
173.2 8.02193 5.77183
173.6 8.01948 5.80111
174 8.01571 5.82776
174.4 8.01085 5.85178
174.8 8.00518 5.87317
175.2 7.999 5.89198
175.6 7.99263 5.90821
176 7.9864 5.92192
176.4 7.98066 5.93315
176.8 7.97574 5.94195
177.2 7.97199 5.94837
177.6 7.96973 5.95246
178 7.96926 5.9543
178.4 7.97086 5.95393
178.8 7.97478 5.95142
179.2 7.98121 5.94684
179.6 7.99033 5.94024
180 8.00224 5.93168
180.4 8.017 5.92123
180.8 8.03463 5.90895
181.2 8.05507 5.89489
181.6 8.07823 5.87913
182 8.10392 5.86171
182.4 8.13195 5.8427
182.8 8.16202 5.82216
183.2 8.19381 5.80016
183.6 8.22696 5.77676
184 8.26104 5.75204
184.4 8.2956 5.72606
184.8 8.33017 5.69891
185.2 8.36423 5.67067
185.6 8.39726 5.64142
186 8.42875 5.61125
186.4 8.45817 5.58027
186.8 8.48501 5.54857
187.2 8.50877 5.51626
187.6 8.52899 5.48345
188 8.54524 5.45026
188.4 8.55715 5.41679
188.8 8.56438 5.38317
189.2 8.56665 5.34951
189.6 8.56377 5.31593
190 8.55559 5.28255
190.4 8.54204 5.24947
190.8 8.52312 5.2168
191.2 8.49892 5.18463
191.6 8.46957 5.15307
192 8.43531 5.12218
192.4 8.39642 5.09204
192.8 8.35325 5.06271
193.2 8.30621 5.03423
193.6 8.25576 5.00663
194 8.2024 4.97994
194.4 8.14666 4.95415
194.8 8.08911 4.92925
195.2 8.03031 4.90522
195.6 7.97085 4.88203
196 7.91129 4.85961
196.4 7.85219 4.8379
196.8 7.79409 4.81683
197.2 7.73748 4.79632
197.6 7.68282 4.77627
198 7.63051 4.75658
198.4 7.58089 4.73716
198.8 7.53427 4.7179
199.2 7.49087 4.6987
199.6 7.45084 4.67945
200 7.41428 4.66006
200.4 7.38122 4.64043
200.8 7.35162 4.62049
201.2 7.32539 4.60016
201.6 7.30238 4.57938
202 7.28238 4.55809
202.4 7.26516 4.53626
202.8 7.25046 4.51386
203.2 7.23796 4.49088
203.6 7.22737 4.46732
204 7.21836 4.4432
204.4 7.21063 4.41854
204.8 7.20387 4.39338
205.2 7.1978 4.36778
205.6 7.19218 4.34179
206 7.1868 4.31548
206.4 7.18148 4.28892
206.8 7.17612 4.26219
207.2 7.17063 4.23537
207.6 7.165 4.20853
208 7.15927 4.18175
208.4 7.15354 4.15511
208.8 7.14793 4.12867
209.2 7.14265 4.10248
209.6 7.13793 4.07661
210 7.13402 4.05108
210.4 7.13123 4.02592
210.8 7.12987 4.00115
211.2 7.13026 3.97678
211.6 7.13274 3.95279
212 7.13761 3.92915
212.4 7.14519 3.90584
212.8 7.15574 3.8828
213.2 7.16951 3.85998
213.6 7.18668 3.8373
214 7.20741 3.8147
214.4 7.23176 3.79209
214.8 7.25977 3.76938
215.2 7.29138 3.74649
215.6 7.32648 3.72332
216 7.36487 3.69979
216.4 7.40631 3.67581
216.8 7.45045 3.65129
217.2 7.49693 3.62618
217.6 7.54527 3.6004
218 7.59498 3.57389
218.4 7.64551 3.54663
218.8 7.69627 3.51857
219.2 7.74664 3.48969
219.6 7.79599 3.45999
220 7.84367 3.42949
220.4 7.88904 3.39819
220.8 7.93147 3.36614
221.2 7.97033 3.33338
221.6 8.00506 3.29996
222 8.03512 3.26594
222.4 8.06 3.23141
222.8 8.07927 3.19643
223.2 8.09256 3.16108
223.6 8.09955 3.12545
224 8.1 3.08962
224.4 8.09374 3.05367
224.8 8.08068 3.01767
225.2 8.0608 2.98169
225.6 8.03413 2.94579
226 8.00081 2.91001
226.4 7.961 2.8744
226.8 7.91497 2.83898
227.2 7.86302 2.80377
227.6 7.80548 2.76875
228 7.74277 2.73391
228.4 7.67531 2.69922
228.8 7.60356 2.66463
229.2 7.52802 2.63008
229.6 7.44917 2.5955
230 7.36753 2.56079
230.4 7.2836 2.52588
230.8 7.1979 2.49065
231.2 7.1109 2.45499
231.6 7.0231 2.41879
232 6.93494 2.38193
232.4 6.84686 2.34429
232.8 6.75926 2.30576
233.2 6.67251 2.26624
233.6 6.58695 2.22561
234 6.50289 2.18378
234.4 6.42058 2.14067
234.8 6.34027 2.09622
235.2 6.26215 2.05036
235.6 6.18638 2.00307
236 6.11308 1.95432
236.4 6.04235 1.90412
236.8 5.97426 1.85247
237.2 5.90883 1.79942
237.6 5.84607 1.74503
238 5.78595 1.68936
238.4 5.72844 1.63253
238.8 5.67346 1.57463
239.2 5.62092 1.51581
239.6 5.57073 1.4562
240 5.52275 1.39597
240.4 5.47687 1.33528
240.8 5.43293 1.27431
241.2 5.39078 1.21325
241.6 5.35026 1.1523
242 5.31122 1.09165
242.4 5.27348 1.0315
242.8 5.23689 0.972046
243.2 5.20128 0.913476
243.6 5.16651 0.855979
244 5.13242 0.799733
244.4 5.09889 0.744909
244.8 5.06579 0.691665
245.2 5.03302 0.640146
245.6 5.0005 0.590484
246 4.96818 0.542795
246.4 4.936 0.497179
246.8 4.90397 0.453721
247.2 4.87209 0.412488
247.6 4.84042 0.373529
248 4.80903 0.336877
248.4 4.77803 0.302549
248.8 4.74755 0.270544
249.2 4.71776 0.240846
249.6 4.68886 0.213426
250 4.66107 0.188237
250.4 4.63464 0.165223
250.8 4.60984 0.144315
251.2 4.58696 0.125434
251.6 4.56629 0.108492
252 4.54814 0.0933925
252.4 4.53283 0.080034
252.8 4.52067 0.0683095
253.2 4.51195 0.0581089
253.6 4.50697 0.0493195
254 4.50599 0.0418282
254.4 4.50924 0.0355218
254.8 4.51694 0.0302886
255.2 4.52924 0.0260193
255.6 4.54628 0.022608
256 4.56811 0.0199528
256.4 4.59477 0.0179567
256.8 4.6262 0.016528
257.2 4.66233 0.015581
257.6 4.70298 0.0150361
258 4.74794 0.0148202
258.4 4.79693 0.014867
258.8 4.84962 0.0151166
259.2 4.90559 0.0155159
259.6 4.96442 0.0160184
260 5.0256 0.0165838
260.4 5.0886 0.0171778
260.8 5.15283 0.0177722
261.2 5.21772 0.0183437
261.6 5.28262 0.0188744
262 5.34692 0.0193508
262.4 5.40998 0.0197634
262.8 5.47117 0.0201066
263.2 5.52989 0.0203777
263.6 5.58555 0.0205771
264 5.6376 0.020707
264.4 5.68553 0.020772
264.8 5.72889 0.0207776
265.2 5.76727 0.0207306
265.6 5.80035 0.0206387
266 5.82785 0.0205095
266.4 5.84959 0.0203512
266.8 5.86543 0.0201714
267.2 5.87533 0.0199776
267.6 5.87933 0.0197767
268 5.87754 0.0195748
268.4 5.87014 0.0193775
268.8 5.85738 0.0191892
269.2 5.83958 0.0190136
269.6 5.81712 0.0188535
270 5.79043 0.0187108
270.4 5.75997 0.0185866
270.8 5.72627 0.0184811
271.2 5.68986 0.0183939
271.6 5.65129 0.018324
272 5.61114 0.0182698
272.4 5.56998 0.0182296
272.8 5.52835 0.0182009
273.2 5.48679 0.0181813
273.6 5.44582 0.0181684
274 5.40592 0.0181596
274.4 5.3675 0.0181524
274.8 5.33096 0.0181447
275.2 5.29662 0.0181344
275.6 5.26475 0.0181197
276 5.23556 0.0180992
276.4 5.20919 0.0180718
276.8 5.18572 0.018037
277.2 5.16515 0.0179942
277.6 5.14744 0.0179437
278 5.13247 0.0178856
278.4 5.12007 0.0178208
278.8 5.11002 0.01775
279.2 5.10205 0.0176745
279.6 5.09586 0.0175956
280 5.09108 0.0175146
280.4 5.08736 0.017433
280.8 5.08431 0.0173523
281.2 5.08152 0.0172739
281.6 5.0786 0.0171991
282 5.07514 0.0171291
282.4 5.07076 0.0170648
282.8 5.0651 0.0170069
283.2 5.05782 0.0169561
283.6 5.04861 0.0169127
284 5.03721 0.0168765
284.4 5.02339 0.0168475
284.8 5.00697 0.0168252
285.2 4.98781 0.0168089
285.6 4.96584 0.0167977
286 4.94103 0.0167907
286.4 4.91338 0.0167866
286.8 4.88297 0.0167842
287.2 4.84989 0.0167821
287.6 4.81432 0.0167791
288 4.77642 0.0167738
288.4 4.73643 0.0167649
288.8 4.69459 0.0167514
289.2 4.65116 0.0167321
289.6 4.60644 0.0167061
290 4.56071 0.0166728
290.4 4.51428 0.0166316
290.8 4.46742 0.0165821
291.2 4.42041 0.0165241
291.6 4.37352 0.0164577
292 4.32699 0.016383
292.4 4.28103 0.0163004
292.8 4.23582 0.0162105
293.2 4.1915 0.0161137
293.6 4.14819 0.0160109
294 4.10596 0.0159027
294.4 4.06483 0.01579
294.8 4.02479 0.0156736
295.2 3.9858 0.0155543
295.6 3.94778 0.0154327
296 3.9106 0.0153095
296.4 3.8741 0.0151852
296.8 3.83812 0.0150602
297.2 3.80245 0.0149348
297.6 3.76687 0.014809
298 3.73114 0.0146829
298.4 3.69504 0.0145561
298.8 3.65831 0.0144283
299.2 3.62073 0.014299
299.6 3.58206 0.0141674
300 3.54209 0.0140327
300.4 3.50064 0.013894
300.8 3.45753 0.0137503
301.2 3.41262 0.0136003
301.6 3.3658 0.0134429
302 3.317 0.013277
302.4 3.26616 0.0131012
302.8 3.21328 0.0129143
303.2 3.15839 0.0127153
303.6 3.10155 0.0125028
304 3.04285 0.012276
304.4 2.98241 0.0120338
304.8 2.92038 0.0117754
305.2 2.85694 0.0115001
305.6 2.79228 0.0112072
306 2.72661 0.0108964
306.4 2.66016 0.0105672
306.8 2.59315 0.0102196
307.2 2.52582 0.00985349
307.6 2.45838 0.00946914
308 2.39107 0.00906682
308.4 2.32408 0.00864703
308.8 2.25762 0.00821038
309.2 2.19185 0.00775766
309.6 2.12694 0.00728981
310 2.063 0.00680789
310.4 2.00015 0.0063131
310.8 1.93847 0.00580679
311.2 1.878 0.00529039
311.6 1.81878 0.00476547
312 1.7608 0.0042337
312.4 1.70404 0.00369683
312.8 1.64847 0.0031567
313.2 1.59401 0.00261522
313.6 1.5406 0.00207435
314 1.48814 0.00153612
314.4 1.43655 0.00100254
314.8 1.38571 0.000475673
315.2 1.33553 -4.24382e-05
315.6 1.2859 -0.000549772
316 1.23674 -0.00104435
316.4 1.18796 -0.00152425
316.8 1.13949 -0.00198763
317.2 1.09128 -0.00243274
317.6 1.04328 -0.00285797
318 0.995475 -0.00326182
318.4 0.947869 -0.00364296
318.8 0.900478 -0.00400023
319.2 0.853343 -0.00433263
319.6 0.806525 -0.00463938
320 0.7601 -0.00491989
320.4 0.714163 -0.0051738
320.8 0.668826 -0.00540094
321.2 0.624209 -0.00560137
321.6 0.580445 -0.00577537
322 0.537671 -0.0059234
322.4 0.496031 -0.00604616
322.8 0.455665 -0.00614449
323.2 0.416715 -0.00621943
323.6 0.379313 -0.00627218
324 0.343584 -0.00630405
324.4 0.309642 -0.00631647
324.8 0.277585 -0.00631098
325.2 0.247496 -0.00628916
325.6 0.219441 -0.00625264
326 0.193464 -0.00620308
326.4 0.169593 -0.00614211
326.8 0.147832 -0.00607135
327.2 0.128166 -0.00599235
327.6 0.11056 -0.00590662
328 0.0949596 -0.00581555
328.4 0.0812929 -0.00572047
328.8 0.0694713 -0.00562256
329.2 0.0593919 -0.00552289
329.6 0.0509397 -0.00542242
330 0.0439894 -0.00532197
330.4 0.0384082 -0.00522224
330.8 0.0340583 -0.00512378
331.2 0.030799 -0.00502705
331.6 0.0284895 -0.00493239
332 0.0269911 -0.00484003
332.4 0.0261693 -0.00475011
332.8 0.0258955 -0.00466269
333.2 0.0260494 -0.00457778
333.6 0.0265197 -0.0044953
334 0.0272057 -0.00441515
334.4 0.0280179 -0.00433721
334.8 0.0288789 -0.00426133
335.2 0.0297233 -0.00418734
335.6 0.0304979 -0.00411508
336 0.0311614 -0.00404442
336.4 0.0316838 -0.00397521
336.8 0.0320457 -0.00390734
337.2 0.0322372 -0.00384072
337.6 0.0322574 -0.00377527
338 0.0321124 -0.00371095
338.4 0.0318148 -0.00364773
338.8 0.0313819 -0.0035856
339.2 0.0308346 -0.00352458
339.6 0.0301964 -0.00346468
340 0.0294919 -0.00340594
340.4 0.0287459 -0.00334838
340.8 0.0279823 -0.00329204
341.2 0.0272235 -0.00323695
341.6 0.0264894 -0.00318312
342 0.0257974 -0.00313057
342.4 0.0251614 -0.00307929
342.8 0.024592 -0.00302926
343.2 0.0240962 -0.00298045
343.6 0.0236777 -0.00293282
344 0.023337 -0.00288631
344.4 0.0230713 -0.00284085
344.8 0.0228756 -0.00279637
345.2 0.0227423 -0.00275278
345.6 0.0226626 -0.00271
346 0.0226259 -0.00266796
346.4 0.0226215 -0.00262658
346.8 0.0226379 -0.00258581
347.2 0.0226642 -0.00254558
347.6 0.0226901 -0.00250586
348 0.0227062 -0.00246663
348.4 0.0227044 -0.0024279
348.8 0.0226782 -0.00238968
349.2 0.0226225 -0.002352
349.6 0.0225343 -0.00231491
350 0.0224119 -0.00227849
350.4 0.0222556 -0.00224282
350.8 0.0220669 -0.00220798
351.2 0.0218489 -0.00217408
351.6 0.0216058 -0.0021412
352 0.0213424 -0.00210945
352.4 0.0210644 -0.00207893
352.8 0.0207779 -0.00204971
353.2 0.0204887 -0.00202186
353.6 0.0202028 -0.00199544
354 0.0199256 -0.00197048
354.4 0.0196619 -0.001947
354.8 0.0194159 -0.00192498
355.2 0.0191905 -0.0019044
355.6 0.0189881 -0.00188521
356 0.0188096 -0.00186733
356.4 0.0186554 -0.00185066
356.8 0.0185245 -0.00183509
357.2 0.0184151 -0.0018205
357.6 0.0183248 -0.00180675
358 0.0182505 -0.00179369
358.4 0.0181884 -0.00178118
358.8 0.0181346 -0.00176907
359.2 0.018085 -0.00175721
359.6 0.0180355 -0.00174546
360 0.0179823 -0.00173371
360.4 0.0179217 -0.00172184
360.8 0.0178507 -0.00170976
361.2 0.0177668 -0.00169739
361.6 0.0176679 -0.00168467
362 0.0175529 -0.00167158
362.4 0.0174213 -0.00165809
362.8 0.0172733 -0.0016442
363.2 0.0171096 -0.00162993
363.6 0.0169316 -0.00161532
364 0.0167413 -0.00160041
364.4 0.016541 -0.00158526
364.8 0.0163333 -0.00156994
365.2 0.016121 -0.00155449
365.6 0.0159071 -0.00153901
366 0.0156942 -0.00152355
366.4 0.015485 -0.00150816
366.8 0.0152819 -0.00149292
367.2 0.0150869 -0.00147786
367.6 0.0149015 -0.00146302
368 0.0147269 -0.00144841
368.4 0.0145636 -0.00143406
368.8 0.0144117 -0.00141996
369.2 0.0142708 -0.00140611
369.6 0.01414 -0.00139247
370 0.0140181 -0.00137903
370.4 0.0139033 -0.00136574
370.8 0.0137939 -0.00135257
371.2 0.0136876 -0.00133947
371.6 0.0135824 -0.0013264
372 0.0134759 -0.00131332
372.4 0.0133663 -0.00130019
372.8 0.0132514 -0.00128698
373.2 0.0131297 -0.00127365
373.6 0.0129997 -0.0012602
374 0.0128606 -0.00124661
374.4 0.0127116 -0.00123288
374.8 0.0125526 -0.00121903
375.2 0.0123838 -0.00120507
375.6 0.0122058 -0.00119102
376 0.0120198 -0.00117691
376.4 0.0118269 -0.00116278
376.8 0.0116289 -0.00114867
377.2 0.0114276 -0.00113462
377.6 0.0112249 -0.00112066
378 0.0110231 -0.00110682
378.4 0.010824 -0.00109314
378.8 0.0106298 -0.00107964
379.2 0.0104423 -0.00106633
379.6 0.0102631 -0.00105322
380 0.0100937 -0.0010403
380.4 0.00993512 -0.00102755
380.8 0.00978823 -0.00101495
381.2 0.00965344 -0.00100247
381.6 0.00953083 -0.000990059
382 0.00942017 -0.000977666
382.4 0.00932087 -0.000965234
382.8 0.00923208 -0.0009527
383.2 0.00915267 -0.000940001
383.6 0.00908132 -0.000927071
384 0.00901655 -0.000913849
384.4 0.00895679 -0.000900276
384.8 0.00890043 -0.0008863
385.2 0.00884585 -0.000871877
385.6 0.00879153 -0.000856973
386 0.00873605 -0.000841563
386.4 0.00867816 -0.000825637
386.8 0.0086168 -0.000809193
387.2 0.00855111 -0.000792246
387.6 0.00848049 -0.000774819
388 0.00840458 -0.000756948
388.4 0.00832324 -0.00073868
388.8 0.00823659 -0.000720071
389.2 0.00814492 -0.000701183
389.6 0.00804875 -0.000682085
390 0.0079487 -0.000662851
390.4 0.00784554 -0.000643555
390.8 0.0077401 -0.000624272
391.2 0.00763324 -0.000605073
391.6 0.00752584 -0.000586029
392 0.00741872 -0.000567204
392.4 0.00731261 -0.000548653
392.8 0.00720817 -0.000530429
393.2 0.00710591 -0.000512572
393.6 0.00700621 -0.000495115
394 0.00690928 -0.000478083
394.4 0.00681519 -0.000461492
394.8 0.00672385 -0.000445351
395.2 0.00663501 -0.00042966
395.6 0.00654834 -0.000414415
396 0.00646335 -0.000399606
396.4 0.0063795 -0.00038522
396.8 0.00629619 -0.000371241
397.2 0.0062128 -0.000357654
397.6 0.0061287 -0.000344441
398 0.00604331 -0.000331589
398.4 0.0059561 -0.000319084
398.8 0.00586661 -0.000306917
399.2 0.0057745 -0.000295083
399.6 0.00567953 -0.000283581
400 0.0055816 -0.000272412
