-1994.09 -1995.77
-2076.36 -2074.93
-2145.78 -2142.43
-2203.76 -2199.17
-2251.25 -2246.01
-2289.19 -2283.76
-2302.96 -2299.47
-2316.7 -2313.19
-2328.47 -2325
-2338.37 -2334.98
-2346.51 -2343.23
-2350.38 -2349.82
-2352.57 -2352
-2354.5 -2353.94
-2356.19 -2355.63
-2357.63 -2357.08
-2358.84 -2358.3
-2359.35 -2358.82
-2359.81 -2359.29
-2360.21 -2359.7
-2360.55 -2360.05
-2360.84 -2360.35
-2361.07 -2360.59
-2361.25 -2360.78
-2361.37 -2360.91
-2361.45 -2360.99
-2361.46 -2361.02
-2361.43 -2360.99
-2361.34 -2360.92
-2361.2 -2360.79
-2361.01 -2360.61
-2360.77 -2360.38
-2360.48 -2360.1
-2360.14 -2359.78
-2359.76 -2359.4
-2359.32 -2358.98
-2358.83 -2358.5
-2357.73 -2357.42
-2356.43 -2356.15
-2354.97 -2354.7
-2353.31 -2353.07
-2351.5 -2351.26
-2344.9 -2346.02
-2338.69 -2339.77
-2331.54 -2332.57
-2323.49 -2324.46
-2314.6 -2315.51
-2304.9 -2305.75
-2282.89 -2284.02
-2258.68 -2259.61
-2232.11 -2232.88
-2203.5 -2204.11
-2173.05 -2173.59
-2141.08 -2141.58
-2107.11 -2108.32
-2072.73 -2074.02
-2037.37 -2038.86
-2001.23 -2003
-1963.16 -1966.6
-1926.01 -1929.8
-1888.46 -1892.65
-1850.66 -1855.42
-1812.69 -1818.05
-2189.5 -2191.16
-2226.39 -2226.03
-2257.74 -2256.47
-2284.88 -2282.62
-2306.7 -2304.64
-2324.59 -2322.7
-2331.97 -2330.31
-2338.83 -2337.02
-2344.76 -2342.84
-2348.93 -2347.8
-2353.13 -2351.94
-2355.66 -2355.27
-2356.8 -2356.38
-2357.8 -2357.37
-2358.69 -2358.23
-2359.45 -2358.98
-2360.08 -2359.61
-2360.35 -2359.88
-2360.59 -2360.12
-2360.8 -2360.33
-2360.98 -2360.51
-2361.14 -2360.67
-2361.26 -2360.79
-2361.35 -2360.89
-2361.42 -2360.96
-2361.45 -2361
-2361.46 -2361.02
-2361.44 -2361
-2361.39 -2360.96
-2361.32 -2360.9
-2361.21 -2360.8
-2361.08 -2360.68
-2360.92 -2360.54
-2360.74 -2360.36
-2360.53 -2360.16
-2360.29 -2359.94
-2360.02 -2359.69
-2359.41 -2359.11
-2358.7 -2358.43
-2357.89 -2357.64
-2356.97 -2356.77
-2355.96 -2355.79
-2352.35 -2352.93
-2348.86 -2349.5
-2344.81 -2345.51
-2340.21 -2340.99
-2335.09 -2335.94
-2329.05 -2330.4
-2316.45 -2317.91
-2302.09 -2303.65
-2286.13 -2287.76
-2268.29 -2270.39
-2249.56 -2251.66
-2229.63 -2231.69
-2208.59 -2210.61
-2186.58 -2188.53
-2163.66 -2165.56
-2139.55 -2141.82
-2114.75 -2117.39
-2089.81 -2092.37
-2063.9 -2066.84
-2037.97 -2040.92
-2011.62 -2014.65
-2310.02 -2308.91
-2320.14 -2318.79
-2328.31 -2327.67
-2336.39 -2335.54
-2343.39 -2342.35
-2348.9 -2348.11
-2351.46 -2350.59
-2353.75 -2352.8
-2354.88 -2354.74
-2356.65 -2356.42
-2358.14 -2357.83
-2359.35 -2358.98
-2359.76 -2359.37
-2360.13 -2359.72
-2360.45 -2360.02
-2360.72 -2360.29
-2360.95 -2360.51
-2361.05 -2360.61
-2361.14 -2360.69
-2361.22 -2360.77
-2361.29 -2360.83
-2361.34 -2360.89
-2361.39 -2360.94
-2361.42 -2360.97
-2361.45 -2361
-2361.46 -2361.01
-2361.46 -2361.02
-2361.45 -2361.01
-2361.43 -2361
-2361.4 -2360.97
-2361.36 -2360.94
-2361.31 -2360.9
-2361.25 -2360.84
-2361.18 -2360.78
-2361.09 -2360.7
-2361 -2360.62
-2360.9 -2360.53
-2360.66 -2360.31
-2360.38 -2360.05
-2360.05 -2359.76
-2359.69 -2359.42
-2359.28 -2359.05
-2358.09 -2357.95
-2356.44 -2356.62
-2354.76 -2355.05
-2352.83 -2353.24
-2350.66 -2351.21
-2347.82 -2348.95
-2342.35 -2343.77
-2335.99 -2337.71
-2328.78 -2330.81
-2320.77 -2323.08
-2311.99 -2314.56
-2302.51 -2305.27
-2292.34 -2295.23
-2281.55 -2284.48
-2270.18 -2273.04
-2258.27 -2260.93
-2245.43 -2248.2
-2232.6 -2234.86
-2218.95 -2220.97
-2205.39 -2206.57
-2191.28 -2191.71
