-0.264383 -0.294292 0.279388 -0.255487 -0.319997 0.26039
-0.884985 -0.989868 -0.505625 -0.893433 -1.06216 -0.565563
0.43947 0.649346 -0.31167 0.484189 0.657276 -0.331452
-0.464033 -0.450026 -0.360732 -0.468136 -0.489185 -0.441489
0.178848 -0.180913 0.154425 0.135461 -0.279202 0.094655
0.595651 0.513416 1.26687 0.651876 0.592089 1.32158
-0.0157419 -0.0774973 -0.659136 -0.008801 -0.111553 -0.662887
0.379342 0.675955 -0.191955 0.415426 0.70843 -0.140974
-0.304676 0.442668 0.0296616 -0.300181 0.439368 0.092885
-0.228136 0.625863 -0.139923 -0.242889 0.554072 -0.154135
-0.192252 0.672707 -0.263493 -0.167072 0.611754 -0.249567
-0.354124 -0.0778566 -0.783374 -0.31635 -0.113532 -0.811402
0.156244 -0.757495 0.416597 0.118833 -0.769578 0.425901
0.0826808 0.170902 0.203435 0.060024 0.133565 0.199578
0.108409 -1.06064 -0.0322734 0.090239 -1.04575 -0.065807
0.394628 0.911805 0.0786549 0.47162 0.938618 0.087453
-0.336967 -0.567878 -0.34735 -0.417535 -0.595324 -0.381298
-0.332614 -0.213436 -0.876437 -0.378641 -0.204083 -0.852212
0.672678 0.375612 -0.689976 0.642005 0.337118 -0.683601
-0.167385 0.721359 0.233797 -0.150307 0.724919 0.299393
0.111757 0.00131504 0.736189 0.113219 0.001607 0.665664
0.391913 0.64055 0.353456 0.40726 0.700964 0.356664
0.446724 -0.0673876 -0.689581 0.454002 -0.026156 -0.634604
0.0318947 -0.542988 0.160701 0.03723 -0.506812 0.226624
-0.641328 0.429443 -0.0492864 -0.567058 0.370062 -0.032304
0.241304 -0.180167 -0.15492 0.264318 -0.195641 -0.160529
-0.223405 0.00610681 0.347998 -0.219668 0.025922 0.371404
-0.174451 0.274561 0.565243 -0.1483 0.260738 0.569922
0.367205 -0.237154 -0.0807566 0.353046 -0.28588 -0.024952
0.584042 0.188246 -0.416166 0.608241 0.152905 -0.432278
0.0528989 0.0822024 -0.538673 0.003518 0.039656 -0.570853
0.0329603 -0.140101 0.126929 0.012313 -0.172386 0.156515
-0.287544 0.614549 0.459001 -0.274599 0.642465 0.435543
0.380971 0.19146 -0.269156 0.387962 0.194153 -0.206378
0.268352 0.250099 0.146609 0.315638 0.308629 0.154183
-0.473154 -0.0116094 -0.376454 -0.424514 -0.011637 -0.390093
0.0114231 -0.242619 -0.133243 0.008821 -0.23188 -0.155415
-0.496572 0.389893 -0.559632 -0.494668 0.363792 -0.57402
-0.0754814 -0.128239 0.183391 -0.074201 -0.182689 0.230815
0.272424 0.613605 0.242167 0.252594 0.671468 0.251364
0.682808 0.411684 -0.548123 0.652111 0.457939 -0.548193
-0.119393 -0.634033 0.295398 -0.169518 -0.613968 0.20836
0.444203 -0.608274 0.195558 0.453756 -0.582158 0.201826
-0.183268 -0.956572 0.505075 -0.193105 -0.940628 0.444988
-0.397489 0.688934 -0.861347 -0.442068 0.667546 -0.899115
-0.578416 0.677964 -0.0601189 -0.546674 0.698567 -0.087396
0.0221861 0.519639 -0.0665031 0.137665 0.539247 -0.042108
0.0643135 0.674641 -0.197951 0.065334 0.654759 -0.156861
-0.0518279 -0.826745 -0.527755 -0.138741 -0.87166 -0.504865
0.963842 -0.743943 -0.0180914 0.937003 -0.801692 0.089268
0.0710533 0.00724832 0.233569 0.115339 0.021156 0.227365
0.477734 -0.472679 0.231357 0.518713 -0.429487 0.279763
0.12016 0.719268 0.717306 0.219673 0.685494 0.750962
0.403049 -0.219529 0.165975 0.420916 -0.20606 0.199647
-0.243261 0.154097 -0.545706 -0.271782 0.150154 -0.577
0.237541 0.539251 -0.6132 0.309076 0.50924 -0.633952
0.153573 -0.258772 -0.181466 0.142002 -0.186544 -0.143382
0.636754 -0.575902 0.212282 0.639401 -0.601 0.258584
0.297368 -0.397762 0.601612 0.380635 -0.410567 0.618703
-0.203249 0.229433 -0.248132 -0.19871 0.255233 -0.311796
-0.75728 0.241222 -0.271188 -0.703949 0.201998 -0.303248
0.367998 0.401464 0.48851 0.411748 0.387418 0.511816
0.536363 -0.284008 -0.420446 0.526514 -0.303497 -0.428948
0.290692 0.538359 -0.368019 0.261152 0.540819 -0.307717
-0.0402621 -0.645145 -0.0126753 0.002672 -0.613277 -0.001103
0.103265 0.19131 -0.263293 0.065789 0.161755 -0.216264
0.515079 -0.315682 0.559434 0.504619 -0.343926 0.515014
0.186021 -0.0227504 0.579592 0.177491 -0.056727 0.59666
-0.130359 0.469113 -0.0853455 -0.117792 0.416288 -0.037569
-0.0799676 -1.02485 0.343908 -0.128093 -1.03639 0.359724
-0.0408406 -0.872026 -0.576645 -0.006705 -0.86355 -0.519057
-0.868593 0.148025 0.221027 -0.758997 0.144271 0.198753
-0.0349175 -0.491149 -0.255236 -0.066356 -0.473315 -0.278997
0.233728 -0.754141 -0.158059 0.317447 -0.708312 -0.12856
0.374466 -0.0645779 0.209357 0.356434 0.027579 0.227106
-0.348665 0.613311 0.367984 -0.311921 0.573803 0.384772
-0.198065 0.692552 0.315459 -0.169154 0.672297 0.339641
-0.423421 0.450581 0.202218 -0.405478 0.406168 0.144009
-0.499372 0.240223 0.0652381 -0.419624 0.18188 0.011851
0.206637 -0.0615015 0.0160175 0.214226 -0.103329 0.011714
0.694209 0.128678 -0.320851 0.669596 0.180516 -0.333509
0.836541 0.117495 -0.23378 0.812693 0.138259 -0.190778
-0.368354 -0.238116 0.235547 -0.341002 -0.265395 0.22779
1.06411 0.305758 -0.766352 1.01988 0.338084 -0.762894
-1.08951 -0.304985 0.696082 -1.09846 -0.330929 0.672248
-0.606471 0.384183 -0.579311 -0.587066 0.378758 -0.599399
-0.0570305 0.519233 -0.571786 -0.044859 0.481205 -0.56181
-0.216198 -0.152594 -0.0508906 -0.164858 -0.157288 -0.087865
0.542939 0.110578 0.787147 0.551401 0.084997 0.827123
-0.100838 -0.247224 0.251945 -0.094259 -0.243802 0.241629
-0.196799 -0.218736 0.111666 -0.164499 -0.21886 0.058247
-0.11989 -0.659115 0.643958 -0.134868 -0.622366 0.598882
0.1403 -0.201521 -0.769128 0.148065 -0.245627 -0.749475
-0.212795 0.687615 -0.320876 -0.251087 0.688005 -0.342692
0.481569 -0.315384 -0.215292 0.492981 -0.343392 -0.186035
-0.0606405 0.787938 -0.705127 -0.072465 0.798363 -0.710026
-0.0188929 -0.625886 -0.111381 -0.107426 -0.594337 -0.163293
-0.142723 -0.269577 -0.0261627 -0.20327 -0.284299 -0.004551
0.92079 -0.24686 -0.497454 0.92382 -0.206239 -0.489873
0.0308713 -0.278816 -0.520027 -0.021018 -0.181952 -0.560494
-0.419643 0.712098 -0.0338107 -0.437588 0.682531 -0.063086
0.296378 -0.498412 0.401612 0.277546 -0.509634 0.392
-0.139877 0.288197 0.139356 -0.073431 0.297426 0.19624
0.367776 0.66533 0.00342473 0.391988 0.688363 0.005157
-1.0123 0.0793635 -0.538109 -1.05443 0.105765 -0.505957
0.134329 -0.0139338 -0.113229 0.132559 0.018508 -0.122454
-0.525128 -0.496243 -0.223986 -0.505373 -0.480133 -0.169445
-0.458838 -0.555496 -0.539007 -0.394673 -0.539969 -0.481396
0.349585 0.762736 0.623251 0.305326 0.759017 0.620944
-0.67619 0.402877 -0.343213 -0.723105 0.410651 -0.449086
0.263124 0.287242 0.777357 0.298211 0.230187 0.751196
0.768748 -0.0991309 0.731923 0.745608 -0.053934 0.727118
0.605609 0.357097 -0.478427 0.627303 0.346177 -0.474116
0.720996 -0.138584 -0.0662223 0.711946 -0.111439 -0.022277
-0.0833927 -0.193312 0.0830782 -0.118864 -0.174087 0.015981
0.638172 -0.567124 -0.174706 0.597189 -0.562227 -0.10144
-0.687787 0.108728 0.475858 -0.659509 0.097093 0.475968
-0.486001 -0.984875 0.440884 -0.537739 -0.978568 0.471854
0.521733 0.387997 -0.667876 0.511233 0.31728 -0.653755
-0.441852 -0.100651 0.594341 -0.404548 -0.140743 0.588332
0.644985 0.266307 -0.54546 0.65267 0.345506 -0.522502
-0.468655 -0.761648 0.319695 -0.424398 -0.72246 0.339148
-0.496472 -0.323794 0.168973 -0.523275 -0.271099 0.130806
-0.552575 0.27962 -0.063431 -0.605356 0.297393 -0.039209
0.232853 0.244333 0.190875 0.198569 0.263906 0.191103
0.464169 0.378728 0.104774 0.41683 0.377899 0.096165
-0.406532 0.479152 -0.221927 -0.397635 0.466063 -0.197415
-0.570699 0.416777 -0.204333 -0.606811 0.510332 -0.130351
-0.383918 -0.681515 0.376195 -0.392987 -0.659056 0.31044
-0.694468 0.00695975 0.848855 -0.676915 0.002549 0.866504
-0.0592447 -0.250482 -0.121823 -0.063524 -0.280151 -0.077347
0.192322 0.421272 -0.144773 0.15933 0.448195 -0.171633
0.379802 -0.247048 -0.23443 0.330057 -0.265034 -0.239184
0.602693 0.229926 -0.429924 0.575373 0.251956 -0.390747
-0.236352 0.550753 0.000652424 -0.281841 0.569455 -0.000154
-0.785487 0.187798 0.145711 -0.788522 0.210049 0.18921
0.239074 0.27488 0.563292 0.287202 0.207994 0.543218
0.455703 0.54197 0.369967 0.488227 0.494412 0.34147
-0.102325 0.298112 -0.055204 -0.156533 0.347407 -0.048149
0.147441 -0.132197 0.0645703 0.119168 -0.095051 0.02779
0.0654727 -0.658109 -0.144993 0.095821 -0.646017 -0.144062
-0.503527 0.308683 -1.13289 -0.541983 0.339285 -1.07378
-0.302771 0.388727 -0.236971 -0.327821 0.352804 -0.22253
0.0643461 0.210164 -0.666446 0.008699 0.226355 -0.67456
0.0572173 0.389955 -0.519254 0.065597 0.41175 -0.508025
-0.805239 0.453635 0.289863 -0.774674 0.466579 0.287355
0.652447 -0.239706 -0.836735 0.658585 -0.196341 -0.77159
-0.0791299 -1.05286 0.682969 -0.093215 -1.04535 0.618922
0.706535 0.15847 -0.345453 0.692647 0.114057 -0.294222
-0.143846 0.0383367 -0.230425 -0.149532 -0.008109 -0.215805
-0.448378 0.0365862 0.362337 -0.422112 -0.002207 0.343663
0.446962 0.593806 -0.538419 0.428999 0.551716 -0.469035
0.0600573 0.136882 0.269469 0.098586 0.15531 0.212327
-0.434542 0.284278 0.40761 -0.462043 0.287037 0.407887
-0.522522 0.324303 0.940399 -0.478178 0.378848 0.921802
0.404328 -0.303636 0.0406959 0.398338 -0.292905 0.061638
0.216719 -0.014225 -0.543897 0.22636 0.041354 -0.491952
-0.167866 -0.43008 0.135126 -0.210574 -0.438998 0.130494
-0.00363656 0.0930711 -0.29401 -0.014534 0.150964 -0.318486
0.323828 -0.0449361 -0.00239839 0.339361 -0.112999 -0.051552
-0.55198 -0.114662 -0.144396 -0.527408 -0.087455 -0.218922
-0.238384 0.06598 -0.260281 -0.228845 0.077444 -0.276285
-0.23735 -0.156407 0.199196 -0.201182 -0.122011 0.212935
-0.973702 -0.269882 -0.190898 -0.969824 -0.282829 -0.168823
0.699841 -0.0519923 -0.0171306 0.677714 -0.121928 -0.014909
0.220136 0.297969 -0.128897 0.197568 0.303767 -0.151231
0.256178 0.0293373 -0.515942 0.232157 -0.041819 -0.514845
0.597981 0.4505 0.44967 0.578113 0.470736 0.453675
-0.404574 -0.234098 0.238757 -0.318606 -0.197124 0.247027
0.363822 -0.735269 0.310696 0.444877 -0.683214 0.312421
-0.291257 -0.271606 0.430169 -0.327018 -0.236507 0.331867
-0.332368 -0.680266 0.15272 -0.300343 -0.699226 0.128991
-0.0156496 0.548082 -0.153122 -0.020346 0.476174 -0.141343
-0.543247 0.978186 -0.444263 -0.569305 0.970484 -0.441738
-0.274038 0.759766 -0.577753 -0.337338 0.739378 -0.572515
0.307496 0.746649 -0.282028 0.262674 0.734676 -0.27877
0.463918 0.197407 0.48621 0.457241 0.187128 0.466462
0.248159 -0.684297 -0.00909348 0.240567 -0.637118 -0.052511
0.127731 -0.201263 0.570148 0.100424 -0.157444 0.568469
0.595735 -0.567254 0.414257 0.545209 -0.530807 0.393023
-0.654124 0.278255 -0.344233 -0.636671 0.24126 -0.340493
-0.19257 0.535277 0.197301 -0.141654 0.564608 0.170504
-0.313688 0.0177848 0.0921889 -0.303246 0.011221 0.069515
0.0351678 -0.300333 -0.190356 0.041683 -0.26049 -0.149696
-0.0421571 -0.30762 0.0832038 -0.087283 -0.403564 0.080352
-0.507463 0.01823 0.676894 -0.527067 0.02791 0.697221
-0.137398 0.132266 -0.441197 -0.103602 0.036846 -0.413143
0.772778 0.278736 -0.495665 0.800643 0.324357 -0.533989
0.077641 -0.586803 0.438232 0.05774 -0.605073 0.407921
0.42 -0.308852 -0.435606 0.371421 -0.289322 -0.442467
0.306647 -0.126942 0.0364922 0.295647 -0.106822 0.034306
0.315367 -0.188363 -0.454757 0.340607 -0.111946 -0.496152
-0.59174 0.410092 0.472384 -0.587842 0.45466 0.485726
0.657065 0.259391 0.34905 0.635778 0.208885 0.350153
-0.70053 -0.255158 -0.513264 -0.681645 -0.23281 -0.505128
-1.16402 -0.306818 -0.335525 -1.21569 -0.330882 -0.364283
0.229381 -0.363851 0.112224 0.173603 -0.384757 0.135201
-0.563295 0.234005 -0.272043 -0.493245 0.245163 -0.250733
0.0957087 0.298268 0.907591 0.052082 0.282609 0.935603
0.623174 0.543034 1.15587 0.640972 0.615315 1.20066
-0.297801 0.462026 0.261377 -0.268213 0.521504 0.244275
-0.0906166 -0.333298 -0.355118 -0.081511 -0.346044 -0.340323
-0.316684 -0.259126 0.22858 -0.365388 -0.250314 0.146843
0.161343 -0.852846 -0.319954 0.074143 -0.826151 -0.321141
0.00281195 0.0628712 -0.0824154 -0.049468 0.040479 -0.114526
-0.296662 0.222407 0.429928 -0.243292 0.217642 0.373757
-0.16295 -0.159387 0.0755283 -0.180734 -0.183404 0.073896
-0.491221 1.00459 -0.184177 -0.528032 0.989701 -0.174352
0.427773 -0.692019 0.292155 0.406168 -0.691409 0.241728
0.0216705 -0.188184 0.00893634 0.000313 -0.166502 -0.018302
-0.012024 0.609594 0.57706 -0.044678 0.618995 0.616427
0.16769 0.44661 -0.556202 0.130502 0.449773 -0.536251
-0.562661 -0.627399 0.281542 -0.626019 -0.670621 0.327715
-0.687832 0.408892 0.628374 -0.628177 0.340229 0.612096
-0.279359 -0.400516 -0.29501 -0.288352 -0.385995 -0.229767
-0.202323 0.999705 -0.140362 -0.178639 0.978566 -0.124415
0.237766 -0.965119 0.325514 0.276144 -0.953585 0.301344
0.416103 -0.412793 0.627284 0.473519 -0.420704 0.642743
0.0928943 0.26923 0.404876 0.167989 0.292888 0.347308
0.29418 -0.0240646 -0.103329 0.282844 -0.050199 -0.076026
0.0925577 0.352645 0.0303579 0.141673 0.348 0.00572
-0.0662995 0.0721149 0.0574748 -0.114672 0.074159 0.081923
0.53575 -0.782762 -0.348774 0.530123 -0.812246 -0.453519
0.306815 -0.908034 0.33436 0.298445 -0.904238 0.2599
1.06054 -0.0308996 0.37257 1.05367 -0.076818 0.359359
0.00445585 0.474285 0.434103 0.008553 0.486931 0.407128
0.753745 -0.425426 0.409016 0.710961 -0.435574 0.411248
0.0618172 -0.618017 0.545747 0.074746 -0.629523 0.537172
-0.248657 -0.183098 -1.24647 -0.185327 -0.167305 -1.19549
0.409931 -0.648693 -0.0129048 0.374536 -0.623209 0.029036
-0.534718 -0.3239 -0.113542 -0.568709 -0.351238 -0.118917
-0.160382 -0.0312047 0.385202 -0.196903 -0.091122 0.361114
0.24072 0.224274 -0.0503082 0.23638 0.222559 -0.083282
-0.299203 0.5988 -0.675485 -0.277898 0.572728 -0.662962
0.925129 -0.037997 0.231714 0.874874 -0.054989 0.20164
-0.479284 0.486385 -0.407748 -0.535168 0.429904 -0.406649
-0.304352 -0.471891 -0.167619 -0.272658 -0.420473 -0.181154
-0.33857 0.246645 -0.190075 -0.356303 0.30841 -0.254031
0.453795 -0.65662 -1.08816 0.511662 -0.714721 -1.08412
0.222021 0.122631 0.0913725 0.142478 0.08081 0.118796
0.305725 -0.0157297 -0.130529 0.287953 -0.048887 -0.162438
-0.483927 0.0661511 0.46575 -0.446485 0.083522 0.474474
0.837526 -0.628181 0.00315548 0.836622 -0.634892 0.050039
-0.144321 0.426532 0.942579 -0.138199 0.4036 0.952123
-0.184202 -0.055147 -0.905118 -0.200922 -0.049105 -0.852903
0.19053 -0.642091 0.601789 0.254224 -0.599177 0.541585
0.314348 -0.00280715 0.0903322 0.332947 0.036341 0.077447
-0.79829 0.320903 0.514977 -0.75854 0.287964 0.573283
0.155201 -1.10593 -0.123322 0.171271 -1.06168 -0.16266
0.50749 -0.132282 0.863916 0.491899 -0.103075 0.881203
-0.535618 0.281625 0.307869 -0.514552 0.225109 0.33647
-0.181962 0.650439 -0.229367 -0.110371 0.623769 -0.235791
0.399987 0.0536076 -0.186347 0.469961 0.050506 -0.203742
-0.145852 0.59096 -0.67359 -0.193635 0.588134 -0.572991
0.151808 -0.464643 0.704123 0.073005 -0.423451 0.688891
0.629235 -1.13496 -0.347326 0.630376 -1.13205 -0.468282
-0.029383 -0.257479 -0.454698 -0.027452 -0.263269 -0.456954
0.321168 -0.329754 0.145761 0.256594 -0.264559 0.197497
-0.720304 0.116577 -0.361273 -0.614866 0.092568 -0.359711
0.50005 0.247304 -0.523071 0.572033 0.260426 -0.503969
0.33319 -0.233042 0.945757 0.363324 -0.229632 0.922229
0.0635365 0.00168755 -0.176461 0.077462 -0.006625 -0.082392
0.267969 0.211585 -0.0764605 0.198441 0.234381 -0.01248
0.212224 0.329933 -0.120417 0.194076 0.336775 -0.12609
-0.607019 -0.43674 -0.266468 -0.60711 -0.434263 -0.297789
-0.242701 0.137771 0.444892 -0.24704 0.201044 0.405335
-0.259691 -0.0161582 0.0801424 -0.217011 -0.061451 0.044935
0.364636 0.27115 0.397719 0.385302 0.274552 0.370798
0.923587 0.378324 0.0432347 0.958562 0.417414 0.040529
0.405829 -0.262712 -0.603236 0.443923 -0.1832 -0.620668
-0.358019 0.310078 -0.420648 -0.345282 0.349501 -0.449953
-0.865891 -0.419678 0.0760331 -0.834731 -0.404803 0.096863
0.448622 -0.317486 -0.211683 0.372614 -0.30436 -0.168977
0.373652 0.11027 0.28173 0.352124 0.120067 0.30222
-0.196545 0.15409 0.295454 -0.195343 0.106746 0.342192
-0.437544 -0.462691 0.172187 -0.442405 -0.411155 0.118269
-0.0957155 0.399621 -0.188729 -0.100862 0.384767 -0.16031
-0.0275538 0.0143117 -0.015663 -0.060699 0.018782 0.051991
0.388992 -0.0854421 0.0938851 0.396368 -0.046658 0.128596
0.930897 0.283353 0.248937 0.952536 0.291277 0.311545
0.382983 0.249094 0.0106044 0.369814 0.250061 -0.028799
-0.420719 -0.419412 -0.054368 -0.43308 -0.417035 -0.11693
0.500457 0.184674 0.836878 0.447961 0.152512 0.792446
-0.167308 -0.371322 0.498788 -0.219741 -0.37806 0.483358
-0.46789 0.581518 -0.624542 -0.467267 0.573912 -0.605485
-0.107972 0.222259 0.312468 -0.080534 0.211276 0.292782
-0.771964 -0.422044 -0.0140565 -0.690909 -0.421914 0.011227
-0.667639 0.067915 -0.310187 -0.645555 0.119105 -0.316968
0.367914 -0.0372818 -0.136163 0.383745 -0.006315 -0.072588
-0.226477 -0.322828 0.299022 -0.163293 -0.382403 0.346343
-0.436421 -0.676325 -0.192962 -0.39772 -0.639533 -0.209681
-0.417443 -0.834731 0.22255 -0.38015 -0.827732 0.215395
0.287118 0.475799 -0.273712 0.280228 0.485233 -0.195044
0.12707 -0.293668 0.408252 0.118317 -0.293816 0.411448
0.354326 1.08628 0.379441 0.354072 1.07308 0.417438
0.769413 0.358394 0.193151 0.750686 0.371866 0.25584
-0.369315 -0.0492778 0.515686 -0.388546 -0.060929 0.479547
-0.551802 -0.26472 0.275163 -0.519483 -0.251233 0.221143
-0.25165 0.340642 -0.170306 -0.208561 0.310801 -0.170719
0.225618 0.0417871 -0.93364 0.287653 0.056955 -0.904761
0.37732 -0.857077 0.299158 0.348719 -0.915696 0.264067
0.377636 0.426222 -0.2149 0.441039 0.46474 -0.180175
-0.460547 0.128993 0.172985 -0.518115 0.137197 0.156283
-0.135828 0.0708354 0.654467 -0.096189 0.074566 0.5936
0.086968 -0.490911 0.947667 0.121956 -0.47403 0.93526
-0.218622 0.0320606 -0.160939 -0.269204 -0.002279 -0.182525
-0.338389 0.323326 0.20856 -0.33328 0.307509 0.230014
0.668191 0.010259 0.543332 0.671882 -0.017868 0.515379
-0.0618336 -0.0972707 -0.0350725 -0.00402 -0.078939 -0.010781
0.519793 -0.474344 0.112281 0.43989 -0.413757 0.163144
0.219545 -0.614344 -0.373481 0.24396 -0.6246 -0.349046
-0.753128 -0.265761 -0.653388 -0.761346 -0.224126 -0.65873
-0.256582 -0.0929199 -0.118704 -0.254113 -0.142313 -0.144213
-0.0982048 0.303186 0.100147 -0.090721 0.328034 0.064845
0.542661 0.190451 -0.0172393 0.504912 0.199337 -0.026091
-0.667338 0.556006 0.300286 -0.643156 0.545097 0.32528
0.0614693 -0.287986 -0.320867 0.050486 -0.261461 -0.345568
-0.250518 0.255208 -0.0706887 -0.274963 0.295743 -0.096957
-0.308152 0.00514907 -0.114618 -0.269645 0.020824 -0.149918
0.427123 -0.186516 0.38355 0.44577 -0.18802 0.437823
-0.400182 0.293599 -0.283432 -0.351771 0.303416 -0.301054
-0.478085 0.648805 -0.184746 -0.425334 0.647648 -0.109049
0.211546 0.381604 -0.239783 0.269978 0.403159 -0.206255
-0.0467677 -0.263552 0.259759 -0.053425 -0.288607 0.248696
0.530646 -0.203332 -0.438104 0.531246 -0.173732 -0.524419
0.111645 -0.13038 -0.0338579 0.119421 -0.145644 0.00077
-0.317892 0.149184 0.216612 -0.304129 0.184628 0.193667
0.507158 -0.615593 -0.316225 0.487468 -0.626084 -0.3128
-0.444643 -0.261557 0.0721618 -0.387428 -0.262723 0.05054
0.216177 -0.193463 0.523376 0.216987 -0.184129 0.483415
-0.648423 -0.434572 -0.784805 -0.614349 -0.447427 -0.796368
0.251997 0.0850524 -0.0214653 0.202451 0.035898 -0.033957
0.530979 -0.360694 -0.00369296 0.558428 -0.417669 -0.042784
-0.0556192 0.276627 -0.491296 -0.090759 0.269494 -0.434352
0.463566 0.792395 0.444996 0.43365 0.785397 0.431712
-0.412791 -0.367811 0.139223 -0.428567 -0.427876 0.08884
0.385167 0.315026 0.341797 0.419068 0.342344 0.35827
0.326701 -0.457845 0.533247 0.292164 -0.478289 0.54936
0.380646 0.186505 -0.0480945 0.391006 0.252215 -0.105871
-0.224078 -1.02781 0.201345 -0.190953 -1.04476 0.256855
0.0106843 0.298481 -0.576773 0.033581 0.294445 -0.534357
-0.399522 0.224326 -0.0578325 -0.36621 0.184839 0.010094
-0.0618557 0.270761 -0.454064 -0.102566 0.290564 -0.442582
0.095244 0.105072 0.673056 0.119539 0.052362 0.697942
-0.535636 0.435907 0.779199 -0.544529 0.458011 0.776383
-0.77394 0.811362 -0.187302 -0.809506 0.714974 -0.165504
-0.475974 -0.0844403 -0.613203 -0.470568 -0.045639 -0.666858
-0.0968878 0.181327 0.750856 -0.148528 0.167721 0.699455
0.635711 -0.691918 -0.577793 0.560449 -0.648762 -0.602083
-0.209981 -0.436423 0.578103 -0.19067 -0.443332 0.580688
0.27184 0.641325 0.171876 0.250219 0.640292 0.207527
-0.272249 -0.438078 -0.459368 -0.25975 -0.417747 -0.468142
-0.383425 0.288642 -0.98011 -0.382567 0.253438 -0.907915
-0.27644 0.0974697 -0.641765 -0.272089 0.097529 -0.596309
-0.665119 0.145268 0.152239 -0.624995 0.08053 0.16014
-0.550758 0.308881 0.0148402 -0.483734 0.312846 -0.008249
0.581585 0.154512 0.497168 0.555777 0.156325 0.43695
0.746492 -0.138573 0.436441 0.72994 -0.142397 0.364879
0.481275 -0.434024 0.423275 0.408117 -0.379825 0.389919
0.662599 -0.284042 0.332431 0.634343 -0.272895 0.288239
0.231705 -0.205447 0.373776 0.227842 -0.188183 0.386589
-0.136998 -0.203822 0.571757 -0.097863 -0.223885 0.543612
-0.127155 -0.0688317 0.0872528 -0.177154 -0.077904 0.047892
-0.785551 -0.238291 -0.222971 -0.722074 -0.240448 -0.203714
0.0182952 0.268302 -0.470358 -0.012528 0.264259 -0.428712
-0.128821 -0.163432 -0.0583334 -0.15025 -0.213553 -0.086168
-0.154129 0.133585 0.398262 -0.154826 0.17282 0.382153
1.1284 0.244823 -0.086396 1.09173 0.240524 -0.097058
-0.551201 -0.284961 0.197149 -0.604345 -0.233978 0.129905
0.150323 0.00210902 0.347198 0.083897 0.054626 0.367857
0.77586 -0.335633 0.168053 0.77483 -0.353489 0.238099
0.251376 0.278597 -0.352505 0.218119 0.279603 -0.328812
-0.405402 0.427142 0.089369 -0.42518 0.416654 0.12491
-0.391103 -0.349062 -0.464444 -0.393409 -0.366913 -0.406274
0.0330432 -0.583318 0.10776 0.045491 -0.537339 0.115123
0.368929 -0.848716 0.229293 0.318402 -0.842987 0.234032
0.12522 0.0668788 -0.360449 0.098518 0.069362 -0.41328
-0.493228 0.791744 -0.282039 -0.458465 0.827572 -0.266224
0.53315 0.66056 0.480125 0.554782 0.626373 0.4547
0.483427 0.67889 0.555654 0.44366 0.617245 0.470471
0.0714687 -0.182672 -0.582169 0.058547 -0.123062 -0.640906
0.324765 -0.00262308 -0.0640856 0.339392 0.017042 -0.127361
-0.092647 -1.02158 -0.451471 -0.076921 -0.965528 -0.379316
-0.716578 -0.966898 -0.27826 -0.717782 -0.861447 -0.229944
0.268493 -0.35576 -0.241309 0.255313 -0.365941 -0.27194
-0.52266 0.157363 0.394945 -0.575441 0.216666 0.356884
0.463127 0.204461 0.535612 0.4736 0.181383 0.493704
-0.268292 -0.5535 0.0431909 -0.277156 -0.554125 -0.059308
0.0988601 0.111766 -0.820429 0.104409 0.049714 -0.894724
-0.50953 0.0275912 0.678189 -0.492387 -0.005342 0.694039
0.29933 -0.193403 -0.384664 0.26993 -0.196779 -0.379485
-0.0820148 0.441267 0.0822769 -0.119435 0.4359 0.0475
-0.883906 -0.44113 0.290294 -0.888945 -0.427805 0.284512
0.50984 -0.390217 -0.425665 0.452891 -0.342056 -0.454631
0.0931217 0.721791 0.271023 0.137191 0.709653 0.259535
-0.0655177 0.503018 -0.0256274 -0.078139 0.491842 -0.014887
0.138341 0.21456 0.75602 0.141456 0.244458 0.762785
0.417304 0.509779 -0.415284 0.412756 0.475336 -0.400816
-0.44549 -0.555598 -0.0622799 -0.48094 -0.541033 -0.015504
-0.147031 -0.821884 0.201699 -0.179679 -0.801906 0.194065
-0.0814726 0.61769 0.752596 -0.028737 0.607906 0.802392
-0.08898 -0.263372 -0.793299 -0.047453 -0.278007 -0.769541
-0.814664 -0.248033 -0.118636 -0.811969 -0.237886 -0.177658
0.180712 -0.404831 0.239951 0.211666 -0.397075 0.245475
-0.0356013 0.0508628 0.11851 0.012294 0.09191 0.153706
-0.672033 -0.0902023 0.75863 -0.68052 -0.04483 0.637565
0.564515 -0.163658 0.826541 0.55424 -0.205175 0.76736
-0.428176 0.470903 0.527164 -0.449164 0.423803 0.474514
0.426641 0.920271 0.190116 0.342341 0.884114 0.125994
0.716912 0.209562 0.624586 0.689936 0.161962 0.620467
0.552428 -0.27043 0.718947 0.538774 -0.286629 0.760587
0.192522 -0.421192 -0.538984 0.141103 -0.432251 -0.519223
-0.936323 -0.0901564 -0.725378 -0.88023 -0.104249 -0.649893
0.510945 -0.55057 -0.771223 0.547472 -0.528391 -0.77426
-0.714422 -0.213463 -0.132412 -0.725595 -0.30164 -0.081699
0.134866 0.744937 0.5242 0.167364 0.79833 0.492347
-0.526173 0.154447 0.6953 -0.546214 0.175605 0.681567
-0.514892 -0.251947 0.00404927 -0.528944 -0.226081 0.042729
0.695991 0.138835 -0.515459 0.642576 0.167088 -0.443762
-0.160276 -0.180378 -0.632091 -0.199281 -0.185957 -0.646563
-0.329137 -0.100508 -0.131975 -0.336817 -0.100342 -0.10703
-0.753488 -0.292199 1.06076 -0.732369 -0.36834 1.09404
-0.700903 0.0904814 1.01148 -0.654811 0.115708 0.973986
0.080533 0.755832 0.457325 0.136431 0.721073 0.402857
0.522795 -0.619702 -0.426218 0.481409 -0.5574 -0.378438
0.0400195 -0.239195 -0.772582 -0.03244 -0.212108 -0.724448
-0.537171 -0.409351 0.1062 -0.532437 -0.359363 0.081092
0.700482 -0.0829242 -0.563006 0.641327 -0.081549 -0.531535
-0.269064 0.525641 0.503613 -0.241176 0.522656 0.450775
-0.275522 0.65654 -0.115198 -0.263347 0.652055 -0.175714
-0.0878955 0.663062 0.00227051 -0.112036 0.621379 -0.06241
-0.412945 0.225916 -0.413299 -0.450569 0.173147 -0.407522
-0.191417 -0.0422624 0.533624 -0.176794 0.017742 0.547726
0.528188 -0.0678258 0.149453 0.512044 -0.104314 0.121914
0.347867 0.202653 -1.14626 0.334943 0.245332 -1.12407
0.911743 -0.295277 -0.070394 0.863122 -0.321 -0.103618
-0.131544 -0.574319 0.360742 -0.148818 -0.624503 0.37975
0.0658387 -0.172102 0.0355518 0.087358 -0.219235 0.032573
-0.370841 0.355543 0.63762 -0.376519 0.309174 0.63923
-0.963283 0.380334 -0.32634 -0.926766 0.37482 -0.381324
0.511682 0.424043 -0.118742 0.478728 0.454249 -0.074902
0.189276 0.141201 -0.53965 0.217846 0.102886 -0.548083
-0.240449 -0.0510791 -0.201356 -0.272394 -0.016905 -0.221429
0.000176095 -0.374636 -0.278352 -0.113416 -0.415357 -0.250474
-0.304197 0.0754802 0.0818506 -0.285982 0.109058 0.073459
0.603786 -0.429471 -0.142283 0.557396 -0.478736 -0.178249
-0.144068 -0.244011 0.234151 -0.192131 -0.28129 0.235797
-0.259175 0.453999 -0.760946 -0.302976 0.480051 -0.770731
-0.691692 0.0649221 0.315332 -0.648918 0.086243 0.314793
-0.360731 0.405805 -0.128389 -0.3545 0.412143 -0.104473
0.631165 0.233459 -1.1779 0.641969 0.266849 -1.13382
-0.328175 0.205241 -0.583575 -0.309198 0.223142 -0.550351
0.217587 -0.194176 0.297116 0.179144 -0.118722 0.262155
0.032459 -0.138346 -0.0784218 0.051082 -0.078455 -0.181679
-0.0176343 0.318025 0.65419 0.073472 0.301445 0.587307
0.0284689 0.103048 0.349732 -0.008388 0.138201 0.360783
0.475656 -0.184414 -0.384761 0.43403 -0.194343 -0.314636
0.103202 -0.320223 -0.0155224 0.120152 -0.343322 0.078464
-0.0488115 -0.189957 0.286506 -0.045993 -0.199321 0.249472
0.103665 -0.126515 -0.817307 0.156868 -0.147399 -0.780814
-0.111188 -0.286805 0.478925 -0.119004 -0.360778 0.49539
0.153492 0.192937 0.00410249 0.151535 0.135346 0.03277
0.553295 -0.125658 -0.569523 0.567431 -0.159803 -0.57552
0.557963 0.370033 0.124459 0.558185 0.33959 0.105607
-0.118658 -0.282654 -0.281522 -0.130945 -0.235373 -0.278864
-0.658083 -0.276981 -0.416324 -0.64635 -0.271943 -0.441738
-0.359875 -0.340145 -0.390072 -0.453257 -0.304889 -0.394155
-0.874309 0.217395 0.674307 -0.852252 0.231559 0.653674
0.837643 0.608342 0.0536014 0.774905 0.593618 0.057487
0.540525 0.383629 -0.0525469 0.479437 0.379598 -0.031228
-0.63186 0.506691 0.365463 -0.602523 0.507193 0.391514
-0.0345475 -0.789061 -0.0460949 -0.057288 -0.786783 -0.051684
0.0158533 -0.198424 0.223119 0.054985 -0.236913 0.227592
-0.21255 -0.0141141 0.403694 -0.224396 -0.012666 0.43422
-0.410078 -0.14974 0.524701 -0.397978 -0.138334 0.514989
-0.205559 -0.800041 0.0717834 -0.238233 -0.773726 0.066899
0.530944 0.10752 -0.678828 0.516024 0.08093 -0.654282
0.285919 -0.72466 0.301559 0.278814 -0.670156 0.319691
0.0905133 0.499686 -0.372271 0.021145 0.489077 -0.375503
-0.683887 0.158401 0.76162 -0.680904 0.100167 0.832789
-0.3985 0.717301 0.257895 -0.358421 0.663569 0.300225
-0.212161 0.825909 -0.423577 -0.142142 0.737025 -0.452839
0.16324 0.480784 -0.0487493 0.178812 0.489529 -0.010043
-0.424649 0.546964 0.0445114 -0.368874 0.575294 0.052218
0.234522 -0.703316 0.187665 0.223536 -0.630034 0.222435
-0.0704645 -0.410826 0.0202424 -0.047523 -0.453149 0.023387
-0.0403027 -0.248345 0.465276 -0.117001 -0.261294 0.42167
0.53263 -0.0335212 -0.623887 0.545322 -0.03934 -0.614365
-0.637396 -0.011466 -0.942876 -0.628107 -0.055591 -0.985466
-0.548552 0.583713 -0.220753 -0.505162 0.617001 -0.225833
-0.603498 -0.14815 0.0356635 -0.56432 -0.129087 0.07765
-0.00877125 -0.291047 -0.493971 0.038928 -0.326307 -0.512951
0.886016 0.438104 0.371341 0.903098 0.501792 0.327642
0.663207 -0.927457 -0.434204 0.728212 -0.902522 -0.472581
0.311852 -0.195781 -0.191586 0.307127 -0.125553 -0.160938
0.22288 -0.186178 0.244311 0.206554 -0.197185 0.277139
0.179493 -0.380919 -0.189685 0.209927 -0.404651 -0.143292
-0.310364 0.448716 -0.103233 -0.244939 0.425375 -0.069703
-1.00503 -0.0420762 0.0134458 -1.02639 -0.015345 0.003878
-0.394838 0.347183 0.609356 -0.381766 0.364823 0.612985
0.650441 0.26805 -0.148539 0.629584 0.282254 -0.127747
0.0397603 0.384354 -0.669634 -0.002921 0.401473 -0.697647
0.0184386 0.57432 0.598758 0.073379 0.62143 0.569231
0.0912316 0.083422 -0.528495 0.074247 0.024079 -0.530654
0.0805317 0.623109 -0.25432 0.091528 0.619211 -0.258144
-0.19658 0.536699 0.172088 -0.229678 0.519778 0.199292
0.579519 0.205615 -0.130928 0.589542 0.194654 -0.068226
0.321061 -0.815958 -0.0884899 0.378199 -0.774602 -0.02871
0.255369 -0.602801 -0.21063 0.325136 -0.603846 -0.226794
0.224226 0.372175 0.455271 0.23207 0.398912 0.490352
0.425858 0.0645364 -0.920165 0.421299 0.009348 -0.910669
0.213808 0.460945 -0.183037 0.27829 0.431355 -0.162293
-0.456318 -0.54001 0.506256 -0.436515 -0.58156 0.460492
-2.02022 -2.29106 -1.30135 -2.15936 -2.55406 -1.55145
0.931458 1.3067 -0.687546 1.02757 1.35469 -0.749104
-0.976111 -0.946346 -0.828707 -1.0387 -1.04494 -1.01888
0.351155 -0.34316 0.312986 0.259271 -0.558882 0.182957
1.45923 1.36887 2.7382 1.68995 1.64883 3.0041
-0.0415522 -0.12144 -1.27111 -0.02751 -0.21741 -1.26019
0.777412 1.39046 -0.239769 0.879464 1.47024 -0.100365
-0.615947 0.893878 0.101814 -0.606354 0.900173 0.235167
-0.436471 1.23837 -0.268399 -0.453242 1.10605 -0.28792
-0.300653 1.2337 -0.442352 -0.23848 1.12819 -0.44015
-0.770707 -0.222836 -1.64347 -0.711468 -0.30653 -1.74586
0.245508 -1.47191 0.763765 0.133545 -1.50053 0.763098
0.175297 0.318311 0.388216 0.144645 0.238222 0.368233
0.225147 -2.12986 -0.0669198 0.199005 -2.12247 -0.146972
0.830466 1.84784 0.298906 1.0084 1.90998 0.36331
-0.727627 -1.14667 -0.743003 -0.897674 -1.22342 -0.816508
-0.718284 -0.580842 -1.7526 -0.879669 -0.600775 -1.7955
1.44743 0.919785 -1.46537 1.41228 0.884554 -1.50676
-0.387518 1.48498 0.495091 -0.377907 1.48528 0.639799
0.25722 0.0494371 1.47963 0.286888 0.065568 1.38619
0.87413 1.39465 0.788984 0.939528 1.5621 0.82779
0.888519 -0.241027 -1.37705 0.928083 -0.191362 -1.2456
0.0253285 -1.03289 0.302819 0.029601 -0.954662 0.412572
-1.18098 0.794848 -0.0290035 -1.02575 0.674354 0.016869
0.481179 -0.319765 -0.312828 0.524985 -0.336174 -0.357043
-0.405746 0.0363657 0.63274 -0.430437 0.067774 0.706477
-0.388411 0.608736 1.16099 -0.357353 0.587275 1.17218
0.707088 -0.461711 -0.18471 0.69179 -0.571753 -0.096759
1.19123 0.293384 -0.824001 1.26304 0.194458 -0.866831
0.0837051 0.154293 -1.01115 0.007298 0.074795 -1.09836
0.0606099 -0.268563 0.246313 0.02239 -0.328535 0.294922
-0.635998 1.23668 0.950508 -0.623656 1.3544 0.925734
0.767415 0.452865 -0.55322 0.785702 0.452348 -0.443261
0.521015 0.487156 0.249847 0.643443 0.609817 0.266182
-0.977844 -0.0475909 -0.728031 -0.884085 -0.061347 -0.769349
0.0258645 -0.443267 -0.257857 0.031358 -0.453536 -0.302634
-1.03396 0.843196 -1.12545 -1.06793 0.80565 -1.17266
-0.15883 -0.249702 0.368015 -0.153244 -0.339655 0.467976
0.569101 1.21606 0.506463 0.54336 1.33028 0.53116
1.39176 0.911769 -1.12046 1.35267 1.02407 -1.23069
-0.197538 -1.26934 0.547799 -0.297296 -1.22747 0.37143
0.957482 -1.31579 0.50412 0.99355 -1.30907 0.550432
-0.235824 -1.89377 0.91365 -0.217223 -1.86919 0.788196
-0.939617 1.40377 -1.75178 -1.08406 1.42069 -1.8331
-1.16129 1.43701 -0.196462 -1.1114 1.48687 -0.299839
0.0341864 1.02632 -0.129605 0.266665 1.07315 -0.078099
0.0865545 1.39575 -0.403562 0.08361 1.3468 -0.333319
-0.279442 -1.70655 -1.10565 -0.508034 -1.89437 -1.08653
2.05236 -1.58579 0.191124 2.02 -1.79558 0.506538
0.120982 -0.00246278 0.431183 0.210219 0.015832 0.426851
1.02598 -1.0165 0.529498 1.1158 -0.947312 0.681117
0.417691 1.49817 1.50265 0.683618 1.46192 1.58509
0.767988 -0.407817 0.296866 0.793897 -0.36857 0.347766
-0.503915 0.340829 -1.08729 -0.561227 0.354369 -1.14822
0.337756 0.963664 -1.1575 0.456644 0.948741 -1.19435
0.25558 -0.492882 -0.327748 0.239357 -0.374974 -0.283207
1.3606 -1.31202 0.527254 1.4136 -1.40092 0.653426
0.669692 -0.85454 1.21593 0.841568 -0.891631 1.28369
-0.351349 0.422405 -0.476021 -0.335452 0.465327 -0.589522
-1.55993 0.566705 -0.600531 -1.47967 0.50194 -0.677468
0.75156 0.825758 0.966199 0.840338 0.821404 1.03891
1.01956 -0.612139 -0.808009 1.01114 -0.657647 -0.842972
0.522321 1.00777 -0.678091 0.469224 1.02637 -0.544203
-0.0599463 -1.30258 -0.0196382 0.024081 -1.23901 -0.00693
0.217941 0.372435 -0.521392 0.12834 0.325793 -0.433152
1.03227 -0.692595 1.08879 0.999427 -0.769555 1.03229
0.379732 -0.0686066 1.22062 0.369202 -0.150319 1.27049
-0.293072 0.972115 -0.197485 -0.269818 0.866072 -0.103785
-0.281729 -2.10891 0.714277 -0.425709 -2.19407 0.783707
0.0826894 -1.66805 -1.0713 0.158638 -1.6679 -1.02494
-1.68286 0.25687 0.397053 -1.4381 0.236106 0.332082
-0.136139 -1.00911 -0.508287 -0.205695 -0.983777 -0.583479
0.395128 -1.40648 -0.249222 0.5826 -1.29698 -0.18259
0.746607 -0.156139 0.413579 0.697036 0.020939 0.453704
-0.793856 1.21947 0.749784 -0.710736 1.16399 0.811759
-0.27498 1.37232 0.609552 -0.196192 1.31453 0.640038
-0.762839 0.805347 0.327363 -0.76636 0.723971 0.247782
-0.954297 0.46771 0.0769818 -0.785199 0.349481 -0.033312
0.394285 -0.131229 0.0505638 0.425024 -0.198205 0.045615
1.33566 0.294295 -0.657978 1.3131 0.421701 -0.678968
1.62506 0.283657 -0.496174 1.57904 0.356262 -0.406872
-0.681474 -0.407902 0.42817 -0.638222 -0.502148 0.414854
2.21355 0.926007 -1.606 2.1663 1.07265 -1.69188
-2.25043 -0.91503 1.50047 -2.34736 -1.05132 1.50426
-1.26504 0.842448 -1.21215 -1.25986 0.846466 -1.25793
-0.231234 1.10154 -1.17705 -0.239592 1.05021 -1.18513
-0.412861 -0.305524 -0.0899459 -0.31643 -0.306858 -0.166198
1.05491 0.100454 1.54316 1.03989 0.010772 1.65589
-0.214013 -0.434855 0.520882 -0.188009 -0.433623 0.475046
-0.384111 -0.408195 0.203335 -0.325293 -0.439412 0.102389
-0.0999625 -1.32404 1.29855 -0.098987 -1.23913 1.21735
0.308802 -0.400062 -1.43123 0.349424 -0.478549 -1.38217
-0.473687 1.37218 -0.68097 -0.574015 1.39908 -0.736318
0.972782 -0.644678 -0.468565 1.00093 -0.71372 -0.428926
-0.277547 1.64503 -1.47276 -0.360742 1.71168 -1.50225
-0.0320931 -1.19945 -0.246071 -0.24623 -1.15419 -0.339263
-0.270595 -0.525622 -0.0819407 -0.412108 -0.567546 -0.032023
1.92703 -0.382921 -0.957289 1.96683 -0.253097 -0.947369
0.022304 -0.558078 -1.03914 -0.100018 -0.391248 -1.1336
-0.856023 1.43245 -0.127109 -0.896458 1.4027 -0.218358
0.522393 -1.02191 0.8045 0.456531 -1.0588 0.791327
-0.254765 0.556914 0.271536 -0.117461 0.585051 0.367667
0.698339 1.26874 0.104937 0.746648 1.30883 0.144502
-2.02072 -0.0263805 -1.0319 -2.13024 -0.028217 -0.980767
0.243042 -0.0239352 -0.209487 0.226996 0.035356 -0.232435
-1.10211 -1.03288 -0.561357 -1.07239 -1.03882 -0.477078
-0.978203 -1.15081 -1.12104 -0.864251 -1.17558 -1.01008
0.812582 1.60162 1.31389 0.762945 1.62945 1.33473
-1.43674 0.904857 -0.790698 -1.55061 0.958212 -1.05396
0.560683 0.651619 1.60847 0.668461 0.552452 1.56429
1.48265 -0.0450441 1.3787 1.41911 0.09751 1.40959
1.20946 0.791275 -0.988992 1.29979 0.78181 -1.00043
1.36118 -0.254099 -0.105667 1.3465 -0.198687 -0.018372
-0.180437 -0.378408 0.151705 -0.24068 -0.338297 0.010191
1.33356 -1.16258 -0.214211 1.28522 -1.20757 -0.011341
-1.28602 0.109657 0.891193 -1.24577 0.087039 0.893415
-1.07955 -2.04627 1.0014 -1.23554 -2.06226 1.13375
0.9918 0.666906 -1.30213 0.960818 0.484251 -1.28969
-0.905657 -0.274581 1.20997 -0.849912 -0.377716 1.20221
1.3899 0.674715 -1.20105 1.44724 0.894761 -1.20304
-0.844063 -1.44993 0.518532 -0.748393 -1.34994 0.544091
-0.949781 -0.608611 0.295117 -1.00966 -0.52536 0.213007
-1.10053 0.606475 -0.0698739 -1.21466 0.648195 -0.004574
0.446079 0.476715 0.40356 0.406384 0.533715 0.391405
0.90469 0.737282 0.260093 0.806169 0.732373 0.261788
-0.877467 1.01825 -0.476113 -0.860537 1.01676 -0.468877
-1.19919 0.908652 -0.522464 -1.27791 1.14587 -0.413171
-0.663949 -1.26063 0.636607 -0.668585 -1.23193 0.482613
-1.37446 0.153574 1.69312 -1.37372 0.209626 1.77717
-0.107022 -0.507405 -0.221905 -0.140133 -0.555726 -0.141083
0.383557 0.836465 -0.306516 0.343045 0.906726 -0.357109
0.822997 -0.583192 -0.512176 0.743317 -0.64674 -0.534149
1.12376 0.3663 -0.777273 1.06617 0.39898 -0.721736
-0.463707 1.08988 -0.0293084 -0.559792 1.13262 -0.041601
-1.56952 0.338157 0.221816 -1.56455 0.377141 0.303337
0.445057 0.494075 1.12329 0.526892 0.364503 1.0667
0.860035 1.07195 0.642509 0.924062 0.948903 0.57022
-0.19058 0.557108 -0.0884565 -0.282324 0.656695 -0.062593
0.299653 -0.237177 0.123128 0.217515 -0.174277 0.065179
0.160554 -1.27071 -0.298158 0.226676 -1.23086 -0.303036
-1.09746 0.782472 -2.25984 -1.2355 0.888977 -2.13642
-0.631423 0.77624 -0.514651 -0.678876 0.723068 -0.482446
0.080923 0.386645 -1.2769 -0.051809 0.413045 -1.29663
0.185601 0.771753 -1.07186 0.236649 0.840055 -1.05282
-1.56067 0.936707 0.631059 -1.4878 0.984028 0.635524
1.19156 -0.302704 -1.55013 1.19453 -0.166418 -1.38615
0.0961081 -2.11962 1.32506 0.116414 -2.12338 1.24152
1.3948 0.214192 -0.663971 1.33515 0.101158 -0.543316
-0.286122 0.0915703 -0.46376 -0.289162 -0.010879 -0.434681
-0.846539 0.0368562 0.718328 -0.814692 -0.057071 0.667467
0.748877 1.08324 -0.95625 0.717655 1.0217 -0.841905
0.13146 0.284923 0.540525 0.182336 0.324212 0.426854
-0.851259 0.594716 0.7982 -0.899033 0.595827 0.813838
-1.20339 0.837382 1.9994 -1.18209 1.01027 2.00187
0.780891 -0.584313 0.108417 0.770982 -0.556065 0.153314
0.419109 -0.0825143 -1.07752 0.438224 0.039876 -0.969757
-0.344152 -0.843837 0.308979 -0.437413 -0.891552 0.293817
-0.0138634 0.1634 -0.561052 -0.044501 0.282115 -0.597909
0.60607 -0.0743071 -0.00162764 0.668269 -0.213132 -0.102728
-1.06489 -0.247687 -0.291466 -1.01373 -0.196665 -0.441406
-0.482792 0.118853 -0.497497 -0.466262 0.148087 -0.52519
-0.435965 -0.245272 0.350877 -0.3842 -0.154126 0.406046
-2.0222 -0.644708 -0.484355 -2.04308 -0.694187 -0.483581
1.37867 -0.091936 -0.0492826 1.34593 -0.242357 -0.039632
0.452909 0.592821 -0.273518 0.407896 0.593499 -0.320243
0.485039 -0.00411187 -0.968456 0.457576 -0.140341 -0.980632
1.27361 1.04922 0.998628 1.26506 1.13375 1.05907
-0.765785 -0.410045 0.442554 -0.578642 -0.338171 0.442899
0.753334 -1.46814 0.694217 0.944463 -1.37849 0.719361
-0.529503 -0.500087 0.80651 -0.603069 -0.429045 0.627677
-0.640019 -1.32 0.265103 -0.565577 -1.35654 0.205179
-0.0515558 1.02743 -0.287433 -0.056523 0.900028 -0.268218
-1.14777 1.95364 -1.00991 -1.24662 1.95461 -1.05217
-0.685865 1.59711 -1.24573 -0.862104 1.5853 -1.27385
0.559263 1.44065 -0.483303 0.446601 1.42013 -0.470356
0.889941 0.34084 0.914546 0.902408 0.301729 0.866586
0.479089 -1.35924 0.0250722 0.468317 -1.25341 -0.046145
0.312647 -0.369139 1.10867 0.252734 -0.340691 1.11867
1.27933 -1.23465 0.941721 1.20184 -1.18992 0.929747
-1.28581 0.577292 -0.692275 -1.23116 0.517817 -0.696415
-0.31968 1.02574 0.363974 -0.217333 1.07142 0.306716
-0.595672 0.0233433 0.17402 -0.570498 -0.000323 0.114091
0.105757 -0.634081 -0.399286 0.124122 -0.559752 -0.334384
-0.0509137 -0.634272 0.172287 -0.139132 -0.840581 0.162783
-0.988346 0.129059 1.32494 -1.04563 0.182657 1.38681
-0.2839 0.248372 -0.91351 -0.204366 0.054426 -0.85918
1.59615 0.691035 -1.05248 1.69257 0.835722 -1.1635
0.0942374 -1.27804 0.922084 0.017233 -1.35781 0.8845
0.902871 -0.69935 -0.912261 0.831054 -0.681638 -0.959628
0.648244 -0.243098 0.0696866 0.620076 -0.202676 0.065119
0.622961 -0.40967 -0.868994 0.673198 -0.288 -0.960123
-1.2237 0.88686 1.01079 -1.24167 1.01362 1.0503
1.23885 0.433502 0.615336 1.20099 0.317962 0.652895
-1.42582 -0.601521 -1.05735 -1.37518 -0.594504 -1.05815
-2.6046 -0.770229 -0.893437 -2.81904 -0.886925 -1.02738
0.44261 -0.67065 0.198692 0.320055 -0.717372 0.246744
-1.07047 0.483544 -0.553879 -0.931026 0.534563 -0.486087
0.275156 0.622381 1.81841 0.213295 0.59407 1.87859
1.44243 1.33949 2.53995 1.59302 1.60835 2.69804
-0.619912 0.895121 0.536501 -0.560715 1.05126 0.51085
-0.216031 -0.652283 -0.697633 -0.20622 -0.679781 -0.671657
-0.584857 -0.458727 0.405828 -0.671992 -0.453477 0.230722
0.245204 -1.66287 -0.566462 0.075176 -1.57945 -0.589128
0.0150715 0.118062 -0.157919 -0.074178 0.067376 -0.21879
-0.534654 0.427888 0.841637 -0.430289 0.413249 0.699492
-0.316037 -0.303525 0.167732 -0.350424 -0.364633 0.175548
-0.989306 2.05273 -0.476684 -1.113 2.02125 -0.523229
0.844095 -1.27024 0.600264 0.834095 -1.28085 0.494493
0.0322308 -0.352298 0.00778286 0.008124 -0.304588 -0.044324
-0.138126 1.16579 1.10448 -0.234706 1.21126 1.17437
0.415228 0.926018 -1.19033 0.366998 0.93308 -1.18128
-1.16103 -1.2911 0.652627 -1.33478 -1.39981 0.774726
-1.24492 0.658897 1.14185 -1.09688 0.519094 1.10277
-0.480351 -0.707018 -0.513108 -0.484269 -0.692628 -0.383141
-0.446436 1.95816 -0.370635 -0.403405 1.91937 -0.354398
0.561441 -1.95914 0.706844 0.669641 -1.95114 0.675087
0.934229 -0.940678 1.34475 1.09747 -1.00589 1.40095
0.140537 0.512775 0.791579 0.280646 0.558677 0.67134
0.559798 -0.0331625 -0.184507 0.561199 -0.064835 -0.164255
0.183931 0.695997 0.0793082 0.284148 0.689908 0.038472
-0.118434 0.131507 0.101623 -0.205558 0.134081 0.13713
1.11261 -1.5839 -0.790546 1.1237 -1.66175 -1.04308
0.5347 -1.77071 0.543348 0.487659 -1.75841 0.356784
2.08558 -0.168129 0.725918 2.04883 -0.306175 0.722039
-0.0900874 0.922372 0.88956 -0.091049 0.96494 0.829693
1.48921 -0.928479 0.854566 1.41622 -0.996219 0.88047
0.24859 -1.22938 1.06399 0.294354 -1.24092 1.08776
-0.41248 -0.227711 -2.42242 -0.295114 -0.183536 -2.33349
0.74933 -1.20274 -0.112527 0.703903 -1.14969 -0.041124
-1.07133 -0.617373 -0.203174 -1.15098 -0.665987 -0.200002
-0.333599 -0.0802657 0.777601 -0.419517 -0.209419 0.721717
0.468432 0.419422 -0.115103 0.446451 0.437016 -0.186594
-0.465114 1.08624 -1.20707 -0.399578 0.99431 -1.18291
1.75194 -0.120692 0.447481 1.62385 -0.156689 0.412764
-0.869436 0.864116 -0.743772 -0.983568 0.733727 -0.711302
-0.630547 -0.856833 -0.351188 -0.542542 -0.776436 -0.35062
-0.696633 0.542153 -0.408776 -0.748255 0.681401 -0.545189
1.10992 -1.43714 -2.24355 1.31292 -1.58975 -2.25963
0.434114 0.283575 0.179232 0.280865 0.19425 0.23197
0.568341 -0.0228641 -0.238557 0.528614 -0.086724 -0.295294
-0.969083 0.213237 0.910126 -0.88701 0.287867 0.923399
1.69054 -1.23735 0.116019 1.69393 -1.30439 0.256185
-0.4652 0.940481 2.06539 -0.502387 0.905216 2.14071
-0.373324 -0.0523893 -1.88366 -0.418668 -0.008339 -1.81109
0.271576 -1.23816 1.13616 0.369165 -1.14808 0.993152
0.594344 0.00723537 0.16131 0.635717 0.077813 0.157423
-1.44914 0.471028 0.886912 -1.33318 0.38726 0.969121
0.281309 -2.09837 -0.223863 0.279126 -1.98473 -0.287532
1.05753 -0.355332 1.80977 1.02745 -0.343509 1.89938
-1.07752 0.608599 0.658179 -1.0827 0.504358 0.725553
-0.287147 1.19193 -0.383999 -0.140484 1.13638 -0.409563
0.816228 0.0748092 -0.310068 0.997601 0.067218 -0.343914
-0.417641 1.16964 -1.31771 -0.517667 1.19953 -1.13878
0.176598 -0.877645 1.34348 -0.012466 -0.778847 1.30829
1.37139 -2.32649 -0.90366 1.44022 -2.37807 -1.21301
-0.101933 -0.539122 -0.963431 -0.113885 -0.571155 -0.972645
0.655955 -0.661428 0.364931 0.534689 -0.553088 0.461314
-1.40241 0.167467 -0.679884 -1.1996 0.09608 -0.661064
1.03592 0.56646 -1.09214 1.22893 0.613178 -1.05844
0.59523 -0.416217 1.94458 0.642512 -0.385104 1.88781
0.130876 -0.0206831 -0.353114 0.157399 -0.040889 -0.159042
0.552177 0.431754 -0.109275 0.406755 0.477036 0.022801
0.394869 0.609732 -0.197443 0.343398 0.633012 -0.207504
-1.30849 -1.00478 -0.620678 -1.31017 -1.0122 -0.734143
-0.506745 0.313944 0.931428 -0.514931 0.465151 0.871109
-0.512587 -0.0104513 0.12642 -0.437335 -0.101713 0.064032
0.645401 0.487158 0.712293 0.709518 0.492693 0.6258
1.94272 0.78337 0.195553 2.03567 0.87685 0.233344
0.797843 -0.561242 -1.18676 0.905861 -0.448819 -1.23582
-0.722614 0.641184 -0.853832 -0.73125 0.771481 -0.921481
-1.6108 -0.822938 0.168472 -1.57352 -0.790983 0.300051
0.869979 -0.602015 -0.36178 0.742228 -0.586048 -0.273309
0.767123 0.201336 0.534874 0.719938 0.222123 0.572658
-0.404473 0.293421 0.608623 -0.391941 0.201208 0.734679
-0.914701 -0.957371 0.263193 -0.94094 -0.874316 0.121655
-0.187349 0.808579 -0.39057 -0.230608 0.775381 -0.329015
-0.0687472 0.0546784 -0.0513475 -0.106565 0.052468 0.118001
0.754985 -0.180933 0.185185 0.776198 -0.081083 0.249521
1.88025 0.595691 0.54084 1.92073 0.641931 0.715798
0.721351 0.485389 -0.000217989 0.737112 0.486358 -0.089442
-0.821689 -0.829751 -0.15707 -0.865852 -0.844015 -0.284783
0.921482 0.228325 1.6222 0.857344 0.139839 1.52926
-0.285137 -0.667739 0.950485 -0.368474 -0.705523 0.913039
-0.976611 1.17715 -1.24607 -1.02783 1.19153 -1.20994
-0.20736 0.444567 0.65768 -0.142489 0.427541 0.636466
-1.45974 -0.800086 0.0709678 -1.28933 -0.791598 0.125507
-1.3736 0.206987 -0.610788 -1.34868 0.320459 -0.651019
0.739106 -0.0477395 -0.288369 0.762149 0.011276 -0.158444
-0.416985 -0.614136 0.558481 -0.288211 -0.72966 0.660639
-0.894921 -1.38916 -0.534834 -0.866642 -1.35049 -0.580553
-0.78916 -1.686 0.355759 -0.694762 -1.6886 0.307131
0.500083 0.882411 -0.472181 0.50127 0.895874 -0.306016
0.197086 -0.590285 0.807549 0.160652 -0.577485 0.839613
0.748845 2.15535 0.831668 0.809822 2.11313 0.959405
1.49919 0.752615 0.480259 1.51354 0.788371 0.632603
-0.689373 -0.0397585 0.973362 -0.733064 -0.028049 0.916244
-1.11973 -0.539433 0.556024 -1.05197 -0.513281 0.436554
-0.468391 0.628926 -0.298044 -0.343173 0.588385 -0.282604
0.459467 0.175815 -1.81059 0.603577 0.214874 -1.75701
0.671281 -1.72389 0.532624 0.582753 -1.86297 0.427141
0.748938 0.88054 -0.386945 0.879563 0.96845 -0.294692
-0.897622 0.22759 0.316925 -1.0203 0.25078 0.269714
-0.238095 0.103765 1.25139 -0.168165 0.11611 1.13592
0.303343 -1.00965 1.98081 0.435029 -1.00779 1.96389
-0.449232 0.0402594 -0.340741 -0.545173 -0.041365 -0.383939
-0.683522 0.656257 0.435804 -0.679207 0.622252 0.476078
1.23913 -0.0704311 1.00264 1.21707 -0.159784 0.936614
-0.121475 -0.183306 -0.0679333 -0.009754 -0.149264 -0.023017
1.06038 -0.988444 0.176499 0.894004 -0.877827 0.277958
0.539557 -1.28493 -0.809373 0.620335 -1.34612 -0.787482
-1.41449 -0.382753 -1.21312 -1.42057 -0.252769 -1.2205
-0.478406 -0.206748 -0.22645 -0.504447 -0.283455 -0.307183
-0.219929 0.604087 0.206475 -0.194112 0.662352 0.138125
1.06307 0.379948 -0.0605816 1.00057 0.418299 -0.086448
-1.41949 1.13292 0.691445 -1.39397 1.16166 0.8007
0.185057 -0.552557 -0.618042 0.155115 -0.518363 -0.696252
-0.53006 0.540125 -0.168589 -0.590905 0.618627 -0.233221
-0.615527 0.00821924 -0.218688 -0.547854 0.049027 -0.28253
0.774988 -0.270058 0.681166 0.813399 -0.293465 0.823686
-0.736462 0.516308 -0.503787 -0.653432 0.553957 -0.512299
-0.941996 1.29421 -0.290157 -0.838858 1.31491 -0.098689
0.440727 0.767461 -0.499852 0.582177 0.834288 -0.446889
-0.0618895 -0.471964 0.476235 -0.07708 -0.534063 0.469845
1.0869 -0.470126 -0.904883 1.07763 -0.471781 -1.08956
0.204203 -0.251241 -0.0745326 0.224693 -0.303367 0.000295
-0.617773 0.286699 0.391844 -0.582467 0.348792 0.34839
1.03604 -1.24834 -0.668406 1.01315 -1.26804 -0.724807
-0.840972 -0.477312 0.121225 -0.70136 -0.480442 0.043601
0.499509 -0.438695 1.14046 0.523175 -0.412297 1.11124
-1.38331 -0.980863 -1.61662 -1.35663 -1.04832 -1.66181
0.470615 0.162841 -0.0442271 0.367672 0.072547 -0.065282
1.05019 -0.708484 -0.0706721 1.09904 -0.826247 -0.175247
-0.149858 0.566911 -1.00921 -0.234811 0.552066 -0.908845
1.05065 1.6347 1.01053 1.01783 1.70493 1.01375
-0.852952 -0.760484 0.298136 -0.895929 -0.886182 0.212992
0.720627 0.587805 0.637182 0.768276 0.656276 0.659083
0.736423 -0.954623 1.11278 0.696552 -1.01871 1.17862
0.754305 0.371574 -0.121741 0.816004 0.506599 -0.244062
-0.382949 -2.00156 0.337015 -0.292716 -2.07002 0.433779
-0.0320249 0.540387 -1.05589 -0.003315 0.557191 -0.937648
-0.783481 0.441623 -0.131702 -0.708928 0.355508 -0.017739
-0.132078 0.532339 -0.932303 -0.240756 0.573178 -0.897501
0.1996 0.253031 1.32287 0.250778 0.159144 1.37337
-1.10007 0.915386 1.52048 -1.14442 1.01165 1.55568
-1.48375 1.56994 -0.172955 -1.55408 1.38783 -0.073394
-0.955766 -0.246606 -1.21179 -0.966051 -0.185257 -1.36076
-0.216751 0.375301 1.4367 -0.328778 0.363935 1.36187
1.32765 -1.41036 -1.17757 1.2049 -1.34502 -1.29882
-0.54043 -0.879841 1.16819 -0.50653 -0.933577 1.23895
0.558252 1.29053 0.393477 0.554082 1.31363 0.461672
-0.499963 -0.87325 -0.86877 -0.466036 -0.820014 -0.890127
-0.657164 0.423436 -1.8611 -0.651936 0.349536 -1.74782
-0.510457 0.133286 -1.28191 -0.489546 0.145242 -1.22123
-1.34551 0.350119 0.31576 -1.28234 0.229514 0.357204
-1.11218 0.61218 0.0747872 -1.012 0.629126 0.038315
1.1373 0.395663 0.988592 1.12206 0.394649 0.882537
1.46591 -0.170122 0.825394 1.43436 -0.184069 0.681405
0.864615 -0.83926 0.810907 0.707661 -0.703764 0.723175
1.26135 -0.493903 0.576075 1.17308 -0.46102 0.476874
0.482144 -0.430932 0.75131 0.475493 -0.405345 0.793556
-0.214319 -0.359074 1.0779 -0.132107 -0.420388 1.02773
-0.244664 -0.148881 0.163784 -0.352835 -0.170642 0.085974
-1.56598 -0.496178 -0.492903 -1.41794 -0.532215 -0.470069
-0.0192123 0.503505 -0.89305 -0.079459 0.529098 -0.813593
-0.247473 -0.313853 -0.0985784 -0.29218 -0.426874 -0.169088
-0.349041 0.273857 0.779642 -0.329584 0.348852 0.749669
2.15129 0.449926 -0.0542376 2.06444 0.43327 -0.059564
-1.08422 -0.522689 0.336849 -1.2054 -0.420232 0.178123
0.276563 -0.0277963 0.649369 0.120344 0.075996 0.686918
1.60822 -0.738883 0.434658 1.60627 -0.795484 0.621016
0.529391 0.554792 -0.701835 0.458 0.60943 -0.661781
-0.886737 0.919819 0.117632 -0.924996 0.917743 0.166145
-0.679396 -0.609604 -0.829496 -0.696001 -0.676042 -0.731793
0.0450662 -1.11082 0.179119 0.054626 -1.01807 0.201396
0.682233 -1.66145 0.37391 0.56906 -1.64876 0.374885
0.271975 0.171395 -0.702986 0.220874 0.168413 -0.802581
-0.899225 1.54462 -0.451499 -0.808131 1.63076 -0.378987
1.0472 1.26695 0.845067 1.08296 1.19083 0.743471
0.820015 1.21086 0.978064 0.724287 1.09354 0.777505
0.171573 -0.367109 -1.20673 0.152577 -0.246444 -1.35046
0.641349 0.00433651 -0.122107 0.667232 0.026709 -0.264086
-0.0618357 -1.95887 -0.855077 -0.006071 -1.85007 -0.721552
-1.29714 -1.80192 -0.330177 -1.31135 -1.59639 -0.200025
0.48785 -0.661179 -0.422052 0.430279 -0.668865 -0.486331
-1.08679 0.387179 0.837095 -1.22998 0.533868 0.770049
0.93358 0.35379 1.10824 0.949726 0.2869 1.02449
-0.517035 -1.08194 0.039866 -0.542144 -1.06341 -0.16206
0.17646 0.20432 -1.72096 0.199375 0.072014 -1.87829
-1.02429 -0.0623952 1.35544 -0.98486 -0.157436 1.38261
0.603611 -0.395576 -0.743563 0.552328 -0.40732 -0.72223
-0.131435 0.882854 0.185442 -0.214148 0.849567 0.10181
-1.71188 -0.818297 0.458988 -1.72027 -0.767318 0.407135
0.928257 -0.718729 -0.766754 0.806303 -0.604417 -0.865205
0.114645 1.38424 0.501584 0.181817 1.33209 0.478755
-0.135525 0.986524 -0.0284439 -0.16981 0.980302 -0.005291
0.327044 0.444429 1.49449 0.353392 0.499899 1.51301
0.780168 0.978746 -0.817483 0.764354 0.900059 -0.768393
-0.845588 -1.07673 -0.0502436 -0.910897 -1.01832 0.067669
-0.33978 -1.68755 0.472513 -0.433366 -1.68547 0.477139
-0.282058 1.32448 1.68552 -0.230954 1.30967 1.82764
-0.203988 -0.510561 -1.51084 -0.122176 -0.543592 -1.46279
-1.63053 -0.533534 -0.28357 -1.61019 -0.520854 -0.420398
0.375417 -0.808048 0.510622 0.47722 -0.794508 0.516687
-0.0459057 0.0846733 0.212894 0.068219 0.168923 0.287255
-1.37548 -0.314189 1.54092 -1.44791 -0.262707 1.33679
1.04147 -0.168233 1.58892 1.05219 -0.230761 1.45316
-0.730406 0.813511 0.919347 -0.786118 0.752641 0.830025
0.785307 1.78199 0.231361 0.6018 1.69228 0.090027
1.40097 0.269246 1.16769 1.36245 0.146067 1.17691
1.15254 -0.669768 1.4681 1.13937 -0.762526 1.53837
0.269835 -0.830712 -1.06249 0.140671 -0.868057 -1.07362
-1.85581 -0.00853081 -1.43606 -1.76751 0.033268 -1.27571
1.13383 -1.20055 -1.6017 1.29122 -1.19153 -1.64594
-1.40381 -0.408531 -0.206051 -1.4064 -0.570287 -0.083058
0.386588 1.49658 1.01261 0.479363 1.62452 1.00507
-1.10601 0.465564 1.48044 -1.17298 0.560965 1.48389
-0.956712 -0.475412 -0.0400855 -1.01416 -0.423334 0.029939
1.40945 0.3672 -1.06277 1.33852 0.460624 -0.926909
-0.34474 -0.411023 -1.27866 -0.431508 -0.440131 -1.30849
-0.653538 -0.206824 -0.261922 -0.651978 -0.201988 -0.20364
-1.66678 -0.843613 2.24662 -1.68506 -1.09564 2.37883
-1.30179 -0.0266485 1.89035 -1.22986 -0.006164 1.84146
0.250296 1.49811 0.91742 0.389192 1.41114 0.826227
0.97369 -1.10645 -0.779342 0.898781 -0.976779 -0.674462
0.0363331 -0.452162 -1.47995 -0.118551 -0.407575 -1.38818
-1.04888 -0.764784 0.190271 -1.04541 -0.654922 0.104872
1.26317 -0.0436742 -0.996887 1.14121 -0.045314 -0.950845
-0.440585 0.944652 0.943381 -0.402419 0.959915 0.843941
-0.558798 1.33143 -0.29426 -0.542298 1.34197 -0.431383
-0.167786 1.2933 -0.0168765 -0.228427 1.19442 -0.146952
-0.823156 0.473212 -0.822617 -0.920141 0.409329 -0.81644
-0.378124 -0.06071 1.04738 -0.350685 0.068453 1.06077
1.07996 -0.170235 0.316109 1.04792 -0.258061 0.267867
0.749335 0.52806 -2.24936 0.753322 0.653325 -2.17655
1.82457 -0.5635 -0.0234255 1.74648 -0.600426 -0.091114
-0.323504 -1.11844 0.697098 -0.367739 -1.21642 0.732601
0.134671 -0.340411 0.0749181 0.173459 -0.426541 0.068992
-0.663723 0.624507 1.20913 -0.659925 0.543728 1.21506
-2.11714 0.931642 -0.82357 -2.09468 0.980129 -1.00211
0.998566 0.849468 -0.276111 0.939333 0.90493 -0.199663
0.381853 0.27556 -0.995484 0.454585 0.207413 -1.00346
-0.453019 -0.125073 -0.36763 -0.54882 -0.021398 -0.433767
-0.0314802 -0.710475 -0.523472 -0.263452 -0.783593 -0.466349
-0.558519 0.133353 0.137147 -0.527779 0.200076 0.128253
1.18616 -0.875539 -0.375681 1.09464 -0.986293 -0.455846
-0.297896 -0.449774 0.463324 -0.38423 -0.576601 0.464953
-0.633419 1.02466 -1.61889 -0.76077 1.13449 -1.69932
-1.36265 0.153002 0.66797 -1.30554 0.235593 0.663751
-0.686446 0.776919 -0.20403 -0.676987 0.788773 -0.148368
1.40285 0.710029 -2.50102 1.47437 0.878233 -2.44898
-0.608379 0.347196 -1.11578 -0.546967 0.357161 -1.02573
0.419455 -0.375565 0.570756 0.348779 -0.228109 0.511939
0.0862413 -0.239936 -0.148762 0.114856 -0.140469 -0.377462
0.00801944 0.636007 1.27687 0.212367 0.592125 1.14915
0.099259 0.199859 0.697405 0.003144 0.279614 0.720424
0.923513 -0.321764 -0.717205 0.827408 -0.322309 -0.571679
0.198846 -0.6033 -0.0189824 0.24947 -0.675987 0.144788
-0.073442 -0.356685 0.540089 -0.039857 -0.413185 0.514412
0.197624 -0.260243 -1.66946 0.294304 -0.287735 -1.60582
-0.305809 -0.586436 0.974248 -0.324806 -0.750211 1.00523
0.285237 0.366341 0.00748538 0.289039 0.250845 0.062174
1.14209 -0.392034 -1.1857 1.17826 -0.492913 -1.24296
1.13826 0.77788 0.279268 1.1617 0.726105 0.261123
-0.281733 -0.60323 -0.619747 -0.320702 -0.510195 -0.609139
-1.2998 -0.608281 -0.85407 -1.25557 -0.641711 -0.929212
-0.758653 -0.720553 -0.826969 -0.994133 -0.667353 -0.839932
-1.74868 0.58894 1.37792 -1.71742 0.676979 1.33917
1.63007 1.19807 0.212176 1.51458 1.1681 0.264305
1.05421 0.789679 -0.0405365 0.963477 0.777621 0.022914
-1.25134 1.04879 0.726892 -1.15685 1.06259 0.769305
-0.0576975 -1.65335 -0.0793723 -0.10831 -1.67515 -0.091675
0.0571166 -0.425229 0.482097 0.136684 -0.496517 0.496783
-0.443768 0.00513942 0.842757 -0.475841 0.014571 0.901147
-0.754251 -0.219735 1.0065 -0.765277 -0.190081 1.00232
-0.395008 -1.54411 0.0986127 -0.47459 -1.4573 0.083536
1.02292 0.126836 -1.33592 1.01401 0.035437 -1.27362
0.533234 -1.42795 0.527522 0.496043 -1.30081 0.551327
0.106568 0.958628 -0.717476 -0.045821 0.95012 -0.760822
-1.40545 0.147694 1.60175 -1.41686 -0.047119 1.80438
-0.840795 1.36858 0.57043 -0.774854 1.33888 0.691457
-0.269412 1.55766 -0.749551 -0.133083 1.36557 -0.835623
0.297168 0.877109 -0.108181 0.353533 0.907868 -0.009439
-0.853137 1.12523 0.158808 -0.761179 1.18671 0.188812
0.38741 -1.28256 0.296331 0.375424 -1.19384 0.388158
-0.139849 -0.837224 0.0373052 -0.088688 -0.944934 0.048867
-0.109083 -0.444708 0.839765 -0.25799 -0.451622 0.75727
1.01914 -0.140179 -1.20921 1.0694 -0.195806 -1.18337
-1.32758 -0.170201 -2.01427 -1.32582 -0.321386 -2.13603
-1.00323 1.11997 -0.356093 -0.925944 1.22442 -0.343505
-1.17877 -0.272965 0.0292189 -1.101 -0.235956 0.114539
-0.0477015 -0.568282 -0.961849 0.023585 -0.618457 -0.999633
1.90955 0.991966 0.892494 2.00721 1.17547 0.858525
1.47259 -1.94178 -1.06976 1.67599 -1.98847 -1.22028
0.656085 -0.408271 -0.376595 0.649076 -0.277741 -0.331058
0.466017 -0.363233 0.479885 0.427594 -0.377175 0.545482
0.341288 -0.754686 -0.385043 0.40336 -0.795884 -0.286462
-0.560294 0.860754 -0.162091 -0.42895 0.803214 -0.071392
-2.05137 -0.0794 1.87682e-05 -2.15772 -0.041841 -0.020746
-0.797717 0.695844 1.19033 -0.786264 0.759935 1.19985
1.2557 0.497075 -0.236459 1.22728 0.52229 -0.204815
0.000632412 0.801606 -1.38593 -0.119039 0.83764 -1.46585
0.124586 1.14202 1.2082 0.275829 1.26928 1.15989
0.181286 0.158195 -1.02913 0.143845 0.055355 -1.02717
0.193616 1.1998 -0.510712 0.226953 1.21135 -0.513006
-0.47102 1.08262 0.361896 -0.563922 1.06366 0.456167
1.11164 0.431706 -0.292012 1.10968 0.414497 -0.150285
0.661722 -1.65476 -0.0679059 0.785543 -1.57647 0.088756
0.552171 -1.23351 -0.500446 0.71137 -1.26249 -0.551
0.487811 0.712753 0.856641 0.51673 0.763775 0.923682
0.804794 -0.00303466 -1.73865 0.824973 -0.121747 -1.71453
0.3885 0.921167 -0.336532 0.536188 0.8451 -0.280642
