2672.12 2559.22
2296.9 2219.96
1950.45 1900.48
1629.74 1601.23
1333.39 1321.3
1059.98 1059.79
939.457 935.665
815.385 815.839
696.394 700.207
582.095 588.683
472.427 481.154
378.265 377.533
337.102 337.16
296.718 297.388
256.92 258.212
217.879 219.639
179.409 181.651
160.418 162.876
141.674 144.246
123.003 125.756
104.49 107.414
86.136 89.2205
68.0212 71.1693
49.9779 53.2486
32.0908 35.472
14.3547 17.8374
-3.14733 0.34368
-20.5817 -17.0112
-37.861 -34.231
-54.9947 -51.303
-71.9012 -68.2496
-88.7389 -85.049
-105.431 -101.716
-121.98 -118.253
-138.308 -134.653
-154.569 -150.918
-170.692 -167.052
-202.438 -198.924
-233.701 -230.258
-264.349 -261.083
-294.53 -291.391
-324.109 -321.183
-390.297 -393.48
-459.234 -462.709
-525.044 -528.918
-587.963 -592.193
-648.032 -652.602
-705.346 -710.211
-810.269 -817.334
-907.337 -914.108
-995.148 -1001.11
-1074.39 -1078.9
-1145.69 -1148.06
-1209.54 -1208.79
-1263.83 -1262.51
-1314.65 -1309.59
-1359.5 -1350.57
-1398.78 -1386
-1427.47 -1416.39
-1457.34 -1442.26
-1482.72 -1463.78
-1503.94 -1481.81
-1521.31 -1496.17
1778.25 1676.76
1562.1 1487.64
1356.26 1303.19
1156.5 1119.76
966.714 940.335
786.638 767.194
700.453 683.121
613.497 600.695
528.643 519.935
449.63 440.827
368.564 363.349
294.539 287.511
263.324 257.633
232.498 228.01
201.917 198.65
171.719 169.549
141.766 140.705
126.908 126.38
112.194 112.119
97.4889 97.9219
82.8634 83.792
68.3148 69.7261
53.9094 55.7267
39.5121 41.7818
25.1949 27.9059
10.9543 14.0954
-3.14731 0.34816
-17.2363 -13.3357
-31.2495 -26.9568
-45.1871 -40.5101
-58.983 -54.0045
-72.7694 -67.4342
-86.4799 -80.7923
-100.115 -94.0954
-113.614 -107.335
-127.1 -120.509
-140.513 -133.623
-167.05 -159.658
-193.356 -185.437
-219.308 -210.971
-245.024 -236.252
-270.393 -261.283
-328.505 -322.78
-389.203 -382.742
-448.085 -441.155
-505.285 -498.036
-560.78 -553.405
-613.118 -607.261
-715.876 -710.506
-812.337 -807.862
-902.661 -899.424
-985.264 -985.31
-1064.31 -1065.61
-1137.95 -1140.43
-1206.51 -1209.87
-1270.16 -1274.07
-1329.18 -1332.77
-1381.52 -1386.7
-1429.38 -1435.84
-1476.2 -1480.15
-1516.78 -1520.41
-1556.38 -1556.17
-1592.52 -1588.03
513.574 505.375
440.833 441.768
377.538 380.701
314.955 322.853
257.129 268.248
204.317 216.953
179.24 192.4
155.185 168.509
134.242 145.263
112.035 122.669
90.7482 100.727
70.3635 79.4074
62.4324 71.0573
54.6535 62.8064
46.9876 54.6541
39.4674 46.6029
32.0559 38.6496
28.3962 34.7091
24.784 30.7942
21.1862 26.9037
17.6175 23.0374
14.0792 19.1955
10.5862 15.3766
7.10616 11.5834
3.65441 7.8144
0.230963 4.06976
-3.14731 0.34816
-6.5134 -3.34976
-9.85185 -7.02208
-13.1641 -10.672
-16.4321 -14.2976
-19.688 -17.8982
-22.9173 -21.4758
-26.1222 -25.0304
-29.2857 -28.56
-32.4389 -32.0659
-35.5655 -35.5494
-41.7308 -42.4448
-47.811 -49.2461
-53.7835 -55.9558
-59.6738 -62.5722
-65.4611 -69.0976
-79.5602 -85.008
-93.088 -100.343
-106.165 -115.123
-118.796 -129.356
-131.001 -143.033
-141.453 -156.182
-164.094 -180.9
-185.52 -203.554
-205.931 -224.204
-225.54 -242.906
-244.547 -259.718
-263.106 -274.709
-281.39 -287.948
-299.521 -299.482
-317.64 -309.382
-335.837 -317.717
-352.541 -324.572
-371.252 -330.014
-390.096 -334.412
-409.511 -337.989
-428.888 -341.259
2672.12 2559.22
2296.9 2219.96
1950.45 1900.48
1629.73 1601.23
1333.39 1321.3
1059.98 1059.79
939.457 935.665
815.385 815.839
696.395 700.207
582.095 588.683
472.427 481.154
378.264 377.533
337.102 337.16
296.717 297.388
256.92 258.212
217.879 219.639
179.408 181.651
160.418 162.876
141.674 144.246
123.002 125.756
104.49 107.414
86.1353 89.2205
68.0216 71.1693
49.9771 53.2486
32.091 35.472
14.3552 17.8374
-3.14737 0.34368
-20.5818 -17.0112
-37.8615 -34.231
-54.9947 -51.303
-71.9018 -68.2496
-88.7391 -85.049
-105.431 -101.716
-121.98 -118.253
-138.308 -134.653
-154.569 -150.918
-170.692 -167.052
-202.438 -198.924
-233.701 -230.258
-264.349 -261.083
-294.529 -291.391
-324.11 -321.183
-390.296 -393.48
-459.234 -462.709
-525.044 -528.918
-587.963 -592.193
-648.032 -652.602
-705.346 -710.211
-810.269 -817.334
-907.338 -914.108
-995.148 -1001.11
-1074.39 -1078.9
-1145.69 -1148.06
-1209.54 -1208.79
-1263.83 -1262.51
-1314.65 -1309.59
-1359.5 -1350.57
-1398.78 -1386
-1427.47 -1416.39
-1457.34 -1442.26
-1482.72 -1463.78
-1503.94 -1481.81
-1521.31 -1496.17
1778.25 1676.76
1562.1 1487.64
1356.26 1303.19
1156.5 1119.76
966.714 940.335
786.639 767.194
700.454 683.121
613.497 600.695
528.643 519.935
449.629 440.827
368.564 363.349
294.539 287.511
263.323 257.633
232.498 228.01
201.917 198.65
171.719 169.549
141.767 140.705
126.908 126.38
112.194 112.119
97.4888 97.9219
82.8629 83.792
68.3147 69.7261
53.9092 55.7267
39.5119 41.7818
25.1948 27.9059
10.9543 14.0954
-3.14736 0.34816
-17.2367 -13.3357
-31.25 -26.9568
-45.1871 -40.5101
-58.9834 -54.0045
-72.7694 -67.4342
-86.4799 -80.7923
-100.116 -94.0954
-113.614 -107.335
-127.1 -120.509
-140.513 -133.623
-167.05 -159.658
-193.356 -185.437
-219.308 -210.971
-245.024 -236.252
-270.393 -261.283
-328.505 -322.78
-389.203 -382.742
-448.085 -441.155
-505.285 -498.036
-560.78 -553.405
-613.118 -607.261
-715.877 -710.506
-812.337 -807.862
-902.66 -899.424
-985.265 -985.31
-1064.31 -1065.61
-1137.95 -1140.43
-1206.51 -1209.87
-1270.16 -1274.07
-1329.18 -1332.77
-1381.52 -1386.7
-1429.38 -1435.84
-1476.2 -1480.15
-1516.78 -1520.41
-1556.37 -1556.17
-1592.52 -1588.03
513.575 505.375
440.834 441.768
377.537 380.701
314.955 322.853
257.129 268.248
204.317 216.953
179.239 192.4
155.184 168.509
134.241 145.263
112.034 122.669
90.7478 100.727
70.3628 79.4074
62.4325 71.0573
54.6531 62.8064
46.9874 54.6541
39.4672 46.6029
32.0558 38.6496
28.3958 34.7091
24.7841 30.7942
21.1865 26.9037
17.618 23.0374
14.0795 19.1955
10.587 15.3766
7.10655 11.5834
3.65482 7.8144
0.231168 4.06976
-3.14742 0.34816
-6.51348 -3.34976
-9.85136 -7.02208
-13.1639 -10.672
-16.4315 -14.2976
-19.6875 -17.8982
-22.917 -21.4758
-26.122 -25.0304
-29.2855 -28.56
-32.4385 -32.0659
-35.5654 -35.5494
-41.7309 -42.4448
-47.8107 -49.2461
-53.7836 -55.9558
-59.6737 -62.5722
-65.4611 -69.0976
-79.5603 -85.008
-93.0878 -100.343
-106.165 -115.123
-118.796 -129.356
-131.001 -143.033
-141.453 -156.182
-164.095 -180.9
-185.52 -203.554
-205.931 -224.204
-225.539 -242.906
-244.547 -259.718
-263.106 -274.709
-281.39 -287.948
-299.521 -299.482
-317.64 -309.382
-335.837 -317.717
-352.541 -324.572
-371.252 -330.014
-390.096 -334.412
-409.511 -337.989
-428.888 -341.259
2672.12 2559.22
2296.9 2219.96
1950.45 1900.48
1629.73 1601.23
1333.39 1321.3
1059.98 1059.79
939.456 935.665
815.386 815.839
696.395 700.207
582.095 588.683
472.428 481.154
378.264 377.533
337.102 337.16
296.717 297.388
256.92 258.212
217.879 219.639
179.409 181.651
160.418 162.876
141.674 144.246
123.002 125.756
104.49 107.414
86.1353 89.2205
68.0218 71.1693
49.9768 53.2486
32.0911 35.472
14.3553 17.8374
-3.14738 0.34368
-20.5817 -17.0112
-37.8616 -34.231
-54.9946 -51.303
-71.902 -68.2496
-88.7392 -85.049
-105.431 -101.716
-121.98 -118.253
-138.308 -134.653
-154.569 -150.918
-170.692 -167.052
-202.438 -198.924
-233.701 -230.258
-264.349 -261.083
-294.529 -291.391
-324.11 -321.183
-390.296 -393.48
-459.233 -462.709
-525.044 -528.918
-587.963 -592.193
-648.032 -652.602
-705.346 -710.211
-810.268 -817.334
-907.338 -914.108
-995.148 -1001.11
-1074.39 -1078.9
-1145.69 -1148.06
-1209.54 -1208.79
-1263.83 -1262.51
-1314.65 -1309.59
-1359.5 -1350.57
-1398.78 -1386
-1427.47 -1416.39
-1457.34 -1442.26
-1482.72 -1463.78
-1503.94 -1481.81
-1521.31 -1496.17
1070.09 1106.43
908.64 954.792
765.138 811.921
632.843 682.243
520.364 562.617
412.568 451.183
361.789 398.327
313.237 347.311
266.921 298.104
225.941 250.65
183.423 204.907
143.57 160.821
127.748 143.664
112.232 126.744
96.9414 110.079
81.9392 93.6685
67.1555 77.5078
59.8543 69.5187
52.6453 61.5917
45.463 53.7254
38.3393 45.9232
31.2753 38.1779
24.2993 30.4928
17.3465 22.8659
10.451 15.3011
3.60957 7.79648
-3.14735 0.34816
-9.88235 -7.04128
-16.5621 -14.3718
-23.1905 -21.6429
-29.7352 -28.8595
-36.2622 -36.0166
-42.7384 -43.1155
-49.1644 -50.16
-55.5118 -57.1482
-61.8399 -64.0774
-68.1239 -70.9549
-80.5153 -84.5389
-92.7529 -97.9021
-104.785 -111.038
-116.667 -123.971
-128.352 -136.689
-156.731 -167.572
-184.3 -197.173
-210.927 -225.526
-236.714 -252.657
-261.684 -278.622
-283.308 -303.444
-329.739 -349.784
-373.583 -391.926
-415.062 -430.105
-452.835 -464.566
-490.387 -495.523
-526.113 -523.199
-560.17 -547.903
-592.625 -569.886
-623.592 -588.934
-652.216 -605.921
-680.45 -620.97
-707.323 -633.953
-732.51 -645.599
-756.831 -656.118
-779.896 -665.402
955.826 940.308
874.78 856.671
792.254 773.802
701.71 685.149
607.225 592.734
513.66 496.341
463.433 447.402
412.577 398.264
368.255 348.93
316.104 299.45
263.535 249.845
210.667 200.106
189.395 180.185
168.133 160.245
146.783 140.282
125.451 120.317
104.041 100.341
93.3262 90.3494
82.6552 80.3584
71.9302 70.3622
61.201 60.3661
50.4681 50.3674
39.7801 40.368
29.0379 30.3616
18.2958 20.3584
7.55076 10.3552
-3.14741 0.34816
-13.8944 -9.65952
-24.6425 -19.6678
-35.393 -29.6762
-46.0888 -39.6851
-56.8366 -49.6928
-67.5801 -59.6998
-78.3214 -69.7107
-89.0145 -79.7171
-99.7502 -89.7242
-110.485 -99.7331
-131.892 -119.748
-153.33 -139.757
-174.695 -159.764
-196.082 -179.764
-217.388 -199.77
-270.572 -249.718
-320.911 -299.603
-373.588 -349.391
-425.929 -399.08
-477.837 -448.639
-526.374 -498.056
-627.683 -596.388
-726.566 -693.931
-822.631 -790.547
-915.637 -886.102
-1005.39 -980.449
-1091.6 -1073.45
-1174.19 -1164.96
-1252.91 -1254.81
-1327.76 -1342.86
-1398.59 -1428.94
-1463.15 -1512.86
-1525.96 -1594.44
-1579.89 -1672.5
-1635.08 -1746.43
-1684.5 -1814.92
-0.130603 0
-0.0640195 0
0.0636876 0
0.166012 0
-0.0979808 0
-0.000800637 0
0.0744673 0
0.138731 0
0.0366068 0
-0.257434 0
0.0345723 0
0.0211393 0
0.215481 0
-0.0980065 0
-0.0232209 0
-0.21734 0
-0.0519145 0
-0.0610244 0
0.0713071 0
0.0497065 0
0.110507 0
0.108397 0
0.0399588 0
0.118173 0
-0.0880646 0
-0.011682 0
0.00678405 0
0.0776773 0
-0.010313 0
-0.0378856 0
-0.00743942 0
0.0828731 0
-0.0367932 0
-0.0627454 0
-0.0437691 0
0.052253 0
-0.0608931 0
-0.0353462 0
-0.00305413 0
0.0247766 0
-0.0240145 0
0.000861845 0
-0.0469515 0
-0.0695333 0
0.0171307 0
-0.0794766 0
-0.00762531 0
0.0674665 0
0.0441 0
-0.0111289 0
-0.0282714 0
0.00955577 0
-0.0269498 0
-0.0121665 0
-0.0415062 0
-0.009179 0
-0.00618516 0
0.0115506 0
0.015192 0
0.0257929 0
0.0478288 0
0.000130718 0
-0.00522163 0
0.172067 0
0.162096 0
0.155026 0
0.150286 0
0.143362 0
0.137429 0
0.134482 0
0.130695 0
0.128786 0
0.126125 0
0.123615 0
0.121014 0
0.119397 0
0.118994 0
0.117531 0
0.117201 0
0.115443 0
0.115055 0
0.115265 0
0.114194 0
0.113538 0
0.115298 0
0.112818 0
0.113179 0
0.111835 0
0.111561 0
0.111829 0
0.110652 0
0.110852 0
0.11044 0
0.110112 0
0.109544 0
0.108435 0
0.10807 0
0.108271 0
0.107951 0
0.10755 0
0.10676 0
0.105809 0
0.104395 0
0.103595 0
0.102899 0
0.100887 0
0.0990472 0
0.0972316 0
0.0960556 0
0.0943804 0
0.0927989 0
0.0893203 0
0.0858267 0
0.0828865 0
0.0802039 0
0.0778786 0
0.0748841 0
0.072294 0
0.0703703 0
0.0676303 0
0.0658363 0
0.0636837 0
0.062296 0
0.059511 0
0.0574762 0
0.055571 0
-0.0939906 0
-0.0491277 0
0.0472999 0
0.130451 0
-0.0806455 0
-0.000759367 0
0.0634412 0
0.120123 0
0.0328774 0
-0.231144 0
0.0302218 0
0.0199195 0
0.200817 0
-0.093044 0
-0.0220165 0
-0.207919 0
-0.0505641 0
-0.0595662 0
0.069002 0
0.0473504 0
0.106327 0
0.106384 0
0.0379855 0
0.116767 0
-0.087321 0
-0.0125044 0
0.00681231 0
0.0767298 0
-0.0104487 0
-0.038316 0
-0.00755782 0
0.0836124 0
-0.0376997 0
-0.0645467 0
-0.0453392 0
0.0541315 0
-0.0633548 0
-0.0379519 0
-0.00320497 0
0.0274942 0
-0.0270132 0
-0.000422618 0
-0.0521516 0
-0.0789096 0
0.0190431 0
-0.0943529 0
-0.00980841 0
0.0843913 0
0.0578987 0
-0.0153564 0
-0.0413395 0
0.0150202 0
-0.0445628 0
-0.0226312 0
-0.0787725 0
-0.0184266 0
-0.0134844 0
0.0262391 0
0.038222 0
0.0718024 0
0.145841 0
0.000482859 0
-0.0193798 0
-0.130597 0
-0.0640121 0
0.0637694 0
0.165776 0
-0.0979939 0
-0.000848325 0
0.074454 0
0.13867 0
0.0366366 0
-0.257486 0
0.0345783 0
0.0214914 0
0.215545 0
-0.098123 0
-0.0231955 0
-0.217245 0
-0.0519172 0
-0.0610526 0
0.0712801 0
0.0496982 0
0.110478 0
0.108388 0
0.0399841 0
0.118185 0
-0.0881252 0
-0.0118017 0
0.00679933 0
0.0776822 0
-0.010261 0
-0.0379438 0
-0.00738247 0
0.0829447 0
-0.0367752 0
-0.0628501 0
-0.0437887 0
0.0521938 0
-0.0609276 0
-0.0353895 0
-0.00292831 0
0.0248069 0
-0.0239917 0
0.000854219 0
-0.0469174 0
-0.0695145 0
0.0171045 0
-0.0793731 0
-0.007661 0
0.0676517 0
0.0440932 0
-0.0111321 0
-0.0282847 0
0.00954255 0
-0.0270059 0
-0.012081 0
-0.041447 0
-0.00917638 0
-0.00620774 0
0.0115738 0
0.0151545 0
0.0257933 0
0.0478253 0
0.000161644 0
-0.00521705 0
-0.111153 0
-0.0570105 0
0.054209 0
0.147804 0
-0.0884532 0
-0.000500859 0
0.0702863 0
0.127404 0
0.0349112 0
-0.243673 0
0.03373 0
0.022493 0
0.20777 0
-0.0952367 0
-0.0225815 0
-0.212306 0
-0.0515165 0
-0.0599373 0
0.0701845 0
0.0481105 0
0.109194 0
0.107462 0
0.0396753 0
0.11744 0
-0.0877605 0
-0.0118014 0
0.00686359 0
0.0765295 0
-0.0103603 0
-0.0381616 0
-0.00690435 0
0.0837821 0
-0.0372229 0
-0.0637624 0
-0.0446006 0
0.0531476 0
-0.0622177 0
-0.0361189 0
-0.00191736 0
0.0267197 0
-0.0259216 0
0.000852131 0
-0.0494104 0
-0.0740327 0
0.0175347 0
-0.0866043 0
-0.00855475 0
0.0766568 0
0.0505553 0
-0.0136666 0
-0.034306 0
0.0121273 0
-0.0349025 0
-0.0162622 0
-0.057308 0
-0.0131809 0
-0.00931297 0
0.0181416 0
0.024477 0
0.0445224 0
0.0869578 0
0.000303841 0
-0.010728 0
0.137575 0
0.134486 0
0.132417 0
0.128578 0
0.125745 0
0.123921 0
0.121705 0
0.121154 0
0.119961 0
0.118854 0
0.116695 0
0.115609 0
0.115134 0
0.114638 0
0.114947 0
0.114456 0
0.113113 0
0.112992 0
0.113663 0
0.112642 0
0.113013 0
0.112807 0
0.111897 0
0.111658 0
0.112233 0
0.111242 0
0.111789 0
0.111514 0
0.111343 0
0.110327 0
0.110157 0
0.109859 0
0.10969 0
0.109576 0
0.109936 0
0.109797 0
0.109616 0
0.109193 0
0.108127 0
0.108355 0
0.10792 0
0.106739 0
0.10663 0
0.104888 0
0.103958 0
0.103634 0
0.102027 0
0.101895 0
0.100132 0
0.0984847 0
0.0968219 0
0.0952444 0
0.0937343 0
0.0916371 0
0.0901826 0
0.0887692 0
0.0874418 0
0.0868387 0
0.085488 0
0.084177 0
0.0829694 0
0.0817658 0
0.0798702 0
-0.130677 0
-0.0637651 0
0.0636106 0
0.165703 0
-0.0979315 0
-0.000927813 0
0.0746012 0
0.138739 0
0.0366315 0
-0.257518 0
0.0345981 0
0.0215002 0
0.215499 0
-0.0980319 0
-0.0231258 0
-0.217203 0
-0.0519414 0
-0.0610734 0
0.0712103 0
0.0497149 0
0.110366 0
0.108385 0
0.0400384 0
0.11819 0
-0.0881583 0
-0.0118373 0
0.00681633 0
0.0776102 0
-0.0102195 0
-0.037892 0
-0.00735957 0
0.0828803 0
-0.0367566 0
-0.0628399 0
-0.0438619 0
0.0522116 0
-0.0609413 0
-0.0354056 0
-0.00291344 0
0.0246958 0
-0.0240883 0
0.000826601 0
-0.0469235 0
-0.0695035 0
0.0169367 0
-0.0793753 0
-0.00751772 0
0.0674673 0
0.0440639 0
-0.0110743 0
-0.0283898 0
0.00969897 0
-0.0271052 0
-0.0121725 0
-0.0414943 0
-0.00905993 0
-0.00618713 0
0.011603 0
0.0151528 0
0.0258177 0
0.0478514 0
0.000175757 0
-0.00525861 0
-0.111191 0
-0.0569025 0
0.0541514 0
0.147936 0
-0.088401 0
-0.000324636 0
0.0704218 0
0.127411 0
0.0349304 0
-0.243696 0
0.033768 0
0.0225171 0
0.207875 0
-0.0951422 0
-0.0225326 0
-0.212185 0
-0.0515887 0
-0.0599647 0
0.0701418 0
0.0480888 0
0.109107 0
0.107445 0
0.0397694 0
0.117447 0
-0.0878084 0
-0.0118341 0
0.00682983 0
0.0766008 0
-0.0103153 0
-0.0381139 0
-0.00697469 0
0.0837598 0
-0.0371976 0
-0.0637261 0
-0.0446398 0
0.0531348 0
-0.0622234 0
-0.036125 0
-0.00197561 0
0.0267936 0
-0.0259351 0
0.000771133 0
-0.049419 0
-0.0740278 0
0.0176358 0
-0.086602 0
-0.00837533 0
0.0766526 0
0.0505316 0
-0.0136994 0
-0.0344683 0
0.01218 0
-0.0350241 0
-0.0163517 0
-0.0573703 0
-0.0130666 0
-0.00929261 0
0.018174 0
0.0244986 0
0.0445589 0
0.0870208 0
0.000341427 0
-0.0107721 0
0.137517 0
0.134561 0
0.13242 0
0.128581 0
0.125778 0
0.123919 0
0.121825 0
0.121082 0
0.119956 0
0.118867 0
0.11668 0
0.115589 0
0.11511 0
0.114651 0
0.114936 0
0.114443 0
0.113197 0
0.113063 0
0.113626 0
0.11268 0
0.113023 0
0.112781 0
0.111952 0
0.111704 0
0.112228 0
0.111248 0
0.111814 0
0.111511 0
0.111371 0
0.110319 0
0.110145 0
0.109936 0
0.109716 0
0.109565 0
0.109939 0
0.109811 0
0.109593 0
0.109175 0
0.108047 0
0.108365 0
0.107918 0
0.106742 0
0.106598 0
0.104898 0
0.103936 0
0.103618 0
0.102012 0
0.101899 0
0.100171 0
0.0985111 0
0.0967834 0
0.0952229 0
0.0937056 0
0.0916629 0
0.0901673 0
0.0888101 0
0.0874743 0
0.0868427 0
0.085491 0
0.0841495 0
0.0829762 0
0.0817365 0
0.0799035 0
