0.433349
0.340628
0.382825
0.439812
0.47841
0.354095
0.467133
0.367774
0.396048
0.380542
0.323456
0.440105
0.50007
0.463867
0.430189
0.475132
0.320531
0.436767
0.307492
0.465553
0.492989
0.431053
0.40586
0.359535
0.390155
0.462168
0.492383
0.41733
0.330282
0.393784
0.498503
0.387116
0.412357
0.384823
0.416394
0.406837
0.425973
0.49248
0.361726
0.471033
0.466518
0.46826
0.435335
0.390346
0.358548
0.346579
0.500016
0.431714
0.541532
0.491302
0.273878
0.390538
0.466952
0.373435
0.3378
0.477456
0.382485
0.427279
0.550289
0.414846
0.429351
0.394485
0.40536
0.489485
0.413987
0.36259
0.437029
0.338594
0.368649
0.349012
0.407356
0.424522
0.405002
0.47827
0.409854
0.495308
0.433383
0.309502
0.424909
0.529006
0.479531
0.37926
0.499804
0.454914
0.46663
0.474192
0.511778
0.365427
0.44824
0.394685
0.46346
0.368995
0.426766
0.406175
0.432744
0.510593
0.472283
0.469121
0.408964
0.373877
0.35806
0.507919
0.369478
0.444673
0.425635
0.35004
0.355308
0.391777
0.432947
0.418222
0.389874
0.364089
0.493582
0.411422
0.396893
0.462547
0.471977
0.355988
0.382263
0.426873
0.410334
0.357247
0.45686
0.473454
0.408652
-0.340346
-0.447383
-0.421091
-0.419286
-0.388696
-0.439225
-0.346427
-0.415395
-0.37462
-0.404352
-0.379011
-0.378779
-0.434032
-0.424928
-0.406209
-0.369537
-0.441941
-0.423795
-0.392758
-0.42901
-0.500011
-0.415708
-0.414106
-0.43138
-0.414303
-0.416697
-0.407337
-0.424778
-0.472562
-0.533453
-0.478162
-0.440483
-0.405267
-0.384214
-0.412235
-0.437596
-0.382454
-0.436675
-0.43642
-0.421411
-0.435256
-0.422115
-0.464855
-0.409747
-0.451564
-0.468649
-0.402328
-0.433877
-0.407955
-0.400627
-0.368762
-0.415511
-0.458378
-0.406659
-0.397949
-0.411983
-0.480635
-0.432086
-0.389679
-0.363419
-0.45133
-0.401054
-0.355
-0.449881
-0.377656
-0.429067
-0.406624
-0.49988
-0.393646
-0.396673
-0.394202
-0.450878
-0.407428
-0.398357
-0.416747
-0.378728
-0.405702
-0.429307
-0.395376
-0.408873
-0.436666
-0.498347
-0.433307
-0.404923
-0.507758
-0.384305
-0.425972
-0.439065
-0.453074
-0.464657
-0.403204
-0.437941
-0.359875
-0.452968
-0.425221
-0.474718
-0.403093
-0.431327
-0.412051
-0.408153
-0.469772
-0.369414
-0.439667
-0.351647
-0.422029
-0.428853
-0.363674
-0.44997
-0.388658
-0.445816
-0.420392
-0.392225
-0.410315
-0.455225
-0.426781
-0.428863
-0.372068
-0.450725
-0.359301
-0.455492
-0.40232
-0.43222
-0.437058
-0.417683
-0.378379
0.440423
0.383814
0.405846
0.371683
0.339922
0.364706
0.452622
0.401302
0.412305
0.43197
0.440326
0.430334
0.463451
0.418317
0.388015
0.523643
0.437812
0.423917
0.428885
0.401018
0.423732
0.40894
0.42616
0.440372
0.491221
0.441388
0.427335
0.369979
0.427323
0.372728
0.436719
0.35918
0.40666
0.364516
0.423743
0.420885
0.399554
0.43666
0.342341
0.407533
0.352818
0.505374
0.41153
0.416552
0.404396
0.436984
0.495377
0.441913
0.507714
0.438583
0.407712
0.409356
0.439826
0.372892
0.48397
0.40314
0.424087
0.454356
0.362154
0.40988
0.382517
0.435056
0.413222
0.466136
0.346469
0.4924
0.335952
0.367715
0.398561
0.414261
0.446408
0.411173
0.430402
0.445706
0.3432
0.478309
0.395626
0.378888
0.442124
0.360522
0.424086
0.359104
0.352155
0.432573
0.42008
0.428489
0.332461
0.391204
0.454222
0.357948
0.478426
0.461159
0.368747
0.461747
0.434598
0.399131
0.410833
0.404183
0.449108
0.475181
0.44438
0.395947
0.481846
0.340205
0.491166
0.434813
0.397181
0.355893
0.447001
0.462089
0.369643
0.404974
0.380772
0.419531
0.463776
0.466502
0.40949
0.499374
0.411867
0.354029
0.398782
0.436123
0.436232
0.486929
0.38752
-0.472903
-0.413922
-0.383131
-0.440336
-0.382607
-0.351891
-0.392554
-0.378391
-0.394057
-0.3919
-0.385372
-0.414497
-0.435007
-0.420269
-0.449484
-0.413962
-0.385846
-0.448902
-0.410859
-0.387937
-0.461897
-0.437461
-0.464945
-0.428766
-0.405101
-0.409723
-0.40348
-0.442184
-0.450796
-0.459218
-0.475123
-0.447124
-0.377939
-0.393275
-0.355721
-0.425353
-0.445478
-0.433301
-0.372256
-0.37196
-0.426126
-0.384546
-0.423758
-0.407659
-0.391133
-0.417931
-0.452464
-0.469814
-0.417713
-0.418496
-0.369157
-0.46637
-0.386156
-0.442477
-0.415349
-0.501717
-0.405008
-0.36645
-0.398385
-0.445117
-0.3692
-0.423122
-0.424527
-0.419012
-0.405109
-0.378531
-0.420967
-0.444555
-0.457985
-0.417218
-0.443245
-0.424384
-0.449602
-0.395154
-0.449266
-0.417851
-0.45382
-0.447259
-0.406603
-0.417476
-0.364334
-0.433128
-0.379663
-0.405423
-0.442453
-0.391702
-0.417668
-0.363882
-0.383746
-0.386359
-0.414976
-0.370069
-0.403283
-0.35499
-0.442859
-0.447886
-0.409684
-0.416602
-0.44887
-0.409222
-0.447086
-0.403883
-0.423986
-0.415101
-0.442531
-0.413387
-0.374952
-0.415137
-0.444891
-0.385907
-0.480702
-0.419202
-0.374983
-0.417534
-0.476147
-0.417868
-0.4226
-0.404481
-0.414634
-0.395222
-0.411949
-0.406251
-0.398425
-0.446151
-0.454073
0.358774
0.48762
0.551673
0.467711
0.381196
0.49516
0.385132
0.414396
0.372232
0.403001
0.466462
0.416865
0.455579
0.435794
0.395767
0.423007
0.504882
0.372713
0.344187
0.407276
0.398398
0.489535
0.40622
0.473526
0.418093
0.485377
0.367041
0.366719
0.322678
0.372834
0.465232
0.407411
0.403941
0.420794
0.349102
0.437515
0.437195
0.465584
0.386197
0.364876
0.489261
0.274175
0.458711
0.439605
0.451258
0.396262
0.456262
0.399935
0.421382
0.429812
0.411126
0.347215
0.364703
0.52762
0.404834
0.49611
0.407441
0.462292
0.471986
0.482208
0.423744
0.431852
0.470842
0.500857
0.38808
0.447745
0.380558
0.38419
0.449901
0.419069
0.480516
0.452692
0.438579
0.473266
0.423545
0.320586
0.395072
0.378142
0.347689
0.395302
0.433791
0.473778
0.447066
0.340805
0.386996
0.392766
0.43263
0.412816
0.393716
0.572689
0.435804
0.406703
0.517703
0.368103
0.433059
0.465746
0.386982
0.417969
0.539362
0.397825
0.490147
0.328785
0.395135
0.389867
0.447113
0.478256
0.406649
0.438202
0.474029
0.360753
0.393078
0.394747
0.417012
0.394923
0.41877
0.367083
0.381191
0.441874
0.448799
0.402133
0.403191
0.420846
0.445342
0.418426
0.487983
-0.360961
-0.385716
-0.425826
-0.43936
-0.521703
-0.405631
-0.460356
-0.467504
-0.386221
-0.363017
-0.400473
-0.372278
-0.470262
-0.417266
-0.432694
-0.40871
-0.391975
-0.442308
-0.408935
-0.432332
-0.455693
-0.425307
-0.455918
-0.370245
-0.373573
-0.389701
-0.470572
-0.424566
-0.415784
-0.392465
-0.369947
-0.414762
-0.426884
-0.41728
-0.414838
-0.37353
-0.483484
-0.337339
-0.410115
-0.422706
-0.325655
-0.424837
-0.489706
-0.345707
-0.357185
-0.456057
-0.431871
-0.414978
-0.447049
-0.468584
-0.423887
-0.442112
-0.380887
-0.347179
-0.424967
-0.427432
-0.41899
-0.436382
-0.39578
-0.433611
-0.470695
-0.479575
-0.43755
-0.428373
-0.405849
-0.408893
-0.396306
-0.462395
-0.448151
-0.462843
-0.433292
-0.433127
-0.417408
-0.5118
-0.417123
-0.472912
-0.38602
-0.346411
-0.450002
-0.426021
-0.381894
-0.421379
-0.433946
-0.432528
-0.387033
-0.481359
-0.383674
-0.484379
-0.497546
-0.388191
-0.464426
-0.419062
-0.310459
-0.507226
-0.3933
-0.414131
-0.385735
-0.434458
-0.450454
-0.467313
-0.411502
-0.41812
-0.39671
-0.481288
-0.376949
-0.340752
-0.4535
-0.389816
-0.335419
-0.362593
-0.389487
-0.431667
-0.415827
-0.401541
-0.445993
-0.403636
-0.373972
-0.400027
-0.46712
-0.475671
-0.482487
-0.424661
-0.461123
-0.371833
-0.457057
0.459391
0.427509
0.379981
0.437267
0.49504
0.430176
0.446199
0.461809
0.416515
0.42058
0.487848
0.436239
0.422088
0.404978
0.390774
0.307454
0.377003
0.396941
0.404014
0.361713
0.44282
0.348816
0.409438
0.399859
0.355213
0.406605
0.429414
0.437603
0.430615
0.285492
0.502726
0.379534
0.421672
0.441149
0.422704
0.397919
0.399037
0.409259
0.393204
0.412345
0.461562
0.339218
0.445754
0.386814
0.499035
0.423419
0.432832
0.383195
0.381194
0.445774
0.386735
0.445188
0.458322
0.362979
0.451997
0.458393
0.439484
0.416118
0.435572
0.411159
0.442487
0.46272
0.363991
0.467087
0.338423
0.449271
0.421932
0.40024
0.476945
0.412758
0.422219
0.403283
0.4137
0.411079
0.370747
0.327975
0.466897
0.34586
0.481782
0.46589
0.370966
0.455414
0.45624
0.437455
0.336528
0.444347
0.440075
0.364883
0.430222
0.426685
0.455372
0.452763
0.387902
0.380909
0.426414
0.419078
0.491132
0.390145
0.366938
0.407005
0.417712
0.433662
0.342522
0.484308
0.43507
0.289522
0.422233
0.369456
0.449492
0.416695
0.424089
0.384117
0.441594
0.479218
0.430563
0.398557
0.417609
0.385627
0.442103
0.476319
0.377033
0.429139
0.429182
0.44262
0.389361
-0.400607
-0.384955
-0.410805
-0.470095
-0.388158
-0.427471
-0.417161
-0.408764
-0.388588
-0.425253
-0.405007
-0.442059
-0.419217
-0.506644
-0.455696
-0.448603
-0.426895
-0.449559
-0.373952
-0.414702
-0.374767
-0.423279
-0.380808
-0.408005
-0.39244
-0.40898
-0.41754
-0.434817
-0.398166
-0.438355
-0.411444
-0.410294
-0.375808
-0.493081
-0.395488
-0.450394
-0.436812
-0.442372
-0.408105
-0.407499
-0.398282
-0.386016
-0.338807
-0.389598
-0.411478
-0.409027
-0.412919
-0.477884
-0.352356
-0.439023
-0.364067
-0.365098
-0.413873
-0.409914
-0.380874
-0.460142
-0.445584
-0.416243
-0.334938
-0.42527
-0.413818
-0.464496
-0.477866
-0.444427
-0.415316
-0.452504
-0.403869
-0.415841
-0.426669
-0.41802
-0.460462
-0.407736
-0.377574
-0.387592
-0.432602
-0.461383
-0.412189
-0.434144
-0.41242
-0.419413
-0.424823
-0.421767
-0.438196
-0.417161
-0.427153
-0.381107
-0.397603
-0.452818
-0.440283
-0.417206
-0.421455
-0.45472
-0.424789
-0.441305
-0.398912
-0.440598
-0.435777
-0.433573
-0.394785
-0.386041
-0.42136
-0.401417
-0.444278
-0.371172
-0.393437
-0.427072
-0.397785
-0.386283
-0.402062
-0.415618
-0.396123
-0.387311
-0.442882
-0.389053
-0.408249
-0.452807
-0.421881
-0.375874
-0.417036
-0.440203
-0.410704
-0.415146
-0.410319
-0.390397
-0.385024
0.479141
0.390002
0.415127
0.3874
0.473965
0.437864
0.372523
0.408605
0.431373
0.335385
0.441297
0.361538
0.434726
0.355295
0.520506
0.432688
0.42079
0.431106
0.417502
0.486872
0.411306
0.413023
0.376038
0.419742
0.371942
0.338279
0.510173
0.538283
0.465303
0.369621
0.496744
0.456883
0.427396
0.399652
0.409251
0.450807
0.508739
0.38364
0.489734
0.497524
0.443294
0.380258
0.382779
0.371517
0.417081
0.427505
0.45447
0.444263
0.452489
0.460687
0.442344
0.407181
0.358989
0.358579
0.513071
0.467282
0.359781
0.374159
0.335377
0.370214
0.490731
0.401848
0.424547
0.467048
0.379623
0.43355
0.393694
0.363612
0.298267
0.420745
0.43949
0.44826
0.446191
0.427422
0.43002
0.452629
0.431186
0.449347
0.273561
0.476736
0.39116
0.359351
0.489853
0.479258
0.435993
0.348983
0.401846
0.414172
0.443963
0.432514
0.382083
0.535551
0.435837
0.483153
0.357293
0.380982
0.384763
0.426759
0.534792
0.507958
0.391909
0.33682
0.426653
0.438308
0.423832
0.418299
0.441752
0.484243
0.381187
0.500278
0.436849
0.330287
0.450434
0.381146
0.337308
0.427567
0.344151
0.435648
0.407477
0.457851
0.368638
0.387665
0.373137
0.369191
0.491789
-0.410152
-0.343523
-0.37792
-0.423146
-0.421045
-0.464451
-0.355041
-0.4632
-0.439726
-0.417511
-0.437503
-0.412619
-0.359852
-0.439602
-0.377328
-0.47725
-0.413323
-0.396674
-0.362086
-0.41032
-0.441468
-0.397847
-0.406854
-0.436166
-0.494845
-0.47529
-0.420556
-0.387184
-0.438319
-0.424924
-0.490463
-0.405637
-0.427939
-0.446159
-0.410187
-0.472547
-0.382326
-0.458915
-0.407339
-0.380049
-0.458207
-0.435306
-0.469199
-0.383205
-0.458028
-0.47299
-0.356475
-0.380429
-0.437831
-0.426243
-0.38553
-0.46539
-0.438409
-0.45757
-0.410296
-0.380153
-0.446714
-0.466244
-0.357729
-0.371977
-0.44813
-0.39755
-0.374794
-0.449911
-0.438474
-0.444847
-0.464122
-0.410888
-0.411329
-0.408451
-0.424067
-0.429033
-0.394155
-0.408549
-0.384767
-0.460204
-0.455409
-0.406337
-0.391787
-0.496785
-0.433007
-0.407383
-0.419174
-0.327507
-0.425185
-0.414623
-0.405592
-0.401829
-0.458621
-0.440819
-0.341105
-0.451729
-0.388127
-0.426454
-0.45963
-0.448864
-0.41222
-0.391558
-0.397794
-0.437813
-0.374077
-0.391065
-0.331051
-0.409576
-0.4012
-0.44874
-0.35182
-0.457295
-0.424124
-0.416375
-0.409578
-0.427514
-0.422233
-0.416726
-0.363405
-0.348688
-0.429886
-0.422051
-0.483736
-0.392568
-0.418607
-0.409274
-0.434733
-0.514019
-0.451697
0.285791
0.509787
0.312866
0.432641
0.474944
0.545159
0.426156
0.462369
0.507635
0.348077
0.460209
0.438058
0.386496
0.400445
0.395393
0.397211
0.364337
0.332865
0.442832
0.492837
0.435632
0.457042
0.382246
0.400288
0.459823
0.399643
0.392527
0.426974
0.425563
0.457094
0.427434
0.348043
0.464505
0.450759
0.433812
0.336791
0.424926
0.500704
0.330148
0.417294
0.371223
0.421881
0.398447
0.411393
0.451624
0.52767
0.455506
0.400615
0.353688
0.440175
0.423539
0.39347
0.457147
0.451255
0.338654
0.351244
0.436937
0.391487
0.47904
0.425942
0.463428
0.344437
0.411123
0.412488
0.352223
0.361744
0.43922
0.43211
0.430818
0.38836
0.448478
0.386974
0.408754
0.421657
0.49071
0.489355
0.48803
0.439698
0.4884
0.480953
0.443654
0.462895
0.379049
0.48957
0.42983
0.465221
0.40282
0.498171
0.457238
0.433888
0.4887
0.390434
0.27486
0.462267
0.439376
0.383891
0.523394
0.373458
0.434346
0.467736
0.461576
0.514188
0.518802
0.430071
0.319111
0.476855
0.432944
0.460718
0.307163
0.367504
0.313137
0.47968
0.351852
0.443275
0.3344
0.416193
0.406713
0.464142
0.432646
0.530098
0.38323
0.443706
0.388165
0.386257
0.360348
-0.33779
-0.484226
-0.470281
-0.434558
-0.379938
-0.4227
-0.483114
-0.45064
-0.356226
-0.413552
-0.319842
-0.487793
-0.420855
-0.426902
-0.395354
-0.423571
-0.410624
-0.352407
-0.364107
-0.473151
-0.42056
-0.385963
-0.389879
-0.387478
-0.415873
-0.40721
-0.413303
-0.45831
-0.397792
-0.425713
-0.376375
-0.429961
-0.374386
-0.507111
-0.431378
-0.440983
-0.436084
-0.397808
-0.442666
-0.449667
-0.410949
-0.361638
-0.439121
-0.395692
-0.378174
-0.438899
-0.43438
-0.384112
-0.39615
-0.463213
-0.491588
-0.370132
-0.422297
-0.396856
-0.411768
-0.369169
-0.353373
-0.379538
-0.495156
-0.398931
-0.417405
-0.35117
-0.415491
-0.42096
-0.465186
-0.342507
-0.3824
-0.412576
-0.393626
-0.37115
-0.452493
-0.410844
-0.434772
-0.469541
-0.386426
-0.425905
-0.474163
-0.431455
-0.44449
-0.478967
-0.466731
-0.479996
-0.414162
-0.472863
-0.453481
-0.460264
-0.433442
-0.423104
-0.422374
-0.442673
-0.427885
-0.398343
-0.457727
-0.414124
-0.403942
-0.451919
-0.412149
-0.357536
-0.393735
-0.46895
-0.43752
-0.405699
-0.406288
-0.444933
-0.400678
-0.388512
-0.477517
-0.420124
-0.461065
-0.458489
-0.411993
-0.430844
-0.419848
-0.435629
-0.351631
-0.403912
-0.436049
-0.434682
-0.455818
-0.439693
-0.383082
-0.394604
-0.45331
-0.395769
-0.425753
0.425168
0.402806
0.401321
0.382964
0.392207
0.383064
0.406358
0.348476
0.451695
0.441863
0.346366
0.462071
0.371064
0.349425
0.451057
0.408879
0.368951
0.477396
0.347566
0.487123
0.439455
0.42781
0.469589
0.408969
0.391026
0.401341
0.458551
0.450491
0.390651
0.397941
0.421763
0.390994
0.539006
0.396243
0.373056
0.356741
0.397803
0.468286
0.452027
0.424384
0.423188
0.388144
0.491187
0.360876
0.388081
0.401582
0.424438
0.465469
0.42207
0.394302
0.384118
0.412418
0.398176
0.441581
0.481936
0.358022
0.405947
0.534609
0.368246
0.45448
0.501393
0.392577
0.525115
0.509965
0.41407
0.385868
0.419877
0.399982
0.343718
0.505234
0.485507
0.379295
0.456585
0.43546
0.376039
0.442275
0.408719
0.430614
0.441907
0.391517
0.549578
0.384231
0.461195
0.455947
0.438043
0.450043
0.390184
0.409202
0.386264
0.346788
0.377205
0.380677
0.458924
0.348425
0.414058
0.386511
0.38587
0.478677
0.457056
0.399557
0.386012
0.416169
0.414184
0.489212
0.364023
0.399375
0.451499
0.377274
0.446518
0.390877
0.444168
0.375087
0.406023
0.330427
0.35343
0.458309
0.424545
0.49866
0.477594
0.363434
0.393373
0.492412
0.420039
0.37313
0.412667
-0.370502
-0.442317
-0.415433
-0.440912
-0.387402
-0.418484
-0.413913
-0.409303
-0.376118
-0.437746
-0.429326
-0.411002
-0.416272
-0.392289
-0.377164
-0.414891
-0.385157
-0.431809
-0.440779
-0.38079
-0.446794
-0.428517
-0.488741
-0.439976
-0.4417
-0.41951
-0.376538
-0.438419
-0.423794
-0.353667
-0.439686
-0.395939
-0.386572
-0.446735
-0.421583
-0.362783
-0.420588
-0.406502
-0.435247
-0.42168
-0.421106
-0.380051
-0.400145
-0.457697
-0.324053
-0.355261
-0.425933
-0.404443
-0.467396
-0.418764
-0.393883
-0.40187
-0.470363
-0.451933
-0.416911
-0.430554
-0.4227
-0.404875
-0.433109
-0.356241
-0.39571
-0.437272
-0.445572
-0.508982
-0.448486
-0.410475
-0.401777
-0.436211
-0.454972
-0.404149
-0.499512
-0.450316
-0.423361
-0.414233
-0.44304
-0.410821
-0.393183
-0.444208
-0.422476
-0.414768
-0.434273
-0.389824
-0.38464
-0.48521
-0.37963
-0.401933
-0.45554
-0.451291
-0.465507
-0.464671
-0.450935
-0.375435
-0.425892
-0.416492
-0.364681
-0.408718
-0.377922
-0.44095
-0.404034
-0.399574
-0.353281
-0.359562
-0.411987
-0.389019
-0.407704
-0.418488
-0.413485
-0.453332
-0.44081
-0.430972
-0.396476
-0.393821
-0.464078
-0.354401
-0.378192
-0.400083
-0.390197
-0.396389
-0.400816
-0.363487
-0.432373
-0.398289
-0.457514
-0.501526
-0.410114
0.429106
0.437855
0.377676
0.362824
0.405811
0.443644
0.399825
0.421604
0.442768
0.395596
0.412503
0.475329
0.445197
0.400697
0.320302
0.382901
0.43699
0.404954
0.414263
0.466179
0.319216
0.382581
0.475745
0.4782
0.464959
0.444626
0.40771
0.422845
0.467955
0.433421
0.432171
0.408926
0.369387
0.388528
0.441929
0.376293
0.447867
0.444572
0.39793
0.436567
0.394874
0.393151
0.38538
0.454519
0.465618
0.425077
0.37877
0.439702
0.369884
0.429587
0.469323
0.365631
0.385295
0.424408
0.405048
0.409651
0.407927
0.348476
0.395706
0.390727
0.481251
0.391769
0.456416
0.434911
0.407846
0.34845
0.439518
0.408552
0.458446
0.452719
0.398714
0.404691
0.375495
0.425619
0.407733
0.412297
0.408588
0.393776
0.371548
0.464972
0.416929
0.391097
0.458034
0.438917
0.407812
0.376672
0.448074
0.337235
0.380034
0.494742
0.451478
0.390733
0.410299
0.446194
0.355809
0.383117
0.459992
0.391949
0.404991
0.421368
0.485029
0.40053
0.417247
0.362428
0.38311
0.438892
0.384219
0.41668
0.49813
0.34445
0.49254
0.397865
0.419197
0.401553
0.387202
0.47818
0.461653
0.387378
0.416676
0.481376
0.346064
0.460521
0.357071
0.420834
0.386871
-0.432892
-0.416744
-0.407338
-0.454782
-0.430532
-0.42033
-0.424879
-0.382017
-0.387673
-0.363137
-0.401955
-0.436277
-0.444287
-0.388517
-0.39359
-0.424101
-0.427497
-0.440633
-0.412715
-0.430046
-0.433488
-0.383189
-0.43474
-0.372862
-0.470826
-0.428085
-0.404764
-0.401168
-0.415467
-0.405112
-0.401807
-0.421127
-0.375537
-0.368807
-0.413963
-0.408412
-0.424869
-0.434843
-0.430721
-0.417623
-0.403382
-0.390562
-0.480725
-0.379742
-0.448764
-0.398257
-0.370455
-0.373012
-0.411703
-0.43764
-0.41161
-0.415707
-0.412913
-0.4401
-0.464378
-0.406929
-0.424877
-0.374487
-0.384186
-0.402562
-0.395063
-0.375792
-0.396108
-0.383795
-0.465917
-0.456671
-0.435087
-0.415748
-0.401585
-0.428316
-0.402639
-0.44671
-0.4172
-0.439749
-0.403134
-0.417038
-0.409678
-0.366829
-0.41589
-0.424859
-0.432569
-0.426357
-0.391302
-0.368656
-0.47061
-0.422527
-0.422637
-0.378075
-0.422322
-0.418783
-0.430328
-0.38366
-0.399773
-0.409409
-0.429857
-0.389198
-0.438988
-0.402082
-0.441508
-0.381487
-0.375005
-0.458935
-0.374997
-0.382344
-0.412668
-0.417045
-0.401828
-0.413667
-0.408991
-0.431971
-0.469198
-0.409298
-0.441233
-0.403774
-0.423903
-0.43179
-0.474746
-0.404292
-0.424433
-0.443263
-0.429868
-0.422363
-0.396663
-0.402344
-0.423781
0.374215
0.550886
0.399817
0.512338
0.474432
0.415011
0.384441
0.409342
0.37959
0.498055
0.416307
0.407733
0.397033
0.477828
0.482281
0.417743
0.419924
0.463304
0.450404
0.481796
0.273954
0.38368
0.421679
0.379987
0.414605
0.526838
0.40718
0.471351
0.393313
0.358208
0.399322
0.474621
0.405061
0.39552
0.482444
0.402321
0.440649
0.518868
0.313877
0.395817
0.411855
0.362488
0.43673
0.507409
0.491862
0.351238
0.442966
0.429978
0.421757
0.532397
0.452081
0.490188
0.35722
0.390255
0.47222
0.403333
0.510509
0.440077
0.438739
0.305286
0.331535
0.41835
0.435073
0.403339
0.415547
0.475366
0.387766
0.402599
0.365975
0.446647
0.389448
0.462944
0.320803
0.394237
0.315618
0.348581
0.462395
0.386668
0.43103
0.398213
0.534715
0.443045
0.477067
0.400469
0.434716
0.403227
0.380114
0.437116
0.384734
0.39778
0.354591
0.472002
0.453386
0.438592
0.448346
0.371412
0.357903
0.480655
0.457202
0.474772
0.455747
0.366464
0.470772
0.476422
0.431791
0.432872
0.336366
0.390199
0.463527
0.422389
0.509345
0.469798
0.435287
0.361862
0.500373
0.41109
0.442043
0.420417
0.420934
0.396958
0.402183
0.457657
0.363659
0.389377
0.382996
-0.422028
-0.394818
-0.433452
-0.424635
-0.456401
-0.447165
-0.443156
-0.392889
-0.358059
-0.470032
-0.4792
-0.411303
-0.391659
-0.40535
-0.413918
-0.474931
-0.41763
-0.456709
-0.437671
-0.419457
-0.393689
-0.390462
-0.394991
-0.42947
-0.350387
-0.409313
-0.408375
-0.389583
-0.439167
-0.49973
-0.36932
-0.49512
-0.420004
-0.416292
-0.391979
-0.390988
-0.379154
-0.413525
-0.426309
-0.395263
-0.455735
-0.46697
-0.380377
-0.481234
-0.432445
-0.320536
-0.39728
-0.339902
-0.426061
-0.408599
-0.365786
-0.471333
-0.397204
-0.445244
-0.434827
-0.487484
-0.461156
-0.45119
-0.446512
-0.411523
-0.32979
-0.462796
-0.486316
-0.446221
-0.365042
-0.36495
-0.429449
-0.429789
-0.476078
-0.485588
-0.394295
-0.494837
-0.428788
-0.402207
-0.437576
-0.367992
-0.434952
-0.402766
-0.450991
-0.419228
-0.34205
-0.515085
-0.389848
-0.420817
-0.446562
-0.410479
-0.457346
-0.399879
-0.378845
-0.398693
-0.422209
-0.354589
-0.403809
-0.420673
-0.41248
-0.473794
-0.41723
-0.3618
-0.40078
-0.400972
-0.378107
-0.466672
-0.38086
-0.415962
-0.423057
-0.406468
-0.39469
-0.456345
-0.515559
-0.378658
-0.450244
-0.381187
-0.411435
-0.409446
-0.420166
-0.418639
-0.439139
-0.435595
-0.43338
-0.499525
-0.429616
-0.401628
-0.435054
-0.429506
-0.402032
0.498021
0.431942
0.379837
0.431272
0.405852
0.398166
0.395368
0.438959
0.428165
0.381596
0.357909
0.474229
0.537283
0.414131
0.416808
0.389206
0.419659
0.419019
0.391161
0.413552
0.39553
0.374829
0.384816
0.428006
0.412136
0.474905
0.41769
0.508397
0.352403
0.4068
0.394102
0.437065
0.363582
0.431045
0.47286
0.438358
0.355056
0.517579
0.348832
0.447478
0.404232
0.469282
0.359165
0.445484
0.340095
0.402997
0.415455
0.41
0.359212
0.437546
0.404152
0.46455
0.400716
0.444338
0.42476
0.493225
0.428812
0.470318
0.43013
0.374026
0.490595
0.421305
0.416669
0.438632
0.535822
0.42651
0.403724
0.391707
0.459365
0.460315
0.371439
0.404872
0.420529
0.350859
0.484411
0.459363
0.380448
0.391807
0.478912
0.426793
0.40935
0.510396
0.400421
0.401
0.392876
0.389133
0.390578
0.429466
0.374532
0.417718
0.501739
0.360511
0.427501
0.401314
0.413067
0.27144
0.453369
0.375735
0.41825
0.359587
0.331265
0.352097
0.401258
0.411749
0.440091
0.42024
0.438451
0.464756
0.444011
0.520987
0.431862
0.422734
0.465465
0.41274
0.396167
0.427002
0.468284
0.38242
0.410286
0.457414
0.414662
0.43328
0.396071
0.488026
0.394174
-0.3697
-0.385705
-0.392667
-0.424064
-0.394827
-0.445593
-0.435961
-0.385234
-0.405017
-0.45122
-0.387305
-0.441991
-0.428074
-0.485307
-0.410889
-0.418437
-0.411238
-0.507305
-0.401483
-0.418611
-0.379305
-0.401934
-0.327238
-0.456453
-0.416839
-0.425402
-0.434828
-0.420852
-0.395342
-0.382137
-0.439048
-0.439036
-0.395827
-0.402161
-0.370619
-0.441107
-0.347847
-0.419735
-0.452405
-0.418193
-0.438589
-0.422807
-0.397065
-0.389406
-0.418571
-0.442197
-0.405447
-0.432869
-0.415019
-0.421566
-0.444425
-0.435108
-0.433566
-0.389924
-0.400942
-0.404118
-0.424748
-0.46693
-0.376513
-0.433756
-0.433919
-0.417901
-0.427879
-0.416164
-0.418528
-0.457684
-0.419785
-0.432568
-0.423443
-0.375806
-0.429081
-0.420591
-0.419198
-0.374922
-0.458629
-0.376361
-0.430813
-0.425236
-0.379396
-0.432471
-0.426398
-0.44793
-0.462608
-0.461606
-0.44143
-0.495616
-0.404252
-0.435696
-0.371151
-0.438346
-0.389109
-0.446278
-0.413457
-0.425739
-0.450676
-0.427012
-0.342553
-0.399154
-0.404318
-0.427432
-0.402335
-0.406652
-0.386947
-0.429197
-0.443606
-0.434941
-0.391351
-0.39061
-0.415881
-0.405157
-0.446642
-0.484584
-0.387544
-0.36192
-0.416956
-0.437602
-0.456179
-0.461539
-0.446298
-0.409105
-0.39699
-0.434461
-0.401054
-0.384557
-0.410271
0.380597
0.422995
0.407338
0.477157
0.435308
0.393965
0.451356
0.37973
0.449311
0.446482
0.371065
0.416257
0.476746
0.423752
0.464758
0.364631
0.467424
0.435186
0.294691
0.421448
0.424656
0.365114
0.430072
0.37439
0.417971
0.40602
0.411616
0.380588
0.480307
0.482118
0.421309
0.362806
0.415962
0.282466
0.403299
0.385768
0.441551
0.419458
0.421544
0.414668
0.436504
0.329654
0.406062
0.417723
0.407396
0.450865
0.443668
0.398729
0.468624
0.431737
0.435413
0.348607
0.473951
0.376728
0.416761
0.346501
0.398597
0.365803
0.39314
0.377624
0.373477
0.387107
0.412728
0.407082
0.369528
0.496524
0.39679
0.332511
0.493585
0.41297
0.408116
0.36784
0.495453
0.467327
0.447621
0.479672
0.437436
0.400801
0.373778
0.416226
0.420746
0.366959
0.395838
0.512567
0.425166
0.467251
0.457374
0.478606
0.47165
0.404629
0.408001
0.455351
0.393931
0.381821
0.353764
0.446702
0.461738
0.355894
0.392207
0.454983
0.436556
0.43777
0.44851
0.377344
0.411451
0.326433
0.406488
0.412173
0.397765
0.421
0.411656
0.482757
0.307688
0.432285
0.447818
0.379987
0.415272
0.475663
0.440807
0.421337
0.440473
0.431859
0.432012
0.485956
0.396448
-0.433946
-0.406897
-0.418448
-0.407823
-0.395731
-0.417496
-0.390629
-0.398631
-0.414732
-0.382182
-0.417438
-0.416627
-0.411837
-0.426596
-0.421507
-0.392066
-0.446705
-0.415289
-0.398286
-0.391749
-0.381247
-0.44032
-0.408621
-0.413797
-0.37867
-0.436463
-0.444389
-0.392575
-0.439918
-0.474172
-0.444203
-0.394164
-0.410139
-0.440235
-0.376461
-0.422762
-0.400555
-0.390903
-0.415482
-0.357024
-0.431749
-0.411701
-0.428726
-0.396952
-0.440798
-0.455176
-0.394817
-0.425453
-0.384908
-0.42856
-0.461775
-0.417039
-0.37496
-0.444295
-0.415996
-0.448598
-0.368555
-0.429403
-0.40948
-0.388762
-0.382104
-0.340387
-0.39672
-0.415182
-0.356467
-0.371341
-0.44319
-0.418389
-0.41775
-0.380429
-0.459891
-0.411059
-0.422212
-0.431101
-0.4317
-0.45586
-0.378707
-0.461574
-0.44793
-0.414197
-0.451536
-0.437839
-0.403845
-0.384622
-0.449629
-0.389653
-0.394764
-0.383108
-0.410665
-0.427139
-0.424267
-0.395237
-0.422887
-0.461113
-0.445121
-0.42637
-0.426984
-0.391725
-0.427797
-0.389573
-0.437383
-0.429505
-0.379264
-0.42809
-0.404037
-0.439427
-0.412481
-0.434135
-0.399349
-0.386723
-0.374416
-0.432253
-0.442674
-0.406765
-0.410943
-0.43343
-0.415854
-0.372965
-0.414134
-0.464771
-0.438817
-0.464881
-0.398859
-0.422985
-0.404101
0.366555
0.328623
0.479178
0.452589
0.394601
0.409005
0.245944
0.387451
0.451762
0.423589
0.493559
0.46351
0.417014
0.379545
0.33247
0.433283
0.364486
0.439667
0.380697
0.461037
0.472434
0.427495
0.417209
0.392924
0.371905
0.480636
0.345405
0.439673
0.394608
0.36778
0.405062
0.490213
0.367778
0.508684
0.386687
0.454663
0.417114
0.454453
0.473757
0.436433
0.450193
0.364414
0.245644
0.369806
0.402705
0.375263
0.461984
0.42166
0.576135
0.448666
0.438995
0.380853
0.416469
0.412016
0.443021
0.43545
0.483431
0.327819
0.368135
0.362043
0.381088
0.410087
0.456698
0.447211
0.433145
0.415363
0.49652
0.48572
0.429321
0.455636
0.385142
0.402284
0.481607
0.364394
0.545643
0.347908
0.390147
0.431331
0.457783
0.480052
0.459776
0.483415
0.395739
0.435559
0.380597
0.482765
0.375464
0.338084
0.477579
0.380122
0.494349
0.330699
0.414171
0.472968
0.439043
0.495956
0.519878
0.51683
0.415734
0.494867
0.433544
0.450042
0.425537
0.417855
0.502764
0.488927
0.427275
0.388588
0.498951
0.492701
0.331239
0.503735
0.495481
0.396279
0.421934
0.354817
0.314592
0.381374
0.449073
0.470915
0.3999
0.41455
0.489643
0.502885
0.316222
-0.39788
-0.451542
-0.424672
-0.448619
-0.42064
-0.465215
-0.416454
-0.424726
-0.370259
-0.490737
-0.311265
-0.407933
-0.420281
-0.450588
-0.458266
-0.401477
-0.367227
-0.393697
-0.336024
-0.384446
-0.403222
-0.390468
-0.356927
-0.545571
-0.429432
-0.392443
-0.428338
-0.392064
-0.485944
-0.432093
-0.380203
-0.351193
-0.399069
-0.394057
-0.356603
-0.509639
-0.427945
-0.435969
-0.447616
-0.430708
-0.434576
-0.460017
-0.362446
-0.37365
-0.397868
-0.414569
-0.456884
-0.452964
-0.3327
-0.370166
-0.478344
-0.397181
-0.394332
-0.473317
-0.452727
-0.452709
-0.350909
-0.430903
-0.370738
-0.397961
-0.372798
-0.44036
-0.410368
-0.390648
-0.462701
-0.414851
-0.377134
-0.417607
-0.4054
-0.440711
-0.448431
-0.437995
-0.355605
-0.510173
-0.470177
-0.434844
-0.42646
-0.423171
-0.445708
-0.469832
-0.39693
-0.390831
-0.46859
-0.404671
-0.360846
-0.408838
-0.456029
-0.455652
-0.412266
-0.442013
-0.418299
-0.428039
-0.425229
-0.398248
-0.474156
-0.440389
-0.411603
-0.47327
-0.393087
-0.405975
-0.44575
-0.440899
-0.454114
-0.458477
-0.498681
-0.369894
-0.455187
-0.38849
-0.394926
-0.453405
-0.503123
-0.391876
-0.433517
-0.42893
-0.457417
-0.467592
-0.408764
-0.376383
-0.480625
-0.451034
-0.417887
-0.428153
-0.434344
-0.463091
-0.44106
0.455347
0.448534
0.451183
0.424553
0.43654
0.482805
0.375011
0.450733
0.487488
0.451142
0.359282
0.527681
0.304556
0.462072
0.441827
0.489237
0.505958
0.400973
0.336043
0.374847
0.437851
0.365806
0.415472
0.400098
0.401778
0.478144
0.486906
0.406234
0.375981
0.404426
0.407069
0.451726
0.459054
0.402269
0.39002
0.406247
0.451252
0.368042
0.414841
0.383134
0.388161
0.392271
0.425461
0.42376
0.608662
0.579237
0.386424
0.505509
0.466845
0.429503
0.363244
0.43795
0.554317
0.411247
0.433331
0.517114
0.329631
0.372542
0.427054
0.458968
0.355115
0.407352
0.427666
0.335309
0.485333
0.481999
0.491022
0.303675
0.458474
0.322146
0.353237
0.446567
0.369033
0.372681
0.379663
0.403706
0.372926
0.497191
0.47082
0.397726
0.365878
0.427895
0.376819
0.459905
0.525118
0.352262
0.419974
0.367289
0.48853
0.416699
0.458264
0.459085
0.417122
0.436073
0.445176
0.477729
0.452672
0.434287
0.280703
0.347547
0.400567
0.371767
0.415375
0.495708
0.501301
0.454036
0.433693
0.370779
0.436949
0.402792
0.400153
0.340857
0.510607
0.465047
0.450579
0.41443
0.408777
0.350707
0.39152
0.453176
0.398147
0.492447
0.436552
0.409514
0.403172
-0.445957
-0.396408
-0.456256
-0.455777
-0.456812
-0.461322
-0.437221
-0.360597
-0.460237
-0.40133
-0.378004
-0.419549
-0.455842
-0.419493
-0.424437
-0.449472
-0.37928
-0.433544
-0.386399
-0.482694
-0.404685
-0.418398
-0.455791
-0.360169
-0.380163
-0.480468
-0.45369
-0.480345
-0.410738
-0.431618
-0.407836
-0.449931
-0.411007
-0.435156
-0.435964
-0.444911
-0.374684
-0.411576
-0.41873
-0.448109
-0.440357
-0.46632
-0.402767
-0.393861
-0.396643
-0.432322
-0.455254
-0.38373
-0.411925
-0.438833
-0.471285
-0.371032
-0.386357
-0.411099
-0.405492
-0.440889
-0.467815
-0.430918
-0.492538
-0.413536
-0.467941
-0.444119
-0.406332
-0.372605
-0.39229
-0.442283
-0.379353
-0.464413
-0.375515
-0.443427
-0.4943
-0.46754
-0.44425
-0.464833
-0.414621
-0.389674
-0.444318
-0.400044
-0.373233
-0.401318
-0.420235
-0.430467
-0.412272
-0.418585
-0.476534
-0.393911
-0.401547
-0.413913
-0.426679
-0.421749
-0.385783
-0.389294
-0.366106
-0.341197
-0.399487
-0.462872
-0.424942
-0.428347
-0.451902
-0.361858
-0.454495
-0.385005
-0.450696
-0.400851
-0.468114
-0.409523
-0.363865
-0.440554
-0.392697
-0.430687
-0.372301
-0.456526
-0.419714
-0.376442
-0.467892
-0.430732
-0.354624
-0.472571
-0.455567
-0.49474
-0.408554
-0.402197
-0.42566
-0.352663
-0.345769
0.415645
0.413503
0.4006
0.410181
0.408843
0.419265
0.414703
0.410922
0.406679
0.409493
0.415191
0.404927
0.420634
0.416866
0.404579
0.407055
0.414718
0.407399
0.412979
0.415232
0.41214
0.409807
0.407289
0.410781
0.420326
0.406714
0.413118
0.41677
0.414123
0.419494
0.413712
0.413298
0.414589
0.409304
0.408763
0.409181
0.410508
0.412361
0.416519
0.40548
0.411015
0.41385
0.420891
0.405628
0.414322
0.416053
0.415784
0.410489
0.410637
0.408059
0.413608
0.40813
0.407984
0.40852
0.410781
0.417247
0.409952
0.409119
0.41524
0.410728
0.412568
0.417438
0.416578
0.407357
0.416577
0.411001
0.408845
0.410364
0.4163
0.407723
0.412508
0.41392
0.409749
0.405681
0.416416
0.411755
0.412759
0.40938
0.41715
0.407963
0.413101
0.410067
0.413251
0.40527
0.416914
0.412357
0.416981
0.415401
0.418983
0.407254
0.406793
0.398643
0.420681
0.411619
0.408075
0.419746
0.421873
0.412218
0.41257
0.413483
0.404673
0.407611
0.41775
0.410302
0.414311
0.410991
0.411815
0.413391
0.408465
0.410986
0.414644
0.406581
0.409795
0.416588
0.408101
0.414498
0.408462
0.399766
0.418578
0.409052
0.416331
0.409832
0.410459
0.413239
0.413188
-0.40685
-0.416534
-0.410849
-0.414889
-0.414118
-0.410764
-0.416265
-0.411683
-0.407233
-0.406332
-0.418768
-0.414653
-0.409677
-0.411778
-0.403673
-0.406959
-0.408697
-0.415469
-0.416186
-0.41057
-0.41392
-0.408675
-0.405792
-0.409771
-0.414692
-0.409472
-0.408692
-0.410485
-0.411397
-0.41479
-0.409472
-0.40862
-0.406601
-0.413918
-0.408323
-0.409165
-0.408226
-0.414578
-0.412704
-0.406452
-0.408224
-0.411094
-0.408952
-0.421632
-0.407708
-0.409398
-0.411502
-0.412058
-0.410795
-0.411798
-0.413575
-0.414957
-0.410455
-0.413708
-0.411759
-0.413762
-0.41424
-0.416003
-0.412014
-0.413952
-0.41675
-0.409783
-0.411023
-0.411831
-0.410085
-0.414336
-0.415631
-0.410509
-0.410491
-0.411196
-0.411649
-0.415846
-0.414956
-0.408705
-0.413805
-0.40884
-0.414344
-0.412375
-0.407374
-0.412925
-0.404868
-0.413106
-0.410718
-0.411189
-0.417018
-0.41133
-0.412621
-0.41614
-0.406917
-0.405676
-0.406416
-0.4137
-0.411734
-0.413636
-0.406642
-0.406806
-0.409192
-0.414503
-0.410443
-0.410092
-0.414495
-0.414621
-0.410094
-0.410148
-0.417548
-0.415388
-0.408173
-0.415858
-0.411871
-0.416892
-0.408514
-0.4129
-0.407577
-0.413981
-0.414835
-0.407655
-0.403277
-0.41195
-0.413733
-0.417546
-0.410268
-0.411851
-0.408458
-0.41074
-0.412476
0.405279
0.411332
0.413376
0.410001
0.415202
0.414755
0.402088
0.408287
0.414163
0.412072
0.410874
0.416715
0.414679
0.414686
0.413125
0.413139
0.404118
0.412593
0.411043
0.408168
0.407659
0.414457
0.411838
0.413976
0.411839
0.41644
0.408554
0.414302
0.411367
0.413529
0.407198
0.410703
0.408441
0.402157
0.414513
0.415969
0.414011
0.417314
0.410653
0.415019
0.41341
0.409952
0.402768
0.41393
0.417026
0.409077
0.414272
0.413085
0.413923
0.417763
0.416707
0.414413
0.41935
0.411709
0.411149
0.413885
0.409149
0.410531
0.408759
0.408905
0.412814
0.415864
0.410058
0.415788
0.408889
0.409554
0.407161
0.412062
0.412235
0.407201
0.412042
0.410075
0.409488
0.413039
0.411222
0.413792
0.407724
0.413888
0.408961
0.412125
0.414559
0.414089
0.406093
0.418353
0.410094
0.409378
0.416847
0.414879
0.405283
0.425663
0.416544
0.407465
0.414448
0.411791
0.407109
0.411096
0.413458
0.409892
0.416712
0.410889
0.409778
0.4101
0.41676
0.407842
0.413346
0.410805
0.41338
0.412845
0.411354
0.40942
0.407003
0.413905
0.413827
0.408472
0.402796
0.406986
0.407911
0.412525
0.413002
0.415423
0.418349
0.413687
0.414631
0.414699
0.415915
-0.416533
-0.414527
-0.413582
-0.412263
-0.412528
-0.412535
-0.413555
-0.413424
-0.41511
-0.412711
-0.409297
-0.406214
-0.40903
-0.407656
-0.411711
-0.409725
-0.407086
-0.412898
-0.413325
-0.413102
-0.413226
-0.407426
-0.410276
-0.41852
-0.41154
-0.411385
-0.412093
-0.409873
-0.412422
-0.413658
-0.411984
-0.416227
-0.407911
-0.413091
-0.409357
-0.410053
-0.41075
-0.407702
-0.412262
-0.408115
-0.413536
-0.413899
-0.412134
-0.410696
-0.409731
-0.407966
-0.409036
-0.409111
-0.408906
-0.412791
-0.411106
-0.410397
-0.410158
-0.413147
-0.406072
-0.411962
-0.414622
-0.415987
-0.413219
-0.40673
-0.410897
-0.410037
-0.411331
-0.412552
-0.409699
-0.41174
-0.416864
-0.411236
-0.413546
-0.41512
-0.409458
-0.408631
-0.408588
-0.413436
-0.414615
-0.409902
-0.414209
-0.409689
-0.415969
-0.415921
-0.4133
-0.410984
-0.418477
-0.416087
-0.41297
-0.408237
-0.412339
-0.405576
-0.414018
-0.406592
-0.415052
-0.408588
-0.411082
-0.415089
-0.409671
-0.414939
-0.413985
-0.410192
-0.410075
-0.412675
-0.411963
-0.410798
-0.411416
-0.402849
-0.410371
-0.411742
-0.410254
-0.412396
-0.410755
-0.412654
-0.410272
-0.406193
-0.415084
-0.407436
-0.409699
-0.409898
-0.40975
-0.414498
-0.413275
-0.411709
-0.409878
-0.409848
-0.411369
-0.412026
-0.415815
0.504768
0.435155
0.491173
0.428191
0.432377
0.366721
0.414284
0.394219
0.369049
0.469081
0.523881
0.396509
0.362493
0.44973
0.413756
0.435593
0.430858
0.411026
0.382173
0.359688
0.38774
0.42093
0.436776
0.423108
0.440422
0.423963
0.367689
0.516569
0.438469
0.370693
0.445743
0.435607
0.414434
0.391543
0.310836
0.476495
0.354306
0.546042
0.386263
0.387433
0.373659
0.406955
0.359182
0.433805
0.459668
0.467125
0.424577
0.411673
0.426354
0.505542
0.450936
0.395926
0.416443
0.490056
0.385269
0.424562
0.375373
0.360677
0.402119
0.459075
0.450667
0.378729
0.420985
0.422904
0.421306
0.384685
0.449562
0.383188
0.401919
0.450201
0.384874
0.383019
0.407257
0.37147
0.369293
0.426994
0.451357
0.465106
0.4516
0.47786
0.462793
0.366396
0.434228
0.451433
0.384878
0.486798
0.446298
0.334722
0.414425
0.382902
0.442473
0.411307
0.466157
0.446971
0.43188
0.426336
0.427202
0.365506
0.341843
0.472773
0.445342
0.372978
0.370305
0.475968
0.486445
0.43293
0.360179
0.413031
0.424111
0.350396
0.430239
0.453252
0.464969
0.495892
0.408139
0.450044
0.416277
0.358433
0.374165
0.288414
0.353981
0.338725
0.500728
0.372715
0.48762
-0.380668
-0.439051
-0.399728
-0.440275
-0.474449
-0.436443
-0.394773
-0.435715
-0.484895
-0.399405
-0.406102
-0.398475
-0.388398
-0.40766
-0.40075
-0.414451
-0.433434
-0.403583
-0.413569
-0.361927
-0.429686
-0.365244
-0.431464
-0.400149
-0.355087
-0.451061
-0.442344
-0.428385
-0.419094
-0.485353
-0.439753
-0.401497
-0.435684
-0.381202
-0.392601
-0.405053
-0.439174
-0.415283
-0.415402
-0.387182
-0.429769
-0.383176
-0.412727
-0.467197
-0.416894
-0.456353
-0.421218
-0.370733
-0.376853
-0.414564
-0.410826
-0.398395
-0.421795
-0.366307
-0.40259
-0.402611
-0.397751
-0.448545
-0.400907
-0.360315
-0.486686
-0.406365
-0.404404
-0.418897
-0.428985
-0.477713
-0.392224
-0.428631
-0.4214
-0.410033
-0.415143
-0.443247
-0.38722
-0.415424
-0.407431
-0.454052
-0.369721
-0.439563
-0.409394
-0.461234
-0.422661
-0.461197
-0.427321
-0.420102
-0.426008
-0.349178
-0.472955
-0.431497
-0.415862
-0.430931
-0.445008
-0.413636
-0.374436
-0.400555
-0.410375
-0.447667
-0.422568
-0.438152
-0.438981
-0.349091
-0.426087
-0.360262
-0.416794
-0.432423
-0.464876
-0.495362
-0.398228
-0.418936
-0.429423
-0.424254
-0.415524
-0.411564
-0.382184
-0.411129
-0.395079
-0.436875
-0.433193
-0.451991
-0.442697
-0.442061
-0.430497
-0.415929
-0.40393
-0.366305
-0.402257
0.372096
0.378845
0.425476
0.402331
0.412117
0.411195
0.408533
0.441392
0.381601
0.382983
0.425693
0.420576
0.415136
0.437144
0.454527
0.445275
0.409498
0.319618
0.385305
0.357398
0.450653
0.402794
0.385551
0.390439
0.395072
0.447062
0.439446
0.455851
0.460109
0.377567
0.266334
0.29462
0.495399
0.290194
0.436974
0.422529
0.419836
0.453384
0.407072
0.443003
0.475917
0.457496
0.404392
0.380663
0.341572
0.38925
0.444579
0.422154
0.463125
0.403269
0.314493
0.439472
0.454154
0.321724
0.526262
0.44774
0.356788
0.477698
0.46159
0.40076
0.45054
0.356355
0.439268
0.456303
0.454104
0.445701
0.434974
0.388358
0.439727
0.409403
0.49902
0.399683
0.398243
0.421944
0.334184
0.449211
0.39258
0.45013
0.39496
0.373036
0.345929
0.466367
0.313624
0.384981
0.459749
0.514957
0.457053
0.401816
0.406819
0.382913
0.434721
0.435787
0.377678
0.434087
0.422972
0.32469
0.344932
0.336163
0.466465
0.419352
0.399269
0.491058
0.348979
0.398413
0.46457
0.400682
0.39277
0.450433
0.343423
0.356154
0.384136
0.393237
0.481778
0.391999
0.362519
0.381174
0.450664
0.392058
0.510406
0.35861
0.311655
0.43665
0.46081
0.39904
0.411315
-0.450461
-0.405897
-0.407849
-0.349481
-0.401743
-0.40279
-0.398998
-0.442907
-0.406343
-0.366127
-0.37893
-0.424955
-0.407376
-0.406615
-0.397365
-0.37701
-0.367497
-0.432137
-0.374026
-0.43667
-0.429569
-0.398169
-0.467595
-0.403707
-0.383656
-0.416225
-0.340042
-0.444781
-0.421277
-0.423013
-0.401471
-0.392683
-0.43624
-0.418464
-0.403519
-0.404094
-0.415957
-0.436915
-0.406549
-0.393706
-0.427763
-0.401893
-0.406749
-0.387931
-0.42832
-0.454114
-0.378988
-0.400387
-0.397881
-0.406468
-0.48054
-0.442268
-0.410239
-0.401718
-0.42007
-0.432316
-0.386053
-0.424036
-0.410132
-0.331939
-0.413533
-0.403853
-0.412704
-0.452677
-0.425697
-0.422055
-0.408789
-0.422351
-0.397508
-0.404906
-0.466982
-0.427138
-0.465335
-0.401274
-0.409847
-0.374692
-0.395203
-0.402227
-0.43528
-0.402378
-0.384258
-0.423561
-0.399297
-0.421546
-0.471377
-0.394224
-0.400895
-0.432872
-0.442193
-0.428212
-0.446591
-0.417277
-0.433655
-0.402121
-0.412712
-0.453587
-0.369743
-0.407516
-0.400131
-0.394272
-0.450767
-0.334347
-0.401273
-0.357419
-0.381847
-0.381487
-0.413259
-0.439752
-0.408195
-0.470779
-0.39031
-0.408255
-0.406152
-0.374153
-0.410655
-0.448751
-0.399357
-0.42555
-0.367573
-0.438602
-0.405514
-0.408894
-0.446676
-0.443025
-0.406181
0.443854
0.350268
0.538912
0.389081
0.450334
0.486741
0.512359
0.45605
0.412133
0.432538
0.430802
0.340665
0.43554
0.370966
0.394035
0.47886
0.343926
0.41882
0.519939
0.383747
0.47328
0.469584
0.425797
0.457347
0.389206
0.473455
0.433155
0.37359
0.388381
0.441286
0.627474
0.432056
0.433406
0.386647
0.449785
0.413835
0.379668
0.368151
0.395714
0.452708
0.415326
0.436942
0.45287
0.446045
0.444079
0.459398
0.324604
0.594832
0.430517
0.47915
0.450017
0.492023
0.363023
0.4903
0.44269
0.416534
0.499206
0.433556
0.31057
0.44826
0.382108
0.530058
0.458439
0.384096
0.371021
0.455386
0.397877
0.503077
0.424339
0.489327
0.456772
0.384023
0.464851
0.419465
0.450911
0.546696
0.431108
0.460793
0.447702
0.427751
0.325848
0.46281
0.396401
0.379235
0.456466
0.40065
0.302957
0.443597
0.498445
0.424556
0.418499
0.436664
0.434464
0.336609
0.373704
0.316762
0.42013
0.419217
0.371104
0.551355
0.4676
0.423717
0.421288
0.467906
0.444367
0.398897
0.497967
0.378467
0.514045
0.460916
0.429172
0.452316
0.30056
0.312091
0.456916
0.373539
0.480457
0.440439
0.427735
0.417208
0.423778
0.386152
0.487082
0.400625
0.487127
-0.452617
-0.421036
-0.390484
-0.410204
-0.437594
-0.461391
-0.435371
-0.435937
-0.447898
-0.392446
-0.432347
-0.486678
-0.381277
-0.410881
-0.389922
-0.357314
-0.429399
-0.396063
-0.373973
-0.491446
-0.436937
-0.39334
-0.395439
-0.417763
-0.442199
-0.393315
-0.407569
-0.473074
-0.498225
-0.38324
-0.484955
-0.484485
-0.435435
-0.380886
-0.45407
-0.460368
-0.460921
-0.414882
-0.341558
-0.360275
-0.418433
-0.389249
-0.447183
-0.42497
-0.470566
-0.435341
-0.40579
-0.404424
-0.45581
-0.411749
-0.366252
-0.355233
-0.378134
-0.478607
-0.449576
-0.48237
-0.4157
-0.448814
-0.391759
-0.447144
-0.502604
-0.436705
-0.44119
-0.425822
-0.414297
-0.401675
-0.461285
-0.456639
-0.44723
-0.472084
-0.460576
-0.359898
-0.479649
-0.459754
-0.429189
-0.526774
-0.416199
-0.393794
-0.355746
-0.488908
-0.382632
-0.480077
-0.388161
-0.457793
-0.442815
-0.371935
-0.453516
-0.454599
-0.391858
-0.390009
-0.426101
-0.409359
-0.394075
-0.390676
-0.428932
-0.448809
-0.334392
-0.422788
-0.416569
-0.470362
-0.461195
-0.443374
-0.450475
-0.375134
-0.456087
-0.504115
-0.413396
-0.398207
-0.381624
-0.436862
-0.368399
-0.409031
-0.427353
-0.409473
-0.487183
-0.41481
-0.401109
-0.452429
-0.401731
-0.39622
-0.42576
-0.455996
-0.465344
-0.395694
-0.473829
0.410783
0.409521
0.409328
0.41211
0.414026
0.410244
0.412081
0.41028
0.419436
0.409096
0.415482
0.412905
0.408307
0.412105
0.403616
0.407891
0.407316
0.415266
0.410567
0.404063
0.412064
0.411227
0.416156
0.409038
0.409819
0.408404
0.414976
0.418766
0.418302
0.407544
0.406235
0.419868
0.415499
0.4155
0.408584
0.41524
0.418352
0.410035
0.412146
0.413469
0.416588
0.416225
0.416836
0.423278
0.410946
0.409442
0.411733
0.408025
0.407757
0.406415
0.411401
0.413801
0.417621
0.414854
0.410934
0.40842
0.414016
0.406337
0.410117
0.412574
0.400183
0.408431
0.412663
0.411324
0.4108
0.414245
0.410659
0.41047
0.413473
0.406193
0.413141
0.415259
0.412449
0.418717
0.411604
0.407209
0.413795
0.404667
0.415372
0.408069
0.407694
0.407251
0.410019
0.407497
0.420221
0.422613
0.40581
0.41731
0.410332
0.414355
0.413072
0.411547
0.401333
0.40917
0.408209
0.413851
0.412829
0.408721
0.41116
0.418729
0.402886
0.415286
0.417437
0.414521
0.414523
0.417575
0.412908
0.409925
0.411887
0.416316
0.42303
0.407305
0.407201
0.410656
0.407374
0.408602
0.409145
0.411838
0.412638
0.412802
0.414322
0.413734
0.410854
0.409701
0.422223
-0.414265
-0.414053
-0.414268
-0.416781
-0.413002
-0.414108
-0.407722
-0.412383
-0.413583
-0.411243
-0.412168
-0.410134
-0.407056
-0.413761
-0.412312
-0.412859
-0.413504
-0.410548
-0.413378
-0.411342
-0.407923
-0.404794
-0.406717
-0.413129
-0.41551
-0.41258
-0.411205
-0.408878
-0.412388
-0.411126
-0.410671
-0.410347
-0.412733
-0.410634
-0.409524
-0.411672
-0.41111
-0.412772
-0.413299
-0.406779
-0.412616
-0.414715
-0.415362
-0.408682
-0.412565
-0.407835
-0.414072
-0.409203
-0.410243
-0.408833
-0.412827
-0.409902
-0.411941
-0.416474
-0.415185
-0.411289
-0.410793
-0.414861
-0.410723
-0.411013
-0.407737
-0.404238
-0.415842
-0.413267
-0.409291
-0.411695
-0.416229
-0.40927
-0.414955
-0.409901
-0.403445
-0.414026
-0.416484
-0.408939
-0.413277
-0.410544
-0.409837
-0.409633
-0.410262
-0.416422
-0.41427
-0.410327
-0.412702
-0.411221
-0.413762
-0.411581
-0.411042
-0.410184
-0.409105
-0.410764
-0.41237
-0.416651
-0.409625
-0.412492
-0.413761
-0.411354
-0.406612
-0.409524
-0.410784
-0.405275
-0.414319
-0.409619
-0.41175
-0.410168
-0.411337
-0.408689
-0.411934
-0.413418
-0.410455
-0.409873
-0.413286
-0.407643
-0.408363
-0.411243
-0.410191
-0.415103
-0.415977
-0.410554
-0.411756
-0.414079
-0.411404
-0.41385
-0.413587
-0.412408
-0.409771
0.409339
0.407109
0.412704
0.417783
0.416386
0.419462
0.401125
0.417656
0.411487
0.414437
0.407519
0.417936
0.424851
0.413895
0.404534
0.409549
0.411888
0.409469
0.408646
0.409332
0.410202
0.414649
0.415227
0.409735
0.404332
0.413664
0.409672
0.413727
0.407431
0.412697
0.410576
0.417196
0.407171
0.409417
0.407358
0.416638
0.408381
0.408828
0.419865
0.411234
0.406695
0.412233
0.404449
0.413448
0.416863
0.408051
0.411273
0.414291
0.406511
0.413759
0.415404
0.404031
0.408881
0.407065
0.409477
0.418081
0.418265
0.413555
0.409663
0.410984
0.407113
0.411486
0.40232
0.413986
0.414092
0.409285
0.413596
0.416596
0.41278
0.411229
0.415692
0.413143
0.411189
0.408132
0.417493
0.412425
0.406137
0.413594
0.414033
0.413163
0.414059
0.413204
0.412553
0.420041
0.41344
0.413247
0.416117
0.406728
0.414547
0.403736
0.414368
0.413658
0.409668
0.410855
0.410375
0.41773
0.408045
0.418262
0.415386
0.41057
0.412133
0.406698
0.41162
0.41297
0.412132
0.414858
0.405616
0.416801
0.406025
0.418065
0.417095
0.421212
0.407169
0.407367
0.41059
0.414898
0.41033
0.405473
0.41614
0.414448
0.417051
0.4153
0.411398
0.411165
0.401628
-0.409392
-0.410329
-0.4119
-0.417902
-0.405792
-0.415657
-0.413123
-0.411046
-0.40964
-0.40989
-0.41467
-0.409717
-0.417424
-0.413547
-0.413186
-0.4125
-0.412086
-0.414893
-0.415693
-0.416318
-0.409206
-0.408917
-0.413003
-0.4095
-0.406594
-0.410432
-0.409267
-0.410863
-0.407748
-0.420444
-0.411558
-0.403369
-0.411424
-0.416873
-0.408594
-0.413414
-0.409387
-0.411945
-0.412887
-0.407973
-0.412925
-0.414926
-0.412278
-0.412978
-0.414608
-0.408439
-0.412355
-0.408098
-0.414051
-0.409635
-0.409453
-0.414691
-0.409586
-0.41163
-0.410913
-0.412463
-0.412186
-0.415926
-0.407438
-0.41023
-0.416727
-0.415217
-0.405957
-0.409168
-0.409005
-0.40862
-0.408483
-0.410541
-0.413869
-0.412702
-0.406626
-0.41277
-0.408424
-0.410551
-0.413504
-0.408448
-0.411727
-0.409877
-0.409819
-0.410605
-0.411849
-0.408848
-0.41189
-0.408043
-0.415015
-0.409133
-0.412928
-0.407072
-0.412283
-0.413472
-0.409653
-0.42044
-0.405484
-0.415999
-0.407664
-0.417222
-0.412153
-0.408899
-0.415253
-0.413034
-0.416501
-0.407079
-0.413743
-0.415361
-0.407707
-0.413579
-0.412746
-0.40784
-0.411826
-0.419486
-0.406484
-0.414041
-0.416314
-0.408846
-0.416374
-0.412768
-0.416663
-0.405799
-0.410373
-0.406777
-0.40879
-0.411864
-0.40594
-0.412876
-0.409771
0.330429
0.340186
0.414766
0.452277
0.414236
0.40591
0.407645
0.350311
0.37773
0.3786
0.365598
0.405705
0.3991
0.361441
0.392974
0.461955
0.438714
0.413025
0.530028
0.431121
0.427049
0.444693
0.404654
0.373894
0.395831
0.393868
0.403353
0.407556
0.361411
0.444189
0.460091
0.488302
0.405992
0.397214
0.457721
0.44679
0.352042
0.440153
0.475028
0.481618
0.449632
0.434628
0.375727
0.383514
0.434161
0.446921
0.391457
0.40414
0.374575
0.404428
0.369989
0.366079
0.383463
0.391079
0.378698
0.399425
0.436313
0.361699
0.389286
0.353733
0.422842
0.481138
0.422479
0.454169
0.370165
0.483906
0.438229
0.464552
0.427051
0.41123
0.436871
0.343869
0.370384
0.504139
0.478201
0.372446
0.450183
0.503784
0.46032
0.449296
0.421547
0.398687
0.487299
0.407711
0.501334
0.429127
0.344244
0.387905
0.448954
0.432834
0.445308
0.453038
0.456551
0.430352
0.383101
0.453617
0.408317
0.469683
0.39959
0.47031
0.381828
0.355601
0.354022
0.476535
0.382424
0.395939
0.43451
0.427334
0.376799
0.475823
0.410685
0.46347
0.449268
0.43544
0.456473
0.477146
0.383264
0.41425
0.390036
0.464341
0.448206
0.465286
0.459201
0.389381
0.435519
-0.429348
-0.418442
-0.433203
-0.407988
-0.419446
-0.378954
-0.375042
-0.417358
-0.410113
-0.439618
-0.416899
-0.392581
-0.433219
-0.431548
-0.457461
-0.434578
-0.393047
-0.405212
-0.417727
-0.426551
-0.460782
-0.421213
-0.464194
-0.404499
-0.422449
-0.378307
-0.337955
-0.413004
-0.42599
-0.387466
-0.367028
-0.383002
-0.408445
-0.4235
-0.405464
-0.429111
-0.418425
-0.382455
-0.364306
-0.355525
-0.382264
-0.389832
-0.422326
-0.434148
-0.480586
-0.462417
-0.387881
-0.404176
-0.398588
-0.38813
-0.430024
-0.395327
-0.421555
-0.389917
-0.453904
-0.428846
-0.390232
-0.39009
-0.37289
-0.40487
-0.420819
-0.39504
-0.423681
-0.376622
-0.429113
-0.428864
-0.482969
-0.418494
-0.442072
-0.402877
-0.461806
-0.462951
-0.389301
-0.382246
-0.448114
-0.461186
-0.407913
-0.436476
-0.397236
-0.443629
-0.42498
-0.44087
-0.470571
-0.44803
-0.434379
-0.417233
-0.408405
-0.389132
-0.502187
-0.387861
-0.412759
-0.420096
-0.401169
-0.464539
-0.463084
-0.436231
-0.393957
-0.433967
-0.464599
-0.382466
-0.387656
-0.382867
-0.464793
-0.46249
-0.407963
-0.39977
-0.370291
-0.436508
-0.425512
-0.376377
-0.421524
-0.445279
-0.381953
-0.386038
-0.445601
-0.420283
-0.390788
-0.41267
-0.458718
-0.364207
-0.495141
-0.409016
-0.422374
-0.402936
-0.440025
0.336952
0.268994
0.502371
0.332865
0.475586
0.399465
0.383613
0.509699
0.474606
0.420669
0.563601
0.505853
0.465729
0.412021
0.384842
0.45573
0.338141
0.473486
0.484677
0.385009
0.503241
0.41499
0.431722
0.444714
0.328503
0.427968
0.473186
0.375261
0.444429
0.488612
0.400296
0.456949
0.497779
0.457971
0.409287
0.276414
0.339047
0.407942
0.378646
0.388151
0.412471
0.372582
0.359741
0.45435
0.492314
0.490508
0.458572
0.437428
0.422314
0.332054
0.432102
0.3322
0.387619
0.344289
0.384144
0.424119
0.407989
0.550307
0.397346
0.433802
0.446847
0.421721
0.452191
0.308693
0.424123
0.391968
0.310083
0.438242
0.470311
0.468586
0.376312
0.392828
0.463354
0.407651
0.476259
0.452772
0.47538
0.455422
0.53827
0.493574
0.46436
0.443963
0.521819
0.392475
0.413716
0.420035
0.393473
0.460499
0.490124
0.449874
0.530164
0.47258
0.278686
0.382076
0.234696
0.542635
0.415028
0.494822
0.42505
0.439297
0.390369
0.439299
0.41707
0.469709
0.529908
0.425338
0.475723
0.467676
0.446735
0.447954
0.528539
0.358723
0.354128
0.475844
0.291628
0.349648
0.356335
0.479271
0.421404
0.467821
0.469153
0.324834
0.475604
0.381165
0.408743
-0.393784
-0.365231
-0.391349
-0.459865
-0.435635
-0.46499
-0.376639
-0.412715
-0.433801
-0.490525
-0.363583
-0.442173
-0.438727
-0.441656
-0.408494
-0.522912
-0.390946
-0.424131
-0.44633
-0.442452
-0.396935
-0.454292
-0.424703
-0.473508
-0.39356
-0.422459
-0.376467
-0.410726
-0.431046
-0.420495
-0.403924
-0.394134
-0.468113
-0.389516
-0.478808
-0.421243
-0.390431
-0.446862
-0.452243
-0.377697
-0.397019
-0.419514
-0.316156
-0.417464
-0.432675
-0.424327
-0.390929
-0.391909
-0.417564
-0.38082
-0.445998
-0.40843
-0.432963
-0.383955
-0.418622
-0.492342
-0.362432
-0.394319
-0.475896
-0.430063
-0.437221
-0.43308
-0.414068
-0.379913
-0.399673
-0.380023
-0.457947
-0.405016
-0.414964
-0.41554
-0.398928
-0.443456
-0.416054
-0.437328
-0.405574
-0.429662
-0.412629
-0.447307
-0.39316
-0.377179
-0.391288
-0.405295
-0.42573
-0.522518
-0.400031
-0.414984
-0.427831
-0.420397
-0.446034
-0.359387
-0.440595
-0.353797
-0.445706
-0.372977
-0.459931
-0.439968
-0.450207
-0.367163
-0.43056
-0.452761
-0.505422
-0.443957
-0.402663
-0.420684
-0.452163
-0.429645
-0.425114
-0.440179
-0.508746
-0.492102
-0.399134
-0.397259
-0.473369
-0.3966
-0.405293
-0.451862
-0.438137
-0.385184
-0.425164
-0.340744
-0.435746
-0.473809
-0.435963
-0.463858
-0.418138
0.428218
0.438448
0.356908
0.359709
0.460664
0.399951
0.485517
0.423353
0.408899
0.473815
0.427067
0.489896
0.317058
0.416265
0.48479
0.395679
0.4494
0.484194
0.39937
0.34963
0.435558
0.419023
0.35117
0.435805
0.374664
0.392771
0.43817
0.486453
0.430542
0.375344
0.43388
0.440173
0.445935
0.33492
0.490898
0.43354
0.46234
0.459813
0.442228
0.376131
0.341879
0.395679
0.405287
0.334915
0.40116
0.358966
0.454924
0.454155
0.461576
0.393557
0.410437
0.389655
0.339085
0.413124
0.421595
0.38056
0.402896
0.408472
0.430907
0.419728
0.431769
0.400685
0.40575
0.464294
0.459151
0.432005
0.32563
0.39551
0.439334
0.398926
0.368078
0.374439
0.397262
0.407011
0.355822
0.339697
0.472524
0.458502
0.396317
0.398388
0.470646
0.410505
0.439357
0.436047
0.3735
0.449297
0.378914
0.491946
0.425512
0.392824
0.461935
0.444641
0.348127
0.407924
0.362519
0.3743
0.419987
0.484829
0.384306
0.468383
0.482876
0.463677
0.506588
0.418765
0.445555
0.448181
0.440819
0.391333
0.44734
0.462986
0.432798
0.396747
0.375814
0.478474
0.460133
0.376866
0.483652
0.373549
0.367461
0.353579
0.409181
0.425821
0.431109
0.412141
0.390135
-0.44307
-0.426377
-0.423586
-0.442327
-0.387152
-0.48297
-0.455384
-0.435986
-0.439849
-0.43588
-0.457152
-0.440001
-0.397758
-0.417035
-0.444725
-0.415176
-0.362899
-0.418046
-0.408069
-0.422216
-0.406785
-0.401294
-0.412635
-0.39256
-0.38097
-0.42815
-0.416171
-0.422469
-0.371559
-0.352093
-0.475318
-0.383358
-0.435512
-0.447922
-0.39113
-0.42178
-0.45293
-0.401351
-0.428097
-0.38718
-0.396569
-0.45149
-0.412175
-0.439443
-0.393342
-0.414634
-0.393198
-0.41586
-0.398449
-0.4144
-0.401817
-0.413001
-0.442889
-0.438449
-0.368425
-0.414169
-0.397544
-0.421493
-0.428953
-0.446798
-0.425422
-0.436747
-0.388723
-0.456801
-0.429485
-0.362646
-0.468409
-0.372725
-0.433676
-0.436119
-0.366362
-0.429406
-0.401363
-0.440213
-0.417958
-0.410099
-0.426428
-0.413347
-0.461374
-0.430738
-0.405436
-0.410067
-0.425796
-0.431137
-0.335051
-0.401337
-0.447882
-0.392492
-0.40856
-0.374713
-0.429803
-0.400949
-0.397366
-0.434534
-0.431296
-0.398434
-0.388884
-0.361996
-0.40531
-0.412573
-0.407755
-0.401897
-0.481749
-0.447369
-0.406117
-0.429032
-0.447422
-0.442419
-0.451556
-0.398567
-0.444418
-0.381196
-0.408586
-0.435214
-0.377993
-0.422406
-0.425826
-0.401443
-0.430047
-0.41323
-0.420343
-0.420352
-0.380835
-0.415799
-0.354982
0.430505
0.415978
0.346944
0.399882
0.402218
0.405258
0.415414
0.436452
0.489238
0.375329
0.366323
0.360065
0.3575
0.280758
0.465922
0.366279
0.412507
0.457172
0.448936
0.364271
0.393226
0.385795
0.423018
0.424171
0.437946
0.435844
0.437025
0.40788
0.465941
0.386367
0.411099
0.476147
0.444398
0.362162
0.351472
0.407962
0.403392
0.477026
0.499865
0.432213
0.429858
0.436281
0.422961
0.399497
0.38394
0.436295
0.305612
0.480386
0.458998
0.490385
0.529337
0.353763
0.378788
0.379636
0.278201
0.374842
0.37881
0.443496
0.357989
0.400432
0.433923
0.37267
0.366195
0.458064
0.419749
0.486772
0.437257
0.339676
0.419633
0.342889
0.453078
0.366671
0.39957
0.395425
0.356133
0.353115
0.394285
0.374111
0.463009
0.376228
0.443246
0.442798
0.379382
0.377823
0.450612
0.412307
0.412673
0.491034
0.408617
0.398825
0.417298
0.422501
0.435528
0.314995
0.445435
0.460429
0.459519
0.475108
0.470562
0.270298
0.38771
0.357017
0.493312
0.264374
0.528975
0.354689
0.411163
0.472979
0.365854
0.436165
0.44418
0.42326
0.371877
0.413817
0.398946
0.428611
0.319503
0.415205
0.431375
0.360653
0.469845
0.41009
0.390894
0.493523
0.351687
-0.474954
-0.391314
-0.439373
-0.439739
-0.44584
-0.392714
-0.419355
-0.420974
-0.420863
-0.451256
-0.398828
-0.410621
-0.429588
-0.412881
-0.402095
-0.431679
-0.383055
-0.390266
-0.432233
-0.428876
-0.433486
-0.38068
-0.406772
-0.411903
-0.41772
-0.422272
-0.443694
-0.390814
-0.366065
-0.44313
-0.369375
-0.43887
-0.487018
-0.446717
-0.418129
-0.390502
-0.375222
-0.391352
-0.397863
-0.448575
-0.423745
-0.38324
-0.456514
-0.385924
-0.42909
-0.394641
-0.377351
-0.369354
-0.383043
-0.424096
-0.404384
-0.396216
-0.395819
-0.358632
-0.3866
-0.376582
-0.446756
-0.394194
-0.403922
-0.371414
-0.40419
-0.386304
-0.451508
-0.380784
-0.466478
-0.425259
-0.407307
-0.467872
-0.450342
-0.443427
-0.390606
-0.348409
-0.412371
-0.398209
-0.425577
-0.425855
-0.395189
-0.394783
-0.393522
-0.375721
-0.407954
-0.387633
-0.432843
-0.388901
-0.439829
-0.436148
-0.427358
-0.434079
-0.39782
-0.419082
-0.402679
-0.41675
-0.447823
-0.421138
-0.424588
-0.441521
-0.422893
-0.405459
-0.400496
-0.429776
-0.412086
-0.423351
-0.416133
-0.415226
-0.376056
-0.415327
-0.336602
-0.430886
-0.351741
-0.36614
-0.450495
-0.395299
-0.468383
-0.361282
-0.408589
-0.411
-0.408176
-0.417826
-0.387368
-0.378828
-0.393552
-0.396735
-0.398214
-0.41295
-0.426633
0.476699
0.315976
0.406917
0.342527
0.295411
0.346433
0.519591
0.441812
0.520826
0.452418
0.337368
0.423423
0.389529
0.434401
0.460166
0.385956
0.537827
0.361048
0.365095
0.400969
0.437105
0.409634
0.382741
0.46251
0.420127
0.456917
0.439201
0.292701
0.553951
0.519872
0.396321
0.415168
0.389626
0.275389
0.305744
0.354241
0.366563
0.42293
0.390449
0.441764
0.352852
0.371962
0.347511
0.517159
0.407362
0.4171
0.526775
0.518612
0.463337
0.467955
0.453024
0.439963
0.384825
0.460619
0.376901
0.460406
0.404114
0.40945
0.504165
0.483354
0.42503
0.570325
0.497004
0.394434
0.403458
0.419257
0.477907
0.456778
0.507626
0.368631
0.35153
0.437497
0.578041
0.433421
0.273097
0.430089
0.495922
0.449826
0.457798
0.519284
0.47105
0.486333
0.322759
0.487492
0.350206
0.420153
0.525539
0.352903
0.432609
0.454334
0.41143
0.464917
0.518678
0.407451
0.318316
0.428953
0.372218
0.403835
0.48317
0.428546
0.43016
0.321073
0.464993
0.357043
0.411931
0.332715
0.35467
0.427701
0.426444
0.446542
0.451192
0.437456
0.389186
0.502838
0.40475
0.410717
0.503919
0.419977
0.545546
0.486706
0.428763
0.486132
0.433943
0.396283
0.395411
-0.43147
-0.345096
-0.441526
-0.355057
-0.404673
-0.420807
-0.410523
-0.372969
-0.475233
-0.404456
-0.410453
-0.412535
-0.392191
-0.502497
-0.439409
-0.374328
-0.435709
-0.438321
-0.430149
-0.438539
-0.34901
-0.443362
-0.478376
-0.399071
-0.435346
-0.448256
-0.471471
-0.435539
-0.391251
-0.441294
-0.439363
-0.309594
-0.472054
-0.4098
-0.479656
-0.391674
-0.393626
-0.367831
-0.308852
-0.341729
-0.390711
-0.414998
-0.419771
-0.414322
-0.522649
-0.479957
-0.4086
-0.46213
-0.395485
-0.420361
-0.41355
-0.340276
-0.481145
-0.440325
-0.439303
-0.450813
-0.441918
-0.402357
-0.391116
-0.375304
-0.39158
-0.371398
-0.444451
-0.357713
-0.368963
-0.394987
-0.426432
-0.431049
-0.383983
-0.43702
-0.347837
-0.373113
-0.500565
-0.525251
-0.444856
-0.43202
-0.379203
-0.461017
-0.470022
-0.450512
-0.423433
-0.435455
-0.480241
-0.444048
-0.553786
-0.428759
-0.436443
-0.554175
-0.455498
-0.44573
-0.44655
-0.536547
-0.487268
-0.455796
-0.399817
-0.380893
-0.474527
-0.443582
-0.429909
-0.41902
-0.410554
-0.438921
-0.435353
-0.433482
-0.337401
-0.39497
-0.42595
-0.349496
-0.397383
-0.416244
-0.374787
-0.376541
-0.400219
-0.344299
-0.438872
-0.467231
-0.37252
-0.446319
-0.455899
-0.488266
-0.446614
-0.468597
-0.488906
-0.414872
-0.430286
