100     0.18516  0.02040  0.02429  0.00435  0.12044  0.00000  0.15685  0.00000  0.00000  0.00000  0.00000  0.00000  0.00000  
200     0.16031  0.02157  0.02598  0.00318  0.10599  0.00000  0.03591  0.00000  0.00000  0.00000  0.00000  0.00000  0.00000  
300     0.16662  0.02226  0.02729  0.00320  0.11117  0.00000  0.02704  0.00000  0.00000  0.00000  0.00000  0.00000  0.00000  
400     0.19045  0.02295  0.02835  0.00439  0.11298  0.00000  0.21783  0.00000  0.00000  0.00000  0.00000  0.00000  0.00000  
500     0.15536  0.02382  0.02949  0.00111  0.09485  0.00000  0.06089  0.00000  0.00000  0.00000  0.00000  0.00000  0.00000  
600     0.16282  0.02486  0.03094  0.00188  0.09490  0.00000  0.10246  0.00000  0.00000  0.00000  0.00000  0.00000  0.00000  
700     0.16243  0.02563  0.03204  0.00184  0.10167  0.00000  0.01253  0.00000  0.00000  0.00000  0.00000  0.00000  0.00000  
800     0.14895  0.02622  0.03285  0.00147  0.08504  0.00000  0.03364  0.00000  0.00000  0.00000  0.00000  0.00000  0.00000  
900     0.16848  0.02737  0.03421  0.00154  0.09715  0.00000  0.08203  0.00000  0.00000  0.00000  0.00000  0.00000  0.00000  
1000    0.15676  0.02785  0.03524  0.00112  0.08465  0.00000  0.07901  0.00000  0.00000  0.00000  0.00000  0.00000  0.00000  
1100    0.15930  0.02826  0.03566  0.00123  0.08706  0.00000  0.07090  0.00000  0.00000  0.00000  0.00000  0.00000  0.00000  
1200    0.15590  0.02913  0.03670  0.00223  0.08056  0.00000  0.07275  0.00000  0.00000  0.00000  0.00000  0.00000  0.00000  
1300    0.16958  0.02981  0.03772  0.00156  0.09789  0.00000  0.02594  0.00000  0.00000  0.00000  0.00000  0.00000  0.00000  
1400    0.15866  0.03055  0.03902  0.00368  0.08232  0.00000  0.03095  0.00000  0.00000  0.00000  0.00000  0.00000  0.00000  
1500    0.15629  0.03139  0.04008  0.00249  0.08132  0.00000  0.01021  0.00000  0.00000  0.00000  0.00000  0.00000  0.00000  
1600    0.16024  0.03215  0.04096  0.00092  0.08346  0.00000  0.02757  0.00000  0.00000  0.00000  0.00000  0.00000  0.00000  
1700    0.15357  0.03285  0.04203  0.00171  0.07334  0.00000  0.03639  0.00000  0.00000  0.00000  0.00000  0.00000  0.00000  
1800    0.15579  0.03354  0.04280  0.00222  0.07500  0.00000  0.02227  0.00000  0.00000  0.00000  0.00000  0.00000  0.00000  
1900    0.15968  0.03412  0.04346  0.00192  0.07405  0.00000  0.06123  0.00000  0.00000  0.00000  0.00000  0.00000  0.00000  
2000    0.16016  0.03477  0.04428  0.00128  0.07508  0.00000  0.04743  0.00000  0.00000  0.00000  0.00000  0.00000  0.00000  
2100    0.15957  0.03545  0.04514  0.00308  0.07172  0.00000  0.04179  0.00000  0.00000  0.00000  0.00000  0.00000  0.00000  
2200    0.15066  0.03575  0.04557  0.00134  0.06760  0.00000  0.00398  0.00000  0.00000  0.00000  0.00000  0.00000  0.00000  
2300    0.15791  0.03671  0.04667  0.00126  0.07203  0.00000  0.01237  0.00000  0.00000  0.00000  0.00000  0.00000  0.00000  
2400    0.15859  0.03722  0.04740  0.00129  0.06976  0.00000  0.02908  0.00000  0.00000  0.00000  0.00000  0.00000  0.00000  
2500    0.16377  0.03809  0.04850  0.00100  0.07088  0.00000  0.05306  0.00000  0.00000  0.00000  0.00000  0.00000  0.00000  
2600    0.15262  0.03857  0.04933  0.00090  0.06345  0.00000  0.00376  0.00000  0.00000  0.00000  0.00000  0.00000  0.00000  
2700    0.15474  0.03866  0.04969  0.00072  0.06125  0.00000  0.04411  0.00000  0.00000  0.00000  0.00000  0.00000  0.00000  
2800    0.15556  0.03915  0.05024  0.00180  0.06368  0.00000  0.00698  0.00000  0.00000  0.00000  0.00000  0.00000  0.00000  
2900    0.15723  0.03957  0.05115  0.00150  0.06043  0.00000  0.04578  0.00000  0.00000  0.00000  0.00000  0.00000  0.00000  
3000    0.15942  0.04029  0.05211  0.00082  0.06383  0.00000  0.02377  0.00000  0.00000  0.00000  0.00000  0.00000  0.00000  
3100    0.15838  0.04083  0.05294  0.00219  0.06215  0.00000  0.00267  0.00000  0.00000  0.00000  0.00000  0.00000  0.00000  
3200    0.16286  0.04119  0.05343  0.00204  0.06500  0.00000  0.01200  0.00000  0.00000  0.00000  0.00000  0.00000  0.00000  
3300    0.16199  0.04126  0.05332  0.00188  0.06540  0.00000  0.00136  0.00000  0.00000  0.00000  0.00000  0.00000  0.00000  
3400    0.16265  0.04194  0.05416  0.00109  0.06503  0.00000  0.00433  0.00000  0.00000  0.00000  0.00000  0.00000  0.00000  
3500    0.15915  0.04218  0.05457  0.00083  0.06123  0.00000  0.00328  0.00000  0.00000  0.00000  0.00000  0.00000  0.00000  
3600    0.16131  0.04239  0.05482  0.00063  0.05931  0.00000  0.04159  0.00000  0.00000  0.00000  0.00000  0.00000  0.00000  
3700    0.15872  0.04264  0.05508  0.00060  0.05690  0.00000  0.03507  0.00000  0.00000  0.00000  0.00000  0.00000  0.00000  
3800    0.15914  0.04283  0.05521  0.00077  0.05984  0.00000  0.00488  0.00000  0.00000  0.00000  0.00000  0.00000  0.00000  
3900    0.15782  0.04323  0.05584  0.00147  0.05634  0.00000  0.00946  0.00000  0.00000  0.00000  0.00000  0.00000  0.00000  
4000    0.15727  0.04365  0.05620  0.00091  0.05609  0.00000  0.00431  0.00000  0.00000  0.00000  0.00000  0.00000  0.00000  
4100    0.15752  0.04374  0.05647  0.00073  0.05572  0.00000  0.00871  0.00000  0.00000  0.00000  0.00000  0.00000  0.00000  
4200    0.15739  0.04401  0.05680  0.00137  0.05481  0.00000  0.00387  0.00000  0.00000  0.00000  0.00000  0.00000  0.00000  
4300    0.15973  0.04428  0.05731  0.00193  0.05597  0.00000  0.00230  0.00000  0.00000  0.00000  0.00000  0.00000  0.00000  
4400    0.15701  0.04422  0.05734  0.00076  0.05446  0.00000  0.00226  0.00000  0.00000  0.00000  0.00000  0.00000  0.00000  
4500    0.15856  0.04431  0.05731  0.00088  0.05584  0.00000  0.00231  0.00000  0.00000  0.00000  0.00000  0.00000  0.00000  
4600    0.15816  0.04445  0.05732  0.00091  0.05525  0.00000  0.00223  0.00000  0.00000  0.00000  0.00000  0.00000  0.00000  
4700    0.15674  0.04426  0.05692  0.00160  0.05365  0.00000  0.00311  0.00000  0.00000  0.00000  0.00000  0.00000  0.00000  
4800    0.15600  0.04406  0.05656  0.00074  0.05437  0.00000  0.00261  0.00000  0.00000  0.00000  0.00000  0.00000  0.00000  
4900    0.15624  0.04385  0.05658  0.00070  0.05502  0.00000  0.00099  0.00000  0.00000  0.00000  0.00000  0.00000  0.00000  
5000    0.15388  0.04358  0.05613  0.00057  0.05330  0.00000  0.00286  0.00000  0.00000  0.00000  0.00000  0.00000  0.00000  
5100    0.15496  0.04367  0.05637  0.00064  0.05420  0.00000  0.00077  0.00000  0.00000  0.00000  0.00000  0.00000  0.00000  
5200    0.15351  0.04351  0.05623  0.00093  0.05227  0.00000  0.00563  0.00000  0.00000  0.00000  0.00000  0.00000  0.00000  
5300    0.15457  0.04369  0.05637  0.00067  0.05210  0.00000  0.01737  0.00000  0.00000  0.00000  0.00000  0.00000  0.00000  
5400    0.15120  0.04338  0.05607  0.00069  0.05060  0.00000  0.00458  0.00000  0.00000  0.00000  0.00000  0.00000  0.00000  
5500    0.15189  0.04315  0.05578  0.00082  0.05137  0.00000  0.00760  0.00000  0.00000  0.00000  0.00000  0.00000  0.00000  
5600    0.15006  0.04267  0.05520  0.00070  0.05065  0.00000  0.00833  0.00000  0.00000  0.00000  0.00000  0.00000  0.00000  
5700    0.15016  0.04253  0.05534  0.00051  0.05119  0.00000  0.00579  0.00000  0.00000  0.00000  0.00000  0.00000  0.00000  
5800    0.15041  0.04233  0.05492  0.00080  0.05211  0.00000  0.00252  0.00000  0.00000  0.00000  0.00000  0.00000  0.00000  
5900    0.14806  0.04225  0.05482  0.00057  0.04980  0.00000  0.00609  0.00000  0.00000  0.00000  0.00000  0.00000  0.00000  
6000    0.14610  0.04189  0.05438  0.00052  0.04900  0.00000  0.00319  0.00000  0.00000  0.00000  0.00000  0.00000  0.00000  
6100    0.14414  0.04131  0.05379  0.00054  0.04764  0.00000  0.00860  0.00000  0.00000  0.00000  0.00000  0.00000  0.00000  
6200    0.14304  0.04072  0.05292  0.00083  0.04841  0.00000  0.00159  0.00000  0.00000  0.00000  0.00000  0.00000  0.00000  
6300    0.14246  0.04028  0.05228  0.00062  0.04859  0.00000  0.00695  0.00000  0.00000  0.00000  0.00000  0.00000  0.00000  
6400    0.14090  0.03979  0.05150  0.00056  0.04796  0.00000  0.01086  0.00000  0.00000  0.00000  0.00000  0.00000  0.00000  
6500    0.14013  0.03930  0.05116  0.00045  0.04848  0.00000  0.00730  0.00000  0.00000  0.00000  0.00000  0.00000  0.00000  
6600    0.13849  0.03889  0.05052  0.00064  0.04815  0.00000  0.00295  0.00000  0.00000  0.00000  0.00000  0.00000  0.00000  
6700    0.13736  0.03800  0.04970  0.00048  0.04867  0.00000  0.00511  0.00000  0.00000  0.00000  0.00000  0.00000  0.00000  
6800    0.13576  0.03793  0.04936  0.00050  0.04668  0.00000  0.01283  0.00000  0.00000  0.00000  0.00000  0.00000  0.00000  
6900    0.13441  0.03748  0.04887  0.00050  0.04737  0.00000  0.00193  0.00000  0.00000  0.00000  0.00000  0.00000  0.00000  
7000    0.13356  0.03691  0.04826  0.00097  0.04725  0.00000  0.00157  0.00000  0.00000  0.00000  0.00000  0.00000  0.00000  
7100    0.13219  0.03647  0.04773  0.00052  0.04615  0.00000  0.01331  0.00000  0.00000  0.00000  0.00000  0.00000  0.00000  
7200    0.13084  0.03627  0.04747  0.00051  0.04608  0.00000  0.00511  0.00000  0.00000  0.00000  0.00000  0.00000  0.00000  
7300    0.13000  0.03581  0.04689  0.00057  0.04645  0.00000  0.00279  0.00000  0.00000  0.00000  0.00000  0.00000  0.00000  
7400    0.12898  0.03545  0.04642  0.00057  0.04629  0.00000  0.00240  0.00000  0.00000  0.00000  0.00000  0.00000  0.00000  
7500    0.12707  0.03488  0.04580  0.00040  0.04591  0.00000  0.00072  0.00000  0.00000  0.00000  0.00000  0.00000  0.00000  
7600    0.12614  0.03422  0.04511  0.00048  0.04559  0.00000  0.00740  0.00000  0.00000  0.00000  0.00000  0.00000  0.00000  
7700    0.12504  0.03427  0.04508  0.00052  0.04473  0.00000  0.00441  0.00000  0.00000  0.00000  0.00000  0.00000  0.00000  
7800    0.12327  0.03350  0.04434  0.00057  0.04476  0.00000  0.00112  0.00000  0.00000  0.00000  0.00000  0.00000  0.00000  
7900    0.12206  0.03285  0.04356  0.00045  0.04477  0.00000  0.00432  0.00000  0.00000  0.00000  0.00000  0.00000  0.00000  
8000    0.12172  0.03267  0.04339  0.00057  0.04492  0.00000  0.00174  0.00000  0.00000  0.00000  0.00000  0.00000  0.00000  
8100    0.12072  0.03213  0.04279  0.00044  0.04512  0.00000  0.00243  0.00000  0.00000  0.00000  0.00000  0.00000  0.00000  
8200    0.11989  0.03185  0.04247  0.00053  0.04491  0.00000  0.00124  0.00000  0.00000  0.00000  0.00000  0.00000  0.00000  
8300    0.11796  0.03128  0.04175  0.00050  0.04424  0.00000  0.00194  0.00000  0.00000  0.00000  0.00000  0.00000  0.00000  
8400    0.11645  0.03062  0.04102  0.00046  0.04428  0.00000  0.00071  0.00000  0.00000  0.00000  0.00000  0.00000  0.00000  
8500    0.11515  0.03020  0.04035  0.00046  0.04405  0.00000  0.00092  0.00000  0.00000  0.00000  0.00000  0.00000  0.00000  
8600    0.11372  0.02955  0.03974  0.00045  0.04383  0.00000  0.00156  0.00000  0.00000  0.00000  0.00000  0.00000  0.00000  
8700    0.11373  0.02950  0.03938  0.00083  0.04383  0.00000  0.00183  0.00000  0.00000  0.00000  0.00000  0.00000  0.00000  
8800    0.11104  0.02856  0.03842  0.00056  0.04333  0.00000  0.00156  0.00000  0.00000  0.00000  0.00000  0.00000  0.00000  
8900    0.11007  0.02807  0.03771  0.00048  0.04370  0.00000  0.00105  0.00000  0.00000  0.00000  0.00000  0.00000  0.00000  
9000    0.10935  0.02760  0.03719  0.00058  0.04381  0.00000  0.00180  0.00000  0.00000  0.00000  0.00000  0.00000  0.00000  
9100    0.10777  0.02699  0.03653  0.00045  0.04363  0.00000  0.00171  0.00000  0.00000  0.00000  0.00000  0.00000  0.00000  
9200    0.10675  0.02643  0.03593  0.00054  0.04335  0.00000  0.00500  0.00000  0.00000  0.00000  0.00000  0.00000  0.00000  
9300    0.10485  0.02581  0.03530  0.00047  0.04314  0.00000  0.00129  0.00000  0.00000  0.00000  0.00000  0.00000  0.00000  
9400    0.10460  0.02569  0.03513  0.00079  0.04263  0.00000  0.00352  0.00000  0.00000  0.00000  0.00000  0.00000  0.00000  
9500    0.10343  0.02514  0.03459  0.00045  0.04288  0.00000  0.00366  0.00000  0.00000  0.00000  0.00000  0.00000  0.00000  
9600    0.10326  0.02497  0.03439  0.00049  0.04329  0.00000  0.00116  0.00000  0.00000  0.00000  0.00000  0.00000  0.00000  
9700    0.10170  0.02475  0.03388  0.00047  0.04252  0.00000  0.00081  0.00000  0.00000  0.00000  0.00000  0.00000  0.00000  
9800    0.10069  0.02414  0.03314  0.00055  0.04254  0.00000  0.00319  0.00000  0.00000  0.00000  0.00000  0.00000  0.00000  
9900    0.09941  0.02362  0.03270  0.00046  0.04238  0.00000  0.00253  0.00000  0.00000  0.00000  0.00000  0.00000  0.00000  
10000   0.09864  0.02351  0.03237  0.00044  0.04211  0.00000  0.00210  0.00000  0.00000  0.00000  0.00000  0.00000  0.00000  
10100   0.09791  0.02301  0.03183  0.00045  0.04213  0.00000  0.00496  0.00000  0.00000  0.00000  0.00000  0.00000  0.00000  
10200   0.09717  0.02286  0.03166  0.00044  0.04203  0.00000  0.00173  0.00000  0.00000  0.00000  0.00000  0.00000  0.00000  
10300   0.09667  0.02264  0.03117  0.00046  0.04212  0.00000  0.00278  0.00000  0.00000  0.00000  0.00000  0.00000  0.00000  
10400   0.09573  0.02202  0.03072  0.00049  0.04230  0.00000  0.00206  0.00000  0.00000  0.00000  0.00000  0.00000  0.00000  
10500   0.09473  0.02173  0.03034  0.00047  0.04205  0.00000  0.00145  0.00000  0.00000  0.00000  0.00000  0.00000  0.00000  
10600   0.09415  0.02134  0.02991  0.00044  0.04234  0.00000  0.00119  0.00000  0.00000  0.00000  0.00000  0.00000  0.00000  
10700   0.09357  0.02106  0.02952  0.00057  0.04207  0.00000  0.00345  0.00000  0.00000  0.00000  0.00000  0.00000  0.00000  
10800   0.09227  0.02075  0.02916  0.00043  0.04178  0.00000  0.00150  0.00000  0.00000  0.00000  0.00000  0.00000  0.00000  
10900   0.09185  0.02055  0.02889  0.00049  0.04172  0.00000  0.00199  0.00000  0.00000  0.00000  0.00000  0.00000  0.00000  
11000   0.09108  0.02004  0.02835  0.00059  0.04192  0.00000  0.00181  0.00000  0.00000  0.00000  0.00000  0.00000  0.00000  
11100   0.08985  0.01963  0.02788  0.00043  0.04171  0.00000  0.00205  0.00000  0.00000  0.00000  0.00000  0.00000  0.00000  
11200   0.08974  0.01963  0.02772  0.00048  0.04173  0.00000  0.00186  0.00000  0.00000  0.00000  0.00000  0.00000  0.00000  
11300   0.08920  0.01946  0.02747  0.00045  0.04166  0.00000  0.00160  0.00000  0.00000  0.00000  0.00000  0.00000  0.00000  
11400   0.08870  0.01937  0.02732  0.00042  0.04154  0.00000  0.00045  0.00000  0.00000  0.00000  0.00000  0.00000  0.00000  
11500   0.08821  0.01914  0.02711  0.00043  0.04149  0.00000  0.00049  0.00000  0.00000  0.00000  0.00000  0.00000  0.00000  
11600   0.08747  0.01863  0.02660  0.00044  0.04165  0.00000  0.00141  0.00000  0.00000  0.00000  0.00000  0.00000  0.00000  
11700   0.08705  0.01859  0.02644  0.00044  0.04144  0.00000  0.00141  0.00000  0.00000  0.00000  0.00000  0.00000  0.00000  
11800   0.08667  0.01832  0.02619  0.00042  0.04168  0.00000  0.00058  0.00000  0.00000  0.00000  0.00000  0.00000  0.00000  
11900   0.08621  0.01808  0.02590  0.00044  0.04162  0.00000  0.00179  0.00000  0.00000  0.00000  0.00000  0.00000  0.00000  
12000   0.08551  0.01803  0.02584  0.00044  0.04104  0.00000  0.00165  0.00000  0.00000  0.00000  0.00000  0.00000  0.00000  
12100   0.08519  0.01767  0.02549  0.00058  0.04124  0.00000  0.00200  0.00000  0.00000  0.00000  0.00000  0.00000  0.00000  
12200   0.08468  0.01767  0.02535  0.00047  0.04110  0.00000  0.00091  0.00000  0.00000  0.00000  0.00000  0.00000  0.00000  
12300   0.08384  0.01717  0.02500  0.00049  0.04109  0.00000  0.00095  0.00000  0.00000  0.00000  0.00000  0.00000  0.00000  
12400   0.08317  0.01698  0.02470  0.00059  0.04084  0.00000  0.00058  0.00000  0.00000  0.00000  0.00000  0.00000  0.00000  
12500   0.08221  0.01667  0.02431  0.00043  0.04062  0.00000  0.00176  0.00000  0.00000  0.00000  0.00000  0.00000  0.00000  
12600   0.08213  0.01647  0.02415  0.00040  0.04102  0.00000  0.00082  0.00000  0.00000  0.00000  0.00000  0.00000  0.00000  
12700   0.08149  0.01635  0.02395  0.00055  0.04054  0.00000  0.00098  0.00000  0.00000  0.00000  0.00000  0.00000  0.00000  
12800   0.08164  0.01632  0.02380  0.00054  0.04086  0.00000  0.00110  0.00000  0.00000  0.00000  0.00000  0.00000  0.00000  
12900   0.08155  0.01619  0.02371  0.00045  0.04100  0.00000  0.00204  0.00000  0.00000  0.00000  0.00000  0.00000  0.00000  
13000   0.08092  0.01611  0.02356  0.00042  0.04057  0.00000  0.00268  0.00000  0.00000  0.00000  0.00000  0.00000  0.00000  
13100   0.08010  0.01567  0.02314  0.00054  0.04069  0.00000  0.00073  0.00000  0.00000  0.00000  0.00000  0.00000  0.00000  
13200   0.07958  0.01535  0.02290  0.00040  0.04075  0.00000  0.00175  0.00000  0.00000  0.00000  0.00000  0.00000  0.00000  
13300   0.07930  0.01529  0.02275  0.00045  0.04063  0.00000  0.00180  0.00000  0.00000  0.00000  0.00000  0.00000  0.00000  
13400   0.07928  0.01515  0.02264  0.00050  0.04093  0.00000  0.00052  0.00000  0.00000  0.00000  0.00000  0.00000  0.00000  
13500   0.07891  0.01502  0.02250  0.00042  0.04090  0.00000  0.00072  0.00000  0.00000  0.00000  0.00000  0.00000  0.00000  
13600   0.07867  0.01500  0.02236  0.00054  0.04068  0.00000  0.00086  0.00000  0.00000  0.00000  0.00000  0.00000  0.00000  
13700   0.07819  0.01479  0.02217  0.00045  0.04069  0.00000  0.00087  0.00000  0.00000  0.00000  0.00000  0.00000  0.00000  
13800   0.07787  0.01458  0.02194  0.00052  0.04075  0.00000  0.00075  0.00000  0.00000  0.00000  0.00000  0.00000  0.00000  
13900   0.07754  0.01453  0.02185  0.00048  0.04060  0.00000  0.00079  0.00000  0.00000  0.00000  0.00000  0.00000  0.00000  
14000   0.07703  0.01424  0.02161  0.00046  0.04063  0.00000  0.00085  0.00000  0.00000  0.00000  0.00000  0.00000  0.00000  
14100   0.07666  0.01416  0.02142  0.00043  0.04039  0.00000  0.00258  0.00000  0.00000  0.00000  0.00000  0.00000  0.00000  
14200   0.07653  0.01413  0.02131  0.00047  0.04056  0.00000  0.00063  0.00000  0.00000  0.00000  0.00000  0.00000  0.00000  
14300   0.07631  0.01406  0.02129  0.00046  0.04037  0.00000  0.00128  0.00000  0.00000  0.00000  0.00000  0.00000  0.00000  
14400   0.07580  0.01393  0.02110  0.00046  0.04027  0.00000  0.00045  0.00000  0.00000  0.00000  0.00000  0.00000  0.00000  
14500   0.07533  0.01365  0.02085  0.00045  0.04028  0.00000  0.00089  0.00000  0.00000  0.00000  0.00000  0.00000  0.00000  
14600   0.07518  0.01358  0.02086  0.00046  0.04014  0.00000  0.00143  0.00000  0.00000  0.00000  0.00000  0.00000  0.00000  
14700   0.07489  0.01347  0.02065  0.00046  0.04017  0.00000  0.00132  0.00000  0.00000  0.00000  0.00000  0.00000  0.00000  
14800   0.07465  0.01342  0.02053  0.00042  0.04021  0.00000  0.00066  0.00000  0.00000  0.00000  0.00000  0.00000  0.00000  
14900   0.07428  0.01316  0.02032  0.00044  0.04030  0.00000  0.00061  0.00000  0.00000  0.00000  0.00000  0.00000  0.00000  
15000   0.07408  0.01313  0.02020  0.00047  0.04018  0.00000  0.00113  0.00000  0.00000  0.00000  0.00000  0.00000  0.00000  
15100   0.07395  0.01298  0.02010  0.00043  0.04035  0.00000  0.00090  0.00000  0.00000  0.00000  0.00000  0.00000  0.00000  
15200   0.07384  0.01302  0.02011  0.00046  0.04016  0.00000  0.00082  0.00000  0.00000  0.00000  0.00000  0.00000  0.00000  
15300   0.07355  0.01296  0.02003  0.00043  0.04000  0.00000  0.00130  0.00000  0.00000  0.00000  0.00000  0.00000  0.00000  
15400   0.07358  0.01289  0.01994  0.00045  0.04003  0.00000  0.00267  0.00000  0.00000  0.00000  0.00000  0.00000  0.00000  
15500   0.07319  0.01278  0.01980  0.00046  0.04008  0.00000  0.00074  0.00000  0.00000  0.00000  0.00000  0.00000  0.00000  
15600   0.07328  0.01282  0.01974  0.00043  0.04017  0.00000  0.00117  0.00000  0.00000  0.00000  0.00000  0.00000  0.00000  
15700   0.07274  0.01258  0.01962  0.00043  0.04000  0.00000  0.00098  0.00000  0.00000  0.00000  0.00000  0.00000  0.00000  
15800   0.07258  0.01258  0.01958  0.00042  0.03986  0.00000  0.00131  0.00000  0.00000  0.00000  0.00000  0.00000  0.00000  
15900   0.07230  0.01248  0.01949  0.00045  0.03972  0.00000  0.00162  0.00000  0.00000  0.00000  0.00000  0.00000  0.00000  
16000   0.07205  0.01242  0.01939  0.00043  0.03973  0.00000  0.00083  0.00000  0.00000  0.00000  0.00000  0.00000  0.00000  
16100   0.07220  0.01240  0.01931  0.00042  0.03993  0.00000  0.00138  0.00000  0.00000  0.00000  0.00000  0.00000  0.00000  
16200   0.07186  0.01227  0.01922  0.00045  0.03972  0.00000  0.00208  0.00000  0.00000  0.00000  0.00000  0.00000  0.00000  
16300   0.07184  0.01224  0.01918  0.00045  0.03974  0.00000  0.00223  0.00000  0.00000  0.00000  0.00000  0.00000  0.00000  
16400   0.07174  0.01218  0.01912  0.00050  0.03982  0.00000  0.00122  0.00000  0.00000  0.00000  0.00000  0.00000  0.00000  
16500   0.07144  0.01199  0.01903  0.00043  0.03985  0.00000  0.00138  0.00000  0.00000  0.00000  0.00000  0.00000  0.00000  
16600   0.07121  0.01203  0.01895  0.00042  0.03965  0.00000  0.00153  0.00000  0.00000  0.00000  0.00000  0.00000  0.00000  
16700   0.07121  0.01202  0.01895  0.00042  0.03967  0.00000  0.00144  0.00000  0.00000  0.00000  0.00000  0.00000  0.00000  
16800   0.07105  0.01193  0.01888  0.00046  0.03969  0.00000  0.00104  0.00000  0.00000  0.00000  0.00000  0.00000  0.00000  
16900   0.07087  0.01193  0.01881  0.00041  0.03954  0.00000  0.00180  0.00000  0.00000  0.00000  0.00000  0.00000  0.00000  
17000   0.07080  0.01185  0.01877  0.00046  0.03964  0.00000  0.00100  0.00000  0.00000  0.00000  0.00000  0.00000  0.00000  
17100   0.07075  0.01179  0.01876  0.00048  0.03965  0.00000  0.00059  0.00000  0.00000  0.00000  0.00000  0.00000  0.00000  
17200   0.07050  0.01171  0.01862  0.00043  0.03964  0.00000  0.00105  0.00000  0.00000  0.00000  0.00000  0.00000  0.00000  
17300   0.07048  0.01167  0.01861  0.00050  0.03948  0.00000  0.00226  0.00000  0.00000  0.00000  0.00000  0.00000  0.00000  
17400   0.07015  0.01162  0.01854  0.00043  0.03947  0.00000  0.00086  0.00000  0.00000  0.00000  0.00000  0.00000  0.00000  
17500   0.06994  0.01145  0.01840  0.00042  0.03953  0.00000  0.00142  0.00000  0.00000  0.00000  0.00000  0.00000  0.00000  
17600   0.06993  0.01128  0.01836  0.00055  0.03965  0.00000  0.00092  0.00000  0.00000  0.00000  0.00000  0.00000  0.00000  
17700   0.06965  0.01140  0.01837  0.00047  0.03934  0.00000  0.00071  0.00000  0.00000  0.00000  0.00000  0.00000  0.00000  
17800   0.06938  0.01121  0.01823  0.00042  0.03947  0.00000  0.00051  0.00000  0.00000  0.00000  0.00000  0.00000  0.00000  
17900   0.06919  0.01110  0.01815  0.00044  0.03945  0.00000  0.00050  0.00000  0.00000  0.00000  0.00000  0.00000  0.00000  
18000   0.06910  0.01097  0.01803  0.00047  0.03957  0.00000  0.00059  0.00000  0.00000  0.00000  0.00000  0.00000  0.00000  
18100   0.06907  0.01103  0.01805  0.00055  0.03939  0.00000  0.00056  0.00000  0.00000  0.00000  0.00000  0.00000  0.00000  
18200   0.06899  0.01094  0.01793  0.00042  0.03964  0.00000  0.00055  0.00000  0.00000  0.00000  0.00000  0.00000  0.00000  
18300   0.06883  0.01084  0.01789  0.00046  0.03958  0.00000  0.00052  0.00000  0.00000  0.00000  0.00000  0.00000  0.00000  
18400   0.06881  0.01082  0.01781  0.00046  0.03960  0.00000  0.00121  0.00000  0.00000  0.00000  0.00000  0.00000  0.00000  
18500   0.06866  0.01075  0.01774  0.00045  0.03969  0.00000  0.00038  0.00000  0.00000  0.00000  0.00000  0.00000  0.00000  
18600   0.06864  0.01063  0.01768  0.00050  0.03976  0.00000  0.00069  0.00000  0.00000  0.00000  0.00000  0.00000  0.00000  
18700   0.06861  0.01076  0.01772  0.00047  0.03955  0.00000  0.00118  0.00000  0.00000  0.00000  0.00000  0.00000  0.00000  
18800   0.06800  0.01056  0.01757  0.00044  0.03936  0.00000  0.00073  0.00000  0.00000  0.00000  0.00000  0.00000  0.00000  
18900   0.06789  0.01054  0.01753  0.00043  0.03930  0.00000  0.00086  0.00000  0.00000  0.00000  0.00000  0.00000  0.00000  
19000   0.06790  0.01047  0.01748  0.00045  0.03944  0.00000  0.00063  0.00000  0.00000  0.00000  0.00000  0.00000  0.00000  
19100   0.06797  0.01052  0.01754  0.00042  0.03945  0.00000  0.00042  0.00000  0.00000  0.00000  0.00000  0.00000  0.00000  
19200   0.06825  0.01063  0.01758  0.00041  0.03952  0.00000  0.00100  0.00000  0.00000  0.00000  0.00000  0.00000  0.00000  
19300   0.06823  0.01066  0.01757  0.00043  0.03948  0.00000  0.00086  0.00000  0.00000  0.00000  0.00000  0.00000  0.00000  
19400   0.06777  0.01052  0.01741  0.00041  0.03935  0.00000  0.00075  0.00000  0.00000  0.00000  0.00000  0.00000  0.00000  
19500   0.06795  0.01049  0.01738  0.00044  0.03953  0.00000  0.00123  0.00000  0.00000  0.00000  0.00000  0.00000  0.00000  
19600   0.06775  0.01053  0.01742  0.00045  0.03928  0.00000  0.00066  0.00000  0.00000  0.00000  0.00000  0.00000  0.00000  
19700   0.06773  0.01053  0.01735  0.00043  0.03925  0.00000  0.00159  0.00000  0.00000  0.00000  0.00000  0.00000  0.00000  
19800   0.06736  0.01033  0.01723  0.00043  0.03930  0.00000  0.00075  0.00000  0.00000  0.00000  0.00000  0.00000  0.00000  
19900   0.06718  0.01031  0.01724  0.00042  0.03908  0.00000  0.00131  0.00000  0.00000  0.00000  0.00000  0.00000  0.00000  
20000   0.06740  0.01041  0.01725  0.00045  0.03919  0.00000  0.00098  0.00000  0.00000  0.00000  0.00000  0.00000  0.00000  
