0.428495 0.13686 0.540929 0.0307158 0.0119349 -0.0127387 -1e+06 -1e+06 -1e+06 -1e+06 -1e+06 -1e+06
-0.13559 0.0724096 -0.0529432 0.0313558 -0.0168605 -0.0135329 -1e+06 -1e+06 -1e+06 -1e+06 -1e+06 -1e+06
0.320254 0.329115 0.235154 0.0169545 0.0105268 0.0152906 -1e+06 -1e+06 -1e+06 -1e+06 -1e+06 -1e+06
-0.240934 0.0821583 -0.0476708 0.00825473 0.00441037 -0.00340376 -1e+06 -1e+06 -1e+06 -1e+06 -1e+06 -1e+06
0.467487 0.204292 0.403064 -0.0114712 -0.0276787 0.00857429 -1e+06 -1e+06 -1e+06 -1e+06 -1e+06 -1e+06
0.129781 0.468787 0.253998 -0.000735277 0.0118947 0.00565423 -1e+06 -1e+06 -1e+06 -1e+06 -1e+06 -1e+06
0.157391 0.0544568 0.132161 -0.0028586 -0.0275894 -0.00870697 -1e+06 -1e+06 -1e+06 -1e+06 -1e+06 -1e+06
-0.240466 -0.230036 -0.271782 0.0167931 -0.00730868 0.00284659 -1e+06 -1e+06 -1e+06 -1e+06 -1e+06 -1e+06
0.315576 0.365861 0.173736 0.00246936 -9.82581e-05 -0.00233284 -1e+06 -1e+06 -1e+06 -1e+06 -1e+06 -1e+06
-0.0644075 0.139824 -0.134903 -0.0229733 0.0353854 -0.00090612 -1e+06 -1e+06 -1e+06 -1e+06 -1e+06 -1e+06
-0.0487169 -0.000977189 -0.146394 -0.0233403 0.00536777 0.00492669 -1e+06 -1e+06 -1e+06 -1e+06 -1e+06 -1e+06
0.602918 0.52987 0.760346 0.0500104 0.0594407 0.0378728 -1e+06 -1e+06 -1e+06 -1e+06 -1e+06 -1e+06
0.0817811 0.401265 0.346817 0.00115679 -0.0109357 -0.00615733 -1e+06 -1e+06 -1e+06 -1e+06 -1e+06 -1e+06
-0.788428 -0.787916 -0.789772 0.000155097 -8.4536e-05 0.000139685 -1e+06 -1e+06 -1e+06 -1e+06 -1e+06 -1e+06
-0.789111 -0.788526 -0.78928 5.41955e-05 3.28399e-05 -7.65743e-05 -1e+06 -1e+06 -1e+06 -1e+06 -1e+06 -1e+06
-0.00801694 0.00754843 0.0384692 -0.00599073 -0.017641 -0.0231641 -1e+06 -1e+06 -1e+06 -1e+06 -1e+06 -1e+06
-0.121195 -0.253423 -0.153316 0.00217113 -0.0246968 0.00362007 -1e+06 -1e+06 -1e+06 -1e+06 -1e+06 -1e+06
0.431525 0.264531 0.837865 -0.0553956 0.0515691 -0.0505081 -1e+06 -1e+06 -1e+06 -1e+06 -1e+06 -1e+06
-0.789755 -0.788079 -0.787964 -7.77555e-05 0.000175188 0.000120935 -1e+06 -1e+06 -1e+06 -1e+06 -1e+06 -1e+06
-0.789515 -0.788 -0.788877 2.50571e-05 9.78122e-06 4.56091e-05 -1e+06 -1e+06 -1e+06 -1e+06 -1e+06 -1e+06
-0.0232838 0.095228 -0.0494409 -0.0128787 0.0480656 -0.00708889 -1e+06 -1e+06 -1e+06 -1e+06 -1e+06 -1e+06
0.804664 0.537012 0.450424 -0.0205707 0.0644911 0.0010381 -1e+06 -1e+06 -1e+06 -1e+06 -1e+06 -1e+06
-0.0280381 -0.0330559 0.0024602 -0.015992 -0.00780575 0.0125158 -1e+06 -1e+06 -1e+06 -1e+06 -1e+06 -1e+06
-0.149881 -0.126518 -0.115562 0.00642764 -0.00459495 0.00699306 -1e+06 -1e+06 -1e+06 -1e+06 -1e+06 -1e+06
0.571901 0.405815 0.599151 0.0125677 0.00100488 0.00315859 -1e+06 -1e+06 -1e+06 -1e+06 -1e+06 -1e+06
