0.0948242 0.0302866 0.119705 0.00679727 0.00264114 -0.00281901 -1e+06 -1e+06 -1e+06 -1e+06 -1e+06 -1e+06
-0.0300055 0.0160239 -0.0117161 0.00693891 -0.00373117 -0.00299479 -1e+06 -1e+06 -1e+06 -1e+06 -1e+06 -1e+06
0.070871 0.0728319 0.0520385 0.00375196 0.00232954 0.00338375 -1e+06 -1e+06 -1e+06 -1e+06 -1e+06 -1e+06
-0.0533177 0.0181813 -0.0105493 0.00182674 0.000975998 -0.000753238 -1e+06 -1e+06 -1e+06 -1e+06 -1e+06 -1e+06
0.103453 0.0452089 0.0891963 -0.00253852 -0.00612518 0.00189745 -1e+06 -1e+06 -1e+06 -1e+06 -1e+06 -1e+06
0.0287199 0.103741 0.0562087 -0.000162714 0.00263224 0.00125126 -1e+06 -1e+06 -1e+06 -1e+06 -1e+06 -1e+06
0.03483 0.0120511 0.0292466 -0.000632597 -0.00610541 -0.00192682 -1e+06 -1e+06 -1e+06 -1e+06 -1e+06 -1e+06
-0.0532142 -0.0509059 -0.0601443 0.00371624 -0.00161738 0.000629939 -1e+06 -1e+06 -1e+06 -1e+06 -1e+06 -1e+06
0.0698356 0.0809635 0.0384471 0.00054646 -2.17441e-05 -0.000516248 -1e+06 -1e+06 -1e+06 -1e+06 -1e+06 -1e+06
-0.0142531 0.0309425 -0.0298534 -0.00508389 0.00783065 -0.000200521 -1e+06 -1e+06 -1e+06 -1e+06 -1e+06 -1e+06
-0.0107808 -0.000216248 -0.0323963 -0.00516512 0.00118787 0.00109026 -1e+06 -1e+06 -1e+06 -1e+06 -1e+06 -1e+06
0.133423 0.117258 0.168261 0.0110671 0.013154 0.0083811 -1e+06 -1e+06 -1e+06 -1e+06 -1e+06 -1e+06
0.0180978 0.0887984 0.0767493 0.000255993 -0.00242002 -0.00136259 -1e+06 -1e+06 -1e+06 -1e+06 -1e+06 -1e+06
-0.174476 -0.174363 -0.174773 3.43223e-05 -1.87075e-05 3.09117e-05 -1e+06 -1e+06 -1e+06 -1e+06 -1e+06 -1e+06
-0.174627 -0.174498 -0.174664 1.19932e-05 7.26733e-06 -1.69456e-05 -1e+06 -1e+06 -1e+06 -1e+06 -1e+06 -1e+06
-0.00177412 0.00167044 0.00851307 -0.00132572 -0.00390389 -0.00512612 -1e+06 -1e+06 -1e+06 -1e+06 -1e+06 -1e+06
-0.02682 -0.0560814 -0.0339281 0.000480461 -0.00546531 0.000801106 -1e+06 -1e+06 -1e+06 -1e+06 -1e+06 -1e+06
0.0954948 0.0585396 0.185416 -0.0122588 0.011412 -0.0111772 -1e+06 -1e+06 -1e+06 -1e+06 -1e+06 -1e+06
-0.17477 -0.174399 -0.174373 -1.7207e-05 3.87684e-05 2.67625e-05 -1e+06 -1e+06 -1e+06 -1e+06 -1e+06 -1e+06
-0.174716 -0.174381 -0.174575 5.54504e-06 2.16454e-06 1.00931e-05 -1e+06 -1e+06 -1e+06 -1e+06 -1e+06 -1e+06
-0.00515262 0.0210736 -0.0109411 -0.00285001 0.0106367 -0.00156874 -1e+06 -1e+06 -1e+06 -1e+06 -1e+06 -1e+06
0.178069 0.118839 0.0996769 -0.00455221 0.0142716 0.000229728 -1e+06 -1e+06 -1e+06 -1e+06 -1e+06 -1e+06
-0.00620471 -0.00731513 0.000544432 -0.00353896 -0.00172738 0.0027697 -1e+06 -1e+06 -1e+06 -1e+06 -1e+06 -1e+06
-0.033168 -0.0279979 -0.0255733 0.00142241 -0.00101684 0.00154754 -1e+06 -1e+06 -1e+06 -1e+06 -1e+06 -1e+06
0.126559 0.0898052 0.13259 0.00278119 0.000222376 0.000698983 -1e+06 -1e+06 -1e+06 -1e+06 -1e+06 -1e+06
