    4.364136734290618e-01   -3.093711637651353e-02    2.550468350876001e-02
   -1.796161733604094e+00   -3.617694983279307e-01   -4.083035048788588e-01
    9.282186130571972e-01    8.977090928397047e-02   -1.940476154891257e-02
    3.411604946231819e-01    3.092281111316879e-01   -5.297933285341969e-01
    3.884436802291020e-01   -3.194645368075726e-01    1.109887434519351e+00
   -4.852050802316512e-01   -3.193016711439896e-01   -1.062470192201204e-01
   -1.658722280130860e-01    3.573082391294520e-01    1.279449203429976e+00
   -6.706256020056571e-01   -1.917858001081640e-01   -1.923517589319772e-01
   -8.612175288953949e-02    1.287575540191028e-01    5.118647398412577e-01
   -5.394293442625440e-01    7.057193722430384e-01   -3.966517977496551e-01
   -2.658134658486233e-01    2.896459513817504e-01    6.212996834865407e-01
   -2.922712466076973e-01   -6.674481387944979e-01   -2.127155079766681e-01
   -2.723894161072167e-01   -8.524197623252121e-01    6.476578306544525e-01
   -3.259143104878603e-01   -3.084379222745497e-01    6.795007332420937e-01
    1.070965098651868e-01   -1.296858914047334e-01    3.129220866057949e-01
    5.398230457235513e-01    6.016701199109988e-01   -4.158378140735408e-01
   -7.022994407168426e-01   -2.474272516933524e-01    1.442837895669982e-01
   -6.260308787736903e-01   -1.139135566954792e-01   -3.854072668436856e-01
    4.888604258827627e-01    2.765697330369221e-02   -6.058504296106548e-03
    3.489436822383141e-01    2.492750650656035e-01   -1.263303836272826e+00
    2.279356972005075e-01   -2.315437382810615e-01   -1.314291556967646e+00
    2.276100145491000e-02    6.978637327456454e-01    4.282462994575837e-01
    2.408773650648754e-01   -2.582367053196322e-01   -5.989720161760488e-01
   -6.133413970765105e-01   -1.692248729141284e-01   -6.739834056033942e-01
    1.250297829486726e-01   -1.502930166131478e-01    1.316453713804833e+00
   -1.602576002063643e-01    4.626123842860466e-01   -5.215208611964499e-01
   -2.578700318372285e-01    2.589657092879634e-01    3.123229194743544e-01
    1.172969223844120e-01    5.012231282307766e-02    1.021405503552160e-01
    8.507864734565374e-02    7.602658870564483e-02   -2.957921896054359e-01
   -1.339627207872841e+00    2.106563324849997e-02    1.710199230312384e-01
    3.629975845232734e-01   -1.703700184934434e-01   -4.970839263666598e-01
   -7.888435577981454e-01   -2.740118300520464e-01    4.329355838508491e-01
   -4.758746874358621e-02   -2.531683019424236e-02   -9.085752837272594e-01
   -4.440380773993411e-01    1.785571427038661e-01    1.298307300968190e+00
   -8.827845514588262e-01    1.658557267572178e+00    2.066394264329574e-02
    4.384094510487557e-01    8.928076221684478e-02   -2.864319821107983e-01
    3.953488352393038e-01    3.657007753699872e-01    2.100328000819900e-01
    1.397616153439230e+00    2.902945268915573e-01    2.311442903119314e-01
    2.274413158147581e-01   -5.898693270546573e-01    1.067484647742731e+00
    6.931255927463909e-03   -1.398628297386153e+00    1.048140901585271e-01
    5.057858546282716e-01   -7.262623989667532e-01    3.069964937440357e-01
   -1.116627490250721e-02    2.092372793310915e-02    2.171680231185746e-01
    5.205300812890528e-01   -1.094310720793146e+00    2.684810881510202e-02
   -2.274102302526444e-01    1.068413183824305e+00   -6.488975862555435e-02
    2.861520910528839e-01    1.825771182269023e-01    4.600575902979926e-01
    3.441862525775008e-01   -2.787024430625706e-01    2.201776349279498e-01
   -1.080697130269982e+00    1.534434942486769e-01    3.808599616340871e-01
    4.113362388379755e-01    4.222822816582266e-01   -8.154686009220313e-03
   -1.618741896598692e-01    5.514939728773243e-01   -2.035502595572325e-01
    1.091418261837589e-01   -8.562733775861489e-01    2.074559512906546e-01
    4.390796734332980e-01   -1.145076560569578e-01    2.103922341907492e-01
   -8.232133915420263e-01    1.344236933600769e-01    9.709486919764458e-01
    4.402432823286517e-01    1.021631265684846e+00   -1.558782181725746e-01
    1.221864369717878e-01    8.552671181001017e-01    1.513699367484378e-02
    9.886080925998613e-01    8.942829776460712e-01    5.156536320373561e-02
    4.932988189284515e-02   -3.836826767565071e-02    7.596139830352513e-01
    8.426019860894485e-02    6.280160823980623e-01    4.275835116269349e-01
    6.924129965128714e-01   -3.278411002784196e-01   -1.265017377638287e+00
    5.184979777974377e-01    2.671819485840388e-01   -2.444462619087062e-01
    2.533268014612986e-01   -2.718351957744289e-01   -4.107384385315527e-01
    6.970463948232180e-01   -2.553089824867243e-01   -5.643501756530895e-01
    4.937432640363113e-01    4.518555550844212e-01    2.252760118608421e-01
    6.259894888626150e-02    7.837958835443715e-01   -3.220156425795722e-01
    2.861630044766343e-01   -1.817382805938905e-03   -3.052415974193536e-01
   -2.083665320609214e-01   -2.204910295183709e-01   -6.108355478886551e-03
    1.483827216748068e-01    7.500908143117613e-01   -1.778334070461369e-01
    3.201048794491044e-01    1.443633696078450e-01    7.878713519892244e-02
    3.570005935995937e-01    6.807727540353881e-02    3.887521687884146e-01
   -3.798149411695704e-01   -4.744211679026193e-01   -2.335403019369551e-01
   -2.309895000908000e-01    2.090985674340118e-01    8.278659265783972e-02
    4.472436572059451e-01    2.154988522693202e-01   -1.230008678945978e+00
   -4.340484048902908e-01    2.826819081046779e-01   -2.534884703070475e-01
    1.033467174800080e-01   -3.976996420717569e-01    6.131544654551817e-01
   -1.887957005956196e-01   -2.250224562733365e-01    9.787621128450610e-01
    1.881861508154543e-01   -2.795070221194464e-01   -5.476844312397589e-04
   -4.988516056546359e-01   -8.919934068808288e-02    2.044735475791413e-01
   -1.827793168632752e-02   -3.495051279833206e-01   -2.178869191429840e-01
    1.761616483046556e-01   -2.148630247503647e-02    2.156110785446239e-01
   -2.226086655822286e-01    3.945955402859909e-01    1.491431220060804e-01
   -6.856687940553456e-01   -2.527447852808109e-01    3.208962352127855e-01
    1.052455245288684e-01    1.036401220019343e-01   -7.284029976551665e-02
   -4.768485148338186e-01   -8.325610356168056e-01    6.782612220112014e-01
   -6.823497154628058e-01   -1.051577257317149e+00   -3.468337415415590e-02
   -1.067929636425106e+00   -1.044200562706123e-01    2.118315897614593e-01
    1.112691308167086e-01   -9.940976054121649e-01    1.531256436506396e-01
    2.057264291713636e-01   -5.689130412557688e-01    4.200132749911063e-01
   -3.218292439560173e-01   -5.882998767319805e-01    7.368779621292560e-01
    1.188523556922519e+00   -6.515172775616520e-01    1.825181310814514e-01
    3.795310615942071e-02   -7.914154571608378e-02    6.118176205050077e-01
    1.142567134562967e+00    6.684649133080711e-01    6.448886659046593e-02
   -5.633862135023264e-01   -4.384209541203745e-01   -2.520855598634171e-01
    1.886973748332821e-01   -1.284579277537432e-01    7.194394862972331e-01
   -6.553838179934246e-02    2.515418382408825e-01   -4.249115460474968e-01
    6.793744489802975e-01    8.334580353725869e-01    3.089416284249182e-01
   -1.161267413502856e-01   -1.302440086157048e-01   -7.061813446762244e-02
   -3.330552989012858e-01    4.653571076952403e-01   -3.096615447091153e-01
   -1.411375215598127e-01    7.714589320307823e-01    8.054081859663711e-01
    2.337232935927887e-01   -3.391919784345276e-01    1.196906488703462e-01
   -2.325496838860204e-01   -3.644736217050593e-01    7.411449515223012e-01
   -4.499613988249344e-01    1.903291327182268e-01   -1.145635281342530e-01
    1.474409544398725e-01    3.432014050055887e-01   -2.312168299190631e-01
    7.308697222833871e-02   -2.408346595511830e-01   -4.517023492664975e-01
   -4.460664793991782e-01   -5.372776996773609e-02   -2.178449223774805e-01
    1.411498452803926e+00    4.991094048805564e-01    5.893100180861097e-01
   -5.131563108551518e-02    4.746887178646375e-02   -7.378655379875454e-02
    1.091154979395981e-01    6.308750352652339e-01   -3.706586380479280e-01
    6.086301566114223e-01   -1.528139209004564e-02    2.916972440516830e-02
   -2.963772281802903e-01    2.614598037507676e-02    1.959615487880910e-01
    7.906423816316277e-01    3.605866567297653e-01    3.210272913270273e-02
   -1.921825874378555e-01   -2.258657672355184e-01    2.844045014035146e-02
   -9.219867511251323e-02   -2.092638598069243e-01    5.086335609626076e-01
    3.721583689957697e-02    5.989689784814800e-01   -6.701386173244828e-02
   -1.631536777131259e-02    9.382167487677862e-02    1.869910733912548e+00
    3.722031412835349e-01   -2.761820404848550e-01   -3.693983337525424e-01
    7.201595205604576e-01   -1.036784315271007e-01   -1.551044396703105e-01
   -1.790575599047770e-01    1.016581900676101e-01    2.093255705581214e-01
   -2.431477092402474e-01    8.575595302318106e-04    2.355398077836526e-01
    1.447195241430563e-01   -8.774149516307261e-02   -5.582220745936866e-01
   -1.192362002038863e-01   -1.723406152665348e-01    7.963737739255521e-01
    5.215220084851353e-01   -6.220940064592924e-01   -1.533384286844921e-01
   -2.899084993709948e-01    1.611744238107349e-01    4.136632617655778e-01
   -2.728895556485895e-01   -1.232496390503002e-01    5.516464365109641e-01
   -2.666451403456449e-03    1.441921386958711e-01   -3.830374619080885e-01
   -5.143766808560031e-01    1.838086896759705e-02   -1.432709034582388e+00
   -9.133385459972487e-01   -3.224714016960206e-02    2.961744768663266e-01
   -4.743390267983614e-01   -2.834560570170765e-01   -1.165086023125923e-01
   -7.477368759481351e-02   -5.623777523835685e-01    2.712358924886757e-01
   -2.341697511847087e-01   -1.422507681186289e-01    6.619955666963051e-02
   -1.613864825874316e-01    2.033218316687453e-01    3.099130443092690e-01
    3.941920774323648e-01    7.172393847940839e-02   -3.928697925093729e-01
    1.766259155938315e-01    2.846292842859839e-01    1.571909160620635e-01
    3.824330784937047e-02   -2.961413004054521e-01   -3.156034516872523e-01
    1.747202747297933e-01    1.030827948391106e-01   -2.612178064405271e-01
    8.729946167932212e-02   -7.515862497348280e-01    2.919324493122986e-01
    6.722460557070917e-01   -4.020699302841422e-01    1.122915133360948e+00
    1.625209381880381e-01   -4.466530756963039e-02   -3.338268798595436e-01
    8.402748574695806e-02   -2.188333454679423e-01   -2.333685336861890e-02
    6.473071422078647e-03   -1.252690316905500e-01   -1.620935308887113e+00
   -8.808796693978138e-02    4.708974234273171e-01    6.024584423266788e-02
   -2.828171080495849e-01   -2.444373103603539e-01   -1.037765268131494e-01
    9.973401842898966e-03   -1.111418853896282e-01   -3.600516693968530e-01
   -3.930153527623039e-01   -3.478898922315921e-02    6.412792311483599e-01
    1.866837275874786e-01   -1.141052649407470e-01    2.560739219550214e-01
   -1.617151675289961e-01    1.820190080957218e-02    3.419795788954616e-02
   -7.935493785216750e-01   -4.928273644233627e-02    3.242383629861934e-02
    7.675928340208316e-02   -5.590158491318107e-01    4.893511729596298e-01
    6.605407933833476e-01    1.863738660785685e-02    4.106825735614734e-01
    6.453115968485008e-01   -3.950909333520940e-01   -2.072261136732010e-01
   -4.235563276852190e-01    1.046690293360371e-01    1.478378351762331e-01
    1.434194426053690e-01    5.014498015839308e-02   -1.153630287393526e-01
   -2.128649432779639e-02    6.928309881968744e-01    3.670891027900325e-02
    3.268963657828863e-01    3.785494565711360e-01   -2.280595742349334e-02
    2.301109098089000e-01    9.270580404513566e-01   -3.396977102856908e-01
   -3.287173538515162e-01   -3.874584508448606e-01   -4.506986034739384e-01
    1.657808286277600e-01    3.530802842979028e-01   -1.987332167409932e+00
   -4.144597917563715e-01   -3.377624232966809e-01   -1.810165390325409e-01
    1.369556856144300e+00    1.104008918141517e-01   -8.086363322047418e-01
    1.309099161801441e-03   -9.250039826340526e-01   -1.647756050161888e-01
   -3.108913814769494e-01    6.589854234334780e-01    5.771669545813438e-01
   -2.450721609839093e-01    1.545159622546635e-01   -4.426163857773417e-01
    6.636050989582145e-01    8.622525403950476e-03   -6.652231305538407e-01
   -6.010151862474231e-01    2.053144460032854e-01   -1.940202292453250e-01
    2.473702860238518e-01    2.836732111414904e-01   -3.690184719121135e-01
   -9.873026347220275e-01    2.829637542540695e-01   -4.948696912379091e-02
   -4.402169464617600e-02   -1.418331219080756e+00    5.877768912341708e-02
    5.185999728734600e-01    1.656865154564002e-02   -9.637504044849265e-02
   -9.299540074916877e-01   -5.376483898880906e-01    6.117577207608349e-01
   -3.587889329774043e-01   -4.181838617632820e-01   -1.597709384177506e-01
   -2.446106408275170e-01    4.563522739135806e-01   -1.431637549552818e-01
    4.840913034968253e-02   -3.020729608442707e-02   -2.761626972642262e-03
   -1.418041726097385e-01    2.177014409754747e-01    1.518181824121712e-02
   -7.476750521482245e-01    2.693667977302994e-02   -4.076970370842901e-01
    1.095563344507465e+00   -1.079873012672437e-01    2.103397817819865e-01
    3.169530239551648e-01   -2.264196016935500e-01    2.661514860747047e-01
   -3.084350326957974e-03   -6.109593582218054e-01   -1.041470457579180e+00
   -6.032414767962564e-01   -4.426711486193540e-01    4.293929447576375e-01
    3.146209159076534e-01   -6.064149569419897e-02    1.060492178263758e+00
   -6.103345096300927e-02    1.625114351949719e-01   -5.905882958845723e-01
   -1.520187937303490e-01    5.678455295157079e-01    3.008228010528455e-01
    2.030722238282578e-01   -1.058394166079552e+00   -4.452806660265196e-02
    7.867917355576992e-02    3.979095668696004e-01    1.812063899737950e-01
   -1.208492239393308e-01    5.275451048489685e-01   -8.057554966289899e-01
    4.206317388420757e-01   -1.075014181908500e+00    5.358740840961218e-02
   -4.919527611006060e-01   -6.800361923063463e-01   -1.221900991766233e+00
    4.881956617732044e-01   -8.553321707828445e-01   -2.779624971811003e-01
   -6.949025521271324e-02    1.121861269067267e+00   -1.835400648629388e-01
    5.826521435665200e-03   -2.891385535481277e-01    5.480530506383730e-02
   -6.501094540425356e-02    6.180895192210301e-02    5.590188405831213e-01
    7.043592257927003e-01   -2.997864303938513e-02    3.463946307081045e-02
    6.662008982558518e-01    6.000636670160020e-01   -2.800805295610189e-01
    2.766343605139809e-01   -8.807994826159415e-02    5.987769976917434e-02
    3.351801499993599e-01    1.076108749865398e+00   -5.404887614326981e-02
   -4.039593586833234e-02    1.725406608197773e-01   -6.184828228424522e-01
   -1.194216066505760e-02    3.035956496587460e-01   -6.340538047879818e-03
    1.252325835830561e-01   -1.372116112384703e-02   -2.352129121436519e-02
   -1.476524507704653e-01   -5.919062129214581e-02   -5.749076272081766e-03
    1.959804862500505e-01    1.709724968492310e-01    4.007866671036027e-01
    9.381851568493005e-02   -1.302971766203882e-01    8.964788932871670e-03
   -1.455378867512991e-02    1.045064928430293e-01    2.435800810369528e-01
    1.039739706649243e-01   -7.726372731212905e-02    3.318052355552936e-03
    1.574700341693642e-01   -1.191405915446921e-01   -1.048688222190322e-01
    1.144960480106647e-01   -5.551531632289084e-01   -3.471947877267212e-01
    7.653801295236917e-02   -1.222092297557538e-01   -1.216360870562312e-01
   -3.294024484921465e-01    5.612841154124908e-01    2.313405198542569e-01
    3.460967475612051e-01   -3.178663435833187e-01   -9.388929176930105e-02
   -3.707531195326510e-01   -3.623683043372239e-04   -8.148595913216923e-01
    4.237015486314704e-01   -8.915280045130203e-02   -7.143559709909368e-01
    1.118200893761667e-01   -8.477736736040242e-02   -2.135050782927692e-01
   -1.227973187121279e+00    2.448893053586687e-01    1.345549556785386e-01
    1.866788189256567e-01   -1.107030667441222e-02   -5.906931975061980e-02
   -1.209654027916258e+00   -1.839423242599878e-01   -3.252256065502479e-02
   -5.014605948967983e-01    4.001455299803638e-01    1.326180266987649e-01
    3.411877825965348e-01   -5.105495040805295e-01    2.591219779460516e-01
   -1.404225278545709e+00    1.051748594642277e-02   -6.658336844702717e-02
   -1.862649787628357e-01    4.374453906848430e-03   -7.726022180540895e-01
   -2.847782017658460e-01    4.697985924217392e-01   -4.417727485915748e-01
   -2.850050266065409e-01    1.815189858671147e-01    9.436107025678275e-02
    1.522794199663622e-01   -2.371430710377354e-01   -1.147663560780074e-01
    3.942950057965930e-01   -1.152887779033307e-02    1.202375837690397e-01
   -3.975077561858598e-01   -8.716039222486813e-01   -1.943551409630118e-01
   -1.395104955267925e-01    9.290269543319027e-01    6.836415464119909e-01
   -9.032077278607176e-02    2.558331726045253e-01    1.003456922990154e-02
    1.440980688407762e-01   -2.285230091433732e-01    2.716953910187385e-01
   -3.141283471959468e-01   -1.000265342118610e+00   -1.347507854882224e+00
    5.025425031385566e-01   -3.254924490817928e-01   -2.195176020925942e-01
   -3.009672387915998e-01   -1.638724868917052e-01    7.365051997260252e-02
    1.480096904112145e-01    4.190533097278148e-02    1.984102905339569e-02
   -5.571988566734944e-01   -2.974718497555386e-01    4.602851353467940e-02
    1.816635233795409e-01    6.186513335546806e-02    4.047661865593000e-02
   -6.257413149247668e-01    1.337936196623559e-01    1.175655256555501e+00
    5.287234616480418e-02    1.322100958046576e+00    2.500807783030723e-01
   -2.160742757174035e-01   -2.560425599138370e-01    4.055825331468554e-01
   -5.494649779107021e-01    2.682402284242471e-01    6.024639199202539e-01
   -1.498218532287865e-02    6.381979389079788e-01   -2.708374820940662e-02
   -2.912773297008755e-01    1.098518795378141e-01    2.450841792433494e-01
   -2.102037052059131e-01   -5.979166899468282e-01   -2.704188446609805e-01
    2.399019164709841e-01    3.102765080064245e-01    2.236785339380276e-01
    1.654533356972991e+00   -3.400251928680973e-01   -2.363566518239395e-01
    8.286700655787627e-02    3.878933006621992e-01   -1.263749857762377e-01
    4.599175405028291e-01   -2.484357237837003e-01    1.024858703237896e-01
   -7.277248533591774e-01    1.032041920382653e+00    3.604071236455866e-01
   -7.219003474426700e-02    2.299121973044294e-01   -7.257633681041398e-01
    3.412402337418712e-01   -6.547566675453709e-01    3.271552167893788e-01
   -1.049275846686442e-01    2.097635299032845e-01    2.886245974484609e-01
   -4.193599681002524e-03   -2.338084191306251e-01   -1.436944589668883e+00
    8.453234226453787e-01    1.661814854322756e-01   -3.909259227436905e-01
    5.606779302979703e-03    2.479035640556457e-01   -7.832087055662669e-01
   -3.760949437232739e-01    1.278604305882709e-01   -3.034397951507799e-01
    1.234726721531842e-01    4.302115901045909e-01    2.682609119142398e-01
    3.470526938663170e-01    3.142718116794185e-01    1.379226613630635e-02
