4.71474 4.46308 4.81377 0.0348979 0.00783771 -0.0152159 -1e+06 -1e+06 -1e+06 -1e+06 -1e+06 -1e+06
4.11876 4.32377 4.19874 0.0380481 -0.0100092 -0.0117006 -1e+06 -1e+06 -1e+06 -1e+06 -1e+06 -1e+06
4.62056 4.6101 4.51852 0.0199531 0.0149149 0.0188981 -1e+06 -1e+06 -1e+06 -1e+06 -1e+06 -1e+06
4.03292 4.34984 4.21195 0.0050718 0.00382157 -0.00208575 -1e+06 -1e+06 -1e+06 -1e+06 -1e+06 -1e+06
4.73877 4.48713 4.69619 -0.00946439 -0.0266376 0.0176128 -1e+06 -1e+06 -1e+06 -1e+06 -1e+06 -1e+06
4.42044 4.74951 4.53309 0.00754222 0.0274291 -0.00103523 -1e+06 -1e+06 -1e+06 -1e+06 -1e+06 -1e+06
4.41205 4.31907 4.3832 0.00499673 -0.0275947 -0.00350754 -1e+06 -1e+06 -1e+06 -1e+06 -1e+06 -1e+06
3.99727 4.00086 3.97145 0.0173487 -0.0110898 0.00574754 -1e+06 -1e+06 -1e+06 -1e+06 -1e+06 -1e+06
4.56101 4.65925 4.4486 0.00632927 0.00847924 -0.00273976 -1e+06 -1e+06 -1e+06 -1e+06 -1e+06 -1e+06
4.20268 4.38182 4.1125 -0.0203011 0.0382282 0.00557218 -1e+06 -1e+06 -1e+06 -1e+06 -1e+06 -1e+06
4.21521 4.25411 4.10268 -0.0235629 0.00160812 -0.00458831 -1e+06 -1e+06 -1e+06 -1e+06 -1e+06 -1e+06
4.92315 4.85372 5.08246 0.0404855 0.0745936 0.0368347 -1e+06 -1e+06 -1e+06 -1e+06 -1e+06 -1e+06
4.36066 4.67431 4.62698 0.003384 -0.00543477 -0.0110975 -1e+06 -1e+06 -1e+06 -1e+06 -1e+06 -1e+06
3.32383 3.32442 3.32242 0.00012918 -9.43123e-05 0.000136665 -1e+06 -1e+06 -1e+06 -1e+06 -1e+06 -1e+06
3.32305 3.32367 3.32285 2.88381e-05 3.45331e-05 -4.79495e-05 -1e+06 -1e+06 -1e+06 -1e+06 -1e+06 -1e+06
4.24141 4.26697 4.30206 0.0136363 -0.0216332 -0.0295539 -1e+06 -1e+06 -1e+06 -1e+06 -1e+06 -1e+06
4.1225 3.99612 4.09222 0.0082642 -0.0208355 0.00447743 -1e+06 -1e+06 -1e+06 -1e+06 -1e+06 -1e+06
4.69917 4.55026 5.09602 -0.0569304 0.0345997 -0.0621692 -1e+06 -1e+06 -1e+06 -1e+06 -1e+06 -1e+06
3.32235 3.3241 3.3243 -6.3347e-05 0.000138645 0.000142849 -1e+06 -1e+06 -1e+06 -1e+06 -1e+06 -1e+06
3.32258 3.32414 3.32323 1.59315e-05 2.01833e-05 3.03802e-05 -1e+06 -1e+06 -1e+06 -1e+06 -1e+06 -1e+06
4.22904 4.34561 4.20867 -0.0236441 0.0436682 -0.00852401 -1e+06 -1e+06 -1e+06 -1e+06 -1e+06 -1e+06
5.10975 4.8512 4.77616 -0.0181808 0.0688839 0.0253752 -1e+06 -1e+06 -1e+06 -1e+06 -1e+06 -1e+06
4.24031 4.22607 4.25688 -0.0148007 -0.0082329 0.00829382 -1e+06 -1e+06 -1e+06 -1e+06 -1e+06 -1e+06
4.11056 4.14633 4.14236 0.00651378 -0.00719787 0.00802661 -1e+06 -1e+06 -1e+06 -1e+06 -1e+06 -1e+06
4.91669 4.74741 4.93151 0.0197764 0.00155525 -0.00167352 -1e+06 -1e+06 -1e+06 -1e+06 -1e+06 -1e+06
