1.04335 0.987661 1.06527 0.00772275 0.00173445 -0.00336721 -1e+06 -1e+06 -1e+06 -1e+06 -1e+06 -1e+06
0.911464 0.956833 0.929164 0.00841988 -0.002215 -0.0025893 -1e+06 -1e+06 -1e+06 -1e+06 -1e+06 -1e+06
1.02251 1.0202 0.999929 0.00441554 0.00330061 0.00418207 -1e+06 -1e+06 -1e+06 -1e+06 -1e+06 -1e+06
0.892469 0.962602 0.932088 0.00112237 0.000845697 -0.000461569 -1e+06 -1e+06 -1e+06 -1e+06 -1e+06 -1e+06
1.04867 0.992984 1.03925 -0.00209443 -0.0058948 0.00389763 -1e+06 -1e+06 -1e+06 -1e+06 -1e+06 -1e+06
0.978226 1.05105 1.00315 0.00166906 0.00606995 -0.000229091 -1e+06 -1e+06 -1e+06 -1e+06 -1e+06 -1e+06
0.976369 0.955792 0.969984 0.00110576 -0.0061066 -0.000776203 -1e+06 -1e+06 -1e+06 -1e+06 -1e+06 -1e+06
0.884579 0.885375 0.878866 0.00383919 -0.00245413 0.00127191 -1e+06 -1e+06 -1e+06 -1e+06 -1e+06 -1e+06
1.00933 1.03107 0.984457 0.00140064 0.00187642 -0.000606297 -1e+06 -1e+06 -1e+06 -1e+06 -1e+06 -1e+06
0.930037 0.969679 0.91008 -0.00449255 0.00845975 0.0012331 -1e+06 -1e+06 -1e+06 -1e+06 -1e+06 -1e+06
0.932809 0.941416 0.907906 -0.00521438 0.000355871 -0.00101537 -1e+06 -1e+06 -1e+06 -1e+06 -1e+06 -1e+06
1.08947 1.07411 1.12473 0.00895928 0.0165073 0.00815137 -1e+06 -1e+06 -1e+06 -1e+06 -1e+06 -1e+06
0.964997 1.0344 1.02393 0.000748865 -0.00120269 -0.00245582 -1e+06 -1e+06 -1e+06 -1e+06 -1e+06 -1e+06
0.735549 0.735681 0.735239 2.8587e-05 -2.08709e-05 3.02434e-05 -1e+06 -1e+06 -1e+06 -1e+06 -1e+06 -1e+06
0.735378 0.735515 0.735332 6.38175e-06 7.64203e-06 -1.0611e-05 -1e+06 -1e+06 -1e+06 -1e+06 -1e+06 -1e+06
0.938607 0.944262 0.952027 0.00301765 -0.00478735 -0.00654015 -1e+06 -1e+06 -1e+06 -1e+06 -1e+06 -1e+06
0.912292 0.884325 0.905591 0.00182883 -0.00461081 0.000990836 -1e+06 -1e+06 -1e+06 -1e+06 -1e+06 -1e+06
1.03991 1.00695 1.12773 -0.0125985 0.00765677 -0.0137578 -1e+06 -1e+06 -1e+06 -1e+06 -1e+06 -1e+06
0.735222 0.735609 0.735653 -1.40184e-05 3.06815e-05 3.1612e-05 -1e+06 -1e+06 -1e+06 -1e+06 -1e+06 -1e+06
0.735274 0.735619 0.735417 3.52557e-06 4.46649e-06 6.723e-06 -1e+06 -1e+06 -1e+06 -1e+06 -1e+06 -1e+06
0.935869 0.961666 0.931362 -0.00523234 0.00966359 -0.00188633 -1e+06 -1e+06 -1e+06 -1e+06 -1e+06 -1e+06
1.13077 1.07355 1.05695 -0.00402333 0.0152437 0.00561544 -1e+06 -1e+06 -1e+06 -1e+06 -1e+06 -1e+06
0.938363 0.935211 0.942031 -0.00327534 -0.00182191 0.00183539 -1e+06 -1e+06 -1e+06 -1e+06 -1e+06 -1e+06
0.90965 0.917566 0.916687 0.00144147 -0.00159286 0.00177626 -1e+06 -1e+06 -1e+06 -1e+06 -1e+06 -1e+06
1.08804 1.05058 1.09132 0.00437643 0.000344169 -0.000370344 -1e+06 -1e+06 -1e+06 -1e+06 -1e+06 -1e+06
