100     0.01256    0.00380    0.00487    0.06772      0.09727      0.00390      1.28586      0.09678      0.00374      
200     0.01226    0.00376    0.00483    0.06531      0.09250      0.00368      1.06050      0.09436      0.00376      
300     0.01243    0.00373    0.00481    0.06451      0.09311      0.00389      0.29095      0.09252      0.00377      
400     0.01212    0.00372    0.00480    0.06222      0.09010      0.00360      0.62545      0.09208      0.00371      
500     0.01242    0.00374    0.00480    0.06281      0.08893      0.00388      0.50071      0.08827      0.00369      
600     0.01210    0.00372    0.00480    0.06810      0.08944      0.00358      0.18503      0.09125      0.00373      
700     0.01240    0.00372    0.00478    0.06595      0.09057      0.00389      0.06850      0.09001      0.00371      
800     0.01201    0.00371    0.00477    0.06463      0.08867      0.00353      0.86872      0.09055      0.00367      
900     0.01224    0.00370    0.00476    0.06118      0.09261      0.00378      0.87206      0.09214      0.00362      
1000    0.01202    0.00371    0.00475    0.06459      0.09041      0.00356      1.10932      0.09243      0.00366      
1100    0.01224    0.00370    0.00476    0.06279      0.09145      0.00378      0.98710      0.09113      0.00364      
1200    0.01197    0.00368    0.00474    0.06265      0.09288      0.00356      0.91843      0.09484      0.00371      
1300    0.01223    0.00368    0.00474    0.06302      0.09243      0.00380      0.16057      0.09218      0.00367      
1400    0.01187    0.00366    0.00472    0.06294      0.09026      0.00349      0.75759      0.09211      0.00364      
1500    0.01207    0.00364    0.00471    0.06230      0.09831      0.00371      0.86000      0.09807      0.00361      
1600    0.01184    0.00363    0.00467    0.06448      0.09589      0.00353      0.74526      0.09745      0.00362      
1700    0.01194    0.00359    0.00464    0.06204      0.09486      0.00372      0.09059      0.09458      0.00362      
1800    0.01180    0.00360    0.00466    0.06459      0.09147      0.00354      0.12469      0.09315      0.00366      
1900    0.01196    0.00360    0.00465    0.05827      0.09329      0.00371      0.50190      0.09317      0.00363      
2000    0.01172    0.00361    0.00466    0.05542      0.08851      0.00345      0.31042      0.09021      0.00353      
2100    0.01201    0.00361    0.00464    0.05438      0.09410      0.00375      0.06352      0.09373      0.00363      
2200    0.01177    0.00361    0.00464    0.05508      0.09127      0.00353      0.33168      0.09296      0.00359      
2300    0.01192    0.00358    0.00463    0.05550      0.09571      0.00371      1.19834      0.09547      0.00359      
2400    0.01170    0.00359    0.00463    0.06117      0.09409      0.00348      0.64437      0.09560      0.00355      
2500    0.01190    0.00358    0.00462    0.06125      0.09756      0.00370      0.62635      0.09739      0.00356      
2600    0.01169    0.00357    0.00459    0.06397      0.09923      0.00353      0.49717      0.10069      0.00353      
2700    0.01182    0.00357    0.00459    0.06093      0.09806      0.00366      0.35857      0.09776      0.00357      
2800    0.01159    0.00356    0.00460    0.06077      0.09580      0.00343      0.20360      0.09710      0.00349      
2900    0.01179    0.00355    0.00458    0.05947      0.09801      0.00366      0.81602      0.09769      0.00353      
3000    0.01167    0.00357    0.00462    0.05652      0.09567      0.00349      1.00077      0.09716      0.00350      
3100    0.01178    0.00356    0.00461    0.05525      0.09594      0.00361      0.22873      0.09547      0.00349      
3200    0.01158    0.00355    0.00460    0.05341      0.09430      0.00343      0.58716      0.09573      0.00348      
3300    0.01173    0.00354    0.00459    0.05499      0.09448      0.00360      0.13744      0.09393      0.00348      
3400    0.01155    0.00355    0.00458    0.05101      0.09501      0.00343      0.15818      0.09655      0.00348      
3500    0.01172    0.00353    0.00457    0.05004      0.09550      0.00362      1.13676      0.09496      0.00352      
3600    0.01150    0.00351    0.00456    0.04916      0.09325      0.00343      0.26573      0.09475      0.00349      
3700    0.01163    0.00349    0.00453    0.04729      0.09862      0.00361      0.36749      0.09825      0.00349      
3800    0.01144    0.00350    0.00453    0.04494      0.09917      0.00340      1.36327      0.10037      0.00351      
3900    0.01167    0.00349    0.00452    0.04641      0.09735      0.00365      0.05188      0.09697      0.00347      
4000    0.01143    0.00352    0.00454    0.04223      0.09399      0.00336      1.01482      0.09533      0.00345      
4100    0.01164    0.00353    0.00455    0.04424      0.09732      0.00357      1.21139      0.09687      0.00340      
4200    0.01139    0.00350    0.00452    0.04238      0.09539      0.00337      0.39196      0.09675      0.00343      
4300    0.01163    0.00351    0.00453    0.04582      0.09486      0.00359      0.18036      0.09442      0.00346      
4400    0.01135    0.00348    0.00451    0.04668      0.09543      0.00336      0.07411      0.09679      0.00346      
4500    0.01161    0.00349    0.00451    0.04840      0.09717      0.00361      0.65801      0.09687      0.00349      
4600    0.01134    0.00347    0.00449    0.04946      0.09511      0.00338      0.11746      0.09656      0.00346      
4700    0.01157    0.00347    0.00448    0.05332      0.09731      0.00362      0.22375      0.09696      0.00351      
4800    0.01131    0.00346    0.00447    0.04984      0.09462      0.00337      0.71879      0.09597      0.00346      
4900    0.01150    0.00344    0.00446    0.05188      0.09467      0.00359      0.35523      0.09440      0.00347      
5000    0.01122    0.00344    0.00445    0.04994      0.09336      0.00333      0.72890      0.09484      0.00348      
5100    0.01136    0.00342    0.00444    0.05178      0.09480      0.00350      0.39345      0.09439      0.00345      
5200    0.01124    0.00341    0.00442    0.05017      0.09263      0.00341      0.10066      0.09421      0.00347      
5300    0.01134    0.00341    0.00443    0.05064      0.09492      0.00350      0.99409      0.09447      0.00345      
5400    0.01127    0.00341    0.00443    0.04656      0.09370      0.00343      0.08844      0.09521      0.00344      
5500    0.01129    0.00341    0.00442    0.04800      0.09709      0.00345      0.74474      0.09669      0.00344      
5600    0.01119    0.00340    0.00441    0.04634      0.09910      0.00338      0.87453      0.10073      0.00347      
5700    0.01134    0.00341    0.00442    0.04532      0.09834      0.00351      1.20074      0.09797      0.00341      
5800    0.01119    0.00341    0.00441    0.04484      0.09360      0.00338      0.36647      0.09525      0.00339      
5900    0.01131    0.00340    0.00441    0.04364      0.09818      0.00350      0.65258      0.09785      0.00341      
6000    0.01118    0.00338    0.00439    0.04196      0.09811      0.00341      0.53249      0.09966      0.00345      
6100    0.01126    0.00337    0.00438    0.04369      0.09959      0.00350      0.52992      0.09918      0.00344      
6200    0.01107    0.00335    0.00435    0.04479      0.09734      0.00337      0.16321      0.09883      0.00345      
6300    0.01115    0.00334    0.00434    0.04637      0.09951      0.00347      0.34578      0.09908      0.00340      
6400    0.01103    0.00334    0.00434    0.04441      0.09867      0.00335      0.51439      0.10026      0.00340      
6500    0.01108    0.00334    0.00433    0.04474      0.09719      0.00341      0.44562      0.09686      0.00340      
6600    0.01104    0.00332    0.00431    0.04516      0.09685      0.00341      0.94764      0.09849      0.00345      
6700    0.01112    0.00332    0.00431    0.04605      0.09789      0.00350      0.49760      0.09748      0.00344      
6800    0.01098    0.00330    0.00428    0.04505      0.09567      0.00340      0.21536      0.09741      0.00349      
6900    0.01108    0.00329    0.00427    0.04639      0.09703      0.00352      0.76345      0.09654      0.00339      
7000    0.01090    0.00327    0.00427    0.04618      0.09542      0.00337      0.22465      0.09717      0.00341      
7100    0.01105    0.00330    0.00429    0.04829      0.09736      0.00346      0.49322      0.09690      0.00334      
7200    0.01091    0.00327    0.00427    0.04676      0.09524      0.00337      0.33929      0.09697      0.00338      
7300    0.01100    0.00325    0.00425    0.04525      0.09378      0.00350      0.44117      0.09328      0.00341      
7400    0.01083    0.00324    0.00423    0.04529      0.09305      0.00336      0.05160      0.09493      0.00337      
7500    0.01091    0.00323    0.00421    0.04673      0.09643      0.00348      0.05755      0.09591      0.00336      
7600    0.01077    0.00323    0.00422    0.04272      0.09357      0.00332      0.49883      0.09549      0.00338      
7700    0.01090    0.00321    0.00421    0.04574      0.09358      0.00348      0.22810      0.09303      0.00337      
7800    0.01074    0.00321    0.00420    0.04936      0.09200      0.00333      0.39048      0.09402      0.00337      
7900    0.01085    0.00321    0.00420    0.04904      0.09697      0.00344      0.33590      0.09642      0.00339      
8000    0.01079    0.00323    0.00421    0.04808      0.09333      0.00335      0.28778      0.09536      0.00337      
8100    0.01088    0.00322    0.00422    0.05006      0.09617      0.00344      0.10473      0.09563      0.00333      
8200    0.01079    0.00322    0.00421    0.04828      0.09305      0.00337      0.17350      0.09512      0.00338      
8300    0.01078    0.00320    0.00419    0.05260      0.09716      0.00339      0.11316      0.09668      0.00331      
8400    0.01077    0.00322    0.00420    0.05012      0.09708      0.00335      0.20467      0.09897      0.00337      
8500    0.01088    0.00323    0.00422    0.04930      0.10084      0.00343      0.34457      0.10039      0.00333      
8600    0.01075    0.00322    0.00420    0.05044      0.09773      0.00334      0.08794      0.09962      0.00336      
8700    0.01085    0.00321    0.00420    0.05173      0.09654      0.00344      0.06767      0.09596      0.00337      
8800    0.01069    0.00322    0.00421    0.05037      0.09224      0.00325      0.09265      0.09443      0.00333      
8900    0.01083    0.00321    0.00420    0.04892      0.09570      0.00342      0.31037      0.09502      0.00334      
9000    0.01069    0.00320    0.00418    0.04727      0.09215      0.00332      0.11565      0.09431      0.00335      
9100    0.01079    0.00319    0.00418    0.04801      0.09715      0.00342      0.23587      0.09658      0.00332      
9200    0.01060    0.00319    0.00417    0.04632      0.09792      0.00324      0.13429      0.09998      0.00332      
9300    0.01077    0.00318    0.00417    0.05010      0.10123      0.00342      0.96157      0.10083      0.00330      
9400    0.01063    0.00317    0.00416    0.04708      0.09976      0.00330      1.25993      0.10174      0.00332      
9500    0.01069    0.00317    0.00415    0.04850      0.10269      0.00338      1.30043      0.10237      0.00330      
9600    0.01062    0.00316    0.00414    0.04733      0.10332      0.00331      0.64532      0.10520      0.00330      
9700    0.01065    0.00314    0.00412    0.04745      0.10602      0.00339      0.13694      0.10553      0.00327      
9800    0.01055    0.00313    0.00410    0.04543      0.10371      0.00332      0.50777      0.10570      0.00332      
9900    0.01067    0.00313    0.00410    0.04769      0.10537      0.00344      1.01054      0.10498      0.00330      
10000   0.01047    0.00312    0.00409    0.04427      0.10466      0.00325      0.91546      0.10657      0.00333      
10100   0.01056    0.00312    0.00408    0.04634      0.10825      0.00336      0.16919      0.10789      0.00327      
10200   0.01042    0.00309    0.00406    0.04496      0.10554      0.00327      1.33082      0.10745      0.00333      
10300   0.01050    0.00310    0.00406    0.04799      0.10569      0.00334      0.15134      0.10530      0.00327      
10400   0.01040    0.00308    0.00403    0.04408      0.10371      0.00328      0.64703      0.10566      0.00330      
10500   0.01048    0.00308    0.00403    0.04904      0.10351      0.00337      0.19448      0.10312      0.00334      
10600   0.01033    0.00307    0.00403    0.04727      0.10332      0.00324      0.91545      0.10520      0.00329      
10700   0.01046    0.00305    0.00401    0.05035      0.10405      0.00340      1.29818      0.10361      0.00331      
10800   0.01030    0.00304    0.00399    0.04681      0.10261      0.00327      1.49700      0.10441      0.00331      
10900   0.01039    0.00302    0.00398    0.04723      0.10367      0.00340      0.15809      0.10323      0.00328      
11000   0.01025    0.00302    0.00398    0.04412      0.09898      0.00324      0.38722      0.10086      0.00327      
11100   0.01038    0.00303    0.00398    0.04930      0.10276      0.00337      0.58664      0.10238      0.00329      
11200   0.01022    0.00303    0.00397    0.04749      0.09950      0.00323      0.30246      0.10155      0.00330      
11300   0.01042    0.00304    0.00399    0.04867      0.10402      0.00338      0.30182      0.10349      0.00327      
11400   0.01023    0.00302    0.00398    0.04636      0.10113      0.00323      0.13556      0.10315      0.00329      
11500   0.01033    0.00302    0.00397    0.04782      0.10379      0.00334      0.30446      0.10331      0.00327      
11600   0.01023    0.00301    0.00396    0.04606      0.09944      0.00326      0.81355      0.10160      0.00326      
11700   0.01034    0.00300    0.00396    0.04762      0.09895      0.00338      0.31140      0.09830      0.00324      
11800   0.01017    0.00300    0.00395    0.04325      0.09757      0.00322      1.12250      0.09968      0.00328      
11900   0.01031    0.00298    0.00395    0.04622      0.10151      0.00338      0.87159      0.10093      0.00328      
12000   0.01021    0.00298    0.00395    0.04508      0.09898      0.00328      0.30220      0.10102      0.00329      
12100   0.01031    0.00300    0.00396    0.04914      0.10217      0.00336      0.44848      0.10170      0.00326      
12200   0.01021    0.00301    0.00395    0.04492      0.09806      0.00325      0.33605      0.09996      0.00327      
12300   0.01027    0.00299    0.00394    0.04744      0.10016      0.00334      0.32235      0.09947      0.00327      
12400   0.01016    0.00299    0.00395    0.04736      0.09750      0.00323      0.16413      0.09939      0.00326      
12500   0.01024    0.00297    0.00393    0.05123      0.10033      0.00334      0.57678      0.09971      0.00325      
12600   0.01012    0.00297    0.00392    0.04892      0.09679      0.00323      1.38474      0.09886      0.00325      
12700   0.01022    0.00295    0.00390    0.05262      0.10162      0.00337      0.36974      0.10114      0.00325      
12800   0.01007    0.00296    0.00390    0.04896      0.10113      0.00321      0.65469      0.10308      0.00324      
12900   0.01018    0.00295    0.00389    0.04819      0.10157      0.00334      0.40461      0.10100      0.00324      
13000   0.01003    0.00293    0.00388    0.04700      0.10048      0.00322      0.08532      0.10241      0.00325      
13100   0.01015    0.00293    0.00388    0.05061      0.10172      0.00334      0.07680      0.10117      0.00324      
13200   0.01000    0.00293    0.00387    0.04886      0.09963      0.00320      0.45717      0.10175      0.00323      
13300   0.01011    0.00292    0.00386    0.05351      0.10197      0.00332      0.31833      0.10142      0.00324      
13400   0.00999    0.00292    0.00386    0.05152      0.09907      0.00321      0.19840      0.10117      0.00327      
13500   0.01007    0.00290    0.00384    0.05070      0.10016      0.00334      0.07740      0.09948      0.00325      
13600   0.00994    0.00290    0.00383    0.05217      0.09876      0.00321      0.18903      0.10079      0.00324      
13700   0.01011    0.00290    0.00384    0.05235      0.10077      0.00337      0.32478      0.10011      0.00324      
13800   0.00989    0.00289    0.00384    0.05134      0.09888      0.00316      0.25640      0.10098      0.00320      
13900   0.01008    0.00289    0.00383    0.05282      0.09907      0.00337      0.15615      0.09832      0.00321      
100     0.00590    0.00117    0.00155    0.05267      0.10101      0.00318      0.08857      0.10020      0.00321      
200     0.00602    0.00119    0.00157    0.04927      0.09928      0.00325      0.54822      0.10005      0.00321      
300     0.00597    0.00122    0.00160    0.05344      0.10331      0.00316      0.41085      0.10250      0.00317      
400     0.00608    0.00123    0.00160    0.05099      0.10021      0.00325      0.36908      0.10107      0.00316      
500     0.00602    0.00124    0.00161    0.05165      0.10285      0.00317      0.73184      0.10208      0.00321      
600     0.00603    0.00125    0.00162    0.04784      0.10143      0.00316      0.10224      0.10215      0.00316      
700     0.00601    0.00126    0.00164    0.05186      0.10417      0.00312      0.11510      0.10360      0.00313      
800     0.00607    0.00126    0.00165    0.04815      0.10211      0.00316      0.26260      0.10289      0.00315      
900     0.00606    0.00128    0.00167    0.05089      0.10462      0.00311      0.05390      0.10407      0.00314      
1000    0.00616    0.00129    0.00168    0.04855      0.10383      0.00318      0.11831      0.10456      0.00314      
1100    0.00611    0.00130    0.00169    0.05103      0.10434      0.00313      0.13490      0.10378      0.00314      
1200    0.00619    0.00131    0.00170    0.04732      0.10266      0.00318      0.10857      0.10345      0.00312      
1300    0.00611    0.00131    0.00171    0.05018      0.10450      0.00309      0.14796      0.10391      0.00313      
1400    0.00623    0.00133    0.00171    0.04752      0.10032      0.00319      0.65595      0.10110      0.00315      
1500    0.00613    0.00133    0.00172    0.04818      0.10154      0.00307      0.44653      0.10081      0.00310      
1600    0.00623    0.00134    0.00172    0.04751      0.10097      0.00316      0.05216      0.10173      0.00310      
1700    0.00621    0.00135    0.00174    0.04821      0.10043      0.00312      0.52347      0.09976      0.00312      
1800    0.00623    0.00136    0.00175    0.04659      0.09854      0.00312      0.98041      0.09931      0.00311      
1900    0.00623    0.00136    0.00175    0.04776      0.10258      0.00312      0.98976      0.10184      0.00310      
2000    0.00623    0.00136    0.00176    0.04562      0.10234      0.00311      0.92791      0.10315      0.00307      
2100    0.00623    0.00137    0.00177    0.05100      0.10644      0.00309      0.92063      0.10574      0.00310      
2200    0.00625    0.00138    0.00178    0.04737      0.10347      0.00310      0.34051      0.10424      0.00307      
2300    0.00622    0.00138    0.00178    0.05047      0.10590      0.00306      0.18371      0.10514      0.00307      
2400    0.00626    0.00139    0.00179    0.04791      0.10719      0.00307      0.27867      0.10789      0.00304      
2500    0.00625    0.00140    0.00179    0.05250      0.10808      0.00306      0.41608      0.10735      0.00307      
2600    0.00628    0.00139    0.00179    0.04769      0.10675      0.00310      0.56024      0.10742      0.00305      
2700    0.00623    0.00140    0.00179    0.04991      0.10734      0.00304      0.43904      0.10662      0.00308      
2800    0.00629    0.00140    0.00179    0.04650      0.10489      0.00310      0.70938      0.10557      0.00304      
2900    0.00625    0.00140    0.00180    0.04866      0.10454      0.00305      0.83771      0.10385      0.00303      
3000    0.00628    0.00140    0.00180    0.04842      0.10674      0.00308      0.08646      0.10736      0.00303      
3100    0.00625    0.00141    0.00180    0.04950      0.10475      0.00304      0.09856      0.10409      0.00304      
3200    0.00626    0.00141    0.00180    0.04661      0.10408      0.00305      0.05545      0.10476      0.00302      
3300    0.00627    0.00141    0.00181    0.05056      0.10765      0.00305      0.86773      0.10691      0.00300      
3400    0.00625    0.00141    0.00181    0.04766      0.10623      0.00303      0.64344      0.10682      0.00302      
3500    0.00622    0.00141    0.00181    0.04976      0.10903      0.00301      0.27025      0.10829      0.00303      
3600    0.00624    0.00141    0.00181    0.04612      0.10743      0.00303      0.14402      0.10810      0.00302      
3700    0.00626    0.00141    0.00181    0.05267      0.11120      0.00304      0.72345      0.11045      0.00303      
3800    0.00625    0.00141    0.00182    0.04870      0.10956      0.00302      0.19183      0.11021      0.00302      
3900    0.00626    0.00141    0.00182    0.05318      0.11322      0.00303      0.41671      0.11246      0.00302      
4000    0.00628    0.00142    0.00182    0.04751      0.11035      0.00303      0.14601      0.11106      0.00299      
4100    0.00622    0.00143    0.00183    0.04996      0.11168      0.00296      0.17866      0.11088      0.00300      
4200    0.00630    0.00143    0.00183    0.04911      0.11136      0.00304      0.29859      0.11205      0.00300      
4300    0.00625    0.00143    0.00183    0.05233      0.11279      0.00300      0.10180      0.11205      0.00299      
4400    0.00630    0.00143    0.00182    0.04796      0.11037      0.00305      0.27952      0.11108      0.00301      
4500    0.00632    0.00143    0.00183    0.05258      0.11451      0.00306      0.12995      0.11383      0.00306      
4600    0.00627    0.00142    0.00182    0.04861      0.11212      0.00302      0.10847      0.11284      0.00300      
4700    0.00629    0.00142    0.00182    0.05260      0.11290      0.00305      0.52612      0.11205      0.00301      
4800    0.00631    0.00143    0.00183    0.04638      0.11158      0.00306      0.78700      0.11228      0.00302      
4900    0.00630    0.00143    0.00183    0.04953      0.11079      0.00305      0.22087      0.11000      0.00304      
5000    0.00630    0.00143    0.00183    0.04568      0.10954      0.00304      0.32363      0.11027      0.00298      
5100    0.00627    0.00143    0.00182    0.04725      0.11025      0.00302      0.70231      0.10945      0.00300      
5200    0.00632    0.00143    0.00183    0.04533      0.10867      0.00306      0.25512      0.10940      0.00300      
5300    0.00628    0.00143    0.00182    0.04890      0.11067      0.00302      0.46542      0.10981      0.00299      
5400    0.00629    0.00142    0.00182    0.04507      0.10916      0.00305      0.11984      0.10990      0.00298      
5500    0.00628    0.00143    0.00183    0.04755      0.10930      0.00303      0.13234      0.10845      0.00298      
5600    0.00627    0.00143    0.00183    0.04387      0.10744      0.00302      1.45924      0.10820      0.00296      
5700    0.00631    0.00143    0.00183    0.04610      0.10823      0.00304      1.28046      0.10731      0.00298      
5800    0.00631    0.00142    0.00183    0.04260      0.10832      0.00306      0.75502      0.10910      0.00298      
5900    0.00628    0.00143    0.00184    0.04668      0.10861      0.00301      1.09698      0.10775      0.00297      
6000    0.00633    0.00143    0.00184    0.04088      0.10834      0.00306      1.53712      0.10910      0.00298      
6100    0.00628    0.00143    0.00184    0.04421      0.10887      0.00302      1.41774      0.10795      0.00296      
6200    0.00627    0.00143    0.00184    0.04165      0.10697      0.00301      1.12048      0.10770      0.00296      
6300    0.00628    0.00142    0.00183    0.04455      0.10910      0.00303      0.95734      0.10823      0.00295      
6400    0.00627    0.00142    0.00183    0.04017      0.10681      0.00302      1.54894      0.10750      0.00294      
6500    0.00628    0.00143    0.00183    0.04594      0.10975      0.00302      1.14827      0.10888      0.00295      
6600    0.00627    0.00143    0.00184    0.04105      0.10629      0.00300      0.36958      0.10705      0.00294      
6700    0.00623    0.00142    0.00183    0.04628      0.10957      0.00298      0.32871      0.10870      0.00294      
6800    0.00622    0.00142    0.00182    0.04341      0.10975      0.00298      0.43092      0.11044      0.00298      
6900    0.00628    0.00142    0.00183    0.04721      0.11004      0.00303      0.77460      0.10905      0.00296      
7000    0.00623    0.00142    0.00183    0.04457      0.10987      0.00299      0.30839      0.11062      0.00295      
7100    0.00624    0.00141    0.00182    0.04827      0.11121      0.00300      0.30009      0.11031      0.00294      
7200    0.00624    0.00142    0.00183    0.04437      0.10964      0.00299      0.32995      0.11040      0.00294      
7300    0.00624    0.00143    0.00184    0.04655      0.11111      0.00297      0.48425      0.11022      0.00297      
7400    0.00624    0.00143    0.00184    0.04283      0.11123      0.00297      0.13100      0.11192      0.00291      
7500    0.00626    0.00143    0.00183    0.04588      0.11187      0.00300      0.63960      0.11101      0.00292      
7600    0.00622    0.00142    0.00183    0.04197      0.11100      0.00297      0.06334      0.11166      0.00292      
7700    0.00628    0.00143    0.00183    0.04617      0.10957      0.00302      0.07194      0.10871      0.00292      
7800    0.00623    0.00143    0.00184    0.04089      0.11005      0.00296      0.72165      0.11076      0.00292      
7900    0.00624    0.00143    0.00184    0.04316      0.11170      0.00297      1.20453      0.11083      0.00292      
8000    0.00624    0.00143    0.00184    0.03981      0.10932      0.00297      1.52903      0.11006      0.00292      
8100    0.00625    0.00142    0.00184    0.04521      0.11120      0.00298      1.58089      0.11032      0.00294      
8200    0.00625    0.00142    0.00183    0.04131      0.10881      0.00299      1.78301      0.10944      0.00293      
8300    0.00618    0.00142    0.00183    0.04491      0.10968      0.00293      1.62770      0.10878      0.00291      
8400    0.00622    0.00142    0.00183    0.03920      0.10773      0.00296      0.81941      0.10836      0.00293      
8500    0.00622    0.00143    0.00184    0.04184      0.10952      0.00295      0.63987      0.10859      0.00291      
8600    0.00625    0.00143    0.00184    0.03897      0.10880      0.00298      0.11979      0.10938      0.00290      
8700    0.00620    0.00142    0.00184    0.04224      0.10931      0.00294      0.65108      0.10839      0.00289      
8800    0.00622    0.00142    0.00183    0.03636      0.10679      0.00298      0.03809      0.10736      0.00291      
8900    0.00618    0.00142    0.00183    0.04013      0.11037      0.00293      0.20828      0.10955      0.00290      
9000    0.00625    0.00142    0.00184    0.03660      0.10786      0.00299      0.16530      0.10838      0.00289      
9100    0.00615    0.00142    0.00183    0.03987      0.11011      0.00290      0.28496      0.10919      0.00289      
9200    0.00623    0.00141    0.00183    0.03735      0.10787      0.00299      0.57392      0.10841      0.00290      
9300    0.00616    0.00142    0.00183    0.04063      0.10968      0.00292      0.05212      0.10884      0.00290      
9400    0.00621    0.00142    0.00183    0.03616      0.10576      0.00295      0.32929      0.10646      0.00288      
9500    0.00616    0.00141    0.00183    0.03953      0.10756      0.00292      0.70187      0.10650      0.00288      
9600    0.00619    0.00141    0.00183    0.03486      0.10594      0.00296      0.34943      0.10666      0.00288      
9700    0.00616    0.00142    0.00183    0.03920      0.10763      0.00291      1.03329      0.10661      0.00286      
9800    0.00623    0.00142    0.00183    0.03467      0.10453      0.00298      1.44850      0.10524      0.00288      
9900    0.00618    0.00142    0.00182    0.04031      0.10651      0.00294      1.58466      0.10549      0.00287      
10000   0.00620    0.00142    0.00183    0.03520      0.10513      0.00294      1.34301      0.10588      0.00289      
10100   0.00618    0.00142    0.00183    0.04046      0.10757      0.00293      2.07416      0.10663      0.00288      
10200   0.00621    0.00142    0.00183    0.03569      0.10683      0.00296      1.54480      0.10748      0.00286      
10300   0.00615    0.00141    0.00182    0.04065      0.10992      0.00292      1.41600      0.10902      0.00285      
10400   0.00615    0.00142    0.00182    0.03655      0.10861      0.00291      1.49268      0.10926      0.00284      
10500   0.00611    0.00141    0.00182    0.04007      0.10722      0.00288      1.05944      0.10632      0.00287      
10600   0.00617    0.00141    0.00182    0.03633      0.10699      0.00294      1.45330      0.10753      0.00285      
10700   0.00614    0.00141    0.00182    0.03874      0.10869      0.00291      0.90456      0.10788      0.00285      
10800   0.00616    0.00141    0.00182    0.03475      0.10606      0.00292      1.56886      0.10660      0.00286      
10900   0.00614    0.00142    0.00182    0.03871      0.10841      0.00290      1.52259      0.10760      0.00284      
11000   0.00614    0.00141    0.00182    0.03567      0.10717      0.00291      1.52356      0.10770      0.00284      
11100   0.00615    0.00142    0.00182    0.04132      0.10955      0.00290      1.92138      0.10880      0.00286      
11200   0.00617    0.00142    0.00182    0.03577      0.10666      0.00293      1.60213      0.10723      0.00289      
11300   0.00613    0.00142    0.00183    0.03994      0.10914      0.00289      1.75650      0.10845      0.00285      
11400   0.00617    0.00142    0.00182    0.03531      0.10822      0.00293      2.06953      0.10877      0.00284      
11500   0.00612    0.00141    0.00181    0.03728      0.10829      0.00289      1.28675      0.10754      0.00285      
11600   0.00612    0.00141    0.00181    0.03415      0.10959      0.00290      1.07932      0.11018      0.00285      
11700   0.00612    0.00141    0.00181    0.03922      0.10901      0.00290      0.70031      0.10827      0.00285      
11800   0.00610    0.00141    0.00181    0.03405      0.10988      0.00288      1.03687      0.11042      0.00285      
11900   0.00611    0.00141    0.00182    0.03917      0.11004      0.00288      0.58518      0.10932      0.00282      
12000   0.00613    0.00142    0.00182    0.03386      0.10923      0.00289      0.89212      0.10980      0.00285      
12100   0.00614    0.00141    0.00182    0.03768      0.11162      0.00291      0.38038      0.11080      0.00284      
12200   0.00612    0.00141    0.00181    0.03293      0.10872      0.00290      0.24195      0.10923      0.00285      
12300   0.00612    0.00141    0.00181    0.03842      0.10934      0.00290      0.03958      0.10856      0.00283      
12400   0.00611    0.00140    0.00181    0.03342      0.10777      0.00290      0.03604      0.10828      0.00287      
12500   0.00608    0.00140    0.00180    0.03778      0.10684      0.00287      0.09214      0.10605      0.00284      
12600   0.00608    0.00141    0.00181    0.03380      0.10668      0.00286      0.52068      0.10720      0.00283      
12700   0.00606    0.00140    0.00180    0.03876      0.10905      0.00286      0.25256      0.10827      0.00284      
12800   0.00607    0.00140    0.00180    0.03339      0.10727      0.00287      0.29550      0.10779      0.00283      
12900   0.00606    0.00140    0.00180    0.03776      0.10726      0.00285      0.30222      0.10643      0.00285      
13000   0.00605    0.00140    0.00180    0.03310      0.10706      0.00285      0.62539      0.10764      0.00283      
13100   0.00602    0.00140    0.00179    0.03726      0.10909      0.00282      1.21432      0.10823      0.00284      
13200   0.00601    0.00139    0.00179    0.03347      0.10869      0.00283      0.44926      0.10921      0.00283      
13300   0.00605    0.00139    0.00179    0.03619      0.10928      0.00287      0.67930      0.10849      0.00282      
13400   0.00603    0.00139    0.00179    0.03296      0.10889      0.00286      0.57684      0.10948      0.00283      
13500   0.00604    0.00138    0.00178    0.03683      0.11207      0.00288      0.23202      0.11133      0.00283      
13600   0.00601    0.00138    0.00178    0.03315      0.10769      0.00284      0.39280      0.10828      0.00284      
13700   0.00603    0.00138    0.00178    0.03748      0.10850      0.00287      0.58715      0.10771      0.00282      
13800   0.00602    0.00138    0.00178    0.03229      0.10960      0.00286      0.09744      0.11017      0.00283      
13900   0.00606    0.00139    0.00179    0.03720      0.10957      0.00288      0.43643      0.10878      0.00283      
14000   0.00603    0.00139    0.00179    0.03284      0.10728      0.00285      0.06866      0.10784      0.00282      
14100   0.00605    0.00139    0.00179    0.03772      0.10838      0.00286      0.43478      0.10768      0.00283      
14200   0.00601    0.00139    0.00179    0.03313      0.10874      0.00282      0.52779      0.10925      0.00283      
14300   0.00605    0.00138    0.00178    0.03624      0.11063      0.00288      0.63793      0.10992      0.00283      
14400   0.00601    0.00138    0.00178    0.03349      0.10937      0.00285      0.96438      0.10994      0.00281      
14500   0.00603    0.00138    0.00178    0.03713      0.11119      0.00287      0.08189      0.11047      0.00279      
14600   0.00598    0.00137    0.00178    0.03281      0.10915      0.00282      0.84764      0.10975      0.00279      
14700   0.00600    0.00137    0.00178    0.03775      0.10961      0.00286      1.04623      0.10888      0.00281      
14800   0.00596    0.00137    0.00177    0.03282      0.10827      0.00283      0.90443      0.10892      0.00281      
14900   0.00598    0.00136    0.00177    0.03575      0.10895      0.00285      1.53119      0.10822      0.00282      
15000   0.00595    0.00135    0.00176    0.03259      0.10648      0.00283      0.43786      0.10711      0.00281      
15100   0.00599    0.00136    0.00176    0.03457      0.10871      0.00286      0.49092      0.10797      0.00282      
15200   0.00600    0.00137    0.00177    0.03233      0.10798      0.00286      0.17006      0.10863      0.00281      
15300   0.00598    0.00137    0.00177    0.03675      0.10899      0.00284      0.07776      0.10831      0.00280      
15400   0.00598    0.00137    0.00177    0.03225      0.10590      0.00285      0.64544      0.10660      0.00283      
15500   0.00601    0.00137    0.00177    0.03619      0.10883      0.00287      0.71686      0.10811      0.00281      
15600   0.00600    0.00137    0.00178    0.03400      0.10681      0.00284      0.33977      0.10750      0.00281      
15700   0.00601    0.00137    0.00178    0.03848      0.10698      0.00287      0.22472      0.10630      0.00283      
15800   0.00597    0.00137    0.00177    0.03576      0.10596      0.00283      0.36852      0.10665      0.00281      
15900   0.00599    0.00137    0.00178    0.03846      0.10656      0.00284      0.91892      0.10586      0.00280      
16000   0.00599    0.00137    0.00177    0.03468      0.10411      0.00284      0.92534      0.10478      0.00280      
16100   0.00599    0.00137    0.00177    0.03882      0.10662      0.00285      0.04856      0.10593      0.00280      
16200   0.00600    0.00137    0.00177    0.03479      0.10566      0.00286      0.08234      0.10634      0.00280      
16300   0.00598    0.00137    0.00178    0.03794      0.10517      0.00284      0.15133      0.10442      0.00279      
16400   0.00599    0.00137    0.00178    0.03494      0.10471      0.00284      0.63217      0.10539      0.00280      
16500   0.00598    0.00137    0.00178    0.03855      0.10675      0.00283      0.75399      0.10601      0.00279      
16600   0.00601    0.00137    0.00178    0.03589      0.10327      0.00286      0.55746      0.10396      0.00279      
16700   0.00597    0.00137    0.00178    0.03996      0.10609      0.00282      0.43292      0.10528      0.00280      
16800   0.00600    0.00137    0.00177    0.03580      0.10376      0.00286      0.30475      0.10440      0.00281      
16900   0.00598    0.00137    0.00178    0.03989      0.10554      0.00283      0.50982      0.10479      0.00278      
17000   0.00599    0.00137    0.00177    0.03624      0.10413      0.00285      0.37020      0.10482      0.00280      
17100   0.00594    0.00137    0.00177    0.04129      0.10464      0.00280      0.10395      0.10389      0.00280      
17200   0.00596    0.00137    0.00178    0.03730      0.10313      0.00281      0.58800      0.10375      0.00279      
17300   0.00597    0.00137    0.00177    0.04133      0.10498      0.00283      0.13701      0.10430      0.00280      
17400   0.00595    0.00137    0.00177    0.03606      0.10331      0.00280      0.97298      0.10391      0.00278      
17500   0.00594    0.00137    0.00177    0.04017      0.10472      0.00280      1.13315      0.10402      0.00278      
17600   0.00593    0.00137    0.00177    0.03707      0.10417      0.00280      0.34334      0.10473      0.00277      
17700   0.00595    0.00137    0.00177    0.04098      0.10483      0.00281      0.84914      0.10409      0.00277      
17800   0.00593    0.00136    0.00177    0.03631      0.10282      0.00280      0.82732      0.10339      0.00276      
17900   0.00595    0.00136    0.00177    0.03998      0.10534      0.00282      0.32988      0.10460      0.00278      
18000   0.00594    0.00136    0.00176    0.03533      0.10483      0.00282      0.29556      0.10538      0.00278      
18100   0.00592    0.00135    0.00176    0.04047      0.10488      0.00281      0.45102      0.10415      0.00278      
18200   0.00591    0.00135    0.00176    0.03593      0.10487      0.00281      0.94987      0.10540      0.00276      
18300   0.00595    0.00136    0.00177    0.04134      0.10584      0.00283      1.08068      0.10512      0.00277      
18400   0.00593    0.00136    0.00177    0.03746      0.10529      0.00281      0.74060      0.10588      0.00278      
18500   0.00594    0.00136    0.00176    0.04229      0.10643      0.00282      0.72447      0.10576      0.00277      
18600   0.00586    0.00135    0.00176    0.03912      0.10631      0.00275      0.22354      0.10684      0.00276      
18700   0.00593    0.00136    0.00176    0.04333      0.10646      0.00281      1.10851      0.10575      0.00277      
18800   0.00589    0.00136    0.00176    0.03847      0.10453      0.00277      0.74591      0.10512      0.00276      
18900   0.00597    0.00136    0.00176    0.04206      0.10598      0.00285      0.32490      0.10529      0.00278      
19000   0.00587    0.00136    0.00176    0.03703      0.10405      0.00276      0.48246      0.10467      0.00277      
19100   0.00595    0.00135    0.00176    0.04287      0.10672      0.00284      0.12366      0.10602      0.00279      
19200   0.00588    0.00135    0.00176    0.03864      0.10389      0.00277      0.31652      0.10454      0.00275      
19300   0.00593    0.00135    0.00176    0.04305      0.10771      0.00281      0.52619      0.10707      0.00275      
19400   0.00590    0.00136    0.00176    0.03757      0.10687      0.00278      0.12229      0.10750      0.00275      
19500   0.00593    0.00136    0.00177    0.04385      0.10748      0.00280      0.36904      0.10679      0.00276      
19600   0.00588    0.00136    0.00176    0.03836      0.10530      0.00275      0.04222      0.10589      0.00277      
19700   0.00593    0.00136    0.00176    0.04193      0.10706      0.00281      0.06222      0.10633      0.00276      
19800   0.00586    0.00136    0.00176    0.03643      0.10529      0.00274      0.11852      0.10590      0.00276      
19900   0.00593    0.00135    0.00176    0.04127      0.10644      0.00283      0.10165      0.10573      0.00274      
20000   0.00586    0.00135    0.00175    0.03685      0.10418      0.00275      0.16397      0.10477      0.00275      
20100   0.00590    0.00135    0.00175    0.04261      0.10572      0.00281      0.04647      0.10498      0.00275      
20200   0.00586    0.00135    0.00175    0.03855      0.10428      0.00277      0.24943      0.10485      0.00277      
20300   0.00588    0.00134    0.00174    0.04239      0.10552      0.00280      0.56095      0.10473      0.00274      
20400   0.00585    0.00134    0.00174    0.03885      0.10304      0.00277      0.07942      0.10366      0.00274      
20500   0.00586    0.00133    0.00174    0.04325      0.10476      0.00279      0.34707      0.10394      0.00274      
20600   0.00583    0.00133    0.00173    0.03775      0.10231      0.00277      0.37179      0.10288      0.00276      
20700   0.00585    0.00133    0.00173    0.04181      0.10449      0.00280      0.27347      0.10379      0.00275      
100     0.00575    0.00131    0.00171    0.03842      0.10334      0.00273      0.26160      0.10334      0.00273      
200     0.00570    0.00129    0.00169    0.03589      0.10337      0.00272      0.19352      0.10337      0.00272      
300     0.00565    0.00127    0.00167    0.03776      0.10405      0.00271      0.49962      0.10405      0.00271      
400     0.00564    0.00126    0.00167    0.03849      0.10466      0.00272      0.34782      0.10466      0.00272      
500     0.00561    0.00125    0.00166    0.04082      0.10692      0.00271      0.40683      0.10692      0.00271      
600     0.00560    0.00125    0.00166    0.04035      0.10710      0.00270      0.04242      0.10710      0.00270      
100     0.00557    0.00123    0.00164    0.04064      0.10556      0.00270      0.09481      0.10556      0.00270      
200     0.00557    0.00123    0.00164    0.03913      0.10546      0.00270      0.17029      0.10546      0.00270      
300     0.00555    0.00123    0.00164    0.03838      0.10611      0.00269      0.22624      0.10611      0.00269      
400     0.00554    0.00122    0.00163    0.03758      0.10590      0.00269      0.23748      0.10590      0.00269      
500     0.00552    0.00121    0.00162    0.03720      0.10488      0.00269      0.10297      0.10488      0.00269      
600     0.00549    0.00120    0.00162    0.03695      0.10531      0.00268      0.21372      0.10531      0.00268      
700     0.00548    0.00120    0.00161    0.03606      0.10618      0.00267      0.09155      0.10618      0.00267      
800     0.00547    0.00119    0.00160    0.03534      0.10663      0.00268      0.51393      0.10663      0.00268      
900     0.00546    0.00118    0.00160    0.03586      0.10618      0.00268      0.09346      0.10618      0.00268      
1000    0.00543    0.00117    0.00159    0.03544      0.10646      0.00267      0.62329      0.10646      0.00267      
