    1.5629848524e+03    1.6162531892e+03   -3.4976483654e+04    3.4129931007e+00    3.3143951545e+00    3.3216587515e+00   -8.6295265265e-02   -2.3580795651e-02   -5.5761212937e-04    5.4391468158e+01    5.4391468158e+01    5.4391468158e+01
    1.8972604803e+03    1.9619213183e+03   -3.4609325557e+04    3.0709217551e+00    3.0682024569e+00    3.0109527240e+00    1.9334634288e-02   -4.3892681836e-02   -4.8698192106e-02    5.4488060733e+01    5.4488060733e+01    5.4488060733e+01
    2.0408286989e+03    2.1103825083e+03   -3.4244440658e+04    2.5628673559e+00    2.6107123489e+00    2.6139158298e+00    7.8341984961e-02   -1.9168025119e-02    8.1964990659e-02    5.4572981050e+01    5.4572981050e+01    5.4572981050e+01
    2.1351033484e+03    2.2078701473e+03   -3.3940579161e+04    2.2566746279e+00    2.0927566136e+00    2.1711349557e+00    1.6688238602e-01   -8.5713269560e-02    3.6493798652e-02    5.4656947115e+01    5.4656947115e+01    5.4656947115e+01
    2.1129870286e+03    2.1850000776e+03   -3.3525918473e+04    1.6093196585e+00    1.5676568383e+00    1.5668833023e+00    5.3305830286e-02   -2.4916298728e-02    5.0956778184e-03    5.4735049615e+01    5.4735049615e+01    5.4735049615e+01
    2.0700109867e+03    2.1405593623e+03   -3.3062609820e+04    1.0874578580e+00    1.0119425127e+00    9.7750772588e-01   -1.3097369087e-01    3.3800789235e-02    3.5145469376e-02    5.4766622189e+01    5.4766622189e+01    5.4766622189e+01
    1.9685538498e+03    2.0356444485e+03   -3.2452933186e+04    3.0507807073e-01    2.1506034697e-01    2.4719359383e-01    8.8115911843e-02   -4.8701915196e-02    3.0957352997e-02    5.4785255789e+01    5.4785255789e+01    5.4785255789e+01
    1.9404480823e+03    2.0065808039e+03   -3.1826485553e+04   -2.2553397195e-01   -2.2239735199e-01   -1.2237608982e-01   -7.3361701061e-02    2.5858900919e-02   -2.9168897156e-02    5.4788684218e+01    5.4788684218e+01    5.4788684218e+01
    2.0069244068e+03    2.0753227186e+03   -3.1377815283e+04   -4.6749526036e-01   -4.4252609395e-01   -5.2028727713e-01    1.1467195522e-01    1.4298827210e-02    5.5401623477e-02    5.4788824524e+01    5.4788824524e+01    5.4788824524e+01
    2.1884790093e+03    2.2630649126e+03   -3.1130167343e+04   -3.8058103647e-01   -4.4944465691e-01   -4.5139980870e-01   -2.2965211097e-02    1.8247345754e-02    8.1746842735e-02    5.4786593381e+01    5.4786593381e+01    5.4786593381e+01
    2.3224571331e+03    2.4016091663e+03   -3.1014817353e+04   -6.8068069563e-02   -2.7602100343e-01   -2.8419095044e-01   -1.7626773921e-02   -1.7804657665e-01    6.7950362406e-02    5.4763187255e+01    5.4763187255e+01    5.4763187255e+01
    2.3743841080e+03    2.4553058727e+03   -3.0954705599e+04   -1.0494618316e-01    5.1550785125e-02   -7.0121979877e-03    5.8225093117e-02   -5.5527368524e-02    2.8738068225e-02    5.4735045436e+01    5.4735045436e+01    5.4735045436e+01
    2.4321687659e+03    2.5150598988e+03   -3.0931231899e+04   -1.8237684700e-01   -9.4844905159e-02   -1.8085994966e-03    3.1106755771e-02    2.8524519926e-02    2.1496117132e-02    5.4723567452e+01    5.4723567452e+01    5.4723567452e+01
    2.4438582306e+03    2.5271477540e+03   -3.0947012532e+04    1.4759828060e-01   -1.0098936386e-01   -1.1300325224e-02    7.6795979748e-02    2.4268348522e-02    3.6740923959e-02    5.4690690237e+01    5.4690690237e+01    5.4690690237e+01
    2.4615036117e+03    2.5453945102e+03   -3.0923263638e+04    1.6352958335e-01    2.2911708427e-02    9.7731548525e-03    5.0535527444e-02   -1.0291495021e-02   -1.4038619089e-02    5.4685225985e+01    5.4685225985e+01    5.4685225985e+01
    2.4676217772e+03    2.5517211898e+03   -3.0911281298e+04    1.9415764012e-01    1.9701805019e-01    1.9619160617e-01    9.1156042676e-02    3.7691954401e-03    4.8469198214e-03    5.4684975289e+01    5.4684975289e+01    5.4684975289e+01
    2.4733949678e+03    2.5576911375e+03   -3.0866296483e+04    9.1719801965e-02    2.2365462733e-01    3.0995720628e-01   -3.6769752477e-02    7.8191504571e-02   -6.0288600226e-03    5.4673909281e+01    5.4673909281e+01    5.4673909281e+01
    2.5032427229e+03    2.5885561387e+03   -3.0879333850e+04    1.5178883577e-01    1.8881374098e-01    2.1541712442e-01    1.0830598253e-01   -1.8069338441e-02   -4.0938548703e-03    5.4674605581e+01    5.4674605581e+01    5.4674605581e+01
    2.5313146476e+03    2.6175847871e+03   -3.0908460686e+04    5.6643386948e-02    1.8252766229e-01    2.3468469835e-01   -7.0529157067e-03    4.8281782063e-02    3.7682144082e-02    5.4666741008e+01    5.4666741008e+01    5.4666741008e+01
    2.5051992794e+03    2.5905793768e+03   -3.0904103460e+04   -1.6385492430e-03    4.2786445492e-02   -9.5648869040e-02    4.0945589185e-03    7.1188086267e-02   -4.0452026752e-02    5.4652797012e+01    5.4652797012e+01    5.4652797012e+01
    2.5102805825e+03    2.5958338567e+03   -3.0905907485e+04   -2.7670268399e-02    6.3970296269e-02    6.2868518436e-02    3.4697851804e-02   -1.0962723994e-02    5.2104643192e-02    5.4656418126e+01    5.4656418126e+01    5.4656418126e+01
    2.4582127111e+03    2.5419914518e+03   -3.0885353213e+04   -7.9918853661e-02    1.3328679326e-01    1.2600426403e-01    8.2338448946e-02   -1.5059689139e-02    8.3070481559e-02    5.4659784015e+01    5.4659784015e+01    5.4659784015e+01
    2.4880931719e+03    2.5728902734e+03   -3.0887397585e+04    2.3227340729e-01    1.2318864667e-01    1.2572685918e-01   -1.0054518280e-01   -1.3569576579e-01    9.6658016944e-03    5.4649808939e+01    5.4649808939e+01    5.4649808939e+01
    2.4841306383e+03    2.5687926920e+03   -3.0874615784e+04    2.3191965620e-01    9.5892403975e-02    1.7101619194e-01   -6.2136667915e-02   -1.5632081551e-02    8.0506094747e-05    5.4650297267e+01    5.4650297267e+01    5.4650297267e+01
    2.4743451490e+03    2.5586737020e+03   -3.0864397756e+04    2.8476932860e-02    2.2304206306e-01    1.3889914281e-01   -9.9977222501e-03    1.6619239915e-02    3.9003494117e-02    5.4661788352e+01    5.4661788352e+01    5.4661788352e+01
    2.5042052150e+03    2.5895514336e+03   -3.0907110033e+04   -6.2967599600e-03    2.5797827008e-01    2.1413513591e-01    7.1632089732e-02   -7.4159344318e-02    7.7767010788e-02    5.4657879165e+01    5.4657879165e+01    5.4657879165e+01
    2.4735488444e+03    2.5578502583e+03   -3.0919578872e+04    6.3474617770e-02   -4.7874813101e-02   -1.5943463685e-01    1.1938794489e-01    4.5954840943e-02    2.0452134668e-02    5.4640105083e+01    5.4640105083e+01    5.4640105083e+01
    2.5158902549e+03    2.6016347132e+03   -3.0933888603e+04   -9.0641085115e-02   -3.4290367724e-02   -4.1748614616e-02   -3.4526529200e-02    1.2357042691e-01    6.8554970592e-02    5.4641223006e+01    5.4641223006e+01    5.4641223006e+01
    2.4720824998e+03    2.5563339390e+03   -3.0901754769e+04   -9.2759272981e-02   -7.7930323068e-02    3.0040460185e-02   -2.0266647037e-02   -2.2547813887e-02   -3.8445169370e-03    5.4630422769e+01    5.4630422769e+01    5.4630422769e+01
    2.4796460987e+03    2.5641553141e+03   -3.0879259081e+04    2.2081747611e-01    1.7772544392e-01    1.3092155432e-01   -2.3382219846e-02   -4.8511936571e-02   -1.2644309361e-02    5.4616184867e+01    5.4616184867e+01    5.4616184867e+01
    2.4905321425e+03    2.5754123669e+03   -3.0884883327e+04    5.3367281438e-01    3.1083672723e-01    3.6684280284e-01    1.5599334079e-02    1.9560898859e-02   -4.5569048766e-02    5.4611053636e+01    5.4611053636e+01    5.4611053636e+01
    2.4923636671e+03    2.5773063120e+03   -3.0881895722e+04    1.1736956034e-01    2.3933165619e-01    1.6886734976e-01    9.4412184333e-02   -4.6354986993e-02    8.8904545694e-03    5.4608005678e+01    5.4608005678e+01    5.4608005678e+01
    2.4769738089e+03    2.5613919496e+03   -3.0890281316e+04    3.5094149845e-01    2.4094812658e-01    2.1134784070e-01    1.1659806919e-02   -4.1889673875e-04   -3.0471541192e-02    5.4624400836e+01    5.4624400836e+01    5.4624400836e+01
    2.4645976685e+03    2.5485940160e+03   -3.0914547414e+04    1.6036812916e-01    2.7993561252e-01    3.2240759764e-01   -9.6722943806e-02   -9.3463510784e-02   -5.0345023502e-02    5.4629678102e+01    5.4629678102e+01    5.4629678102e+01
    2.4504260887e+03    2.5339394523e+03   -3.0939441607e+04    1.5337159310e-01    1.6512260501e-01    3.3618607197e-02   -9.9015710846e-03   -1.1809138296e-01   -7.0793588343e-02    5.4600121586e+01    5.4600121586e+01    5.4600121586e+01
    2.4770998360e+03    2.5615222719e+03   -3.0906308516e+04    1.8468032401e-01    2.8946865716e-01    3.7396764167e-01    1.8999172926e-02    1.0457842815e-01    4.7841362255e-02    5.4598601984e+01    5.4598601984e+01    5.4598601984e+01
    2.5278985621e+03    2.6140522775e+03   -3.0916852515e+04    1.5599593522e-01    1.6462575478e-01    1.6542234297e-01   -7.4311400929e-03   -9.1544823521e-03   -2.3959795564e-02    5.4637831497e+01    5.4637831497e+01    5.4637831497e+01
    2.4890217413e+03    2.5738504895e+03   -3.0874728338e+04    1.6865050862e-01    2.0769702106e-01    2.1790500401e-01    9.1728434260e-02    1.8439022484e-02    1.5285076626e-01    5.4647617906e+01    5.4647617906e+01    5.4647617906e+01
    2.5336645239e+03    2.6200147499e+03   -3.0929919847e+04    2.2325609128e-01    9.4382178939e-02    8.2495581304e-02    8.1427910985e-02    4.9326981311e-02    2.9474302647e-02    5.4659689300e+01    5.4659689300e+01    5.4659689300e+01
    2.5132236239e+03    2.5988772003e+03   -3.0872643347e+04    2.2664640712e-01    5.4398227071e-02    1.3780996435e-01   -3.3799211055e-02   -5.1684227468e-02   -8.7287035014e-02    5.4696063005e+01    5.4696063005e+01    5.4696063005e+01
    2.5038975724e+03    2.5892333062e+03   -3.0893327452e+04    4.1610804234e-02    5.3909304278e-02    5.4362540325e-02   -1.2389638339e-02    4.0880938753e-02    3.3927632366e-03    5.4661961492e+01    5.4661961492e+01    5.4661961492e+01
    2.5201858186e+03    2.6060766747e+03   -3.0880908608e+04    2.8448710215e-01    1.8910221794e-01    6.5459669019e-02   -8.7872436152e-02   -1.3874748177e-03   -1.1298451496e-01    5.4676581923e+01    5.4676581923e+01    5.4676581923e+01
    2.5329931257e+03    2.6193204697e+03   -3.0884367201e+04    8.5140659596e-02    1.1131578979e-01    1.0999244879e-01   -3.7228748636e-02   -3.4112713023e-02    2.5526330784e-02    5.4694946164e+01    5.4694946164e+01    5.4694946164e+01
    2.4979369568e+03    2.5830695459e+03   -3.0873649367e+04    1.0048912739e-01   -2.4473966128e-04    3.3942756552e-01    8.0791556221e-03   -3.3928801502e-02   -2.6157635335e-02    5.4700987308e+01    5.4700987308e+01    5.4700987308e+01
    2.5165757232e+03    2.6023435430e+03   -3.0866189448e+04    1.7323191137e-01    6.8042468122e-02   -9.0404442395e-02   -2.2046703257e-02    3.1510843693e-02    9.3232211235e-03    5.4709561264e+01    5.4709561264e+01    5.4709561264e+01
    2.4794560138e+03    2.5639587509e+03   -3.0877846428e+04    1.6200733552e-02    1.2594662655e-01    1.6809424608e-01   -6.6403087100e-02    6.0408724657e-02    1.1581126712e-01    5.4693287045e+01    5.4693287045e+01    5.4693287045e+01
    2.5062220682e+03    2.5916370235e+03   -3.0862728775e+04   -5.8120679214e-03   -5.5883894178e-02    4.3567868986e-02   -2.9182415288e-02   -1.2009873451e-01   -6.4679179041e-02    5.4686980375e+01    5.4686980375e+01    5.4686980375e+01
    2.5269522915e+03    2.6130737569e+03   -3.0872651644e+04    8.9902369301e-02    3.1689606187e-01   -4.2522145696e-02    9.7972767888e-02   -2.8893839299e-02   -5.4593227197e-02    5.4679275529e+01    5.4679275529e+01    5.4679275529e+01
    2.4740443028e+03    2.5583626025e+03   -3.0880627353e+04    1.5425180221e-01    2.0233108520e-01    1.7336566987e-01    1.0114868764e-01    2.8213403620e-02    7.1906533770e-02    5.4661006124e+01    5.4661006124e+01    5.4661006124e+01
    2.4964350071e+03    2.5815164080e+03   -3.0882264807e+04    1.0997386232e-01    7.0690654256e-03   -6.4922816088e-02   -3.3294905167e-02   -1.3300979026e-02    1.3155299943e-01    5.4652298415e+01    5.4652298415e+01    5.4652298415e+01
    2.4635807637e+03    2.5475424538e+03   -3.0878856549e+04    2.3255702429e-01    2.0092222057e-01    1.0673905470e-01   -3.6361472559e-02    1.0596947839e-02   -7.3988790149e-02    5.4639479208e+01    5.4639479208e+01    5.4639479208e+01
    2.5067958175e+03    2.5922303269e+03   -3.0905801812e+04   -1.6029469120e-01    8.7406093026e-02   -9.0229887617e-02    9.0098307187e-02    8.0675150736e-02   -3.0481530980e-02    5.4646093018e+01    5.4646093018e+01    5.4646093018e+01
    2.5035121647e+03    2.5888347633e+03   -3.0900172521e+04    4.4248194354e-02    1.8999982213e-02    2.1873600381e-01   -4.4933411447e-02    5.3143157941e-02   -7.7793263018e-02    5.4643660840e+01    5.4643660840e+01    5.4643660840e+01
    2.4758640821e+03    2.5602444020e+03   -3.0871404984e+04    2.3822672437e-01    2.9470672127e-01    1.9115987390e-01   -1.3416919582e-01    3.9158679130e-02   -5.4125334984e-02    5.4630602297e+01    5.4630602297e+01    5.4630602297e+01
    2.5063514619e+03    2.5917708271e+03   -3.0900475974e+04   -3.8781376130e-02    1.2066702868e-01   -5.3764595525e-02   -5.3304010922e-02    3.0126589838e-02   -7.6468402640e-03    5.4662098876e+01    5.4662098876e+01    5.4662098876e+01
    2.4893602748e+03    2.5742005606e+03   -3.0928332370e+04    1.3692801915e-01    2.0528239543e-01    2.2385375517e-01   -8.5326346037e-02    7.0438086730e-02    3.5842378215e-02    5.4632261761e+01    5.4632261761e+01    5.4632261761e+01
    2.4769855384e+03    2.5614040789e+03   -3.0888180621e+04    3.4747137789e-01    5.5538761605e-01    2.9885106824e-01   -7.9858497447e-03   -7.9110953783e-02   -2.5548927187e-02    5.4639865355e+01    5.4639865355e+01    5.4639865355e+01
    2.5080183378e+03    2.5934945121e+03   -3.0904429023e+04    1.7298846118e-01   -1.2291897809e-02    1.1680955352e-01    6.4009631573e-02   -1.9239705623e-02    5.8462207733e-02    5.4671802514e+01    5.4671802514e+01    5.4671802514e+01
    2.4876901245e+03    2.5724734897e+03   -3.0886061606e+04    2.5083481996e-04    1.9175324939e-02    2.6879068474e-02   -1.0695907198e-02   -3.7097015834e-02   -1.4832171266e-01    5.4672114539e+01    5.4672114539e+01    5.4672114539e+01
    2.5062947208e+03    2.5917121522e+03   -3.0899886821e+04    4.6380444503e-02   -1.1718569721e-02    8.7462756639e-02   -9.2056336944e-04    1.4915857742e-02   -3.8690299361e-02    5.4686174396e+01    5.4686174396e+01    5.4686174396e+01
    2.5196999503e+03    2.6055742475e+03   -3.0886612090e+04    8.5448886572e-02   -2.1799655018e-02   -1.5053336485e-01   -7.4587327021e-02   -7.9177596125e-02   -1.0647404555e-01    5.4711747460e+01    5.4711747460e+01    5.4711747460e+01
    2.5185535688e+03    2.6043887960e+03   -3.0871262326e+04    1.9492395314e-03   -2.2515651190e-03    1.5850449160e-01    6.8224696256e-02   -8.1125913592e-02    2.4601123172e-02    5.4706670451e+01    5.4706670451e+01    5.4706670451e+01
    2.4819731194e+03    2.5665616424e+03   -3.0879913600e+04    2.1349117784e-01    3.6099579548e-02    1.0822143229e-01    5.1043365476e-02    4.6179508275e-02   -2.2756660728e-02    5.4705867619e+01    5.4705867619e+01    5.4705867619e+01
    2.4836340134e+03    2.5682791416e+03   -3.0873366637e+04   -1.5816219135e-01    2.7062780465e-02    1.0906017093e-01   -7.4305572582e-02   -1.9778163922e-02   -7.2785630663e-02    5.4724930928e+01    5.4724930928e+01    5.4724930928e+01
    2.4953062099e+03    2.5803491401e+03   -3.0887350974e+04    1.2846800614e-01    4.2419271114e-02    6.0031278671e-02    9.9040889471e-02    1.0404332793e-01    2.0140392053e-02    5.4704403227e+01    5.4704403227e+01    5.4704403227e+01
    2.4688342044e+03    2.5529749379e+03   -3.0870583986e+04    1.5196649834e-01   -2.3302704345e-02   -1.1388109327e-01   -1.1806896853e-01   -8.2059578443e-02   -7.6071509357e-02    5.4700347733e+01    5.4700347733e+01    5.4700347733e+01
    2.4996322917e+03    2.5848226598e+03   -3.0873022214e+04    1.3417923877e-01    6.2739782575e-02    6.1044237674e-02    9.6963091142e-02    2.2201074937e-02   -6.5742915656e-03    5.4709487986e+01    5.4709487986e+01    5.4709487986e+01
    2.5076092616e+03    2.5930714941e+03   -3.0867413343e+04    1.5948433248e-02    1.7489957231e-01    2.7528697115e-02    1.2037141097e-02   -1.0109989740e-01    3.2067646420e-02    5.4724192508e+01    5.4724192508e+01    5.4724192508e+01
    2.4749213622e+03    2.5592695531e+03   -3.0847654141e+04   -4.7572654854e-02    1.1988081736e-01    2.8089277096e-01    6.0519965545e-02    3.1742302705e-02   -5.3206993283e-02    5.4725147102e+01    5.4725147102e+01    5.4725147102e+01
    2.5166551192e+03    2.6024256449e+03   -3.0865171814e+04    1.5420059583e-02   -6.6740525710e-04    8.3561526470e-02   -1.1262317804e-02    7.1363368922e-02   -1.5747397649e-02    5.4743916082e+01    5.4743916082e+01    5.4743916082e+01
    2.5168830274e+03    2.6026613205e+03   -3.0849509053e+04   -1.4114270219e-02   -1.0155178694e-01    6.1380707377e-02   -1.9507660701e-02   -1.2134174264e-01   -8.2613229948e-03    5.4766985392e+01    5.4766985392e+01    5.4766985392e+01
    2.5490063920e+03    2.6358794867e+03   -3.0875471602e+04    5.9969411845e-02   -2.9136892851e-02    8.0817527642e-02   -1.6159385607e-02    2.4077080435e-02    3.9915152267e-03    5.4755233134e+01    5.4755233134e+01    5.4755233134e+01
    2.4902640026e+03    2.5751350885e+03   -3.0864616452e+04   -5.0543328463e-02   -1.1139113849e-01    2.4785387441e-02    5.9978741322e-02    4.8520353885e-02    5.6669188615e-02    5.4764845336e+01    5.4764845336e+01    5.4764845336e+01
    2.4765942008e+03    2.5609994040e+03   -3.0875782273e+04   -6.1122190588e-02   -9.2655007955e-03    5.0071745207e-02    2.5696818983e-02   -1.2748031057e-01   -6.6742437445e-02    5.4735079160e+01    5.4735079160e+01    5.4735079160e+01
    2.4465970281e+03    2.5299798929e+03   -3.0847763687e+04    9.6845596402e-02    1.3361175819e-01    6.4074382899e-02   -1.4317628738e-02    1.6241406731e-02   -5.3637465208e-02    5.4737037430e+01    5.4737037430e+01    5.4737037430e+01
    2.4884026663e+03    2.5732103157e+03   -3.0874234389e+04    6.7738944750e-02    8.7824559237e-02    8.4255651277e-03   -2.4008776969e-02   -4.3261966140e-02    9.5450188333e-02    5.4733319364e+01    5.4733319364e+01    5.4733319364e+01
    2.4953046050e+03    2.5803474805e+03   -3.0860321150e+04    1.7570729609e-01   -2.6165493637e-02   -1.1935337674e-01    6.3293172262e-02    1.5228304528e-01    6.0048558763e-02    5.4735529025e+01    5.4735529025e+01    5.4735529025e+01
    2.4995969584e+03    2.5847861223e+03   -3.0861240001e+04    4.4487513206e-02    9.8546853498e-02    2.2738685419e-01   -1.1986794151e-02    9.6598108541e-02   -4.7466873256e-02    5.4736164660e+01    5.4736164660e+01    5.4736164660e+01
    2.5016809130e+03    2.5869411004e+03   -3.0881897218e+04   -9.7612218553e-03   -3.4086736569e-02    8.2007087136e-02   -7.0437563731e-02   -5.6745196235e-02   -5.0367050860e-02    5.4749212830e+01    5.4749212830e+01    5.4749212830e+01
    2.4651962820e+03    2.5492130309e+03   -3.0888684355e+04    6.6854666040e-03    2.9423799187e-02    2.3556492947e-01    8.1738667056e-03    5.1659965101e-02    3.3441946299e-02    5.4714232307e+01    5.4714232307e+01    5.4714232307e+01
    2.4906411799e+03    2.5755251205e+03   -3.0881879241e+04    1.1263399722e-02   -2.6981479703e-02   -4.2615750711e-02    3.5679049546e-02    2.5031915665e-02    8.1496017312e-02    5.4731889284e+01    5.4731889284e+01    5.4731889284e+01
    2.5360327600e+03    2.6224636982e+03   -3.0869919861e+04    1.1871623849e-01   -2.4740892071e-02   -2.1541247458e-01    4.2021180812e-02    3.9643833299e-02    1.3224532969e-01    5.4759804566e+01    5.4759804566e+01    5.4759804566e+01
    2.5231692954e+03    2.6091618319e+03   -3.0843929516e+04    1.7420161365e-03    1.8436840126e-01    1.3514638739e-01    4.0296842991e-02   -1.6515233288e-01   -1.8262092537e-02    5.4768663696e+01    5.4768663696e+01    5.4768663696e+01
    2.5074871353e+03    2.5929452056e+03   -3.0846893255e+04   -2.3206905062e-01   -1.3395904386e-01    3.0964900967e-02   -5.2075257724e-02   -2.7372493474e-02   -1.5492865159e-01    5.4771566832e+01    5.4771566832e+01    5.4771566832e+01
    2.4861562179e+03    2.5708873058e+03   -3.0859389893e+04   -6.9834885001e-02    7.7695041415e-03    3.5635891892e-02    3.3595942344e-02   -7.7450263228e-02    4.7483125799e-02    5.4767319793e+01    5.4767319793e+01    5.4767319793e+01
    2.5035580560e+03    2.5888822186e+03   -3.0856832227e+04   -7.5525873498e-02   -1.0804328891e-01    3.4416127409e-02    2.3273149166e-02   -7.2312155732e-02   -4.8421264923e-03    5.4781119726e+01    5.4781119726e+01    5.4781119726e+01
    2.5260945657e+03    2.6121867988e+03   -3.0852578755e+04    1.1776311964e-01    9.7328633007e-02    1.0489856620e-01   -1.4645329990e-01   -8.2679841433e-02    3.1659575266e-02    5.4785073453e+01    5.4785073453e+01    5.4785073453e+01
    2.4978954240e+03    2.5830265976e+03   -3.0855030986e+04    6.8022352558e-02    3.2700329498e-02    1.5847165593e-01    4.0418118390e-03   -3.6791947762e-02    6.9247716955e-03    5.4776853762e+01    5.4776853762e+01    5.4776853762e+01
    2.5136333633e+03    2.5993009042e+03   -3.0824855927e+04    1.9308754760e-01   -3.0475225368e-02    8.4964458074e-02   -9.7697345845e-02   -4.6707565747e-02   -2.3636452764e-02    5.4778624726e+01    5.4778624726e+01    5.4778624726e+01
    2.5227829137e+03    2.6087622819e+03   -3.0860123804e+04   -7.9117945034e-02    2.7165020492e-02   -1.8924672954e-02   -2.1200933500e-02   -3.8122101275e-02   -5.4969539834e-02    5.4781638930e+01    5.4781638930e+01    5.4781638930e+01
    2.4975395295e+03    2.5826585738e+03   -3.0848473258e+04    1.3337132427e-01    1.0395478274e-01    1.3615912901e-01    2.1896659395e-02    2.4404820067e-02    7.1186857235e-02    5.4760137204e+01    5.4760137204e+01    5.4760137204e+01
    2.4935073629e+03    2.5784889863e+03   -3.0848789501e+04   -1.3677134224e-01    1.2599278369e-01    9.3013293378e-02    6.1793770705e-03   -4.1602266840e-02    6.2982747426e-02    5.4757352706e+01    5.4757352706e+01    5.4757352706e+01
    2.4802703373e+03    2.5648008275e+03   -3.0854069445e+04   -2.2168947660e-01   -2.4773907780e-01   -2.7030452542e-01    2.8363234720e-02   -3.8221579090e-02   -2.1035566312e-01    5.4761861290e+01    5.4761861290e+01    5.4761861290e+01
    2.5047245324e+03    2.5900884499e+03   -3.0868286835e+04   -1.1817281122e-01    9.4754833270e-02    2.0024863636e-01   -1.4876028022e-02    5.8956166915e-02   -9.2542704096e-03    5.4759641868e+01    5.4759641868e+01    5.4759641868e+01
    2.5041977222e+03    2.5895436855e+03   -3.0858463211e+04   -1.1189345747e-01   -4.4598702247e-02   -1.0788520428e-02   -7.8201058335e-02   -2.7016702861e-02   -8.6767873472e-03    5.4777700887e+01    5.4777700887e+01    5.4777700887e+01
    2.4740120087e+03    2.5583292078e+03   -3.0835945874e+04    2.5589171406e-01   -1.3559806246e-01    7.8916401945e-02   -7.0141639353e-02   -5.5403483993e-02    7.1923542044e-02    5.4755903824e+01    5.4755903824e+01    5.4755903824e+01
    2.5148811539e+03    2.6005912209e+03   -3.0838190809e+04   -2.4243357343e-02    4.4936522317e-02   -5.7903305555e-02   -2.4248152172e-02    5.5181126314e-02    4.9691316530e-02    5.4778014431e+01    5.4778014431e+01    5.4778014431e+01
    2.5116489696e+03    2.5972488800e+03   -3.0870815509e+04   -1.1175198921e-01   -2.1480172151e-01   -8.9239948856e-02   -1.3880831002e-01   -2.9902645162e-03    6.8669867935e-02    5.4783881049e+01    5.4783881049e+01    5.4783881049e+01
    2.4746742621e+03    2.5590140316e+03   -3.0876129964e+04   -7.5926859395e-02    1.0984493190e-01   -8.3938295681e-03   -4.1089106379e-02   -2.5227474252e-02   -2.1100201445e-02    5.4748730309e+01    5.4748730309e+01    5.4748730309e+01
    2.5135859825e+03    2.5992519085e+03   -3.0882080116e+04    9.3701736012e-02    1.2265558899e-01    9.3732523565e-02    8.7138016059e-02   -9.2783665242e-02    8.0776093196e-02    5.4755845912e+01    5.4755845912e+01    5.4755845912e+01
    2.1727281394e+03    2.2467772348e+03   -3.1066578983e+04   -4.7802517823e-01   -5.8975665214e-01   -7.0207639420e-01   -2.9304209182e-02    5.5319802637e-02   -6.1231099090e-02    5.4699707230e+01    5.4699707230e+01    5.4699707230e+01
    1.9875690223e+03    2.0553076802e+03   -3.1188725517e+04   -8.2880750393e-01   -9.4620638524e-01   -8.7121172647e-01    1.9936551019e-02    9.2568060095e-02   -7.5962995856e-02    5.4650397735e+01    5.4650397735e+01    5.4650397735e+01
    1.9155096010e+03    1.9807923902e+03   -3.1288431127e+04   -9.9261739747e-01   -9.1670652583e-01   -9.9700983578e-01    9.4926474583e-02   -2.7283273738e-03    1.2527244657e-02    5.4603621390e+01    5.4603621390e+01    5.4603621390e+01
    1.8756165689e+03    1.9395397573e+03   -3.1351337177e+04   -9.2345279709e-01   -9.1464756212e-01   -9.6758036195e-01    5.3351184959e-02   -3.2292220360e-02    5.9885245463e-02    5.4562341088e+01    5.4562341088e+01    5.4562341088e+01
    1.8265225605e+03    1.8887725681e+03   -3.1359232567e+04   -1.0306754928e+00   -9.8177118154e-01   -8.3198470689e-01   -7.0997610477e-02    2.2426469130e-02   -4.4156573844e-02    5.4537982336e+01    5.4537982336e+01    5.4537982336e+01
    1.8102954285e+03    1.8719923967e+03   -3.1378517607e+04   -7.8168650011e-01   -8.3074405994e-01   -9.7071366684e-01   -1.2367116253e-01    1.4283517865e-02    6.1534682994e-03    5.4492673509e+01    5.4492673509e+01    5.4492673509e+01
    1.8041357623e+03    1.8656228018e+03   -3.1397989016e+04   -7.9761747973e-01   -1.0547649237e+00   -7.7887333887e-01    2.5302427667e-02   -2.8030457402e-02   -3.3957896691e-03    5.4456688030e+01    5.4456688030e+01    5.4456688030e+01
    1.8066555736e+03    1.8682284912e+03   -3.1401345096e+04   -7.0192110170e-01   -7.2633629408e-01   -7.4413984480e-01   -3.9425506866e-02    5.9517590589e-02    5.9868297801e-05    5.4428353988e+01    5.4428353988e+01    5.4428353988e+01
    1.7868579609e+03    1.8477561530e+03   -3.1426713128e+04   -6.4225863534e-01   -6.3125911899e-01   -7.2309146791e-01   -1.2926932137e-01   -4.6693160238e-03   -2.4405707150e-02    5.4412527407e+01    5.4412527407e+01    5.4412527407e+01
    1.8151054797e+03    1.8769663799e+03   -3.1440021378e+04   -7.6632271982e-01   -8.3069614361e-01   -8.9592384769e-01   -4.8380456239e-02   -4.4621603599e-03   -1.5736338356e-02    5.4395475994e+01    5.4395475994e+01    5.4395475994e+01
    1.8019799233e+03    1.8633934894e+03   -3.1438817457e+04   -7.1188364591e-01   -9.1746261406e-01   -8.8363561291e-01   -6.0522778906e-02   -2.1866071372e-03   -1.0368984274e-01    5.4355583162e+01    5.4355583162e+01    5.4355583162e+01
    1.7882872207e+03    1.8492341236e+03   -3.1464566366e+04   -8.1459660349e-01   -7.1816779896e-01   -6.7649734337e-01   -1.7367349373e-01    6.5611082816e-03    1.0725894447e-01    5.4305686916e+01    5.4305686916e+01    5.4305686916e+01
    1.7770131541e+03    1.8375758237e+03   -3.1460160371e+04   -6.6768081308e-01   -5.4246304639e-01   -3.4972090918e-01   -2.6365147397e-02   -5.8217584851e-02   -1.4995981820e-02    5.4274269911e+01    5.4274269911e+01    5.4274269911e+01
    1.7832847616e+03    1.8440611749e+03   -3.1505339586e+04   -4.9530429584e-01   -5.7327106380e-01   -5.5311292100e-01    5.5021090287e-02   -2.4342501058e-02   -5.8899362365e-02    5.4221799147e+01    5.4221799147e+01    5.4221799147e+01
    1.7892478032e+03    1.8502274438e+03   -3.1509340654e+04   -5.3225419407e-01   -3.6449843928e-01   -6.2588932990e-01    8.0271117497e-02   -4.1611700283e-02    1.2202855190e-01    5.4197213042e+01    5.4197213042e+01    5.4197213042e+01
    1.7800765708e+03    1.8407436452e+03   -3.1506147518e+04   -5.6633984193e-01   -5.1017803398e-01   -4.0314991643e-01    2.0234370152e-02   -7.2839266916e-02   -7.5247721245e-02    5.4173258540e+01    5.4173258540e+01    5.4173258540e+01
    1.7983860551e+03    1.8596771380e+03   -3.1497199582e+04   -3.4305942491e-01   -5.9451945450e-01   -3.3611380339e-01   -5.8207201319e-03   -2.9316200452e-02   -1.9960612559e-02    5.4144655474e+01    5.4144655474e+01    5.4144655474e+01
    1.8112386579e+03    1.8729677724e+03   -3.1501437950e+04   -5.2348565864e-01   -4.5966312487e-01   -5.6260714798e-01    9.6153392608e-02    6.9878670805e-02    2.5685868207e-02    5.4119437006e+01    5.4119437006e+01    5.4119437006e+01
    1.8029020476e+03    1.8643470408e+03   -3.1492144438e+04   -2.8800587656e-01   -2.0298276469e-01   -5.3391590655e-01    5.8183994835e-02    8.4915610805e-02    4.7024914823e-02    5.4092139376e+01    5.4092139376e+01    5.4092139376e+01
    1.7948391110e+03    1.8560093099e+03   -3.1501432953e+04   -4.7632097464e-01   -3.7249239994e-01   -4.1423456420e-01    9.1800858808e-02   -6.0060990045e-02   -7.5430612157e-02    5.4065888106e+01    5.4065888106e+01    5.4065888106e+01
    1.8006937166e+03    1.8620634473e+03   -3.1503154917e+04   -3.6780880765e-01   -5.1975904062e-01   -2.8479052016e-01   -7.8701627635e-02    1.0781354736e-01   -1.2952487854e-01    5.4046839679e+01    5.4046839679e+01    5.4046839679e+01
    1.7893671446e+03    1.8503508526e+03   -3.1523687494e+04   -3.1556140929e-01   -3.9789237098e-01   -2.4878026197e-01    1.1889995447e-01   -4.4682460416e-03   -9.5368506043e-02    5.4034364725e+01    5.4034364725e+01    5.4034364725e+01
    1.8121418004e+03    1.8739016951e+03   -3.1530005502e+04   -3.7011422180e-01   -3.1962139505e-01   -3.0584802346e-01    3.5456070336e-02    9.6954047835e-02    3.8529310709e-03    5.4009606856e+01    5.4009606856e+01    5.4009606856e+01
    1.8175338612e+03    1.8794775235e+03   -3.1544781391e+04   -3.3506244645e-01   -3.7804588724e-01   -4.3049878579e-01   -2.0911047616e-02    1.7747884257e-02   -1.3241427707e-01    5.3991360596e+01    5.3991360596e+01    5.3991360596e+01
    1.8020953542e+03    1.8635128543e+03   -3.1528435488e+04   -4.6145615723e-01   -4.1850714781e-01   -3.9216165569e-01    6.5518849776e-02   -2.3640350883e-02   -1.4292408419e-02    5.3986676441e+01    5.3986676441e+01    5.3986676441e+01
    1.7889710471e+03    1.8499412556e+03   -3.1523509128e+04   -1.6249678249e-01   -2.9193699638e-01   -2.8271266146e-01    1.1877902673e-01   -3.1535049239e-02   -5.0982067661e-02    5.3966806834e+01    5.3966806834e+01    5.3966806834e+01
    1.7720175259e+03    1.8324099387e+03   -3.1537619631e+04   -3.5027268631e-01   -3.2999536699e-01   -4.4216624462e-01    5.1240081485e-02   -5.4015999877e-02   -1.0434547192e-02    5.3935462425e+01    5.3935462425e+01    5.3935462425e+01
    1.7869344493e+03    1.8478352482e+03   -3.1530919009e+04   -3.5966655794e-01   -4.5274440817e-01   -3.4010161430e-01    3.7287270580e-02   -4.7756612781e-02   -6.4455984704e-02    5.3922654549e+01    5.3922654549e+01    5.3922654549e+01
    1.7938133080e+03    1.8549485464e+03   -3.1553746594e+04   -1.3842078498e-01   -4.5583644196e-02   -6.7493710740e-02    8.4890954152e-03    4.9733161122e-02   -2.9376235315e-02    5.3902613602e+01    5.3902613602e+01    5.3902613602e+01
    1.7851883711e+03    1.8460296616e+03   -3.1538162011e+04    4.4579794893e-02   -1.0184051591e-01   -1.0259176343e-01   -6.0561204997e-02    3.7195245234e-02    3.3663841336e-03    5.3884815465e+01    5.3884815465e+01    5.3884815465e+01
    1.7949233132e+03    1.8560963819e+03   -3.1544925535e+04   -2.8822992249e-01   -1.5605328128e-01   -5.3429452776e-02   -7.4892172248e-02   -6.5564922444e-02   -9.1771705329e-02    5.3869511421e+01    5.3869511421e+01    5.3869511421e+01
    1.8144227441e+03    1.8762603759e+03   -3.1558445715e+04   -2.7559784319e-01   -9.9560631904e-02   -3.0630518766e-01   -3.0598944954e-02    1.4258998493e-02   -8.7610247393e-05    5.3853577492e+01    5.3853577492e+01    5.3853577492e+01
    1.7956513686e+03    1.8568492502e+03   -3.1560226633e+04   -9.3801324297e-02   -3.0860580200e-01   -1.6543311605e-01   -4.1041345610e-02    1.0183719618e-02   -8.9814706495e-02    5.3858792453e+01    5.3858792453e+01    5.3858792453e+01
    1.7693443013e+03    1.8296456075e+03   -3.1556290001e+04   -1.8349623548e-01   -9.3568407233e-02   -1.8791661271e-01    3.9515983969e-03   -1.0681533814e-02    6.9617181963e-03    5.3849242644e+01    5.3849242644e+01    5.3849242644e+01
    1.7822566867e+03    1.8429980620e+03   -3.1598515409e+04   -3.5616803012e-01   -1.1163336158e-01   -1.9134074505e-01    2.5454991120e-02    9.0912626653e-02    7.0957520006e-02    5.3817317499e+01    5.3817317499e+01    5.3817317499e+01
    1.7829654807e+03    1.8437310125e+03   -3.1562427100e+04    5.7807842561e-02   -2.6154104437e-01    2.7364599475e-02    2.3673840264e-02   -4.3737955972e-02    1.9623182481e-02    5.3807681641e+01    5.3807681641e+01    5.3807681641e+01
    1.8153006991e+03    1.8771682527e+03   -3.1555304566e+04   -2.9893500562e-02   -5.5945150182e-02   -6.3689158096e-02    6.1711711773e-02    6.3618236316e-03   -6.1276537307e-02    5.3832720755e+01    5.3832720755e+01    5.3832720755e+01
    1.8049799290e+03    1.8664957387e+03   -3.1548806661e+04    2.2346444313e-02   -1.7853624846e-02   -7.0980678889e-02    1.6644779120e-02    3.2950707072e-02   -3.5271666504e-02    5.3837552110e+01    5.3837552110e+01    5.3837552110e+01
    1.7985682257e+03    1.8598655171e+03   -3.1542395944e+04   -6.4708647224e-02   -1.4914850205e-01   -6.4587632054e-02   -2.5551957600e-02   -9.4991705339e-02   -4.7776131678e-02    5.3837248508e+01    5.3837248508e+01    5.3837248508e+01
    1.8260903368e+03    1.8883256138e+03   -3.1546830310e+04   -3.1348208604e-01   -5.1175221065e-01   -2.6038670909e-01    7.7181686587e-02   -4.1226997309e-02    1.0111478083e-02    5.3858319833e+01    5.3858319833e+01    5.3858319833e+01
    1.7889727918e+03    1.8499430598e+03   -3.1529391017e+04   -2.1214350107e-01   -7.7938635665e-02   -9.1073737261e-02    1.5109763786e-02    2.4224999471e-02   -7.7136811515e-03    5.3821574637e+01    5.3821574637e+01    5.3821574637e+01
    1.8449599222e+03    1.9078382965e+03   -3.1568931500e+04   -2.0312548430e-01   -1.3508809248e-01   -2.5376760663e-01    7.6976658973e-03   -1.0554759753e-01    2.4392169918e-02    5.3825566319e+01    5.3825566319e+01    5.3825566319e+01
    1.8181843294e+03    1.8801501605e+03   -3.1535495700e+04   -2.2395754700e-01   -1.3263385330e-01   -1.5031437815e-01   -1.2217001986e-02    1.1271321554e-03   -2.7938419025e-02    5.3830334740e+01    5.3830334740e+01    5.3830334740e+01
    1.7982716159e+03    1.8595587986e+03   -3.1529968723e+04   -1.1140302139e-01   -1.1892277014e-01   -7.6332587204e-02   -1.1877038910e-02    2.4022254289e-02    2.3803533365e-02    5.3827861883e+01    5.3827861883e+01    5.3827861883e+01
    1.8354088400e+03    1.8979617023e+03   -3.1547601830e+04   -5.1922460423e-02   -2.5234918646e-02   -8.8263540216e-02   -6.4109157693e-02    2.7246172223e-02   -7.3352622183e-03    5.3827289254e+01    5.3827289254e+01    5.3827289254e+01
    1.7784627152e+03    1.8390747875e+03   -3.1539168862e+04   -8.8589070171e-02   -1.6454939721e-01   -6.2389113949e-02    2.7371764016e-03   -7.7689186633e-02   -1.6438478373e-02    5.3803895014e+01    5.3803895014e+01    5.3803895014e+01
    1.7960767462e+03    1.8572891252e+03   -3.1513688719e+04    1.0780445644e-01    3.6238977011e-02   -8.5104450591e-02   -5.7733624804e-02   -3.7848334069e-02    3.9938391700e-02    5.3791108725e+01    5.3791108725e+01    5.3791108725e+01
    1.8385143678e+03    1.9011730701e+03   -3.1561965314e+04    2.0236643155e-01   -2.3255076062e-02    3.5062668480e-03   -6.2887789073e-02    4.1449831103e-02   -4.4303552772e-02    5.3786178552e+01    5.3786178552e+01    5.3786178552e+01
    1.7788769240e+03    1.8395031131e+03   -3.1545418912e+04   -9.7809484548e-02   -1.4003787448e-01   -9.7285691668e-02   -5.2194040711e-02   -2.4470846535e-02   -7.5649262142e-02    5.3763643019e+01    5.3763643019e+01    5.3763643019e+01
    1.8061459433e+03    1.8677014922e+03   -3.1572273234e+04    1.5903336734e-01    3.2201329358e-02    1.0026957677e-01   -8.0435613990e-02   -2.1314544387e-02    2.6433956124e-02    5.3754519909e+01    5.3754519909e+01    5.3754519909e+01
    1.7811159124e+03    1.8418184087e+03   -3.1569651139e+04   -1.6222739291e-01   -2.0351713734e-02   -1.3814669366e-01    5.8643077792e-02   -4.8511636670e-04   -8.3580419454e-02    5.3741014460e+01    5.3741014460e+01    5.3741014460e+01
    1.7856697679e+03    1.8465274650e+03   -3.1569179208e+04    1.3079149998e-01    1.6613144831e-01    6.8760614407e-02    8.7324226149e-02   -1.3850617970e-02    2.3830257173e-02    5.3744338878e+01    5.3744338878e+01    5.3744338878e+01
    1.8022132930e+03    1.8636348126e+03   -3.1587432177e+04   -2.3480816200e-01   -2.0970028719e-01   -1.8480308914e-02   -1.2236398545e-02   -1.7708957579e-02    4.9516250300e-02    5.3740165015e+01    5.3740165015e+01    5.3740165015e+01
    1.7858097814e+03    1.8466722503e+03   -3.1572101887e+04   -3.3731869166e-02   -8.3546042283e-02   -1.0446326870e-03    3.5047902328e-03    1.7841529804e-03   -2.2370955463e-03    5.3723751109e+01    5.3723751109e+01    5.3723751109e+01
    1.7954525962e+03    1.8566437035e+03   -3.1570364426e+04   -5.8177357260e-02    4.3045735466e-02    3.4308074557e-02    9.2023028622e-02   -9.9293309699e-02    4.7939105054e-02    5.3746963727e+01    5.3746963727e+01    5.3746963727e+01
    1.7802362965e+03    1.8409088146e+03   -3.1582867815e+04    6.8427452776e-02   -4.8782160687e-02   -4.1167832583e-02    3.1655247590e-02    8.7617139303e-02    5.6481649710e-02    5.3716983586e+01    5.3716983586e+01    5.3716983586e+01
    1.7995629578e+03    1.8608941509e+03   -3.1574834870e+04    6.2491215046e-02    1.0231399413e-01    1.4234513459e-03    5.8706395494e-02    4.9291816819e-02   -5.1906332737e-02    5.3722260755e+01    5.3722260755e+01    5.3722260755e+01
    1.8085329559e+03    1.8701698570e+03   -3.1570113575e+04   -4.6046870312e-02    8.4066798855e-02    8.0431701182e-02    3.9032962816e-03    6.0623110821e-04    6.4691036824e-02    5.3746155394e+01    5.3746155394e+01    5.3746155394e+01
    1.8132420295e+03    1.8750394213e+03   -3.1581269786e+04    3.0976588571e-02    2.2228232170e-02   -1.2671498570e-02    7.2271717116e-02   -4.5136542270e-04    2.6512036552e-02    5.3742119216e+01    5.3742119216e+01    5.3742119216e+01
    1.7999639675e+03    1.8613088275e+03   -3.1563733131e+04    2.1803559595e-02   -3.4355120065e-02   -7.1605835487e-03   -1.2475542961e-01    1.0929194177e-01   -9.2906532367e-02    5.3749824400e+01    5.3749824400e+01    5.3749824400e+01
    1.8065320477e+03    1.8681007555e+03   -3.1553953011e+04   -1.5320460282e-01   -8.4478898958e-02   -2.7611698878e-02   -9.3129157340e-02   -8.9797222993e-03   -4.0626592355e-03    5.3767892860e+01    5.3767892860e+01    5.3767892860e+01
    1.8111715249e+03    1.8728983515e+03   -3.1554716390e+04    1.7568910875e-02    4.6109868329e-02    3.8119660273e-02    2.7533813419e-02    6.9872530374e-03   -3.0837894946e-02    5.3760929649e+01    5.3760929649e+01    5.3760929649e+01
    1.8070370860e+03    1.8686230061e+03   -3.1580594926e+04   -5.5099463054e-02   -6.4039063649e-02   -4.6140898217e-02    6.3008900693e-02    4.7962322803e-02    5.7626944018e-02    5.3757526955e+01    5.3757526955e+01    5.3757526955e+01
    1.8001259635e+03    1.8614763445e+03   -3.1572982558e+04   -1.3676510250e-01   -8.2822072241e-02    7.2721346459e-02   -1.0690680836e-02   -4.1651068823e-02   -2.6227077564e-02    5.3771180976e+01    5.3771180976e+01    5.3771180976e+01
    1.7943355452e+03    1.8554885820e+03   -3.1572085075e+04   -1.2776342495e-01   -2.7464137735e-01    4.7527899206e-02    4.6591666183e-02    5.6477761614e-02    7.5368947862e-02    5.3745003481e+01    5.3745003481e+01    5.3745003481e+01
    1.7663524099e+03    1.8265517490e+03   -3.1551595556e+04    6.4724646920e-02   -4.5225528226e-02    1.1380407583e-01   -1.4272225384e-02   -4.3624536559e-02   -5.5819316453e-02    5.3738180403e+01    5.3738180403e+01    5.3738180403e+01
    1.8132172683e+03    1.8750138161e+03   -3.1578705657e+04   -1.0500372447e-01   -1.5339872457e-03   -1.0372955031e-01    4.1772152885e-02   -1.1408709417e-01   -5.2969800735e-02    5.3739995064e+01    5.3739995064e+01    5.3739995064e+01
    1.7889114561e+03    1.8498796337e+03   -3.1541966655e+04    1.1173323408e-01    1.7140271969e-01    1.3703176845e-01    1.6226585561e-01   -2.7167839339e-02   -9.5775223669e-03    5.3749738893e+01    5.3749738893e+01    5.3749738893e+01
    1.8094970326e+03    1.8711667905e+03   -3.1574953001e+04   -1.3515002975e-01   -5.6979765361e-02   -5.1650613280e-02   -1.0010226539e-01    4.3213573671e-03    2.4205283564e-02    5.3748335244e+01    5.3748335244e+01    5.3748335244e+01
    1.8062825768e+03    1.8678427823e+03   -3.1550734357e+04   -8.6605658816e-02   -7.5950617181e-02    1.2590114443e-03    9.9625688276e-02    8.1129952048e-02    3.7121802481e-02    5.3763113581e+01    5.3763113581e+01    5.3763113581e+01
    1.7918468247e+03    1.8529150431e+03   -3.1518886388e+04   -1.6819048075e-03    6.8226810298e-02   -3.2460462875e-02   -6.2086174619e-03    8.2875664704e-02    1.0706162579e-01    5.3781441492e+01    5.3781441492e+01    5.3781441492e+01
    1.8242510539e+03    1.8864236460e+03   -3.1545632195e+04   -1.5941483858e-01   -5.8266514552e-02   -2.7062338252e-02    1.0732668127e-01   -9.3152065503e-02    5.2714018272e-02    5.3773778123e+01    5.3773778123e+01    5.3773778123e+01
    1.7989985334e+03    1.8603104903e+03   -3.1559055283e+04   -7.2667826413e-02   -5.1368774217e-02   -7.1448529341e-02   -1.4984782617e-02   -6.9943997235e-02   -7.9375010021e-02    5.3779853218e+01    5.3779853218e+01    5.3779853218e+01
    1.7780604511e+03    1.8386588138e+03   -3.1565386955e+04   -4.9532765681e-02   -7.1131544129e-02   -1.1188995449e-01   -5.9105766340e-02    2.7082311046e-02    6.8576763084e-04    5.3748731582e+01    5.3748731582e+01    5.3748731582e+01
    1.7955966854e+03    1.8567927033e+03   -3.1586177086e+04    1.2832634236e-01    2.6775977809e-02   -5.4054650651e-02   -8.2592607071e-02    7.5179412647e-02    5.4317567018e-02    5.3751780934e+01    5.3751780934e+01    5.3751780934e+01
    1.7890036824e+03    1.8499750032e+03   -3.1573122502e+04    4.4483286750e-02   -1.2635459776e-02   -4.6023268782e-02   -1.6337649022e-02    3.3887928208e-02    7.6108348528e-02    5.3745980653e+01    5.3745980653e+01    5.3745980653e+01
    1.8031554331e+03    1.8646090619e+03   -3.1568677110e+04   -1.1857255732e-04    9.4026515153e-02    5.0876536101e-02    1.2846702262e-03    1.3321095340e-02    3.9704097699e-02    5.3749546784e+01    5.3749546784e+01    5.3749546784e+01
    1.8089094214e+03    1.8705591528e+03   -3.1564374851e+04   -7.3611281641e-03   -6.2122367498e-03   -3.8144502911e-02    4.0288631590e-02   -7.6811751261e-02   -2.7893886523e-02    5.3749514273e+01    5.3749514273e+01    5.3749514273e+01
    1.7923377804e+03    1.8534227311e+03   -3.1564305825e+04    3.7190242155e-02    3.2607769192e-02    8.9498085622e-02   -5.4056923645e-02   -8.9668838424e-02    1.3824948463e-02    5.3760543210e+01    5.3760543210e+01    5.3760543210e+01
    1.7843025479e+03    1.8451136485e+03   -3.1587563670e+04    2.5150723102e-02    5.3652000215e-03   -1.4078343706e-01    8.9348895182e-02   -1.8502897001e-02    2.3763049872e-02    5.3727049977e+01    5.3727049977e+01    5.3727049977e+01
    1.7997319727e+03    1.8610689260e+03   -3.1579806115e+04    4.2656295789e-03    3.6902239333e-03    1.8144375700e-02    6.3484094122e-02   -1.4408622067e-02    1.0600298416e-02    5.3742211972e+01    5.3742211972e+01    5.3742211972e+01
    1.8206575534e+03    1.8827076748e+03   -3.1557453094e+04   -2.2267076967e-01   -2.3555996771e-01   -1.9708662825e-01    9.0116235176e-03   -5.6456545914e-02    3.1021453772e-02    5.3762779058e+01    5.3762779058e+01    5.3762779058e+01
    1.8171828778e+03    1.8791145782e+03   -3.1533895680e+04    4.9027852279e-02   -1.5720936888e-01   -1.0551931799e-01   -4.1034169899e-02   -8.6394477270e-02   -2.8985792535e-02    5.3763761316e+01    5.3763761316e+01    5.3763761316e+01
    1.8088085804e+03    1.8704548751e+03   -3.1551787735e+04    3.6541144011e-02   -1.0667770838e-01   -7.1161706612e-02   -2.6444646740e-02    9.3368856490e-02   -1.6064790380e-02    5.3763267111e+01    5.3763267111e+01    5.3763267111e+01
    1.7967635898e+03    1.8579993772e+03   -3.1569363257e+04   -3.6312251406e-02    2.9899624151e-02   -9.5528708218e-02    6.1019231752e-02    3.5798918796e-04    1.1529312972e-01    5.3759667191e+01    5.3759667191e+01    5.3759667191e+01
    1.8029813731e+03    1.8644290697e+03   -3.1549911789e+04   -2.3072740983e-01   -3.4769113048e-01   -1.2485192499e-01    1.0624837247e-01    7.0204617972e-02   -1.8500179717e-02    5.3768710968e+01    5.3768710968e+01    5.3768710968e+01
    1.8216543407e+03    1.8837384337e+03   -3.1542412768e+04   -6.9984979017e-02    1.5414049525e-02   -1.5543253923e-01   -2.2582308132e-02    1.3282323925e-02    3.4461188331e-02    5.3768134281e+01    5.3768134281e+01    5.3768134281e+01
    1.8072316838e+03    1.8688242359e+03   -3.1553364203e+04   -1.8978048755e-01    4.6203275454e-02   -7.7368121549e-02   -1.7710768892e-03   -2.9128873923e-02   -5.8277304242e-02    5.3759172194e+01    5.3759172194e+01    5.3759172194e+01
    1.8302133262e+03    1.8925891194e+03   -3.1541557524e+04    7.6784032874e-02   -8.4282572973e-02   -4.7446806938e-02    1.1363044528e-01   -5.0799284100e-02   -3.0922547161e-02    5.3757894399e+01    5.3757894399e+01    5.3757894399e+01
    1.8132315783e+03    1.8750286139e+03   -3.1545011897e+04   -2.6322269260e-02    7.5838798306e-02   -2.1165685825e-02   -1.6264959746e-02    3.4992197635e-02    9.9155949141e-02    5.3758664484e+01    5.3758664484e+01    5.3758664484e+01
    1.7984789893e+03    1.8597732395e+03   -3.1548111900e+04    4.1658528597e-02   -1.1824970006e-01   -1.1830512426e-01   -5.8753352890e-02    1.7418778442e-03    2.4719285903e-02    5.3740478508e+01    5.3740478508e+01    5.3740478508e+01
    1.8193402634e+03    1.8813454901e+03   -3.1577720978e+04    1.7024865550e-01    2.3850326321e-02   -3.8931368666e-02    9.0047020850e-02   -6.1268269349e-02   -8.1342120681e-02    5.3736240360e+01    5.3736240360e+01    5.3736240360e+01
    1.7837713888e+03    1.8445643869e+03   -3.1553951005e+04    1.6397889477e-02    9.8039049059e-02    5.0137999913e-02   -2.3695696442e-02    1.2741204963e-02   -5.6751864548e-02    5.3739731483e+01    5.3739731483e+01    5.3739731483e+01
    1.8126915129e+03    1.8744701424e+03   -3.1574192857e+04    1.0451658182e-02    7.9550005424e-02   -1.0858034618e-01   -3.7784740236e-02   -5.4752184381e-02    8.7724654160e-02    5.3740803460e+01    5.3740803460e+01    5.3740803460e+01
    1.8025781189e+03    1.8640120721e+03   -3.1554734449e+04    1.1186428510e-01    9.9841300778e-02    1.6315327235e-01   -4.8532676384e-02    7.4765233741e-02    6.4729346914e-02    5.3756439341e+01    5.3756439341e+01    5.3756439341e+01
    1.8015539274e+03    1.8629529750e+03   -3.1570350838e+04    5.6616933816e-02   -5.3931949194e-02    6.2695630046e-02    7.2108590095e-02    1.5169980769e-02    6.3341632205e-03    5.3738845332e+01    5.3738845332e+01    5.3738845332e+01
    1.8014893270e+03    1.8628861730e+03   -3.1542782494e+04   -1.2689152830e-01    1.7369156676e-02   -4.0554776175e-02    6.4337485294e-02    1.2126640619e-01    1.2500699004e-03    5.3759060166e+01    5.3759060166e+01    5.3759060166e+01
    1.7815697049e+03    1.8422876670e+03   -3.1542975111e+04   -6.3619145928e-02   -2.2147424139e-01   -6.6170569930e-02   -1.2521911682e-01    3.1309508232e-02   -9.4842087273e-03    5.3763149824e+01    5.3763149824e+01    5.3763149824e+01
    1.7964428264e+03    1.8576676818e+03   -3.1592240630e+04    1.3040651582e-01   -3.1479809329e-02   -1.2816170847e-01    4.5052424449e-03   -5.5410347780e-02    4.7134379598e-02    5.3733635787e+01    5.3733635787e+01    5.3733635787e+01
    1.8169681502e+03    1.8788925325e+03   -3.1585075560e+04   -6.8383677320e-02    4.0459457476e-02   -2.2633064586e-02    3.8702467065e-02    5.8011293410e-02    8.9466982437e-03    5.3735356787e+01    5.3735356787e+01    5.3735356787e+01
    1.7919742263e+03    1.8530467866e+03   -3.1559319170e+04   -5.1887438619e-02   -1.9151837416e-01   -1.9166795812e-01   -1.2707309235e-01   -2.9895606888e-02   -1.2488295315e-02    5.3735356787e+01    5.3735356787e+01    5.3735356787e+01
    1.8002502581e+03    1.8616048752e+03   -3.1567842816e+04   -1.7042541446e-01   -1.0901684986e-03    6.9531301432e-02    7.3364290902e-02    3.7917511472e-02    1.2053746213e-02    5.3735356787e+01    5.3735356787e+01    5.3735356787e+01
    1.7984184385e+03    1.8597106250e+03   -3.1565983622e+04   -6.9223581646e-02    2.1982781542e-02    6.7401696514e-02   -4.6119167897e-02   -6.1307466158e-02    2.1614011479e-02    5.3735356787e+01    5.3735356787e+01    5.3735356787e+01
    1.7834136317e+03    1.8441944370e+03   -3.1550405171e+04    2.1321178946e-02    1.1900119729e-01   -8.2202623295e-02   -7.9222112483e-02    8.1493031787e-02   -6.2353079642e-02    5.3735356787e+01    5.3735356787e+01    5.3735356787e+01
    1.7909259278e+03    1.8519627609e+03   -3.1558171770e+04   -1.4513794343e-01   -1.1204191223e-01   -5.7995504096e-02   -7.7787970966e-02   -4.8409048587e-02   -3.1697078225e-02    5.3735356787e+01    5.3735356787e+01    5.3735356787e+01
    1.7850084099e+03    1.8458435671e+03   -3.1552057814e+04    8.2531139241e-02    2.7219424449e-01    2.1656770072e-01    5.6429850374e-02    1.0307736845e-01   -4.0799285842e-03    5.3735356787e+01    5.3735356787e+01    5.3735356787e+01
    1.7937131778e+03    1.8548450036e+03   -3.1561087817e+04   -2.6542545042e-01   -1.8080058282e-01   -1.2606192617e-01   -7.4910414201e-02   -8.7990910160e-02   -6.1130206396e-02    5.3735356787e+01    5.3735356787e+01    5.3735356787e+01
    1.7901168173e+03    1.8511260750e+03   -3.1557386138e+04    8.2017398161e-02    5.1157115591e-02   -1.4027748316e-01   -4.9464134386e-02   -7.2040699038e-02    2.4528190516e-02    5.3735356787e+01    5.3735356787e+01    5.3735356787e+01
    1.8119813483e+03    1.8737357745e+03   -3.1579971465e+04    3.1894402495e-02    1.1439932993e-01    5.2230212869e-05   -3.9832789333e-02   -1.3256069451e-01    7.4612554648e-02    5.3735356787e+01    5.3735356787e+01    5.3735356787e+01
    1.7959194138e+03    1.8571264307e+03   -3.1563362433e+04    6.5935585688e-02    3.5534396802e-02    6.4665271217e-02   -3.0764185911e-02   -5.4298382164e-02    3.7314956091e-02    5.3735356787e+01    5.3735356787e+01    5.3735356787e+01
    1.8206323007e+03    1.8826815615e+03   -3.1588951621e+04    8.4579573846e-02   -1.3537216677e-01   -1.1363443695e-01   -2.8570200711e-02   -1.6678689097e-02    1.8962992469e-02    5.3735356787e+01    5.3735356787e+01    5.3735356787e+01
    1.7960646634e+03    1.8572766306e+03   -3.1563512023e+04    7.1363267474e-02    8.1278917671e-02    1.2527952789e-01    6.3467742986e-02   -6.4769085643e-02    2.4017305594e-02    5.3735356787e+01    5.3735356787e+01    5.3735356787e+01
    1.7938958164e+03    1.8550338667e+03   -3.1561247323e+04    1.5940743279e-02    8.9357384201e-02    7.9467918577e-02    1.0543567667e-01   -1.1801767534e-01    1.1029742681e-01    5.3735356787e+01    5.3735356787e+01    5.3735356787e+01
    1.8063754729e+03    1.8679388444e+03   -3.1574210763e+04   -2.0030740262e-02   -8.0189674249e-02   -4.3238889023e-02    9.3710040890e-03    5.8460943163e-03   -5.0983584037e-02    5.3735356787e+01    5.3735356787e+01    5.3735356787e+01
    1.7901369962e+03    1.8511469416e+03   -3.1557360181e+04    2.9341938349e-02   -1.5549460330e-02   -2.9599957534e-02   -1.4360126293e-02   -6.2867072668e-02   -7.5784873970e-02    5.3735356787e+01    5.3735356787e+01    5.3735356787e+01
    1.7912584962e+03    1.8523066636e+03   -3.1558483606e+04    1.7637652072e-01   -7.2253246555e-02    2.3905597762e-02   -4.0755312788e-02   -1.1891080291e-02   -4.5236810138e-02    5.3735356787e+01    5.3735356787e+01    5.3735356787e+01
    1.8024974656e+03    1.8639286701e+03   -3.1570270258e+04    2.6228353208e-01    2.4545555148e-01    1.4212282660e-01   -3.8133715764e-02   -7.0300962659e-03   -1.2198602659e-02    5.3735356787e+01    5.3735356787e+01    5.3735356787e+01
    1.7910318025e+03    1.8520722439e+03   -3.1558261252e+04   -2.2053125387e-02    2.1094406294e-01    1.0666620451e-01   -4.6725947207e-02   -5.1462339027e-02   -5.6363518115e-02    5.3735356787e+01    5.3735356787e+01    5.3735356787e+01
    1.7821466055e+03    1.8428842291e+03   -3.1549141272e+04   -2.5501685448e-02    3.2178908781e-02    5.0565557704e-02    8.6386975806e-02   -1.7933691387e-02   -4.5015656811e-02    5.3735356787e+01    5.3735356787e+01    5.3735356787e+01
    1.8053565309e+03    1.8668851757e+03   -3.1573187144e+04   -8.5396645100e-02   -1.6960815792e-01    4.2865693618e-02    3.3501607451e-02    2.2629519625e-03    1.3221568853e-02    5.3735356787e+01    5.3735356787e+01    5.3735356787e+01
    1.8154780016e+03    1.8773515978e+03   -3.1583672775e+04   -1.0577333246e-02    1.0250273910e-01   -3.9964273089e-02    1.5737517380e-01   -1.5186358496e-01   -2.5718412764e-02    5.3735356787e+01    5.3735356787e+01    5.3735356787e+01
    1.7929446686e+03    1.8540503028e+03   -3.1560290576e+04    2.8632232532e-02   -6.5997446490e-02    1.9617667532e-01   -1.3618466961e-01    4.8106011295e-03   -7.9854305483e-02    5.3735356787e+01    5.3735356787e+01    5.3735356787e+01
    1.8090453029e+03    1.8706996653e+03   -3.1576935739e+04   -1.1339427145e-01    3.4019100672e-02   -9.2591569844e-02    1.2523926188e-02   -8.1830937965e-02    2.1228046248e-02    5.3735356787e+01    5.3735356787e+01    5.3735356787e+01
    1.8089988954e+03    1.8706516762e+03   -3.1576934762e+04   -2.6532477961e-02    1.0655107886e-01    1.3018687157e-01    3.9220317554e-02    2.1098987055e-02   -3.1004263567e-02    5.3735356787e+01    5.3735356787e+01    5.3735356787e+01
    1.8170319793e+03    1.8789585369e+03   -3.1585170619e+04    9.7854598805e-02    1.2215390870e-02   -1.1302810997e-02    7.7510349119e-02   -5.8190848719e-03    4.3482196517e-02    5.3735356787e+01    5.3735356787e+01    5.3735356787e+01
    1.8099605936e+03    1.8716461502e+03   -3.1577875303e+04    1.2974402111e-01   -1.5890410748e-01   -4.4794648580e-02   -7.2763775735e-03    5.8301568825e-02   -3.5754519971e-02    5.3735356787e+01    5.3735356787e+01    5.3735356787e+01
    1.8168557207e+03    1.8787762712e+03   -3.1585124214e+04   -1.2612791664e-01    5.7722146126e-02   -1.4643023647e-04    3.4088979309e-02   -2.4770214899e-03   -2.1535147007e-02    5.3735356787e+01    5.3735356787e+01    5.3735356787e+01
    1.7941461404e+03    1.8552927221e+03   -3.1561587576e+04   -8.4428810129e-02    2.8233094530e-02   -1.9204961531e-02   -5.1588306946e-02   -5.1485582883e-02    5.4776392520e-02    5.3735356787e+01    5.3735356787e+01    5.3735356787e+01
    1.8152014788e+03    1.8770656509e+03   -3.1583407314e+04   -1.3805777460e-02    9.1747495476e-02    6.4472432777e-02   -2.2574992586e-02    2.1369025770e-02   -2.4967266675e-03    5.3735356787e+01    5.3735356787e+01    5.3735356787e+01
    1.8046873072e+03    1.8661931441e+03   -3.1572502564e+04    2.0146604852e-02    2.2896818690e-01   -1.8448694795e-02    5.9760565607e-02   -2.6221137210e-04    5.0469044521e-02    5.3735356787e+01    5.3735356787e+01    5.3735356787e+01
    1.7871626836e+03    1.8480712610e+03   -3.1554310822e+04   -9.4737706353e-03   -1.9624883287e-01   -1.5145622531e-01    2.6098127167e-02   -2.3720716072e-02    3.1506655025e-02    5.3735356787e+01    5.3735356787e+01    5.3735356787e+01
    1.7944609608e+03    1.8556182719e+03   -3.1561915843e+04    2.0048947083e-01    8.1314546117e-02   -4.7738115884e-02   -5.6848206859e-03    8.7769718342e-02   -4.5088136805e-03    5.3735356787e+01    5.3735356787e+01    5.3735356787e+01
    1.8090061381e+03    1.8706591657e+03   -3.1576925655e+04    5.4837311230e-02    1.1009524040e-01    1.0833475610e-01   -4.1092600977e-02   -5.8909785389e-02   -1.5342773618e-01    5.3735356787e+01    5.3735356787e+01    5.3735356787e+01
    1.8097484816e+03    1.8714268092e+03   -3.1577717853e+04   -1.0682388151e-01    5.2908338457e-02    6.9966492983e-02    3.1979241906e-02   -8.1073358658e-02    1.4908137574e-02    5.3735356787e+01    5.3735356787e+01    5.3735356787e+01
    1.8059665005e+03    1.8675159337e+03   -3.1573820277e+04    5.6697602921e-03    1.8929837018e-02    1.3070246084e-01   -7.6117791772e-02    3.7957993258e-02   -4.8711882652e-02    5.3735356787e+01    5.3735356787e+01    5.3735356787e+01
    1.8094142360e+03    1.8710811721e+03   -3.1577441515e+04    1.1395876629e-01    3.0807296049e-02   -1.4641550763e-02   -1.5932701230e-02    4.0920352231e-02    1.3706450206e-02    5.3735356787e+01    5.3735356787e+01    5.3735356787e+01
    1.7991442264e+03    1.8604611486e+03   -3.1566704618e+04    2.2958645981e-01    1.6420499050e-02    1.2659459474e-01   -1.0982065367e-02   -1.0553479867e-02    7.4843577838e-02    5.3735356787e+01    5.3735356787e+01    5.3735356787e+01
    1.8143057508e+03    1.8761393954e+03   -3.1582473862e+04    2.3694857703e-01   -7.7239251012e-02    1.0446368777e-01   -1.6564058922e-01    5.7610706278e-02    3.9691120799e-02    5.3735356787e+01    5.3735356787e+01    5.3735356787e+01
    1.8203689361e+03    1.8824092210e+03   -3.1588802944e+04    1.4691142059e-01    9.9457707418e-03    3.8812325704e-02   -2.2666965538e-02    1.0415799972e-01    1.6623605046e-02    5.3735356787e+01    5.3735356787e+01    5.3735356787e+01
    1.8007327264e+03    1.8621037865e+03   -3.1568424850e+04   -3.5543470840e-02   -2.5403387955e-02    3.9409411149e-02   -2.9173989244e-02    3.2559736813e-02   -6.2155154552e-03    5.3735356787e+01    5.3735356787e+01    5.3735356787e+01
    1.7829869217e+03    1.8437531843e+03   -3.1550060537e+04   -9.5555040463e-02   -2.3658938969e-02    8.2876484175e-03    3.5425647697e-03   -1.0028288598e-01   -1.3813518195e-02    5.3735356787e+01    5.3735356787e+01    5.3735356787e+01
    1.8055893613e+03    1.8671259412e+03   -3.1573391376e+04   -1.5623567922e-01   -9.1419878072e-02    1.6822046892e-01   -7.0407025667e-02   -4.5706316559e-03    1.5424022699e-02    5.3735356787e+01    5.3735356787e+01    5.3735356787e+01
    1.7981817061e+03    1.8594658246e+03   -3.1565826265e+04    4.2966650751e-02    9.0445646861e-02   -6.0762496237e-02    3.3392504765e-02   -6.8110348377e-02   -7.7597768747e-02    5.3735356787e+01    5.3735356787e+01    5.3735356787e+01
    1.7763230698e+03    1.8368622205e+03   -3.1543058504e+04   -1.2861938268e-01   -2.3781531265e-01   -1.8545387733e-01   -6.4958553249e-02    3.3638300677e-02    1.5736561793e-02    5.3735356787e+01    5.3735356787e+01    5.3735356787e+01
    1.7750982121e+03    1.8355956183e+03   -3.1541880771e+04    5.5392099580e-02    9.9688045469e-02    8.8932508827e-03   -6.8059603588e-02   -3.3649990811e-02    4.7500285605e-02    5.3735356787e+01    5.3735356787e+01    5.3735356787e+01
    1.8086035264e+03    1.8702428325e+03   -3.1576553631e+04    1.4663228350e-01    1.3861640669e-01   -7.7766589793e-02   -8.1496536909e-03   -3.0467926658e-02   -1.1046335557e-02    5.3735356787e+01    5.3735356787e+01    5.3735356787e+01
    1.8060124235e+03    1.8675634219e+03   -3.1573881623e+04    7.5024628779e-02    2.8762958608e-02   -5.1090717033e-02    6.3850396862e-03    9.6423224401e-02   -5.7724818070e-02    5.3735356787e+01    5.3735356787e+01    5.3735356787e+01
    1.8016761713e+03    1.8630793851e+03   -3.1569409344e+04    4.0085807144e-02   -1.9362567023e-02    1.6728500652e-02   -1.6752902188e-02    7.6591165990e-02    4.0942213532e-02    5.3735356787e+01    5.3735356787e+01    5.3735356787e+01
    1.7944070380e+03    1.8555625113e+03   -3.1561855702e+04    1.0080501468e-01   -9.7263021009e-02    3.1287077908e-02    2.3120328320e-03   -5.7615786615e-02   -3.7479068341e-02    5.3735356787e+01    5.3735356787e+01    5.3735356787e+01
    1.8008776497e+03    1.8622536490e+03   -3.1568527034e+04   -2.2206886982e-02   -5.4472433799e-02   -7.3647511778e-02    1.0556607046e-01   -2.1650456932e-03   -1.3649283868e-01    5.3735356787e+01    5.3735356787e+01    5.3735356787e+01
    1.7727703243e+03    1.8331883934e+03   -3.1539368876e+04    1.2009907574e-01   -2.7987294937e-02    5.5430981626e-03    3.6606235336e-02    4.1670011129e-03    2.4576224497e-02    5.3735356787e+01    5.3735356787e+01    5.3735356787e+01
    1.8146098037e+03    1.8764538107e+03   -3.1582742656e+04   -2.0589623366e-01   -3.3030711578e-03    4.2867640964e-02   -9.6923410115e-02   -3.7366327110e-02    1.8565676479e-02    5.3735356787e+01    5.3735356787e+01    5.3735356787e+01
    1.7822984214e+03    1.8430412191e+03   -3.1549319891e+04    1.3555323865e-01    3.0831843055e-02    2.2035675825e-01   -1.5071659819e-02    1.9498893783e-02    1.1317117958e-01    5.3735356787e+01    5.3735356787e+01    5.3735356787e+01
    1.8122561791e+03    1.8740199719e+03   -3.1580370995e+04   -5.6843938488e-02    2.8802668294e-02   -5.9229005525e-02   -4.3898118677e-02    1.1984436105e-01    8.4545634734e-03    5.3735356787e+01    5.3735356787e+01    5.3735356787e+01
    1.7947889851e+03    1.8559574757e+03   -3.1562295125e+04    1.2135849592e-02    9.8417648048e-02    1.2131120907e-01   -4.2706010375e-02    2.6493100230e-02   -1.1730534883e-01    5.3735356787e+01    5.3735356787e+01    5.3735356787e+01
    1.8072314511e+03    1.8688239953e+03   -3.1575101831e+04   -3.5226746443e-02    4.1503589204e-02   -9.9409662804e-03   -3.4641077634e-02    7.4579146591e-03    1.7359376643e-02    5.3735356787e+01    5.3735356787e+01    5.3735356787e+01
    1.8019458177e+03    1.8633582215e+03   -3.1569629611e+04    1.0504962753e-01   -1.5465241079e-01    1.8278278848e-01    5.9386959124e-02    1.3184203166e-02   -1.4864029695e-01    5.3735356787e+01    5.3735356787e+01    5.3735356787e+01
    1.7897361825e+03    1.8507324677e+03   -3.1557033689e+04   -3.2402706534e-02   -1.4099585612e-01    1.5327446268e-01   -7.3563380321e-02    8.2298798099e-02    3.8730060263e-02    5.3735356787e+01    5.3735356787e+01    5.3735356787e+01
    1.7894001443e+03    1.8503849769e+03   -3.1556702243e+04   -3.0556566183e-02   -7.0595302339e-02   -6.9150011807e-02   -1.7832384185e-02    5.4323023072e-05   -3.8970806181e-02    5.3735356787e+01    5.3735356787e+01    5.3735356787e+01
    1.8032251477e+03    1.8646811525e+03   -3.1571013639e+04    8.6195504323e-02   -6.6653459128e-03   -7.8778239192e-02   -5.8626388220e-02   -2.7808682080e-02    7.6599576070e-02    5.3735356787e+01    5.3735356787e+01    5.3735356787e+01
    1.8035053378e+03    1.8649708918e+03   -3.1571229733e+04    1.4852338870e-01    2.1202225767e-02   -4.7511257686e-02    9.9401926793e-02   -8.4465438350e-02    1.9371465195e-02    5.3735356787e+01    5.3735356787e+01    5.3735356787e+01
    1.7919496492e+03    1.8530213719e+03   -3.1559362766e+04   -8.4429819555e-02   -2.1739301800e-01    1.7556042197e-02   -2.5859145652e-02   -1.1175981810e-01    1.4882897692e-02    5.3735356787e+01    5.3735356787e+01    5.3735356787e+01
    1.7897649129e+03    1.8507621773e+03   -3.1557088746e+04   -1.2592115433e-01    2.8451837257e-03   -7.7720791175e-02    5.5889104085e-02    9.1543477138e-03   -4.1226138349e-02    5.3735356787e+01    5.3735356787e+01    5.3735356787e+01
    1.8069746284e+03    1.8685584199e+03   -3.1574869150e+04   -8.1918511736e-02    9.1889348596e-02   -6.0672031769e-02    3.1859597321e-02    2.9177241100e-02    1.1018610355e-02    5.3735356787e+01    5.3735356787e+01    5.3735356787e+01
    1.7854407721e+03    1.8462906647e+03   -3.1552551335e+04   -5.0219971808e-02   -8.6210508960e-02   -1.0480087101e-01    8.6960509165e-02   -1.7308950492e-03    5.1261714515e-03    5.3735356787e+01    5.3735356787e+01    5.3735356787e+01
    1.8104791843e+03    1.8721824150e+03   -3.1578493685e+04   -1.6079766925e-01   -4.2606527153e-02    4.4850479896e-02    1.0494141662e-02   -7.8874753190e-03    1.9655788515e-02    5.3735356787e+01    5.3735356787e+01    5.3735356787e+01
    1.8080053147e+03    1.8696242331e+03   -3.1575917541e+04   -7.0516076849e-02    1.7704708240e-02    3.5528128912e-02   -4.0330623866e-02   -6.6405184408e-02   -2.2263734877e-02    5.3735356787e+01    5.3735356787e+01    5.3735356787e+01
    1.8230809548e+03    1.8852136685e+03   -3.1591491569e+04   -5.9707877256e-02   -1.4549274851e-01   -8.9200561768e-02   -5.6343449406e-02    3.5085245629e-02    5.8363810820e-02    5.3735356787e+01    5.3735356787e+01    5.3735356787e+01
    1.7862161465e+03    1.8470924648e+03   -3.1553327305e+04   -1.5318024455e-01   -2.5529573943e-02   -1.3190747271e-01   -7.2339261852e-02   -1.8058304659e-02   -1.0669558741e-01    5.3735356787e+01    5.3735356787e+01    5.3735356787e+01
    1.8102374255e+03    1.8719324168e+03   -3.1578162766e+04   -5.2376775944e-02    1.7634607211e-01    8.8108611228e-02   -4.4736931570e-02   -5.9615312158e-02   -8.1193801823e-02    5.3735356787e+01    5.3735356787e+01    5.3735356787e+01
    1.7935379880e+03    1.8546638431e+03   -3.1560989717e+04    4.2127416926e-02    5.1869391829e-03    1.9602161454e-01   -1.9891451883e-02   -5.9104232370e-02   -1.2657932083e-02    5.3735356787e+01    5.3735356787e+01    5.3735356787e+01
    1.7820312010e+03    1.8427648915e+03   -3.1549016901e+04   -8.3539319962e-02    2.1134579051e-01    7.9520437454e-02    2.2171719800e-02   -4.6161074768e-02   -5.1456048825e-02    5.3735356787e+01    5.3735356787e+01    5.3735356787e+01
    1.7843559629e+03    1.8451688839e+03   -3.1551415885e+04   -1.1220236513e-01   -3.2577389729e-02    2.5922169356e-01   -1.1699048479e-02   -1.2556417283e-02    8.4990675182e-02    5.3735356787e+01    5.3735356787e+01    5.3735356787e+01
    1.8030231992e+03    1.8644723213e+03   -3.1570735690e+04   -8.1567881339e-02    3.1763595566e-02   -2.7524355507e-02    7.4159194935e-02   -6.7719099411e-02    5.3565943188e-02    5.3735356787e+01    5.3735356787e+01    5.3735356787e+01
    1.7910331528e+03    1.8520736402e+03   -3.1558383085e+04    8.3666708301e-02   -1.0843813413e-01   -1.9062338601e-03   -2.4079177161e-02    8.9802033880e-02   -1.8351777041e-02    5.3735356787e+01    5.3735356787e+01    5.3735356787e+01
    1.8225054288e+03    1.8846185279e+03   -3.1590929925e+04   -1.6927033163e-02    2.9969343795e-02    3.9248068298e-02   -3.6594129174e-03   -2.2942245987e-02   -1.3155239545e-02    5.3735356787e+01    5.3735356787e+01    5.3735356787e+01
    1.8033513382e+03    1.8648116437e+03   -3.1571116969e+04   -1.5986003720e-01    1.1289745155e-01   -1.2400695495e-01   -3.0499413702e-02    7.8770730148e-03    4.4576493159e-02    5.3735356787e+01    5.3735356787e+01    5.3735356787e+01
    1.7857925736e+03    1.8466544560e+03   -3.1552911418e+04   -5.6659189462e-02   -9.4786299347e-02    6.2947819225e-02    1.5794502778e-02   -8.1871553782e-02    7.5631248823e-02    5.3735356787e+01    5.3735356787e+01    5.3735356787e+01
    1.7972221162e+03    1.8584735307e+03   -3.1564782158e+04    1.2444227680e-02   -2.7054262278e-02   -7.5670243765e-02    6.4551252357e-02   -1.2232086795e-02    1.6546548501e-02    5.3735356787e+01    5.3735356787e+01    5.3735356787e+01
    1.7989169860e+03    1.8602261637e+03   -3.1566520859e+04    2.3327658426e-02    1.7452877628e-01    1.3027001510e-01   -6.1261845235e-02    8.0540494531e-02   -6.0655036503e-02    5.3735356787e+01    5.3735356787e+01    5.3735356787e+01
    1.8023501049e+03    1.8637762872e+03   -3.1570137909e+04   -5.6257896866e-02   -1.2329630041e-01    1.4390340587e-01    7.9674982927e-02   -4.3503259314e-02    1.4296994170e-02    5.3735356787e+01    5.3735356787e+01    5.3735356787e+01
    1.7943159636e+03    1.8554683331e+03   -3.1561733042e+04    1.7150446708e-01    1.2766147515e-01    1.0627449230e-01   -3.4146675754e-02   -5.6143709205e-02    4.4000602249e-02    5.3735356787e+01    5.3735356787e+01    5.3735356787e+01
    1.7937313917e+03    1.8548638382e+03   -3.1561157468e+04   -5.8138016448e-02   -7.3828450040e-02   -4.4436031374e-03   -1.0389394166e-02    5.8723371037e-02   -1.2608946996e-03    5.3735356787e+01    5.3735356787e+01    5.3735356787e+01
    1.8132497447e+03    1.8750473994e+03   -3.1581445529e+04    8.3969628030e-02   -5.3057354671e-03    6.6499877557e-02    6.5897163841e-02   -9.7365894553e-02   -8.8410315267e-02    5.3735356787e+01    5.3735356787e+01    5.3735356787e+01
    1.7933749902e+03    1.8544952902e+03   -3.1560766681e+04    7.7853912388e-02    2.5761323867e-02    6.6604014567e-02    2.7896657084e-03    3.0719952036e-02    6.7006908492e-02    5.3735356787e+01    5.3735356787e+01    5.3735356787e+01
    1.7830607516e+03    1.8438295304e+03   -3.1550058717e+04    2.0567869125e-02   -9.3924695408e-03   -1.6269228352e-01   -1.8053795202e-02   -3.6437348547e-02   -3.3425642190e-02    5.3735356787e+01    5.3735356787e+01    5.3735356787e+01
    1.7832632534e+03    1.8440389336e+03   -3.1550281121e+04    7.9756899080e-02    8.5710220484e-02   -1.5438031617e-02    3.5990189995e-02    5.7919161183e-02    3.2850079335e-03    5.3735356787e+01    5.3735356787e+01    5.3735356787e+01
    1.7914844331e+03    1.8525403007e+03   -3.1558809611e+04   -6.4711334109e-02    2.6301674455e-02    6.5872841236e-02    2.3852289413e-02   -2.3857741818e-02    1.1709524703e-01    5.3735356787e+01    5.3735356787e+01    5.3735356787e+01
    1.8011625264e+03    1.8625482347e+03   -3.1568894163e+04    1.7767925318e-01    1.2951999256e-01   -4.3856230171e-02   -1.2278523920e-01   -1.0105803215e-01    1.8980441645e-02    5.3735356787e+01    5.3735356787e+01    5.3735356787e+01
    1.7869159024e+03    1.8478160691e+03   -3.1554051679e+04    7.2331951445e-02   -4.7754664302e-03   -8.4582419885e-02   -7.4270241201e-02   -6.2588786999e-02    5.5468979283e-02    5.3735356787e+01    5.3735356787e+01    5.3735356787e+01
    1.7895684343e+03    1.8505590025e+03   -3.1556865118e+04   -3.1781772972e-02   -1.9128585840e-03    6.6159170721e-02    5.7435940986e-02    6.4523185130e-02   -3.1603247257e-02    5.3735356787e+01    5.3735356787e+01    5.3735356787e+01
    1.7810896948e+03    1.8417912977e+03   -3.1548077566e+04   -3.0230567342e-02   -3.2541274799e-02    1.0657673755e-01    8.3629812518e-02   -6.5598159437e-02   -1.4154726970e-02    5.3735356787e+01    5.3735356787e+01    5.3735356787e+01
    1.7917293201e+03    1.8527935338e+03   -3.1559004157e+04    1.8711414303e-01    7.8435538761e-02   -3.7532619093e-02    2.5285323168e-02    6.5663542716e-02   -2.7723322704e-02    5.3735356787e+01    5.3735356787e+01    5.3735356787e+01
    1.7844371926e+03    1.8452528821e+03   -3.1551583284e+04   -1.9187186259e-01   -1.0561716116e-01    3.3977608457e-02    2.2688293773e-02   -1.7320532419e-02    1.0107643629e-01    5.3735356787e+01    5.3735356787e+01    5.3735356787e+01
    1.7920731205e+03    1.8531490513e+03   -3.1559452974e+04    2.9786207008e-02    5.9924253972e-02    1.0741221641e-02    1.6642348754e-03    1.5495902398e-02    2.2610770706e-02    5.3735356787e+01    5.3735356787e+01    5.3735356787e+01
    1.7829931460e+03    1.8437596207e+03   -3.1550041294e+04    1.4622325342e-01   -2.0787670824e-03    5.0008612676e-02    6.9380100337e-02   -1.2371945246e-01    2.0357142076e-02    5.3735356787e+01    5.3735356787e+01    5.3735356787e+01
    1.7873081985e+03    1.8482217351e+03   -3.1554449653e+04    1.5884112384e-02   -5.3846044095e-02    1.4500833594e-01   -7.8009266274e-03   -3.1047378554e-02   -5.1196119735e-02    5.3735356787e+01    5.3735356787e+01    5.3735356787e+01
    1.8090392835e+03    1.8706934408e+03   -3.1577028471e+04    7.9638356847e-02    9.6099526383e-02   -5.7267777772e-03   -6.6525879889e-02    7.9990103605e-02    8.5060121315e-02    5.3735356787e+01    5.3735356787e+01    5.3735356787e+01
    1.8043183603e+03    1.8658116230e+03   -3.1572136292e+04   -7.2036745514e-02   -1.4171787650e-01    5.4722183221e-03    4.5474226458e-02   -1.4921495072e-02    6.3579591154e-02    5.3735356787e+01    5.3735356787e+01    5.3735356787e+01
    1.7998619055e+03    1.8612032871e+03   -3.1567491337e+04    1.2565376585e-01   -5.4625861783e-03   -1.0421189022e-01    3.4268635357e-02   -1.3797979180e-02   -2.4760534896e-02    5.3735356787e+01    5.3735356787e+01    5.3735356787e+01
    1.8093794650e+03    1.8710452161e+03   -3.1577370276e+04   -8.6926367602e-03   -1.0299951001e-01    5.2629995804e-02   -1.2922167713e-01   -6.5011284103e-02   -2.1987004323e-02    5.3735356787e+01    5.3735356787e+01    5.3735356787e+01
    1.7900861209e+03    1.8510943324e+03   -3.1557388673e+04   -2.8202294760e-02    5.1304185484e-02    2.8230074472e-01    1.0796219881e-03    1.5096441314e-02    8.3186467420e-03    5.3735356787e+01    5.3735356787e+01    5.3735356787e+01
    1.7948797960e+03    1.8560513815e+03   -3.1562447560e+04   -3.6374021919e-02    2.0426984610e-01    7.9203831477e-02    2.6329043172e-02    5.0867671139e-02    1.1401304982e-01    5.3735356787e+01    5.3735356787e+01    5.3735356787e+01
    1.7780166795e+03    1.8386135504e+03   -3.1544837446e+04   -1.8749458164e-02   -1.3867458975e-02    1.8888793833e-02   -5.8437714306e-02   -9.3178020605e-03    9.6596173171e-02    5.3735356787e+01    5.3735356787e+01    5.3735356787e+01
    1.7845261566e+03    1.8453448781e+03   -3.1551598095e+04   -2.1941870901e-01   -1.2457603724e-01    9.4880905578e-02    1.6557259545e-01   -4.9148813703e-03   -1.0777148298e-01    5.3735356787e+01    5.3735356787e+01    5.3735356787e+01
    1.7866375930e+03    1.8475282747e+03   -3.1553719389e+04    1.3333963901e-01   -1.1298960040e-01   -5.0582236046e-02    5.5678468903e-02    1.1045194508e-01    4.9578253946e-03    5.3735356787e+01    5.3735356787e+01    5.3735356787e+01
    1.8175469712e+03    1.8794910804e+03   -3.1585806072e+04    5.2153659249e-02   -2.1758478827e-02   -1.8693293278e-01    1.3184428359e-01   -5.3432685485e-02    4.5587966360e-02    5.3735356787e+01    5.3735356787e+01    5.3735356787e+01
    1.7959978570e+03    1.8572075473e+03   -3.1563526642e+04    1.3422751508e-01   -8.5589276371e-02    1.4327143822e-02    2.3542901893e-03    3.4648613215e-02   -4.4494674457e-02    5.3735356787e+01    5.3735356787e+01    5.3735356787e+01
    1.7944219247e+03    1.8555779054e+03   -3.1561808667e+04    4.0549177808e-02    2.4492600835e-01    8.0486730309e-02   -6.2584085876e-02    1.1301553801e-02   -2.8542076473e-02    5.3735356787e+01    5.3735356787e+01    5.3735356787e+01
    1.8186899051e+03    1.8806729668e+03   -3.1586973508e+04    1.7346048116e-01    2.3193377853e-01    1.3913822590e-01   -3.0101929497e-02   -6.7921826888e-02    2.8486177670e-02    5.3735356787e+01    5.3735356787e+01    5.3735356787e+01
    1.8094940813e+03    1.8711637386e+03   -3.1577446655e+04    3.5746940346e-02    1.0081915774e-01    2.8912280050e-02    2.6737976898e-02    3.0448603621e-02    7.2205872408e-03    5.3735356787e+01    5.3735356787e+01    5.3735356787e+01
    1.8001111393e+03    1.8614610151e+03   -3.1567773032e+04   -4.7718992691e-02    2.4737392373e-02   -1.3812774007e-02   -3.4846828374e-03   -2.6530066408e-02   -4.2820347468e-02    5.3735356787e+01    5.3735356787e+01    5.3735356787e+01
    1.7849545698e+03    1.8457878921e+03   -3.1552074546e+04   -7.7380568898e-02    2.7063620771e-02    1.5064409995e-01    1.6698338662e-02   -8.4847684280e-02   -1.7427110204e-03    5.3735356787e+01    5.3735356787e+01    5.3735356787e+01
    1.8068160104e+03    1.8683943960e+03   -3.1574646727e+04    3.6773708294e-02    1.9545768531e-02    1.4786546674e-01    6.0219702270e-02   -3.3135735739e-02    7.4502975236e-02    5.3735356787e+01    5.3735356787e+01    5.3735356787e+01
    1.7975112081e+03    1.8587724752e+03   -3.1565079495e+04    8.6741126353e-02    7.2441805745e-02    1.3855467486e-01    3.8522172317e-02   -8.6182528698e-02    2.1159443269e-02    5.3735356787e+01    5.3735356787e+01    5.3735356787e+01
    1.8013789044e+03    1.8627719871e+03   -3.1569114422e+04   -6.2098875056e-02    2.4242316423e-02    2.3381721731e-01    1.3499309365e-02    1.2138408318e-01    1.0118017802e-01    5.3735356787e+01    5.3735356787e+01    5.3735356787e+01
    1.7928708915e+03    1.8539740112e+03   -3.1560299048e+04   -1.8111152818e-02    1.6168683699e-02   -8.9579090301e-02   -4.7709697939e-02    1.0789438304e-01   -3.5495986139e-02    5.3735356787e+01    5.3735356787e+01    5.3735356787e+01
    1.7942944500e+03    1.8554460863e+03   -3.1561797460e+04   -7.6033708941e-02    7.4100095939e-02   -8.3142437907e-02    8.5483872170e-02    9.8596298394e-03   -5.6073198883e-02    5.3735356787e+01    5.3735356787e+01    5.3735356787e+01
    1.7844172103e+03    1.8452322187e+03   -3.1551521312e+04   -8.7400849676e-02   -3.8679044511e-02   -1.3062943828e-01    4.7965560315e-02   -1.4313821748e-01   -2.5830905714e-02    5.3735356787e+01    5.3735356787e+01    5.3735356787e+01
    1.8042027306e+03    1.8656920525e+03   -3.1572033947e+04   -2.4262576725e-02   -7.5043946050e-03    5.3297563312e-02    4.7043875526e-02    2.1059208210e-02   -1.5306134846e-01    5.3735356787e+01    5.3735356787e+01    5.3735356787e+01
    1.7894293296e+03    1.8504151569e+03   -3.1556759262e+04    9.8820086660e-03    1.3812866115e-01   -6.4668409168e-02    6.3947051424e-03    1.7163673568e-03    2.6611746946e-02    5.3735356787e+01    5.3735356787e+01    5.3735356787e+01
    1.8001598381e+03    1.8615113736e+03   -3.1567876933e+04    1.5050748647e-01    7.3611309446e-02    9.1937689590e-02    6.8160804315e-02    5.4870214996e-03    1.4673461545e-02    5.3735356787e+01    5.3735356787e+01    5.3735356787e+01
    1.8000799906e+03    1.8614288048e+03   -3.1567741232e+04    4.3649742916e-02    6.5396784788e-03    4.7378293893e-02    1.7294086714e-02   -1.3500691265e-03    1.0550821462e-02    5.3735356787e+01    5.3735356787e+01    5.3735356787e+01
    1.7982510085e+03    1.8595374889e+03   -3.1565898368e+04    9.1639246699e-02    1.0170238480e-01   -1.3810370415e-01    1.7375181728e-02   -8.5367621576e-02    6.0687178776e-02    5.3735356787e+01    5.3735356787e+01    5.3735356787e+01
    1.8134970162e+03    1.8753030982e+03   -3.1581681213e+04    2.3837852829e-01    4.5292530945e-02   -9.5845429428e-04   -4.5477251024e-02    8.3563335335e-02   -6.0807364417e-02    5.3735356787e+01    5.3735356787e+01    5.3735356787e+01
    1.8025369469e+03    1.8639694970e+03   -3.1570306207e+04   -5.4903295882e-02   -2.1787535484e-01    1.8151458963e-02   -1.4353888719e-01   -3.5051021876e-02    1.1742956157e-02    5.3735356787e+01    5.3735356787e+01    5.3735356787e+01
    1.7941107366e+03    1.8552561117e+03   -3.1561589862e+04    1.8497970158e-01    1.0777750232e-01    1.4876575061e-01   -4.3201857284e-02   -4.3898859995e-03    8.7955924895e-02    5.3735356787e+01    5.3735356787e+01    5.3735356787e+01
    1.7801094147e+03    1.8407776084e+03   -3.1547067480e+04   -1.2108527321e-01   -7.9496875599e-02   -1.6620809796e-01   -2.5284788149e-02    2.6030040671e-02    8.7162529920e-02    5.3735356787e+01    5.3735356787e+01    5.3735356787e+01
    1.7907521479e+03    1.8517830584e+03   -3.1558105056e+04    6.3749658437e-02   -1.2557435624e-01   -1.8797451219e-02   -1.2551854045e-01    7.2456662977e-02   -4.0594169879e-02    5.3735356787e+01    5.3735356787e+01    5.3735356787e+01
    1.7920487106e+03    1.8531238094e+03   -3.1559468204e+04   -1.2241669403e-02   -1.2790907041e-01    2.5057018773e-02    7.4916249429e-03   -1.2345931097e-01   -4.5177554247e-03    5.3735356787e+01    5.3735356787e+01    5.3735356787e+01
    1.7891452364e+03    1.8501213814e+03   -3.1556380543e+04   -1.9019559733e-02    6.0426782583e-02    1.4266606544e-01   -5.9483818881e-02   -7.0329453333e-02    2.3952747825e-02    5.3735356787e+01    5.3735356787e+01    5.3735356787e+01
    1.7859597339e+03    1.8468273133e+03   -3.1553109273e+04   -1.8434823523e-02   -9.6137954424e-03    9.5967410722e-03    2.7282358212e-02   -1.8884241554e-02    1.4406226443e-01    5.3735356787e+01    5.3735356787e+01    5.3735356787e+01
    1.8144626853e+03    1.8763016784e+03   -3.1582792427e+04   -4.2295031503e-04    9.0326054931e-03    2.9055898949e-03   -6.8220916440e-02    6.0347536395e-02   -5.2019487517e-03    5.3735356787e+01    5.3735356787e+01    5.3735356787e+01
    1.8001662632e+03    1.8615180176e+03   -3.1567849502e+04   -7.8172163875e-02    3.0888650147e-02   -1.3959694221e-02    3.2570352836e-02   -7.3928238792e-02    3.7227980405e-02    5.3735356787e+01    5.3735356787e+01    5.3735356787e+01
    1.7947792555e+03    1.8559474145e+03   -3.1562307701e+04   -3.9424566818e-02   -1.5445285838e-02    1.7348235990e-01   -1.5441630834e-02    2.0412889210e-02   -1.4356773014e-04    5.3735356787e+01    5.3735356787e+01    5.3735356787e+01
    1.7983374403e+03    1.8596268663e+03   -3.1565958201e+04   -4.8496700906e-02    2.7632170855e-02    6.7081876822e-03   -9.0734394674e-02   -1.4507467657e-02   -3.5433860582e-02    5.3735356787e+01    5.3735356787e+01    5.3735356787e+01
    1.8023983189e+03    1.8638261443e+03   -3.1570110641e+04    6.0159312914e-02    2.8902952558e-01    5.5759930667e-02   -1.3932951829e-02    3.4379550192e-02   -7.8851492140e-02    5.3735356787e+01    5.3735356787e+01    5.3735356787e+01
    1.8071113147e+03    1.8686997646e+03   -3.1575103603e+04   -1.6217117668e-01   -4.1813988426e-02    2.7335079136e-02    9.5014067019e-03    4.5304916949e-02    4.9106610191e-03    5.3735356787e+01    5.3735356787e+01    5.3735356787e+01
    1.8002405819e+03    1.8615948692e+03   -3.1567897042e+04    1.1247556863e-01    4.9864922947e-02   -1.0526013987e-01    4.3957818538e-02    4.4449932161e-02   -5.9548962169e-03    5.3735356787e+01    5.3735356787e+01    5.3735356787e+01
    1.8071270841e+03    1.8687160714e+03   -3.1575016526e+04    1.5707407388e-01    1.0454433397e-01   -6.5113342976e-02    6.7737504165e-03   -9.9697120528e-02   -8.0445603613e-02    5.3735356787e+01    5.3735356787e+01    5.3735356787e+01
    1.7847703987e+03    1.8455974443e+03   -3.1551923380e+04   -3.0368582210e-02   -1.2992918154e-02    7.2376536737e-02   -3.4458657487e-02    7.4417817255e-02   -2.5602691371e-02    5.3735356787e+01    5.3735356787e+01    5.3735356787e+01
    1.7890670025e+03    1.8500404813e+03   -3.1556356220e+04    2.7125057460e-01    5.9510270166e-02    3.0379536332e-01    3.4932673183e-02    1.2219064332e-01   -6.2934973643e-02    5.3735356787e+01    5.3735356787e+01    5.3735356787e+01
    1.7862599170e+03    1.8471377271e+03   -3.1553373149e+04   -5.0128916385e-02    1.9975655363e-02    5.5851029211e-02   -1.9767013190e-02    1.2310048111e-01   -1.3574888027e-01    5.3735356787e+01    5.3735356787e+01    5.3735356787e+01
    1.7898972250e+03    1.8508989987e+03   -3.1557183453e+04   -2.3098674344e-01    1.1762544265e-01    4.4110306850e-02    5.8833925851e-02    3.3363089206e-02   -6.3236768942e-02    5.3735356787e+01    5.3735356787e+01    5.3735356787e+01
    1.8099527087e+03    1.8716379966e+03   -3.1577971479e+04   -9.6504343052e-02   -1.5372375206e-01   -1.2209687129e-01    9.9065850670e-02    5.3466029829e-02   -6.8083337975e-02    5.3735356787e+01    5.3735356787e+01    5.3735356787e+01
    1.7956849406e+03    1.8568839664e+03   -3.1563182758e+04    1.5914043961e-01    1.8879349877e-01    3.7899932227e-01   -3.2845911023e-02   -9.7803448180e-02    8.7379297850e-02    5.3735356787e+01    5.3735356787e+01    5.3735356787e+01
    1.7935895226e+03    1.8547171341e+03   -3.1560954548e+04    1.4195451423e-01    6.8128452368e-02    1.6061022285e-01    2.6402174256e-02    1.0447753454e-01   -9.3298300640e-02    5.3735356787e+01    5.3735356787e+01    5.3735356787e+01
    1.8026516831e+03    1.8640881435e+03   -3.1570435542e+04   -3.3221664449e-02    1.3975990347e-01   -2.7639286077e-02   -5.6845957250e-02   -3.3511009912e-02    2.1192782524e-02    5.3735356787e+01    5.3735356787e+01    5.3735356787e+01
    1.7873992346e+03    1.8483158739e+03   -3.1554633101e+04    2.4668982970e-01    4.0478742125e-02   -3.1529828547e-03    9.8688391506e-02   -9.3901536601e-02    2.0205420958e-02    5.3735356787e+01    5.3735356787e+01    5.3735356787e+01
    1.7762959050e+03    1.8368341299e+03   -3.1543104711e+04   -4.0804171078e-02   -7.6560874115e-02   -6.3663548849e-02    1.1785673502e-02    6.6703036640e-02   -1.7418121866e-02    5.3735356787e+01    5.3735356787e+01    5.3735356787e+01
    1.8058511154e+03    1.8673966162e+03   -3.1573719980e+04   -7.9221533474e-02   -1.3032275909e-01   -7.7202465489e-02    2.5572281134e-02   -9.5682843938e-02    3.8862607545e-02    5.3735356787e+01    5.3735356787e+01    5.3735356787e+01
    1.7974295428e+03    1.8586880266e+03   -3.1564993152e+04    2.6955640284e-01    1.6982078666e-01   -3.1243097113e-02    6.4732684845e-02    1.4016042178e-02   -4.7513517763e-02    5.3735356787e+01    5.3735356787e+01    5.3735356787e+01
    1.8060187146e+03    1.8675699274e+03   -3.1573890722e+04    8.1626540828e-02    2.0547373846e-01    2.8811387124e-01   -2.2685702015e-03    7.1876804503e-02   -2.7675045319e-02    5.3735356787e+01    5.3735356787e+01    5.3735356787e+01
    1.7797140585e+03    1.8403687781e+03   -3.1546650131e+04    4.2292846463e-02    2.0202586045e-02    1.4257347109e-01    5.5502698565e-02   -1.6062264415e-01   -3.6472283912e-02    5.3735356787e+01    5.3735356787e+01    5.3735356787e+01
    1.8086982129e+03    1.8703407461e+03   -3.1576714477e+04   -3.5282356832e-02   -8.6739043980e-03   -1.0793092245e-01   -1.2831414077e-01   -6.2169345822e-03   -1.2761336999e-02    5.3735356787e+01    5.3735356787e+01    5.3735356787e+01
    1.7911460570e+03    1.8521903924e+03   -3.1558508847e+04   -6.1723507633e-02    2.8377525508e-02    1.5086750747e-01   -1.0469973947e-01   -9.1403672944e-02    2.7973899450e-02    5.3735356787e+01    5.3735356787e+01    5.3735356787e+01
    1.8055486720e+03    1.8670838652e+03   -3.1573452848e+04    6.0116687104e-02   -3.4880755605e-02    9.7423930300e-02    6.2584746373e-02   -1.3841114254e-02    3.6738199827e-02    5.3735356787e+01    5.3735356787e+01    5.3735356787e+01
    1.8016521423e+03    1.8630545372e+03   -3.1569359071e+04    8.0968553884e-02   -1.0406011861e-01   -2.4125215860e-01    3.3447565782e-02   -5.0735523443e-02   -6.0989471567e-02    5.3735356787e+01    5.3735356787e+01    5.3735356787e+01
    1.8006875350e+03    1.8620570549e+03   -3.1568371682e+04    6.3530064371e-02    1.4633824932e-03   -1.3173871535e-02    4.4085616263e-02    5.8349794592e-03    1.3335622263e-01    5.3735356787e+01    5.3735356787e+01    5.3735356787e+01
    1.7947633525e+03    1.8559309695e+03   -3.1562243279e+04   -1.5002625249e-01   -6.2911348997e-02   -1.7532564247e-01    2.7019658715e-02   -5.9560330064e-02   -3.5871711231e-02    5.3735356787e+01    5.3735356787e+01    5.3735356787e+01
    1.7814466951e+03    1.8421604649e+03   -3.1548399277e+04    4.5696464642e-02   -1.4321758719e-01   -1.7122330641e-01   -7.5939644174e-02   -5.2247163382e-02    7.2615896900e-02    5.3735356787e+01    5.3735356787e+01    5.3735356787e+01
    1.7941311328e+03    1.8552772030e+03   -3.1561597476e+04    8.8882869118e-02    1.9848306963e-01   -1.9248933049e-02    2.2129437171e-02    3.9936789786e-02   -9.1971068393e-02    5.3735356787e+01    5.3735356787e+01    5.3735356787e+01
    1.7961502892e+03    1.8573651746e+03   -3.1563644216e+04   -1.7266963281e-01    3.6145859033e-02   -1.4915986221e-01    9.3432431733e-02    5.1286683089e-02   -2.1115581019e-02    5.3735356787e+01    5.3735356787e+01    5.3735356787e+01
    1.7975057841e+03    1.8587668663e+03   -3.1565115982e+04   -5.8833384772e-02   -3.0935017712e-02   -5.1352220764e-02    4.3744314397e-02    1.0591741716e-01    4.3587576888e-02    5.3735356787e+01    5.3735356787e+01    5.3735356787e+01
    1.7906146861e+03    1.8516409117e+03   -3.1558009932e+04    4.1535474008e-02    1.2121876072e-01    6.7622782134e-02    5.9444346425e-02   -5.4998636633e-02   -7.2378025769e-02    5.3735356787e+01    5.3735356787e+01    5.3735356787e+01
    1.8057983820e+03    1.8673420856e+03   -3.1573651083e+04   -9.4966867925e-02    4.1884938298e-02   -9.1248693924e-02    3.1526733852e-03    1.4314180439e-03    1.9054301104e-02    5.3735356787e+01    5.3735356787e+01    5.3735356787e+01
    1.7952368798e+03    1.8564206351e+03   -3.1562817317e+04   -9.4897435546e-02    1.4353399205e-01   -1.3715357754e-01    3.9649501662e-03    1.6292439256e-02   -5.0252762511e-02    5.3735356787e+01    5.3735356787e+01    5.3735356787e+01
    1.8070950474e+03    1.8686829428e+03   -3.1575067141e+04    1.6796823633e-01   -4.7199399492e-02    1.7134037687e-01    1.2684787023e-01   -6.5327151059e-03    1.0559341611e-02    5.3735356787e+01    5.3735356787e+01    5.3735356787e+01
    1.7896867498e+03    1.8506813503e+03   -3.1556986798e+04   -8.2452869690e-02    8.7729988085e-02   -6.8434067035e-02   -1.2118478308e-01    1.0358169655e-01    2.3825409495e-02    5.3735356787e+01    5.3735356787e+01    5.3735356787e+01
    1.8025822216e+03    1.8640163147e+03   -3.1570454890e+04   -5.4118823225e-02   -1.6878426397e-01   -1.1626362483e-01   -2.5718769185e-02   -8.4845216301e-02   -9.7436920750e-02    5.3735356787e+01    5.3735356787e+01    5.3735356787e+01
    1.8046318876e+03    1.8661358357e+03   -3.1572532108e+04    9.4835451626e-02    1.4028083283e-01    8.0745181319e-02    4.7618233995e-03    8.3819476084e-03    4.5543535791e-02    5.3735356787e+01    5.3735356787e+01    5.3735356787e+01
    1.7985778595e+03    1.8598754793e+03   -3.1566183895e+04    6.4327955801e-02   -6.6083643650e-02   -2.0718132633e-01   -1.1515310230e-01   -1.9739193773e-03    1.2936202959e-02    5.3735356787e+01    5.3735356787e+01    5.3735356787e+01
    1.8099646088e+03    1.8716503022e+03   -3.1577958396e+04    2.6307494737e-02   -9.9966386598e-02   -1.0370380243e-01    3.4958742377e-02    1.6621166063e-03    1.6152783078e-01    5.3735356787e+01    5.3735356787e+01    5.3735356787e+01
    1.8016499563e+03    1.8630522767e+03   -3.1569343791e+04   -3.2578241382e-02   -1.6834902270e-01    5.2104356155e-02    1.4316667353e-02    2.6673894199e-02   -2.6389678815e-02    5.3735356787e+01    5.3735356787e+01    5.3735356787e+01
    1.7844755032e+03    1.8452924984e+03   -3.1551608119e+04   -4.1425694172e-02    4.1409036719e-02   -9.6724320535e-03    4.7721088561e-02   -1.3964110753e-01   -1.4222673057e-02    5.3735356787e+01    5.3735356787e+01    5.3735356787e+01
    1.7982860282e+03    1.8595737020e+03   -3.1565905381e+04    4.6526543486e-02   -2.4560964658e-01    3.4193288711e-02    4.6675327790e-02    3.3912500767e-02    8.0316535030e-02    5.3735356787e+01    5.3735356787e+01    5.3735356787e+01
    1.7941419534e+03    1.8552883923e+03   -3.1561579028e+04    3.9064887181e-02   -1.9612722338e-01    8.3824872904e-02   -3.5763174341e-02    7.9040326202e-02    2.7152769166e-02    5.3735356787e+01    5.3735356787e+01    5.3735356787e+01
    1.8015124212e+03    1.8629100542e+03   -3.1569228546e+04   -9.1810499076e-02   -8.8899519960e-03   -3.5016669461e-02    5.4133331697e-03    1.4829089709e-02   -2.7444508295e-02    5.3735356787e+01    5.3735356787e+01    5.3735356787e+01
    1.8000559546e+03    1.8614039496e+03   -3.1567757082e+04    1.8231633477e-01    1.2198520280e-01    6.0325574699e-02    3.5844962211e-02   -6.8730026091e-02    2.9675017877e-02    5.3735356787e+01    5.3735356787e+01    5.3735356787e+01
    1.7981154145e+03    1.8593972736e+03   -3.1565777514e+04    4.8064491901e-02    1.0792534867e-01   -1.3526642124e-02   -5.9875083805e-02    6.6166356839e-02    6.8301136203e-02    5.3735356787e+01    5.3735356787e+01    5.3735356787e+01
    1.8060433999e+03    1.8675954540e+03   -3.1573938081e+04    4.0421178363e-02    8.3926663311e-02    2.0740244732e-01   -3.7611190914e-02   -2.4441102800e-02    9.9511776710e-03    5.3735356787e+01    5.3735356787e+01    5.3735356787e+01
    1.7789737255e+03    1.8396032137e+03   -3.1545976147e+04    8.7412012464e-02    6.9039493105e-02    9.0665661592e-02    1.1161017947e-01    2.1802844888e-02    1.2264426036e-02    5.3735356787e+01    5.3735356787e+01    5.3735356787e+01
    1.8090402486e+03    1.8706944388e+03   -3.1576980561e+04    1.5544345918e-01   -6.6666381722e-02   -1.8989778481e-01   -4.0165947108e-02    7.8766159501e-03   -1.1368145755e-01    5.3735356787e+01    5.3735356787e+01    5.3735356787e+01
    1.8064304995e+03    1.8679957464e+03   -3.1574285740e+04    2.4477032501e-02   -6.3269546243e-03    9.6327155792e-02   -8.4321472935e-02    1.3707342672e-02   -2.5005579050e-02    5.3735356787e+01    5.3735356787e+01    5.3735356787e+01
    1.7912274389e+03    1.8522745478e+03   -3.1558567774e+04   -8.6469029645e-02    2.0900703416e-02   -9.1256551617e-02    7.2144294256e-02   -1.2184380710e-01    4.9486608290e-02    5.3735356787e+01    5.3735356787e+01    5.3735356787e+01
    1.7734247807e+03    1.8338651544e+03   -3.1540092315e+04    1.8132119467e-01   -2.6329150862e-02    1.1476900191e-01   -8.4343407733e-02   -8.8099644486e-03   -5.2769164691e-02    5.3735356787e+01    5.3735356787e+01    5.3735356787e+01
    1.8048583562e+03    1.8663700226e+03   -3.1572767524e+04   -7.3112989622e-02   -1.7539661837e-01   -5.3306769495e-02   -1.0018857674e-01    7.2113780216e-02    3.3013017322e-02    5.3735356787e+01    5.3735356787e+01    5.3735356787e+01
    1.8056714737e+03    1.8672108521e+03   -3.1573518397e+04   -1.3415555916e-02    5.0050038415e-02    5.3397827900e-02    4.8825570614e-02    4.6822039930e-02    1.5397289593e-02    5.3735356787e+01    5.3735356787e+01    5.3735356787e+01
    1.7890765536e+03    1.8500503578e+03   -3.1556303473e+04   -1.0285972461e-01    3.7165799257e-02   -7.2397059815e-02   -4.6981889981e-02   -1.6233258142e-02   -9.1117811060e-02    5.3735356787e+01    5.3735356787e+01    5.3735356787e+01
    1.7875025031e+03    1.8484226619e+03   -3.1554668736e+04   -5.6020885364e-02   -2.2946537975e-01   -2.6469949113e-01   -4.5571602994e-03    4.4645014153e-02   -4.2653674387e-02    5.3735356787e+01    5.3735356787e+01    5.3735356787e+01
    1.7912255216e+03    1.8522725652e+03   -3.1558555102e+04    2.5608947258e-01    1.1637803664e-01    2.1436904355e-01   -6.6187389043e-03    7.4632016525e-02    2.2203642885e-02    5.3735356787e+01    5.3735356787e+01    5.3735356787e+01
    1.7877061219e+03    1.8486332203e+03   -3.1554935393e+04   -1.1992366575e-01   -5.7162916580e-02   -1.8186596795e-01    1.4439877767e-02    6.3552650186e-02   -9.7767117585e-02    5.3735356787e+01    5.3735356787e+01    5.3735356787e+01
    1.8012897488e+03    1.8626797929e+03   -3.1569006017e+04   -6.3698544121e-03   -1.2601410247e-01   -9.4894099356e-02   -4.0987909424e-02    7.1205549329e-02   -9.2115056322e-03    5.3735356787e+01    5.3735356787e+01    5.3735356787e+01
    1.8017498949e+03    1.8631556213e+03   -3.1569502858e+04   -1.3934748940e-01   -9.6294242368e-02   -1.4192643107e-01   -4.8148441416e-02    9.3728626504e-02    2.0328618916e-02    5.3735356787e+01    5.3735356787e+01    5.3735356787e+01
    1.7986197887e+03    1.8599188375e+03   -3.1566257300e+04    1.2358356234e-01    1.7440872284e-01    1.1113946905e-01   -1.3826933519e-01   -2.8571250570e-02    3.1291476635e-02    5.3735356787e+01    5.3735356787e+01    5.3735356787e+01
    1.8043116054e+03    1.8658046379e+03   -3.1572074095e+04   -2.4866550191e-02   -1.0086013308e-01   -3.0820638466e-02    5.9594689508e-02   -7.2118762669e-02    4.1947805416e-02    5.3735356787e+01    5.3735356787e+01    5.3735356787e+01
    1.7990841252e+03    1.8603989992e+03   -3.1566711515e+04   -1.7013909212e-01   -3.9098613565e-02    2.7932375003e-02    2.9316597333e-02   -6.3181045607e-02    3.1747329514e-02    5.3735356787e+01    5.3735356787e+01    5.3735356787e+01
    1.8036114311e+03    1.8650806008e+03   -3.1571447282e+04   -5.1350969492e-02   -3.9046174390e-02    7.9455160534e-02   -2.6225358910e-02   -8.9883688487e-03   -4.0911135254e-02    5.3735356787e+01    5.3735356787e+01    5.3735356787e+01
    1.7989226044e+03    1.8602319735e+03   -3.1566546583e+04   -1.6431387062e-01   -6.5164750861e-02   -7.3061772071e-02    4.7800619864e-02   -5.2136366823e-02   -7.4366833870e-02    5.3735356787e+01    5.3735356787e+01    5.3735356787e+01
    1.7950639535e+03    1.8562418153e+03   -3.1562567875e+04    6.0951648833e-04    6.0429237014e-02    1.2602311359e-01    2.4903874253e-02   -4.3499979353e-02    5.2297057741e-03    5.3735356787e+01    5.3735356787e+01    5.3735356787e+01
