0.144583 -0.11605 0.271858 0.0274192 0.0221584 -0.0164468 -4.51884e+06 -4.51884e+06 -4.51884e+06 -4.51884e+06 -4.51884e+06 -4.51884e+06
-0.43447 -0.19943 -0.357371 0.0290413 -0.00799382 -0.00352967 -4.51884e+06 -4.51884e+06 -4.51884e+06 -4.51884e+06 -4.51884e+06 -4.51884e+06
0.0227266 0.0567913 -0.0871853 0.013653 0.0146108 0.00590782 -4.51884e+06 -4.51884e+06 -4.51884e+06 -4.51884e+06 -4.51884e+06 -4.51884e+06
-0.518471 -0.199381 -0.349495 0.00102419 0.00790617 -0.0058229 -4.51884e+06 -4.51884e+06 -4.51884e+06 -4.51884e+06 -4.51884e+06 -4.51884e+06
0.244465 -0.0480775 0.135994 -0.0125646 -0.0324107 0.0255848 -4.51884e+06 -4.51884e+06 -4.51884e+06 -4.51884e+06 -4.51884e+06 -4.51884e+06
-0.135027 0.186811 -0.0124515 0.00275019 0.0222144 0.00522652 -4.51884e+06 -4.51884e+06 -4.51884e+06 -4.51884e+06 -4.51884e+06 -4.51884e+06
-0.143062 -0.261149 -0.169383 -0.0015724 -0.0169425 -0.00539554 -4.51884e+06 -4.51884e+06 -4.51884e+06 -4.51884e+06 -4.51884e+06 -4.51884e+06
-0.534298 -0.546319 -0.57065 0.0113432 -0.00675992 -0.000274702 -4.51884e+06 -4.51884e+06 -4.51884e+06 -4.51884e+06 -4.51884e+06 -4.51884e+06
-0.020661 0.0859043 -0.146478 0.000952069 0.00669971 0.00932973 -4.51884e+06 -4.51884e+06 -4.51884e+06 -4.51884e+06 -4.51884e+06 -4.51884e+06
-0.353432 -0.146529 -0.406931 -0.0216473 0.035384 0.0132766 -4.51884e+06 -4.51884e+06 -4.51884e+06 -4.51884e+06 -4.51884e+06 -4.51884e+06
-0.327965 -0.285995 -0.459341 -0.0125321 0.00288668 0.00736904 -4.51884e+06 -4.51884e+06 -4.51884e+06 -4.51884e+06 -4.51884e+06 -4.51884e+06
0.336842 0.298195 0.509511 0.0311028 0.0566734 0.0325933 -4.51884e+06 -4.51884e+06 -4.51884e+06 -4.51884e+06 -4.51884e+06 -4.51884e+06
-0.157903 0.0975581 0.0528674 0.0132601 -0.00815306 -0.00171319 -4.51884e+06 -4.51884e+06 -4.51884e+06 -4.51884e+06 -4.51884e+06 -4.51884e+06
-1.17574 -1.17512 -1.17734 0.000101365 -5.16643e-05 0.00012777 -4.51884e+06 -4.51884e+06 -4.51884e+06 -4.51884e+06 -4.51884e+06 -4.51884e+06
-1.17657 -1.17596 -1.17684 9.03899e-06 1.63901e-05 -2.30823e-05 -4.51884e+06 -4.51884e+06 -4.51884e+06 -4.51884e+06 -4.51884e+06 -4.51884e+06
-0.282218 -0.269505 -0.234464 0.014608 -0.0197168 -0.0219838 -4.51884e+06 -4.51884e+06 -4.51884e+06 -4.51884e+06 -4.51884e+06 -4.51884e+06
-0.44683 -0.578957 -0.464406 0.00424279 -0.0149769 -0.00103849 -4.51884e+06 -4.51884e+06 -4.51884e+06 -4.51884e+06 -4.51884e+06 -4.51884e+06
0.1239 -0.0226773 0.535724 -0.0319843 0.0254019 -0.0623606 -4.51884e+06 -4.51884e+06 -4.51884e+06 -4.51884e+06 -4.51884e+06 -4.51884e+06
-1.17725 -1.1754 -1.17526 -4.41153e-05 0.000132644 0.000115357 -4.51884e+06 -4.51884e+06 -4.51884e+06 -4.51884e+06 -4.51884e+06 -4.51884e+06
-1.17709 -1.17543 -1.17623 8.96632e-06 1.92508e-05 4.5281e-05 -4.51884e+06 -4.51884e+06 -4.51884e+06 -4.51884e+06 -4.51884e+06 -4.51884e+06
-0.328497 -0.22291 -0.389644 -0.0122571 0.0334243 -0.00381473 -4.51884e+06 -4.51884e+06 -4.51884e+06 -4.51884e+06 -4.51884e+06 -4.51884e+06
0.567551 0.260334 0.201728 -0.018707 0.0593421 0.0160858 -4.51884e+06 -4.51884e+06 -4.51884e+06 -4.51884e+06 -4.51884e+06 -4.51884e+06
-0.304865 -0.330484 -0.271409 -0.021117 0.00230079 0.00713668 -4.51884e+06 -4.51884e+06 -4.51884e+06 -4.51884e+06 -4.51884e+06 -4.51884e+06
-0.474433 -0.435528 -0.433937 0.00548973 -0.00643244 0.00892623 -4.51884e+06 -4.51884e+06 -4.51884e+06 -4.51884e+06 -4.51884e+06 -4.51884e+06
0.308787 0.158323 0.305792 0.00543691 0.00864684 0.011127 -4.51884e+06 -4.51884e+06 -4.51884e+06 -4.51884e+06 -4.51884e+06 -4.51884e+06
