0.526215 -1e+06
0.421539 -1e+06
0.505679 -1e+06
0.400777 -1e+06
0.537318 -1e+06
0.464624 -1e+06
0.477754 -1e+06
0.406909 -1e+06
0.500668 -1e+06
0.429222 -1e+06
0.443163 -1e+06
0.553307 -1e+06
0.44822 -1e+06
0.311415 -1e+06
0.311251 -1e+06
0.437648 -1e+06
0.448741 -1e+06
0.503901 -1e+06
0.311123 -1e+06
0.311124 -1e+06
0.439649 -1e+06
0.601707 -1e+06
0.446697 -1e+06
0.445734 -1e+06
0.553832 -1e+06
0.466405 -1e+06
0.468212 -1e+06
0.50742 -1e+06
0.470235 -1e+06
0.480692 -1e+06
0.538885 -1e+06
0.456635 -1e+06
0.408719 -1e+06
0.512865 -1e+06
0.470535 -1e+06
0.454148 -1e+06
0.539413 -1e+06
0.511805 -1e+06
0.311529 -1e+06
0.311401 -1e+06
0.444411 -1e+06
0.42164 -1e+06
0.47638 -1e+06
0.311469 -1e+06
0.311459 -1e+06
0.466642 -1e+06
0.543936 -1e+06
0.44419 -1e+06
0.452404 -1e+06
0.516119 -1e+06
0.546311 -1e+06
0.435023 -1e+06
0.485534 -1e+06
0.443227 -1e+06
0.525025 -1e+06
0.491355 -1e+06
0.473777 -1e+06
0.40192 -1e+06
0.474045 -1e+06
0.419797 -1e+06
0.419809 -1e+06
0.584486 -1e+06
0.503564 -1e+06
0.311101 -1e+06
0.311229 -1e+06
0.453174 -1e+06
0.44256 -1e+06
0.592983 -1e+06
0.311524 -1e+06
0.31129 -1e+06
0.434851 -1e+06
0.530001 -1e+06
0.448884 -1e+06
0.452869 -1e+06
0.556679 -1e+06
0.00650697 -1e+06
0.0091587 -1e+06
0.00221337 -1e+06
0.00360795 -1e+06
-0.000172339 -1e+06
0.00162297 -1e+06
-0.000101232 -1e+06
0.00455861 -1e+06
0.00333864 -1e+06
-0.00494537 -1e+06
-0.00550375 -1e+06
0.00974651 -1e+06
-0.00067679 -1e+06
3.27159e-05 -1e+06
1.00346e-05 -1e+06
-0.00215645 -1e+06
0.00050087 -1e+06
-0.0128611 -1e+06
-4.78548e-06 -1e+06
3.05894e-06 -1e+06
-0.00576283 -1e+06
-0.00515931 -1e+06
-0.00215578 -1e+06
0.000193012 -1e+06
0.00516239 -1e+06
0.000558425 -1e+06
-0.00224434 -1e+06
0.0016679 -1e+06
0.00151262 -1e+06
-0.00463863 -1e+06
0.00458552 -1e+06
-0.005364 -1e+06
-0.00291623 -1e+06
0.000567609 -1e+06
0.00742622 -1e+06
0.000128903 -1e+06
0.0145366 -1e+06
-0.00166717 -1e+06
-1.90876e-05 -1e+06
3.53032e-06 -1e+06
-0.00413374 -1e+06
-0.00453559 -1e+06
0.00642277 -1e+06
2.90869e-05 -1e+06
4.27582e-06 -1e+06
0.0109212 -1e+06
0.013837 -1e+06
-0.00237417 -1e+06
-0.00145231 -1e+06
-0.00052192 -1e+06
-0.00469895 -1e+06
-0.00306967 -1e+06
0.00225914 -1e+06
-0.00281204 -1e+06
0.00288744 -1e+06
0.000129164 -1e+06
-0.000988252 -1e+06
0.00144717 -1e+06
0.000972998 -1e+06
0.000130692 -1e+06
7.37127e-05 -1e+06
0.0075173 -1e+06
-0.00259766 -1e+06
3.03249e-05 -1e+06
-1.13997e-05 -1e+06
-0.0064119 -1e+06
-0.000280828 -1e+06
-0.0125863 -1e+06
2.13279e-05 -1e+06
1.36158e-05 -1e+06
-0.00301165 -1e+06
0.00310311 -1e+06
0.00109143 -1e+06
0.00124002 -1e+06
-0.00123497 -1e+06
