2 0.641758 0.314815 136.544
4 2.01324 1.43334 149.895
6 4.0064 3.49764 162.482
8 6.26102 6.23066 171.148
10 8.10425 8.60059 176.574
12 9.00246 9.7648 181.118
14 9.48609 10.3738 188.835
16 10.7908 11.7997 200.664
18 13.1384 13.9552 210.47
20 15.3403 15.4591 212.191
22 16.7167 16.1906 208.342
24 18.2901 17.638 206.228
26 21.07 20.1516 209.153
28 24.1128 22.0772 215.372
30 25.7003 22.6174 222.076
32 25.9892 23.4241 226.992
34 26.857 25.8263 228.484
36 28.9538 28.3485 226.773
38 30.6836 29.1878 224.412
40 31.0634 29.7511 224.431
42 31.8801 32.768 228.057
44 35.1012 37.5547 234.366
46 39.28 40.6142 241.153
48 41.1368 41.0722 245.319
50 40.5118 41.874 244.235
52 40.855 44.6888 239.437
54 43.9674 47.2187 237.545
56 47.1862 47.4177 243.625
58 47.7679 47.2939 254.535
60 47.4116 49.6664 263.075
62 49.3172 53.2613 267.624
64 52.7248 54.5945 272.624
66 54.3172 53.725 280.985
68 54.0435 54.2238 291.842
70 55.2253 57.4253 304.26
72 58.8012 60.6447 317.725
74 61.7722 61.9366 332.879
76 62.5367 62.9071 357.083
78 63.7312 65.1939 399.611
80 67.453 67.438 450.694
82 71.2498 68.225 476.679
84 72.326 69.4419 452.313
86 72.7676 73.3292 390.749
88 76.0759 77.9063 327.442
90 80.701 79.501 282.006
92 82.2998 78.9292 249.261
94 81.1564 80.3139 219.599
96 81.778 84.0414 192.417
98 85.5588 86.4709 171.042
100 89.4066 87.0902 155.214
102 91.8682 89.7896 141.267
104 95.0579 95.5824 126.446
106 99.5413 100.317 111.288
108 102.739 101.93 97.6355
110 104.01 103.77 85.5276
112 106.128 107.78 73.4065
114 110.014 110.778 60.3673
116 113.37 111.279 46.6603
118 115.94 113.368 33.1247
120 120.266 119.313 21.49
122 126.034 125.019 14.3161
124 129.799 127.6 13.5476
126 131.122 130.563 19.101
128 133.355 136.644 28.9122
130 138.423 142.698 40.4988
132 145.481 146.483 52.5958
134 153.517 151.302 65.1573
136 161.701 159.41 78.428
138 169.027 167.903 92.6611
140 176.11 175.35 107.758
142 186.283 186.072 122.849
144 204.042 204.47 137.678
146 230.741 229.644 153.745
148 258.565 255.206 172.145
150 271.684 269.686 192.099
152 260.712 262.362 213.273
154 234.475 236.388 236.545
156 210.49 209.583 263.254
158 196.605 194.671 299.334
160 188.741 187.589 354.572
162 182.104 180.882 423.964
164 176.405 175.398 475.084
166 172.424 172.711 474.677
168 169.604 169.834 428.261
170 166.732 166.077 374.966
172 162.89 163.639 343.39
174 158.495 161.31 329.973
176 155.241 157.207 319.117
178 153.921 153.753 305.224
180 153.227 152.702 291.498
182 151.663 151.737 280.544
184 149.475 149.899 271.849
186 147.9 148.91 263.902
188 147.426 148.57 256.293
190 147.471 147.681 249.854
192 147.463 147.349 244.502
194 147.635 148.478 238.767
196 148.496 149.774 232.608
198 149.91 150.66 227.998
200 151.276 151.996 225.729
202 152.363 153.628 224.69
204 153.37 154.645 224.438
206 154.38 155.096 225.007
208 155.357 155.694 224.629
210 156.559 157.157 221.329
212 158.427 159.845 216.141
214 161.019 163.076 211.467
216 163.849 165.805 207.348
218 166.3 167.876 202.523
220 167.934 169.151 197.797
222 168.459 168.762 195.256
224 167.81 166.737 195.143
226 166.319 164.516 195.829
228 164.405 162.793 195.976
230 162.092 160.726 195.522
232 159.141 157.699 195.313
234 155.64 154.285 195.788
236 152.179 151.438 195.88
238 149.597 149.637 194.901
240 148.481 148.635 193.921
242 148.413 147.625 189.91
244 147.981 145.924 170.874
246 146.415 143.906 127.456
248 144.762 143.014 70.2543
250 144.435 144.149 24.2875
252 145.515 146.37 3.57045
254 147.596 148.411 0.593442
256 150.785 150.878 1.59713
258 154.449 154.928 1.39233
260 156.774 159.359 1.11573
262 157.017 161.582 1.24527
264 156.606 161.23 1.21598
266 157.063 160.468 1.12213
268 158.345 160.835 1.15484
270 159.767 161.862 1.15637
272 161.131 162.854 1.11755
274 162.494 164.13 1.132
276 163.738 165.958 1.14488
278 164.786 167.693 1.13214
280 165.802 168.608 1.14382
282 167.015 168.742 1.16186
284 168.638 168.764 1.16506
286 171.035 169.674 1.18286
288 174.586 172.392 1.21362
290 178.888 176.818 1.24156
292 182.091 181.306 1.28243
294 184.166 185.678 1.34142
296 196.407 199.868 1.4223
298 243.654 246.76 1.56265
300 340.512 340.948 1.7781
302 464.809 462.684 2.02917
304 582.519 579.671 2.28389
306 704.636 702.085 2.55519
308 874.596 872.258 2.8571
310 1077.76 1076.06 3.13764
312 1213.6 1213.37 3.26926
314 1192.55 1193.21 3.14327
316 1019.83 1019.04 2.76759
318 761.2 756.991 2.23977
320 480.01 472.983 1.67119
322 234.239 227.283 1.16874
324 76.4052 72.1575 0.812679
326 15.1091 13.8206 0.607271
328 7.26972 7.3443 0.494722
330 8.21748 8.31475 0.421189
332 5.99458 5.92091 0.363508
334 4.80045 4.76812 0.315706
336 4.69423 4.69837 0.276812
338 4.0234 3.99826 0.244812
340 3.53291 3.50789 0.217227
342 3.42629 3.41518 0.194577
344 3.11084 3.09174 0.176446
346 2.81819 2.79509 0.160077
348 2.72562 2.70488 0.145331
350 2.5436 2.51792 0.132906
352 2.33536 2.31302 0.121378
354 2.24938 2.24076 0.110883
356 2.14464 2.14148 0.102504
358 2.01219 2.01031 0.0950314
360 1.94463 1.95197 0.0879378
362 1.8696 1.88752 0.082077
364 1.7679 1.79067 0.0766316
366 1.70807 1.73056 0.0711501
368 1.6497 1.66727 0.066796
370 1.56384 1.57745 0.0632296
372 1.50539 1.5199 0.0596279
374 1.46339 1.47604 0.0567025
376 1.40379 1.4095 0.0543414
378 1.35456 1.3577 0.0517902
380 1.31697 1.32298 0.0497055
382 1.26926 1.27499 0.0482424
384 1.23106 1.23215 0.0465412
386 1.20478 1.20193 0.0448822
388 1.1686 1.16415 0.0435737
390 1.13666 1.13116 0.0419597
392 1.1181 1.11 0.0401515
394 1.09168 1.08086 0.0383603
396 1.06058 1.05147 0.0358325
398 1.03892 1.03481 0.0326443
400 1.01636 1.01434 0.0295482
