0 1 1 1
0.005 0.372653 0.373006 0.761974
0.01 -0.494249 -0.493976 0.246294
0.015 -0.369147 -0.369829 -0.145656
0.02 0.169041 0.16865 -0.183479
0.025 0.0537114 0.0550508 0.0196536
0.03 -0.319233 -0.317889 0.175832
0.035 -0.0875127 -0.0884366 0.117797
0.04 0.33085 0.329103 -0.0805022
0.045 0.131528 0.131382 -0.233852
0.05 -0.272021 -0.271978 -0.244148
0.055 -0.107081 -0.109146 -0.157959
0.06 0.240914 0.238798 -0.0649013
0.065 0.0482217 0.0492122 0.00856445
0.07 -0.295155 -0.29299 0.0869679
0.075 -0.0872605 -0.0879874 0.163016
0.08 0.28488 0.282241 0.177292
0.085 0.118418 0.118245 0.0936224
0.09 -0.232673 -0.229944 -0.0364302
0.095 -0.0917997 -0.0896705 -0.114789
0.1 0.215141 0.215382 -0.0974545
0.105 0.0534353 0.0537506 -0.0325234
0.11 -0.248706 -0.247343 0.00327969
0.115 -0.0764964 -0.0750935 -0.0137717
0.12 0.242478 0.24339 -0.046073
0.125 0.0959863 0.0965045 -0.0526569
0.13 -0.209376 -0.209669 -0.0338755
0.135 -0.0783981 -0.0792353 -0.0154323
0.14 0.203511 0.20369 -0.00580192
0.145 0.0651942 0.066515 0.0117719
0.15 -0.217093 -0.216886 0.0450872
0.155 -0.0868624 -0.0886549 0.0690724
0.16 0.196902 0.195352 0.0515635
0.165 0.0923553 0.0924688 -0.00169293
0.17 -0.166822 -0.166811 -0.0450967
0.175 -0.0690364 -0.0703598 -0.0427747
0.18 0.166484 0.165562 -0.00887927
0.185 0.0583654 0.0590026 0.0118125
0.19 -0.177132 -0.17675 -0.00309425
0.195 -0.0759539 -0.0771917 -0.0328277
0.2 0.156906 0.155571 -0.0447191
0.205 0.0744056 0.0743211 -0.032252
0.21 -0.135974 -0.136007 -0.014052
0.215 -0.0545371 -0.0557199 -0.00342243
0.22 0.140438 0.138985 0.00718999
0.225 0.053809 0.0531072 0.0282325
0.23 -0.140909 -0.141188 0.04974
0.235 -0.065291 -0.0654197 0.0475399
0.24 0.120052 0.120408 0.0138522
0.245 0.0580004 0.0584901 -0.0273054
0.25 -0.104689 -0.104762 -0.0428777
0.255 -0.0397851 -0.0399684 -0.0262188
0.26 0.109962 0.110365 -0.00217645
0.265 0.0394968 0.0397361 0.00341975
0.27 -0.110101 -0.110906 -0.00892368
0.275 -0.0494273 -0.0503517 -0.0196761
0.28 0.0901051 0.0903842 -0.017355
0.285 0.039431 0.0405978 -0.00860314
0.29 -0.0797208 -0.0785626 -0.00270938
0.295 -0.0242951 -0.0233066 0.0030069
0.3 0.0851534 0.0854433 0.0159062
0.305 0.0256869 0.0243928 0.0314293
0.31 -0.0826116 -0.0844546 0.0333406
0.315 -0.0316221 -0.0317462 0.013331
0.32 0.0648597 0.0660665 -0.0151466
0.325 0.0178174 0.0177368 -0.0286264
0.33 -0.0628033 -0.0639827 -0.0188062
0.335 -0.00853662 -0.00777421 -0.00101854
0.34 0.0683305 0.071037 0.00433588
0.345 0.0124625 0.0134633 -0.00556186
0.35 -0.0643735 -0.0658398 -0.0162778
0.355 -0.0169097 -0.0173986 -0.0162302
0.36 0.0496174 0.0510054 -0.0090068
0.365 0.00537785 0.00525559 -0.00365704
0.37 -0.0478892 -0.0503125 0.000260278
0.375 0.00296587 0.00204682 0.0105478
0.38 0.054052 0.0558412 0.0268589
0.385 0.00214188 0.00283618 0.0354421
0.39 -0.0494959 -0.051283 0.0239971
0.395 -0.0053571 -0.00564731 -0.00152453
0.4 0.0366766 0.0396785 -0.0205631
0.405 -0.00629446 -0.00418888 -0.0192443
0.41 -0.0377711 -0.0394969 -0.00441197
0.415 0.0130572 0.0106503 0.00571424
0.42 0.0463593 0.0464834 0.0020976
0.425 -0.00403716 -0.00318758 -0.0078479
0.43 -0.039239 -0.0399003 -0.0125957
0.435 0.0033801 0.00292612 -0.0103728
0.44 0.0299165 0.0314914 -0.00723891
0.445 -0.0145245 -0.0127134 -0.00520653
0.45 -0.0369093 -0.0369512 0.000749168
0.455 0.0126234 0.0115601 0.012384
0.46 0.0405932 0.0397866 0.0206804
0.465 -0.00354401 -0.00452036 0.0143017
0.47 -0.0317977 -0.0329992 -0.0053779
0.475 0.00476543 0.00452417 -0.0227809
0.48 0.0255768 0.0263039 -0.0239281
0.485 -0.0125834 -0.0121569 -0.0112052
0.49 -0.0318985 -0.0315354 0.000320308
0.495 0.00819171 0.00981088 -3.56945e-05
0.5 0.0322437 0.0343045 -0.00858699
0.505 -0.00143643 -0.00118685 -0.0145756
0.51 -0.0240904 -0.0255346 -0.0133711
0.515 0.00453682 0.00371672 -0.00885748
0.52 0.0220431 0.0227042 -0.00455272
0.525 -0.00888563 -0.00783737 0.0019824
0.53 -0.0286603 -0.0277911 0.0131176
0.535 0.00133911 0.00214176 0.0231044
0.54 0.0265889 0.0266668 0.0216032
0.545 0.00543195 0.0042111 0.0063283
0.55 -0.0169562 -0.0187949 -0.0116455
0.555 1.14136e-05 -0.001915 -0.0183507
0.56 0.0186684 0.0164077 -0.0114877
0.565 0.00019025 -0.00121675 -0.0017729
0.57 -0.0223647 -0.0204624 -7.06065e-05
0.575 -0.00817505 -0.00342423 -0.0062865
0.58 0.017126 0.0206822 -0.0122855
0.585 0.0108846 0.0111188 -0.0128181
0.59 -0.0111908 -0.011909 -0.00979203
0.595 -0.00835657 -0.00792804 -0.00622478
0.6 0.0108903 0.011085 -0.000607637
0.605 0.00753833 0.00641546 0.00940904
0.61 -0.0147371 -0.0152575 0.0197467
0.615 -0.0151698 -0.0138893 0.021185
0.62 0.0100835 0.0110874 0.00992397
0.625 0.0188484 0.017909 -0.00576741
0.63 -0.00268868 -0.00420043 -0.0127921
0.635 -0.014975 -0.0157467 -0.00701366
0.64 0.00286951 0.00208515 0.00274962
0.645 0.0142379 0.0133607 0.00528783
0.65 -0.00572003 -0.0053913 -0.000805869
0.655 -0.0198066 -0.0190599 -0.00750914
0.66 0.0029299 0.00132825 -0.00820921
0.665 0.0248855 0.0211143 -0.00445977
0.67 0.00711469 0.00464262 -0.00113856
0.675 -0.0158179 -0.0160977 0.00146894
0.68 -0.000122284 -0.00132342 0.00690888
0.685 0.0220767 0.0187121 0.0146531
0.69 0.00422823 0.00173129 0.0174332
0.695 -0.0210933 -0.0206383 0.00931248
0.7 -0.00280005 -0.00102396 -0.00535493
0.705 0.0262631 0.0284102 -0.0145879
0.71 0.00896611 0.0136894 -0.0112694
0.715 -0.0241656 -0.0158078 -0.000827588
0.72 -0.0119839 -0.00288336 0.00513692
0.725 0.0175489 0.0244955 0.00159201
0.73 0.00140544 0.00670287 -0.0056978
0.735 -0.0324769 -0.0278708 -0.00827331
0.74 -0.0169567 -0.0151069 -0.00442747
0.745 0.0221014 0.0183674 0.00108867
0.75 0.0141745 0.00535626 0.00467409
0.755 -0.0189444 -0.0293695 0.00757339
0.76 -0.00750031 -0.016312 0.0113684
0.765 0.0272798 0.0217093 0.0131305
0.77 0.0152168 0.0135302 0.00835686
0.775 -0.0225436 -0.0204076 -0.00189215
0.78 -0.0142517 -0.00919665 -0.0101052
0.785 0.0209221 0.0272165 -0.0101486
0.79 0.0118696 0.0170639 -0.0042818
0.795 -0.0231313 -0.0215323 -0.000349963
0.8 -0.0142765 -0.0175801 -0.00265202
0.805 0.0198343 0.0128679 -0.00782715
0.81 0.0103369 0.00332056 -0.0101768
0.815 -0.0230976 -0.0263241 -0.0087017
0.82 -0.0114873 -0.00941722 -0.00674336
0.825 0.0248943 0.0305946 -0.00575135
0.83 0.0161249 0.0221626 -0.00272684
0.835 -0.0191192 -0.015489 0.00454051
0.84 -0.0123132 -0.0126898 0.0118385
0.845 0.0187419 0.0139537 0.0115087
0.85 0.00813078 0.00121376 0.00172964
0.855 -0.0250633 -0.0287297 -0.00963574
0.86 -0.0151734 -0.011478 -0.0126423
0.865 0.0197111 0.0282631 -0.00598382
0.87 0.0153342 0.0213688 0.00189336
0.875 -0.01274 -0.0137728 0.00245754
0.88 -0.00592957 -0.012459 -0.00411637
0.885 0.0183636 0.010119 -0.0107492
0.89 0.00573692 -0.000893967 -0.0121848
0.895 -0.022534 -0.0231376 -0.00951892
0.9 -0.012232 -0.00326431 -0.00635416
0.905 0.0152784 0.0297803 -0.00341048
0.91 0.00813474 0.0165133 0.000886928
0.915 -0.0124104 -0.0184305 0.00568187
0.92 0.000370483 -0.0161115 0.0066904
0.925 0.0208799 0.00604077 0.00133377
0.93 0.00359996 0.000519713 -0.00680232
0.935 -0.022521 -0.0114915 -0.0109524
0.94 -0.0103469 0.00839066 -0.00864033
0.945 0.0128937 0.026349 -0.00428864
0.95 0.00280437 -0.000179579 -0.0035605
0.955 -0.013686 -0.0316184 -0.00664708
0.96 0.00311589 -0.0153824 -0.00885456
0.965 0.0224371 0.0177814 -0.00707505
0.97 0.00507127 0.0169654 -0.00328354
0.975 -0.0165454 0.00338805 -0.000863375
0.98 -0.0027974 0.0133671 0.000471051
0.985 0.0154945 0.020269 0.00378152
0.99 0.00201734 -0.00251258 0.00932976
0.995 -0.0118382 -0.0139948 0.0124684
