2.75664 0
5.46305 0
5.05045 0
3.97372 0
5.34937 0
4.08805 0
3.19707 0
3.66564 0
4.31223 0
5.25698 0
3.58188 0
4.27065 0
4.22007 0
4.05866 0
3.89786 0
3.7836 0
5.43101 0
3.61942 0
4.15447 0
3.64876 0
3.76745 0
3.85049 0
4.20574 0
4.1311 0
4.99478 0
4.35692 0
4.60267 0
4.20589 0
3.84588 0
4.5685 0
3.58701 0
4.30483 0
4.05492 0
4.75658 0
3.34859 0
4.28184 0
3.7593 0
5.62512 0
3.61099 0
5.22037 0
3.66752 0
3.00663 0
5.40469 0
3.68527 0
3.28102 0
3.00305 0
4.65775 0
3.35986 0
4.9019 0
3.82581 0
3.80028 0
4.15148 0
4.68961 0
4.75327 0
3.85155 0
5.16645 0
5.15674 0
3.86874 0
3.838 0
4.53794 0
3.41729 0
3.69286 0
3.79637 0
4.50731 0
4.31823 0
4.37998 0
5.59402 0
4.73818 0
4.5447 0
4.34735 0
4.64028 0
5.16819 0
3.51406 0
4.18769 0
4.47804 0
4.13318 0
3.91465 0
3.67977 0
4.0646 0
4.40825 0
3.47583 0
2.99826 0
4.28909 0
4.03226 0
4.58683 0
3.69036 0
3.62269 0
3.31285 0
5.18445 0
3.16526 0
3.87058 0
3.70595 0
4.31374 0
4.17087 0
3.78939 0
3.3573 0
3.84444 0
3.7699 0
4.30915 0
3.70312 0
4.48548 0
3.90282 0
4.42437 0
3.55934 0
3.72418 0
4.20639 0
4.3676 0
3.68565 0
3.98677 0
3.36351 0
4.27958 0
4.10356 0
4.3317 0
3.78059 0
4.3434 0
4.72075 0
4.37748 0
4.13528 0
4.47125 0
4.377 0
3.81864 0
3.83601 0
3.33501 0
3.85802 0
4.27005 0
3.4426 0
4.32378 0
4.38019 0
4.84218 0
4.17686 0
3.51297 0
3.01731 0
3.75504 0
3.54576 0
3.38764 0
3.72319 0
3.20322 0
4.13215 0
4.81461 0
3.41289 0
3.84748 0
4.61959 0
3.76482 0
3.90687 0
5.24493 0
4.83363 0
3.62777 0
3.63962 0
3.71072 0
3.7108 0
3.75692 0
3.73614 0
4.01424 0
3.7493 0
4.33865 0
4.07602 0
3.55841 0
3.71125 0
3.42191 0
4.39574 0
4.57866 0
3.71927 0
3.68403 0
3.35299 0
3.97669 0
4.12548 0
5.65016 0
3.59929 0
3.65277 0
3.69893 0
3.99866 0
3.73526 0
4.52273 0
4.31276 0
3.8161 0
3.43674 0
4.09119 0
3.44266 0
3.64387 0
3.85416 0
4.33771 0
3.50197 0
3.87236 0
4.07129 0
3.72713 0
4.7801 0
3.02694 0
3.50583 0
3.56541 0
3.67758 0
4.06748 0
4.1131 0
3.57596 0
2.96944 0
3.68318 0
3.73713 0
3.81014 0
3.90408 0
3.78084 0
4.00808 0
3.79441 0
3.86367 0
3.38392 0
4.44875 0
3.73775 0
3.64845 0
4.39491 0
3.6753 0
3.63011 0
3.49265 0
3.53549 0
3.43904 0
3.43746 0
3.67342 0
3.90409 0
4.67333 0
3.65965 0
5.21549 0
3.71402 0
4.22083 0
3.90884 0
4.19872 0
3.61011 0
4.39315 0
3.87594 0
4.02935 0
3.74599 0
3.99319 0
3.48061 0
4.01582 0
3.62712 0
3.79493 0
4.10736 0
4.20021 0
5.09617 0
3.6697 0
3.74747 0
3.63996 0
4.47522 0
3.82622 0
3.66258 0
4.33223 0
4.20402 0
4.41029 0
3.79839 0
3.73312 0
4.67967 0
3.89566 0
4.86257 0
4.28984 0
3.64157 0
3.64964 0
3.83156 0
4.03278 0
3.6824 0
3.44232 0
4.17888 0
3.48484 0
3.74964 0
3.87947 0
3.70845 0
3.738 0
3.7191 0
4.97161 0
3.52594 0
3.52992 0
3.581 0
3.71182 0
3.34261 0
3.39271 0
3.79309 0
4.34286 0
3.75347 0
3.86024 0
3.44107 0
4.09763 0
3.83914 0
3.7425 0
3.61893 0
4.84204 0
3.88198 0
3.33009 0
4.06671 0
3.73491 0
3.49195 0
3.86764 0
3.77829 0
3.80421 0
3.61878 0
3.7444 0
3.74225 0
4.19415 0
4.25793 0
4.09181 0
4.84134 0
4.26557 0
4.19902 0
2.94489 0
4.15614 0
4.40454 0
3.96139 0
3.36065 0
3.98938 0
3.50184 0
3.51089 0
4.01036 0
3.51173 0
3.41977 0
3.51335 0
3.69349 0
3.83378 0
3.52871 0
3.44236 0
5.34467 0
3.76037 0
3.98449 0
4.47672 0
3.65577 0
4.40945 0
3.92339 0
3.63069 0
3.63447 0
3.81769 0
3.79047 0
3.66821 0
4.61555 0
3.94822 0
3.83687 0
3.90741 0
3.88246 0
4.58911 0
3.42391 0
3.69498 0
3.48714 0
4.23716 0
3.63959 0
3.47721 0
3.70815 0
3.52715 0
3.83049 0
3.45023 0
3.48947 0
3.39662 0
3.69623 0
3.78499 0
4.03482 0
3.78333 0
3.48195 0
3.71071 0
3.58386 0
3.8552 0
3.69859 0
3.9709 0
3.67068 0
4.36298 0
4.14467 0
4.058 0
4.42539 0
3.70362 0
4.0923 0
3.69606 0
4.32667 0
3.66451 0
3.80424 0
4.24053 0
3.44534 0
3.50587 0
4.17063 0
3.51992 0
3.28275 0
3.52578 0
3.96821 0
3.39242 0
3.87526 0
3.48976 0
4.45619 0
4.05051 0
3.94418 0
3.5705 0
3.44229 0
3.70171 0
4.23821 0
4.54937 0
3.66119 0
3.97219 0
3.32796 0
3.49554 0
3.74189 0
4.211 0
3.84702 0
3.57626 0
3.97853 0
3.57679 0
3.68168 0
4.46344 0
3.65972 0
3.85982 0
3.71075 0
3.79061 0
3.594 0
3.26311 0
4.42285 0
3.39752 0
3.79909 0
3.53962 0
3.76437 0
4.34985 0
3.82116 0
3.59556 0
4.45744 0
3.81013 0
4.40112 0
3.63449 0
3.61561 0
4.04094 0
3.78387 0
3.52338 0
3.78915 0
3.40961 0
3.21323 0
3.68454 0
3.79645 0
3.52347 0
3.75145 0
3.72323 0
3.34004 0
3.71986 0
3.41209 0
4.31473 0
3.78055 0
4.10755 0
4.36755 0
3.68058 0
3.80315 0
3.68804 0
3.65839 0
3.6649 0
3.78017 0
3.61168 0
4.58948 0
3.40039 0
3.81845 0
3.63635 0
3.72857 0
3.63464 0
3.58896 0
3.64495 0
3.37573 0
3.54458 0
3.50161 0
3.46335 0
3.63901 0
4.23973 0
3.48518 0
3.67796 0
3.58783 0
3.58546 0
3.74022 0
3.51776 0
3.48388 0
3.52029 0
3.69052 0
3.46332 0
3.72069 0
3.84196 0
3.65989 0
3.71772 0
3.6559 0
3.21772 0
3.45411 0
3.63065 0
3.79852 0
3.66149 0
3.11366 0
3.78415 0
3.75406 0
4.30886 0
3.39796 0
3.67227 0
3.84316 0
3.55075 0
3.78549 0
3.60992 0
3.98813 0
3.77747 0
4.11153 0
3.53834 0
3.28926 0
3.81309 0
3.58453 0
3.66907 0
3.68302 0
3.72432 0
3.66796 0
3.55591 0
3.23294 0
3.80318 0
3.63159 0
3.94651 0
3.62675 0
3.85821 0
3.75947 0
3.58017 0
3.85589 0
3.91788 0
4.93529 0
3.90652 0
3.47465 0
3.40955 0
3.69262 0
3.60476 0
4.03488 0
3.75253 0
3.61581 0
4.39062 0
3.63793 0
4.00603 0
3.75215 0
4.24783 0
3.6992 0
3.6251 0
3.67848 0
3.60235 0
3.68477 0
3.50709 0
3.53436 0
5.16431 0
3.66542 0
3.75918 0
3.57554 0
3.6385 0
4.25657 0
3.43087 0
3.66697 0
3.45063 0
3.39002 0
3.63447 0
3.41993 0
3.21953 0
3.79313 0
3.48979 0
3.68718 0
3.68133 0
3.36951 0
5.26428 0
3.91847 0
3.40231 0
3.34361 0
3.72684 0
3.83924 0
3.65896 0
3.48464 0
3.37837 0
3.47268 0
3.90454 0
3.76859 0
4.12849 0
3.52818 0
3.64333 0
4.02955 0
4.31896 0
3.76648 0
4.63944 0
3.84816 0
3.46064 0
3.82165 0
3.77368 0
3.68825 0
3.52369 0
4.85863 0
3.64563 0
3.78692 0
3.494 0
3.46774 0
3.7884 0
3.66592 0
3.70914 0
3.3749 0
3.64833 0
3.61898 0
3.6919 0
4.06317 0
3.49666 0
3.70132 0
3.71917 0
4.70778 0
3.4379 0
3.93013 0
3.78273 0
3.68191 0
3.55869 0
3.73256 0
3.74443 0
3.6061 0
3.64665 0
3.4649 0
3.67156 0
3.76389 0
3.33923 0
3.57178 0
3.27516 0
3.98238 0
3.64885 0
4.11794 0
4.74483 0
3.71203 0
3.5223 0
3.42335 0
3.66168 0
3.41051 0
4.36374 0
3.5122 0
4.00542 0
3.3741 0
3.68266 0
4.12217 0
4.56854 0
3.58576 0
3.196 0
3.72975 0
4.56391 0
3.4376 0
3.59595 0
3.758 0
3.86748 0
3.62058 0
3.96461 0
3.58891 0
4.22408 0
3.80472 0
3.70872 0
4.87389 0
3.26448 0
3.79944 0
3.9468 0
3.33154 0
3.48269 0
3.67454 0
3.45549 0
3.91349 0
3.33463 0
3.46987 0
3.82687 0
3.79186 0
3.38233 0
3.7212 0
3.64194 0
3.47961 0
3.63474 0
3.3616 0
3.4522 0
3.46851 0
3.28139 0
3.46803 0
3.71994 0
4.46225 0
3.74154 0
3.54354 0
3.40379 0
3.69509 0
3.40788 0
3.55247 0
3.27623 0
3.69571 0
3.69854 0
3.83419 0
3.43437 0
3.72935 0
4.14843 0
3.59255 0
3.50558 0
3.73503 0
4.3013 0
3.96786 0
4.24013 0
3.72698 0
3.70042 0
3.63363 0
4.10997 0
4.84328 0
3.53232 0
3.71338 0
3.4026 0
3.60794 0
3.54242 0
3.77827 0
3.505 0
3.30526 0
3.85702 0
3.67855 0
3.76899 0
3.88485 0
4.65985 0
3.34384 0
3.40264 0
3.66674 0
3.66274 0
3.71261 0
3.41201 0
4.44587 0
3.31778 0
3.42998 0
3.42781 0
3.56782 0
3.478 0
3.02707 0
3.7404 0
3.72052 0
3.63138 0
3.59153 0
3.84995 0
3.77667 0
3.55493 0
3.43691 0
3.3496 0
3.44571 0
3.45068 0
3.36519 0
3.83654 0
3.47515 0
3.18118 0
3.68271 0
3.74939 0
3.78376 0
3.73989 0
3.5686 0
3.40621 0
5.20365 0
3.77148 0
3.34923 0
3.69819 0
3.41478 0
3.68936 0
4.43279 0
4.38967 0
4.02596 0
3.41014 0
3.61444 0
3.65075 0
4.64621 0
3.90896 0
3.6141 0
3.40509 0
3.7178 0
4.25884 0
3.37991 0
3.8127 0
3.76214 0
3.44047 0
3.47611 0
3.46032 0
3.39699 0
3.35031 0
3.57542 0
4.16702 0
3.5782 0
3.80396 0
3.77746 0
3.75594 0
3.83499 0
4.82402 0
3.6221 0
3.55294 0
3.34053 0
3.68714 0
3.69164 0
3.47187 0
3.69448 0
3.94611 0
3.50487 0
3.71981 0
4.24875 0
3.75411 0
3.73049 0
3.49612 0
3.76901 0
3.63956 0
4.22563 0
3.65881 0
3.76741 0
3.57117 0
3.67709 0
3.75271 0
3.66607 0
3.56821 0
4.07576 0
3.60385 0
3.73862 0
3.27679 0
3.38015 0
3.53044 0
3.4591 0
3.71151 0
3.38994 0
3.96386 0
3.40147 0
3.55606 0
3.64359 0
3.42229 0
3.2973 0
3.79347 0
3.35729 0
3.82677 0
3.35448 0
3.68543 0
3.36157 0
3.50395 0
3.4132 0
4.68324 0
3.37151 0
3.63392 0
4.43645 0
3.91558 0
3.87828 0
3.58785 0
3.69362 0
3.41777 0
3.71802 0
3.50833 0
4.08776 0
3.76622 0
3.99488 0
3.69897 0
3.56694 0
3.38437 0
3.40527 0
4.55757 0
3.64116 0
3.63599 0
3.32667 0
3.32903 0
3.63872 0
3.51114 0
3.43966 0
3.87753 0
3.81586 0
3.84984 0
3.47623 0
3.69426 0
3.82828 0
4.02596 0
3.39721 0
3.44938 0
3.77331 0
4.5193 0
3.42633 0
3.33192 0
3.54529 0
3.41101 0
4.0495 0
3.74659 0
3.74604 0
3.33396 0
3.82049 0
3.79323 0
3.74998 0
3.48707 0
4.50927 0
3.46272 0
3.68313 0
3.39515 0
3.69578 0
3.81296 0
3.56943 0
3.6995 0
3.58153 0
3.3664 0
3.56697 0
3.35275 0
3.74565 0
3.3287 0
3.36661 0
3.62615 0
3.23307 0
3.64638 0
3.60534 0
3.58715 0
4.15579 0
3.27886 0
3.47702 0
3.84154 0
4.1742 0
3.57599 0
3.63042 0
3.78215 0
3.71895 0
3.80994 0
3.51104 0
3.78609 0
3.68279 0
4.40265 0
3.49567 0
3.68793 0
3.46419 0
3.19183 0
3.69874 0
3.88566 0
3.65985 0
3.62917 0
3.67554 0
3.46498 0
4.58919 0
3.75657 0
3.51127 0
3.68415 0
3.33671 0
3.37217 0
3.74806 0
3.71481 0
3.77918 0
3.39217 0
3.52693 0
3.8528 0
4.55908 0
3.57506 0
3.64229 0
3.48006 0
3.94369 0
3.3957 0
3.26295 0
3.53093 0
3.89599 0
3.39308 0
3.64283 0
3.71284 0
3.74937 0
3.91686 0
3.76106 0
3.45782 0
4.49849 0
3.89247 0
3.45412 0
3.73543 0
3.39386 0
3.64525 0
3.59287 0
4.43223 0
3.66739 0
3.87917 0
3.4501 0
3.71045 0
4.03888 0
4.26783 0
3.33588 0
3.85453 0
3.24622 0
3.68226 0
3.97982 0
4.48781 0
3.48471 0
3.5812 0
3.71581 0
4.60461 0
3.74146 0
3.37484 0
3.81609 0
3.63323 0
3.75486 0
3.36679 0
4.21515 0
3.55543 0
3.70933 0
3.54542 0
3.67989 0
3.55818 0
3.51025 0
3.81226 0
3.58086 0
3.22793 0
4.02425 0
3.67085 0
3.66782 0
3.58765 0
3.57301 0
3.77973 0
3.85985 0
3.58582 0
3.47262 0
4.61352 0
3.50277 0
3.90738 0
3.54356 0
3.67099 0
3.72928 0
3.71792 0
3.49909 0
3.54487 0
3.38391 0
3.71059 0
3.78291 0
4.4085 0
3.82286 0
3.80721 0
4.36507 0
3.75839 0
3.90555 0
3.46777 0
3.60298 0
3.87862 0
3.41779 0
3.58176 0
4.1404 0
3.41013 0
3.70392 0
4.44571 0
3.45987 0
3.49947 0
3.76988 0
3.46021 0
3.50865 0
3.80092 0
3.81611 0
3.41207 0
3.46088 0
3.64949 0
4.20482 0
3.44547 0
3.43741 0
3.74393 0
3.83868 0
3.3648 0
3.51949 0
3.38943 0
3.70897 0
3.43727 0
3.75246 0
3.53476 0
3.84337 0
3.67062 0
3.98244 0
3.49585 0
3.75759 0
3.74595 0
3.68739 0
3.73964 0
3.7399 0
3.6805 0
3.29768 0
3.66794 0
3.68283 0
3.66919 0
3.63212 0
3.79461 0
3.57041 0
3.40904 0
4.25568 0
3.5081 0
3.69952 0
3.64848 0
4.29442 0
3.56423 0
3.74222 0
3.72782 0
3.7325 0
3.41373 0
3.35721 0
3.86071 0
3.82396 0
4.25258 0
3.53268 0
3.63457 0
4.03627 0
3.68429 0
3.38231 0
3.54248 0
3.45231 0
4.16994 0
3.71304 0
3.43122 0
3.64516 0
3.41586 0
3.89733 0
3.29231 0
3.3166 0
4.40576 0
3.41554 0
3.56866 0
4.56137 0
3.91245 0
3.71744 0
4.51128 0
3.74331 0
3.7692 0
3.7453 0
3.53855 0
3.50708 0
3.50862 0
3.93516 0
3.49449 0
3.79131 0
3.577 0
3.39292 0
3.40726 0
3.62787 0
3.7174 0
3.21746 0
3.68821 0
4.49278 0
3.72235 0
3.75601 0
4.01744 0
3.6803 0
3.62511 0
3.68666 0
3.75919 0
3.73597 0
3.59768 0
3.81213 0
3.74801 0
3.75232 0
3.65324 0
3.73888 0
4.09171 0
3.75776 0
4.84776 0
4.69932 0
4.38043 0
3.42125 0
3.68446 0
3.60924 0
4.57003 0
3.9103 0
3.6637 0
4.0617 0
3.76604 0
3.49464 0
3.69564 0
3.66003 0
3.79275 0
3.79862 0
3.30582 0
3.74759 0
3.65228 0
3.55148 0
3.40149 0
3.92582 0
3.57626 0
3.92292 0
3.40436 0
3.48003 0
3.66393 0
3.61963 0
3.81174 0
3.41045 0
3.68221 0
4.4055 0
3.6631 0
4.363 0
3.74938 0
3.66448 0
3.74946 0
3.72198 0
3.5943 0
3.51334 0
3.38269 0
3.6933 0
3.64131 0
3.46704 0
4.42837 0
3.33037 0
3.75718 0
3.6537 0
3.70279 0
3.73378 0
3.68616 0
3.78493 0
3.75432 0
3.39813 0
4.19037 0
3.43698 0
3.73083 0
3.56631 0
3.74229 0
4.28525 0
4.12612 0
3.82121 0
3.43739 0
3.66795 0
3.53155 0
3.4413 0
3.68132 0
4.36674 0
4.14393 0
3.78406 0
3.28136 0
3.85358 0
3.64518 0
4.37731 0
4.02276 0
3.49086 0
3.71441 0
3.73384 0
4.4129 0
3.39744 0
3.80751 0
3.84895 0
3.40112 0
4.12112 0
3.78321 0
3.70423 0
3.62119 0
3.59491 0
3.72226 0
3.6367 0
3.60359 0
3.81565 0
3.56039 0
3.52731 0
3.36602 0
3.79977 0
3.65211 0
3.45732 0
3.50713 0
3.40123 0
3.64357 0
4.03131 0
3.5042 0
3.90087 0
3.70245 0
3.33763 0
3.61219 0
3.64843 0
3.43716 0
3.54345 0
3.84032 0
3.52319 0
3.47736 0
3.44059 0
3.57011 0
3.52214 0
3.80126 0
3.60798 0
3.66268 0
3.67812 0
3.69654 0
3.45452 0
3.436 0
3.60301 0
3.47577 0
3.56939 0
3.41891 0
3.42653 0
3.69858 0
3.44742 0
3.92276 0
3.54807 0
4.03711 0
4.21914 0
3.65217 0
3.68126 0
4.38176 0
3.79724 0
3.90806 0
4.20065 0
3.6225 0
3.60474 0
3.8595 0
3.5078 0
3.57444 0
3.7637 0
3.62328 0
3.48256 0
3.68059 0
3.5333 0
3.57827 0
3.48343 0
3.56341 0
3.85571 0
3.95357 0
3.77842 0
3.30707 0
3.63675 0
3.94144 0
3.51102 0
3.82542 0
3.91526 0
3.72729 0
4.24819 0
3.67785 0
3.72738 0
3.78011 0
3.72939 0
3.79673 0
3.40663 0
3.40864 0
3.90505 0
3.4361 0
3.99634 0
3.81263 0
3.54851 0
3.69629 0
3.52731 0
3.42788 0
3.58858 0
3.6137 0
3.95476 0
3.8035 0
3.79993 0
3.50318 0
3.86531 0
3.77314 0
3.7489 0
3.3553 0
3.74391 0
3.89457 0
3.71776 0
3.7628 0
3.77132 0
3.91778 0
4.2794 0
3.84273 0
4.13867 0
3.8 0
3.81307 0
3.77 0
3.72507 0
3.43948 0
3.66091 0
3.65491 0
3.43111 0
3.56679 0
3.70334 0
4.36346 0
4.03076 0
3.94399 0
3.68437 0
4.17171 0
4.01546 0
3.47466 0
3.58236 0
3.50416 0
3.4336 0
3.43415 0
3.69437 0
3.41931 0
3.70575 0
3.82197 0
3.46662 0
3.39312 0
3.52211 0
3.89531 0
3.30137 0
3.74061 0
3.39436 0
3.47062 0
3.72136 0
4.25744 0
3.18254 0
3.62131 0
4.06059 0
3.34964 0
4.19514 0
3.37162 0
3.51404 0
4.06435 0
3.75819 0
3.56966 0
3.37642 0
3.3683 0
3.44684 0
3.66745 0
3.81132 0
3.91659 0
3.60538 0
3.79917 0
3.83625 0
3.47423 0
3.35358 0
3.70642 0
3.42353 0
3.95118 0
3.61946 0
3.72967 0
3.51386 0
3.36912 0
3.76207 0
3.6407 0
3.82275 0
3.34837 0
3.41804 0
3.58495 0
3.72088 0
3.67168 0
3.50987 0
3.51148 0
3.54711 0
3.81273 0
3.65145 0
3.70258 0
3.42841 0
3.41033 0
3.55252 0
3.7418 0
3.33204 0
4.42522 0
3.88025 0
3.20161 0
4.62596 0
3.43613 0
3.63753 0
3.41338 0
3.38684 0
3.5449 0
3.73618 0
4.28884 0
3.39928 0
3.83449 0
3.81169 0
3.59809 0
3.7424 0
3.71224 0
3.46402 0
3.49555 0
3.46268 0
3.4798 0
4.1013 0
3.797 0
3.64378 0
3.51465 0
3.73625 0
3.71181 0
3.48882 0
3.69392 0
3.36463 0
3.54719 0
3.37714 0
3.76317 0
3.76504 0
3.75221 0
4.18165 0
3.67406 0
3.58898 0
3.68886 0
3.45282 0
3.57251 0
3.35891 0
3.61933 0
3.53827 0
3.71608 0
3.78017 0
4.18476 0
3.54014 0
3.47443 0
3.4838 0
3.45885 0
4.23919 0
4.06213 0
3.67241 0
3.6662 0
3.51416 0
4.35367 0
3.73668 0
3.64035 0
3.64852 0
3.4542 0
3.39068 0
3.62456 0
3.36137 0
3.71944 0
3.54159 0
3.48218 0
3.53381 0
3.82254 0
3.53626 0
3.74625 0
3.79207 0
3.91533 0
3.49297 0
3.34895 0
3.6129 0
3.59114 0
3.67725 0
3.91409 0
3.69037 0
3.70736 0
3.23476 0
4.18621 0
3.76627 0
3.88936 0
3.55627 0
3.42053 0
4.03831 0
3.83092 0
3.40303 0
4.10067 0
3.39057 0
3.39451 0
3.72884 0
3.81339 0
4.00397 0
3.41512 0
3.73566 0
3.47673 0
3.57411 0
3.55665 0
3.41531 0
3.60187 0
3.72262 0
3.79372 0
3.79659 0
3.601 0
3.36906 0
3.90076 0
3.62783 0
3.62151 0
3.43081 0
3.43829 0
4.26813 0
3.16975 0
3.60119 0
4.84996 0
3.48508 0
3.50501 0
3.50672 0
3.98354 0
3.68107 0
4.07423 0
3.52161 0
3.46939 0
3.41301 0
3.9835 0
3.61652 0
3.99035 0
3.75874 0
3.62092 0
4.02191 0
3.98882 0
3.49586 0
3.7927 0
3.87253 0
3.30307 0
3.94484 0
3.72843 0
3.35697 0
3.53811 0
3.69914 0
3.72649 0
3.1879 0
3.70933 0
3.62522 0
3.44475 0
3.63066 0
3.45783 0
3.60969 0
3.93461 0
3.78688 0
3.401 0
3.78348 0
3.78364 0
3.77899 0
3.85634 0
3.57461 0
3.38898 0
3.53904 0
3.75425 0
3.39565 0
3.5579 0
3.37862 0
3.51933 0
3.61321 0
3.81678 0
3.4523 0
3.28741 0
3.57053 0
3.74828 0
3.42735 0
4.39878 0
3.75787 0
3.80748 0
3.44029 0
3.71905 0
3.63172 0
3.65577 0
3.80671 0
3.56819 0
3.5891 0
3.52514 0
3.67521 0
3.44702 0
3.7598 0
3.49737 0
3.8451 0
3.7762 0
3.70443 0
3.73211 0
3.67832 0
4.5639 0
3.44774 0
3.61616 0
3.68882 0
3.46594 0
4.19352 0
3.52555 0
3.75587 0
3.44646 0
3.10045 0
3.77059 0
3.29646 0
3.49135 0
3.58015 0
3.33353 0
3.5126 0
3.52726 0
4.34668 0
3.48594 0
4.16111 0
3.81062 0
3.78982 0
3.69205 0
3.74832 0
3.40684 0
3.65028 0
3.73877 0
3.39979 0
3.45403 0
3.4131 0
3.87291 0
3.00926 0
3.90949 0
3.84181 0
4.18264 0
3.66438 0
3.81872 0
3.76245 0
3.92767 0
3.86219 0
3.6983 0
3.58412 0
4.17422 0
3.82783 0
3.80188 0
3.61204 0
3.70986 0
3.42403 0
3.9273 0
3.39832 0
3.50861 0
3.41985 0
3.57795 0
3.69684 0
3.44801 0
3.6719 0
3.55294 0
3.48765 0
3.57692 0
3.37627 0
3.41632 0
3.40606 0
3.70851 0
3.57785 0
3.63212 0
3.43863 0
3.74337 0
3.50616 0
3.88061 0
3.33475 0
3.70151 0
3.67612 0
3.66175 0
3.39514 0
3.4769 0
3.58762 0
3.36793 0
4.20987 0
3.45108 0
3.49956 0
3.48355 0
3.51058 0
3.33701 0
3.54567 0
3.93665 0
4.07059 0
3.45977 0
3.52841 0
3.76008 0
3.67396 0
3.52948 0
3.51974 0
3.59169 0
3.60468 0
3.93139 0
3.78188 0
3.36504 0
3.39497 0
3.40259 0
3.83596 0
3.77302 0
3.6209 0
3.69416 0
4.20938 0
3.50983 0
3.78381 0
3.55812 0
3.19617 0
3.71408 0
3.6695 0
3.36308 0
3.45027 0
3.8896 0
3.40157 0
3.49148 0
3.79159 0
3.47894 0
3.87491 0
3.40226 0
3.53476 0
3.81866 0
3.67965 0
3.77267 0
3.33076 0
3.84587 0
3.38545 0
3.35652 0
3.83758 0
3.95884 0
3.41339 0
3.56082 0
4.07078 0
3.94924 0
3.60891 0
3.46537 0
3.4095 0
3.82644 0
3.74655 0
3.54874 0
3.64614 0
3.60812 0
3.43676 0
3.89631 0
3.56167 0
3.56011 0
3.4369 0
4.01664 0
3.80415 0
3.76797 0
3.44395 0
3.46893 0
3.58484 0
3.50394 0
3.59201 0
3.42052 0
3.68859 0
3.62168 0
4.42948 0
3.29632 0
3.52803 0
4.04869 0
3.47095 0
3.51688 0
3.28537 0
4.00272 0
3.40219 0
3.45433 0
3.32691 0
3.58979 0
4.60475 0
3.48765 0
3.6719 0
3.50312 0
3.46583 0
3.88259 0
3.46706 0
3.35596 0
3.71344 0
3.6955 0
3.42959 0
3.35584 0
3.37097 0
3.41881 0
3.44438 0
3.57338 0
4.29346 0
3.47097 0
3.69721 0
3.57127 0
3.4686 0
3.35188 0
3.51957 0
3.74893 0
3.4459 0
3.60964 0
3.4305 0
3.82677 0
3.72604 0
3.45111 0
3.46565 0
3.86688 0
3.81128 0
3.87815 0
3.84067 0
3.62742 0
3.81746 0
3.5926 0
3.70983 0
3.48016 0
4.22332 0
3.69169 0
4.25767 0
3.54269 0
3.85171 0
3.6057 0
4.11184 0
3.63245 0
3.38799 0
3.53242 0
3.44967 0
3.49717 0
3.58472 0
3.7247 0
3.48974 0
3.47733 0
3.73745 0
3.52665 0
3.65549 0
3.681 0
3.76492 0
3.75998 0
3.53032 0
3.63586 0
3.46579 0
3.72605 0
3.84445 0
3.59782 0
3.43309 0
3.87922 0
3.4889 0
3.70371 0
3.48026 0
3.68308 0
3.7016 0
3.55848 0
3.71739 0
3.72778 0
3.758 0
3.40139 0
3.85894 0
3.56548 0
3.8011 0
3.35468 0
3.51601 0
3.42023 0
3.73515 0
3.85393 0
3.63532 0
3.49878 0
3.82107 0
3.80277 0
3.69476 0
3.66059 0
3.45418 0
3.53458 0
3.44537 0
4.01361 0
3.74863 0
3.67648 0
4.3067 0
3.73394 0
3.70054 0
3.94671 0
3.49656 0
4.20242 0
3.67242 0
3.77335 0
3.75372 0
3.46934 0
3.94445 0
3.75416 0
3.78993 0
3.63073 0
3.41339 0
3.40627 0
3.71342 0
3.51551 0
3.77667 0
3.55776 0
3.54449 0
3.456 0
3.42845 0
3.64252 0
3.5937 0
3.61824 0
3.77939 0
3.72521 0
3.62756 0
3.79747 0
3.71282 0
3.66909 0
3.65953 0
3.73826 0
3.33444 0
3.45937 0
3.31711 0
3.69922 0
3.36054 0
3.6655 0
4.02583 0
3.48071 0
3.54629 0
4.26614 0
3.59348 0
3.79917 0
3.58485 0
3.41312 0
3.81837 0
3.5033 0
3.66843 0
3.85327 0
3.88412 0
3.59624 0
4.24889 0
3.32832 0
3.44534 0
3.45168 0
3.68029 0
3.7411 0
3.78226 0
3.85684 0
3.39852 0
3.4323 0
3.3485 0
3.602 0
3.50357 0
3.48109 0
3.42577 0
3.49945 0
3.53418 0
3.41875 0
3.83633 0
3.81943 0
3.76131 0
4.14734 0
3.66193 0
3.53813 0
3.67477 0
3.48499 0
3.8169 0
3.44577 0
3.81108 0
3.4082 0
3.72617 0
3.72318 0
3.43431 0
3.49342 0
3.44173 0
3.7024 0
3.43727 0
3.84254 0
4.18527 0
3.47985 0
3.367 0
3.54346 0
3.39486 0
3.74617 0
3.61546 0
3.7605 0
3.86175 0
3.76683 0
3.36793 0
4.13258 0
3.44549 0
3.63752 0
3.37911 0
3.66563 0
3.3974 0
3.74548 0
3.42701 0
3.47291 0
3.77941 0
3.63678 0
3.51132 0
3.38569 0
3.34618 0
3.59621 0
3.42194 0
5.15087 0
3.41295 0
3.718 0
3.44333 0
3.77465 0
3.68436 0
3.31506 0
3.55726 0
3.44704 0
3.84907 0
3.46855 0
3.70103 0
3.65564 0
3.82215 0
3.71258 0
3.77206 0
3.63833 0
3.38155 0
3.43223 0
3.50686 0
3.60315 0
3.40292 0
3.65741 0
3.56026 0
3.57524 0
3.38941 0
3.45883 0
3.83715 0
3.71423 0
3.66066 0
3.4745 0
3.43767 0
3.97776 0
3.43496 0
3.99842 0
3.60981 0
3.73796 0
3.65265 0
3.50054 0
3.55579 0
3.74071 0
3.82463 0
3.78722 0
3.44338 0
3.55735 0
3.66392 0
3.72084 0
3.48694 0
3.66412 0
3.47315 0
3.41619 0
3.56351 0
3.79252 0
3.50022 0
3.65653 0
3.65857 0
3.82401 0
3.53975 0
3.4836 0
3.46275 0
3.6349 0
3.43427 0
4.09571 0
3.41531 0
3.37485 0
3.58209 0
3.64809 0
3.77059 0
3.38884 0
3.76574 0
3.55152 0
3.35724 0
3.5356 0
3.4531 0
3.60778 0
3.74732 0
3.70723 0
3.54941 0
3.69434 0
3.48802 0
3.56089 0
3.46122 0
3.48034 0
3.74726 0
3.64135 0
3.70614 0
3.35559 0
3.71349 0
3.47521 0
3.763 0
4.18403 0
3.41626 0
3.41577 0
3.65019 0
3.34185 0
3.549 0
3.38963 0
3.36938 0
3.9404 0
3.41309 0
3.7507 0
3.9477 0
3.47484 0
3.75572 0
3.60804 0
3.25176 0
3.82444 0
3.67652 0
3.5089 0
4.00635 0
3.5075 0
3.44905 0
3.66696 0
3.39771 0
3.61685 0
3.46902 0
3.5928 0
4.08396 0
3.46696 0
3.50204 0
4.19259 0
3.51119 0
3.58775 0
3.65708 0
3.55111 0
3.62201 0
3.69725 0
3.96167 0
3.5044 0
3.45839 0
3.54066 0
3.8956 0
3.92768 0
3.64227 0
3.71589 0
3.48995 0
3.44632 0
3.49275 0
3.37532 0
3.56577 0
3.63418 0
3.79068 0
3.51153 0
3.43107 0
3.50122 0
3.4243 0
3.24944 0
4.11248 0
3.67498 0
3.75495 0
3.3811 0
3.72651 0
4.01759 0
3.56523 0
4.14722 0
3.54434 0
3.4286 0
3.78646 0
3.91867 0
3.90779 0
3.40644 0
3.51676 0
3.78838 0
3.83205 0
3.94423 0
3.52434 0
3.97945 0
3.37947 0
3.497 0
3.41326 0
4.43318 0
3.49245 0
3.41303 0
3.75423 0
3.69636 0
3.78356 0
3.43563 0
3.60733 0
3.45726 0
3.93973 0
3.93703 0
3.80231 0
3.88551 0
3.41506 0
3.43839 0
3.55378 0
3.7773 0
3.76075 0
3.76853 0
3.3346 0
3.7148 0
3.38384 0
3.70092 0
3.70403 0
3.41793 0
3.40437 0
3.54137 0
3.80131 0
3.715 0
3.42515 0
3.99317 0
3.49377 0
3.62644 0
3.92446 0
3.50525 0
3.75486 0
3.70044 0
3.55506 0
3.41503 0
3.5042 0
3.9045 0
3.56225 0
3.42399 0
3.74108 0
3.82045 0
4.29865 0
3.77623 0
3.54463 0
3.85671 0
3.6514 0
3.81573 0
3.54607 0
3.77027 0
3.41833 0
3.74429 0
3.43199 0
3.44013 0
3.73487 0
3.53657 0
3.35324 0
3.6546 0
3.53949 0
3.5117 0
3.42575 0
3.61637 0
3.69614 0
3.46357 0
3.64239 0
3.91875 0
3.50087 0
3.43858 0
3.33078 0
3.16984 0
3.47775 0
3.76104 0
3.7595 0
3.83352 0
3.4962 0
3.83644 0
3.38785 0
3.79624 0
3.77844 0
3.74126 0
3.35147 0
3.48587 0
3.46012 0
3.72251 0
3.393 0
3.88927 0
3.49911 0
3.43579 0
4.02965 0
3.72882 0
3.95152 0
3.41196 0
3.44654 0
3.47799 0
3.71927 0
3.70128 0
3.51883 0
3.68052 0
3.94782 0
3.88008 0
3.40641 0
3.68059 0
3.50574 0
3.55843 0
3.36082 0
3.44422 0
3.42368 0
3.99209 0
3.43147 0
3.86515 0
3.58565 0
3.62262 0
3.33372 0
4.46855 0
3.68351 0
3.53367 0
3.65547 0
3.26838 0
3.48425 0
3.89035 0
3.75252 0
3.57698 0
5.17781 0
3.88823 0
3.48885 0
3.66253 0
3.36506 0
3.55475 0
3.62153 0
3.62382 0
3.81004 0
3.76408 0
3.55638 0
3.46854 0
3.9571 0
3.51848 0
3.36581 0
3.48021 0
3.91803 0
3.58119 0
4.49125 0
3.42994 0
3.87717 0
3.69348 0
3.61041 0
3.54096 0
3.52383 0
3.5017 0
3.7142 0
4.1086 0
4.08637 0
3.75783 0
3.45291 0
3.69367 0
3.4862 0
3.73924 0
3.65922 0
3.42919 0
3.77286 0
3.40954 0
3.58657 0
3.44892 0
3.55433 0
3.78005 0
3.72834 0
3.5811 0
3.42469 0
3.61826 0
3.39207 0
4.0229 0
3.31832 0
3.54155 0
3.66731 0
3.5826 0
3.94957 0
3.7037 0
4.37999 0
3.4643 0
3.62251 0
3.76648 0
3.45282 0
3.61271 0
3.7562 0
3.75471 0
3.56145 0
3.4347 0
3.47999 0
3.36549 0
3.46513 0
3.76459 0
3.19732 0
3.4536 0
3.42111 0
3.28991 0
3.5244 0
3.71363 0
3.63404 0
3.70289 0
3.4204 0
3.57943 0
3.45633 0
3.87465 0
3.5513 0
3.62537 0
3.65235 0
3.86363 0
3.54829 0
3.57042 0
3.84389 0
3.49363 0
3.62758 0
3.7748 0
3.4414 0
3.82379 0
3.85892 0
3.68342 0
3.42838 0
3.52521 0
3.43313 0
3.48707 0
3.40623 0
3.4014 0
3.62668 0
3.54103 0
3.59837 0
3.8269 0
3.69293 0
3.78181 0
3.74626 0
3.40818 0
3.7283 0
3.70057 0
3.36362 0
5.17105 0
3.64313 0
3.39355 0
3.70211 0
3.64767 0
3.78205 0
3.67982 0
3.68449 0
3.48722 0
3.75234 0
3.71461 0
4.14814 0
3.41225 0
3.43181 0
3.75781 0
3.49015 0
3.63558 0
3.86958 0
3.6558 0
3.6036 0
3.73586 0
3.34978 0
3.51382 0
3.76225 0
3.68713 0
3.42197 0
3.37168 0
3.83334 0
3.70797 0
3.54683 0
3.64088 0
3.78931 0
3.56243 0
3.7946 0
3.66182 0
4.77983 0
3.49029 0
3.77162 0
3.83041 0
3.50246 0
3.53128 0
3.55493 0
3.5404 0
3.74154 0
3.63197 0
3.7687 0
3.42681 0
3.69814 0
3.83445 0
3.69683 0
3.83097 0
3.44242 0
3.3485 0
3.50907 0
3.5525 0
3.59094 0
4.25611 0
3.42143 0
3.64434 0
3.52874 0
3.77706 0
3.4037 0
3.36622 0
3.48936 0
3.80794 0
3.55749 0
3.57458 0
4.20149 0
3.55193 0
3.49787 0
4.70735 0
3.59675 0
3.44442 0
3.43432 0
3.79567 0
3.17117 0
3.66899 0
3.85707 0
3.65485 0
3.758 0
3.58519 0
4.48428 0
3.64305 0
3.72951 0
3.77014 0
3.84253 0
3.67425 0
3.65513 0
3.3453 0
3.41556 0
3.70881 0
3.71437 0
3.485 0
3.21585 0
3.43422 0
3.54647 0
3.62789 0
3.45685 0
3.35192 0
3.45573 0
3.53713 0
3.68709 0
3.68514 0
4.01507 0
4.17491 0
3.41653 0
3.66328 0
3.73612 0
3.49902 0
3.788 0
3.64696 0
3.81281 0
4.2113 0
3.40738 0
3.75371 0
3.48793 0
3.56117 0
3.73589 0
3.60197 0
3.66329 0
3.75794 0
3.70535 0
3.73976 0
3.71139 0
3.69613 0
4.18594 0
3.41435 0
3.81519 0
3.54856 0
3.8225 0
3.58223 0
3.96491 0
3.6688 0
3.60668 0
3.36575 0
3.53651 0
3.6907 0
3.72112 0
4.09557 0
3.69043 0
3.42059 0
3.79106 0
3.86268 0
3.73386 0
3.38902 0
4.05074 0
3.36282 0
3.46307 0
3.5471 0
3.48556 0
3.44161 0
3.81174 0
3.40334 0
3.33133 0
3.43456 0
3.71681 0
3.37222 0
3.69581 0
3.45275 0
3.73045 0
3.62489 0
4.1971 0
3.74019 0
3.61923 0
3.94399 0
3.69551 0
3.73731 0
3.46315 0
3.41498 0
3.49726 0
3.64562 0
3.69619 0
3.49366 0
3.77719 0
3.73783 0
3.63581 0
3.42346 0
3.5116 0
3.48596 0
3.8069 0
3.88873 0
3.40984 0
3.59084 0
3.43188 0
3.55952 0
3.6042 0
3.44908 0
3.38867 0
3.69804 0
3.55376 0
3.61126 0
3.57059 0
3.62281 0
3.40215 0
3.33852 0
3.66742 0
3.63718 0
3.54268 0
3.95718 0
4.19273 0
4.50207 0
3.67387 0
3.5616 0
3.4119 0
3.71382 0
3.68974 0
3.59375 0
3.82766 0
3.73548 0
3.46238 0
3.74597 0
3.53435 0
3.37896 0
3.50233 0
3.74735 0
3.87411 0
3.63996 0
3.85951 0
3.68441 0
3.68106 0
3.67941 0
3.95423 0
3.33283 0
3.71015 0
3.99489 0
3.7877 0
3.92583 0
3.36069 0
3.42644 0
3.56094 0
3.46267 0
3.70346 0
3.4152 0
3.43679 0
3.81194 0
3.66724 0
3.44235 0
3.61599 0
3.81116 0
3.60068 0
3.43913 0
3.84769 0
3.4291 0
3.67786 0
4.26089 0
3.64292 0
3.74697 0
4.04293 0
4.05416 0
3.58076 0
3.45111 0
3.68565 0
3.46182 0
3.45293 0
3.73887 0
3.23767 0
3.43668 0
3.61597 0
4.09564 0
3.72589 0
3.35275 0
3.45873 0
3.45552 0
3.31482 0
3.38971 0
3.67819 0
3.78243 0
3.67552 0
3.4163 0
3.3603 0
4.05852 0
3.43376 0
3.38104 0
3.96539 0
3.62096 0
3.44828 0
3.64449 0
3.54771 0
3.32913 0
3.6633 0
3.72026 0
3.35931 0
3.31487 0
3.42413 0
3.50376 0
3.44568 0
3.42847 0
3.80122 0
3.76653 0
3.89607 0
4.06601 0
3.5865 0
3.54393 0
3.75865 0
3.56352 0
3.51546 0
3.7609 0
3.69552 0
3.59721 0
3.67474 0
3.49215 0
3.4736 0
3.69915 0
3.76464 0
3.65916 0
3.85687 0
3.38544 0
4.60059 0
3.29806 0
3.36323 0
3.76385 0
3.91777 0
3.61505 0
3.73909 0
3.90144 0
3.55078 0
3.77808 0
3.40622 0
3.72254 0
3.67314 0
3.92398 0
3.49286 0
3.51599 0
3.78143 0
3.46554 0
3.44789 0
3.3438 0
4.4223 0
3.53365 0
4.10187 0
3.64849 0
3.52742 0
3.38688 0
3.54853 0
3.55319 0
3.49148 0
3.42327 0
3.54128 0
3.49024 0
3.66376 0
3.40963 0
3.40261 0
3.63505 0
3.47607 0
3.7001 0
3.5949 0
3.73916 0
3.45842 0
3.80406 0
3.39846 0
3.88374 0
3.577 0
3.44317 0
3.55595 0
3.60627 0
3.80361 0
3.54252 0
3.39647 0
3.65499 0
3.74169 0
3.41056 0
3.68362 0
3.77503 0
3.89387 0
3.85247 0
3.58306 0
3.4543 0
4.03052 0
3.44711 0
4.19268 0
3.74867 0
3.43346 0
3.58825 0
3.44084 0
3.7795 0
3.49575 0
3.37512 0
3.69569 0
3.40707 0
3.71065 0
3.78728 0
3.61266 0
3.61094 0
3.80201 0
3.95985 0
3.67438 0
3.61291 0
5.20055 0
3.56654 0
3.80618 0
3.68337 0
3.35396 0
3.64996 0
3.90535 0
3.57043 0
3.63588 0
3.66215 0
3.51117 0
3.47947 0
3.45327 0
3.61001 0
3.67988 0
3.44457 0
3.80317 0
3.35277 0
3.58457 0
3.46463 0
3.74521 0
3.68968 0
3.90096 0
3.52271 0
3.55435 0
3.47073 0
3.50901 0
3.71656 0
3.29021 0
3.98702 0
3.67843 0
3.51478 0
3.85271 0
3.7973 0
3.46047 0
3.61723 0
3.6319 0
3.80117 0
4.44721 0
3.52113 0
3.72466 0
3.48331 0
3.78043 0
3.67818 0
3.68141 0
3.52314 0
3.80304 0
3.62418 0
3.69441 0
3.53186 0
3.32138 0
3.46433 0
4.29402 0
3.43135 0
3.92279 0
3.69344 0
3.50347 0
3.84506 0
3.64625 0
3.41956 0
3.47288 0
3.75902 0
4.16363 0
3.66306 0
3.48272 0
3.73432 0
4.47223 0
3.55332 0
3.66562 0
3.44426 0
3.71224 0
3.80406 0
3.81481 0
3.75959 0
3.70696 0
3.57095 0
3.77449 0
3.41329 0
3.5053 0
3.53044 0
3.70947 0
3.59442 0
3.50309 0
3.73595 0
3.55406 0
3.7331 0
3.37399 0
3.60513 0
3.87639 0
3.71264 0
3.17802 0
3.62037 0
3.36972 0
3.59737 0
3.53294 0
3.75612 0
3.59634 0
3.69703 0
3.59245 0
3.71861 0
3.86615 0
3.77054 0
3.70615 0
3.86743 0
3.44252 0
3.53102 0
3.73538 0
3.18389 0
3.52838 0
3.35343 0
3.4627 0
3.47877 0
3.52794 0
4.08813 0
3.42553 0
3.38267 0
3.59781 0
3.48685 0
3.41969 0
4.3704 0
3.97597 0
3.76875 0
3.60831 0
3.56828 0
3.71058 0
3.53612 0
3.51865 0
3.73457 0
3.46061 0
3.86778 0
3.91365 0
4.96557 0
3.66556 0
3.49841 0
3.87931 0
3.73265 0
3.62866 0
3.76868 0
3.76532 0
3.36002 0
3.51866 0
3.69064 0
3.58521 0
3.37546 0
3.62405 0
4.24326 0
3.45217 0
3.48083 0
3.46411 0
3.37955 0
3.76065 0
3.76251 0
3.79619 0
3.87241 0
3.50611 0
3.70144 0
3.41778 0
3.55817 0
3.45003 0
4.20429 0
3.69271 0
3.50794 0
3.6307 0
3.5334 0
3.8619 0
3.77004 0
3.3283 0
3.66524 0
3.39055 0
4.46816 0
3.47955 0
3.90591 0
3.66731 0
3.46206 0
3.64741 0
3.54299 0
3.45123 0
3.7261 0
3.75093 0
3.27761 0
3.83855 0
3.79708 0
3.44668 0
3.32124 0
3.46486 0
3.56353 0
3.74832 0
3.4621 0
3.4711 0
3.78665 0
3.8322 0
3.90775 0
3.62264 0
3.47781 0
3.80968 0
3.98524 0
3.53989 0
3.37754 0
3.35852 0
3.58507 0
3.41609 0
3.57088 0
3.68029 0
3.45836 0
3.65317 0
3.80392 0
3.959 0
3.68091 0
3.47093 0
3.57993 0
3.37095 0
3.5852 0
3.64063 0
3.75712 0
3.46059 0
3.33772 0
3.58729 0
3.43502 0
3.53976 0
3.4238 0
3.80404 0
3.77379 0
3.45841 0
3.69773 0
3.62776 0
3.31054 0
3.59841 0
3.45228 0
3.8607 0
3.47467 0
3.44285 0
3.66697 0
3.69785 0
3.63274 0
3.82443 0
3.43077 0
3.78408 0
3.60306 0
3.56804 0
3.78495 0
3.48151 0
3.81302 0
3.85 0
3.40585 0
3.78988 0
3.7547 0
3.5209 0
3.78783 0
3.63268 0
3.69409 0
3.67818 0
3.48998 0
3.45179 0
3.65835 0
3.59693 0
3.85521 0
3.50741 0
3.68477 0
3.37481 0
3.62295 0
3.63055 0
3.49447 0
3.56766 0
3.52184 0
3.81395 0
3.51479 0
3.45576 0
3.80225 0
3.19343 0
3.84263 0
3.48929 0
3.48256 0
3.7211 0
4.10815 0
3.84221 0
3.66038 0
3.56855 0
3.5161 0
3.7146 0
3.68125 0
3.70043 0
3.73208 0
3.48356 0
3.76921 0
3.74097 0
3.44511 0
3.58272 0
3.6818 0
3.74007 0
3.5043 0
3.50032 0
3.56476 0
3.48567 0
3.70474 0
3.56865 0
3.64904 0
3.47517 0
3.43198 0
3.49733 0
3.76595 0
3.64061 0
4.20377 0
3.66146 0
3.72627 0
3.45886 0
3.59466 0
3.40794 0
3.32338 0
3.43785 0
3.97915 0
3.46614 0
3.5084 0
3.48117 0
3.66339 0
3.83227 0
3.34165 0
3.75382 0
3.64774 0
3.5657 0
3.76779 0
4.16612 0
3.67982 0
3.52498 0
3.59468 0
3.7296 0
4.19377 0
3.7552 0
3.70388 0
3.77887 0
3.38075 0
3.52752 0
4.00729 0
3.60987 0
3.86313 0
3.4502 0
3.8016 0
3.56425 0
3.49598 0
3.64089 0
3.65164 0
4.03349 0
3.47624 0
3.40422 0
3.34443 0
3.6865 0
3.75471 0
3.81375 0
3.81856 0
3.51549 0
3.75119 0
4.22547 0
3.74487 0
3.59758 0
3.34417 0
3.61224 0
4.58877 0
3.54744 0
3.42739 0
3.70673 0
3.80843 0
3.54741 0
3.96753 0
3.88011 0
3.9515 0
3.79535 0
3.3753 0
3.52278 0
3.5276 0
3.92673 0
3.41037 0
3.41273 0
3.74247 0
3.60394 0
3.82551 0
3.59952 0
3.78838 0
3.51256 0
3.42005 0
3.4119 0
3.62358 0
3.65625 0
3.45358 0
3.48113 0
3.55417 0
3.5235 0
3.52072 0
3.9471 0
3.80549 0
3.55245 0
3.76426 0
3.54208 0
3.69436 0
3.42024 0
3.58052 0
3.4629 0
3.7376 0
3.62374 0
3.35308 0
3.57696 0
3.34393 0
3.48745 0
3.77467 0
3.4794 0
3.43107 0
3.55918 0
3.67494 0
3.39014 0
3.46405 0
3.67996 0
3.49822 0
3.39841 0
3.45574 0
3.74095 0
3.55157 0
3.75374 0
3.33948 0
3.35066 0
4.20213 0
3.72788 0
3.49208 0
4.44079 0
3.79183 0
4.43721 0
3.62934 0
3.83199 0
3.60395 0
3.3859 0
3.41024 0
3.46326 0
3.53997 0
3.7708 0
3.80944 0
3.59379 0
3.38715 0
3.76394 0
3.46089 0
3.72249 0
3.67971 0
3.78844 0
3.46568 0
3.40769 0
3.78221 0
3.83964 0
3.71793 0
3.41105 0
3.61911 0
3.55007 0
3.90911 0
3.54647 0
3.79693 0
3.64012 0
3.46665 0
3.71818 0
4.57452 0
3.3349 0
3.62724 0
3.78123 0
3.6884 0
3.50186 0
3.65009 0
3.46358 0
3.49451 0
4.26431 0
3.65849 0
3.43855 0
3.67237 0
3.76589 0
3.46133 0
3.70846 0
3.80764 0
3.45269 0
3.83751 0
3.39301 0
3.48618 0
3.31742 0
3.49982 0
3.86304 0
3.78808 0
3.38089 0
3.70696 0
3.61272 0
3.77579 0
3.6089 0
3.62719 0
3.55115 0
3.82092 0
3.75023 0
3.66567 0
3.49134 0
3.66717 0
3.39979 0
3.73401 0
3.51035 0
3.59601 0
3.47993 0
3.64557 0
3.7781 0
3.33318 0
3.66202 0
3.48805 0
3.31638 0
3.47276 0
3.32228 0
3.37076 0
3.5645 0
3.65373 0
3.77574 0
3.55418 0
4.17386 0
3.54894 0
3.53248 0
3.99162 0
3.69394 0
3.48625 0
3.80967 0
3.59008 0
3.43513 0
3.70832 0
3.55381 0
3.81373 0
3.82479 0
3.60529 0
3.84578 0
3.4307 0
3.58189 0
3.75683 0
3.854 0
3.3434 0
3.78922 0
3.49525 0
3.93578 0
3.62506 0
3.7516 0
3.79677 0
3.72275 0
3.77157 0
3.72917 0
3.3858 0
3.50587 0
3.54059 0
3.39888 0
3.47178 0
3.74302 0
3.77606 0
4.20863 0
3.43581 0
3.37058 0
3.60561 0
3.52104 0
3.53739 0
3.52327 0
3.72773 0
3.57215 0
3.80709 0
3.39731 0
3.84695 0
3.81334 0
3.36683 0
3.6654 0
3.76504 0
3.54483 0
3.54238 0
3.75144 0
3.43396 0
3.78437 0
3.46694 0
3.45325 0
3.82752 0
3.33672 0
3.87163 0
3.57384 0
3.30441 0
3.86514 0
4.0358 0
3.47296 0
3.44304 0
3.47958 0
3.92613 0
3.76715 0
3.80564 0
3.40635 0
3.45542 0
3.50921 0
3.38777 0
3.7096 0
3.68067 0
3.78429 0
3.46292 0
3.75105 0
3.33244 0
3.85063 0
4.09318 0
3.30827 0
3.50466 0
3.68349 0
3.32828 0
3.77385 0
3.5021 0
3.40389 0
3.62669 0
3.80685 0
3.60246 0
4.25339 0
3.71714 0
3.66493 0
3.57111 0
3.585 0
3.51055 0
3.37442 0
5.35782 0
3.79662 0
3.5851 0
3.75852 0
3.65188 0
3.60988 0
3.46899 0
3.87882 0
3.50626 0
4.73297 0
3.86466 0
3.42749 0
3.64733 0
3.40461 0
3.86936 0
3.46846 0
3.68004 0
3.56159 0
3.57733 0
3.62583 0
3.69904 0
3.19938 0
3.64328 0
4.07716 0
3.41563 0
3.75676 0
3.59165 0
3.54729 0
3.49006 0
3.99185 0
3.53031 0
3.4805 0
3.52942 0
3.48224 0
3.98568 0
3.39987 0
3.49131 0
3.53702 0
3.29736 0
3.62239 0
3.65229 0
3.78199 0
3.55222 0
3.56125 0
3.36482 0
4.19322 0
3.72347 0
3.68904 0
3.69676 0
3.73189 0
3.60264 0
3.78412 0
3.61382 0
3.39506 0
3.82057 0
3.64078 0
3.4104 0
3.45415 0
3.60617 0
3.68654 0
3.3941 0
3.87385 0
3.64763 0
3.6961 0
3.7585 0
3.48097 0
4.17481 0
3.40193 0
3.4994 0
3.45709 0
3.66571 0
3.84769 0
3.46158 0
3.51235 0
3.47203 0
3.53401 0
3.65157 0
3.38448 0
3.47044 0
3.638 0
3.48742 0
3.67018 0
3.52146 0
4.46261 0
3.84306 0
3.42213 0
3.48178 0
3.48703 0
4.28693 0
3.72189 0
3.70931 0
3.48797 0
4.32914 0
3.46605 0
3.94337 0
3.72911 0
3.61306 0
3.45861 0
3.49066 0
3.77144 0
3.72773 0
3.40979 0
3.43397 0
3.67848 0
3.38778 0
3.8038 0
3.75283 0
3.74662 0
3.59818 0
3.52755 0
3.62235 0
3.35011 0
3.41737 0
3.68018 0
4.31518 0
3.65318 0
3.72893 0
3.57963 0
3.68989 0
3.55568 0
3.65939 0
3.36392 0
3.36732 0
3.41088 0
3.51742 0
3.66714 0
3.70471 0
3.86963 0
5.09788 0
3.56722 0
3.63155 0
3.51548 0
3.68777 0
4.10575 0
3.92754 0
3.71866 0
3.45799 0
3.75311 0
3.6608 0
3.85695 0
3.74697 0
3.65215 0
3.47773 0
3.65985 0
3.35924 0
3.52649 0
3.48488 0
3.75294 0
3.47873 0
3.83104 0
3.72613 0
3.66488 0
3.84339 0
3.60408 0
3.35429 0
3.76434 0
3.49222 0
3.7559 0
3.37241 0
3.66133 0
3.71035 0
4.09751 0
3.42932 0
3.39125 0
3.50336 0
3.75515 0
3.52321 0
3.91802 0
3.4571 0
3.74411 0
4.21978 0
4.0147 0
3.87154 0
3.42033 0
3.43558 0
3.47378 0
3.45366 0
3.54658 0
3.6425 0
3.31204 0
3.66156 0
3.46797 0
3.37033 0
3.49366 0
4.46022 0
3.52982 0
3.48441 0
3.56269 0
3.40837 0
3.42696 0
3.50008 0
3.64601 0
3.4676 0
3.17575 0
3.67015 0
4.48717 0
3.67386 0
3.63793 0
3.74638 0
3.45125 0
3.80672 0
3.90749 0
3.55728 0
3.59966 0
3.33817 0
3.4861 0
3.4909 0
3.75147 0
3.51489 0
3.9558 0
3.66862 0
3.51089 0
3.80725 0
3.49591 0
3.84008 0
3.34581 0
4.2918 0
3.50988 0
3.83857 0
3.69562 0
5.21265 0
3.59839 0
3.50106 0
3.43807 0
3.47238 0
3.39735 0
3.64573 0
3.94628 0
3.88804 0
3.41728 0
3.92682 0
3.61238 0
4.34947 0
3.57687 0
3.64375 0
3.4267 0
3.78169 0
3.56552 0
4.2033 0
3.58875 0
3.56679 0
3.48182 0
3.56227 0
3.52597 0
3.31665 0
3.4091 0
3.57404 0
3.57673 0
3.42334 0
3.4972 0
3.82754 0
3.47893 0
3.67723 0
3.52308 0
3.73891 0
3.32352 0
3.52663 0
3.82485 0
3.61662 0
3.60372 0
3.62839 0
3.47108 0
4.18421 0
3.41027 0
3.62018 0
3.55105 0
3.34134 0
3.61441 0
3.76055 0
3.52543 0
3.65441 0
3.67579 0
3.68434 0
3.33435 0
3.75951 0
3.57455 0
3.4695 0
3.73847 0
3.83439 0
3.76885 0
3.55974 0
4.32619 0
3.51374 0
3.53229 0
3.48725 0
3.60864 0
3.46033 0
3.46224 0
3.48662 0
3.34432 0
3.9048 0
3.60153 0
3.49758 0
3.44371 0
3.556 0
3.32332 0
3.43722 0
3.56228 0
3.57403 0
3.57483 0
3.76603 0
3.46479 0
3.64515 0
3.77457 0
3.52491 0
3.44303 0
3.68268 0
3.58292 0
3.67391 0
3.49731 0
3.63827 0
3.46902 0
3.65048 0
3.59002 0
3.66573 0
3.71992 0
3.72117 0
3.6053 0
3.45508 0
3.59754 0
3.76867 0
3.43469 0
3.5099 0
3.57012 0
3.92213 0
3.32484 0
3.37817 0
3.47701 0
3.60189 0
3.4836 0
3.42233 0
3.70443 0
3.59391 0
3.77811 0
3.49774 0
3.51128 0
3.528 0
3.95049 0
3.48196 0
3.62276 0
3.58065 0
3.40248 0
3.48434 0
3.78714 0
3.44367 0
3.43279 0
3.3718 0
3.46329 0
3.66183 0
3.45233 0
3.60609 0
4.22622 0
3.45127 0
3.45638 0
3.48792 0
3.64183 0
3.42114 0
3.65254 0
3.31877 0
3.69022 0
3.43584 0
3.50766 0
3.53029 0
3.3303 0
3.81349 0
3.58446 0
3.66948 0
3.47813 0
3.5074 0
3.7024 0
3.5022 0
5.15123 0
3.63767 0
3.42962 0
3.53864 0
3.66567 0
3.58966 0
3.80358 0
3.48702 0
4.25848 0
3.93754 0
3.46651 0
3.41347 0
4.17107 0
3.64407 0
3.49169 0
3.50596 0
3.46069 0
3.55301 0
3.60158 0
3.78425 0
3.56261 0
3.78388 0
3.64823 0
3.49925 0
3.30669 0
3.58692 0
3.54055 0
3.74224 0
3.3713 0
3.48958 0
3.50346 0
3.69819 0
3.41751 0
3.43648 0
3.48943 0
3.69507 0
3.44753 0
3.56688 0
3.38915 0
3.39703 0
3.73185 0
4.0699 0
3.55498 0
3.4657 0
3.44068 0
3.51887 0
3.43472 0
3.55539 0
3.55664 0
3.39622 0
3.36859 0
3.27917 0
3.49348 0
3.28298 0
3.51942 0
3.49529 0
4.08246 0
3.77301 0
3.7405 0
3.53118 0
3.39707 0
3.43288 0
3.67817 0
3.4816 0
3.79725 0
3.39138 0
3.639 0
3.68061 0
3.60917 0
3.42638 0
3.67957 0
3.35087 0
3.83414 0
3.6413 0
3.46616 0
3.74155 0
3.57524 0
3.50281 0
3.79191 0
3.36655 0
3.55146 0
3.30989 0
3.66212 0
3.43123 0
3.76357 0
3.72603 0
3.6453 0
3.68903 0
3.77178 0
3.3713 0
4.30934 0
3.73155 0
3.58418 0
3.71246 0
3.69562 0
5.17933 0
3.83538 0
3.87843 0
3.50188 0
3.46479 0
3.70771 0
3.55187 0
3.56427 0
3.88627 0
4.40759 0
3.68464 0
3.69101 0
3.35658 0
3.55065 0
3.39333 0
3.58671 0
3.84853 0
3.75613 0
3.38897 0
3.51226 0
3.51915 0
4.72764 0
3.40096 0
3.3626 0
3.40026 0
3.83985 0
3.44434 0
3.35384 0
3.55291 0
3.37299 0
3.53284 0
3.49289 0
3.56483 0
3.51084 0
3.44848 0
3.6468 0
3.46731 0
3.36469 0
3.56254 0
3.47324 0
3.50009 0
3.60255 0
3.72325 0
3.63342 0
3.56554 0
3.87023 0
3.47406 0
3.66106 0
3.92304 0
3.80719 0
3.43558 0
3.8283 0
3.58726 0
3.40604 0
3.58923 0
4.09121 0
3.97741 0
4.42464 0
3.81187 0
3.56497 0
3.51271 0
3.53175 0
3.46571 0
3.75997 0
3.43791 0
3.52345 0
3.90936 0
3.55348 0
3.45597 0
3.45591 0
3.60548 0
3.6961 0
3.57919 0
3.4899 0
3.45721 0
3.43336 0
3.77134 0
3.68007 0
3.47442 0
3.53837 0
3.47188 0
3.31998 0
4.07676 0
3.59261 0
3.47093 0
3.47889 0
3.76096 0
3.6746 0
3.64637 0
3.43433 0
3.489 0
3.73908 0
3.71364 0
3.50155 0
3.74146 0
3.42817 0
3.77884 0
3.69596 0
3.6623 0
3.65001 0
3.47444 0
3.45686 0
3.7746 0
3.70353 0
3.46268 0
3.55507 0
3.4726 0
3.36306 0
3.4268 0
3.3441 0
3.55563 0
3.70215 0
3.53343 0
3.60558 0
3.49936 0
3.61948 0
3.63992 0
3.91612 0
3.39376 0
3.38165 0
3.4748 0
3.40725 0
3.65809 0
3.66546 0
3.48836 0
3.72862 0
3.63219 0
3.76279 0
3.51288 0
3.49022 0
3.67823 0
3.59831 0
3.86441 0
3.45338 0
3.66634 0
3.85518 0
4.41489 0
3.48293 0
3.55991 0
3.49254 0
3.84095 0
3.42735 0
3.42016 0
3.67567 0
4.41025 0
3.55273 0
3.31856 0
3.67721 0
3.836 0
3.41637 0
3.78619 0
4.06547 0
3.97028 0
3.73215 0
3.60496 0
3.58405 0
3.56271 0
3.54138 0
3.39434 0
3.70402 0
3.46657 0
3.37005 0
3.4474 0
3.78682 0
3.62902 0
3.59717 0
3.37315 0
4.21277 0
3.44162 0
4.33236 0
3.43448 0
3.59533 0
3.82671 0
3.63179 0
3.53287 0
3.72861 0
3.60236 0
3.59309 0
3.73899 0
3.45479 0
3.78874 0
3.6214 0
3.44661 0
3.49241 0
3.37333 0
3.67474 0
3.74349 0
3.72134 0
3.51514 0
3.53524 0
3.71101 0
3.6383 0
3.45152 0
4.18459 0
3.4869 0
3.35068 0
3.5983 0
3.6757 0
3.48693 0
3.5246 0
3.47884 0
3.43367 0
3.58443 0
3.59068 0
3.45191 0
3.64967 0
3.38658 0
3.60989 0
3.37436 0
3.55493 0
3.6394 0
3.45039 0
3.57218 0
3.77698 0
3.51798 0
3.71057 0
3.72979 0
3.7389 0
3.56943 0
3.52011 0
3.72855 0
3.62412 0
3.8283 0
3.49692 0
4.37018 0
4.77188 0
4.19978 0
3.62235 0
3.65096 0
3.62545 0
3.40916 0
3.46785 0
3.6105 0
3.41359 0
3.4214 0
3.52075 0
3.37674 0
3.61756 0
3.50618 0
3.45528 0
3.67153 0
3.62982 0
3.56782 0
3.72377 0
3.48575 0
3.62974 0
4.65047 0
3.84606 0
3.58908 0
3.51335 0
3.65559 0
5.13991 0
3.52887 0
3.88835 0
3.69411 0
3.41807 0
3.64257 0
4.39468 0
3.6899 0
3.62027 0
3.42981 0
3.5066 0
3.74444 0
3.48105 0
3.47186 0
3.6507 0
3.38292 0
3.49912 0
3.76295 0
3.67801 0
3.644 0
3.1939 0
3.42838 0
3.43358 0
3.47432 0
3.43872 0
3.66531 0
3.64267 0
3.40649 0
3.76788 0
3.43984 0
3.57948 0
3.438 0
3.404 0
3.39143 0
3.40137 0
3.59448 0
3.60382 0
3.46853 0
3.56832 0
3.67888 0
3.77862 0
3.55821 0
3.50967 0
3.47214 0
3.41466 0
3.92869 0
3.90681 0
3.83457 0
3.8268 0
3.45102 0
3.57148 0
3.49618 0
3.42821 0
3.47355 0
3.72214 0
3.58269 0
3.42753 0
3.72285 0
3.63772 0
3.47657 0
3.68091 0
3.82737 0
3.52383 0
3.69137 0
3.59147 0
3.61045 0
3.46725 0
3.44345 0
3.85554 0
3.40529 0
3.44699 0
3.68902 0
3.4846 0
3.81042 0
3.48183 0
3.41738 0
3.68623 0
3.36673 0
3.45974 0
3.50001 0
3.53314 0
4.34941 0
3.35333 0
3.64545 0
3.77886 0
3.88276 0
3.43695 0
3.48214 0
3.35176 0
3.45263 0
3.51073 0
3.45483 0
3.46431 0
4.75363 0
3.46477 0
3.82346 0
3.55399 0
3.5907 0
3.41748 0
3.55941 0
3.64595 0
3.65723 0
3.62489 0
3.47964 0
3.54701 0
3.35474 0
3.51007 0
3.97996 0
3.54923 0
3.67453 0
3.5914 0
3.45009 0
3.79365 0
3.65133 0
3.61607 0
3.77462 0
3.6326 0
3.5196 0
3.44666 0
5.23195 0
3.52156 0
3.45569 0
3.49373 0
3.35077 0
4.12015 0
3.35195 0
3.80137 0
3.44597 0
3.71665 0
3.45614 0
3.35538 0
3.51696 0
3.61116 0
3.5914 0
3.75675 0
3.69776 0
3.6596 0
3.5783 0
3.49311 0
3.44221 0
3.62781 0
3.49618 0
3.83946 0
3.42171 0
3.66588 0
3.43354 0
3.94972 0
3.46075 0
3.93376 0
3.67364 0
3.42978 0
3.95229 0
3.50213 0
3.49702 0
3.65812 0
3.51429 0
3.7539 0
3.81411 0
4.1308 0
3.40166 0
3.55377 0
3.46027 0
3.80181 0
4.00571 0
3.41333 0
3.48212 0
3.5831 0
3.53059 0
3.37096 0
3.84437 0
3.65467 0
3.55259 0
3.54612 0
3.60142 0
3.43357 0
3.33894 0
4.05792 0
3.48145 0
3.41423 0
3.91351 0
3.38981 0
3.4005 0
3.39711 0
3.77971 0
3.52022 0
3.4637 0
5.1095 0
3.4893 0
3.67327 0
3.62697 0
3.65975 0
3.58232 0
3.59496 0
3.70899 0
3.93054 0
3.46338 0
3.71137 0
3.60769 0
3.63101 0
3.63352 0
3.71615 0
3.38537 0
3.39831 0
3.49613 0
3.63118 0
3.4204 0
3.68794 0
3.66924 0
3.51856 0
4.32509 0
3.62396 0
3.73487 0
4.58083 0
3.59413 0
3.70583 0
3.5622 0
4.59316 0
3.38824 0
3.27669 0
3.55484 0
3.54003 0
3.40389 0
3.70252 0
3.54591 0
3.5325 0
3.74708 0
3.42073 0
5.22321 0
3.91626 0
3.69585 0
3.58879 0
3.59983 0
3.65933 0
3.54276 0
3.49227 0
3.60064 0
3.42352 0
4.44871 0
4.00854 0
3.49876 0
3.74438 0
3.51657 0
3.49169 0
3.65968 0
3.45182 0
3.47205 0
3.62021 0
3.49273 0
3.39539 0
3.64566 0
3.73232 0
3.44974 0
3.47986 0
3.59096 0
3.6197 0
3.51004 0
4.67019 0
3.4863 0
3.53558 0
4.31009 0
3.62904 0
3.46215 0
3.50485 0
3.70355 0
3.42561 0
3.54857 0
3.85462 0
3.43636 0
3.85751 0
3.41434 0
3.83595 0
3.48495 0
3.78647 0
3.48973 0
3.66953 0
3.54737 0
3.64554 0
3.55298 0
3.60289 0
3.44983 0
3.58918 0
3.47273 0
3.43469 0
3.50189 0
3.71098 0
3.42884 0
3.62988 0
3.44191 0
3.67055 0
3.33259 0
3.50122 0
3.71541 0
3.63019 0
3.5607 0
3.59096 0
3.43251 0
3.63763 0
3.61101 0
3.6058 0
3.79701 0
3.8861 0
3.65385 0
3.69842 0
3.39375 0
3.50528 0
3.38848 0
3.44102 0
3.78842 0
3.4974 0
3.75451 0
3.77918 0
4.37394 0
3.76111 0
3.4612 0
3.79845 0
3.56915 0
3.49731 0
3.31346 0
3.67525 0
3.57053 0
3.53058 0
3.71349 0
3.46806 0
4.39017 0
3.40833 0
3.50766 0
3.38831 0
3.70523 0
3.48568 0
3.73468 0
4.45811 0
3.62916 0
3.67844 0
3.87855 0
3.43125 0
3.64854 0
3.52792 0
3.59678 0
4.22142 0
3.50696 0
3.51156 0
3.4639 0
3.46174 0
3.88029 0
3.40611 0
3.48236 0
4.62008 0
3.43434 0
3.65195 0
4.20769 0
3.50555 0
3.29812 0
3.43818 0
3.71593 0
3.55242 0
3.57218 0
3.40768 0
3.7321 0
4.02453 0
3.59099 0
3.49004 0
3.73748 0
3.31021 0
3.49247 0
3.51094 0
3.55475 0
3.4377 0
3.40264 0
3.42611 0
3.5913 0
3.47288 0
3.42524 0
4.39335 0
5.17508 0
3.50657 0
3.39748 0
3.4701 0
3.80461 0
3.51192 0
3.4572 0
3.52453 0
3.48967 0
3.55469 0
3.7054 0
3.37248 0
3.52162 0
3.74113 0
3.38687 0
3.75689 0
3.61204 0
3.52626 0
3.64665 0
3.89366 0
3.55339 0
4.58453 0
3.42767 0
3.57009 0
3.40359 0
3.39317 0
3.56337 0
3.4814 0
3.69854 0
3.65633 0
3.57205 0
3.5957 0
3.6383 0
3.47795 0
3.6475 0
3.53629 0
3.63039 0
3.57375 0
3.63499 0
4.476 0
3.59787 0
3.70375 0
3.46078 0
3.463 0
3.43126 0
3.72915 0
3.42178 0
3.70649 0
3.63253 0
3.55218 0
3.49077 0
3.57774 0
3.44597 0
3.7216 0
3.64561 0
3.70841 0
3.47754 0
3.48786 0
3.69881 0
3.42564 0
3.41682 0
3.6438 0
3.4466 0
5.22167 0
3.52895 0
3.36701 0
3.62485 0
3.5593 0
3.7623 0
3.46421 0
3.69741 0
3.5486 0
3.78263 0
3.96274 0
3.60056 0
3.39937 0
3.7479 0
3.56254 0
3.46924 0
3.4048 0
3.45473 0
3.45058 0
3.7246 0
3.39589 0
3.46239 0
3.37659 0
3.79066 0
3.59177 0
3.55069 0
3.6443 0
3.5359 0
3.44923 0
3.86691 0
3.44514 0
3.35966 0
3.5288 0
3.74002 0
3.65252 0
3.50424 0
3.95383 0
3.48505 0
3.42537 0
3.52615 0
3.39638 0
3.75173 0
3.67281 0
3.42245 0
3.52332 0
3.70051 0
3.70941 0
3.73033 0
3.44116 0
3.51647 0
3.40526 0
3.56672 0
3.58485 0
3.57302 0
3.55726 0
3.68256 0
3.8079 0
3.93282 0
3.54249 0
3.69072 0
3.46366 0
3.55447 0
3.39915 0
3.58359 0
3.71496 0
3.69419 0
3.54066 0
3.63939 0
4.53574 0
3.51245 0
3.52067 0
3.38664 0
3.72401 0
3.52751 0
3.76856 0
3.74833 0
3.79836 0
3.60009 0
3.47968 0
3.75938 0
3.69415 0
3.4206 0
3.41138 0
3.55258 0
3.7772 0
3.73455 0
3.46042 0
3.82503 0
3.50877 0
3.54882 0
3.41543 0
3.43662 0
3.75485 0
3.68621 0
4.58757 0
3.84186 0
3.57435 0
3.4966 0
3.70914 0
3.399 0
3.69074 0
3.5117 0
4.13337 0
3.57932 0
3.52658 0
3.442 0
3.51414 0
3.67125 0
3.64808 0
3.48599 0
3.80143 0
3.70835 0
3.46314 0
3.69493 0
3.7553 0
3.73324 0
3.50346 0
3.44357 0
3.4231 0
3.39343 0
3.74013 0
3.54187 0
3.51854 0
3.69563 0
3.68662 0
3.63303 0
3.45425 0
4.4336 0
3.41257 0
4.59678 0
3.45211 0
3.40074 0
3.55405 0
3.61129 0
3.6997 0
3.62425 0
3.69048 0
3.43949 0
4.02202 0
4.04023 0
4.46489 0
3.62775 0
3.474 0
3.58703 0
3.52328 0
3.65049 0
3.74154 0
3.46661 0
3.55584 0
3.57115 0
4.42605 0
3.31952 0
3.67769 0
3.48185 0
3.36622 0
3.57341 0
3.34286 0
4.45039 0
3.31099 0
3.82488 0
3.70432 0
3.74183 0
3.79583 0
3.25167 0
3.37205 0
3.46936 0
3.62937 0
3.93049 0
3.44525 0
3.53841 0
3.43749 0
3.80137 0
3.53644 0
3.66665 0
3.79659 0
4.54032 0
3.47512 0
3.43894 0
3.44492 0
3.70976 0
3.66531 0
3.5777 0
3.44624 0
3.75218 0
3.5371 0
3.78815 0
3.71679 0
3.81175 0
3.62273 0
3.48087 0
3.58034 0
3.52268 0
3.6667 0
3.72804 0
3.42212 0
4.45859 0
3.79458 0
3.85614 0
3.47812 0
3.54949 0
3.72367 0
3.71809 0
3.56457 0
3.41826 0
3.43526 0
3.68469 0
3.32151 0
3.41796 0
3.6425 0
4.45288 0
3.47187 0
4.24947 0
3.45678 0
3.41637 0
3.94075 0
3.55635 0
3.51443 0
3.66109 0
3.68721 0
3.46843 0
3.43301 0
3.56392 0
3.47732 0
3.4209 0
3.54456 0
3.62169 0
3.5508 0
3.42949 0
3.68878 0
3.54314 0
3.69956 0
3.4798 0
3.605 0
3.56844 0
3.4709 0
3.65601 0
3.70065 0
3.54642 0
3.67219 0
3.73959 0
3.71919 0
3.44748 0
3.36431 0
3.7197 0
3.55407 0
3.9188 0
3.52091 0
4.43878 0
3.70214 0
3.57665 0
3.77437 0
4.43336 0
3.60498 0
3.52228 0
3.49787 0
3.59646 0
3.53651 0
3.71598 0
3.45376 0
3.762 0
3.42505 0
3.51372 0
3.72505 0
3.47596 0
3.78696 0
3.45009 0
3.56472 0
3.80357 0
3.64113 0
3.46943 0
3.73642 0
3.82147 0
3.53163 0
3.68219 0
3.48155 0
3.58008 0
3.55128 0
3.86633 0
3.75273 0
4.40284 0
3.68441 0
3.68483 0
3.33306 0
4.44279 0
3.39959 0
3.31606 0
3.79283 0
3.8354 0
3.64087 0
3.54482 0
3.58027 0
3.49547 0
3.4569 0
3.74032 0
3.61552 0
4.57119 0
3.6894 0
4.38984 0
3.46459 0
3.75706 0
3.55821 0
3.50291 0
3.68692 0
3.83331 0
3.4761 0
3.52579 0
4.65007 0
3.48779 0
4.42601 0
3.48253 0
3.23074 0
3.55182 0
3.56852 0
3.80446 0
3.3932 0
3.6542 0
3.45028 0
3.47881 0
3.66275 0
3.58826 0
3.47836 0
3.86002 0
3.67626 0
3.71316 0
3.37301 0
3.56732 0
3.53576 0
3.73229 0
3.61335 0
3.56541 0
3.59881 0
3.37837 0
3.38011 0
3.57837 0
3.87823 0
3.64475 0
4.42944 0
3.72397 0
3.5491 0
3.65824 0
3.41952 0
3.69596 0
3.43795 0
3.55272 0
3.45865 0
4.47037 0
3.43913 0
3.42256 0
3.63281 0
3.5006 0
3.47267 0
3.63645 0
3.59039 0
3.47492 0
3.74464 0
3.63209 0
3.45304 0
3.76501 0
3.76685 0
3.70568 0
3.43853 0
3.47941 0
3.53792 0
3.53259 0
3.45993 0
3.6153 0
3.54034 0
3.96276 0
3.41821 0
3.74956 0
3.76574 0
3.68359 0
4.03985 0
3.7633 0
3.57753 0
3.5611 0
3.5228 0
3.78165 0
3.50338 0
3.60766 0
3.32642 0
3.5625 0
3.70682 0
4.41597 0
3.67771 0
3.44129 0
3.42607 0
3.56858 0
4.48034 0
4.47168 0
3.75941 0
3.76213 0
3.48596 0
3.41872 0
3.57513 0
3.54547 0
3.46841 0
3.73481 0
3.70649 0
3.56567 0
3.60216 0
3.47867 0
3.43635 0
3.51549 0
3.49533 0
3.71585 0
3.66449 0
3.52942 0
3.36197 0
3.76521 0
3.48665 0
3.74719 0
3.53781 0
3.61541 0
3.64027 0
4.2656 0
4.06455 0
3.43059 0
3.46129 0
3.55946 0
3.82051 0
3.49096 0
3.69102 0
3.33003 0
3.64102 0
3.64308 0
3.67747 0
3.714 0
3.43141 0
3.71729 0
3.7713 0
3.68105 0
3.48099 0
3.35853 0
3.50961 0
3.72318 0
3.81714 0
3.354 0
3.58544 0
3.37381 0
3.50978 0
3.82161 0
3.67567 0
3.78708 0
3.75726 0
3.56479 0
3.49215 0
3.59281 0
3.58447 0
3.52614 0
3.43593 0
3.49072 0
3.42747 0
3.54749 0
3.42677 0
3.5682 0
3.53948 0
3.38992 0
3.4368 0
3.45989 0
3.63523 0
3.83179 0
3.4758 0
3.69356 0
4.07609 0
3.84209 0
3.5654 0
3.66627 0
3.50941 0
3.26088 0
3.59004 0
3.69203 0
3.34545 0
3.47485 0
3.71551 0
3.53105 0
3.47561 0
3.50701 0
3.42116 0
3.64558 0
3.40982 0
3.3687 0
3.45961 0
3.64984 0
3.72286 0
4.49652 0
3.33285 0
3.61762 0
3.56748 0
3.56472 0
3.66677 0
3.60517 0
3.79096 0
3.55473 0
3.71464 0
3.67732 0
3.45336 0
4.02014 0
3.30654 0
3.49291 0
3.32064 0
3.66369 0
3.32279 0
3.47636 0
3.60122 0
3.47317 0
3.81282 0
3.48659 0
3.49838 0
3.6726 0
4.41471 0
3.61006 0
3.40827 0
3.78575 0
4.42316 0
4.32937 0
3.80062 0
3.64924 0
3.5113 0
3.58249 0
3.70073 0
3.48314 0
3.51186 0
3.7573 0
3.58763 0
3.47479 0
3.50106 0
3.53616 0
3.3254 0
4.27996 0
3.49457 0
3.46817 0
4.46146 0
3.35678 0
3.451 0
3.77104 0
3.78058 0
3.54166 0
3.49331 0
3.55847 0
3.67857 0
3.52081 0
3.45028 0
3.55721 0
3.91498 0
3.67698 0
3.50264 0
3.81361 0
3.53409 0
3.40377 0
3.46827 0
3.58812 0
3.31743 0
3.41572 0
3.51863 0
4.1884 0
3.49099 0
3.60194 0
3.90562 0
3.66363 0
3.54965 0
3.38613 0
3.86281 0
3.51169 0
3.45685 0
3.45006 0
3.52952 0
3.59291 0
3.41711 0
3.53444 0
3.49022 0
3.56395 0
3.86795 0
3.32419 0
3.42985 0
3.35433 0
3.55041 0
3.81431 0
3.48222 0
3.43674 0
3.60278 0
3.49042 0
3.95903 0
3.579 0
3.77647 0
4.38991 0
3.53035 0
3.70595 0
3.88815 0
3.68883 0
3.64536 0
3.74115 0
3.66158 0
3.61534 0
3.38919 0
3.57858 0
3.61694 0
3.70181 0
3.39895 0
3.48046 0
3.59593 0
3.6121 0
3.45964 0
3.76635 0
3.68136 0
3.55017 0
3.6091 0
4.35129 0
3.61735 0
3.81955 0
3.88111 0
3.41769 0
3.60568 0
3.57326 0
3.7987 0
3.74277 0
3.66226 0
3.44601 0
3.52038 0
3.65501 0
3.42541 0
3.74696 0
3.41909 0
3.39439 0
3.75569 0
3.82873 0
3.44958 0
3.53175 0
3.43703 0
3.69143 0
3.6678 0
3.62065 0
3.61548 0
3.45638 0
3.68585 0
3.78964 0
3.78012 0
3.77937 0
3.71584 0
3.62118 0
3.65318 0
3.40187 0
3.48206 0
3.37861 0
3.77118 0
3.46604 0
3.40994 0
3.54041 0
3.69669 0
4.47807 0
3.47287 0
3.44326 0
3.61516 0
3.79254 0
3.43989 0
3.46361 0
3.45152 0
3.50826 0
3.74526 0
3.65047 0
3.58996 0
3.48762 0
3.47497 0
3.53345 0
3.44892 0
3.52104 0
3.48567 0
3.52451 0
3.79596 0
3.78927 0
4.44304 0
3.63448 0
3.77686 0
3.81871 0
3.42002 0
3.55688 0
3.50773 0
3.43911 0
3.4347 0
3.41158 0
3.677 0
3.47121 0
3.44705 0
4.36064 0
3.36218 0
3.53728 0
3.5279 0
3.43265 0
3.72802 0
3.52186 0
3.57264 0
3.61985 0
3.3692 0
3.75169 0
3.68849 0
3.66712 0
3.57179 0
3.898 0
3.79255 0
3.65547 0
3.75787 0
3.40215 0
3.53704 0
3.42798 0
3.45368 0
3.69375 0
3.37649 0
3.54086 0
3.50933 0
3.56987 0
3.42412 0
3.35842 0
3.38367 0
3.53733 0
3.62301 0
3.46236 0
3.54535 0
3.54526 0
3.60861 0
3.71642 0
3.49665 0
3.48324 0
3.4399 0
3.69509 0
3.75926 0
4.47729 0
3.68226 0
3.34771 0
3.55843 0
3.41822 0
3.69256 0
3.63005 0
3.7642 0
3.37912 0
3.42055 0
3.62039 0
3.37496 0
3.50228 0
3.62396 0
3.76731 0
3.50338 0
3.53868 0
3.49086 0
3.51255 0
4.43133 0
3.60913 0
3.41223 0
3.56141 0
3.53833 0
3.36255 0
3.64394 0
3.3092 0
3.46023 0
4.4123 0
3.42093 0
3.41727 0
3.83501 0
3.45884 0
4.44879 0
3.77387 0
3.68843 0
3.78988 0
3.48603 0
3.5456 0
3.77283 0
3.4465 0
3.55775 0
3.71739 0
3.56925 0
3.84273 0
3.46031 0
3.47045 0
3.80653 0
3.56953 0
3.72544 0
3.35397 0
4.46594 0
3.79111 0
3.52592 0
3.67253 0
3.81881 0
3.56076 0
3.65954 0
3.29267 0
3.45779 0
3.64281 0
3.50925 0
3.67069 0
4.35608 0
3.69634 0
3.51359 0
3.45062 0
3.57096 0
3.7584 0
3.67961 0
3.60447 0
3.33708 0
3.69941 0
3.43417 0
3.50397 0
4.25733 0
3.69874 0
3.45 0
3.80037 0
3.62139 0
3.32306 0
3.48429 0
3.58186 0
3.85061 0
3.98743 0
3.4576 0
3.47489 0
3.40312 0
3.42679 0
3.75585 0
3.74786 0
3.69964 0
3.73234 0
3.50342 0
3.84601 0
3.53945 0
3.59413 0
3.51528 0
3.36501 0
3.36901 0
3.42892 0
3.4091 0
3.72919 0
3.52239 0
3.72489 0
3.60772 0
3.7318 0
4.44134 0
3.65645 0
3.83946 0
3.39571 0
3.4983 0
4.40418 0
3.39135 0
3.38951 0
3.32741 0
3.51432 0
3.4503 0
3.81109 0
3.62234 0
3.31698 0
3.33247 0
3.45941 0
3.61401 0
3.58362 0
3.59529 0
3.52342 0
3.41818 0
3.84229 0
3.381 0
3.82969 0
3.61232 0
3.77606 0
3.42107 0
3.49738 0
3.74498 0
3.6569 0
3.39889 0
3.2716 0
3.42491 0
3.39856 0
3.54539 0
3.81367 0
3.72178 0
3.50559 0
4.39495 0
3.44764 0
3.46106 0
3.31289 0
3.69274 0
3.85578 0
3.83107 0
3.53989 0
3.56575 0
3.47197 0
3.42532 0
3.49663 0
4.24038 0
3.49539 0
3.3888 0
3.77802 0
3.59107 0
3.45407 0
3.35763 0
3.98868 0
3.35245 0
3.49298 0
4.44556 0
3.66014 0
3.26565 0
3.51561 0
3.71959 0
3.44793 0
3.61598 0
3.49071 0
3.37445 0
3.35434 0
3.46358 0
3.48901 0
3.75144 0
3.68856 0
3.51664 0
3.34323 0
3.46454 0
3.56726 0
3.53322 0
3.66618 0
4.44903 0
4.04045 0
3.65587 0
3.5548 0
3.52106 0
3.62925 0
3.63304 0
3.61384 0
4.0678 0
3.57966 0
3.51554 0
3.52182 0
3.74476 0
3.46726 0
3.38389 0
3.53777 0
3.4616 0
3.40941 0
3.57161 0
3.4663 0
3.51986 0
3.44291 0
3.53347 0
3.62993 0
4.12238 0
3.49851 0
3.71265 0
3.72199 0
3.57091 0
3.39031 0
3.56223 0
3.56794 0
3.51109 0
3.50161 0
3.5753 0
4.08855 0
3.421 0
3.60952 0
3.74981 0
3.79856 0
3.50394 0
3.37136 0
3.49256 0
3.77839 0
3.43052 0
3.46863 0
3.65525 0
3.60157 0
3.53409 0
3.53695 0
3.51811 0
3.4701 0
3.66219 0
3.49977 0
3.46827 0
3.72201 0
3.39081 0
3.68323 0
3.45205 0
3.7125 0
3.32849 0
3.69924 0
3.78427 0
3.46352 0
3.34632 0
3.46594 0
3.47167 0
3.62089 0
3.42458 0
3.40094 0
3.30833 0
3.65168 0
3.58503 0
3.66653 0
3.42777 0
3.69424 0
3.56289 0
3.52162 0
3.43326 0
3.53424 0
3.28885 0
3.45893 0
3.56098 0
3.48847 0
3.41064 0
3.46267 0
3.56733 0
3.60059 0
3.55336 0
3.76736 0
3.69908 0
3.38603 0
3.72208 0
3.61567 0
3.60582 0
3.69263 0
3.65324 0
3.41 0
3.57164 0
3.40603 0
3.63097 0
3.58753 0
3.55191 0
3.34129 0
3.63388 0
3.49567 0
3.4165 0
3.94263 0
3.4867 0
3.42305 0
3.51651 0
3.69953 0
3.39631 0
3.54188 0
3.59504 0
4.2927 0
3.43141 0
3.56064 0
3.4268 0
3.51544 0
3.51126 0
3.57942 0
3.46238 0
3.51954 0
3.43382 0
3.44849 0
3.86138 0
3.79639 0
3.57797 0
3.56773 0
3.33576 0
3.45456 0
3.48285 0
3.50585 0
3.7013 0
3.43373 0
3.5787 0
3.4289 0
4.24177 0
3.35466 0
3.46661 0
3.48758 0
3.33092 0
3.36459 0
3.861 0
3.48711 0
3.48401 0
3.68903 0
3.50583 0
3.47567 0
3.73661 0
3.50918 0
3.68992 0
3.53693 0
3.7925 0
3.54469 0
3.69327 0
3.45525 0
3.45723 0
3.50571 0
3.47603 0
3.48981 0
3.56607 0
3.34038 0
3.55448 0
3.7624 0
3.67744 0
3.39363 0
3.38126 0
3.37412 0
3.35814 0
3.7244 0
3.79105 0
3.4786 0
3.33356 0
3.61244 0
3.47215 0
3.77521 0
3.522 0
3.47179 0
3.66557 0
3.48825 0
3.27761 0
3.71579 0
3.3728 0
3.46238 0
3.43554 0
3.5415 0
3.39085 0
3.71516 0
3.47068 0
3.4272 0
3.80811 0
3.43605 0
3.35782 0
3.87169 0
3.50416 0
3.8516 0
3.68485 0
3.37306 0
3.55918 0
3.57559 0
3.42515 0
3.60787 0
3.68068 0
3.46904 0
3.44652 0
3.55595 0
4.2377 0
3.72469 0
3.72468 0
3.6632 0
3.45304 0
3.68161 0
3.37528 0
3.35447 0
3.55875 0
3.54364 0
3.56932 0
3.47542 0
3.48043 0
3.47958 0
3.60181 0
3.42291 0
3.50103 0
3.50361 0
3.63976 0
3.60911 0
3.86782 0
3.52002 0
3.4605 0
3.47923 0
3.45424 0
3.74558 0
3.43474 0
3.52621 0
3.34938 0
3.44857 0
3.54731 0
3.68002 0
3.64199 0
3.64511 0
3.42969 0
3.63088 0
3.8236 0
3.86226 0
3.50126 0
3.66037 0
3.86749 0
3.49396 0
3.61353 0
3.49703 0
3.7098 0
3.79814 0
3.49549 0
3.54387 0
3.81554 0
3.75204 0
3.6347 0
3.53313 0
3.5077 0
3.48571 0
3.47538 0
3.70718 0
3.41055 0
3.90296 0
3.42727 0
3.46741 0
3.36373 0
3.69904 0
3.48409 0
3.4527 0
3.45008 0
3.4814 0
3.55374 0
3.30682 0
3.69248 0
3.3948 0
3.74586 0
3.63445 0
3.51582 0
3.51109 0
3.73593 0
3.51779 0
3.36283 0
3.49617 0
3.36802 0
3.7535 0
3.80756 0
3.4822 0
3.42454 0
3.51932 0
3.73559 0
3.76682 0
3.61642 0
3.60593 0
3.63456 0
3.45271 0
3.60418 0
3.46662 0
3.773 0
3.44955 0
3.61382 0
3.50123 0
3.72016 0
3.58719 0
3.61278 0
3.56602 0
3.64577 0
3.45342 0
3.7008 0
3.74331 0
3.37005 0
3.38921 0
3.45281 0
3.58479 0
4.25361 0
4.28261 0
3.48384 0
3.41331 0
3.7503 0
3.42518 0
3.48401 0
3.65629 0
3.80214 0
3.40312 0
3.51306 0
3.67838 0
3.43139 0
3.54748 0
3.52839 0
3.77043 0
3.47085 0
3.33109 0
3.68578 0
3.79915 0
3.42611 0
3.59778 0
3.60485 0
3.71495 0
3.90442 0
3.54026 0
3.45975 0
3.76345 0
3.51378 0
3.47179 0
3.54305 0
3.64853 0
3.38628 0
3.4178 0
3.57599 0
3.58471 0
3.40709 0
3.50487 0
3.55383 0
3.50956 0
3.47603 0
3.54504 0
3.32744 0
3.44601 0
3.86552 0
3.48315 0
3.3849 0
3.6653 0
3.86214 0
3.47492 0
3.37018 0
3.44632 0
3.45521 0
3.64611 0
3.34301 0
3.43419 0
3.4174 0
3.40212 0
3.49663 0
3.5717 0
3.50422 0
3.37229 0
3.67779 0
3.52031 0
3.9006 0
3.3862 0
3.40546 0
3.47893 0
3.60457 0
3.34888 0
3.74542 0
3.67691 0
3.55554 0
3.56544 0
3.54926 0
3.48557 0
3.45314 0
3.53268 0
3.94559 0
3.6203 0
3.41823 0
3.71887 0
3.90421 0
3.43715 0
3.72613 0
3.34348 0
3.45234 0
3.8853 0
3.45763 0
3.73583 0
3.60308 0
3.31997 0
3.48384 0
3.57663 0
3.40832 0
3.40863 0
4.30356 0
3.59762 0
3.80006 0
3.71576 0
3.82064 0
3.54877 0
3.55777 0
3.52726 0
3.67479 0
3.47084 0
3.44422 0
3.37567 0
3.55071 0
3.53517 0
3.36249 0
3.49159 0
3.59652 0
3.54924 0
3.55071 0
3.42444 0
3.57535 0
3.45695 0
3.401 0
3.5588 0
3.45161 0
3.56878 0
3.6447 0
3.57948 0
3.48146 0
3.47385 0
3.48609 0
3.50961 0
3.52726 0
3.58874 0
3.49748 0
3.82085 0
3.47315 0
3.69527 0
3.76193 0
3.50915 0
3.39132 0
3.48736 0
3.40943 0
3.40032 0
3.29387 0
3.54382 0
3.58842 0
3.87279 0
3.50298 0
3.44458 0
3.79452 0
4.08029 0
3.48523 0
3.45982 0
3.63174 0
3.37268 0
3.4395 0
3.46734 0
3.52696 0
3.53249 0
3.52821 0
3.4558 0
3.38388 0
3.35229 0
3.52256 0
3.5297 0
3.39436 0
3.39859 0
3.4756 0
3.47268 0
3.66391 0
3.4623 0
3.59324 0
3.77023 0
3.78016 0
3.58499 0
3.38264 0
3.80713 0
3.4818 0
3.42503 0
3.67659 0
3.4351 0
3.62171 0
3.71546 0
3.50471 0
3.61895 0
3.53802 0
3.8251 0
3.41488 0
3.57613 0
3.53032 0
3.54978 0
3.46074 0
3.64118 0
3.83052 0
3.76271 0
3.83286 0
3.45287 0
3.51234 0
3.73654 0
4.02072 0
3.37775 0
3.61983 0
3.61356 0
3.69569 0
3.58838 0
3.66701 0
3.49719 0
3.79142 0
3.45193 0
3.38034 0
3.73508 0
3.56578 0
3.4327 0
3.49133 0
3.6839 0
3.38139 0
3.42682 0
3.48403 0
3.62793 0
3.76131 0
3.74954 0
3.46512 0
3.52403 0
3.46813 0
3.50349 0
3.91321 0
3.60457 0
3.76778 0
3.58105 0
3.57614 0
3.47397 0
3.44094 0
3.72857 0
3.34985 0
3.48469 0
3.37192 0
3.41804 0
3.55752 0
3.4173 0
3.48043 0
3.49333 0
3.98224 0
3.56633 0
3.43229 0
3.48833 0
3.63247 0
3.83085 0
3.48428 0
3.56588 0
3.70608 0
3.44363 0
4.41753 0
3.90536 0
3.3665 0
3.60729 0
3.44215 0
3.58979 0
3.80977 0
3.32556 0
3.35682 0
3.713 0
3.50452 0
3.51381 0
3.81584 0
4.72157 0
3.56304 0
3.42216 0
3.52716 0
3.50206 0
3.42044 0
3.45695 0
3.40952 0
3.48231 0
3.73742 0
3.38122 0
3.57989 0
3.60368 0
3.40915 0
3.55077 0
3.8054 0
3.60132 0
3.57304 0
3.928 0
3.71246 0
3.55921 0
3.36246 0
3.5138 0
3.80627 0
3.42576 0
3.80046 0
3.48576 0
3.40391 0
3.5362 0
3.57786 0
3.46882 0
3.73799 0
3.79127 0
3.53981 0
3.69225 0
3.5034 0
3.68992 0
3.38769 0
3.53145 0
3.49847 0
3.54434 0
3.60529 0
3.55979 0
3.63816 0
3.42601 0
3.73565 0
3.53218 0
3.44362 0
3.4967 0
3.45015 0
3.49245 0
3.53851 0
3.68303 0
3.46363 0
3.60435 0
3.39981 0
3.51299 0
3.44286 0
3.69076 0
3.78445 0
3.43074 0
3.5359 0
3.43868 0
3.38481 0
3.69755 0
3.47341 0
3.79833 0
3.93016 0
3.59614 0
3.51789 0
3.53644 0
3.62749 0
3.56014 0
3.62211 0
3.54486 0
3.70459 0
3.52807 0
3.7647 0
3.60867 0
3.536 0
3.71432 0
3.82445 0
3.70415 0
3.71061 0
3.76764 0
3.36258 0
3.59897 0
3.51089 0
3.73344 0
3.52091 0
3.52631 0
3.69241 0
3.50925 0
3.41251 0
3.33318 0
3.73097 0
3.4141 0
3.36378 0
3.49464 0
3.39513 0
3.73221 0
3.64372 0
3.36751 0
3.50167 0
3.94387 0
3.47081 0
3.58847 0
3.55632 0
3.55652 0
3.51199 0
3.51265 0
3.71266 0
3.51618 0
3.5144 0
3.63558 0
3.49396 0
3.55755 0
3.46907 0
3.79211 0
3.46928 0
3.44348 0
3.56523 0
3.87351 0
3.41843 0
3.82087 0
3.69264 0
3.60978 0
3.49164 0
3.37265 0
3.52875 0
3.79896 0
3.75005 0
3.65962 0
3.84274 0
3.47742 0
3.462 0
3.55027 0
3.72895 0
3.46386 0
3.48688 0
3.64006 0
3.78083 0
3.42309 0
3.6186 0
3.74225 0
3.65685 0
3.49046 0
3.60419 0
3.52808 0
3.3294 0
3.47207 0
3.40596 0
3.83794 0
3.59143 0
3.57 0
3.75274 0
3.66542 0
3.80488 0
3.71147 0
3.50169 0
3.49353 0
3.62958 0
3.64467 0
3.62809 0
3.51259 0
3.37617 0
3.59477 0
3.5673 0
3.58736 0
3.67475 0
3.59535 0
3.60367 0
3.39527 0
3.69941 0
3.76131 0
3.51909 0
3.71227 0
3.97876 0
3.45427 0
3.77304 0
3.43327 0
3.5764 0
3.46472 0
3.59753 0
3.42745 0
3.64814 0
3.90223 0
3.49427 0
3.42738 0
3.5636 0
3.4115 0
3.58477 0
3.46407 0
3.58323 0
3.42348 0
3.73393 0
3.51864 0
3.41284 0
3.57648 0
3.69055 0
3.77881 0
3.42746 0
3.66432 0
3.42957 0
3.46953 0
3.94822 0
3.71988 0
3.47582 0
3.42877 0
3.5539 0
3.76089 0
3.68402 0
3.77989 0
3.3947 0
3.79309 0
3.43995 0
3.59646 0
3.51339 0
3.83048 0
3.46966 0
3.45491 0
3.54784 0
3.64995 0
3.63666 0
3.56815 0
3.59519 0
3.47243 0
3.55842 0
3.82853 0
3.55678 0
3.52069 0
3.54315 0
3.5239 0
3.4424 0
3.43426 0
3.7652 0
3.58204 0
3.4555 0
3.7905 0
3.40461 0
3.87193 0
3.62815 0
3.60204 0
3.59365 0
3.70343 0
3.64997 0
3.48829 0
3.32923 0
3.50666 0
3.56176 0
3.77389 0
3.47347 0
3.57096 0
3.61711 0
3.53691 0
3.65822 0
3.57327 0
3.82075 0
3.79398 0
3.66394 0
3.57276 0
3.67973 0
3.74258 0
3.55282 0
3.73587 0
3.68321 0
3.37616 0
3.46702 0
3.72045 0
3.58981 0
4.43558 0
3.45124 0
3.67065 0
3.55963 0
3.56605 0
3.66237 0
3.62694 0
3.62376 0
3.67785 0
3.51359 0
3.74268 0
3.54288 0
3.82013 0
3.72068 0
3.76328 0
3.50647 0
3.45102 0
3.41593 0
3.5766 0
3.47555 0
3.70207 0
3.50448 0
3.70903 0
3.37519 0
3.46478 0
3.37029 0
3.62018 0
3.74115 0
3.33065 0
3.4685 0
3.71935 0
3.48516 0
3.69103 0
3.69172 0
3.55846 0
3.83427 0
3.73611 0
3.67483 0
3.55486 0
3.43577 0
3.54506 0
3.60713 0
3.74088 0
3.49198 0
3.46962 0
3.66627 0
3.73181 0
3.83139 0
3.6377 0
3.76147 0
3.60133 0
3.49116 0
3.44216 0
3.43102 0
3.91268 0
3.40386 0
3.46353 0
3.72199 0
3.36092 0
3.49239 0
3.57473 0
3.35486 0
3.63742 0
3.6243 0
3.6359 0
3.56647 0
3.54656 0
3.53805 0
3.52677 0
3.81722 0
3.52902 0
3.78823 0
3.46626 0
3.73282 0
3.77884 0
3.45163 0
3.37293 0
3.57816 0
3.62827 0
3.53195 0
3.76596 0
3.49811 0
3.51204 0
3.74705 0
3.97436 0
3.56411 0
3.64374 0
3.56479 0
3.44672 0
3.66181 0
3.67976 0
3.44933 0
3.58459 0
3.67655 0
3.64383 0
3.42106 0
3.43125 0
3.6565 0
3.54657 0
3.70688 0
3.48019 0
3.41587 0
4.39682 0
3.53544 0
3.47608 0
3.70107 0
3.74097 0
3.75714 0
3.43436 0
3.71232 0
3.48149 0
3.49364 0
3.56375 0
3.89804 0
3.85778 0
3.58649 0
3.98429 0
3.62024 0
3.56492 0
3.83487 0
3.69544 0
3.41649 0
3.65666 0
3.71022 0
3.4817 0
3.50104 0
3.53302 0
3.73694 0
4.47375 0
3.7681 0
3.68897 0
3.5524 0
4.19648 0
3.70299 0
3.61698 0
3.54314 0
3.56591 0
3.47754 0
3.61303 0
3.63862 0
3.57488 0
3.43129 0
3.44995 0
3.60473 0
3.60323 0
3.59138 0
3.66888 0
3.49256 0
3.31838 0
3.6148 0
3.50413 0
3.47149 0
3.34827 0
3.40653 0
3.42975 0
3.4262 0
3.84911 0
3.62682 0
3.52881 0
3.63193 0
3.59286 0
3.47496 0
3.69451 0
4.44038 0
3.50131 0
3.68788 0
3.63436 0
3.55379 0
3.48773 0
3.44879 0
3.48451 0
3.75636 0
3.56352 0
3.52402 0
3.65217 0
3.54941 0
3.41975 0
3.48492 0
3.35125 0
3.56956 0
3.63485 0
3.44828 0
3.54135 0
3.51494 0
3.79165 0
3.49103 0
3.50952 0
3.45966 0
3.68626 0
3.8329 0
3.67466 0
3.54353 0
3.38854 0
3.78057 0
4.04876 0
3.56425 0
3.4767 0
3.47248 0
3.71408 0
3.50011 0
3.65427 0
3.55574 0
3.39747 0
3.58101 0
3.72072 0
3.44966 0
3.65394 0
3.62505 0
3.46474 0
3.71826 0
3.79251 0
3.38285 0
3.83401 0
3.45328 0
3.57537 0
3.71563 0
3.64863 0
3.43208 0
3.92736 0
3.44643 0
3.8148 0
3.56266 0
3.77099 0
3.56465 0
3.44971 0
3.62535 0
3.51625 0
3.48783 0
3.524 0
3.45791 0
3.83791 0
4.02045 0
3.77845 0
3.42905 0
3.68435 0
3.56312 0
3.3414 0
3.83149 0
3.49635 0
3.75954 0
3.78487 0
3.49617 0
3.69095 0
3.42977 0
3.52987 0
3.55647 0
3.45862 0
3.39313 0
3.82834 0
3.53005 0
3.54458 0
3.46102 0
3.3778 0
3.72379 0
3.4549 0
3.59679 0
3.72661 0
3.47012 0
3.49073 0
3.6916 0
3.57661 0
3.6765 0
3.5894 0
3.60767 0
3.61101 0
3.60275 0
3.84072 0
3.72152 0
3.51297 0
3.77229 0
3.4823 0
3.52238 0
3.49469 0
3.68818 0
3.57381 0
3.82614 0
3.41708 0
3.68416 0
3.46754 0
3.56583 0
3.59517 0
3.44616 0
3.8125 0
3.39321 0
3.65025 0
3.37666 0
3.54171 0
3.85354 0
3.77536 0
3.50114 0
3.62632 0
3.48676 0
3.50145 0
3.5243 0
3.45101 0
3.75828 0
3.41704 0
3.38749 0
3.60761 0
3.58992 0
3.46524 0
3.67145 0
3.73029 0
3.62709 0
3.39711 0
3.56496 0
3.46847 0
3.52523 0
3.70153 0
3.44638 0
3.51563 0
3.51659 0
3.77292 0
3.5404 0
3.4972 0
3.77448 0
3.51979 0
3.71691 0
3.4663 0
3.49802 0
3.52036 0
3.43495 0
3.68818 0
3.68255 0
3.62413 0
3.67046 0
3.74604 0
4.11034 0
3.59496 0
3.5552 0
3.56518 0
3.6365 0
3.58596 0
3.68932 0
3.44891 0
3.78332 0
3.45813 0
3.43815 0
3.65167 0
3.57199 0
3.57604 0
3.60862 0
3.49135 0
3.42145 0
3.6538 0
3.47514 0
3.74826 0
3.69443 0
3.63828 0
3.89044 0
3.6746 0
3.75112 0
3.56012 0
3.66091 0
3.4847 0
3.32267 0
3.61691 0
3.43435 0
3.41427 0
3.75393 0
3.73842 0
3.68255 0
3.52474 0
3.55725 0
3.5709 0
3.81868 0
3.48608 0
3.53594 0
3.52134 0
3.60682 0
3.79949 0
3.63751 0
3.90289 0
3.67666 0
3.54542 0
3.71606 0
3.42906 0
3.44301 0
3.74372 0
3.7473 0
3.85733 0
3.56508 0
3.4958 0
3.80709 0
3.47745 0
3.77726 0
3.7003 0
3.62566 0
3.49703 0
3.71241 0
3.57761 0
3.90726 0
3.64605 0
3.5564 0
3.43569 0
3.67244 0
4.4618 0
3.42683 0
3.8784 0
3.42922 0
3.68618 0
3.62229 0
3.4786 0
3.56936 0
3.58757 0
3.81381 0
3.53659 0
3.79038 0
3.78264 0
3.73429 0
3.49006 0
3.43468 0
3.70471 0
3.64844 0
3.64978 0
3.48346 0
3.52029 0
3.69602 0
3.40532 0
3.78366 0
3.40456 0
3.56589 0
3.61712 0
3.4464 0
3.44561 0
3.53964 0
4.44277 0
3.66281 0
3.45529 0
3.89665 0
3.60781 0
3.43184 0
3.54815 0
3.62924 0
3.50015 0
3.48415 0
3.49874 0
3.59943 0
3.67743 0
3.71275 0
3.4271 0
3.62391 0
3.5445 0
3.38213 0
3.79284 0
3.33872 0
3.46979 0
3.78981 0
3.58341 0
3.84845 0
3.49015 0
3.51306 0
3.51077 0
3.87779 0
3.43412 0
3.66757 0
3.54185 0
3.61957 0
3.76317 0
3.46885 0
3.60303 0
3.61183 0
3.69141 0
3.74806 0
3.7153 0
3.40728 0
3.90692 0
3.65957 0
3.63151 0
3.66032 0
3.60334 0
3.47367 0
3.56929 0
3.7638 0
3.47618 0
3.33621 0
3.50761 0
3.48461 0
3.58114 0
3.84128 0
3.49758 0
3.8439 0
3.85843 0
3.51499 0
3.45222 0
3.53206 0
3.42737 0
3.52556 0
3.53599 0
3.79368 0
3.74952 0
3.43415 0
3.49071 0
3.51239 0
3.59005 0
3.4462 0
3.52048 0
3.4975 0
3.49 0
3.60923 0
3.67354 0
4.18677 0
3.4184 0
3.55838 0
3.7441 0
3.6119 0
3.64219 0
3.47 0
3.45505 0
3.38493 0
3.55116 0
3.44136 0
4.46143 0
3.8849 0
3.68612 0
3.36426 0
3.4656 0
3.81284 0
3.65224 0
3.50511 0
3.77122 0
3.66203 0
3.72923 0
3.34734 0
3.68625 0
3.4949 0
3.62788 0
3.38069 0
3.4185 0
3.59644 0
3.55198 0
3.62128 0
3.86557 0
3.45575 0
3.4267 0
3.45186 0
3.4064 0
3.68408 0
3.50267 0
3.75362 0
3.70446 0
3.48206 0
3.63578 0
3.45643 0
3.59296 0
3.4641 0
3.47395 0
3.39509 0
5.22033 0
3.5086 0
3.47785 0
3.40481 0
3.68028 0
3.56832 0
3.82452 0
3.49964 0
3.5974 0
4.4291 0
3.48702 0
3.40507 0
4.04345 0
3.70149 0
3.7374 0
3.49725 0
3.64792 0
3.5714 0
3.6161 0
3.51914 0
3.32557 0
3.64581 0
3.41108 0
3.50232 0
3.57061 0
3.76459 0
3.72926 0
3.44327 0
3.47003 0
3.74739 0
3.46489 0
3.46862 0
3.73566 0
3.42475 0
3.56926 0
3.42196 0
3.7925 0
3.42487 0
3.67813 0
3.48981 0
3.73333 0
3.67812 0
5.17973 0
3.57842 0
3.50345 0
3.80736 0
3.39392 0
3.53823 0
3.41783 0
3.32652 0
3.5187 0
3.38148 0
3.42062 0
3.51916 0
3.63926 0
3.7134 0
3.41748 0
3.45802 0
3.4166 0
3.52772 0
3.77973 0
3.34537 0
3.51233 0
3.43869 0
3.44747 0
3.49795 0
3.81946 0
3.32459 0
3.79557 0
3.53406 0
3.63468 0
3.63645 0
3.38945 0
3.69424 0
3.57032 0
3.56603 0
3.51395 0
3.65001 0
3.38901 0
3.87647 0
3.45944 0
3.65787 0
3.5417 0
3.47148 0
3.55406 0
3.50698 0
3.7676 0
3.6892 0
4.31714 0
3.56516 0
3.50452 0
3.44547 0
3.49757 0
3.61611 0
3.63946 0
3.82878 0
3.527 0
4.26594 0
3.53663 0
3.613 0
3.79628 0
3.54773 0
3.46705 0
3.52507 0
3.36151 0
3.34775 0
3.84836 0
3.56034 0
3.65492 0
3.85261 0
3.63074 0
3.41141 0
3.49286 0
3.45234 0
3.39516 0
3.80744 0
3.55874 0
3.70097 0
3.33722 0
3.51189 0
3.45384 0
3.55966 0
3.60444 0
3.49388 0
3.55821 0
3.80116 0
3.45761 0
3.94229 0
3.59254 0
3.98432 0
3.53494 0
3.54703 0
3.48467 0
3.40997 0
3.42272 0
3.68498 0
3.37967 0
3.389 0
3.54763 0
4.30141 0
4.31254 0
3.50595 0
3.87183 0
3.43099 0
3.59197 0
3.7622 0
3.71189 0
3.70386 0
3.68014 0
3.79172 0
3.5827 0
3.74447 0
3.64983 0
3.80212 0
3.48225 0
3.56011 0
3.80207 0
3.76238 0
3.68336 0
3.47312 0
3.74921 0
3.56037 0
3.51268 0
3.71731 0
3.69673 0
3.41897 0
3.55681 0
3.88611 0
3.57259 0
3.54875 0
3.54726 0
3.51763 0
3.68915 0
3.6151 0
3.53313 0
3.80535 0
3.68512 0
3.68243 0
3.55343 0
3.37681 0
3.46264 0
3.46864 0
3.58162 0
3.73087 0
3.71302 0
3.54187 0
3.41688 0
3.8477 0
3.53936 0
3.49042 0
3.69012 0
3.42487 0
3.75512 0
4.2461 0
3.3604 0
4.55275 0
3.51835 0
3.33145 0
3.34029 0
3.44953 0
3.48092 0
3.69651 0
3.56137 0
3.52308 0
3.46872 0
3.41246 0
3.47438 0
3.79398 0
3.49591 0
3.54233 0
3.42639 0
3.55167 0
3.69745 0
3.65185 0
3.6929 0
3.67399 0
3.50087 0
3.5688 0
3.79916 0
3.49373 0
3.45909 0
3.6963 0
3.48584 0
3.62609 0
3.62988 0
4.30437 0
3.52643 0
3.60503 0
3.81238 0
3.49384 0
3.88657 0
3.82271 0
3.6402 0
3.37942 0
3.73764 0
3.45109 0
3.58265 0
3.74986 0
3.72672 0
3.39513 0
3.74013 0
3.49752 0
3.58855 0
3.50194 0
3.54782 0
3.4867 0
3.76593 0
3.52817 0
3.65309 0
3.68042 0
3.50537 0
3.60964 0
3.68048 0
3.60642 0
3.75029 0
3.65537 0
4.0713 0
3.75605 0
3.50714 0
3.67493 0
3.777 0
3.44202 0
3.50404 0
3.44401 0
3.47015 0
3.45076 0
3.43288 0
3.4166 0
3.7578 0
3.38331 0
4.02604 0
3.80382 0
3.44649 0
3.38009 0
3.71569 0
3.77289 0
3.38981 0
3.38155 0
3.41478 0
3.45157 0
3.57993 0
3.67478 0
3.39393 0
3.71994 0
3.69301 0
4.16739 0
3.6937 0
3.40739 0
3.81761 0
3.58574 0
3.43339 0
3.37757 0
3.77612 0
3.62652 0
3.41309 0
3.61 0
3.48808 0
4.14536 0
3.57901 0
3.47001 0
3.44283 0
3.80118 0
3.46048 0
3.46901 0
3.57411 0
3.48588 0
3.77449 0
3.77235 0
3.77141 0
3.52463 0
3.83469 0
4.05984 0
3.51366 0
3.74032 0
3.4021 0
3.51931 0
3.39184 0
3.48385 0
3.45587 0
3.38087 0
3.76241 0
3.59314 0
3.87098 0
3.41666 0
3.44532 0
3.65044 0
3.64727 0
3.73319 0
3.70652 0
3.49837 0
3.60293 0
3.46297 0
3.54359 0
3.60205 0
3.70366 0
3.74065 0
3.46008 0
3.54477 0
3.45029 0
3.45926 0
3.76794 0
3.543 0
3.37052 0
3.83012 0
3.5018 0
3.75303 0
3.62256 0
3.44785 0
3.51037 0
3.66525 0
3.43144 0
3.76841 0
3.43424 0
3.37296 0
3.49372 0
3.79222 0
3.49484 0
3.60258 0
3.41173 0
3.42916 0
3.43184 0
3.53089 0
3.75952 0
3.57353 0
3.48657 0
3.80038 0
3.5415 0
3.72698 0
3.72698 0
3.66795 0
3.68007 0
3.77314 0
3.85327 0
4.50927 0
4.54032 0
