100     0.56796    0.01962    0.02302    0.46759      2.42827      0.52531      3.87299      2.19814      0.55888      
200     0.40336    0.02179    0.02582    0.33753      2.34413      0.35575      3.88166      1.99243      0.47047      
300     0.36932    0.02390    0.02865    0.30213      2.66342      0.31677      3.68656      2.25903      0.42924      
400     0.33498    0.02572    0.03087    0.33132      2.47121      0.27839      3.63391      2.08074      0.42975      
500     0.31507    0.02707    0.03270    0.29919      2.26579      0.25530      3.76916      1.76877      0.40370      
600     0.31708    0.02842    0.03450    0.26600      2.64202      0.25417      3.70039      2.04917      0.42086      
700     0.29374    0.02992    0.03632    0.26077      2.32628      0.22750      3.71045      1.76049      0.35541      
800     0.28642    0.03132    0.03799    0.29163      2.37089      0.21711      3.56545      1.73127      0.35316      
900     0.27963    0.03285    0.03986    0.25849      2.54865      0.20692      3.46299      1.80724      0.31918      
1000    0.27645    0.03379    0.04122    0.29982      2.47739      0.20144      3.47087      1.82333      0.28806      
1100    0.26916    0.03510    0.04282    0.30935      2.82108      0.19124      3.48188      2.14477      0.27879      
1200    0.27328    0.03663    0.04479    0.25879      2.81821      0.19185      3.54002      2.08371      0.29086      
1300    0.26785    0.03806    0.04644    0.33316      2.68889      0.18334      3.49431      1.96800      0.29762      
1400    0.26368    0.03914    0.04784    0.31484      2.59274      0.17670      3.56262      1.86157      0.27842      
1500    0.26209    0.04038    0.04941    0.26973      2.64568      0.17230      3.46915      1.93628      0.27801      
1600    0.26299    0.04128    0.05067    0.34488      2.65233      0.17104      3.33705      1.95294      0.25569      
1700    0.25872    0.04214    0.05162    0.28392      2.58676      0.16496      3.58907      1.87432      0.28568      
1800    0.25519    0.04317    0.05308    0.25752      2.72840      0.15894      3.49532      1.98047      0.25467      
1900    0.25861    0.04425    0.05442    0.30320      2.74885      0.15994      3.47756      2.07746      0.24931      
2000    0.25516    0.04511    0.05554    0.30618      2.77003      0.15450      3.54810      1.99589      0.25204      
2100    0.25964    0.04627    0.05692    0.26411      2.45638      0.15644      3.54589      1.68861      0.26862      
2200    0.26412    0.04704    0.05772    0.30811      2.55767      0.15935      3.48175      1.81673      0.28661      
2300    0.25478    0.04761    0.05871    0.29582      2.62279      0.14846      3.54236      1.91897      0.26155      
2400    0.25467    0.04830    0.05955    0.25837      2.58437      0.14682      3.48010      1.86465      0.27029      
2500    0.25795    0.04922    0.06059    0.28697      2.57181      0.14815      3.55383      2.00325      0.27006      
2600    0.25994    0.05019    0.06186    0.28166      2.46424      0.14789      3.62027      1.72629      0.26465      
100     0.24970    0.05085    0.06267    0.25900      2.62205      0.13618      3.54211      1.83903      0.24353      
200     0.25153    0.05156    0.06345    0.27115      2.36491      0.13652      3.55483      1.61383      0.26752      
300     0.25041    0.05188    0.06397    0.27165      2.55793      0.13455      3.58374      1.76918      0.24585      
400     0.25178    0.05265    0.06499    0.28100      2.65078      0.13415      3.66702      1.87113      0.24143      
500     0.25472    0.05322    0.06576    0.27255      2.49830      0.13573      3.60231      1.75481      0.25694      
600     0.25375    0.05394    0.06669    0.27379      2.46846      0.13312      3.74914      1.76546      0.25333      
700     0.24841    0.05439    0.06731    0.26500      2.55663      0.12670      3.71996      1.81473      0.24074      
800     0.25138    0.05456    0.06765    0.29029      2.57650      0.12918      3.72315      1.81832      0.25854      
900     0.24849    0.05500    0.06850    0.27441      2.73813      0.12498      3.71450      1.97082      0.23826      
1000    0.25444    0.05585    0.06949    0.26103      2.66695      0.12910      3.66529      1.86391      0.23998      
1100    0.25146    0.05644    0.07026    0.25123      2.60510      0.12477      3.71812      1.87153      0.23268      
1200    0.25164    0.05708    0.07110    0.28806      2.57380      0.12346      3.68950      1.82814      0.23361      
1300    0.24996    0.05800    0.07205    0.25520      2.49996      0.11990      3.73100      1.77938      0.24219      
1400    0.25400    0.05847    0.07283    0.27519      2.61383      0.12270      3.70424      1.89649      0.22209      
1500    0.24790    0.05889    0.07345    0.26072      2.52554      0.11555      3.67444      1.82259      0.23202      
1600    0.25147    0.05946    0.07432    0.28237      2.55511      0.11769      3.64421      1.91189      0.24160      
1700    0.24957    0.05983    0.07481    0.25482      2.62282      0.11493      3.68536      1.91381      0.23202      
1800    0.25261    0.06059    0.07588    0.27252      2.73360      0.11614      3.70584      2.05385      0.22061      
1900    0.25074    0.06112    0.07645    0.25540      2.67368      0.11318      3.72320      1.97417      0.22804      
2000    0.25553    0.06174    0.07730    0.27912      2.64441      0.11648      3.66409      1.92981      0.21469      
2100    0.25069    0.06188    0.07794    0.25279      2.61369      0.11086      3.71168      1.87766      0.21760      
2200    0.25549    0.06235    0.07855    0.26630      2.59904      0.11459      3.71272      1.94678      0.20674      
2300    0.25042    0.06278    0.07922    0.26778      2.63326      0.10843      3.68704      1.94497      0.20880      
2400    0.25498    0.06284    0.07923    0.26581      2.63472      0.11291      3.72161      2.07127      0.19493      
2500    0.24987    0.06282    0.07935    0.25337      2.62385      0.10770      3.69387      1.94400      0.20251      
2600    0.25341    0.06313    0.07988    0.26082      2.64956      0.11040      3.68579      2.01520      0.19127      
2700    0.24893    0.06358    0.08036    0.24944      2.65203      0.10500      3.71119      2.00221      0.19126      
2800    0.25308    0.06377    0.08043    0.26354      2.60771      0.10888      3.66016      2.06657      0.20369      
2900    0.24648    0.06418    0.08101    0.26285      2.60348      0.10129      3.72377      2.08714      0.22400      
3000    0.25169    0.06424    0.08135    0.27825      2.67374      0.10610      3.66149      2.05622      0.20278      
3100    0.24778    0.06477    0.08183    0.26341      2.61296      0.10118      3.69658      2.01123      0.19850      
3200    0.25342    0.06503    0.08211    0.28056      2.63770      0.10628      3.73046      2.05165      0.19686      
3300    0.24856    0.06507    0.08202    0.26681      2.61305      0.10148      3.71551      2.02336      0.20692      
3400    0.25168    0.06491    0.08178    0.28686      2.69001      0.10499      3.69701      2.07378      0.19570      
3500    0.24634    0.06525    0.08235    0.26179      2.72713      0.09873      3.67646      2.13505      0.19727      
3600    0.25173    0.06557    0.08278    0.26949      2.69262      0.10338      3.68204      2.09398      0.18754      
3700    0.24479    0.06539    0.08255    0.26658      2.62815      0.09685      3.61995      2.04798      0.19297      
3800    0.25004    0.06516    0.08236    0.29905      2.60497      0.10251      3.63389      2.03519      0.19534      
3900    0.24440    0.06554    0.08273    0.25670      2.58437      0.09613      3.67309      2.01353      0.20924      
4000    0.25068    0.06536    0.08277    0.27863      2.59403      0.10255      3.66616      2.07346      0.20152      
4100    0.24358    0.06539    0.08269    0.25915      2.61767      0.09550      3.66649      2.02391      0.19279      
4200    0.24889    0.06598    0.08337    0.27722      2.65061      0.09954      3.64015      2.12034      0.19704      
4300    0.24387    0.06642    0.08404    0.25713      2.73084      0.09341      3.64847      2.15758      0.20291      
4400    0.25110    0.06679    0.08428    0.28430      2.61367      0.10002      3.65276      2.04560      0.19369      
4500    0.24439    0.06693    0.08458    0.25164      2.61588      0.09288      3.65315      2.04532      0.20062      
4600    0.25127    0.06718    0.08474    0.28565      2.63272      0.09934      3.62920      2.07237      0.19492      
4700    0.24421    0.06726    0.08481    0.25303      2.62329      0.09214      3.65190      2.03100      0.20435      
4800    0.25172    0.06740    0.08517    0.27015      2.59148      0.09914      3.64474      2.05783      0.21035      
4900    0.24260    0.06723    0.08531    0.26430      2.70192      0.09006      3.67577      2.13523      0.20658      
5000    0.25029    0.06746    0.08546    0.27642      2.62355      0.09737      3.71520      2.10130      0.22542      
5100    0.24319    0.06739    0.08529    0.25545      2.63354      0.09051      3.69742      2.10190      0.22239      
5200    0.24884    0.06712    0.08512    0.28956      2.70820      0.09660      3.63568      2.14813      0.20310      
5300    0.24299    0.06759    0.08566    0.26759      2.68523      0.08974      3.66316      2.18642      0.22564      
5400    0.24818    0.06772    0.08593    0.29666      2.65148      0.09453      3.62641      2.10575      0.20661      
5500    0.24139    0.06738    0.08537    0.26436      2.66163      0.08863      3.63837      2.10804      0.19788      
5600    0.24791    0.06737    0.08538    0.28011      2.71330      0.09516      3.59854      2.13144      0.18736      
5700    0.24032    0.06740    0.08539    0.27799      2.69374      0.08753      3.59351      2.12763      0.18573      
5800    0.24547    0.06694    0.08484    0.28977      2.67352      0.09369      3.66303      2.11989      0.18142      
5900    0.23807    0.06692    0.08493    0.25048      2.62537      0.08622      3.67265      2.11171      0.18800      
6000    0.24426    0.06659    0.08447    0.26912      2.66041      0.09321      3.67183      2.15251      0.18560      
6100    0.23680    0.06679    0.08457    0.25763      2.62582      0.08544      3.70832      2.15018      0.20233      
6200    0.24406    0.06669    0.08443    0.27278      2.65972      0.09294      3.70304      2.18585      0.21997      
6300    0.23699    0.06704    0.08488    0.25052      2.60521      0.08507      3.72920      2.10196      0.20910      
6400    0.24407    0.06629    0.08391    0.28407      2.62741      0.09387      3.67923      2.11968      0.19133      
6500    0.23521    0.06652    0.08430    0.26002      2.62483      0.08440      3.66192      2.11964      0.19319      
6600    0.24332    0.06662    0.08433    0.27089      2.61643      0.09238      3.66938      2.11197      0.19780      
6700    0.23600    0.06622    0.08390    0.24851      2.61525      0.08588      3.67632      2.08243      0.19166      
6800    0.24198    0.06637    0.08406    0.27535      2.63512      0.09154      3.66898      2.10144      0.19520      
6900    0.23385    0.06587    0.08364    0.25764      2.66309      0.08434      3.69541      2.15188      0.21744      
7000    0.23914    0.06588    0.08344    0.27790      2.69106      0.08983      3.68187      2.14448      0.23568      
7100    0.23344    0.06559    0.08330    0.25747      2.60140      0.08455      3.63129      2.07447      0.23206      
7200    0.23852    0.06533    0.08312    0.28606      2.67535      0.09007      3.63910      2.15607      0.22982      
7300    0.23157    0.06547    0.08316    0.26331      2.63675      0.08294      3.61442      2.11358      0.24171      
7400    0.23890    0.06554    0.08305    0.27867      2.59169      0.09030      3.65029      2.02102      0.19996      
7500    0.23229    0.06545    0.08317    0.26817      2.64292      0.08367      3.61901      2.12906      0.20244      
7600    0.23659    0.06520    0.08298    0.27994      2.62041      0.08841      3.63843      2.07792      0.21801      
7700    0.23007    0.06537    0.08315    0.25690      2.62945      0.08155      3.63008      2.07000      0.22078      
7800    0.23565    0.06510    0.08269    0.27362      2.57241      0.08786      3.66187      2.03010      0.20233      
7900    0.22866    0.06475    0.08242    0.26103      2.60797      0.08149      3.65535      2.06085      0.19751      
8000    0.23473    0.06440    0.08204    0.27846      2.59475      0.08829      3.64095      2.04303      0.19092      
8100    0.22834    0.06457    0.08238    0.26049      2.60945      0.08139      3.63589      2.10914      0.20679      
8200    0.23245    0.06448    0.08206    0.26563      2.60488      0.08591      3.64882      2.05764      0.20021      
8300    0.22683    0.06425    0.08193    0.26000      2.56794      0.08065      3.61689      2.03751      0.20527      
8400    0.23195    0.06406    0.08164    0.26710      2.59799      0.08625      3.65870      2.03139      0.19229      
8500    0.22614    0.06380    0.08127    0.24505      2.57275      0.08107      3.69220      2.05907      0.20271      
8600    0.23123    0.06341    0.08097    0.26758      2.63089      0.08685      3.63304      2.11146      0.19758      
8700    0.22417    0.06314    0.08062    0.24812      2.62867      0.08041      3.68723      2.10901      0.19177      
8800    0.23130    0.06319    0.08053    0.27481      2.60284      0.08758      3.62876      2.11356      0.20265      
8900    0.22305    0.06278    0.08013    0.25237      2.60558      0.08013      3.66076      2.12895      0.20239      
9000    0.22763    0.06206    0.07937    0.27087      2.62209      0.08620      3.65067      2.09873      0.19118      
9100    0.22234    0.06232    0.07933    0.25293      2.65199      0.08069      3.66498      2.15019      0.18783      
9200    0.22546    0.06201    0.07897    0.27042      2.63834      0.08448      3.66610      2.11960      0.17937      
9300    0.22045    0.06204    0.07914    0.25969      2.66473      0.07927      3.65634      2.13490      0.19189      
9400    0.22496    0.06200    0.07881    0.26948      2.61230      0.08416      3.69276      2.10472      0.20380      
9500    0.21987    0.06178    0.07853    0.24810      2.58552      0.07956      3.68284      2.08341      0.19061      
9600    0.22294    0.06137    0.07821    0.26553      2.60945      0.08336      3.63263      2.06348      0.20069      
9700    0.21710    0.06138    0.07826    0.25765      2.59033      0.07746      3.64527      2.10656      0.20948      
9800    0.22303    0.06136    0.07826    0.27116      2.61297      0.08341      3.65071      2.12803      0.20120      
9900    0.21533    0.06051    0.07746    0.26243      2.59507      0.07736      3.68967      2.15051      0.20453      
10000   0.21939    0.06002    0.07687    0.27392      2.61428      0.08250      3.67432      2.14540      0.20068      
100     0.21736    0.05936    0.07591    0.27389      2.58931      0.08209      3.65144      2.09087      0.18512      
200     0.21659    0.05898    0.07535    0.28061      2.62014      0.08225      3.65062      2.14010      0.17927      
300     0.21544    0.05883    0.07508    0.27313      2.61411      0.08153      3.64883      2.11215      0.17480      
400     0.21524    0.05842    0.07451    0.27303      2.59023      0.08231      3.68430      2.08648      0.16988      
500     0.21324    0.05770    0.07390    0.27379      2.57632      0.08164      3.64763      2.07209      0.17024      
600     0.21189    0.05748    0.07370    0.26774      2.60316      0.08071      3.67614      2.09637      0.16678      
700     0.21156    0.05702    0.07308    0.27720      2.63222      0.08146      3.60894      2.11973      0.16460      
800     0.21027    0.05670    0.07262    0.27860      2.62185      0.08095      3.63987      2.13266      0.18114      
900     0.20941    0.05632    0.07217    0.28039      2.56327      0.08092      3.62413      2.09245      0.18282      
1000    0.20714    0.05540    0.07144    0.27493      2.56215      0.08030      3.65142      2.09910      0.18320      
1100    0.20697    0.05528    0.07117    0.27199      2.54122      0.08053      3.66872      2.08188      0.18038      
100     0.20656    0.05510    0.07098    0.27782      2.58808      0.08048      3.62639      2.10890      0.17987      
200     0.20694    0.05524    0.07113    0.28348      2.61080      0.08056      3.62891      2.13020      0.17023      
300     0.20668    0.05504    0.07097    0.27586      2.64118      0.08068      3.64398      2.12135      0.17869      
400     0.20660    0.05520    0.07110    0.27507      2.64530      0.08031      3.67013      2.13654      0.16592      
500     0.20628    0.05533    0.07116    0.27694      2.63550      0.07980      3.66198      2.13885      0.16662      
600     0.20642    0.05555    0.07150    0.27406      2.62368      0.07938      3.62298      2.12573      0.16847      
700     0.20639    0.05553    0.07122    0.27583      2.61357      0.07964      3.60979      2.12650      0.16188      
800     0.20540    0.05512    0.07091    0.27565      2.62159      0.07937      3.61891      2.12233      0.16741      
900     0.20570    0.05474    0.07056    0.28008      2.58435      0.08039      3.58263      2.10921      0.17720      
1000    0.20475    0.05447    0.07052    0.27764      2.58119      0.07976      3.60909      2.12050      0.17449      
