-0.362457388192183 0.405876902265234 -0.00147890656387872
-0.0109523027647107 -0.421928054150644 -0.361940096482716
-0.661561093084906 0.20822153089517 0.821606923795404
0.577756023656395 -0.289979695311526 0.307293091916794
-0.669088940330465 -1.15311162158793 0.068462557900606
0.653969975950019 -1.03007809340028 0.748086904045486
-0.0851103334809089 -0.441961350094999 -0.383418680283132
-0.229411654195655 0.0144747065999873 1.22540324712928
0.377533044459977 -0.258859079460549 0.217366940180597
0.483876028023467 -0.117323545234527 -0.710158895689261
-0.0743714080098101 -0.0140057689224093 -0.984269444337382
0.0390812356365622 -0.617355168996969 0.276642277297068
0.203975903689813 0.596883593229069 0.196211956615677
-0.393703774792531 0.504811791623982 -0.838012884063488
-0.812115938275681 -0.12116838559173 0.714235319987377
0.356630177100747 0.384052659785361 0.246213576649001
-0.310040533502143 1.44400959510849 0.37233403178405
-0.0844742434780166 -0.172943027643146 0.608977378513398
-0.409213721175305 -0.188076746354682 -0.0714565053128169
-0.354787559264658 -0.30437672229322 0.236307734313712
-0.381782359504257 -0.0301045458339644 -0.03654045063195
-0.123291876208409 -0.171701672102564 0.228574580107832
0.293752302860106 -0.322787401463298 0.441455511202005
0.47418648190245 -0.440406846502483 0.335044104615712
-0.814818895156222 -0.0518871947963184 -0.222992854892468
0.0273832109320971 0.124381761446024 -0.967237449600589
0.366391308526115 0.0781268421734538 -0.848149617749261
-0.121121676122105 0.529983314234705 1.26605703020255
-0.151148863114514 -0.365377139288636 0.168302881320415
0.328989605846708 0.0228120695777712 -0.0738445104953023
0.301691296844542 -0.155339803742383 -0.182642890245166
0.071128782397345 -0.226322678864577 -0.288724863972689
-0.449329854923519 1.30946438026136 0.502975012417473
-0.0261658775313478 -0.211220666690437 -0.135103466203379
-0.186085941311642 -0.034352769995305 -0.257167700601357
-0.179831663693619 0.16498171401258 -0.163557753141141
-0.671799923801508 0.169214711331911 0.0569150573004329
-0.218994190592792 -0.55824880993427 0.348746389589039
-0.495281342560716 0.909214197353236 -0.0468065358583125
0.466046593672331 0.435614781912896 -0.643814891354566
0.293101662096618 0.46556773770634 0.259759878817878
-0.095270368505318 -0.950611495242892 0.31884128034454
0.212045534864202 0.0669895913407714 -0.397657353412573
0.261863931916295 0.70664492953787 0.210979192549754
-0.477315796665323 -1.16015964057858 0.111819265569135
0.605142670784264 0.797513477557299 0.152344832815565
-0.244192332121695 -0.686765068824702 -0.414669614257068
0.244307417929246 -0.0237332629660081 -0.839886731396344
0.444256665976805 -0.104300584724548 -0.449260900348136
0.744545295250365 0.638875713665499 0.377571696508205
0.448702106625731 0.184151652804498 -0.318046834846264
0.662932404615901 -0.432850802589701 -0.251302469811421
-0.70437510248933 0.442492005037209 0.198023625586075
0.339975191854247 -0.118552343819633 -0.192330662585061
-0.555627333787001 -0.415432313116693 -0.242822805496257
0.190152761614382 -1.12597044739093 0.0709568149126483
-0.240462575773481 -0.140563475115041 -0.779834113828759
0.279790800705726 0.178466146460998 0.286538807003911
0.586954012804508 0.000544593337092891 -0.0863638404013933
-0.158669105942977 0.445321022557454 -0.292820104785818
-0.546395078215856 0.505625302016366 -0.435243533414287
0.629756551884242 -0.343576536399048 -0.0235756089761452
0.177007379176253 1.26964804700869 -0.338547702583014
-0.347735067007804 0.0892736405244676 0.229619146818738
-0.429875538854318 0.0165699355791915 -0.736228141962059
0.243404361333077 -0.172774010698262 0.260492020442982
0.376529741552556 0.710147658811166 0.0476047666730928
0.292246794342255 0.00704151534858255 0.269926799989495
-0.093746999052513 -0.203904162876523 0.93115708458269
0.772876589927307 -0.429005802393689 -0.772438550600274
-0.342599980407421 -0.957513649635366 -0.113137868884561
0.435014492816688 0.49650980581406 0.735731721634991
0.0647006113796422 -0.141085784532979 1.09324599087968
-0.320439256729088 -0.343957446780063 -0.000467572991436072
0.919404540145052 -0.234196995529956 0.297198611631799
0.0320905181427911 -0.281340150820597 0.617991096851789
-1.07926067276498 0.348855268261783 0.184028438565686
0.143898753135474 0.278126728125994 0.753809676190542
-0.000493696361569818 -0.122241598676798 0.071621805486366
-0.638715478284979 -0.0614475529459035 -0.674198280581351
0.417174598987824 1.31233781166529 0.135253930599877
0.580129206528834 0.299964431249578 0.373147117416206
-0.284050669330238 0.664036411135438 -0.611630015734388
0.545574291310746 0.0123637630577988 0.119306639856376
0.585030894884042 -0.108176672819482 -0.0149142457162021
0.0795242080853242 0.48390483977645 0.11165133820823
0.0282275460228298 0.625866055181667 -0.704249694183367
0.235378083668358 0.100420258952738 -0.319916538749077
0.319319591057798 0.28550498912816 0.204855726049225
-0.609374475868396 0.528598712046247 -0.481046506750626
-0.332136954839246 0.237039892492241 -0.635320566100273
-0.825784269042895 0.309862992753374 0.258177981882213
-0.185249260908904 0.202638059232374 -0.0297722613118445
0.402154530998455 0.423002325189437 -0.111533117119755
0.362444515833449 -0.0146335166539835 -0.0360368288987445
1.31647228467369 0.344571170229901 0.58383766966541
-0.0932115164387071 -0.139316835445769 0.0324815014995927
-1.2299090757506 -0.339173408614446 0.263104779496537
0.589244884408036 -0.0303158366188327 -0.0229635553683494
0.044278314670354 -0.780000739153408 -0.18757514795853
0.0843441417042179 0.267070368209499 0.189435655484349
0.144986222072596 -0.0643904100372517 -0.148626869356239
-0.56896299789333 -0.420951371016276 0.655194438281548
0.208171847604355 -0.0320603042891499 -0.597659013290563
0.305770142383643 -0.126834736291492 0.0514221987435448
-0.716241147180607 -0.063920637749515 0.567583773536384
-0.023214780464631 -0.0615705942785816 0.107050421971344
-0.286087623091458 -0.492130340112862 -0.447611070464315
0.667349220229152 0.0929551686734697 0.408994324307965
-0.276348952399363 1.39873143839564 -0.0650200021601322
-0.071155309033788 1.48585503738641 -0.253342768263831
-0.72130567838613 0.201044557612828 -0.131824445837037
0.743835839833728 0.336326909788909 -0.209054850219825
-0.772986674446585 -0.378666393796578 -0.0881968828747581
-0.024744762183726 -0.0561193582604424 0.759433527608433
0.15268921481626 0.65840414745777 -0.413585196579191
0.778280539814879 -0.0290277723524746 0.110934024089016
-0.496134834615525 -0.344733724333412 0.278361043215547
-0.0900963482153294 0.371138360799605 0.899178646629473
-0.318325895076743 -0.00347621571528123 -0.155518286737433
-0.902304326588776 -0.363028733030291 0.0441469300449526
0.418244643429766 1.58323949545069 0.666658735959391
1.09224882552938 0.0917245704834535 -0.140281866478631
0.861836829146867 -0.425349200017244 0.361040572183224
0.889744564536166 -0.307612795324985 0.0120818523963173
0.825692318839888 0.0118968551676701 0.0860022212667566
0.139445065272525 -0.262972242304205 -0.35257096393515
0.101277781894282 0.157460221916761 -0.075471702742913
0.0628402521463123 0.759230280433787 -0.241913238741009
-0.197176403005095 0.500923512058993 -0.171063751974732
0.24036909983538 -0.256918127994332 -0.833408041078787
-0.749608742067753 0.50881967499361 -0.000540899702805575
0.541391973141181 -0.0396838477967343 -0.515762681174703
0.218597025480882 0.0907723039733632 -0.108289579103804
-0.497010481059767 -0.498594754383408 0.608469200846784
0.701790991264328 1.2862412699266 0.567378480087477
0.34607979507717 0.142012277892789 0.0693842481691576
-0.301938767977017 -0.0692838564742004 0.894960168951186
-0.52621676696063 -0.123598672474579 0.0480490725318638
0.261337204054968 0.328188618226033 -1.09676794507463
-0.295719814913387 0.715958000085948 0.195289753857075
1.35407943897548 -0.0071873587192961 0.178406776196738
0.0141335615544413 -0.735776116145281 -0.512944781871916
0.0969447782050992 0.381654194048231 -0.211965068974695
0.303182763594645 -0.167179857202271 0.221358360175117
0.000149965451168299 0.220202342271492 0.0750757041867445
0.071181635563633 -1.05279819408999 -0.680573518896388
0.773796210074007 0.176208309399239 -0.207656302120274
-0.624799842019463 0.231854301235845 0.105803098315871
0.0630469353057883 0.0602073766953204 -0.549903851032596
0.302257216300283 -0.0139258673703679 0.0394426020844385
0.249106139937894 -1.13549850144778 0.193239608614615
-0.232188000071076 -0.232905393426908 0.204295162742341
-0.019371086623643 -0.47595287681057 1.27422079445605
0.194433609579381 -0.00595643744327745 0.11130921869773
0.221124897981095 0.286747203770421 -0.71841898081626
-0.138842139441042 0.802584163073217 0.214799332276527
0.233428475937547 -0.341031519168755 -0.218550808717133
0.29351111046072 0.0953369587053387 0.142664680047311
0.594846135260063 -0.383562925776459 0.0384263872610369
0.0252912909726177 0.210822441404357 0.195156727456069
0.319007655713577 -0.39285792544641 -0.0718616717465537
0.28119912367508 -0.0810994614908189 0.176404005347575
0.394630823663533 -0.37489202786567 -0.109545690241131
-0.0406874032576887 0.0247170797496032 0.272391400402139
-0.0935671930824 0.212465746551871 0.719435477147812
-0.140342697119156 -0.14136019160782 -0.227260511109772
-0.0720861851544186 0.0498452358055346 -1.36677455474521
-0.265135085830703 -0.929445188779798 -0.0971358640966535
0.451594988104542 -0.549546782457888 -0.122659019230475
-0.669585053336696 -0.514496016623678 0.112405552044059
-0.503931253592604 0.254523769138704 -0.535312806082544
0.409801840817181 -0.174105411798742 -0.754062352636975
-0.251148094443376 -0.30673012422211 -0.0256493162820171
0.484101083253474 0.0264393873128377 0.13259820482725
-0.196526530393815 -0.130174781587389 0.0567213297886226
-0.400508019260393 0.0331975062106693 -0.27901291964616
-0.417531570973129 -0.0998672112895171 -1.67598608217245
0.243397469212869 -0.206950260339678 -0.346928971939331
-0.134228765491518 -0.0233054817111444 0.375880152925223
-0.365245668798586 -0.527695914209758 0.455814924216202
0.450029921339468 -0.114962129793561 -0.50326531442213
-0.152987402690652 0.286968986340508 0.0836077563626247
-0.115554328705691 0.161112101115801 -0.683140522295122
-0.653196375732801 0.489347632270931 -0.14750824862686
0.0335040278964804 0.129354488764832 0.505484223434216
-0.525951739860364 0.131701241246063 0.0690355765886608
-0.0314647165988724 -0.17672885277431 0.31374230931025
0.123084868974832 0.419949048047208 0.16658645136669
-0.0914054047562729 0.144803482626799 -0.198172591558965
-0.740768209883669 0.848025676747355 0.537406386658112
0.299913465973134 0.2512089240847 0.0888297322809706
0.00305212994877735 -0.86844992134294 -0.131356914934155
0.198422190933467 -0.212555862322272 -0.24764332816618
0.323190563378262 0.167099615977495 0.0766833059384631
-0.967939029306031 -0.0503507705529316 0.800581189774885
-0.477345615013114 0.865706313957215 -0.132529998053688
-0.646628536060678 1.12747012135372 -0.537445680937054
-0.230734972128666 0.594562441280644 -0.269780534689623
-0.0258131206187784 0.57503745863885 -0.321641624112523
-0.191041900998723 0.491613183328798 -0.237093199773053
0.37400358148254 0.296167366042877 -0.0464170463621016
-0.0542739827191774 0.25707726650781 -0.510140888798638
-0.0507790027137744 -0.0455800177268095 0.0847735695197471
0.264706012775839 -0.0203089810968393 -0.106581240411074
-0.434534593662939 0.0252635543485091 0.960420887852198
-0.161152969124778 1.36086412455549 0.10722087329107
0.510373329620784 -0.532179738155225 -0.0198679271257163
-0.506410453871009 -0.177277740798232 0.40117304049847
1.06696919447424 -0.463603933520407 -0.275879604882956
0.168224829000252 -1.67511599716841 0.173185274554566
-0.0764415290621656 -0.153532373059484 0.472335860635109
-0.401882952694166 -0.552802440356714 0.00864965550295693
-0.165842087740398 0.171419386463256 0.0777919476946387
0.231051731403031 -0.0171699352513599 -0.0035090483518907
0.553487003818187 0.184501496713896 -0.548582247272833
-0.123952058650456 -0.413750704231219 0.326468646072442
-0.0290300794625331 0.00166397507994631 0.524819729108561
0.195406025960132 -0.543328690139067 -0.485683963480366
-0.487316608643873 -0.668682104265628 0.28435205180477
0.189781404680289 0.47784549546126 0.0988724868644652
-0.879986225033047 0.334677396351957 -0.184604023834023
-0.192385312125509 0.133469913077278 -0.825736276810485
-0.15512766921022 -0.0749945381239847 -0.183142636467348
0.166898041797925 0.0659028110194804 0.177825702329937
-0.0238267963914573 0.281677222369048 -0.339337182508892
-0.0356403766388347 -1.13148337315128 0.0992694039747555
1.02356643685297 -0.310049899931997 -0.995110573953628
-0.189598121835832 0.330370235568367 0.210919368115459
-0.685452388005103 -0.108423631861587 -0.11727719870791
-0.0252122175359304 -0.10506563529189 -0.0473288359059687
0.442761076946407 0.18189412204217 -0.279380471179813
0.175212249886592 0.00149674806992905 -0.176958552111639
0.017869394719483 0.117925216813752 0.311281931442142
0.116755191459372 -0.217380627698382 0.827746095655168
-0.288404990844704 -0.644989917830685 0.103612455581992
0.0181068945503959 -0.384832693023362 -0.297632582246798
-0.28795875504084 0.195267263924936 0.337058109678434
-0.549514865699763 0.0471566119597533 0.346157816577541
0.038258676682279 -1.18913978611745 0.131559594218622
0.137130560629029 -0.696159559454568 0.32386490558256
0.425271216197842 -0.578662722994228 -0.194709911027768
-0.931493049971532 -0.137747319650661 0.286032201501918
-0.159626013040981 -0.191530092930048 0.162099683309602
0.129083119815299 -1.32605344035364 0.149254103176677
-0.957524948075328 -0.488191258929405 0.204628932287676
0.504009661550509 -0.0301945599412434 -0.0894779616400498
-0.52409731934322 -0.384680057718967 -0.470283391673654
-1.0775258939888 0.00934322587076153 0.181715621494494
-0.449781234790336 -0.321643785627934 0.256803210896273
