-0.362457386914941 0.405876906884145 -0.00147890663349213
-0.0109523038643196 -0.421928044130754 -0.361940089155918
-0.661561086767449 0.208221528019361 0.821606928658938
0.577756019385951 -0.289979702334219 0.307293082955712
-0.669088939501878 -1.15311161467129 0.068462556085871
0.653969986527019 -1.03007809725774 0.748086912260353
-0.0851103223471809 -0.441961345645888 -0.383418679401116
-0.229411646230703 0.0144747150166391 1.22540324601822
0.37753304693915 -0.258859071549971 0.21736694212898
0.483876036048368 -0.117323548098315 -0.710158884731546
-0.0743713951600823 -0.0140057560092135 -0.984269442208191
0.0390812537324093 -0.617355147763204 0.276642301624007
0.203975910323299 0.596883603860278 0.196211961594457
-0.393703769299093 0.504811787828679 -0.838012872568928
-0.812115934442083 -0.121168385179688 0.714235329060001
0.356630188977091 0.384052676755991 0.24621358950481
-0.31004052871109 1.44400960256494 0.372334036796822
-0.0844742355770762 -0.172943022649151 0.608977394703742
-0.409213711197107 -0.188076738571355 -0.0714565025445036
-0.354787553659087 -0.30437671671195 0.236307737703394
-0.381782359168918 -0.0301045383394267 -0.0365404399078691
-0.123291868515597 -0.171701655292384 0.228574593974527
0.293752296335656 -0.322787405045086 0.441455509349207
0.47418648108274 -0.440406844352708 0.335044100065295
-0.814818888110309 -0.0518871865031893 -0.222992856082025
0.0273832179714416 0.124381769215336 -0.967237443892966
0.366391313264556 0.0781268499820329 -0.848149600284585
-0.121121659292408 0.529983333563991 1.26605703580915
-0.15114886115463 -0.365377127868959 0.168302883173114
0.328989606567068 0.0228120800765562 -0.0738445083612189
0.301691299656263 -0.155339791089172 -0.182642891659624
0.0711287883960513 -0.226322669044451 -0.288724856359309
-0.449329864998308 1.30946437579275 0.502975016224998
-0.0261658799125962 -0.211220668815258 -0.135103464306526
-0.186085923553465 -0.0343527644032337 -0.257167696579045
-0.17983165270367 0.164981721526981 -0.163557744377608
-0.671799905863507 0.169214717367031 0.0569150671593778
-0.218994179771026 -0.55824881083356 0.348746393398454
-0.495281336572943 0.909214194619322 -0.0468065464794282
0.466046596893623 0.435614790073268 -0.643814884025659
0.293101660734864 0.465567737753727 0.259759873784615
-0.0952703602905037 -0.950611492556772 0.318841283976128
0.212045539609835 0.0669895864779562 -0.39765735329186
0.261863931695909 0.706644940924233 0.210979207622685
-0.477315790342025 -1.16015963344524 0.111819285550279
0.605142673965984 0.797513478769039 0.152344843204949
-0.244192317151801 -0.686765065811526 -0.414669596301404
0.244307420013272 -0.0237332535009568 -0.8398867292472
0.444256663700565 -0.104300590425317 -0.449260898368495
0.744545303824669 0.638875718047659 0.377571700252878
0.448702113198396 0.184151656216827 -0.318046820464391
0.662932419784113 -0.432850786498202 -0.251302461803573
-0.704375097255269 0.442492010513408 0.198023646212174
0.339975191925325 -0.118552345645308 -0.19233066296191
-0.55562731229696 -0.415432312479681 -0.242822791236681
0.190152774372009 -1.12597042673528 0.0709568375174038
-0.240462570145276 -0.14056345707725 -0.779834102510136
0.27979079935891 0.178466153406936 0.286538808991681
0.586954012674401 0.000544607335194107 -0.0863638266505594
-0.158669095820356 0.445321031128115 -0.292820089873131
-0.546395049266254 0.505625309882746 -0.435243532234299
0.629756558530684 -0.343576524420684 -0.0235756065479337
0.177007381993045 1.26964804482986 -0.338547705438841
-0.347735053839752 0.0892736574463224 0.229619152050679
-0.4298755222681 0.0165699547440802 -0.736228130873771
0.243404363631346 -0.172774004209141 0.260492023751204
0.3765297526617 0.710147672945872 0.0476047786054056
0.292246797271495 0.00704152185459418 0.269926814178031
-0.093746995489986 -0.20390414798627 0.931157093005108
0.772876604405475 -0.429005793375758 -0.772438531270579
-0.342599965967696 -0.957513642692031 -0.113137862724184
0.435014499663922 0.496509821531909 0.735731733669883
0.0647006258462098 -0.141085780939312 1.09324600210971
-0.320439254080052 -0.343957440085076 -0.000467563036518247
0.919404544777609 -0.234197001960569 0.297198606884282
0.0320905183800531 -0.281340139295491 0.617991102941184
-1.07926065610041 0.348855287095866 0.184028454930148
0.143898758860929 0.278126737830533 0.753809677068833
-0.000493696770273881 -0.122241593888864 0.0716218073600262
-0.638715476377049 -0.0614475525990252 -0.674198275473148
0.417174604091473 1.31233782903616 0.13525393951907
0.580129213409568 0.299964443583781 0.373147124092735
-0.284050677011787 0.664036416419233 -0.611630018965408
0.545574284015322 0.0123637718286606 0.119306642421662
0.585030902007012 -0.108176669361489 -0.0149142398835104
0.0795242174415442 0.483904845977384 0.111651337796735
0.0282275461562469 0.625866064838889 -0.704249687964347
0.235378081722886 0.100420263263459 -0.319916533914997
0.319319610213121 0.285505014976856 0.204855730554114
-0.609374470337489 0.528598723012056 -0.481046494184602
-0.332136951141362 0.23703990037719 -0.635320555946625
-0.825784260632113 0.309863001274984 0.258177990263956
-0.185249243714426 0.202638081681759 -0.0297722350878014
0.40215454685995 0.423002345583656 -0.111533105699249
0.362444514874124 -0.0146335099260448 -0.0360368275036804
1.31647227573652 0.344571163394547 0.583837670067417
-0.0932115026840896 -0.139316824136793 0.0324815184734299
-1.22990906268078 -0.339173394325448 0.263104788867586
0.589244895402914 -0.0303158294319462 -0.0229635449311862
0.0442783171709484 -0.780000732243327 -0.187575147510857
0.0843441615025347 0.267070373651934 0.189435670329775
0.144986230239379 -0.0643903999838315 -0.148626860663771
-0.568963002416782 -0.420951377684851 0.655194441053575
0.208171835158976 -0.0320603003728142 -0.597659005730609
0.30577015237203 -0.12683473325977 0.0514222068768643
-0.716241127768956 -0.0639206281102635 0.567583784828691
-0.023214773914082 -0.0615705811871954 0.107050420851801
-0.286087610291578 -0.492130338121669 -0.447611060692249
0.667349219446718 0.0929551697761767 0.408994324533305
-0.2763489417063 1.398731441231 -0.0650199900948211
-0.0711553083799974 1.48585504828084 -0.253342756558436
-0.721305680513196 0.201044567761643 -0.131824431129946
0.743835852293609 0.336326910890529 -0.209054841915173
-0.772986670401157 -0.378666384209196 -0.0881968800390356
-0.0247447628041619 -0.0561193505086326 0.759433546409097
0.152689229755478 0.658404149674676 -0.4135851852542
0.778280542220062 -0.0290277572783449 0.110934032396863
-0.496134823305228 -0.344733719466228 0.278361052633386
-0.0900963469913574 0.37113835470512 0.899178637664966
-0.318325884025857 -0.0034762089483388 -0.155518292310174
-0.902304321915406 -0.363028725370307 0.0441469329806417
0.418244649523696 1.58323950610533 0.666658746383345
1.09224883535946 0.0917245764574001 -0.140281859528622
0.861836821546791 -0.425349193538676 0.361040570175961
0.889744561444026 -0.307612800313636 0.012081850205725
0.82569232619172 0.0118968594024843 0.0860022323087602
0.139445076824084 -0.262972233440925 -0.352570963149987
0.101277787428435 0.157460227290723 -0.0754716926617851
0.0628402533965392 0.759230283710421 -0.24191322926781
-0.19717639810966 0.500923516686107 -0.171063756162203
0.240369104007172 -0.256918121014258 -0.833408027098265
-0.749608739989661 0.508819683440023 -0.000540888285530537
0.541391978585721 -0.0396838394947863 -0.515762679594276
0.218597032192602 0.0907723048622535 -0.108289566713491
-0.497010489828214 -0.498594749936505 0.608469209002735
0.701791002705566 1.28624127013075 0.567378482881764
0.346079801601939 0.142012285099464 0.0693842591647074
-0.301938762441615 -0.0692838452890571 0.894960180813741
-0.526216762226584 -0.123598671122073 0.0480490713231941
0.261337204278285 0.328188628799685 -1.09676793642544
-0.295719811657019 0.715958014366622 0.195289754251751
1.35407944400782 -0.00718734974695322 0.178406778133096
0.0141335651003082 -0.735776115127484 -0.512944785049171
0.0969447882766182 0.38165420601632 -0.211965052262841
0.303182766842606 -0.167179858075786 0.221358361198962
0.000149965355318485 0.22020234153649 0.0750757003778616
0.0711816376883307 -1.05279818500717 -0.680573514316417
0.773796224443756 0.176208321299863 -0.207656291599492
-0.624799852513153 0.231854298088967 0.105803096840865
0.0630469229098075 0.0602073728154838 -0.549903861160977
0.302257219285749 -0.0139258718783329 0.0394426061595597
0.249106146384565 -1.13549849110691 0.193239616229066
-0.232187986021579 -0.232905386506997 0.204295172035638
-0.0193710867023405 -0.475952861838629 1.27422079766165
0.194433609056747 -0.00595643743533589 0.111309220902132
0.221124896361462 0.286747203993485 -0.718418978664568
-0.138842131765 0.802584174308489 0.214799339213013
0.233428487229842 -0.341031514533843 -0.218550803951366
0.293511115644214 0.0953369759598731 0.142664690834456
0.59484614297541 -0.383562919144515 0.0384263956804281
0.0252912930990585 0.210822448214434 0.195156737921907
0.319007667962708 -0.392857914595173 -0.071861657078909
0.281199131063641 -0.081099445415093 0.176404015323569
0.394630830432256 -0.374892022078697 -0.109545690791276
-0.040687404742511 0.0247170846398112 0.272391408365922
-0.0935671855266155 0.212465749423496 0.719435486222103
-0.140342688924053 -0.141360174314751 -0.227260498918524
-0.0720861761393224 0.0498452471829089 -1.36677454097201
-0.265135080924893 -0.929445178379542 -0.097135857609027
0.451594988199956 -0.549546775495969 -0.122659016042605
-0.669585054597024 -0.514496010891136 0.112405558897845
-0.503931250528241 0.254523768253335 -0.535312793036053
0.409801851043609 -0.174105408900714 -0.75406234417872
-0.251148094512544 -0.306730125349809 -0.0256493148661975
0.484101093107827 0.0264393866108367 0.132598205897398
-0.196526518505933 -0.130174776182996 0.056721330260043
-0.400508019887668 0.0331975147935276 -0.279012908526887
-0.417531552537774 -0.0998672013335427 -1.6759860675547
0.243397467663562 -0.20695025496969 -0.346928962332063
-0.134228753249898 -0.0233054787623179 0.375880156901165
-0.365245649846445 -0.527695907198132 0.455814929372738
0.450029930976122 -0.114962116942574 -0.503265310714114
-0.152987395388312 0.286968993063038 0.0836077748553169
-0.115554329890259 0.161112101912679 -0.683140510415877
-0.65319637805856 0.489347637150228 -0.147508248334223
0.0335040276602074 0.129354487438361 0.505484225477312
-0.525951721159129 0.131701247970631 0.0690355951514491
-0.0314647052834578 -0.176728841616884 0.313742311652045
0.123084864893445 0.419949043786469 0.166586451674523
-0.0914054022547324 0.144803482785335 -0.198172588255811
-0.740768198409583 0.848025680181312 0.537406395084045
0.299913472320817 0.251208934332461 0.0888297325766923
0.00305213881869721 -0.868449917868074 -0.13135691677015
0.198422198549247 -0.212555859963274 -0.247643322079032
0.323190572410868 0.167099615366726 0.0766833118023157
-0.967939022163615 -0.0503507526951895 0.800581186995213
-0.4773456118727 0.865706327303526 -0.132529993322652
-0.646628526568471 1.12747012252748 -0.537445668911222
-0.230734964716642 0.594562445774432 -0.269780522262148
-0.0258131161928126 0.575037457797031 -0.321641624863215
-0.191041891770365 0.491613194903236 -0.23709319738079
0.374003595127261 0.296167374089958 -0.0464170319003663
-0.0542739801537167 0.257077288623321 -0.510140882134203
-0.0507789985927147 -0.0455800205271444 0.0847735715486265
0.264706006050224 -0.0203089830427618 -0.106581245361581
-0.434534583238525 0.0252635638143812 0.960420902215815
-0.161152963286074 1.36086413647628 0.107220881531868
0.510373336899832 -0.532179732508188 -0.0198679255979602
-0.506410446280268 -0.177277743313221 0.401173042948911
1.06696918978261 -0.46360392749657 -0.275879608523801
0.168224836319921 -1.67511598559327 0.173185285385823
-0.0764415266923661 -0.153532364437642 0.472335865913633
-0.401882950776257 -0.552802427142741 0.00864964521087238
-0.165842090655666 0.171419386914514 0.0777919554623446
0.231051742078705 -0.017169938993939 -0.00350902752557507
0.553487010999349 0.18450150178319 -0.548582239336318
-0.123952055069863 -0.413750698099589 0.326468647154056
-0.0290300731016746 0.00166398786277934 0.52481974249179
0.19540603276366 -0.543328678919662 -0.485683960400533
-0.487316594319567 -0.668682089506969 0.284352064952133
0.189781409759012 0.477845501391928 0.0988724995445645
-0.87998620771053 0.334677398474881 -0.18460402595892
-0.192385301317154 0.133469917521987 -0.825736265527498
-0.155127647219133 -0.0749945309564772 -0.183142627852186
0.166898048108669 0.0659028298588193 0.177825709919135
-0.0238267914589299 0.281677232432382 -0.339337170872259
-0.0356403627748987 -1.13148335649397 0.0992694059394389
1.02356644355181 -0.310049887547498 -0.995110568052649
-0.189598125303951 0.330370243035852 0.210919371957495
-0.685452381457472 -0.108423628865578 -0.117277192442631
-0.0252122220477804 -0.105065631708897 -0.0473288325948932
0.442761082692651 0.181894125163722 -0.279380473184044
0.175212253571449 0.00149675321398366 -0.176958543032818
0.0178693970766539 0.117925226299477 0.311281931900277
0.11675519190131 -0.217380624261841 0.827746102151648
-0.28840497853293 -0.644989916762695 0.103612463033759
0.018106892733761 -0.384832685939903 -0.297632578329563
-0.287958757936455 0.195267259947149 0.337058106160625
-0.549514864715816 0.0471566309632246 0.346157829521667
0.0382586826974428 -1.18913979126898 0.131559596665667
0.137130567629686 -0.696159552249851 0.3238649109634
0.425271232350322 -0.578662728162061 -0.194709906667814
-0.931493043767713 -0.137747314079913 0.28603221420252
-0.159625990663028 -0.191530075880164 0.162099699281343
0.129083135330523 -1.32605341809605 0.149254104761082
-0.957524942183195 -0.488191259795205 0.204628936584091
0.504009665695347 -0.0301945474031586 -0.0894779525668462
-0.524097298654641 -0.384680049176859 -0.470283380020877
-1.077525882526 0.0093432316355484 0.181715631266284
-0.449781228312588 -0.321643776936987 0.256803215429364
