-0.362457 0.405878 -0.00147942
-0.0109523 -0.421928 -0.36194
-0.66156 0.208222 0.821607
0.577757 -0.28998 0.307294
-0.669088 -1.15311 0.0684622
0.65397 -1.03008 0.748087
-0.0851096 -0.441961 -0.383417
-0.229412 0.0144755 1.2254
0.377533 -0.258859 0.217367
0.483876 -0.117324 -0.710157
-0.0743722 -0.0140059 -0.98427
0.0390817 -0.617356 0.276642
0.203976 0.596883 0.196212
-0.393703 0.504811 -0.838013
-0.812116 -0.121167 0.714235
0.35663 0.384053 0.246214
-0.310041 1.44401 0.372333
-0.0844747 -0.172943 0.608977
-0.409214 -0.188077 -0.0714562
-0.354788 -0.304378 0.236307
-0.381782 -0.0301044 -0.03654
-0.123292 -0.171701 0.228574
0.293753 -0.322788 0.441456
0.474185 -0.440407 0.335044
-0.814819 -0.051887 -0.222993
0.0273831 0.124383 -0.967237
0.36639 0.0781271 -0.848149
-0.121121 0.529983 1.26606
-0.151148 -0.365377 0.168303
0.328989 0.0228122 -0.0738446
0.301692 -0.155341 -0.182642
0.071128 -0.226323 -0.288724
-0.44933 1.30946 0.502975
-0.0261656 -0.211221 -0.135104
-0.186086 -0.0343528 -0.257166
-0.179832 0.164982 -0.163558
-0.671801 0.169214 0.0569157
-0.218994 -0.558249 0.348746
-0.495281 0.909215 -0.0468067
0.466046 0.435615 -0.643814
0.293102 0.465568 0.25976
-0.0952696 -0.950611 0.318841
0.212046 0.0669901 -0.397657
0.261864 0.706645 0.210978
-0.477314 -1.16016 0.111818
0.605143 0.797514 0.152344
-0.244192 -0.686764 -0.414669
0.244308 -0.0237333 -0.839887
0.444257 -0.1043 -0.449261
0.744546 0.638876 0.377572
0.448701 0.184152 -0.318046
0.662931 -0.432851 -0.251303
-0.704375 0.442492 0.198024
0.339976 -0.118552 -0.192331
-0.555628 -0.415433 -0.242823
0.190153 -1.12597 0.0709566
-0.240462 -0.140563 -0.779834
0.27979 0.178466 0.286539
0.586954 0.000544628 -0.0863641
-0.158669 0.445321 -0.292819
-0.546393 0.505626 -0.435243
0.629756 -0.343576 -0.023576
0.177007 1.26965 -0.338547
-0.347734 0.0892736 0.22962
-0.429876 0.0165695 -0.736227
0.243405 -0.172774 0.260492
0.376529 0.710147 0.0476046
0.292247 0.00704183 0.269928
-0.0937471 -0.203904 0.931156
0.772877 -0.429005 -0.772437
-0.342601 -0.957513 -0.113138
0.435016 0.49651 0.735732
0.0647008 -0.141086 1.09325
-0.320439 -0.343957 -0.00046698
0.919404 -0.234198 0.297199
0.0320904 -0.28134 0.617992
-1.07926 0.348855 0.184029
0.143899 0.278126 0.753811
-0.000493463 -0.122242 0.0716218
-0.638715 -0.061448 -0.674198
0.417174 1.31234 0.135254
0.580129 0.299965 0.373148
-0.284051 0.664037 -0.611631
0.545574 0.0123636 0.119306
0.585031 -0.108176 -0.0149138
0.0795239 0.483904 0.111652
0.0282277 0.625866 -0.704251
0.235378 0.100421 -0.319916
0.319319 0.285505 0.204856
-0.609374 0.528599 -0.481046
-0.332137 0.23704 -0.635321
-0.825784 0.309863 0.258178
-0.18525 0.202638 -0.0297724
0.402154 0.423003 -0.111534
0.362444 -0.0146337 -0.0360369
1.31647 0.344571 0.583838
-0.0932115 -0.139317 0.0324824
-1.22991 -0.339173 0.263105
0.589245 -0.030316 -0.0229639
0.0442782 -0.780001 -0.187576
0.0843437 0.26707 0.189436
0.144986 -0.064391 -0.148626
-0.568963 -0.420953 0.655194
0.208172 -0.0320611 -0.597659
0.30577 -0.126834 0.0514229
-0.716241 -0.0639212 0.567585
-0.023215 -0.0615708 0.107051
-0.286088 -0.492131 -0.447612
0.667349 0.0929556 0.408994
-0.27635 1.39873 -0.0650196
-0.0711546 1.48585 -0.253343
-0.721306 0.201044 -0.131825
0.743836 0.336327 -0.209055
-0.772986 -0.378667 -0.0881968
-0.0247448 -0.0561193 0.759434
0.152689 0.658404 -0.413586
0.778281 -0.029027 0.110934
-0.496134 -0.344734 0.278362
-0.0900967 0.371137 0.899179
-0.318325 -0.00347483 -0.155518
-0.902304 -0.363028 0.0441468
0.418244 1.58324 0.666658
1.09225 0.0917248 -0.140282
0.861836 -0.425349 0.36104
0.889744 -0.307612 0.0120805
0.825692 0.0118965 0.0860019
0.139445 -0.262973 -0.352571
0.101278 0.157461 -0.0754716
0.0628402 0.759232 -0.241913
-0.197177 0.500924 -0.171064
0.240368 -0.256919 -0.833409
-0.749609 0.50882 -0.000540684
0.541392 -0.0396843 -0.515762
0.218597 0.0907721 -0.108289
-0.497011 -0.498595 0.608469
0.701791 1.28624 0.567377
0.34608 0.142012 0.0693846
-0.30194 -0.0692842 0.894958
-0.526217 -0.123599 0.0480489
0.261337 0.328189 -1.09677
-0.29572 0.715956 0.19529
1.35408 -0.0071874 0.178408
0.0141336 -0.735775 -0.512945
0.0969449 0.381655 -0.211965
0.303183 -0.16718 0.221358
0.000149958 0.220202 0.0750755
0.0711815 -1.0528 -0.680573
0.773796 0.176208 -0.207656
-0.6248 0.231854 0.105803
0.0630471 0.0602077 -0.549904
0.302257 -0.0139254 0.0394424
0.249106 -1.1355 0.19324
-0.232188 -0.232906 0.204294
-0.0193712 -0.475953 1.27422
0.194433 -0.00595637 0.111309
0.221125 0.286747 -0.718419
-0.138843 0.802584 0.214799
0.233428 -0.341032 -0.21855
0.293511 0.095337 0.142665
0.594846 -0.383563 0.0384273
0.0252916 0.210822 0.195157
0.319007 -0.392857 -0.0718624
0.281199 -0.0810989 0.176404
0.39463 -0.374892 -0.109546
-0.0406873 0.024717 0.272391
-0.0935666 0.212465 0.719435
-0.140343 -0.14136 -0.22726
-0.072087 0.0498448 -1.36677
-0.265135 -0.929446 -0.0971354
0.451595 -0.549547 -0.122659
-0.669586 -0.514496 0.112405
-0.503931 0.254524 -0.535312
0.409802 -0.174105 -0.754063
-0.251149 -0.30673 -0.0256498
0.4841 0.0264398 0.132599
-0.196527 -0.130175 0.0567215
-0.400508 0.0331966 -0.279013
-0.41753 -0.0998672 -1.67599
0.243397 -0.20695 -0.34693
-0.13423 -0.0233051 0.37588
-0.365246 -0.527695 0.455815
0.450031 -0.114962 -0.503265
-0.152988 0.286969 0.0836077
-0.115554 0.161112 -0.68314
-0.653196 0.489347 -0.147509
0.033504 0.129355 0.505483
-0.525952 0.131702 0.0690347
-0.0314648 -0.176729 0.313742
0.123085 0.41995 0.166587
-0.0914049 0.144803 -0.198173
-0.740767 0.848026 0.537404
0.299915 0.251209 0.0888295
0.00305248 -0.868449 -0.131357
0.198422 -0.212556 -0.247643
0.323191 0.1671 0.0766836
-0.967939 -0.0503503 0.80058
-0.477345 0.865706 -0.13253
-0.64663 1.12747 -0.537446
-0.230736 0.594563 -0.269781
-0.0258139 0.575037 -0.321642
-0.191041 0.491613 -0.237094
0.374004 0.296167 -0.0464172
-0.0542735 0.257078 -0.51014
-0.0507795 -0.0455803 0.0847735
0.264706 -0.0203084 -0.106581
-0.434535 0.025263 0.96042
-0.161153 1.36086 0.107221
0.510374 -0.53218 -0.0198685
-0.50641 -0.177278 0.401173
1.06697 -0.463603 -0.27588
0.168224 -1.67512 0.173185
-0.0764416 -0.153532 0.472336
-0.401883 -0.552802 0.00864975
-0.165842 0.171419 0.077792
0.231052 -0.01717 -0.00350918
0.553486 0.184501 -0.548582
-0.123952 -0.413751 0.326469
-0.0290297 0.00166311 0.52482
0.195406 -0.54333 -0.485683
-0.487316 -0.668682 0.284353
0.189782 0.477846 0.0988723
-0.879987 0.334677 -0.184605
-0.192385 0.13347 -0.825737
-0.155128 -0.0749948 -0.183143
0.166898 0.065903 0.177826
-0.0238264 0.281677 -0.339337
-0.03564 -1.13148 0.0992704
1.02357 -0.31005 -0.995112
-0.189598 0.330371 0.210919
-0.685453 -0.108423 -0.117276
-0.0252117 -0.105065 -0.0473288
0.442759 0.181894 -0.279381
0.175213 0.00149598 -0.176959
0.0178695 0.117925 0.311282
0.116755 -0.217381 0.827745
-0.288405 -0.64499 0.103612
0.0181065 -0.384832 -0.297633
-0.287958 0.195268 0.337058
-0.549515 0.0471566 0.346158
0.0382587 -1.18914 0.13156
0.137131 -0.69616 0.323865
0.425271 -0.578663 -0.19471
-0.931494 -0.137747 0.286032
-0.159626 -0.19153 0.162099
0.129083 -1.32605 0.149254
-0.957525 -0.488192 0.204629
0.50401 -0.0301946 -0.0894778
-0.524097 -0.384681 -0.470283
-1.07753 0.00934356 0.181716
-0.449781 -0.321643 0.256803
