-0.362459 0.405874 -0.00148014
-0.0109537 -0.421928 -0.36194
-0.661561 0.20822 0.821605
0.577754 -0.28998 0.307292
-0.66909 -1.15311 0.0684613
0.653967 -1.03008 0.748087
-0.0851113 -0.441961 -0.383418
-0.229412 0.0144746 1.2254
0.377533 -0.258859 0.217367
0.483875 -0.117323 -0.710158
-0.0743721 -0.0140059 -0.98427
0.0390815 -0.617355 0.276642
0.203975 0.596882 0.196212
-0.393703 0.504811 -0.838013
-0.812116 -0.121167 0.714235
0.35663 0.38405 0.246214
-0.310042 1.444 0.372334
-0.084474 -0.172943 0.608977
-0.409214 -0.188077 -0.0714566
-0.354788 -0.304376 0.236309
-0.381782 -0.030106 -0.03654
-0.123291 -0.171703 0.228575
0.293753 -0.322788 0.441456
0.474185 -0.440407 0.335046
-0.814819 -0.051887 -0.222991
0.0273828 0.124382 -0.967238
0.366389 0.0781275 -0.84815
-0.121122 0.529984 1.26605
-0.15115 -0.365377 0.168302
0.328988 0.0228124 -0.0738451
0.301692 -0.155341 -0.182644
0.0711286 -0.226323 -0.288724
-0.44933 1.30946 0.502975
-0.0261653 -0.211221 -0.135103
-0.186086 -0.0343528 -0.257165
-0.179831 0.164981 -0.163558
-0.6718 0.169215 0.0569158
-0.218994 -0.558248 0.348747
-0.495281 0.909214 -0.0468074
0.466047 0.435615 -0.643814
0.293102 0.465566 0.259759
-0.0952701 -0.950611 0.318841
0.212045 0.0669904 -0.397658
0.261864 0.706646 0.210979
-0.477315 -1.16016 0.111819
0.605142 0.797513 0.152345
-0.244192 -0.686765 -0.414669
0.244309 -0.0237331 -0.839886
0.444256 -0.1043 -0.44926
0.744545 0.638875 0.377572
0.448701 0.184152 -0.318048
0.662931 -0.432851 -0.251303
-0.704375 0.442492 0.198023
0.339974 -0.118552 -0.192332
-0.555628 -0.415431 -0.242822
0.190153 -1.12597 0.0709564
-0.240462 -0.140563 -0.779834
0.279791 0.178466 0.286539
0.586954 0.000544772 -0.0863638
-0.158668 0.445321 -0.29282
-0.546394 0.505624 -0.435244
0.629756 -0.343577 -0.0235758
0.177007 1.26965 -0.338547
-0.347735 0.0892736 0.22962
-0.429876 0.0165693 -0.736227
0.243405 -0.172775 0.260493
0.376529 0.710147 0.0476043
0.292246 0.00704188 0.269927
-0.0937477 -0.203904 0.931156
0.772876 -0.429004 -0.772437
-0.342599 -0.957515 -0.113137
0.435017 0.496509 0.735733
0.0647003 -0.141086 1.09325
-0.320438 -0.343957 -0.000466733
0.919405 -0.234197 0.297199
0.0320908 -0.281341 0.617988
-1.07926 0.348856 0.184028
0.143899 0.278127 0.75381
-0.000494391 -0.122242 0.0716211
-0.638716 -0.0614467 -0.674199
0.417175 1.31234 0.135253
0.580129 0.299965 0.373146
-0.284051 0.664036 -0.611631
0.545574 0.0123637 0.119307
0.58503 -0.108176 -0.0149127
0.0795246 0.483905 0.11165
0.0282278 0.625866 -0.70425
0.235378 0.10042 -0.319917
0.319319 0.285504 0.204856
-0.609374 0.5286 -0.481047
-0.332137 0.237038 -0.635322
-0.825784 0.309863 0.258178
-0.185249 0.202638 -0.0297722
0.402154 0.423002 -0.111532
0.362444 -0.0146327 -0.0360363
1.31647 0.344571 0.583838
-0.0932109 -0.139317 0.032482
-1.22991 -0.339174 0.263105
0.589245 -0.0303162 -0.0229629
0.0442787 -0.78 -0.187575
0.0843435 0.267068 0.189434
0.144986 -0.0643891 -0.148627
-0.568963 -0.420952 0.655194
0.208171 -0.0320601 -0.597659
0.305768 -0.126833 0.0514226
-0.71624 -0.0639225 0.567582
-0.0232152 -0.0615696 0.107051
-0.286087 -0.492129 -0.447612
0.667349 0.0929553 0.408994
-0.276349 1.39873 -0.0650192
-0.0711545 1.48585 -0.253343
-0.721306 0.201045 -0.131824
0.743837 0.336327 -0.209055
-0.772985 -0.378666 -0.088197
-0.0247448 -0.0561191 0.759434
0.15269 0.658403 -0.413585
0.77828 -0.0290275 0.110934
-0.496134 -0.344732 0.278361
-0.0900956 0.371138 0.899179
-0.318325 -0.00347456 -0.155518
-0.902302 -0.363029 0.0441454
0.418245 1.58324 0.666658
1.09225 0.091725 -0.140281
0.861837 -0.425349 0.361041
0.889745 -0.307611 0.0120829
0.825692 0.0118961 0.0860026
0.139446 -0.262972 -0.35257
0.101278 0.15746 -0.0754731
0.0628401 0.759231 -0.241914
-0.197176 0.500924 -0.171065
0.240369 -0.256916 -0.833408
-0.749606 0.50882 -0.000541619
0.541393 -0.0396822 -0.515762
0.218596 0.0907705 -0.108289
-0.49701 -0.498595 0.608469
0.70179 1.28624 0.567378
0.34608 0.142013 0.069384
-0.301939 -0.0692846 0.89496
-0.526217 -0.123599 0.0480496
0.261337 0.328189 -1.09677
-0.295719 0.715957 0.19529
1.35408 -0.00718765 0.178407
0.0141337 -0.735775 -0.512945
0.0969443 0.381653 -0.211965
0.303182 -0.16718 0.221358
0.000148972 0.220203 0.0750762
0.0711822 -1.05279 -0.680574
0.773796 0.176209 -0.207656
-0.6248 0.231854 0.105802
0.0630491 0.0602084 -0.549904
0.302259 -0.0139284 0.0394434
0.249106 -1.1355 0.19324
-0.232186 -0.232906 0.204298
-0.0193705 -0.475954 1.27422
0.194434 -0.0059563 0.111311
0.221124 0.286746 -0.718419
-0.138843 0.802583 0.214799
0.233428 -0.341032 -0.218552
0.293511 0.0953371 0.142664
0.594846 -0.383561 0.0384262
0.0252914 0.210821 0.195156
0.319007 -0.392858 -0.0718612
0.2812 -0.0810987 0.176404
0.39463 -0.374892 -0.109546
-0.0406878 0.0247173 0.272392
-0.0935672 0.212465 0.719434
-0.140343 -0.141361 -0.22726
-0.0720864 0.0498446 -1.36677
-0.265135 -0.929446 -0.0971354
0.451593 -0.549547 -0.122659
-0.669585 -0.514496 0.112405
-0.503931 0.254524 -0.535312
0.409801 -0.174106 -0.754061
-0.251149 -0.306731 -0.0256487
0.4841 0.0264383 0.132599
-0.196525 -0.130176 0.0567213
-0.400509 0.0331978 -0.279013
-0.417532 -0.0998671 -1.67598
0.243398 -0.206951 -0.346928
-0.134227 -0.0233056 0.375881
-0.365246 -0.527696 0.455813
0.45003 -0.114962 -0.503265
-0.152988 0.286969 0.0836076
-0.115555 0.161112 -0.68314
-0.653196 0.489348 -0.147509
0.033504 0.129354 0.505484
-0.525952 0.131701 0.0690346
-0.0314651 -0.176729 0.313742
0.123084 0.419949 0.166586
-0.0914056 0.144804 -0.198172
-0.740767 0.848025 0.537407
0.299914 0.251209 0.0888299
0.00305238 -0.868449 -0.131357
0.198422 -0.212556 -0.247644
0.323191 0.1671 0.0766835
-0.967939 -0.05035 0.800581
-0.477345 0.865707 -0.132531
-0.646629 1.12747 -0.537446
-0.230734 0.594563 -0.26978
-0.025814 0.575038 -0.321642
-0.191043 0.491614 -0.237093
0.374003 0.296167 -0.0464178
-0.054274 0.257077 -0.51014
-0.0507801 -0.0455802 0.0847736
0.264706 -0.0203093 -0.106581
-0.434534 0.0252644 0.960421
-0.161153 1.36087 0.107221
0.510373 -0.53218 -0.0198685
-0.50641 -0.177277 0.401174
1.06697 -0.463604 -0.27588
0.168225 -1.67512 0.173184
-0.0764419 -0.153532 0.472336
-0.401883 -0.552802 0.00864982
-0.165843 0.171419 0.077792
0.231052 -0.01717 -0.00350905
0.553487 0.1845 -0.548583
-0.123952 -0.413751 0.326469
-0.0290299 0.00166371 0.524819
0.195406 -0.543328 -0.485683
-0.487316 -0.668682 0.284352
0.189781 0.477846 0.0988721
-0.879986 0.334678 -0.184604
-0.192385 0.13347 -0.825736
-0.155128 -0.0749948 -0.183143
0.166898 0.0659037 0.177826
-0.0238261 0.281676 -0.339337
-0.0356383 -1.13148 0.0992707
1.02356 -0.310049 -0.995112
-0.189598 0.330371 0.21092
-0.685451 -0.108424 -0.117276
-0.0252128 -0.105063 -0.0473278
0.442759 0.181894 -0.27938
0.175213 0.00149618 -0.176959
0.0178696 0.117925 0.311282
0.116755 -0.217381 0.827746
-0.288405 -0.644989 0.103612
0.0181068 -0.384833 -0.297632
-0.287959 0.195268 0.337058
-0.549515 0.0471571 0.346158
0.0382587 -1.18914 0.131559
0.13713 -0.69616 0.323865
0.425272 -0.578662 -0.19471
-0.931493 -0.137747 0.286032
-0.159626 -0.19153 0.1621
0.129083 -1.32605 0.149254
-0.957524 -0.48819 0.20463
0.50401 -0.0301948 -0.0894787
-0.524097 -0.38468 -0.470283
-1.07752 0.00934392 0.181716
-0.449782 -0.321644 0.256803
