    4.556555770382147e-01   -3.230888605128257e-02   -2.970821028043247e-02
   -1.801645601309247e+00   -3.405439333653248e-01   -4.281974814521163e-01
    9.359757311572139e-01    5.078150771532819e-02   -8.374462072197275e-03
    3.606021389991838e-01    3.158286015941485e-01   -5.013903383687648e-01
    4.183733412851325e-01   -3.579713352810359e-01    1.089701873205058e+00
   -4.629430586535364e-01   -3.191333577717614e-01   -1.165123994308601e-01
   -1.667627689603250e-01    3.740518678638409e-01    1.322440137362719e+00
   -6.017882738196931e-01   -1.103912478793063e-01   -2.252403800730463e-01
   -3.888523045816328e-02    1.495287575116890e-01    5.247415148296568e-01
   -4.823619172188955e-01    6.787224754589261e-01   -3.928183855859970e-01
   -2.500834749962451e-01    2.934209340593270e-01    5.994702450698242e-01
   -2.457372399617270e-01   -6.447217566154677e-01   -2.315462023489090e-01
   -2.472378535444477e-01   -7.899089083822446e-01    6.454035046144782e-01
   -3.194775403903805e-01   -2.674461640981463e-01    6.228575906825427e-01
    8.972605424293079e-02   -1.298495321591417e-01    2.925206417585287e-01
    5.818864481989294e-01    6.246908607798787e-01   -4.118729225929201e-01
   -6.354891496680466e-01   -2.319561637775678e-01    1.262959087387117e-01
   -6.530500306971589e-01   -5.402243445769273e-02   -4.247048828874540e-01
    4.761827576991209e-01    1.145951582657290e-02   -2.872845851607053e-02
    3.270613590939320e-01    2.636929189184229e-01   -1.288776866549597e+00
    2.871806363231855e-01   -2.062298659863515e-01   -1.306881744805651e+00
    4.345999720999316e-02    6.899237756942966e-01    3.588734820417301e-01
    2.690338991843646e-01   -2.872444219410681e-01   -6.291083927644650e-01
   -6.126141735348938e-01   -1.576800367502074e-01   -6.305466510384576e-01
    1.495918239552338e-01   -1.634509743307717e-01    1.364743130397073e+00
   -1.537889489330837e-01    4.693480555470160e-01   -5.646094476454664e-01
   -2.726048323024770e-01    2.295686919395052e-01    3.148193054703370e-01
    1.316908109802171e-01    1.008249262777099e-01    1.483231155425528e-01
    3.898913277225802e-02    6.421088934257568e-02   -2.766835356451338e-01
   -1.324175054954139e+00   -3.392797540186621e-03    1.447042645486363e-01
    3.680880675047984e-01   -1.560860062886604e-01   -5.147316687950934e-01
   -7.868744381889883e-01   -2.600077977861019e-01    4.113113501111911e-01
   -3.774865762898116e-02    2.677069519086217e-02   -8.417586294090142e-01
   -4.344386302873318e-01    1.347012165566639e-01    1.243822462924072e+00
   -8.827197374316711e-01    1.644469820486847e+00   -2.542429583400008e-02
    4.342041624322519e-01    9.197956847219757e-02   -2.523497686368046e-01
    4.743389103490472e-01    3.215614475229813e-01    2.360792084182322e-01
    1.404227442225874e+00    2.419134802910321e-01    1.931438532665197e-01
    1.838975793492565e-01   -5.717481780895142e-01    1.017948999574742e+00
    1.583170323783634e-02   -1.441832460350270e+00    8.021588230622001e-02
    5.261376522660157e-01   -7.519663962968366e-01    3.163701646213042e-01
   -4.805921270872204e-03    4.078000167442042e-02    2.032693683063371e-01
    5.163707995889126e-01   -1.106740320101380e+00    3.685053500612412e-02
   -2.353884826068224e-01    1.084179020519514e+00   -7.505682556609372e-02
    2.908184729089953e-01    1.731030002699754e-01    4.693944540877055e-01
    3.221100903738261e-01   -2.512126351725783e-01    1.853752363676904e-01
   -1.070638558616338e+00    1.132630227853042e-01    3.390634695615518e-01
    4.496967451011642e-01    4.709013200845220e-01   -1.851272479143518e-02
   -1.554689355452865e-01    5.568092886917384e-01   -2.516441421597619e-01
    1.080704427736237e-01   -8.369567111985816e-01    2.218676402812889e-01
    4.409074955146934e-01   -1.236605526153198e-01    2.328764403205241e-01
   -8.295623087096260e-01    8.764418301780097e-02    9.785941638829172e-01
    4.467897012063986e-01    1.038939861545259e+00   -1.378276029777226e-01
    7.269483984464387e-02    7.943621921119188e-01   -8.551955733082650e-03
    9.721276341627458e-01    8.903707667171830e-01    4.708278170755875e-02
    5.313089922992731e-02   -6.350252034553705e-02    8.072697970731042e-01
    9.598544046420443e-02    6.272575944703931e-01    4.662028222166157e-01
    6.729709614919557e-01   -3.126766139357642e-01   -1.249784101992191e+00
    4.943645215133756e-01    2.398706948292784e-01   -2.799178362573684e-01
    2.461190759913734e-01   -2.777810910188236e-01   -4.072641082279915e-01
    6.764083220566590e-01   -2.987016002928158e-01   -5.585046567684913e-01
    4.614793405580713e-01    3.950530741794864e-01    2.828280616131451e-01
    5.798446829430759e-02    7.703571246165666e-01   -3.874483497988876e-01
    2.972170961744212e-01    7.216099598736037e-03   -3.032037597856743e-01
   -2.167843003883263e-01   -2.107357024924568e-01    3.603539700202418e-02
    8.631706158575980e-02    7.744137334480001e-01   -1.751129109043177e-01
    2.952722989928134e-01    1.297382163461407e-01    6.028792182223697e-02
    3.266592758382671e-01    9.991830458966433e-02    3.912112500323701e-01
   -3.648708331447779e-01   -4.884512093231024e-01   -2.262968061672836e-01
   -2.381134509253116e-01    2.022096360542491e-01    8.863639680134838e-02
    4.278982864534555e-01    2.037006136388300e-01   -1.222584091473436e+00
   -4.294909670588822e-01    2.686323994339546e-01   -2.862698276351239e-01
    1.216706053421071e-01   -3.652977573140390e-01    6.372230197191584e-01
   -2.129986369236576e-01   -2.622412591824741e-01    1.022854929717141e+00
    1.536622109315431e-01   -2.600255219152814e-01   -4.678637342658476e-02
   -4.688547225323418e-01   -1.165118157114193e-01    1.959168543860415e-01
   -1.685683682148920e-02   -3.261565240741220e-01   -2.368238288004250e-01
    1.512270103584399e-01   -8.839077238917525e-03    2.469882328963138e-01
   -2.255834546006099e-01    3.929915417757002e-01    1.359765539987166e-01
   -6.650163211725157e-01   -2.626097300653782e-01    3.135334879771108e-01
    1.190095541223855e-01    9.273099767824533e-02   -7.141828681960760e-02
   -5.064338528754888e-01   -8.223974780560184e-01    7.015713630689788e-01
   -7.572749390369538e-01   -1.085301377917652e+00   -4.329812359640073e-02
   -1.080302208387366e+00   -1.026691258713015e-01    1.677265191492552e-01
    1.043324040701918e-01   -9.959353219674085e-01    1.620873289525662e-01
    2.199316380138043e-01   -5.890078553784406e-01    3.836304350752471e-01
   -3.419830379008033e-01   -6.466757674161272e-01    7.332588577664865e-01
    1.146101066558913e+00   -6.646327001435566e-01    1.881435661211981e-01
    4.454286052663292e-02   -5.433424588886737e-02    6.373579512302285e-01
    1.154598889577528e+00    7.168390894503318e-01    6.483248624499538e-02
   -5.792409946421344e-01   -4.819136296262059e-01   -2.905042882558746e-01
    1.714938090044598e-01   -1.494396152370996e-01    7.042927291658998e-01
   -7.783539204314494e-02    2.457992486434648e-01   -3.968396950865554e-01
    7.021545270361003e-01    8.172436030777135e-01    3.059879209322389e-01
   -7.871362129014869e-02   -1.372206943951824e-01    2.559259721238050e-03
   -3.498205771948051e-01    4.374479091256944e-01   -3.200326875853534e-01
   -1.257517136691604e-01    7.954698219073180e-01    8.260999580852513e-01
    2.602172828846960e-01   -3.383043902344980e-01    1.214380781093496e-01
   -2.402309556111959e-01   -3.696076522255680e-01    6.939370320069429e-01
   -4.991037590134511e-01    1.789221327796895e-01   -1.280482347899579e-01
    1.760985070568495e-01    3.337251193770499e-01   -2.411699531084821e-01
    8.857165087010799e-02   -2.262517051976829e-01   -4.650099109808252e-01
   -4.636306274599065e-01   -9.903844766085967e-04   -2.169074496650865e-01
    1.386452889677457e+00    5.150617552376389e-01    6.052673314256936e-01
    2.005510989633308e-03    2.066290054290221e-02   -1.114577897942581e-01
    1.089310116431932e-01    6.197014110828150e-01   -3.561910750613038e-01
    5.921655429983730e-01   -7.163276953633613e-03   -8.063725757892826e-03
   -3.352140580632295e-01   -2.149164203456166e-02    1.959904606701457e-01
    7.503091346028015e-01    3.907996591202618e-01    3.311966300927338e-02
   -2.020337758649475e-01   -2.335651224457251e-01    1.804843990612426e-02
   -5.680849025637968e-02   -1.930248531220968e-01    4.894278150413243e-01
    9.688163196571509e-02    5.834374329334651e-01   -8.010343199362069e-02
   -5.510456911360961e-02    7.244866148346318e-02    2.083271360021172e+00
    3.470075935820205e-01   -2.614111191528536e-01   -3.545711991737335e-01
    7.347381377885540e-01   -1.371896753921646e-01   -1.413888602605766e-01
   -1.752318528297110e-01    1.023017214711217e-01    1.921627631174943e-01
   -2.389682574671497e-01    2.360555388804642e-03    2.391889655784780e-01
    1.097904456628385e-01   -1.019317565237543e-01   -5.543008531749365e-01
   -1.294507185425573e-01   -1.564267541311892e-01    7.946338672263664e-01
    4.612389828250798e-01   -6.272059514885768e-01   -1.766031724123422e-01
   -2.872585958243690e-01    1.842877352473806e-01    4.029327115374599e-01
   -2.454136356370782e-01   -1.526897378535068e-01    5.651997000932170e-01
   -1.748926978916643e-02    1.255278447858927e-01   -3.753482330912448e-01
   -5.298060673276268e-01    1.486366958033614e-02   -1.429946092411228e+00
   -8.729402123944965e-01   -4.768272925457495e-02    2.649052268707237e-01
   -5.120892285031005e-01   -2.816009337921059e-01   -1.095783290534200e-01
   -9.785775352520432e-02   -5.436090000839613e-01    2.961835612304640e-01
   -1.988454580841790e-01   -1.992813646093055e-01    5.650693242887428e-02
   -1.744808849307447e-01    2.073615847261863e-01    3.380725926690502e-01
    3.844285627114914e-01    1.127320162595424e-02   -3.730611807259265e-01
    1.299889236252056e-01    3.080112836105400e-01    1.596693775213680e-01
    4.772750503764200e-02   -2.664619889637834e-01   -2.924139237143208e-01
    1.978316851287616e-01    8.413340725155649e-02   -2.484347413846990e-01
    6.307587183619034e-02   -7.733114604670845e-01    2.932038151957386e-01
    6.728179086831005e-01   -3.773688023684372e-01    1.145993801676013e+00
    1.419510892649285e-01   -2.994122789823450e-02   -3.372680603233675e-01
    6.285878349729046e-02   -1.999609736849379e-01   -1.552787862374316e-02
   -1.274652692438849e-02   -1.207906322615599e-01   -1.699710320452141e+00
   -1.021694075362234e-01    4.310211087376956e-01    4.780819544612314e-02
   -2.835238061998098e-01   -2.681856789231460e-01   -7.640703496645074e-02
    3.290345890354729e-02   -1.334277700170787e-01   -3.440884000992810e-01
   -4.493749105183138e-01   -4.579529544389516e-02    6.539699561362795e-01
    1.306161005177273e-01   -1.295641310800875e-01    2.437603491671609e-01
   -1.530919038195862e-01   -9.663955362157139e-03    7.289587143327481e-02
   -8.065227628771936e-01   -5.236765309527414e-02    2.742135978292026e-02
    6.561659232870909e-02   -5.929567246421357e-01    5.050578248851707e-01
    6.298309081485058e-01    2.220289631639361e-02    3.951674636591633e-01
    6.139009728449309e-01   -4.174735646474801e-01   -1.551144957579993e-01
   -4.169847186376501e-01    1.479132472322817e-01    1.350283249184940e-01
    1.312061472883670e-01    3.524485209527484e-02   -1.142635030009842e-01
   -4.353681110262642e-02    7.177157084986447e-01    6.034160508352215e-02
    3.635491675170215e-01    3.619376179133269e-01    2.697202393733278e-02
    2.482667252352257e-01    9.384294361595948e-01   -3.338806117062632e-01
   -3.490753130718076e-01   -3.828330162614293e-01   -4.530413898228289e-01
    1.718632385800447e-01    3.516931603153353e-01   -1.979846254733275e+00
   -4.114423541759606e-01   -3.227936392406718e-01   -1.142473273957876e-01
    1.347706759899665e+00    9.649489816138157e-02   -8.195280793124766e-01
   -1.473743526457838e-02   -9.749470629394636e-01   -1.695850812121762e-01
   -3.348565834621695e-01    5.929724433935917e-01    5.724459740631573e-01
   -2.208100221109817e-01    1.349889976627310e-01   -4.260731382228187e-01
    6.341410940694914e-01    2.923664936861314e-02   -6.299114101702799e-01
   -6.170970093591421e-01    1.731228507128435e-01   -2.316898534254506e-01
    2.273513565605754e-01    2.448715217824429e-01   -3.246278179021829e-01
   -9.806393304961603e-01    2.900182557950757e-01   -3.576180658774319e-02
   -4.237337674794617e-02   -1.377149577173441e+00    6.783720561747941e-02
    5.060072689913113e-01    4.461907541372057e-02   -1.397937594692849e-01
   -1.036289125346229e+00   -5.536180448380037e-01    5.283160762974148e-01
   -4.012747523904636e-01   -4.010477390638698e-01   -1.459788269094133e-01
   -2.157514288369384e-01    4.929885715901037e-01   -8.598630504943117e-02
    1.034624580047421e-01   -3.045668176355321e-02    1.518371249881056e-02
   -1.542908490609420e-01    2.219074408362758e-01    2.135182350366449e-02
   -7.259776735827472e-01   -1.923373225650948e-02   -3.155366602077265e-01
    1.058157527947742e+00   -1.046085356069852e-01    2.537332052969532e-01
    3.175842793905588e-01   -1.818843813684055e-01    2.540645047765793e-01
   -6.730126839102013e-03   -6.176180274960643e-01   -1.086643318983079e+00
   -5.896797796049214e-01   -4.120188165265972e-01    4.203007069418163e-01
    3.574677530464214e-01   -6.439531346745753e-02    1.139088748677750e+00
   -8.834552241626170e-02    1.196400189433007e-01   -6.569940499875884e-01
   -1.657525970395000e-01    5.961811719438401e-01    3.141230642686423e-01
    2.011250827249569e-01   -1.024935575547715e+00   -4.748778162138478e-02
    8.414794071049414e-02    3.766863170575050e-01    1.987457412936919e-01
   -1.055894441650054e-01    5.049605973611051e-01   -8.338101492663554e-01
    4.711162050639359e-01   -1.121603402526034e+00    6.165332427644898e-02
   -4.919639451127296e-01   -6.541056795199438e-01   -1.134766641553142e+00
    5.171400534033239e-01   -8.867940646798615e-01   -2.577868773480532e-01
   -4.274274575254822e-02    1.156305564237300e+00   -2.112162543398881e-01
   -1.436832971012336e-02   -2.895960236046449e-01    5.601135532197077e-02
   -4.944763053003953e-02    8.179964561645647e-02    4.965387198774351e-01
    6.476534459688992e-01   -2.648353633412626e-02    1.189251055329805e-01
    6.432901892430891e-01    6.190423037023720e-01   -2.525511873118376e-01
    2.571991866261669e-01   -1.069209122015309e-01    1.446395766424757e-02
    3.013736311950197e-01    1.140752375147713e+00   -8.835750987418578e-02
    1.069706676389615e-03    2.441514775855467e-01   -5.838795998024580e-01
   -2.643499243094993e-02    2.734575213617063e-01   -7.604739607813826e-03
    9.905257242553489e-02    4.355021804144599e-03   -2.510990222981491e-02
   -1.116311460464203e-01   -1.020199017730192e-01   -4.713296484396778e-03
    2.589126127459167e-01    1.775097314331902e-01    4.366115301038462e-01
    1.133327506349815e-01   -1.320309159343651e-01    1.156165673705800e-02
   -7.027355745594832e-02    6.196639932045400e-02    2.548401320864286e-01
    1.142095036154842e-01   -8.353998259622131e-02    3.871138171143684e-02
    1.905285100683614e-01   -9.516184623544177e-02   -1.227291568835653e-01
    8.574911953110131e-02   -5.719889850061008e-01   -3.476802002749082e-01
    8.714372263942494e-02   -1.424010042035206e-01   -1.425907685766106e-01
   -3.162890296453043e-01    5.777252553980361e-01    2.512359881834527e-01
    3.760752679806956e-01   -3.025005275658259e-01   -8.551718239323236e-02
   -3.835277740724905e-01    1.309926024305241e-03   -8.660953387070549e-01
    4.253713014313689e-01   -6.151337135815993e-02   -7.391482919103964e-01
    1.386427065527869e-01   -1.018919920277312e-01   -2.845246690669683e-01
   -1.140171881999322e+00    3.124907263997443e-01    1.425937860662998e-01
    1.816435300725061e-01    1.418363219329422e-02   -4.800607288552783e-02
   -1.295358027011389e+00   -1.746243948091433e-01   -3.844906915037427e-02
   -4.965923175332136e-01    4.225256627651106e-01    1.061121958691729e-01
    3.994626638013870e-01   -4.683106156971917e-01    2.340122538007563e-01
   -1.373131624852476e+00    1.909663286096475e-02   -6.847020831992268e-02
   -2.313223256956007e-01    2.222089637689351e-02   -7.205255216176738e-01
   -2.764349590205200e-01    4.738473979668925e-01   -4.624731381136371e-01
   -2.685643675167739e-01    2.348179147181781e-01    1.104817507514042e-01
    1.890874196978984e-01   -2.426540882906920e-01   -8.267809036487961e-02
    3.919532850454033e-01   -1.861303838489903e-02    6.539120345837546e-02
   -3.903687300753518e-01   -8.893614611042722e-01   -1.986795868725721e-01
   -1.115093823123061e-01    9.332346106511977e-01    7.148207507364077e-01
   -1.028804958232286e-01    2.758284103365440e-01    4.439013428236649e-02
    1.408967736570048e-01   -3.113046688995382e-01    2.176413806546407e-01
   -3.345875766353856e-01   -9.208686925048823e-01   -1.305326475816400e+00
    5.167138810866163e-01   -3.581077058846631e-01   -1.996895392189799e-01
   -3.380850895882759e-01   -1.239385046592361e-01    1.058471715141422e-01
    1.588782709446122e-01    4.480696465134315e-02    2.928717230361144e-02
   -5.489270540692814e-01   -3.116363411427301e-01    4.045996978584299e-02
    1.641155938850716e-01    3.678173324840373e-02    9.572315009245358e-02
   -5.920322816155021e-01    9.507027616518826e-02    1.188923798771611e+00
    6.901153706894547e-02    1.340733484543307e+00    2.753782928871260e-01
   -2.088185889149372e-01   -2.423710300490711e-01    4.364284076254989e-01
   -5.126432993565686e-01    1.734109788321803e-01    5.976335338341414e-01
    3.735066085937433e-03    6.534296271278208e-01    2.092654386387949e-03
   -2.916508381138101e-01    9.342179968029996e-02    2.203095842633047e-01
   -1.743397923200973e-01   -6.269578067294788e-01   -2.789402178498221e-01
    2.123087350992137e-01    3.564544959331215e-01    2.282162323476769e-01
    1.648610104083218e+00   -2.713435290215784e-01   -2.039379319191994e-01
    1.135303520604793e-01    3.930308663955202e-01   -1.929708425050194e-01
    4.315296532586217e-01   -2.508851139118633e-01    6.363772054828587e-02
   -6.756945289162104e-01    1.066023523263539e+00    3.678009743616713e-01
   -9.764953601938942e-02    3.105705428970396e-01   -7.146783814907849e-01
    3.415221025718438e-01   -6.691965164700377e-01    2.742746181274924e-01
   -9.246877122950536e-02    2.306220622085675e-01    1.853857004243764e-01
   -2.199129559767243e-02   -1.995864243972392e-01   -1.452637047536882e+00
    8.843403542850865e-01    1.834537308432118e-01   -3.631984727740019e-01
   -1.081264785419478e-02    2.265982451397122e-01   -8.098622554798567e-01
   -3.806976340557071e-01    1.429379610889328e-01   -3.450218871757897e-01
    1.066968615145925e-01    4.596819802445680e-01    2.498588579528587e-01
    3.821073964709285e-01    3.440023434500290e-01   -1.182978337595841e-02
