-3.83225 -3.83234
-3.83335 -3.83344
-3.83218 -3.83225
-3.83333 -3.83341
-3.83223 -3.8323
-3.83334 -3.83343
-3.83234 -3.83242
-3.83337 -3.83346
-3.83204 -3.8321
-3.83329 -3.83338
-3.8322 -3.83229
-3.83334 -3.83342
-3.8322 -3.83228
-3.83334 -3.83342
-3.8322 -3.83227
-3.83334 -3.83342
-3.83218 -3.83223
-3.83333 -3.83341
-3.83202 -3.83208
-3.83329 -3.83337
-3.83202 -3.8321
-3.83329 -3.83338
-3.8322 -3.83226
-3.83333 -3.83342
-3.83232 -3.83241
-3.83337 -3.83345
-3.83225 -3.83232
-3.83335 -3.83343
-3.83222 -3.83227
-3.83334 -3.83342
-3.83205 -3.83211
-3.83239 -3.83247
-3.83213 -3.83219
-3.83211 -3.83218
-3.83216 -3.83223
-3.80424 -3.80415
-3.79543 -3.79594
-3.79195 -3.79212
-3.79484 -3.79489
-3.79556 -3.79583
-3.7958 -3.7961
-3.79274 -3.79288
-3.79774 -3.7983
-3.79582 -3.79573
-3.7987 -3.79828
-3.79666 -3.79672
-3.79278 -3.79278
-3.79586 -3.79547
-3.79381 -3.79353
-3.79138 -3.79148
-3.79588 -3.79624
-3.79709 -3.79744
-3.79496 -3.79536
-3.79539 -3.79586
-3.79608 -3.79594
-3.79592 -3.79603
-3.79335 -3.79351
-3.79254 -3.79311
-3.79316 -3.79324
-3.79677 -3.79726
-3.79688 -3.79695
-3.79749 -3.79782
-3.79629 -3.79641
-3.79746 -3.79698
-3.79679 -3.79675
-3.7952 -3.79514
-3.79799 -3.79797
-3.79577 -3.79601
-3.79804 -3.79775
-3.7968 -3.79706
-3.79256 -3.79266
-3.79462 -3.79457
-3.79505 -3.79481
-3.78909 -3.78887
-3.78973 -3.79021
-3.79453 -3.79427
-3.78456 -3.78431
-3.78731 -3.78779
-3.78577 -3.78568
-3.77882 -3.7793
-3.78364 -3.78347
-3.78463 -3.78443
-3.78187 -3.78175
-3.78554 -3.78559
-3.78517 -3.78499
-3.77815 -3.77866
-3.77796 -3.77831
-3.78151 -3.78131
-3.78486 -3.78534
-3.78422 -3.78427
-3.78255 -3.78221
-3.78311 -3.78316
-3.78001 -3.7798
-3.78774 -3.78791
-3.78423 -3.78427
-3.7787 -3.77895
-3.78096 -3.7811
-3.78488 -3.78508
-3.78277 -3.78287
-3.78108 -3.78141
-3.7836 -3.78411
-3.78413 -3.78411
-3.78486 -3.78536
-3.77874 -3.77905
-3.78286 -3.78303
-3.78309 -3.78309
-3.78434 -3.78421
-3.78384 -3.78477
-3.77886 -3.7788
-3.78127 -3.78176
-3.78352 -3.78375
-3.78756 -3.78747
-3.78673 -3.78624
-3.7844 -3.78409
-3.78713 -3.78745
-3.78697 -3.78677
-3.78298 -3.78334
-3.78791 -3.7879
-3.78436 -3.78512
-3.78309 -3.78386
-3.78304 -3.78253
-3.78105 -3.78088
-3.77298 -3.77339
-3.76757 -3.76791
-3.77282 -3.77289
-3.76889 -3.76882
-3.77 -3.77043
-3.77324 -3.77352
-3.77107 -3.77093
-3.76739 -3.76748
-3.76561 -3.76547
-3.76919 -3.76814
-3.77042 -3.77093
-3.77628 -3.77631
-3.77293 -3.77273
-3.77577 -3.77578
-3.7737 -3.77408
-3.77219 -3.77161
-3.77222 -3.77181
-3.77041 -3.77051
-3.76887 -3.76888
-3.76713 -3.76641
-3.77335 -3.77327
-3.76983 -3.77113
-3.76623 -3.76666
-3.77086 -3.77074
-3.77222 -3.77241
-3.77252 -3.77199
-3.76863 -3.76905
-3.77462 -3.77451
-3.76553 -3.76617
-3.77234 -3.77322
-3.77299 -3.77301
-3.77028 -3.77142
-3.76882 -3.76899
-3.77255 -3.77206
-3.77102 -3.77057
-3.77176 -3.77229
-3.77574 -3.77586
-3.77301 -3.77304
-3.76758 -3.76755
-3.75233 -3.75311
-3.75306 -3.75263
-3.74686 -3.74619
-3.74772 -3.74756
-3.74518 -3.74562
-3.7506 -3.75069
-3.75005 -3.74921
-3.74939 -3.74896
-3.7422 -3.74247
-3.74671 -3.74822
-3.75051 -3.75048
-3.74398 -3.7446
-3.74784 -3.74744
-3.74943 -3.74952
-3.74961 -3.74995
-3.73771 -3.73769
-3.74807 -3.74774
-3.74622 -3.74722
-3.74234 -3.74264
-3.74311 -3.7435
-3.74631 -3.74654
-3.75024 -3.75009
-3.75016 -3.74991
-3.74985 -3.74989
-3.74574 -3.74659
-3.74674 -3.74621
-3.75112 -3.752
-3.74919 -3.74907
-3.74854 -3.74785
-3.74685 -3.74757
-3.74081 -3.74014
-3.74931 -3.74919
-3.74205 -3.74241
-3.74433 -3.74483
-3.74786 -3.74845
-3.74919 -3.74866
-3.74903 -3.74858
-3.75035 -3.75063
-3.74884 -3.74976
-3.75039 -3.75085
-3.74573 -3.74714
-3.74985 -3.75068
-3.74214 -3.74151
-3.74176 -3.74152
-3.74666 -3.74579
-3.7542 -3.75436
-3.75243 -3.75269
-3.74838 -3.74689
-3.74689 -3.74752
-3.74869 -3.74879
-3.75516 -3.75407
-3.74838 -3.74862
-3.74725 -3.74876
-3.74893 -3.74887
-3.75135 -3.75219
-3.74687 -3.74619
-3.74876 -3.74784
-3.74225 -3.74365
-3.74501 -3.74477
-3.79661 -3.79627
-3.79592 -3.79593
-3.80071 -3.80086
-3.80231 -3.80211
-3.80204 -3.80172
-3.79792 -3.79808
-3.79519 -3.79431
-3.79785 -3.79749
-3.79479 -3.79452
-3.80099 -3.80106
-3.79491 -3.79435
-3.79681 -3.79656
-3.79137 -3.79138
-3.79814 -3.79796
-3.79762 -3.79734
-3.7993 -3.79942
-3.79699 -3.79682
-3.79585 -3.79554
-3.79529 -3.79482
-3.79625 -3.79617
-3.79209 -3.79192
-3.79848 -3.79833
-3.79551 -3.79528
-3.79996 -3.79994
-3.797 -3.79706
-3.79886 -3.79874
-3.79922 -3.79895
-3.79728 -3.7964
-3.79659 -3.79678
-3.7936 -3.79284
-3.83335 -3.83344
-3.83333 -3.83341
-3.83334 -3.83343
-3.83337 -3.83346
-3.83329 -3.83338
-3.83334 -3.83342
-3.83334 -3.83342
-3.83334 -3.83342
-3.83333 -3.83341
-3.83329 -3.83337
-3.83329 -3.83338
-3.83333 -3.83342
-3.83337 -3.83345
-3.83335 -3.83343
-3.83334 -3.83342
-3.7506 -3.75084
-3.73748 -3.73722
-3.71572 -3.71587
-3.70886 -3.70939
-3.70887 -3.70702
-3.71328 -3.71227
-3.71344 -3.71413
-3.71569 -3.71508
-3.71847 -3.71449
-3.71699 -3.71661
-3.71688 -3.71478
-3.72875 -3.72812
-3.71644 -3.71549
-3.72182 -3.72027
-3.72894 -3.72782
-3.71965 -3.71994
-3.72131 -3.72125
-3.72711 -3.72666
-3.72823 -3.72764
-3.72289 -3.72226
-3.71339 -3.71354
-3.72633 -3.72655
-3.73665 -3.73726
-3.72944 -3.72925
-3.72654 -3.72676
-3.73235 -3.73199
-3.73155 -3.7319
-3.73781 -3.73873
-3.73436 -3.73384
-3.72643 -3.72648
-3.72272 -3.72389
-3.72518 -3.72558
-3.72198 -3.72133
-3.71052 -3.70939
-3.7207 -3.72089
-3.71909 -3.71853
-3.71718 -3.7167
-3.72599 -3.72391
-3.72228 -3.72294
-3.72142 -3.72227
-3.71807 -3.7186
-3.71952 -3.71879
-3.71137 -3.7115
-3.72259 -3.72376
-3.72324 -3.72427
-3.72032 -3.72025
-3.7328 -3.73363
-3.72472 -3.72536
-3.72995 -3.72995
-3.72427 -3.72418
-3.71758 -3.71706
-3.72875 -3.72895
-3.72071 -3.72051
-3.7177 -3.71722
-3.72149 -3.7195
-3.72543 -3.72576
-3.73397 -3.73408
-3.72562 -3.72434
-3.72974 -3.73059
-3.73119 -3.73136
