100     0.36582    0.01571    0.01919    0.10636     0.22455     0.00000     
200     0.29134    0.01763    0.02181    0.00922     0.24268     0.00000     
300     0.24997    0.01954    0.02434    0.03812     0.16798     0.00000     
400     0.30041    0.02089    0.02640    0.02417     0.22895     0.00000     
500     0.25861    0.02242    0.02834    0.02991     0.17794     0.00000     
600     0.24432    0.02392    0.03040    0.02964     0.16036     0.00000     
700     0.22031    0.02554    0.03241    0.00853     0.15383     0.00000     
800     0.22631    0.02714    0.03443    0.01245     0.15230     0.00000     
900     0.23604    0.02846    0.03602    0.00542     0.16614     0.00000     
1000    0.24919    0.02945    0.03761    0.01833     0.16380     0.00000     
1100    0.22367    0.03081    0.03921    0.01652     0.13712     0.00000     
1200    0.20331    0.03267    0.04164    0.00334     0.12567     0.00000     
1300    0.23160    0.03399    0.04339    0.00750     0.14672     0.00000     
1400    0.20693    0.03571    0.04551    0.00428     0.12144     0.00000     
1500    0.22184    0.03673    0.04683    0.00960     0.12869     0.00000     
1600    0.21870    0.03737    0.04810    0.00613     0.12711     0.00000     
1700    0.18981    0.03818    0.04937    0.00362     0.09864     0.00000     
1800    0.21231    0.03914    0.05030    0.01200     0.11087     0.00000     
1900    0.20847    0.04052    0.05241    0.01307     0.10247     0.00000     
2000    0.20200    0.04128    0.05361    0.01119     0.09591     0.00000     
2100    0.19821    0.04287    0.05562    0.00528     0.09444     0.00000     
2200    0.20264    0.04390    0.05638    0.01214     0.09021     0.00000     
2300    0.19347    0.04482    0.05785    0.00600     0.08479     0.00000     
2400    0.19156    0.04629    0.05972    0.00117     0.08437     0.00000     
2500    0.19022    0.04672    0.05991    0.00282     0.08078     0.00000     
2600    0.19647    0.04792    0.06173    0.00149     0.08533     0.00000     
2700    0.19351    0.04862    0.06240    0.00147     0.08102     0.00000     
2800    0.19698    0.04934    0.06341    0.00432     0.07990     0.00000     
2900    0.19599    0.04945    0.06377    0.00111     0.08165     0.00000     
3000    0.19883    0.04989    0.06432    0.00549     0.07913     0.00000     
3100    0.19830    0.05038    0.06475    0.00248     0.08069     0.00000     
3200    0.20047    0.05060    0.06513    0.00681     0.07793     0.00000     
3300    0.19638    0.05105    0.06553    0.00160     0.07820     0.00000     
3400    0.19847    0.05146    0.06625    0.00304     0.07772     0.00000     
3500    0.19772    0.05167    0.06669    0.00165     0.07772     0.00000     
3600    0.19753    0.05218    0.06734    0.00153     0.07647     0.00000     
3700    0.19631    0.05243    0.06792    0.00211     0.07384     0.00000     
3800    0.19035    0.05320    0.06908    0.00142     0.06665     0.00000     
3900    0.19557    0.05375    0.07005    0.00173     0.07004     0.00000     
4000    0.19306    0.05385    0.07027    0.00101     0.06793     0.00000     
4100    0.19517    0.05504    0.07140    0.00175     0.06698     0.00000     
4200    0.19632    0.05527    0.07200    0.00166     0.06738     0.00000     
4300    0.19399    0.05555    0.07208    0.00250     0.06387     0.00000     
4400    0.19670    0.05564    0.07221    0.00342     0.06543     0.00000     
4500    0.19471    0.05542    0.07238    0.00454     0.06236     0.00000     
4600    0.19083    0.05551    0.07257    0.00102     0.06172     0.00000     
4700    0.18940    0.05521    0.07201    0.00154     0.06065     0.00000     
4800    0.18887    0.05495    0.07150    0.00181     0.06061     0.00000     
4900    0.18883    0.05553    0.07165    0.00172     0.05993     0.00000     
5000    0.18754    0.05518    0.07159    0.00184     0.05892     0.00000     
5100    0.18542    0.05551    0.07209    0.00085     0.05697     0.00000     
5200    0.18749    0.05568    0.07220    0.00130     0.05831     0.00000     
5300    0.18486    0.05537    0.07198    0.00093     0.05658     0.00000     
5400    0.18626    0.05559    0.07193    0.00080     0.05795     0.00000     
5500    0.18630    0.05581    0.07240    0.00166     0.05643     0.00000     
5600    0.18656    0.05569    0.07214    0.00171     0.05702     0.00000     
5700    0.18574    0.05639    0.07293    0.00128     0.05515     0.00000     
5800    0.18524    0.05600    0.07259    0.00242     0.05423     0.00000     
5900    0.18624    0.05633    0.07305    0.00070     0.05616     0.00000     
6000    0.18617    0.05642    0.07287    0.00224     0.05463     0.00000     
6100    0.18406    0.05567    0.07207    0.00238     0.05395     0.00000     
6200    0.18202    0.05525    0.07170    0.00080     0.05427     0.00000     
6300    0.18213    0.05498    0.07165    0.00106     0.05443     0.00000     
6400    0.18151    0.05496    0.07167    0.00072     0.05416     0.00000     
6500    0.18021    0.05507    0.07147    0.00151     0.05216     0.00000     
6600    0.18007    0.05417    0.07051    0.00166     0.05373     0.00000     
6700    0.18020    0.05419    0.07058    0.00080     0.05463     0.00000     
6800    0.17893    0.05441    0.07067    0.00221     0.05163     0.00000     
6900    0.17836    0.05460    0.07090    0.00101     0.05184     0.00000     
7000    0.17693    0.05463    0.07100    0.00070     0.05061     0.00000     
7100    0.17657    0.05372    0.07022    0.00106     0.05157     0.00000     
7200    0.17449    0.05335    0.06967    0.00071     0.05075     0.00000     
7300    0.17222    0.05279    0.06856    0.00112     0.04975     0.00000     
7400    0.17209    0.05245    0.06851    0.00133     0.04980     0.00000     
7500    0.17096    0.05221    0.06803    0.00056     0.05016     0.00000     
7600    0.17229    0.05240    0.06832    0.00122     0.05036     0.00000     
7700    0.17069    0.05166    0.06742    0.00198     0.04963     0.00000     
7800    0.16763    0.05106    0.06663    0.00145     0.04850     0.00000     
7900    0.16622    0.05064    0.06666    0.00065     0.04827     0.00000     
8000    0.16673    0.05054    0.06650    0.00095     0.04875     0.00000     
8100    0.16581    0.05042    0.06614    0.00065     0.04859     0.00000     
8200    0.16464    0.04992    0.06573    0.00059     0.04840     0.00000     
8300    0.16319    0.04934    0.06518    0.00113     0.04754     0.00000     
8400    0.16271    0.04933    0.06488    0.00088     0.04761     0.00000     
8500    0.16313    0.04940    0.06494    0.00074     0.04805     0.00000     
8600    0.16267    0.04927    0.06475    0.00147     0.04719     0.00000     
8700    0.16209    0.04887    0.06442    0.00074     0.04807     0.00000     
8800    0.16090    0.04896    0.06455    0.00123     0.04616     0.00000     
8900    0.16079    0.04882    0.06416    0.00085     0.04697     0.00000     
9000    0.16203    0.04900    0.06457    0.00130     0.04717     0.00000     
9100    0.15973    0.04883    0.06395    0.00075     0.04620     0.00000     
9200    0.15933    0.04847    0.06348    0.00063     0.04675     0.00000     
9300    0.15768    0.04748    0.06255    0.00070     0.04695     0.00000     
9400    0.15612    0.04730    0.06196    0.00080     0.04607     0.00000     
9500    0.15475    0.04674    0.06149    0.00070     0.04582     0.00000     
9600    0.15572    0.04650    0.06119    0.00103     0.04700     0.00000     
9700    0.15468    0.04641    0.06113    0.00095     0.04619     0.00000     
9800    0.15485    0.04629    0.06124    0.00150     0.04582     0.00000     
9900    0.15322    0.04595    0.06079    0.00067     0.04582     0.00000     
10000   0.15347    0.04576    0.06027    0.00054     0.04690     0.00000     
10100   0.15206    0.04549    0.05997    0.00054     0.04605     0.00000     
10200   0.15108    0.04537    0.05959    0.00081     0.04532     0.00000     
10300   0.15147    0.04554    0.05982    0.00100     0.04512     0.00000     
10400   0.15051    0.04521    0.05944    0.00081     0.04505     0.00000     
10500   0.15047    0.04491    0.05919    0.00134     0.04503     0.00000     
10600   0.14974    0.04463    0.05877    0.00063     0.04571     0.00000     
10700   0.14716    0.04353    0.05743    0.00049     0.04570     0.00000     
10800   0.14660    0.04313    0.05695    0.00055     0.04596     0.00000     
10900   0.14506    0.04247    0.05626    0.00115     0.04517     0.00000     
11000   0.14302    0.04220    0.05572    0.00071     0.04439     0.00000     
11100   0.14240    0.04206    0.05557    0.00058     0.04419     0.00000     
11200   0.14166    0.04183    0.05513    0.00071     0.04399     0.00000     
11300   0.14147    0.04156    0.05496    0.00047     0.04448     0.00000     
11400   0.14058    0.04124    0.05464    0.00074     0.04397     0.00000     
11500   0.14076    0.04120    0.05434    0.00102     0.04420     0.00000     
11600   0.13955    0.04096    0.05427    0.00051     0.04382     0.00000     
11700   0.13901    0.04054    0.05372    0.00052     0.04423     0.00000     
11800   0.13833    0.04007    0.05331    0.00097     0.04399     0.00000     
11900   0.13787    0.03979    0.05301    0.00055     0.04452     0.00000     
12000   0.13712    0.03951    0.05266    0.00065     0.04429     0.00000     
12100   0.13682    0.03958    0.05247    0.00069     0.04408     0.00000     
12200   0.13616    0.03929    0.05222    0.00084     0.04382     0.00000     
12300   0.13542    0.03882    0.05176    0.00091     0.04394     0.00000     
12400   0.13436    0.03851    0.05131    0.00059     0.04395     0.00000     
12500   0.13387    0.03835    0.05098    0.00062     0.04392     0.00000     
12600   0.13284    0.03765    0.05027    0.00058     0.04434     0.00000     
12700   0.13255    0.03764    0.05046    0.00062     0.04384     0.00000     
12800   0.13222    0.03745    0.05018    0.00069     0.04391     0.00000     
12900   0.13118    0.03693    0.04963    0.00064     0.04398     0.00000     
13000   0.13112    0.03683    0.04938    0.00068     0.04423     0.00000     
13100   0.13013    0.03648    0.04907    0.00076     0.04383     0.00000     
13200   0.12975    0.03660    0.04907    0.00068     0.04341     0.00000     
13300   0.12919    0.03649    0.04896    0.00065     0.04309     0.00000     
13400   0.12833    0.03605    0.04843    0.00074     0.04311     0.00000     
13500   0.12864    0.03599    0.04850    0.00063     0.04353     0.00000     
13600   0.12879    0.03601    0.04827    0.00068     0.04382     0.00000     
13700   0.12771    0.03536    0.04786    0.00059     0.04390     0.00000     
13800   0.12744    0.03544    0.04784    0.00054     0.04362     0.00000     
13900   0.12703    0.03551    0.04773    0.00054     0.04324     0.00000     
14000   0.12714    0.03525    0.04768    0.00082     0.04338     0.00000     
14100   0.12577    0.03482    0.04708    0.00072     0.04315     0.00000     
14200   0.12521    0.03447    0.04677    0.00058     0.04338     0.00000     
14300   0.12495    0.03464    0.04692    0.00073     0.04267     0.00000     
14400   0.12485    0.03483    0.04691    0.00052     0.04258     0.00000     
14500   0.12418    0.03445    0.04641    0.00056     0.04276     0.00000     
14600   0.12435    0.03434    0.04650    0.00061     0.04290     0.00000     
14700   0.12320    0.03400    0.04605    0.00055     0.04260     0.00000     
14800   0.12344    0.03391    0.04581    0.00082     0.04289     0.00000     
14900   0.12291    0.03387    0.04581    0.00050     0.04275     0.00000     
15000   0.12200    0.03364    0.04542    0.00055     0.04239     0.00000     
15100   0.12256    0.03351    0.04527    0.00078     0.04300     0.00000     
15200   0.12208    0.03338    0.04503    0.00081     0.04285     0.00000     
15300   0.12209    0.03324    0.04507    0.00069     0.04309     0.00000     
15400   0.12190    0.03340    0.04526    0.00062     0.04263     0.00000     
15500   0.12198    0.03358    0.04529    0.00048     0.04265     0.00000     
15600   0.12230    0.03346    0.04525    0.00070     0.04288     0.00000     
15700   0.12128    0.03314    0.04475    0.00058     0.04282     0.00000     
15800   0.12017    0.03276    0.04431    0.00057     0.04252     0.00000     
15900   0.12057    0.03285    0.04433    0.00058     0.04280     0.00000     
16000   0.11972    0.03233    0.04386    0.00076     0.04277     0.00000     
16100   0.11942    0.03235    0.04399    0.00050     0.04258     0.00000     
16200   0.11910    0.03199    0.04342    0.00078     0.04290     0.00000     
16300   0.11811    0.03189    0.04325    0.00075     0.04223     0.00000     
16400   0.11722    0.03146    0.04287    0.00058     0.04230     0.00000     
16500   0.11676    0.03129    0.04260    0.00047     0.04240     0.00000     
16600   0.11746    0.03135    0.04262    0.00066     0.04283     0.00000     
16700   0.11632    0.03092    0.04226    0.00083     0.04230     0.00000     
16800   0.11527    0.03046    0.04197    0.00062     0.04222     0.00000     
16900   0.11441    0.03019    0.04160    0.00049     0.04213     0.00000     
17000   0.11431    0.03009    0.04164    0.00045     0.04212     0.00000     
17100   0.11465    0.03043    0.04188    0.00047     0.04188     0.00000     
17200   0.11382    0.03014    0.04170    0.00047     0.04151     0.00000     
17300   0.11407    0.02990    0.04149    0.00058     0.04209     0.00000     
17400   0.11437    0.02994    0.04158    0.00086     0.04199     0.00000     
17500   0.11408    0.02990    0.04143    0.00082     0.04193     0.00000     
17600   0.11355    0.02962    0.04130    0.00071     0.04193     0.00000     
17700   0.11271    0.02948    0.04100    0.00051     0.04173     0.00000     
17800   0.11297    0.02950    0.04095    0.00072     0.04179     0.00000     
17900   0.11185    0.02916    0.04062    0.00055     0.04152     0.00000     
18000   0.11167    0.02898    0.04035    0.00093     0.04141     0.00000     
18100   0.11120    0.02881    0.04018    0.00071     0.04150     0.00000     
18200   0.11103    0.02869    0.03984    0.00064     0.04186     0.00000     
18300   0.11147    0.02897    0.04017    0.00058     0.04176     0.00000     
18400   0.11018    0.02849    0.03968    0.00045     0.04156     0.00000     
18500   0.11015    0.02845    0.03963    0.00055     0.04152     0.00000     
18600   0.10996    0.02819    0.03946    0.00085     0.04145     0.00000     
18700   0.10991    0.02812    0.03925    0.00057     0.04196     0.00000     
18800   0.10885    0.02780    0.03905    0.00054     0.04146     0.00000     
18900   0.10868    0.02765    0.03883    0.00066     0.04155     0.00000     
19000   0.10874    0.02791    0.03894    0.00062     0.04128     0.00000     
19100   0.10839    0.02789    0.03877    0.00050     0.04123     0.00000     
19200   0.10906    0.02802    0.03913    0.00054     0.04137     0.00000     
19300   0.10840    0.02791    0.03890    0.00047     0.04112     0.00000     
19400   0.10850    0.02763    0.03865    0.00094     0.04128     0.00000     
19500   0.10820    0.02758    0.03852    0.00080     0.04130     0.00000     
19600   0.10813    0.02751    0.03847    0.00073     0.04143     0.00000     
19700   0.10769    0.02725    0.03830    0.00051     0.04162     0.00000     
19800   0.10720    0.02698    0.03790    0.00080     0.04152     0.00000     
19900   0.10697    0.02701    0.03782    0.00069     0.04146     0.00000     
20000   0.10724    0.02722    0.03803    0.00057     0.04142     0.00000     
20100   0.10624    0.02675    0.03763    0.00049     0.04136     0.00000     
20200   0.10606    0.02675    0.03768    0.00044     0.04120     0.00000     
20300   0.10667    0.02683    0.03776    0.00072     0.04136     0.00000     
20400   0.10600    0.02658    0.03754    0.00058     0.04129     0.00000     
20500   0.10600    0.02651    0.03744    0.00082     0.04124     0.00000     
20600   0.10592    0.02665    0.03745    0.00053     0.04128     0.00000     
20700   0.10571    0.02666    0.03742    0.00065     0.04097     0.00000     
20800   0.10606    0.02649    0.03732    0.00112     0.04113     0.00000     
20900   0.10521    0.02633    0.03710    0.00054     0.04123     0.00000     
21000   0.10511    0.02628    0.03701    0.00060     0.04122     0.00000     
21100   0.10493    0.02632    0.03701    0.00051     0.04109     0.00000     
21200   0.10487    0.02621    0.03685    0.00060     0.04122     0.00000     
21300   0.10514    0.02614    0.03678    0.00068     0.04154     0.00000     
21400   0.10448    0.02612    0.03663    0.00046     0.04128     0.00000     
21500   0.10439    0.02596    0.03662    0.00061     0.04119     0.00000     
21600   0.10428    0.02598    0.03658    0.00068     0.04104     0.00000     
21700   0.10406    0.02600    0.03655    0.00057     0.04093     0.00000     
21800   0.10401    0.02606    0.03659    0.00050     0.04086     0.00000     
21900   0.10365    0.02595    0.03636    0.00046     0.04088     0.00000     
22000   0.10371    0.02588    0.03630    0.00061     0.04091     0.00000     
22100   0.10367    0.02585    0.03624    0.00064     0.04094     0.00000     
22200   0.10386    0.02598    0.03634    0.00056     0.04098     0.00000     
22300   0.10378    0.02595    0.03621    0.00049     0.04113     0.00000     
22400   0.10365    0.02586    0.03610    0.00050     0.04119     0.00000     
22500   0.10365    0.02581    0.03606    0.00047     0.04131     0.00000     
22600   0.10342    0.02570    0.03606    0.00051     0.04115     0.00000     
22700   0.10356    0.02581    0.03602    0.00051     0.04122     0.00000     
22800   0.10312    0.02576    0.03588    0.00051     0.04096     0.00000     
22900   0.10296    0.02566    0.03575    0.00054     0.04102     0.00000     
23000   0.10257    0.02535    0.03556    0.00063     0.04102     0.00000     
23100   0.10267    0.02535    0.03558    0.00063     0.04110     0.00000     
23200   0.10247    0.02538    0.03566    0.00051     0.04091     0.00000     
23300   0.10186    0.02518    0.03537    0.00048     0.04083     0.00000     
23400   0.10156    0.02514    0.03524    0.00044     0.04075     0.00000     
23500   0.10157    0.02496    0.03512    0.00060     0.04089     0.00000     
23600   0.10177    0.02521    0.03527    0.00062     0.04067     0.00000     
23700   0.10098    0.02492    0.03495    0.00064     0.04047     0.00000     
23800   0.10093    0.02476    0.03487    0.00052     0.04077     0.00000     
23900   0.10055    0.02470    0.03478    0.00057     0.04049     0.00000     
24000   0.10022    0.02450    0.03462    0.00044     0.04065     0.00000     
24100   0.10012    0.02437    0.03441    0.00058     0.04076     0.00000     
24200   0.09995    0.02434    0.03430    0.00046     0.04086     0.00000     
24300   0.10039    0.02442    0.03438    0.00077     0.04082     0.00000     
24400   0.10024    0.02451    0.03450    0.00061     0.04062     0.00000     
24500   0.09995    0.02459    0.03448    0.00043     0.04045     0.00000     
24600   0.09967    0.02431    0.03411    0.00050     0.04075     0.00000     
24700   0.09982    0.02449    0.03439    0.00046     0.04048     0.00000     
24800   0.09925    0.02417    0.03415    0.00046     0.04047     0.00000     
24900   0.09916    0.02417    0.03400    0.00059     0.04040     0.00000     
25000   0.09878    0.02397    0.03380    0.00043     0.04058     0.00000     
25100   0.09875    0.02378    0.03373    0.00055     0.04070     0.00000     
25200   0.09871    0.02381    0.03382    0.00050     0.04058     0.00000     
25300   0.09849    0.02367    0.03367    0.00044     0.04070     0.00000     
25400   0.09835    0.02370    0.03368    0.00045     0.04051     0.00000     
25500   0.09839    0.02369    0.03365    0.00055     0.04050     0.00000     
25600   0.09814    0.02362    0.03353    0.00051     0.04048     0.00000     
25700   0.09788    0.02337    0.03343    0.00045     0.04063     0.00000     
25800   0.09776    0.02332    0.03334    0.00048     0.04062     0.00000     
25900   0.09798    0.02327    0.03335    0.00059     0.04078     0.00000     
26000   0.09754    0.02312    0.03322    0.00054     0.04066     0.00000     
26100   0.09805    0.02351    0.03344    0.00056     0.04055     0.00000     
26200   0.09806    0.02340    0.03341    0.00051     0.04073     0.00000     
26300   0.09814    0.02337    0.03336    0.00057     0.04084     0.00000     
26400   0.09805    0.02363    0.03352    0.00046     0.04045     0.00000     
26500   0.09827    0.02355    0.03346    0.00056     0.04070     0.00000     
26600   0.09819    0.02357    0.03346    0.00054     0.04062     0.00000     
26700   0.09790    0.02358    0.03341    0.00046     0.04046     0.00000     
26800   0.09785    0.02350    0.03322    0.00066     0.04047     0.00000     
26900   0.09704    0.02306    0.03304    0.00064     0.04030     0.00000     
27000   0.09710    0.02316    0.03295    0.00059     0.04040     0.00000     
27100   0.09662    0.02283    0.03265    0.00056     0.04057     0.00000     
27200   0.09642    0.02273    0.03265    0.00057     0.04047     0.00000     
27300   0.09611    0.02273    0.03255    0.00045     0.04038     0.00000     
27400   0.09635    0.02277    0.03248    0.00060     0.04050     0.00000     
27500   0.09583    0.02257    0.03236    0.00057     0.04033     0.00000     
27600   0.09615    0.02265    0.03240    0.00047     0.04063     0.00000     
27700   0.09603    0.02283    0.03246    0.00053     0.04021     0.00000     
27800   0.09619    0.02258    0.03237    0.00065     0.04060     0.00000     
27900   0.09593    0.02251    0.03239    0.00055     0.04048     0.00000     
28000   0.09613    0.02272    0.03240    0.00052     0.04049     0.00000     
28100   0.09633    0.02285    0.03254    0.00047     0.04047     0.00000     
28200   0.09604    0.02274    0.03253    0.00048     0.04029     0.00000     
28300   0.09584    0.02258    0.03233    0.00049     0.04044     0.00000     
28400   0.09586    0.02267    0.03239    0.00047     0.04033     0.00000     
28500   0.09545    0.02249    0.03223    0.00044     0.04030     0.00000     
28600   0.09578    0.02252    0.03235    0.00049     0.04041     0.00000     
28700   0.09563    0.02246    0.03223    0.00052     0.04042     0.00000     
28800   0.09567    0.02244    0.03215    0.00063     0.04045     0.00000     
28900   0.09530    0.02232    0.03208    0.00054     0.04036     0.00000     
29000   0.09528    0.02241    0.03211    0.00052     0.04024     0.00000     
29100   0.09539    0.02246    0.03212    0.00045     0.04036     0.00000     
29200   0.09509    0.02215    0.03187    0.00051     0.04055     0.00000     
29300   0.09468    0.02214    0.03184    0.00045     0.04025     0.00000     
29400   0.09488    0.02212    0.03188    0.00060     0.04028     0.00000     
29500   0.09497    0.02228    0.03196    0.00049     0.04024     0.00000     
29600   0.09482    0.02223    0.03187    0.00050     0.04022     0.00000     
29700   0.09488    0.02218    0.03182    0.00052     0.04037     0.00000     
29800   0.09491    0.02220    0.03174    0.00046     0.04050     0.00000     
29900   0.09443    0.02190    0.03157    0.00045     0.04050     0.00000     
30000   0.09451    0.02211    0.03162    0.00045     0.04034     0.00000     
30100   0.09399    0.02186    0.03144    0.00050     0.04019     0.00000     
30200   0.09405    0.02200    0.03149    0.00052     0.04004     0.00000     
30300   0.09382    0.02177    0.03135    0.00045     0.04025     0.00000     
30400   0.09382    0.02172    0.03127    0.00056     0.04027     0.00000     
30500   0.09359    0.02166    0.03122    0.00047     0.04024     0.00000     
30600   0.09363    0.02162    0.03118    0.00053     0.04029     0.00000     
30700   0.09324    0.02154    0.03111    0.00047     0.04012     0.00000     
30800   0.09340    0.02146    0.03106    0.00063     0.04025     0.00000     
30900   0.09316    0.02148    0.03105    0.00053     0.04010     0.00000     
31000   0.09308    0.02140    0.03094    0.00047     0.04027     0.00000     
31100   0.09279    0.02130    0.03080    0.00050     0.04018     0.00000     
31200   0.09251    0.02129    0.03082    0.00043     0.03997     0.00000     
31300   0.09254    0.02127    0.03079    0.00046     0.04003     0.00000     
31400   0.09219    0.02108    0.03061    0.00048     0.04003     0.00000     
31500   0.09206    0.02106    0.03056    0.00044     0.04001     0.00000     
31600   0.09225    0.02109    0.03059    0.00056     0.04002     0.00000     
31700   0.09215    0.02111    0.03057    0.00051     0.03996     0.00000     
31800   0.09233    0.02118    0.03063    0.00059     0.03993     0.00000     
31900   0.09222    0.02108    0.03051    0.00066     0.03997     0.00000     
32000   0.09254    0.02117    0.03057    0.00052     0.04027     0.00000     
32100   0.09231    0.02115    0.03055    0.00048     0.04013     0.00000     
32200   0.09215    0.02107    0.03053    0.00051     0.04004     0.00000     
32300   0.09186    0.02085    0.03034    0.00048     0.04019     0.00000     
32400   0.09202    0.02086    0.03030    0.00056     0.04030     0.00000     
32500   0.09218    0.02097    0.03036    0.00052     0.04033     0.00000     
32600   0.09195    0.02087    0.03026    0.00059     0.04024     0.00000     
32700   0.09178    0.02082    0.03018    0.00056     0.04022     0.00000     
32800   0.09170    0.02078    0.03024    0.00048     0.04021     0.00000     
32900   0.09135    0.02063    0.03007    0.00053     0.04013     0.00000     
33000   0.09131    0.02065    0.03013    0.00050     0.04002     0.00000     
33100   0.09148    0.02064    0.03015    0.00049     0.04020     0.00000     
33200   0.09098    0.02045    0.03000    0.00052     0.04002     0.00000     
33300   0.09129    0.02058    0.03012    0.00051     0.04009     0.00000     
33400   0.09136    0.02065    0.03018    0.00047     0.04006     0.00000     
33500   0.09084    0.02039    0.03003    0.00044     0.03998     0.00000     
33600   0.09112    0.02047    0.03004    0.00057     0.04004     0.00000     
33700   0.09095    0.02045    0.02999    0.00062     0.03989     0.00000     
33800   0.09077    0.02019    0.02981    0.00061     0.04015     0.00000     
33900   0.09032    0.02015    0.02978    0.00046     0.03992     0.00000     
34000   0.09026    0.02014    0.02972    0.00054     0.03986     0.00000     
34100   0.09051    0.02021    0.02978    0.00056     0.03996     0.00000     
34200   0.09008    0.02006    0.02966    0.00044     0.03992     0.00000     
34300   0.09008    0.02004    0.02960    0.00045     0.03999     0.00000     
34400   0.08995    0.02006    0.02964    0.00045     0.03981     0.00000     
34500   0.08997    0.01999    0.02961    0.00052     0.03984     0.00000     
34600   0.08984    0.01995    0.02952    0.00048     0.03990     0.00000     
34700   0.08979    0.01976    0.02939    0.00058     0.04005     0.00000     
34800   0.09008    0.01995    0.02942    0.00056     0.04016     0.00000     
34900   0.08991    0.01998    0.02954    0.00048     0.03991     0.00000     
35000   0.08994    0.01990    0.02941    0.00075     0.03988     0.00000     
35100   0.08989    0.02000    0.02952    0.00049     0.03987     0.00000     
35200   0.08979    0.01989    0.02940    0.00052     0.03998     0.00000     
35300   0.08984    0.01991    0.02943    0.00067     0.03984     0.00000     
35400   0.08992    0.01997    0.02951    0.00045     0.04000     0.00000     
35500   0.08992    0.01997    0.02951    0.00063     0.03982     0.00000     
35600   0.08981    0.02007    0.02954    0.00043     0.03976     0.00000     
35700   0.08987    0.02003    0.02953    0.00053     0.03979     0.00000     
35800   0.08999    0.02011    0.02959    0.00044     0.03985     0.00000     
35900   0.08998    0.02006    0.02951    0.00049     0.03992     0.00000     
36000   0.08991    0.02011    0.02952    0.00048     0.03981     0.00000     
36100   0.08977    0.01998    0.02953    0.00050     0.03976     0.00000     
36200   0.08998    0.02012    0.02962    0.00049     0.03975     0.00000     
36300   0.08990    0.02019    0.02961    0.00042     0.03968     0.00000     
36400   0.08988    0.02014    0.02953    0.00049     0.03972     0.00000     
36500   0.08965    0.02002    0.02941    0.00046     0.03975     0.00000     
36600   0.08933    0.01991    0.02924    0.00050     0.03969     0.00000     
36700   0.08934    0.01996    0.02931    0.00048     0.03960     0.00000     
36800   0.08906    0.01973    0.02911    0.00050     0.03972     0.00000     
36900   0.08857    0.01955    0.02899    0.00043     0.03960     0.00000     
37000   0.08873    0.01959    0.02905    0.00046     0.03963     0.00000     
37100   0.08877    0.01962    0.02901    0.00058     0.03956     0.00000     
37200   0.08853    0.01954    0.02895    0.00047     0.03957     0.00000     
37300   0.08858    0.01957    0.02894    0.00049     0.03958     0.00000     
37400   0.08822    0.01938    0.02886    0.00051     0.03948     0.00000     
37500   0.08828    0.01947    0.02893    0.00043     0.03945     0.00000     
37600   0.08811    0.01922    0.02880    0.00052     0.03956     0.00000     
37700   0.08777    0.01910    0.02866    0.00045     0.03956     0.00000     
37800   0.08775    0.01913    0.02864    0.00044     0.03954     0.00000     
37900   0.08755    0.01907    0.02861    0.00050     0.03937     0.00000     
38000   0.08798    0.01925    0.02871    0.00048     0.03954     0.00000     
38100   0.08766    0.01915    0.02862    0.00049     0.03941     0.00000     
38200   0.08768    0.01910    0.02862    0.00051     0.03946     0.00000     
38300   0.08763    0.01915    0.02861    0.00046     0.03942     0.00000     
38400   0.08760    0.01905    0.02858    0.00063     0.03934     0.00000     
38500   0.08731    0.01891    0.02850    0.00058     0.03932     0.00000     
38600   0.08748    0.01907    0.02860    0.00046     0.03935     0.00000     
38700   0.08714    0.01885    0.02848    0.00048     0.03934     0.00000     
38800   0.08709    0.01884    0.02845    0.00045     0.03936     0.00000     
38900   0.08719    0.01886    0.02838    0.00048     0.03947     0.00000     
39000   0.08685    0.01871    0.02826    0.00046     0.03941     0.00000     
39100   0.08701    0.01879    0.02831    0.00057     0.03934     0.00000     
39200   0.08681    0.01875    0.02827    0.00043     0.03935     0.00000     
39300   0.08687    0.01874    0.02828    0.00048     0.03936     0.00000     
39400   0.08678    0.01864    0.02827    0.00047     0.03939     0.00000     
39500   0.08681    0.01863    0.02827    0.00044     0.03947     0.00000     
39600   0.08669    0.01863    0.02819    0.00047     0.03940     0.00000     
39700   0.08656    0.01863    0.02818    0.00042     0.03933     0.00000     
39800   0.08674    0.01869    0.02818    0.00042     0.03945     0.00000     
39900   0.08669    0.01861    0.02813    0.00044     0.03950     0.00000     
40000   0.08642    0.01858    0.02814    0.00047     0.03924     0.00000     
40100   0.08665    0.01855    0.02815    0.00063     0.03933     0.00000     
40200   0.08641    0.01854    0.02812    0.00043     0.03932     0.00000     
40300   0.08639    0.01853    0.02807    0.00042     0.03936     0.00000     
40400   0.08635    0.01852    0.02806    0.00045     0.03932     0.00000     
40500   0.08609    0.01843    0.02795    0.00044     0.03927     0.00000     
40600   0.08595    0.01836    0.02787    0.00044     0.03927     0.00000     
40700   0.08602    0.01842    0.02791    0.00042     0.03927     0.00000     
40800   0.08573    0.01836    0.02778    0.00045     0.03915     0.00000     
40900   0.08614    0.01848    0.02787    0.00047     0.03933     0.00000     
41000   0.08610    0.01844    0.02784    0.00046     0.03936     0.00000     
41100   0.08604    0.01843    0.02783    0.00051     0.03927     0.00000     
41200   0.08613    0.01837    0.02787    0.00063     0.03926     0.00000     
41300   0.08620    0.01851    0.02792    0.00048     0.03930     0.00000     
41400   0.08603    0.01849    0.02786    0.00048     0.03921     0.00000     
41500   0.08604    0.01851    0.02785    0.00044     0.03923     0.00000     
41600   0.08600    0.01850    0.02782    0.00043     0.03924     0.00000     
41700   0.08585    0.01844    0.02773    0.00051     0.03916     0.00000     
41800   0.08578    0.01827    0.02768    0.00054     0.03927     0.00000     
41900   0.08579    0.01837    0.02774    0.00055     0.03913     0.00000     
42000   0.08577    0.01834    0.02775    0.00050     0.03918     0.00000     
42100   0.08572    0.01826    0.02766    0.00052     0.03928     0.00000     
42200   0.08548    0.01820    0.02763    0.00044     0.03921     0.00000     
42300   0.08558    0.01825    0.02766    0.00044     0.03923     0.00000     
42400   0.08558    0.01821    0.02764    0.00055     0.03918     0.00000     
42500   0.08548    0.01822    0.02761    0.00044     0.03922     0.00000     
42600   0.08539    0.01812    0.02754    0.00053     0.03921     0.00000     
42700   0.08549    0.01824    0.02759    0.00049     0.03916     0.00000     
42800   0.08533    0.01817    0.02757    0.00049     0.03910     0.00000     
42900   0.08519    0.01806    0.02751    0.00054     0.03908     0.00000     
43000   0.08522    0.01802    0.02746    0.00063     0.03911     0.00000     
43100   0.08499    0.01796    0.02741    0.00042     0.03919     0.00000     
43200   0.08498    0.01802    0.02743    0.00044     0.03909     0.00000     
43300   0.08522    0.01815    0.02752    0.00047     0.03908     0.00000     
43400   0.08522    0.01815    0.02753    0.00050     0.03904     0.00000     
43500   0.08504    0.01809    0.02747    0.00046     0.03901     0.00000     
43600   0.08539    0.01806    0.02747    0.00062     0.03924     0.00000     
43700   0.08522    0.01812    0.02753    0.00048     0.03909     0.00000     
43800   0.08523    0.01820    0.02758    0.00047     0.03898     0.00000     
43900   0.08511    0.01805    0.02747    0.00049     0.03911     0.00000     
44000   0.08477    0.01789    0.02736    0.00044     0.03908     0.00000     
44100   0.08483    0.01805    0.02742    0.00043     0.03893     0.00000     
44200   0.08487    0.01791    0.02727    0.00060     0.03910     0.00000     
44300   0.08462    0.01793    0.02726    0.00044     0.03900     0.00000     
44400   0.08454    0.01778    0.02717    0.00045     0.03914     0.00000     
44500   0.08432    0.01772    0.02710    0.00051     0.03899     0.00000     
44600   0.08394    0.01748    0.02691    0.00046     0.03909     0.00000     
44700   0.08389    0.01744    0.02692    0.00048     0.03905     0.00000     
44800   0.08388    0.01750    0.02693    0.00041     0.03904     0.00000     
44900   0.08399    0.01756    0.02697    0.00046     0.03901     0.00000     
45000   0.08398    0.01753    0.02699    0.00042     0.03904     0.00000     
45100   0.08392    0.01751    0.02698    0.00046     0.03897     0.00000     
45200   0.08383    0.01744    0.02693    0.00047     0.03899     0.00000     
45300   0.08383    0.01738    0.02690    0.00044     0.03910     0.00000     
45400   0.08370    0.01736    0.02687    0.00046     0.03902     0.00000     
45500   0.08392    0.01744    0.02690    0.00048     0.03910     0.00000     
45600   0.08393    0.01742    0.02687    0.00046     0.03918     0.00000     
45700   0.08397    0.01750    0.02692    0.00042     0.03914     0.00000     
45800   0.08399    0.01748    0.02691    0.00050     0.03910     0.00000     
45900   0.08419    0.01760    0.02700    0.00052     0.03907     0.00000     
46000   0.08399    0.01750    0.02691    0.00048     0.03910     0.00000     
46100   0.08410    0.01760    0.02696    0.00045     0.03908     0.00000     
46200   0.08408    0.01754    0.02687    0.00048     0.03919     0.00000     
46300   0.08402    0.01758    0.02690    0.00043     0.03911     0.00000     
46400   0.08410    0.01759    0.02693    0.00044     0.03915     0.00000     
46500   0.08404    0.01766    0.02695    0.00043     0.03899     0.00000     
46600   0.08401    0.01767    0.02694    0.00043     0.03896     0.00000     
46700   0.08409    0.01764    0.02692    0.00042     0.03911     0.00000     
46800   0.08370    0.01753    0.02684    0.00048     0.03885     0.00000     
46900   0.08359    0.01744    0.02685    0.00042     0.03888     0.00000     
47000   0.08367    0.01743    0.02683    0.00045     0.03895     0.00000     
47100   0.08360    0.01737    0.02688    0.00044     0.03891     0.00000     
47200   0.08361    0.01739    0.02688    0.00044     0.03889     0.00000     
47300   0.08356    0.01734    0.02683    0.00049     0.03890     0.00000     
47400   0.08365    0.01730    0.02679    0.00044     0.03912     0.00000     
47500   0.08373    0.01739    0.02684    0.00054     0.03896     0.00000     
47600   0.08352    0.01739    0.02684    0.00043     0.03887     0.00000     
47700   0.08369    0.01733    0.02684    0.00053     0.03898     0.00000     
47800   0.08359    0.01735    0.02685    0.00043     0.03896     0.00000     
47900   0.08376    0.01729    0.02679    0.00050     0.03917     0.00000     
48000   0.08348    0.01727    0.02679    0.00049     0.03893     0.00000     
48100   0.08311    0.01717    0.02670    0.00042     0.03882     0.00000     
48200   0.08305    0.01712    0.02666    0.00050     0.03877     0.00000     
48300   0.08315    0.01715    0.02667    0.00049     0.03884     0.00000     
48400   0.08315    0.01719    0.02670    0.00042     0.03883     0.00000     
48500   0.08305    0.01716    0.02667    0.00043     0.03879     0.00000     
48600   0.08321    0.01714    0.02664    0.00049     0.03893     0.00000     
48700   0.08300    0.01707    0.02664    0.00041     0.03887     0.00000     
48800   0.08301    0.01711    0.02660    0.00050     0.03879     0.00000     
48900   0.08288    0.01710    0.02660    0.00042     0.03875     0.00000     
49000   0.08296    0.01702    0.02655    0.00055     0.03884     0.00000     
49100   0.08301    0.01709    0.02660    0.00046     0.03886     0.00000     
49200   0.08291    0.01708    0.02660    0.00044     0.03879     0.00000     
49300   0.08290    0.01704    0.02657    0.00048     0.03881     0.00000     
49400   0.08253    0.01686    0.02647    0.00043     0.03877     0.00000     
49500   0.08261    0.01688    0.02642    0.00051     0.03880     0.00000     
49600   0.08246    0.01681    0.02639    0.00046     0.03880     0.00000     
49700   0.08246    0.01683    0.02640    0.00046     0.03876     0.00000     
49800   0.08243    0.01681    0.02636    0.00053     0.03873     0.00000     
49900   0.08240    0.01685    0.02640    0.00048     0.03867     0.00000     
50000   0.08237    0.01682    0.02637    0.00043     0.03875     0.00000     
50100   0.08231    0.01686    0.02637    0.00042     0.03865     0.00000     
50200   0.08234    0.01681    0.02636    0.00050     0.03867     0.00000     
50300   0.08236    0.01683    0.02640    0.00042     0.03871     0.00000     
50400   0.08219    0.01672    0.02634    0.00045     0.03868     0.00000     
50500   0.08230    0.01680    0.02635    0.00052     0.03863     0.00000     
50600   0.08219    0.01674    0.02632    0.00043     0.03870     0.00000     
50700   0.08228    0.01675    0.02629    0.00052     0.03871     0.00000     
50800   0.08226    0.01682    0.02637    0.00045     0.03862     0.00000     
50900   0.08204    0.01667    0.02627    0.00049     0.03861     0.00000     
51000   0.08207    0.01661    0.02624    0.00043     0.03880     0.00000     
51100   0.08200    0.01662    0.02625    0.00045     0.03868     0.00000     
51200   0.08189    0.01653    0.02623    0.00050     0.03862     0.00000     
51300   0.08198    0.01663    0.02627    0.00045     0.03863     0.00000     
51400   0.08173    0.01646    0.02617    0.00047     0.03864     0.00000     
51500   0.08177    0.01655    0.02619    0.00044     0.03859     0.00000     
51600   0.08171    0.01653    0.02617    0.00042     0.03860     0.00000     
51700   0.08186    0.01652    0.02618    0.00051     0.03865     0.00000     
51800   0.08177    0.01651    0.02613    0.00044     0.03869     0.00000     
51900   0.08186    0.01652    0.02617    0.00044     0.03873     0.00000     
52000   0.08166    0.01644    0.02610    0.00043     0.03869     0.00000     
52100   0.08159    0.01639    0.02604    0.00051     0.03865     0.00000     
52200   0.08172    0.01646    0.02604    0.00053     0.03869     0.00000     
52300   0.08160    0.01645    0.02604    0.00048     0.03863     0.00000     
52400   0.08150    0.01638    0.02604    0.00043     0.03865     0.00000     
52500   0.08170    0.01646    0.02606    0.00049     0.03869     0.00000     
52600   0.08141    0.01638    0.02602    0.00043     0.03858     0.00000     
52700   0.08124    0.01630    0.02592    0.00047     0.03856     0.00000     
52800   0.08140    0.01639    0.02594    0.00043     0.03864     0.00000     
52900   0.08137    0.01634    0.02590    0.00056     0.03856     0.00000     
53000   0.08123    0.01633    0.02593    0.00044     0.03854     0.00000     
53100   0.08118    0.01626    0.02591    0.00050     0.03851     0.00000     
53200   0.08119    0.01634    0.02593    0.00041     0.03851     0.00000     
53300   0.08111    0.01628    0.02589    0.00052     0.03843     0.00000     
53400   0.08108    0.01626    0.02585    0.00043     0.03854     0.00000     
53500   0.08094    0.01618    0.02581    0.00045     0.03850     0.00000     
53600   0.08083    0.01608    0.02576    0.00041     0.03859     0.00000     
53700   0.08073    0.01607    0.02579    0.00041     0.03846     0.00000     
53800   0.08073    0.01607    0.02575    0.00042     0.03849     0.00000     
53900   0.08078    0.01611    0.02576    0.00042     0.03848     0.00000     
54000   0.08080    0.01609    0.02576    0.00044     0.03851     0.00000     
54100   0.08087    0.01615    0.02577    0.00046     0.03849     0.00000     
54200   0.08080    0.01615    0.02576    0.00041     0.03848     0.00000     
54300   0.08074    0.01609    0.02571    0.00044     0.03850     0.00000     
54400   0.08068    0.01610    0.02571    0.00042     0.03845     0.00000     
54500   0.08055    0.01601    0.02567    0.00043     0.03844     0.00000     
54600   0.08066    0.01609    0.02571    0.00041     0.03845     0.00000     
54700   0.08078    0.01613    0.02571    0.00047     0.03847     0.00000     
54800   0.08067    0.01611    0.02566    0.00045     0.03846     0.00000     
54900   0.08072    0.01620    0.02571    0.00042     0.03839     0.00000     
55000   0.08071    0.01615    0.02569    0.00043     0.03843     0.00000     
55100   0.08075    0.01611    0.02568    0.00042     0.03854     0.00000     
55200   0.08069    0.01613    0.02570    0.00042     0.03844     0.00000     
55300   0.08074    0.01613    0.02569    0.00043     0.03849     0.00000     
55400   0.08081    0.01611    0.02568    0.00052     0.03850     0.00000     
55500   0.08080    0.01618    0.02572    0.00047     0.03843     0.00000     
55600   0.08082    0.01613    0.02571    0.00043     0.03856     0.00000     
55700   0.08070    0.01615    0.02571    0.00042     0.03841     0.00000     
55800   0.08068    0.01607    0.02569    0.00046     0.03845     0.00000     
55900   0.08048    0.01605    0.02569    0.00044     0.03831     0.00000     
56000   0.08047    0.01599    0.02566    0.00044     0.03839     0.00000     
56100   0.08045    0.01601    0.02561    0.00042     0.03840     0.00000     
56200   0.08026    0.01593    0.02559    0.00041     0.03833     0.00000     
56300   0.08020    0.01590    0.02554    0.00042     0.03833     0.00000     
56400   0.08024    0.01595    0.02557    0.00041     0.03830     0.00000     
56500   0.08022    0.01588    0.02554    0.00049     0.03832     0.00000     
56600   0.08012    0.01592    0.02552    0.00041     0.03827     0.00000     
56700   0.08010    0.01588    0.02550    0.00043     0.03830     0.00000     
56800   0.08018    0.01592    0.02551    0.00041     0.03833     0.00000     
56900   0.08013    0.01580    0.02545    0.00052     0.03836     0.00000     
57000   0.08015    0.01591    0.02550    0.00042     0.03832     0.00000     
57100   0.08010    0.01587    0.02547    0.00040     0.03835     0.00000     
57200   0.08001    0.01585    0.02544    0.00043     0.03830     0.00000     
57300   0.07999    0.01587    0.02544    0.00041     0.03827     0.00000     
57400   0.07996    0.01580    0.02537    0.00049     0.03830     0.00000     
57500   0.07995    0.01579    0.02536    0.00041     0.03839     0.00000     
57600   0.07978    0.01570    0.02531    0.00048     0.03829     0.00000     
57700   0.07960    0.01563    0.02528    0.00042     0.03826     0.00000     
57800   0.07965    0.01569    0.02529    0.00041     0.03826     0.00000     
57900   0.07965    0.01569    0.02529    0.00043     0.03824     0.00000     
58000   0.07968    0.01563    0.02527    0.00051     0.03827     0.00000     
58100   0.07956    0.01558    0.02521    0.00053     0.03823     0.00000     
58200   0.07954    0.01560    0.02522    0.00044     0.03828     0.00000     
58300   0.07935    0.01554    0.02518    0.00042     0.03821     0.00000     
58400   0.07938    0.01550    0.02516    0.00042     0.03829     0.00000     
58500   0.07927    0.01549    0.02514    0.00041     0.03823     0.00000     
58600   0.07926    0.01544    0.02513    0.00043     0.03825     0.00000     
58700   0.07939    0.01554    0.02515    0.00041     0.03829     0.00000     
58800   0.07928    0.01547    0.02514    0.00043     0.03825     0.00000     
58900   0.07911    0.01537    0.02511    0.00043     0.03819     0.00000     
59000   0.07922    0.01540    0.02513    0.00042     0.03827     0.00000     
59100   0.07908    0.01537    0.02512    0.00041     0.03817     0.00000     
59200   0.07910    0.01538    0.02514    0.00041     0.03816     0.00000     
59300   0.07919    0.01540    0.02513    0.00041     0.03824     0.00000     
59400   0.07927    0.01547    0.02514    0.00046     0.03820     0.00000     
59500   0.07927    0.01543    0.02512    0.00043     0.03829     0.00000     
59600   0.07913    0.01537    0.02510    0.00042     0.03824     0.00000     
59700   0.07908    0.01535    0.02509    0.00042     0.03822     0.00000     
59800   0.07909    0.01533    0.02508    0.00042     0.03826     0.00000     
59900   0.07908    0.01536    0.02508    0.00046     0.03818     0.00000     
60000   0.07926    0.01544    0.02511    0.00051     0.03821     0.00000     
60100   0.07922    0.01544    0.02512    0.00045     0.03821     0.00000     
60200   0.07910    0.01535    0.02507    0.00048     0.03821     0.00000     
60300   0.07910    0.01539    0.02505    0.00042     0.03824     0.00000     
60400   0.07909    0.01534    0.02504    0.00046     0.03825     0.00000     
60500   0.07891    0.01532    0.02501    0.00042     0.03816     0.00000     
60600   0.07890    0.01526    0.02498    0.00045     0.03821     0.00000     
60700   0.07891    0.01527    0.02497    0.00046     0.03821     0.00000     
60800   0.07878    0.01519    0.02495    0.00047     0.03817     0.00000     
60900   0.07873    0.01518    0.02494    0.00040     0.03821     0.00000     
61000   0.07856    0.01510    0.02492    0.00041     0.03812     0.00000     
61100   0.07870    0.01522    0.02495    0.00042     0.03811     0.00000     
61200   0.07856    0.01510    0.02490    0.00044     0.03813     0.00000     
61300   0.07844    0.01506    0.02485    0.00043     0.03809     0.00000     
61400   0.07839    0.01500    0.02483    0.00045     0.03810     0.00000     
61500   0.07838    0.01494    0.02482    0.00046     0.03816     0.00000     
61600   0.07828    0.01494    0.02480    0.00041     0.03814     0.00000     
61700   0.07831    0.01494    0.02476    0.00047     0.03814     0.00000     
61800   0.07829    0.01494    0.02477    0.00050     0.03808     0.00000     
61900   0.07818    0.01493    0.02478    0.00042     0.03805     0.00000     
62000   0.07820    0.01492    0.02474    0.00047     0.03807     0.00000     
62100   0.07814    0.01491    0.02475    0.00041     0.03807     0.00000     
62200   0.07818    0.01493    0.02476    0.00040     0.03809     0.00000     
62300   0.07823    0.01491    0.02474    0.00050     0.03809     0.00000     
62400   0.07812    0.01485    0.02474    0.00041     0.03813     0.00000     
62500   0.07820    0.01496    0.02475    0.00045     0.03803     0.00000     
62600   0.07809    0.01485    0.02472    0.00041     0.03810     0.00000     
62700   0.07806    0.01482    0.02470    0.00042     0.03812     0.00000     
62800   0.07806    0.01481    0.02470    0.00047     0.03809     0.00000     
62900   0.07802    0.01481    0.02470    0.00043     0.03808     0.00000     
63000   0.07805    0.01483    0.02470    0.00041     0.03812     0.00000     
63100   0.07793    0.01478    0.02466    0.00045     0.03804     0.00000     
63200   0.07790    0.01475    0.02464    0.00041     0.03811     0.00000     
63300   0.07769    0.01467    0.02461    0.00043     0.03799     0.00000     
63400   0.07767    0.01467    0.02461    0.00040     0.03799     0.00000     
63500   0.07778    0.01471    0.02461    0.00044     0.03802     0.00000     
63600   0.07772    0.01470    0.02459    0.00041     0.03801     0.00000     
63700   0.07766    0.01466    0.02457    0.00041     0.03801     0.00000     
63800   0.07767    0.01467    0.02458    0.00040     0.03802     0.00000     
63900   0.07767    0.01468    0.02457    0.00042     0.03800     0.00000     
64000   0.07765    0.01467    0.02459    0.00041     0.03798     0.00000     
64100   0.07763    0.01464    0.02459    0.00041     0.03799     0.00000     
64200   0.07759    0.01462    0.02457    0.00045     0.03795     0.00000     
64300   0.07751    0.01459    0.02455    0.00042     0.03795     0.00000     
64400   0.07766    0.01467    0.02458    0.00044     0.03797     0.00000     
64500   0.07765    0.01464    0.02456    0.00051     0.03795     0.00000     
64600   0.07751    0.01460    0.02452    0.00041     0.03797     0.00000     
64700   0.07748    0.01457    0.02452    0.00041     0.03798     0.00000     
64800   0.07742    0.01454    0.02449    0.00042     0.03797     0.00000     
64900   0.07740    0.01450    0.02447    0.00041     0.03802     0.00000     
65000   0.07748    0.01458    0.02450    0.00041     0.03799     0.00000     
65100   0.07740    0.01451    0.02449    0.00044     0.03796     0.00000     
65200   0.07746    0.01456    0.02450    0.00041     0.03799     0.00000     
65300   0.07747    0.01455    0.02447    0.00042     0.03803     0.00000     
65400   0.07745    0.01456    0.02445    0.00043     0.03801     0.00000     
65500   0.07740    0.01454    0.02444    0.00045     0.03797     0.00000     
65600   0.07738    0.01452    0.02445    0.00045     0.03795     0.00000     
65700   0.07736    0.01451    0.02445    0.00042     0.03798     0.00000     
65800   0.07730    0.01447    0.02442    0.00046     0.03795     0.00000     
65900   0.07729    0.01445    0.02440    0.00045     0.03799     0.00000     
66000   0.07729    0.01445    0.02441    0.00044     0.03799     0.00000     
66100   0.07715    0.01440    0.02438    0.00040     0.03796     0.00000     
66200   0.07706    0.01437    0.02435    0.00043     0.03791     0.00000     
66300   0.07708    0.01438    0.02435    0.00042     0.03794     0.00000     
66400   0.07715    0.01438    0.02435    0.00044     0.03798     0.00000     
66500   0.07706    0.01437    0.02435    0.00041     0.03794     0.00000     
66600   0.07707    0.01438    0.02434    0.00042     0.03793     0.00000     
66700   0.07704    0.01441    0.02435    0.00040     0.03788     0.00000     
66800   0.07691    0.01431    0.02430    0.00042     0.03789     0.00000     
66900   0.07686    0.01428    0.02429    0.00042     0.03787     0.00000     
67000   0.07679    0.01425    0.02428    0.00041     0.03786     0.00000     
67100   0.07680    0.01423    0.02424    0.00048     0.03784     0.00000     
67200   0.07684    0.01422    0.02423    0.00047     0.03791     0.00000     
67300   0.07663    0.01418    0.02419    0.00040     0.03786     0.00000     
67400   0.07674    0.01421    0.02421    0.00043     0.03788     0.00000     
67500   0.07670    0.01418    0.02421    0.00044     0.03787     0.00000     
67600   0.07663    0.01413    0.02418    0.00044     0.03788     0.00000     
67700   0.07660    0.01410    0.02418    0.00041     0.03792     0.00000     
67800   0.07660    0.01409    0.02416    0.00042     0.03794     0.00000     
67900   0.07652    0.01406    0.02414    0.00042     0.03790     0.00000     
68000   0.07651    0.01408    0.02414    0.00040     0.03789     0.00000     
68100   0.07644    0.01403    0.02413    0.00042     0.03786     0.00000     
68200   0.07644    0.01405    0.02414    0.00043     0.03782     0.00000     
68300   0.07641    0.01403    0.02411    0.00041     0.03786     0.00000     
68400   0.07649    0.01398    0.02410    0.00052     0.03789     0.00000     
68500   0.07649    0.01400    0.02410    0.00050     0.03789     0.00000     
68600   0.07653    0.01409    0.02412    0.00041     0.03792     0.00000     
68700   0.07644    0.01404    0.02411    0.00040     0.03790     0.00000     
68800   0.07649    0.01403    0.02411    0.00046     0.03789     0.00000     
68900   0.07645    0.01399    0.02408    0.00041     0.03797     0.00000     
69000   0.07643    0.01401    0.02409    0.00043     0.03790     0.00000     
69100   0.07644    0.01400    0.02407    0.00044     0.03794     0.00000     
69200   0.07637    0.01402    0.02408    0.00041     0.03786     0.00000     
69300   0.07639    0.01398    0.02406    0.00042     0.03794     0.00000     
69400   0.07633    0.01400    0.02406    0.00040     0.03787     0.00000     
69500   0.07621    0.01393    0.02402    0.00041     0.03786     0.00000     
69600   0.07620    0.01393    0.02403    0.00040     0.03785     0.00000     
69700   0.07615    0.01387    0.02398    0.00041     0.03789     0.00000     
69800   0.07619    0.01388    0.02399    0.00041     0.03791     0.00000     
69900   0.07613    0.01387    0.02398    0.00040     0.03788     0.00000     
70000   0.07603    0.01383    0.02395    0.00041     0.03784     0.00000     
70100   0.07599    0.01381    0.02393    0.00041     0.03783     0.00000     
70200   0.07608    0.01383    0.02395    0.00044     0.03787     0.00000     
70300   0.07603    0.01383    0.02395    0.00041     0.03783     0.00000     
70400   0.07601    0.01382    0.02393    0.00043     0.03783     0.00000     
70500   0.07607    0.01388    0.02395    0.00043     0.03780     0.00000     
70600   0.07600    0.01385    0.02393    0.00041     0.03781     0.00000     
70700   0.07600    0.01382    0.02391    0.00044     0.03783     0.00000     
70800   0.07603    0.01385    0.02392    0.00042     0.03783     0.00000     
70900   0.07597    0.01381    0.02392    0.00042     0.03782     0.00000     
71000   0.07603    0.01386    0.02393    0.00041     0.03783     0.00000     
71100   0.07597    0.01379    0.02389    0.00041     0.03787     0.00000     
71200   0.07600    0.01376    0.02388    0.00048     0.03787     0.00000     
71300   0.07589    0.01377    0.02389    0.00043     0.03780     0.00000     
71400   0.07591    0.01378    0.02390    0.00042     0.03782     0.00000     
71500   0.07593    0.01379    0.02391    0.00041     0.03782     0.00000     
71600   0.07586    0.01377    0.02387    0.00042     0.03780     0.00000     
71700   0.07584    0.01372    0.02387    0.00041     0.03783     0.00000     
71800   0.07571    0.01369    0.02386    0.00040     0.03776     0.00000     
71900   0.07578    0.01369    0.02385    0.00047     0.03779     0.00000     
72000   0.07567    0.01368    0.02385    0.00040     0.03774     0.00000     
72100   0.07574    0.01369    0.02384    0.00041     0.03780     0.00000     
72200   0.07570    0.01364    0.02384    0.00048     0.03774     0.00000     
72300   0.07569    0.01365    0.02383    0.00043     0.03778     0.00000     
72400   0.07562    0.01361    0.02381    0.00042     0.03778     0.00000     
72500   0.07561    0.01362    0.02381    0.00043     0.03774     0.00000     
72600   0.07558    0.01355    0.02379    0.00045     0.03779     0.00000     
72700   0.07558    0.01357    0.02380    0.00043     0.03778     0.00000     
72800   0.07545    0.01353    0.02378    0.00041     0.03773     0.00000     
72900   0.07547    0.01350    0.02377    0.00043     0.03777     0.00000     
73000   0.07546    0.01355    0.02378    0.00044     0.03769     0.00000     
73100   0.07545    0.01355    0.02378    0.00042     0.03771     0.00000     
73200   0.07544    0.01354    0.02378    0.00043     0.03769     0.00000     
73300   0.07544    0.01352    0.02376    0.00043     0.03774     0.00000     
73400   0.07539    0.01349    0.02376    0.00041     0.03772     0.00000     
73500   0.07534    0.01349    0.02376    0.00040     0.03770     0.00000     
73600   0.07529    0.01343    0.02372    0.00042     0.03772     0.00000     
73700   0.07529    0.01343    0.02372    0.00041     0.03773     0.00000     
73800   0.07522    0.01339    0.02370    0.00044     0.03770     0.00000     
73900   0.07522    0.01339    0.02369    0.00042     0.03772     0.00000     
74000   0.07523    0.01340    0.02369    0.00043     0.03771     0.00000     
74100   0.07521    0.01339    0.02369    0.00041     0.03773     0.00000     
74200   0.07523    0.01342    0.02367    0.00042     0.03773     0.00000     
74300   0.07519    0.01341    0.02368    0.00040     0.03771     0.00000     
74400   0.07521    0.01341    0.02367    0.00043     0.03770     0.00000     
74500   0.07518    0.01341    0.02366    0.00041     0.03770     0.00000     
74600   0.07523    0.01340    0.02365    0.00041     0.03778     0.00000     
74700   0.07510    0.01331    0.02363    0.00041     0.03775     0.00000     
74800   0.07510    0.01333    0.02362    0.00043     0.03772     0.00000     
74900   0.07515    0.01335    0.02362    0.00043     0.03775     0.00000     
75000   0.07513    0.01337    0.02363    0.00040     0.03773     0.00000     
75100   0.07508    0.01333    0.02361    0.00043     0.03770     0.00000     
75200   0.07505    0.01334    0.02360    0.00041     0.03771     0.00000     
75300   0.07505    0.01336    0.02360    0.00040     0.03770     0.00000     
75400   0.07508    0.01338    0.02360    0.00040     0.03770     0.00000     
75500   0.07497    0.01331    0.02357    0.00044     0.03764     0.00000     
75600   0.07498    0.01334    0.02356    0.00044     0.03764     0.00000     
75700   0.07497    0.01329    0.02354    0.00041     0.03772     0.00000     
75800   0.07495    0.01327    0.02353    0.00043     0.03772     0.00000     
75900   0.07492    0.01327    0.02353    0.00041     0.03771     0.00000     
76000   0.07493    0.01323    0.02350    0.00046     0.03773     0.00000     
76100   0.07485    0.01325    0.02351    0.00043     0.03767     0.00000     
76200   0.07477    0.01319    0.02349    0.00041     0.03769     0.00000     
76300   0.07479    0.01316    0.02348    0.00044     0.03771     0.00000     
76400   0.07474    0.01316    0.02348    0.00041     0.03769     0.00000     
76500   0.07471    0.01315    0.02347    0.00043     0.03766     0.00000     
76600   0.07465    0.01309    0.02345    0.00043     0.03768     0.00000     
76700   0.07465    0.01312    0.02346    0.00043     0.03764     0.00000     
76800   0.07455    0.01306    0.02344    0.00041     0.03764     0.00000     
76900   0.07457    0.01308    0.02343    0.00041     0.03765     0.00000     
77000   0.07453    0.01304    0.02341    0.00043     0.03765     0.00000     
77100   0.07454    0.01303    0.02340    0.00042     0.03769     0.00000     
77200   0.07453    0.01306    0.02341    0.00043     0.03764     0.00000     
77300   0.07447    0.01300    0.02338    0.00043     0.03765     0.00000     
77400   0.07445    0.01301    0.02338    0.00041     0.03765     0.00000     
77500   0.07446    0.01301    0.02338    0.00043     0.03764     0.00000     
77600   0.07444    0.01302    0.02336    0.00042     0.03764     0.00000     
77700   0.07447    0.01302    0.02336    0.00042     0.03766     0.00000     
77800   0.07445    0.01303    0.02335    0.00042     0.03765     0.00000     
77900   0.07445    0.01302    0.02335    0.00042     0.03767     0.00000     
78000   0.07438    0.01300    0.02334    0.00041     0.03765     0.00000     
78100   0.07431    0.01299    0.02332    0.00041     0.03759     0.00000     
78200   0.07433    0.01296    0.02330    0.00042     0.03764     0.00000     
78300   0.07434    0.01297    0.02331    0.00041     0.03765     0.00000     
78400   0.07431    0.01297    0.02331    0.00041     0.03762     0.00000     
78500   0.07425    0.01292    0.02330    0.00040     0.03763     0.00000     
78600   0.07419    0.01292    0.02328    0.00042     0.03758     0.00000     
78700   0.07423    0.01295    0.02328    0.00041     0.03759     0.00000     
78800   0.07419    0.01291    0.02327    0.00042     0.03759     0.00000     
78900   0.07416    0.01290    0.02326    0.00041     0.03759     0.00000     
79000   0.07410    0.01285    0.02325    0.00040     0.03760     0.00000     
79100   0.07409    0.01283    0.02325    0.00044     0.03757     0.00000     
79200   0.07405    0.01283    0.02324    0.00041     0.03757     0.00000     
79300   0.07405    0.01280    0.02323    0.00045     0.03757     0.00000     
79400   0.07402    0.01281    0.02322    0.00042     0.03758     0.00000     
79500   0.07398    0.01279    0.02322    0.00041     0.03755     0.00000     
79600   0.07399    0.01278    0.02321    0.00043     0.03758     0.00000     
79700   0.07392    0.01277    0.02320    0.00041     0.03754     0.00000     
79800   0.07392    0.01274    0.02319    0.00042     0.03756     0.00000     
79900   0.07387    0.01273    0.02318    0.00042     0.03754     0.00000     
80000   0.07387    0.01270    0.02318    0.00041     0.03758     0.00000     
80100   0.07387    0.01269    0.02317    0.00043     0.03758     0.00000     
80200   0.07385    0.01271    0.02317    0.00041     0.03756     0.00000     
80300   0.07380    0.01267    0.02316    0.00041     0.03756     0.00000     
80400   0.07385    0.01269    0.02317    0.00040     0.03759     0.00000     
80500   0.07386    0.01267    0.02317    0.00042     0.03759     0.00000     
80600   0.07380    0.01268    0.02317    0.00041     0.03753     0.00000     
80700   0.07384    0.01273    0.02318    0.00040     0.03754     0.00000     
80800   0.07382    0.01268    0.02316    0.00041     0.03757     0.00000     
80900   0.07373    0.01266    0.02314    0.00041     0.03752     0.00000     
81000   0.07374    0.01267    0.02315    0.00040     0.03752     0.00000     
81100   0.07371    0.01265    0.02312    0.00041     0.03752     0.00000     
81200   0.07376    0.01265    0.02312    0.00047     0.03752     0.00000     
81300   0.07366    0.01263    0.02310    0.00042     0.03751     0.00000     
81400   0.07367    0.01264    0.02310    0.00044     0.03750     0.00000     
81500   0.07365    0.01260    0.02309    0.00042     0.03754     0.00000     
81600   0.07365    0.01262    0.02310    0.00040     0.03753     0.00000     
81700   0.07364    0.01261    0.02309    0.00040     0.03753     0.00000     
81800   0.07360    0.01259    0.02308    0.00041     0.03753     0.00000     
81900   0.07355    0.01258    0.02308    0.00040     0.03749     0.00000     
82000   0.07357    0.01260    0.02307    0.00040     0.03750     0.00000     
82100   0.07360    0.01258    0.02307    0.00043     0.03751     0.00000     
82200   0.07353    0.01256    0.02305    0.00041     0.03750     0.00000     
82300   0.07347    0.01254    0.02305    0.00040     0.03749     0.00000     
82400   0.07346    0.01250    0.02304    0.00041     0.03751     0.00000     
82500   0.07345    0.01250    0.02303    0.00041     0.03751     0.00000     
82600   0.07345    0.01249    0.02303    0.00041     0.03753     0.00000     
82700   0.07341    0.01249    0.02303    0.00040     0.03749     0.00000     
82800   0.07340    0.01247    0.02301    0.00043     0.03750     0.00000     
82900   0.07339    0.01249    0.02302    0.00041     0.03748     0.00000     
83000   0.07343    0.01251    0.02302    0.00041     0.03749     0.00000     
83100   0.07339    0.01247    0.02299    0.00041     0.03753     0.00000     
83200   0.07337    0.01246    0.02298    0.00041     0.03752     0.00000     
83300   0.07332    0.01245    0.02297    0.00042     0.03748     0.00000     
83400   0.07328    0.01243    0.02295    0.00042     0.03748     0.00000     
83500   0.07326    0.01243    0.02296    0.00041     0.03746     0.00000     
83600   0.07319    0.01239    0.02294    0.00040     0.03746     0.00000     
83700   0.07323    0.01236    0.02293    0.00040     0.03753     0.00000     
83800   0.07321    0.01239    0.02294    0.00042     0.03746     0.00000     
83900   0.07324    0.01239    0.02294    0.00044     0.03748     0.00000     
84000   0.07319    0.01239    0.02293    0.00041     0.03747     0.00000     
84100   0.07318    0.01236    0.02292    0.00044     0.03746     0.00000     
84200   0.07319    0.01238    0.02292    0.00042     0.03747     0.00000     
84300   0.07318    0.01239    0.02291    0.00040     0.03748     0.00000     
84400   0.07317    0.01240    0.02291    0.00042     0.03744     0.00000     
84500   0.07319    0.01238    0.02290    0.00043     0.03748     0.00000     
84600   0.07313    0.01235    0.02288    0.00042     0.03748     0.00000     
84700   0.07314    0.01236    0.02288    0.00042     0.03748     0.00000     
84800   0.07311    0.01235    0.02288    0.00041     0.03747     0.00000     
84900   0.07309    0.01234    0.02288    0.00040     0.03747     0.00000     
85000   0.07303    0.01231    0.02286    0.00041     0.03745     0.00000     
85100   0.07302    0.01227    0.02285    0.00043     0.03746     0.00000     
85200   0.07301    0.01229    0.02285    0.00040     0.03747     0.00000     
85300   0.07299    0.01229    0.02284    0.00040     0.03745     0.00000     
85400   0.07301    0.01228    0.02284    0.00041     0.03748     0.00000     
85500   0.07294    0.01225    0.02284    0.00040     0.03744     0.00000     
85600   0.07296    0.01225    0.02283    0.00041     0.03747     0.00000     
85700   0.07288    0.01222    0.02282    0.00040     0.03743     0.00000     
85800   0.07287    0.01220    0.02281    0.00041     0.03745     0.00000     
85900   0.07282    0.01217    0.02279    0.00041     0.03745     0.00000     
86000   0.07279    0.01216    0.02278    0.00040     0.03745     0.00000     
86100   0.07276    0.01215    0.02278    0.00040     0.03743     0.00000     
86200   0.07274    0.01214    0.02278    0.00040     0.03742     0.00000     
86300   0.07273    0.01213    0.02278    0.00041     0.03741     0.00000     
86400   0.07271    0.01213    0.02277    0.00041     0.03740     0.00000     
86500   0.07273    0.01216    0.02277    0.00041     0.03739     0.00000     
86600   0.07272    0.01212    0.02276    0.00042     0.03741     0.00000     
86700   0.07275    0.01213    0.02276    0.00046     0.03741     0.00000     
86800   0.07271    0.01213    0.02275    0.00041     0.03743     0.00000     
86900   0.07268    0.01211    0.02274    0.00041     0.03741     0.00000     
87000   0.07263    0.01207    0.02273    0.00040     0.03743     0.00000     
87100   0.07257    0.01205    0.02272    0.00041     0.03739     0.00000     
87200   0.07259    0.01208    0.02272    0.00040     0.03739     0.00000     
87300   0.07263    0.01211    0.02272    0.00041     0.03738     0.00000     
87400   0.07257    0.01209    0.02271    0.00041     0.03737     0.00000     
87500   0.07255    0.01207    0.02271    0.00041     0.03737     0.00000     
87600   0.07256    0.01208    0.02269    0.00040     0.03739     0.00000     
87700   0.07249    0.01204    0.02268    0.00040     0.03737     0.00000     
87800   0.07243    0.01201    0.02267    0.00041     0.03734     0.00000     
87900   0.07244    0.01202    0.02266    0.00040     0.03736     0.00000     
88000   0.07242    0.01200    0.02265    0.00041     0.03736     0.00000     
88100   0.07240    0.01198    0.02264    0.00042     0.03736     0.00000     
88200   0.07236    0.01195    0.02263    0.00040     0.03737     0.00000     
88300   0.07234    0.01193    0.02262    0.00043     0.03735     0.00000     
88400   0.07230    0.01193    0.02261    0.00041     0.03735     0.00000     
88500   0.07227    0.01191    0.02261    0.00041     0.03734     0.00000     
88600   0.07231    0.01192    0.02260    0.00044     0.03734     0.00000     
88700   0.07224    0.01188    0.02257    0.00041     0.03737     0.00000     
88800   0.07219    0.01186    0.02257    0.00040     0.03736     0.00000     
88900   0.07221    0.01186    0.02256    0.00043     0.03737     0.00000     
89000   0.07216    0.01182    0.02254    0.00040     0.03738     0.00000     
89100   0.07212    0.01180    0.02253    0.00041     0.03737     0.00000     
89200   0.07211    0.01179    0.02253    0.00041     0.03739     0.00000     
89300   0.07209    0.01178    0.02252    0.00040     0.03738     0.00000     
89400   0.07208    0.01178    0.02251    0.00040     0.03738     0.00000     
89500   0.07209    0.01179    0.02251    0.00041     0.03738     0.00000     
89600   0.07209    0.01177    0.02251    0.00041     0.03740     0.00000     
89700   0.07205    0.01176    0.02249    0.00041     0.03739     0.00000     
89800   0.07197    0.01171    0.02247    0.00041     0.03739     0.00000     
89900   0.07199    0.01174    0.02246    0.00040     0.03739     0.00000     
90000   0.07198    0.01171    0.02245    0.00041     0.03742     0.00000     
90100   0.07195    0.01171    0.02244    0.00042     0.03739     0.00000     
90200   0.07196    0.01172    0.02244    0.00040     0.03740     0.00000     
90300   0.07194    0.01172    0.02244    0.00040     0.03738     0.00000     
90400   0.07190    0.01169    0.02242    0.00040     0.03738     0.00000     
90500   0.07190    0.01167    0.02242    0.00041     0.03739     0.00000     
90600   0.07189    0.01169    0.02242    0.00041     0.03737     0.00000     
90700   0.07190    0.01171    0.02242    0.00042     0.03734     0.00000     
90800   0.07189    0.01171    0.02242    0.00040     0.03736     0.00000     
90900   0.07192    0.01174    0.02242    0.00040     0.03736     0.00000     
91000   0.07190    0.01171    0.02241    0.00043     0.03735     0.00000     
91100   0.07190    0.01172    0.02240    0.00041     0.03736     0.00000     
91200   0.07186    0.01171    0.02240    0.00042     0.03734     0.00000     
91300   0.07181    0.01168    0.02239    0.00041     0.03732     0.00000     
91400   0.07181    0.01167    0.02238    0.00042     0.03734     0.00000     
91500   0.07180    0.01168    0.02238    0.00041     0.03733     0.00000     
91600   0.07176    0.01164    0.02237    0.00040     0.03734     0.00000     
91700   0.07178    0.01166    0.02236    0.00042     0.03733     0.00000     
91800   0.07173    0.01162    0.02235    0.00041     0.03735     0.00000     
91900   0.07172    0.01163    0.02234    0.00040     0.03734     0.00000     
92000   0.07170    0.01163    0.02234    0.00041     0.03733     0.00000     
92100   0.07169    0.01161    0.02233    0.00040     0.03735     0.00000     
92200   0.07165    0.01159    0.02231    0.00040     0.03735     0.00000     
92300   0.07162    0.01157    0.02231    0.00041     0.03732     0.00000     
92400   0.07159    0.01155    0.02231    0.00040     0.03732     0.00000     
92500   0.07157    0.01155    0.02230    0.00040     0.03732     0.00000     
92600   0.07154    0.01152    0.02229    0.00040     0.03733     0.00000     
92700   0.07154    0.01151    0.02228    0.00041     0.03733     0.00000     
92800   0.07155    0.01150    0.02228    0.00043     0.03735     0.00000     
92900   0.07154    0.01153    0.02228    0.00041     0.03733     0.00000     
93000   0.07154    0.01155    0.02227    0.00041     0.03732     0.00000     
93100   0.07150    0.01152    0.02226    0.00040     0.03733     0.00000     
93200   0.07147    0.01149    0.02225    0.00041     0.03732     0.00000     
93300   0.07146    0.01151    0.02225    0.00041     0.03730     0.00000     
93400   0.07145    0.01149    0.02223    0.00041     0.03732     0.00000     
93500   0.07142    0.01148    0.02223    0.00040     0.03731     0.00000     
93600   0.07142    0.01146    0.02222    0.00042     0.03732     0.00000     
93700   0.07138    0.01145    0.02221    0.00041     0.03731     0.00000     
93800   0.07137    0.01146    0.02220    0.00040     0.03730     0.00000     
93900   0.07135    0.01146    0.02219    0.00041     0.03729     0.00000     
94000   0.07132    0.01144    0.02217    0.00042     0.03728     0.00000     
94100   0.07130    0.01144    0.02218    0.00042     0.03727     0.00000     
94200   0.07129    0.01142    0.02217    0.00042     0.03727     0.00000     
94300   0.07128    0.01143    0.02217    0.00040     0.03728     0.00000     
94400   0.07127    0.01143    0.02215    0.00041     0.03727     0.00000     
94500   0.07125    0.01142    0.02215    0.00040     0.03728     0.00000     
94600   0.07120    0.01139    0.02213    0.00041     0.03727     0.00000     
94700   0.07119    0.01136    0.02211    0.00041     0.03731     0.00000     
94800   0.07117    0.01137    0.02211    0.00040     0.03728     0.00000     
94900   0.07114    0.01137    0.02210    0.00040     0.03727     0.00000     
95000   0.07110    0.01133    0.02208    0.00041     0.03728     0.00000     
95100   0.07107    0.01131    0.02207    0.00040     0.03729     0.00000     
95200   0.07106    0.01130    0.02206    0.00040     0.03730     0.00000     
95300   0.07105    0.01128    0.02204    0.00042     0.03730     0.00000     
95400   0.07099    0.01124    0.02202    0.00042     0.03731     0.00000     
95500   0.07094    0.01123    0.02201    0.00041     0.03730     0.00000     
95600   0.07093    0.01123    0.02199    0.00040     0.03730     0.00000     
95700   0.07087    0.01121    0.02198    0.00041     0.03728     0.00000     
95800   0.07086    0.01119    0.02197    0.00041     0.03730     0.00000     
95900   0.07083    0.01117    0.02195    0.00041     0.03730     0.00000     
96000   0.07081    0.01116    0.02194    0.00042     0.03728     0.00000     
96100   0.07078    0.01116    0.02194    0.00041     0.03728     0.00000     
96200   0.07076    0.01115    0.02193    0.00040     0.03729     0.00000     
96300   0.07073    0.01113    0.02192    0.00041     0.03727     0.00000     
96400   0.07074    0.01114    0.02191    0.00042     0.03727     0.00000     
96500   0.07072    0.01115    0.02190    0.00040     0.03727     0.00000     
96600   0.07072    0.01115    0.02190    0.00042     0.03726     0.00000     
96700   0.07070    0.01114    0.02188    0.00042     0.03726     0.00000     
96800   0.07069    0.01113    0.02187    0.00042     0.03726     0.00000     
96900   0.07064    0.01111    0.02186    0.00041     0.03726     0.00000     
97000   0.07063    0.01112    0.02185    0.00040     0.03726     0.00000     
97100   0.07057    0.01108    0.02184    0.00041     0.03725     0.00000     
97200   0.07057    0.01107    0.02183    0.00042     0.03725     0.00000     
97300   0.07057    0.01108    0.02182    0.00040     0.03725     0.00000     
97400   0.07055    0.01106    0.02181    0.00042     0.03725     0.00000     
97500   0.07054    0.01107    0.02181    0.00041     0.03726     0.00000     
97600   0.07051    0.01106    0.02180    0.00041     0.03724     0.00000     
97700   0.07050    0.01106    0.02179    0.00041     0.03724     0.00000     
97800   0.07048    0.01104    0.02178    0.00041     0.03726     0.00000     
97900   0.07048    0.01105    0.02178    0.00041     0.03725     0.00000     
98000   0.07045    0.01103    0.02176    0.00041     0.03725     0.00000     
98100   0.07043    0.01101    0.02176    0.00040     0.03726     0.00000     
98200   0.07039    0.01100    0.02174    0.00042     0.03724     0.00000     
98300   0.07036    0.01098    0.02174    0.00040     0.03723     0.00000     
98400   0.07034    0.01097    0.02173    0.00041     0.03723     0.00000     
98500   0.07032    0.01097    0.02172    0.00041     0.03722     0.00000     
98600   0.07031    0.01097    0.02172    0.00040     0.03721     0.00000     
98700   0.07028    0.01095    0.02171    0.00042     0.03721     0.00000     
98800   0.07024    0.01092    0.02170    0.00040     0.03722     0.00000     
98900   0.07021    0.01090    0.02169    0.00040     0.03722     0.00000     
99000   0.07021    0.01091    0.02168    0.00040     0.03721     0.00000     
99100   0.07021    0.01092    0.02167    0.00040     0.03721     0.00000     
99200   0.07017    0.01091    0.02166    0.00040     0.03720     0.00000     
99300   0.07016    0.01089    0.02165    0.00042     0.03719     0.00000     
99400   0.07015    0.01089    0.02165    0.00041     0.03720     0.00000     
99500   0.07012    0.01088    0.02165    0.00040     0.03720     0.00000     
99600   0.07010    0.01086    0.02164    0.00041     0.03720     0.00000     
99700   0.07009    0.01084    0.02163    0.00040     0.03721     0.00000     
99800   0.07008    0.01085    0.02162    0.00040     0.03721     0.00000     
99900   0.07007    0.01085    0.02162    0.00041     0.03719     0.00000     
100000  0.07005    0.01085    0.02162    0.00041     0.03718     0.00000     
