0.235014 0
0.231406 0
0.237045 0
0.231907 0
0.236456 0
0.231754 0
0.235789 0
0.231571 0
0.238414 0
0.232277 0
0.236413 0
0.23174 0
0.236665 0
0.2318 0
0.237643 0
0.232087 0
0.236276 0
0.231703 0
0.237706 0
0.232075 0
0.236827 0
0.231854 0
0.236489 0
0.231737 0
0.237933 0
0.232115 0
0.235403 0
0.231478 0
0.23666 0
0.231818 0
0.236173 0
0.236462 0
0.235959 0
0.23604 0
0.236057 0
0.298257 0
0.384436 0
0.368879 0
0.350002 0
0.342861 0
0.330244 0
0.368287 0
0.336048 0
0.34585 0
0.363106 0
0.347099 0
0.352407 0
0.341566 0
0.365056 0
0.361068 0
0.389362 0
0.362935 0
0.34606 0
0.359938 0
0.362697 0
0.357843 0
0.37318 0
0.362791 0
0.367526 0
0.342072 0
0.352761 0
0.342749 0
0.340415 0
0.343269 0
0.327086 0
0.35135 0
0.364474 0
0.347659 0
0.345034 0
0.364303 0
0.36503 0
0.357019 0
0.380899 0
0.374324 0
0.392553 0
0.336254 0
0.367223 0
0.364159 0
0.375101 0
0.381476 0
0.392335 0
0.380506 0
0.399207 0
0.383283 0
0.413955 0
0.405005 0
0.395418 0
0.385427 0
0.408131 0
0.38493 0
0.34506 0
0.355119 0
0.400759 0
0.359115 0
0.387505 0
0.40395 0
0.403592 0
0.376301 0
0.404362 0
0.354874 0
0.428277 0
0.392932 0
0.361066 0
0.378099 0
0.364952 0
0.387665 0
0.365618 0
0.391174 0
0.385016 0
0.411948 0
0.400485 0
0.329266 0
0.348137 0
0.397253 0
0.373552 0
0.399433 0
0.385154 0
0.372081 0
0.372117 0
0.383162 0
0.366362 0
0.402375 0
0.426712 0
0.42497 0
0.451167 0
0.432123 0
0.435054 0
0.401202 0
0.451175 0
0.460462 0
0.455985 0
0.399376 0
0.462972 0
0.405864 0
0.408232 0
0.360608 0
0.388105 0
0.4142 0
0.435632 0
0.437256 0
0.432578 0
0.466027 0
0.399739 0
0.4496 0
0.466632 0
0.431359 0
0.409742 0
0.397377 0
0.444226 0
0.401016 0
0.443338 0
0.429906 0
0.417209 0
0.415905 0
0.388256 0
0.39777 0
0.437635 0
0.385352 0
0.425264 0
0.394533 0
0.425745 0
0.492832 0
0.423465 0
0.495751 0
0.493236 0
0.470961 0
0.457971 0
0.459355 0
0.482719 0
0.456024 0
0.484101 0
0.509441 0
0.485403 0
0.463904 0
0.454231 0
0.484655 0
0.52642 0
0.448035 0
0.463331 0
0.493555 0
0.435632 0
0.434061 0
0.488542 0
0.525808 0
0.491797 0
0.489998 0
0.485595 0
0.496773 0
0.483867 0
0.486646 0
0.510514 0
0.498652 0
0.441385 0
0.55297 0
0.463063 0
0.427519 0
0.513999 0
0.460555 0
0.51135 0
0.578103 0
0.515173 0
0.473549 0
0.444351 0
0.498033 0
0.530067 0
0.467376 0
0.525128 0
0.434899 0
0.517205 0
0.553333 0
0.479218 0
0.515956 0
0.445584 0
0.506294 0
0.505386 0
0.490909 0
0.479787 0
0.441106 0
0.529524 0
0.479353 0
0.358044 0
0.361037 0
0.331029 0
0.326349 0
0.337445 0
0.371103 0
0.380105 0
0.35125 0
0.384896 0
0.350496 0
0.369951 0
0.372283 0
0.388458 0
0.358516 0
0.371792 0
0.356554 0
0.363786 0
0.379403 0
0.364303 0
0.362065 0
0.367202 0
0.378046 0
0.343181 0
0.342307 0
0.377851 0
0.34175 0
0.351439 0
0.393765 0
0.370118 0
0.380283 0
0.231406 0
0.231907 0
0.231754 0
0.231571 0
0.232277 0
0.23174 0
0.2318 0
0.232087 0
0.231703 0
0.232075 0
0.231854 0
0.231737 0
0.232115 0
0.231478 0
0.231818 0
0.455375 0
0.537767 0
0.539398 0
0.564152 0
0.510196 0
0.58541 0
0.529024 0
0.522925 0
0.542296 0
0.530788 0
0.567223 0
0.557714 0
0.557678 0
0.432294 0
0.471477 0
0.59774 0
0.596749 0
0.54612 0
0.531137 0
0.556967 0
0.500575 0
0.565499 0
0.495332 0
0.496202 0
0.508086 0
0.493751 0
0.56282 0
0.462873 0
0.472762 0
0.536656 0
0.476597 0
0.494897 0
0.623489 0
0.587566 0
0.555467 0
0.5173 0
0.51006 0
0.535097 0
0.564205 0
0.520142 0
0.615142 0
0.592865 0
0.703787 0
0.550337 0
0.54001 0
0.555774 0
0.540507 0
0.569796 0
0.489258 0
0.525423 0
0.617741 0
0.467796 0
0.582987 0
0.598487 0
0.492006 0
0.497893 0
0.442338 0
0.525438 0
0.514379 0
0.54794 0
0.236625 0
0.231821 0
0.236368 0
0.231733 0
0.237041 0
0.231884 0
0.236441 0
0.231734 0
0.235998 0
0.231679 0
0.237223 0
0.231965 0
0.236288 0
0.231717 0
0.235746 0
0.231574 0
0.236645 0
0.231791 0
0.238051 0
0.232182 0
0.237303 0
0.231995 0
0.236597 0
0.231754 0
0.234875 0
0.231345 0
0.236946 0
0.231844 0
0.236404 0
0.23172 0
0.237095 0
0.236102 0
0.237718 0
0.236838 0
0.235876 0
0.343611 0
0.35151 0
0.375289 0
0.334652 0
0.366823 0
0.350741 0
0.384921 0
0.354589 0
0.361529 0
0.33579 0
0.315777 0
0.334278 0
0.372237 0
0.345277 0
0.341327 0
0.341006 0
0.353095 0
0.354937 0
0.343711 0
0.35742 0
0.33985 0
0.358484 0
0.363151 0
0.358777 0
0.330673 0
0.341747 0
0.350876 0
0.368009 0
0.338783 0
0.345462 0
0.331244 0
0.347783 0
0.339722 0
0.323648 0
0.364148 0
0.376668 0
0.354915 0
0.350974 0
0.352222 0
0.354917 0
0.357164 0
0.380396 0
0.35784 0
0.347342 0
0.403437 0
0.354417 0
0.375396 0
0.399157 0
0.374615 0
0.361602 0
0.398882 0
0.391991 0
0.388408 0
0.37401 0
0.399593 0
0.411807 0
0.418526 0
0.396342 0
0.361726 0
0.374391 0
0.447917 0
0.391285 0
0.362252 0
0.366164 0
0.428689 0
0.376 0
0.361552 0
0.370641 0
0.425946 0
0.370817 0
0.419219 0
0.409033 0
0.416005 0
0.397473 0
0.376644 0
0.431661 0
0.383761 0
0.367184 0
0.404424 0
0.365209 0
0.34755 0
0.426066 0
0.386477 0
0.435548 0
0.408502 0
0.373711 0
0.388587 0
0.393826 0
0.42224 0
0.410824 0
0.422524 0
0.463988 0
0.427362 0
0.43053 0
0.430631 0
0.448432 0
0.457108 0
0.402433 0
0.407668 0
0.432718 0
0.399131 0
0.388787 0
0.416715 0
0.397423 0
0.41272 0
0.44358 0
0.429824 0
0.40714 0
0.409429 0
0.431049 0
0.437364 0
0.420299 0
0.392508 0
0.412264 0
0.396325 0
0.456302 0
0.450018 0
0.435772 0
0.395613 0
0.45645 0
0.436017 0
0.366565 0
0.423549 0
0.399819 0
0.39794 0
0.421794 0
0.479712 0
0.524005 0
0.484716 0
0.508759 0
0.505931 0
0.410911 0
0.429999 0
0.430427 0
0.523033 0
0.475205 0
0.424307 0
0.481298 0
0.505395 0
0.510877 0
0.4293 0
0.499126 0
0.493981 0
0.49505 0
0.462551 0
0.522617 0
0.501963 0
0.449962 0
0.482355 0
0.491297 0
0.481502 0
0.48925 0
0.48703 0
0.486655 0
0.483105 0
0.45631 0
0.534689 0
0.47207 0
0.497375 0
0.50393 0
0.542217 0
0.44976 0
0.464006 0
0.45298 0
0.459555 0
0.482873 0
0.535176 0
0.466958 0
0.515618 0
0.474516 0
0.527736 0
0.463809 0
0.49455 0
0.531418 0
0.439249 0
0.465769 0
0.489504 0
0.455788 0
0.443897 0
0.439288 0
0.483088 0
0.530437 0
0.517696 0
0.522049 0
0.42861 0
0.385262 0
0.345547 0
0.379995 0
0.355695 0
0.328013 0
0.355783 0
0.358077 0
0.367628 0
0.356564 0
0.374277 0
0.369458 0
0.34791 0
0.386301 0
0.35629 0
0.388774 0
0.338155 0
0.36717 0
0.35167 0
0.384815 0
0.372432 0
0.387236 0
0.354532 0
0.432278 0
0.372365 0
0.342063 0
0.356593 0
0.347877 0
0.356817 0
0.35175 0
0.387279 0
0.231821 0
0.231733 0
0.231884 0
0.231734 0
0.231679 0
0.231965 0
0.231717 0
0.231574 0
0.231791 0
0.232182 0
0.231995 0
0.231754 0
0.231345 0
0.231844 0
0.23172 0
0.500625 0
0.512878 0
0.576681 0
0.572769 0
0.602279 0
0.490562 0
0.510193 0
0.542558 0
0.616273 0
0.555879 0
0.517103 0
0.561133 0
0.502889 0
0.553494 0
0.575317 0
0.545043 0
0.534344 0
0.526225 0
0.491376 0
0.519461 0
0.559719 0
0.533302 0
0.508711 0
0.571967 0
0.546536 0
0.515123 0
0.489199 0
0.491607 0
0.608266 0
0.57193 0
0.536163 0
0.556887 0
0.51259 0
0.541379 0
0.521384 0
0.464986 0
0.480426 0
0.490646 0
0.525041 0
0.530265 0
0.598629 0
0.564127 0
0.523561 0
0.537556 0
0.50744 0
0.53103 0
0.569725 0
0.58663 0
0.559215 0
0.552803 0
0.520057 0
0.583848 0
0.582475 0
0.549796 0
0.549123 0
0.480065 0
0.48255 0
0.530961 0
0.516656 0
0.55906 0
0.236804 0
0.231854 0
0.23666 0
0.2318 0
0.235098 0
0.231402 0
0.235645 0
0.231524 0
0.237543 0
0.232062 0
0.23708 0
0.231907 0
0.236471 0
0.231773 0
0.236673 0
0.231829 0
0.237435 0
0.23201 0
0.236526 0
0.231788 0
0.237068 0
0.231926 0
0.23591 0
0.231601 0
0.235522 0
0.231498 0
0.236113 0
0.231653 0
0.236894 0
0.231851 0
0.23669 0
0.23575 0
0.236475 0
0.236965 0
0.237126 0
0.329736 0
0.357464 0
0.340945 0
0.332547 0
0.324391 0
0.36638 0
0.338289 0
0.314687 0
0.360669 0
0.307088 0
0.337458 0
0.342966 0
0.354398 0
0.370076 0
0.351425 0
0.337535 0
0.349939 0
0.356384 0
0.352973 0
0.339148 0
0.370886 0
0.348991 0
0.354085 0
0.360782 0
0.333771 0
0.339571 0
0.333553 0
0.342007 0
0.338716 0
0.348555 0
0.383214 0
0.329491 0
0.366383 0
0.344186 0
0.344269 0
0.325139 0
0.35002 0
0.372838 0
0.331296 0
0.360538 0
0.341077 0
0.402468 0
0.369012 0
0.39649 0
0.382349 0
0.362317 0
0.383221 0
0.390298 0
0.365327 0
0.3652 0
0.406029 0
0.385875 0
0.360797 0
0.376315 0
0.369963 0
0.393677 0
0.388148 0
0.37387 0
0.394361 0
0.391187 0
0.343031 0
0.363391 0
0.354254 0
0.385188 0
0.398469 0
0.401847 0
0.419122 0
0.398105 0
0.394394 0
0.440155 0
0.386976 0
0.38828 0
0.399576 0
0.427802 0
0.39447 0
0.352268 0
0.385809 0
0.372392 0
0.373524 0
0.343134 0
0.361538 0
0.376788 0
0.39225 0
0.356923 0
0.400359 0
0.409931 0
0.393559 0
0.43082 0
0.417255 0
0.414081 0
0.425113 0
0.434979 0
0.388485 0
0.404028 0
0.411539 0
0.448196 0
0.410962 0
0.428536 0
0.408036 0
0.446325 0
0.403231 0
0.457544 0
0.443805 0
0.436302 0
0.436049 0
0.457621 0
0.440395 0
0.418774 0
0.399699 0
0.435173 0
0.436638 0
0.431393 0
0.431613 0
0.401193 0
0.3997 0
0.449172 0
0.408616 0
0.369315 0
0.459734 0
0.454599 0
0.381364 0
0.414725 0
0.398973 0
0.39905 0
0.444381 0
0.437269 0
0.472357 0
0.46974 0
0.496296 0
0.425381 0
0.478772 0
0.49529 0
0.502141 0
0.460278 0
0.554492 0
0.480291 0
0.530419 0
0.489177 0
0.43282 0
0.507091 0
0.509788 0
0.477211 0
0.501069 0
0.512304 0
0.450991 0
0.522197 0
0.488677 0
0.473721 0
0.466327 0
0.511546 0
0.506058 0
0.452241 0
0.467467 0
0.457161 0
0.445866 0
0.473488 0
0.479917 0
0.45335 0
0.544099 0
0.498401 0
0.466847 0
0.49599 0
0.450892 0
0.496612 0
0.502419 0
0.462913 0
0.439926 0
0.490693 0
0.490424 0
0.485066 0
0.418963 0
0.418939 0
0.461322 0
0.478765 0
0.444519 0
0.460211 0
0.444308 0
0.461337 0
0.523646 0
0.520774 0
0.515458 0
0.467271 0
0.465915 0
0.456829 0
0.491123 0
0.369824 0
0.383015 0
0.340212 0
0.348136 0
0.368381 0
0.36611 0
0.379426 0
0.361293 0
0.376867 0
0.350572 0
0.388209 0
0.365907 0
0.366421 0
0.381224 0
0.376928 0
0.370138 0
0.357415 0
0.368173 0
0.369126 0
0.37171 0
0.399738 0
0.363468 0
0.342132 0
0.35069 0
0.384208 0
0.365931 0
0.36832 0
0.338883 0
0.393556 0
0.387083 0
0.231854 0
0.2318 0
0.231402 0
0.231524 0
0.232062 0
0.231907 0
0.231773 0
0.231829 0
0.23201 0
0.231788 0
0.231926 0
0.231601 0
0.231498 0
0.231653 0
0.231851 0
0.511607 0
0.52895 0
0.552385 0
0.576559 0
0.57222 0
0.500122 0
0.593933 0
0.564411 0
0.557996 0
0.579395 0
0.558516 0
0.482502 0
0.62157 0
0.588209 0
0.546327 0
0.561912 0
0.522033 0
0.507922 0
0.577089 0
0.574675 0
0.594778 0
0.50527 0
0.552407 0
0.558149 0
0.539063 0
0.503895 0
0.461649 0
0.53728 0
0.495985 0
0.464715 0
0.551515 0
0.537952 0
0.495813 0
0.605594 0
0.550111 0
0.607747 0
0.600793 0
0.578006 0
0.554837 0
0.583802 0
0.490107 0
0.538187 0
0.511031 0
0.584956 0
0.593509 0
0.572485 0
0.518181 0
0.545415 0
0.528422 0
0.48616 0
0.568126 0
0.45866 0
0.521601 0
0.538905 0
0.620967 0
0.533179 0
0.547603 0
0.519396 0
0.556562 0
0.528987 0
-8.97329e-05 0
-4.33126e-06 0
0.000181186 0
3.42116e-05 0
0.000129385 0
2.75406e-05 0
6.83734e-05 0
1.3598e-05 0
1.36905e-05 0
3.99623e-06 0
0.000146681 0
2.81285e-05 0
6.02826e-06 0
-4.31944e-06 0
8.32835e-05 0
1.03851e-05 0
7.36211e-06 0
1.57167e-06 0
-2.16793e-05 0
-8.84665e-06 0
1.11247e-05 0
1.53039e-06 0
2.18876e-05 0
6.89596e-06 0
1.38418e-05 0
-8.83069e-06 0
6.82964e-05 0
-3.5531e-06 0
0.00011979 0
1.97597e-05 0
-0.000161791 0
9.94004e-05 0
0.000135134 0
-3.87546e-05 0
-6.16191e-05 0
-0.000428045 0
0.0031059 0
-0.00623564 0
0.00190874 0
-0.00132991 0
-3.37688e-05 0
-0.00616657 0
0.00185096 0
0.0012054 0
0.00100893 0
-0.00322949 0
-0.00737291 0
-0.00340624 0
-0.00231522 0
-0.0030733 0
-0.00166996 0
0.00206611 0
-0.00292823 0
0.00283868 0
-0.00217827 0
-0.00087492 0
0.00312196 0
0.00492523 0
-0.00261843 0
0.00400026 0
-0.00209925 0
0.00108625 0
0.00027088 0
-0.0017786 0
-0.00259036 0
-0.000380442 0
0.00102704 0
-0.00182483 0
9.66283e-05 0
-0.00222478 0
-0.00145952 0
0.00474272 0
-0.00247291 0
3.5473e-05 0
-0.00644414 0
-0.00612389 0
0.00129205 0
-0.00146116 0
0.000607111 0
0.00227959 0
-0.00284439 0
0.00477364 0
-0.00331883 0
0.00330854 0
-0.00268745 0
-0.00200698 0
-0.00461291 0
5.35806e-05 0
0.00228755 0
-0.00317676 0
-0.00390003 0
-0.0074188 0
-0.00440027 0
0.00691845 0
0.00152901 0
0.00494978 0
0.00466839 0
0.000680935 0
-0.00147125 0
0.00197038 0
0.00443913 0
0.00401027 0
-0.00229552 0
0.010168 0
0.00350175 0
-0.00584647 0
-0.00169948 0
0.00590833 0
0.000563225 0
-0.00226737 0
-0.00685145 0
0.000813433 0
-0.003566 0
-0.00557744 0
0.00191527 0
-0.0057147 0
-0.00260641 0
-0.00224506 0
0.00332015 0
-0.0056604 0
-0.00140691 0
0.00561251 0
-0.00312381 0
-0.000474376 0
-6.21292e-05 0
0.00504767 0
0.00938189 0
-0.00679289 0
0.00242162 0
0.00499068 0
0.00071365 0
0.000235757 0
0.0062349 0
-0.00240967 0
0.000901914 0
-0.00146686 0
0.00153281 0
-0.00130059 0
-0.00149897 0
0.0021633 0
-0.00347919 0
-0.0036955 0
0.000900127 0
-0.00829199 0
-0.000131141 0
-0.000892728 0
0.00283915 0
-0.00337247 0
-0.00395304 0
-0.00222916 0
0.00109297 0
0.00385356 0
-0.000253477 0
-0.00555878 0
-0.00424698 0
-0.00597471 0
-0.00237076 0
-0.000973353 0
-0.00438892 0
0.000265046 0
-5.27516e-05 0
-0.00832537 0
-0.00415116 0
0.00249347 0
-0.0020727 0
-0.00324273 0
0.00518384 0
-0.00394556 0
-0.00411772 0
-0.0112179 0
-0.0136294 0
-0.00403679 0
-0.0116326 0
0.00397776 0
-0.0108096 0
-0.00408211 0
-0.00603705 0
0.0097724 0
-0.00107408 0
-0.00152916 0
0.000239945 0
0.000941139 0
0.00955926 0
-0.00128846 0
-4.76232e-05 0
0.00127326 0
0.0029929 0
0.00265095 0
0.00469734 0
0.000860041 0
-0.00107006 0
-0.00701619 0
-0.00604683 0
-0.00151283 0
-0.00715273 0
0.00766897 0
0.011134 0
-0.0014873 0
-0.000258925 0
-0.00588092 0
-0.0042317 0
0.009204 0
-0.00740751 0
-0.00761033 0
0.00384861 0
8.49459e-05 0
0.000438522 0
0.00531136 0
0.00957865 0
0.00338465 0
-0.000286683 0
-0.00304112 0
-0.000946563 0
0.00546615 0
-0.00339414 0
0.000126266 0
-0.00174578 0
-0.000502746 0
0.000551368 0
0.00217637 0
-0.00142596 0
-0.00145577 0
-0.00180775 0
0.00225532 0
-0.000815118 0
-0.00214437 0
-0.00240718 0
0.00200513 0
0.000935855 0
-0.00300978 0
0.00209546 0
0.00332044 0
0.0013033 0
0.00262389 0
-0.00273387 0
0.000692295 0
0.00183072 0
5.88619e-05 0
0.00135889 0
-0.000329381 0
0.00574976 0
0.00165401 0
0.000610908 0
0.00205909 0
-0.000882344 0
0.000887722 0
0.00370136 0
0.00272039 0
0.00336425 0
0.00100625 0
-4.33126e-06 0
3.42116e-05 0
2.75406e-05 0
1.3598e-05 0
3.99623e-06 0
2.81285e-05 0
-4.31944e-06 0
1.03851e-05 0
1.57167e-06 0
-8.84665e-06 0
1.53039e-06 0
6.89596e-06 0
-8.83069e-06 0
-3.5531e-06 0
1.97597e-05 0
0.0137356 0
-0.00788662 0
-0.00206353 0
-0.00226896 0
0.0150131 0
-0.00103844 0
-0.00435235 0
0.0130894 0
0.0106257 0
0.00493658 0
-0.00417767 0
-0.0018391 0
0.00225339 0
-0.00773015 0
0.0134441 0
-0.0115728 0
-0.00230705 0
-0.00525162 0
0.00495643 0
0.000776666 0
0.00369974 0
0.00460859 0
0.00117607 0
-0.00759033 0
-0.0073928 0
0.00307919 0
-0.00661722 0
0.0034742 0
-0.00683988 0
-0.00431801 0
-0.00412073 0
-0.00420338 0
0.00506537 0
-0.00359934 0
-0.000142022 0
0.0134694 0
-0.00917402 0
4.7849e-05 0
0.00111564 0
0.0109125 0
-0.0117425 0
-0.00176224 0
-0.00231137 0
0.0107713 0
-0.0015566 0
-0.00289724 0
-0.00493452 0
-0.00255597 0
0.00789882 0
-0.00281498 0
0.00112484 0
0.000192458 0
0.00192494 0
0.00205799 0
-0.00162549 0
-0.00951177 0
0.0173196 0
0.00458723 0
-0.00411626 0
0.00252908 0
0.0001711 0
3.60166e-05 0
-0.00016074 0
-2.77912e-05 0
-7.05469e-05 0
-1.6268e-05 0
3.66905e-06 0
6.22323e-06 0
0.000268421 0
3.03277e-05 0
-2.20449e-05 0
-7.74167e-06 0
5.78292e-05 0
1.51163e-05 0
0.000127685 0
3.50875e-05 0
5.26702e-05 0
7.61753e-06 0
0.000146895 0
1.67348e-05 0
-5.79752e-07 0
7.19715e-06 0
5.33563e-05 0
1.24765e-05 0
0.000115073 0
8.55431e-06 0
2.14371e-05 0
1.89336e-06 0
-4.50741e-05 0
-1.48125e-05 0
-0.000118433 0
-8.5874e-05 0
3.94118e-05 0
0.000132612 0
4.18575e-05 0
0.000195418 0
0.000515321 0
0.000343183 0
0.00269853 0
0.000626637 0
0.000466834 0
-0.00127545 0
0.000383332 0
0.00363738 0
-0.000955561 0
-0.000301935 0
0.00500882 0
0.00228435 0
-0.00714555 0
-0.00150055 0
0.00340588 0
-0.00227117 0
-0.000771361 0
-0.00203264 0
-0.00038171 0
0.00283148 0
-0.00415811 0
0.00420648 0
-0.00193033 0
0.000623998 0
-0.00456838 0
-0.000475731 0
-0.00158512 0
-5.43004e-05 0
0.00210544 0
-0.00286141 0
0.000359652 0
0.00216081 0
-0.00187483 0
0.000404475 0
0.000724669 0
-0.00258539 0
-3.6785e-05 0
-0.00409675 0
-0.00263669 0
0.00320958 0
0.00124041 0
-0.00011766 0
0.00073035 0
0.00236452 0
-0.00188199 0
0.000424794 0
-0.00341231 0
0.0010247 0
0.00207376 0
-0.00127896 0
0.00487389 0
0.00724489 0
-0.00151977 0
-0.00537298 0
-0.00549618 0
-8.0943e-05 0
0.00273805 0
0.00216615 0
0.000915998 0
-0.00148862 0
3.76649e-05 0
0.00395119 0
0.0035025 0
0.000626986 0
0.00499211 0
0.00073575 0
0.00391608 0
-0.00140901 0
0.00577707 0
0.00730595 0
0.00100443 0
0.000117881 0
0.00517994 0
-0.00061672 0
0.00258187 0
-0.00397765 0
0.00192409 0
-0.00029091 0
0.00988021 0
-0.00286182 0
-0.00191502 0
0.00115384 0
-0.00602 0
0.000111616 0
0.00438954 0
0.00200228 0
0.00239103 0
-0.000743321 0
-0.0018636 0
0.00333657 0
-0.000935075 0
0.0111716 0
-0.00706665 0
0.00375743 0
-0.00249969 0
0.00191228 0
0.00364115 0
-0.000404775 0
0.00836506 0
0.00793174 0
0.00134727 0
0.0035251 0
0.0034181 0
-0.00471918 0
0.00144484 0
0.00113403 0
-0.00582878 0
-0.00101849 0
0.00317051 0
0.000621962 0
0.00731429 0
0.000770326 0
-8.6615e-05 0
-0.00370638 0
-0.00537385 0
-0.00168975 0
-0.00238126 0
0.00169332 0
0.000542107 0
0.0102637 0
-0.00111492 0
0.00178494 0
-0.00238869 0
-0.00198002 0
-0.00243876 0
-0.011641 0
0.0102912 0
-0.000847118 0
0.00142706 0
0.0119568 0
0.00152119 0
0.001322 0
0.00319118 0
0.00870626 0
0.00305838 0
0.00217582 0
0.00459651 0
0.00198683 0
0.00466464 0
0.00100037 0
0.00325962 0
0.000838341 0
-0.0052899 0
0.0088756 0
-0.00602164 0
-0.00262305 0
0.00875945 0
0.00308215 0
0.0041226 0
0.00623873 0
0.00341633 0
-0.00658455 0
0.00377695 0
0.000523539 0
0.00334755 0
-0.00115474 0
0.00258894 0
0.0113101 0
-0.00665418 0
-0.000506662 0
-0.0033266 0
-0.00154242 0
-0.00712363 0
0.00514053 0
0.00320031 0
-0.00559313 0
-0.00062282 0
0.00205982 0
-0.00368331 0
-0.00441732 0
-0.00849393 0
0.00197554 0
-0.00686827 0
-0.000269564 0
0.00634826 0
0.000319448 0
0.00211997 0
0.0045023 0
-0.00758706 0
0.00428376 0
0.00894957 0
0.00803878 0
0.00631568 0
0.00169182 0
-0.00511204 0
0.00526312 0
-0.000295276 0
-0.000564328 0
0.00154865 0
-0.000560562 0
-0.000547935 0
0.00266557 0
-0.00487961 0
-0.00255849 0
0.00495985 0
0.00172029 0
-0.000164146 0
-0.000580805 0
-0.0018129 0
-0.00119233 0
0.00061977 0
-0.00116019 0
0.0014986 0
0.00138372 0
0.000670313 0
-0.00266886 0
-0.00311084 0
-0.000557805 0
0.0011175 0
-0.00279239 0
0.00228426 0
-0.00158405 0
0.00540221 0
-0.00110075 0
3.60166e-05 0
-2.77912e-05 0
-1.6268e-05 0
6.22323e-06 0
3.03277e-05 0
-7.74167e-06 0
1.51163e-05 0
3.50875e-05 0
7.61753e-06 0
1.67348e-05 0
7.19715e-06 0
1.24765e-05 0
8.55431e-06 0
1.89336e-06 0
-1.48125e-05 0
0.0104523 0
0.00735965 0
0.0088476 0
-0.00762625 0
0.00629249 0
0.012054 0
-0.00104627 0
0.0076254 0
-0.0138433 0
0.00267094 0
0.0135056 0
-0.00899914 0
0.0163883 0
0.00456457 0
-0.00424874 0
-0.00310376 0
0.0161793 0
-0.00547952 0
0.00199232 0
-0.00587134 0
-0.00441878 0
-0.00359836 0
0.00611358 0
0.00208337 0
0.00953972 0
0.0031878 0
0.00291228 0
0.00245561 0
-0.00847913 0
-0.0100433 0
0.00275588 0
-0.00458957 0
0.0118933 0
0.00125504 0
-0.00203405 0
0.0126696 0
0.00588054 0
0.00430535 0
0.00147239 0
-0.00197562 0
-0.00264173 0
0.00440183 0
-0.00205961 0
0.0152969 0
0.00384051 0
-0.00411121 0
-0.00143905 0
0.00580569 0
0.00520894 0
0.00180162 0
0.0123767 0
0.010141 0
-0.00272012 0
0.00672617 0
-0.00309662 0
-0.00300138 0
-0.00247641 0
-0.0127554 0
0.00265066 0
0.00523707 0
0.00014723 0
2.4465e-05 0
8.7026e-06 0
5.22588e-06 0
0.000200025 0
3.74361e-05 0
-8.22382e-05 0
-1.15698e-05 0
4.79654e-05 0
2.95503e-06 0
9.36046e-05 0
1.096e-05 0
4.12289e-05 0
-1.57117e-06 0
-1.22423e-05 0
-1.28163e-05 0
4.72425e-05 0
7.75679e-06 0
1.62323e-05 0
1.37192e-05 0
-2.66801e-05 0
-1.03761e-05 0
0.000104807 0
1.38148e-05 0
1.99176e-05 0
2.0118e-05 0
7.11703e-05 0
1.52664e-05 0
2.0741e-05 0
7.64734e-06 0
-9.3745e-05 0
2.78523e-05 0
7.99315e-05 0
-0.000134867 0
0.000144631 0
-0.00151665 0
0.0010839 0
-0.000751245 0
0.00186987 0
-0.000381567 0
0.00190261 0
-0.000906198 0
-0.00355164 0
-0.00126897 0
0.00164818 0
0.000378612 0
0.00137188 0
-3.82533e-05 0
0.000280316 0
0.000477945 0
0.000309276 0
-0.000173026 0
0.00260955 0
-0.00134974 0
0.00496575 0
0.000612142 0
-0.000495658 0
0.00141866 0
-0.00469026 0
0.00315359 0
0.000678335 0
-0.000710311 0
0.00164752 0
-0.000932134 0
0.000599817 0
-0.00290047 0
0.00247096 0
0.00320242 0
0.0016427 0
-0.00227439 0
-0.00143748 0
0.000716539 0
0.00231398 0
-0.00180562 0
8.74792e-05 0
-0.000938456 0
0.00188251 0
0.00301777 0
-0.00471972 0
0.00135226 0
0.000419426 0
0.000251331 0
0.000824583 0
-0.000403069 0
-0.00312118 0
0.000402061 0
0.00446851 0
-0.00248617 0
0.00274568 0
-0.00598127 0
0.0020755 0
-0.00727664 0
-0.000528545 0
-0.00118874 0
0.00342337 0
0.00116467 0
0.00747051 0
-0.00526935 0
0.00110663 0
-0.0021388 0
-0.000657473 0
-0.00409649 0
0.00855457 0
-0.00277018 0
0.00331874 0
-0.0020441 0
9.62151e-05 0
-0.000317283 0
-0.00306035 0
-0.00351776 0
0.00017904 0
-0.00150783 0
-0.000334741 0
-0.000370228 0
-0.00605137 0
0.00171843 0
-0.00408616 0
-0.00518459 0
0.0021522 0
-0.00260938 0
-0.00548167 0
-0.000206022 0
0.00184044 0
0.00946909 0
-0.00188184 0
-0.00235472 0
-0.00141859 0
-0.00037075 0
-0.00152578 0
0.00633254 0
0.00207595 0
-0.00157006 0
0.00374119 0
0.000728449 0
-0.00118349 0
0.00718849 0
0.00023491 0
0.00168485 0
-0.00709059 0
-0.000603288 0
0.00524026 0
0.00153697 0
-0.00733672 0
0.00369174 0
0.00345536 0
-0.00102265 0
-0.00138232 0
0.00102039 0
-0.00428307 0
0.00388042 0
-0.00259459 0
-0.00468175 0
0.000276736 0
-0.00472878 0
0.00308632 0
0.00202301 0
0.00689775 0
0.00341936 0
-0.000312251 0
-0.00223631 0
0.00126792 0
0.000872413 0
-0.00222188 0
-0.00190703 0
-0.00504407 0
0.0138649 0
0.00322274 0
-0.00532338 0
-0.00642889 0
-0.00148156 0
-0.00232846 0
0.00530508 0
0.0039596 0
-0.000155489 0
0.00586848 0
-0.000167028 0
-0.000643288 0
-0.00584002 0
-0.00476667 0
-0.00316267 0
-0.00010662 0
-0.00392917 0
-0.00748054 0
-0.00314981 0
0.00416793 0
-0.00225678 0
0.00236696 0
-0.00894285 0
0.00406356 0
0.00434589 0
-0.00919395 0
0.000160559 0
0.00931511 0
-0.0024764 0
0.0029324 0
-4.20665e-05 0
-0.00324308 0
-0.00293193 0
0.00368385 0
0.00124209 0
-0.00567122 0
-0.00124181 0
0.00157473 0
-0.00943303 0
0.00206061 0
0.00688965 0
0.00181086 0
0.000741956 0
-0.00120245 0
0.00669377 0
-0.000242129 0
3.0399e-06 0
-0.00364608 0
-0.00808998 0
0.010786 0
0.00496624 0
-0.0101011 0
0.000516101 0
0.0012866 0
0.014393 0
-0.000388009 0
-0.00145836 0
-0.0012708 0
0.00138136 0
-0.00537949 0
-0.00279525 0
-0.00206138 0
0.00105922 0
-0.000140162 0
-0.00308417 0
0.00141424 0
-0.00367761 0
-0.00175035 0
0.00112757 0
-0.000757249 0
-0.00333795 0
0.00198728 0
-0.00145611 0
-0.00300383 0
0.00124401 0
-0.000958238 0
-0.000652537 0
-0.000194697 0
0.00156163 0
0.000796343 0
0.000524151 0
-0.00298361 0
0.00183382 0
-0.000180971 0
0.00159577 0
2.4465e-05 0
5.22588e-06 0
3.74361e-05 0
-1.15698e-05 0
2.95503e-06 0
1.096e-05 0
-1.57117e-06 0
-1.28163e-05 0
7.75679e-06 0
1.37192e-05 0
-1.03761e-05 0
1.38148e-05 0
2.0118e-05 0
1.52664e-05 0
7.64734e-06 0
-5.89169e-05 0
-0.00132994 0
-0.00539033 0
-0.00304664 0
-0.000301725 0
0.000234227 0
0.0160819 0
-0.0114105 0
0.00142878 0
-0.0066753 0
9.41794e-05 0
-0.000630636 0
0.00297328 0
-0.00502631 0
-0.00612785 0
0.000649063 0
0.00249423 0
-0.000218094 0
0.000898005 0
0.000996955 0
0.00489268 0
-0.00282897 0
-0.00306636 0
-0.00434846 0
0.00591782 0
0.0054736 0
-0.00731448 0
-0.00397413 0
0.00658158 0
-0.00149077 0
-0.00398686 0
-0.00153292 0
0.000473817 0
0.00516267 0
0.00273496 0
-0.00815453 0
-0.0123555 0
0.00526078 0
-0.00200149 0
-0.00927117 0
0.00722693 0
0.00576229 0
-0.00722104 0
0.00674905 0
-0.00184764 0
-0.00666238 0
0.00311219 0
-0.00569012 0
-0.0101596 0
-0.0117498 0
-0.00731921 0
-0.00845985 0
-0.00866012 0
-0.00716974 0
-0.000759832 0
0.0116515 0
-0.00249878 0
-0.00452315 0
0.0151062 0
0.00673778 0
