0.00526304 0
0.00225974 0
0.00719985 0
0.00272281 0
0.00673927 0
0.00259584 0
0.00606489 0
0.00241559 0
0.0085134 0
0.0030557 0
0.00665676 0
0.00257157 0
0.00692204 0
0.00262486 0
0.00776802 0
0.0028944 0
0.00648363 0
0.00252703 0
0.00789358 0
0.00286809 0
0.00692047 0
0.00262305 0
0.00672066 0
0.00257133 0
0.00805109 0
0.00291967 0
0.00559559 0
0.00231585 0
0.00676437 0
0.00260313 0
0.00632197 0
0.00669962 0
0.00628408 0
0.00625189 0
0.00626139 0
0.0693159 0
0.159074 0
0.145076 0
0.125079 0
0.116488 0
0.101045 0
0.143848 0
0.115403 0
0.120963 0
0.137242 0
0.122371 0
0.126993 0
0.117651 0
0.138056 0
0.136488 0
0.1651 0
0.137165 0
0.121477 0
0.138342 0
0.135467 0
0.131778 0
0.145744 0
0.136427 0
0.14098 0
0.115259 0
0.128743 0
0.116648 0
0.114639 0
0.115589 0
0.097685 0
0.127268 0
0.136444 0
0.121364 0
0.122613 0
0.137821 0
0.139647 0
0.127914 0
0.152724 0
0.152291 0
0.168682 0
0.109485 0
0.143199 0
0.137471 0
0.150156 0
0.162037 0
0.172709 0
0.160543 0
0.178408 0
0.158904 0
0.193028 0
0.187595 0
0.175027 0
0.162189 0
0.182702 0
0.167286 0
0.124958 0
0.132145 0
0.17749 0
0.135807 0
0.164196 0
0.180298 0
0.179474 0
0.144572 0
0.180068 0
0.133467 0
0.208379 0
0.173155 0
0.136074 0
0.156369 0
0.142421 0
0.162046 0
0.140788 0
0.173018 0
0.161946 0
0.186469 0
0.176801 0
0.104877 0
0.125526 0
0.176273 0
0.149024 0
0.177879 0
0.163387 0
0.147146 0
0.145167 0
0.163805 0
0.14545 0
0.180146 0
0.213478 0
0.204244 0
0.237724 0
0.213993 0
0.221424 0
0.178239 0
0.233715 0
0.239441 0
0.235492 0
0.182383 0
0.250087 0
0.188 0
0.186789 0
0.134136 0
0.166007 0
0.190455 0
0.215555 0
0.222266 0
0.215625 0
0.250799 0
0.177423 0
0.232593 0
0.248721 0
0.211858 0
0.188044 0
0.172047 0
0.228229 0
0.184848 0
0.226107 0
0.214712 0
0.201591 0
0.194447 0
0.172063 0
0.175488 0
0.214408 0
0.164088 0
0.209821 0
0.180141 0
0.214397 0
0.277234 0
0.219491 0
0.280338 0
0.281126 0
0.268332 0
0.245263 0
0.254875 0
0.274874 0
0.238831 0
0.273559 0
0.301804 0
0.269728 0
0.251133 0
0.240388 0
0.281707 0
0.317949 0
0.232706 0
0.250443 0
0.27736 0
0.213026 0
0.214574 0
0.27038 0
0.310117 0
0.271237 0
0.277231 0
0.267253 0
0.286776 0
0.272267 0
0.272894 0
0.297379 0
0.290562 0
0.223343 0
0.338975 0
0.249008 0
0.219286 0
0.300811 0
0.247544 0
0.302744 0
0.372403 0
0.310989 0
0.264951 0
0.239773 0
0.292854 0
0.318342 0
0.260142 0
0.311283 0
0.223655 0
0.308019 0
0.331711 0
0.253886 0
0.307 0
0.234855 0
0.293476 0
0.29068 0
0.267321 0
0.2713 0
0.226271 0
0.322341 0
0.269196 0
0.128286 0
0.132212 0
0.10131 0
0.0972892 0
0.107534 0
0.145438 0
0.156444 0
0.123497 0
0.153474 0
0.120574 0
0.14071 0
0.14153 0
0.160191 0
0.129361 0
0.142582 0
0.124715 0
0.136084 0
0.147202 0
0.133697 0
0.130562 0
0.137077 0
0.150772 0
0.113853 0
0.112648 0
0.148247 0
0.113275 0
0.119911 0
0.16486 0
0.139527 0
0.14882 0
0.00225974 0
0.00272281 0
0.00259584 0
0.00241559 0
0.0030557 0
0.00257157 0
0.00262486 0
0.0028944 0
0.00252703 0
0.00286809 0
0.00262305 0
0.00257133 0
0.00291967 0
0.00231585 0
0.00260313 0
0.236907 0
0.328501 0
0.331075 0
0.361329 0
0.310354 0
0.376206 0
0.317578 0
0.323089 0
0.342047 0
0.325249 0
0.358253 0
0.351896 0
0.351944 0
0.214449 0
0.25807 0
0.386687 0
0.399287 0
0.347562 0
0.328198 0
0.340407 0
0.303371 0
0.353536 0
0.289609 0
0.286885 0
0.301959 0
0.28358 0
0.350715 0
0.259829 0
0.268076 0
0.333352 0
0.258691 0
0.294274 0
0.416822 0
0.395091 0
0.344239 0
0.309703 0
0.299598 0
0.337491 0
0.342235 0
0.324906 0
0.403862 0
0.375212 0
0.49132 0
0.345047 0
0.330014 0
0.344327 0
0.341981 0
0.375335 0
0.280128 0
0.308099 0
0.414468 0
0.259168 0
0.382447 0
0.391412 0
0.29077 0
0.289169 0
0.223323 0
0.317597 0
0.303757 0
0.345801 0
0.00674208 0
0.00263396 0
0.0065666 0
0.0025634 0
0.00728786 0
0.00271125 0
0.00673718 0
0.00257521 0
0.00628166 0
0.00249892 0
0.007407 0
0.0027887 0
0.00651097 0
0.00253692 0
0.00613445 0
0.00244016 0
0.00694267 0
0.00263023 0
0.00817754 0
0.00295033 0
0.0074639 0
0.00279433 0
0.00682465 0
0.00257686 0
0.00523865 0
0.00221443 0
0.00721804 0
0.00269813 0
0.00664214 0
0.00255083 0
0.00719165 0
0.00639668 0
0.00787213 0
0.00705929 0
0.00631852 0
0.115845 0
0.126423 0
0.154814 0
0.108839 0
0.141935 0
0.124214 0
0.156467 0
0.132652 0
0.136516 0
0.110601 0
0.0873735 0
0.108248 0
0.146508 0
0.120409 0
0.119748 0
0.113921 0
0.126353 0
0.127121 0
0.117462 0
0.130892 0
0.116409 0
0.128441 0
0.13622 0
0.13273 0
0.106445 0
0.1184 0
0.125037 0
0.146343 0
0.112539 0
0.117416 0
0.104817 0
0.121743 0
0.113614 0
0.0982794 0
0.141592 0
0.148105 0
0.128846 0
0.124101 0
0.133087 0
0.127447 0
0.131159 0
0.157234 0
0.135315 0
0.122771 0
0.186404 0
0.129323 0
0.152269 0
0.176899 0
0.147992 0
0.136083 0
0.18443 0
0.173862 0
0.168243 0
0.15118 0
0.182633 0
0.195253 0
0.1984 0
0.169346 0
0.133386 0
0.151719 0
0.228668 0
0.172187 0
0.131316 0
0.136143 0
0.202895 0
0.156843 0
0.139519 0
0.150221 0
0.205605 0
0.151352 0
0.198312 0
0.181526 0
0.193673 0
0.174153 0
0.15472 0
0.205664 0
0.16232 0
0.143115 0
0.186447 0
0.14082 0
0.12811 0
0.206659 0
0.162923 0
0.21255 0
0.182627 0
0.15148 0
0.170222 0
0.17776 0
0.19778 0
0.190097 0
0.204869 0
0.254207 0
0.205713 0
0.207744 0
0.206571 0
0.227025 0
0.244478 0
0.187188 0
0.1895 0
0.207266 0
0.17614 0
0.175065 0
0.192112 0
0.181022 0
0.199466 0
0.223843 0
0.207496 0
0.187044 0
0.190362 0
0.220211 0
0.219676 0
0.199166 0
0.173734 0
0.196693 0
0.172003 0
0.244415 0
0.232683 0
0.217788 0
0.179406 0
0.238131 0
0.219897 0
0.145622 0
0.199895 0
0.187636 0
0.184066 0
0.204244 0
0.265372 0
0.31216 0
0.266134 0
0.2974 0
0.300165 0
0.192435 0
0.225324 0
0.223902 0
0.307282 0
0.263706 0
0.21122 0
0.266129 0
0.291231 0
0.303966 0
0.221306 0
0.287422 0
0.277189 0
0.284643 0
0.258943 0
0.307775 0
0.283763 0
0.238087 0
0.268167 0
0.271775 0
0.26469 0
0.27478 0
0.267017 0
0.272786 0
0.275208 0
0.246082 0
0.318687 0
0.26133 0
0.290473 0
0.294375 0
0.332203 0
0.244682 0
0.253863 0
0.250102 0
0.255512 0
0.284436 0
0.319399 0
0.268965 0
0.306642 0
0.265542 0
0.323237 0
0.248 0
0.285418 0
0.323856 0
0.21944 0
0.245128 0
0.274942 0
0.23496 0
0.229953 0
0.227702 0
0.266239 0
0.322142 0
0.302329 0
0.316672 0
0.21294 0
0.153773 0
0.118821 0
0.150047 0
0.123686 0
0.0976236 0
0.128119 0
0.130207 0
0.135557 0
0.126552 0
0.14464 0
0.139686 0
0.117244 0
0.156704 0
0.130724 0
0.158896 0
0.109685 0
0.135501 0
0.117224 0
0.155124 0
0.141557 0
0.158033 0
0.127931 0
0.200914 0
0.141351 0
0.110197 0
0.127512 0
0.116607 0
0.1286 0
0.123332 0
0.156339 0
0.00263396 0
0.0025634 0
0.00271125 0
0.00257521 0
0.00249892 0
0.0027887 0
0.00253692 0
0.00244016 0
0.00263023 0
0.00295033 0
0.00279433 0
0.00257686 0
0.00221443 0
0.00269813 0
0.00255083 0
0.292317 0
0.295761 0
0.37678 0
0.372836 0
0.416115 0
0.284842 0
0.301226 0
0.350495 0
0.40702 0
0.344268 0
0.316396 0
0.356541 0
0.29555 0
0.344735 0
0.364676 0
0.352284 0
0.331863 0
0.312938 0
0.29281 0
0.299893 0
0.362249 0
0.319423 0
0.292439 0
0.356418 0
0.338979 0
0.306723 0
0.279321 0
0.285582 0
0.397711 0
0.359449 0
0.323496 0
0.346832 0
0.307096 0
0.34885 0
0.326393 0
0.259352 0
0.261023 0
0.290711 0
0.30388 0
0.336231 0
0.389006 0
0.360499 0
0.329076 0
0.334724 0
0.306795 0
0.325576 0
0.358152 0
0.387451 0
0.350935 0
0.339805 0
0.314178 0
0.376375 0
0.3783 0
0.335922 0
0.340384 0
0.280321 0
0.257845 0
0.332686 0
0.301293 0
0.339971 0
0.00713099 0
0.00271091 0
0.00693385 0
0.00263522 0
0.00537572 0
0.00225416 0
0.00591158 0
0.00237084 0
0.00760062 0
0.00282843 0
0.00715337 0
0.00270962 0
0.00661326 0
0.00257966 0
0.00677334 0
0.00263233 0
0.00752 0
0.00280163 0
0.00660306 0
0.00256249 0
0.00727227 0
0.00272638 0
0.00615559 0
0.00243568 0
0.00572665 0
0.00234001 0
0.00623171 0
0.00247094 0
0.00711988 0
0.00266781 0
0.00684231 0
0.00612436 0
0.00669196 0
0.00714276 0
0.00729496 0
0.0999942 0
0.133384 0
0.118464 0
0.106698 0
0.096089 0
0.138435 0
0.114052 0
0.0912891 0
0.136126 0
0.0813404 0
0.109681 0
0.113394 0
0.129199 0
0.143417 0
0.125137 0
0.113563 0
0.124157 0
0.126694 0
0.130409 0
0.10995 0
0.149374 0
0.12461 0
0.127675 0
0.134799 0
0.107923 0
0.114703 0
0.108505 0
0.123206 0
0.11207 0
0.122963 0
0.161163 0
0.100868 0
0.14019 0
0.118645 0
0.12125 0
0.0994798 0
0.121639 0
0.145212 0
0.105461 0
0.131926 0
0.112799 0
0.180278 0
0.145125 0
0.173021 0
0.164445 0
0.140372 0
0.165677 0
0.171392 0
0.139405 0
0.140799 0
0.191044 0
0.161204 0
0.140088 0
0.152988 0
0.14951 0
0.172347 0
0.167619 0
0.148475 0
0.16843 0
0.17019 0
0.120996 0
0.140676 0
0.128569 0
0.162054 0
0.173861 0
0.181727 0
0.200012 0
0.182451 0
0.173111 0
0.226225 0
0.166295 0
0.163246 0
0.181527 0
0.207651 0
0.168707 0
0.129679 0
0.164468 0
0.154198 0
0.15352 0
0.118496 0
0.140105 0
0.155944 0
0.166652 0
0.13212 0
0.176019 0
0.188512 0
0.174681 0
0.21804 0
0.195173 0
0.196145 0
0.208628 0
0.217013 0
0.172657 0
0.182163 0
0.19311 0
0.228708 0
0.197349 0
0.210232 0
0.187492 0
0.228254 0
0.185066 0
0.237757 0
0.226549 0
0.216524 0
0.21853 0
0.241163 0
0.224357 0
0.195332 0
0.177148 0
0.215992 0
0.21707 0
0.209498 0
0.210637 0
0.181697 0
0.182707 0
0.233615 0
0.187838 0
0.154413 0
0.2423 0
0.241493 0
0.160364 0
0.19231 0
0.178858 0
0.17966 0
0.235618 0
0.219393 0
0.258788 0
0.266498 0
0.280704 0
0.217866 0
0.274391 0
0.283808 0
0.294985 0
0.249478 0
0.340603 0
0.26908 0
0.318818 0
0.270334 0
0.217949 0
0.301971 0
0.313879 0
0.259618 0
0.276687 0
0.296352 0
0.232866 0
0.311844 0
0.269256 0
0.261072 0
0.251596 0
0.293309 0
0.290508 0
0.233004 0
0.252809 0
0.252124 0
0.243577 0
0.260555 0
0.265356 0
0.24494 0
0.330416 0
0.293551 0
0.254975 0
0.284453 0
0.239052 0
0.290073 0
0.30117 0
0.255358 0
0.231481 0
0.289449 0
0.283378 0
0.266917 0
0.207359 0
0.207907 0
0.257554 0
0.270062 0
0.228956 0
0.233192 0
0.231923 0
0.245455 0
0.316139 0
0.311675 0
0.301528 0
0.261688 0
0.253527 0
0.252707 0
0.273073 0
0.13973 0
0.152813 0
0.111859 0
0.116315 0
0.137761 0
0.13922 0
0.152524 0
0.131215 0
0.147558 0
0.122891 0
0.156646 0
0.133123 0
0.1382 0
0.154291 0
0.145526 0
0.141671 0
0.129578 0
0.135887 0
0.135504 0
0.142228 0
0.171665 0
0.137789 0
0.113973 0
0.120755 0
0.153141 0
0.136922 0
0.138826 0
0.108774 0
0.165007 0
0.156539 0
0.00271091 0
0.00263522 0
0.00225416 0
0.00237084 0
0.00282843 0
0.00270962 0
0.00257966 0
0.00263233 0
0.00280163 0
0.00256249 0
0.00272638 0
0.00243568 0
0.00234001 0
0.00247094 0
0.00266781 0
0.299331 0
0.320221 0
0.353637 0
0.363035 0
0.376272 0
0.294928 0
0.38164 0
0.353165 0
0.352697 0
0.377192 0
0.351297 0
0.276387 0
0.424019 0
0.377851 0
0.338806 0
0.366099 0
0.319283 0
0.301842 0
0.374606 0
0.355866 0
0.39282 0
0.2939 0
0.344526 0
0.347634 0
0.332506 0
0.310554 0
0.256066 0
0.327915 0
0.287855 0
0.252517 0
0.33531 0
0.336358 0
0.285343 0
0.419715 0
0.355666 0
0.409254 0
0.387013 0
0.364306 0
0.354047 0
0.385305 0
0.291096 0
0.326388 0
0.29713 0
0.386349 0
0.38845 0
0.360571 0
0.311822 0
0.348253 0
0.319392 0
0.274136 0
0.366148 0
0.243835 0
0.316245 0
0.33628 0
0.41898 0
0.33582 0
0.320066 0
0.316845 0
0.343219 0
0.331899 0
-3.99674e-05 0
-5.59753e-07 0
0.000163474 0
3.03877e-05 0
8.26302e-05 0
2.38576e-05 0
7.77751e-05 0
1.22536e-05 0
-1.35723e-05 0
1.77575e-07 0
7.51358e-05 0
2.05418e-05 0
2.55404e-06 0
-4.25344e-06 0
9.06313e-05 0
1.52052e-05 0
2.70877e-05 0
1.04306e-06 0
1.93331e-05 0
-1.0269e-05 0
6.42162e-05 0
1.45279e-05 0
5.28324e-06 0
-1.76542e-08 0
5.73027e-05 0
1.4177e-06 0
7.10038e-05 0
-1.98021e-06 0
0.000128112 0
1.74057e-05 0
-0.000152556 0
5.5068e-05 0
2.91429e-05 0
2.77316e-05 0
-8.38083e-05 0
0.000724739 0
0.00265534 0
-0.00431809 0
0.000226376 0
-0.000463303 0
0.00092167 0
-0.0059011 0
-0.000186803 0
-0.000155156 0
0.000685881 0
-0.00241337 0
-0.00399565 0
-0.00238056 0
-0.0011314 0
-0.00180122 0
-0.00145922 0
0.000824769 0
-0.00295569 0
0.00425764 0
-0.000883304 0
-0.000228864 0
0.00215249 0
0.00361152 0
-0.00381416 0
0.00165039 0
-0.00142969 0
0.00232816 0
0.00137568 0
-0.00184637 0
-0.00170612 0
0.00049013 0
0.000663814 0
-0.00067053 0
0.000398678 0
-0.00290401 0
-0.000817542 0
0.00219918 0
-0.000861945 0
-0.00102767 0
-0.00498313 0
-0.00504236 0
0.00100666 0
-0.000377345 0
0.000566298 0
0.00219147 0
-0.00224869 0
0.00391651 0
-0.00255024 0
0.00254537 0
-0.00269837 0
-0.00385674 0
-0.00357755 0
0.000459399 0
0.00104279 0
-0.00265453 0
-0.00366843 0
-0.00753363 0
-0.00379989 0
0.00593166 0
0.00155349 0
0.00101511 0
0.00610128 0
0.002149 0
-0.00044969 0
0.00253927 0
0.00263116 0
0.00173407 0
-0.00173945 0
0.00686241 0
0.00369471 0
-0.00608024 0
-0.00184277 0
0.00401777 0
0.00175545 0
-0.00180649 0
-0.00495403 0
-0.000468707 0
-0.00114531 0
-0.00476911 0
0.00276382 0
-0.00455009 0
-0.00163916 0
-0.00199424 0
0.0029521 0
-0.00433559 0
0.00105211 0
0.00298014 0
-0.00284263 0
-0.000262473 0
0.000959162 0
0.00476777 0
0.00554856 0
-0.00451205 0
0.00276375 0
0.00321209 0
0.00149744 0
-0.00147451 0
0.00489981 0
-0.00308945 0
-0.0014287 0
-0.0032654 0
0.00219329 0
-0.00288646 0
-0.00224516 0
0.00120032 0
-0.00238472 0
-0.00288588 0
0.000948186 0
-0.00586247 0
-0.0012519 0
0.000947744 0
0.000186731 0
-0.00378533 0
-0.00386313 0
-0.00198704 0
0.00218732 0
0.00271647 0
0.00100885 0
-0.0056264 0
-0.00456791 0
-0.0053629 0
-0.0019076 0
9.01575e-05 0
-0.00467421 0
0.000728346 0
0.000243023 0
-0.00774896 0
-0.00611151 0
0.00302573 0
-0.00183527 0
-0.00273575 0
0.00261116 0
-0.00438063 0
0.000464101 0
-0.0136739 0
-0.0114758 0
0.000173877 0
-0.00633608 0
0.00326777 0
-0.0118453 0
1.77051e-05 0
-0.00160248 0
0.0101107 0
-0.00295304 0
0.00178823 0
-0.00114746 0
0.000833689 0
0.00707607 0
0.00123983 0
0.00178152 0
-0.001287 0
0.00339868 0
0.00268005 0
0.00315596 0
0.000456796 0
-0.00109188 0
-0.00339529 0
-0.00150237 0
-0.00128303 0
-0.00493259 0
0.00894095 0
0.00920835 0
0.000907302 0
-0.0010634 0
-0.00625795 0
-0.00412224 0
0.00724278 0
-0.00558887 0
-0.00678986 0
0.0041757 0
0.00174677 0
-1.54066e-05 0
0.00460827 0
0.00814845 0
0.00361189 0
-0.00199191 0
-0.0012244 0
-0.00214245 0
0.00719209 0
-0.00325161 0
0.000207509 0
-0.000911061 0
0.00378505 0
-0.00100327 0
0.00298659 0
-4.17113e-05 0
-0.00103329 0
-0.000234158 0
0.00220832 0
-0.000944905 0
-0.000738849 0
-0.000137979 0
0.000601758 0
0.000976215 0
-0.00112317 0
0.000284744 0
0.00310294 0
0.000869099 0
0.00121378 0
-0.0017955 0
0.00182188 0
0.000802314 0
0.000551548 0
0.00118434 0
-3.39855e-05 0
0.00450792 0
0.00227826 0
0.000690199 0
0.00192907 0
-0.00123447 0
0.000755633 0
0.00187961 0
0.000147154 0
0.00423877 0
0.000361448 0
-5.59753e-07 0
3.03877e-05 0
2.38576e-05 0
1.22536e-05 0
1.77575e-07 0
2.05418e-05 0
-4.25344e-06 0
1.52052e-05 0
1.04306e-06 0
-1.0269e-05 0
1.45279e-05 0
-1.76542e-08 0
1.4177e-06 0
-1.98021e-06 0
1.74057e-05 0
0.0131507 0
-0.00563551 0
0.000199746 0
-0.00363382 0
0.0149368 0
-0.00651181 0
-0.00513722 0
0.0131463 0
0.00889664 0
0.00551201 0
-0.00592665 0
-0.00125157 0
0.00506069 0
-0.0103916 0
0.0109601 0
-0.0101651 0
-0.00504819 0
-0.0047259 0
0.00365177 0
0.00179081 0
0.00287147 0
0.00236914 0
0.000111642 0
-0.00435133 0
-0.00966715 0
0.00384872 0
-0.00734655 0
0.00094758 0
-0.00659256 0
-0.00382197 0
-0.00201675 0
-0.00411636 0
0.00574237 0
-0.0027911 0
0.00102662 0
0.0126305 0
-0.0109811 0
0.000831635 0
0.00175107 0
0.00947433 0
-0.00960728 0
-0.00142813 0
-0.00182488 0
0.00627035 0
-0.00109042 0
-0.00272127 0
-0.00254928 0
-0.00350997 0
0.00932407 0
-0.00396328 0
0.00130184 0
0.000901222 0
0.000129164 0
-0.000678363 0
0.000286021 0
-0.00694167 0
0.0118358 0
0.00210154 0
-0.00663172 0
0.00620542 0
0.000112539 0
2.6931e-05 0
-0.000131161 0
-2.54966e-05 0
-3.89411e-05 0
-1.71893e-05 0
-1.83644e-05 0
1.1403e-06 0
0.000207762 0
2.98155e-05 0
-2.133e-05 0
-4.50509e-06 0
3.16875e-05 0
1.63469e-05 0
0.000129804 0
3.64474e-05 0
4.36645e-06 0
6.07099e-06 0
0.000156427 0
1.83529e-05 0
2.99945e-05 0
1.04142e-05 0
7.2077e-05 0
1.38736e-05 0
9.29326e-05 0
6.2201e-06 0
9.02987e-05 0
1.35246e-05 0
-1.99718e-05 0
-7.55001e-06 0
-6.24827e-05 0
-2.07786e-05 0
0.000117124 0
8.43735e-05 0
1.07957e-05 0
0.000806454 0
0.00023376 0
0.000630388 0
0.00271308 0
-0.000833905 0
0.00115778 0
-0.00117581 0
0.00156793 0
0.00281265 0
-0.00103259 0
0.000508514 0
0.00237648 0
-0.000329842 0
-0.00534534 0
0.000119026 0
0.00206652 0
-0.00175596 0
-0.00030948 0
-0.00183276 0
0.000116943 0
0.00246079 0
-0.00372422 0
0.00355734 0
-0.00214474 0
0.000479158 0
-0.00431569 0
0.00135634 0
-0.000400685 0
3.84626e-05 0
0.0019586 0
-0.00287683 0
0.000208598 0
0.0025966 0
-0.00152084 0
6.791e-05 0
-0.000234612 0
-0.00192503 0
0.00129028 0
-0.00242653 0
-0.00231223 0
0.0022298 0
-9.57462e-05 0
-0.00057454 0
0.00136782 0
0.000286379 0
-7.61434e-05 0
0.000550779 0
-0.00263693 0
0.000840065 0
0.000539397 0
-0.0014757 0
0.0047175 0
0.00468428 0
0.000258112 0
-0.00415865 0
-0.00326135 0
-0.000278606 0
0.00178105 0
0.000913213 0
0.0010783 0
-0.00205186 0
-0.00194745 0
0.00340672 0
0.00432492 0
0.00126722 0
0.00343392 0
-0.0007721 0
0.00475898 0
-0.00238852 0
0.00574761 0
0.00654548 0
0.00115697 0
0.000739268 0
0.00544229 0
0.000605834 0
0.00170228 0
-0.00368795 0
0.00155551 0
0.000148003 0
0.00701592 0
-0.0017145 0
-0.00142893 0
0.000832635 0
-0.00432995 0
-0.000443161 0
0.00566799 0
0.00230678 0
0.00308734 0
-0.00242505 0
-0.00277155 0
0.00149677 0
-0.0029887 0
0.00980203 0
-0.00494302 0
0.00375265 0
-0.00219344 0
-0.0001211 0
0.00138717 0
-0.00162153 0
0.00496451 0
0.00599879 0
0.000551073 0
0.00043555 0
0.00302594 0
-0.00336997 0
0.00340013 0
0.00175143 0
-0.00392199 0
-0.00256688 0
0.00387878 0
0.000878018 0
0.00493871 0
0.00210789 0
-0.00157606 0
-0.00446459 0
-0.00317614 0
-0.00144402 0
-0.000296498 0
0.00271767 0
-6.55093e-05 0
0.0077855 0
-0.00069744 0
-0.000466552 0
-0.00128083 0
-0.00225432 0
-0.00173159 0
-0.0122812 0
0.0100067 0
0.00226215 0
0.000828578 0
0.0103097 0
0.000684257 0
0.00270893 0
0.00248541 0
0.00898841 0
0.00261631 0
-0.000133968 0
0.00790895 0
0.00157145 0
0.00596703 0
0.000942016 0
0.00169848 0
-0.0014116 0
-0.00499904 0
0.00738514 0
-0.00518622 0
-0.0029067 0
0.0057085 0
-0.000990011 0
0.00406415 0
0.00685657 0
0.00219596 0
-0.00490766 0
0.00201827 0
-0.00284306 0
0.00187301 0
-0.000831614 0
0.00243315 0
0.00857739 0
-0.0050542 0
-0.000725671 0
-0.00153929 0
0.000172781 0
-0.00513884 0
0.00578217 0
0.00418527 0
-0.00191269 0
-0.00464419 0
0.0035273 0
-0.00172689 0
-0.00346186 0
-0.00714114 0
0.00140122 0
-0.00504159 0
0.00172949 0
0.00818504 0
0.00144636 0
-0.000377856 0
0.00493945 0
-0.00405806 0
0.00113109 0
0.00607015 0
0.00565602 0
0.00583343 0
0.00222453 0
-0.00536338 0
0.00269212 0
0.000250862 0
-0.000988563 0
0.000367008 0
2.36428e-05 0
0.000182063 0
0.00331045 0
-0.00370991 0
-0.00147991 0
0.00500546 0
0.000730197 0
-1.95752e-05 0
-0.000281636 0
-0.0010613 0
-0.000731821 0
0.000134049 0
-0.00212873 0
0.000337587 0
0.000166088 0
5.97752e-05 0
-0.00270555 0
-0.00237107 0
2.66103e-06 0
0.000635244 0
-0.00123501 0
0.00164428 0
-3.94792e-05 0
0.00483773 0
-0.00220124 0
2.6931e-05 0
-2.54966e-05 0
-1.71893e-05 0
1.1403e-06 0
2.98155e-05 0
-4.50509e-06 0
1.63469e-05 0
3.64474e-05 0
6.07099e-06 0
1.83529e-05 0
1.04142e-05 0
1.38736e-05 0
6.2201e-06 0
1.35246e-05 0
-7.55001e-06 0
0.0103905 0
0.00856535 0
0.0103314 0
-0.00191848 0
0.00504572 0
0.00804465 0
-0.0031193 0
0.0042171 0
-0.0138768 0
0.00407411 0
0.00923873 0
-0.00661679 0
0.0115039 0
0.00741478 0
-0.00218449 0
-0.00117566 0
0.0137564 0
-0.00386507 0
0.00283742 0
4.22554e-06 0
-0.00579145 0
-0.000623939 0
0.00457733 0
0.0012201 0
0.00889809 0
0.00510019 0
-8.50602e-05 0
0.000686952 0
-0.00453617 0
-0.0097286 0
0.00207045 0
-0.0044412 0
0.00916266 0
0.00281489 0
-0.00170254 0
0.0159936 0
0.00307852 0
0.000425187 0
0.00172173 0
-0.00214242 0
0.00101072 0
0.00392244 0
-0.000742246 0
0.0149232 0
0.00169649 0
-0.000174152 0
-0.00143064 0
0.00402148 0
0.00210099 0
0.00433706 0
0.00901617 0
0.007971 0
-0.00630543 0
0.00183685 0
-0.00258702 0
0.00298958 0
-0.0035191 0
-0.0135101 0
0.00256481 0
0.00306394 0
0.000143479 0
2.28615e-05 0
9.02191e-06 0
9.94644e-07 0
0.000141394 0
2.79624e-05 0
-8.56519e-05 0
-1.15961e-05 0
9.15591e-07 0
1.11515e-06 0
0.000118949 0
2.06617e-05 0
7.4762e-05 0
5.28746e-06 0
-5.84355e-05 0
-1.87937e-05 0
-7.23613e-06 0
-5.54495e-06 0
-3.20907e-05 0
7.37115e-06 0
-2.80056e-05 0
-9.5545e-06 0
-8.62036e-06 0
-8.25226e-08 0
-5.67773e-05 0
1.29224e-05 0
8.16344e-05 0
1.01289e-05 0
-4.46895e-05 0
-2.77042e-07 0
-1.07095e-05 0
4.72036e-05 0
-3.79031e-05 0
-3.90575e-05 0
0.00011168 0
-0.000448733 0
0.000267672 0
0.00117352 0
0.00166049 0
0.000139633 0
0.00106283 0
0.000614643 0
-0.00297049 0
-0.000183419 0
0.000670389 0
-0.00154514 0
0.000166889 0
-0.00171898 0
-0.000576773 0
0.000332872 0
0.00156736 0
0.000384077 0
0.0027473 0
-0.00038213 0
0.00453583 0
-0.00069692 0
-0.00106249 0
0.000957351 0
-0.00318938 0
-4.47397e-05 0
9.91546e-05 0
-0.000546069 0
0.00171294 0
-0.00226565 0
0.000297854 0
-0.00187529 0
0.00201837 0
0.00139407 0
0.00241141 0
-0.00212878 0
-0.00256537 0
0.000108026 0
0.00184752 0
-0.000664339 0
0.000424696 0
-0.000761522 0
0.00293304 0
0.00121073 0
-0.00654131 0
0.00107116 0
0.00197119 0
0.000627723 0
-0.00059682 0
-0.00146794 0
-0.00256955 0
0.00118335 0
0.00221006 0
-0.00310503 0
0.00055064 0
-0.00333385 0
0.000617625 0
-0.00600827 0
0.00100409 0
-0.0023 0
0.0026267 0
0.000116718 0
0.00588083 0
-0.00519774 0
2.1245e-05 0
-0.00268917 0
-0.000940709 0
-0.0019947 0
0.00705383 0
-0.00127105 0
0.0035526 0
-0.00197093 0
0.000414184 0
0.00114522 0
-0.00412395 0
-0.00274277 0
-0.0006557 0
-0.00254064 0
-0.000228532 0
0.00200585 0
-0.00599737 0
0.00219947 0
-0.0033586 0
-0.00301887 0
0.00296079 0
-0.00031869 0
-0.00376311 0
-0.000664355 0
-0.00150178 0
0.00774429 0
-0.00120576 0
-0.00267982 0
0.000209639 0
-0.00205621 0
-0.000775888 0
0.00629804 0
0.00275541 0
-0.00118071 0
0.0041109 0
-0.000200426 0
-0.0019973 0
0.00651498 0
0.00115025 0
0.00254697 0
-0.00445083 0
-0.00116303 0
0.00283866 0
-0.000281768 0
-0.00577829 0
0.00398296 0
0.00347326 0
-0.00283695 0
-0.00261262 0
0.00114499 0
-0.00366062 0
1.24909e-05 0
-0.00106116 0
-0.00406273 0
-0.000506307 0
-0.00333851 0
0.0033827 0
0.00220085 0
0.0070153 0
0.00330471 0
-0.000642197 0
0.000190639 0
0.00234663 0
-0.00168114 0
-0.00173823 0
0.000759438 0
-0.00518809 0
0.0103675 0
0.00253976 0
-0.00517141 0
-0.00741702 0
-0.00105335 0
-0.00176331 0
0.00187522 0
0.00440245 0
-0.00216744 0
0.00386601 0
-0.000103954 0
0.000267593 0
-0.00350586 0
-0.00487883 0
-0.00221097 0
-0.00245341 0
-0.00234042 0
-0.00363227 0
-0.00407075 0
0.006301 0
-0.000379628 0
0.0017087 0
-0.00796986 0
0.00190271 0
0.00336334 0
-0.00789121 0
0.000739866 0
0.00709207 0
-0.00137616 0
0.000307857 0
-0.000710554 0
-0.00267074 0
-0.00357129 0
0.00529252 0
8.02505e-05 0
-0.00578233 0
-0.00326736 0
-9.90668e-05 0
-0.00683158 0
-0.00197113 0
0.00600863 0
0.000554908 0
0.00241453 0
-0.00197216 0
0.00501241 0
-0.000778682 0
-0.000259342 0
-0.00196099 0
-0.00290295 0
0.0105922 0
0.00353041 0
-0.00838449 0
0.00175318 0
0.00265771 0
0.0107707 0
-0.00139461 0
2.92925e-05 0
-0.00126768 0
0.00133819 0
-0.00424569 0
-0.00169944 0
-0.000705343 0
0.00120426 0
0.000224463 0
-0.000357477 0
-0.000424642 0
-0.00288687 0
-0.000623742 0
0.00148451 0
-0.0014309 0
-0.00224304 0
0.00248328 0
-0.00214089 0
-0.0028519 0
0.000989449 0
-0.00115328 0
-0.000424223 0
-0.00121918 0
0.00145444 0
0.00153402 0
-8.14487e-05 0
-0.0031222 0
0.00134784 0
-0.000529199 0
0.000746319 0
2.28615e-05 0
9.94644e-07 0
2.79624e-05 0
-1.15961e-05 0
1.11515e-06 0
2.06617e-05 0
5.28746e-06 0
-1.87937e-05 0
-5.54495e-06 0
7.37115e-06 0
-9.5545e-06 0
-8.25226e-08 0
1.29224e-05 0
1.01289e-05 0
-2.77042e-07 0
-0.000480304 0
-0.00144901 0
-0.00461843 0
-0.00268902 0
-0.00324943 0
-0.00073152 0
0.011655 0
-0.00997551 0
-0.000901069 0
-0.00605975 0
0.00329151 0
-0.00107445 0
-0.00111592 0
-0.00501683 0
-0.00388496 0
-0.000134281 0
0.00457454 0
0.00194853 0
-0.00302725 0
0.00167663 0
0.00822399 0
-2.96384e-05 0
-0.0024696 0
-0.00668968 0
0.00249348 0
0.0050052 0
-0.00920295 0
-0.00608631 0
0.00673483 0
-0.000635418 0
-0.00419069 0
-8.11551e-05 0
-0.00138387 0
0.00513579 0
0.00461727 0
-0.00541819 0
-0.0114469 0
0.00378262 0
0.00319648 0
-0.00725536 0
0.00196024 0
0.00692274 0
-0.00510287 0
0.00755136 0
0.00120639 0
-0.00425345 0
0.00207379 0
-0.0040563 0
-0.00585614 0
-0.009502 0
-0.00655474 0
-0.00454595 0
-0.00831884 0
-0.0116687 0
-0.00166032 0
0.012962 0
-0.00238303 0
-0.00544394 0
0.0138201 0
0.00522077 0
