0.00242453 0.00342667 0.0100927 114.799 114.805 114.81 
0.0140073 0.0194709 0.134952 114.81 114.815 115.269 
0.0466047 0.0521249 0.526519 114.837 114.842 116.645 
0.100846 0.106381 1.177 114.882 114.886 118.927 
0.176624 0.182169 2.08339 114.944 114.949 122.097 
0.273757 0.279312 3.24135 115.025 115.03 126.127 
0.392051 0.397617 4.64614 115.123 115.128 130.987 
0.531223 0.536801 6.29179 115.239 115.244 136.635 
0.690998 0.69659 8.1724 115.372 115.377 143.027 
0.870996 0.876601 10.2809 115.522 115.527 150.108 
1.07086 1.07648 12.6108 115.688 115.693 157.822 
1.29013 1.29577 15.1542 115.871 115.877 166.103 
1.52837 1.53403 17.904 116.07 116.076 174.884 
1.78503 1.7907 20.8515 116.285 116.291 184.093 
2.0596 2.06528 23.9889 116.516 116.521 193.655 
2.35152 2.35722 27.3076 116.761 116.767 203.494 
2.66013 2.66584 30.798 117.021 117.026 213.529 
2.98485 2.99058 34.4512 117.295 117.3 223.682 
3.32497 3.33071 38.2566 117.582 117.588 233.872 
3.67985 3.68561 42.2045 117.882 117.889 244.022 
4.04873 4.0545 46.2831 118.196 118.202 254.055 
4.43094 4.43672 50.4821 118.521 118.527 263.896 
4.82567 4.83146 54.7888 118.857 118.863 273.472 
5.23222 5.23802 59.1917 119.204 119.211 282.718 
5.64976 5.65556 63.6772 119.562 119.568 291.568 
6.07757 6.08338 68.2331 119.929 119.936 299.966 
6.51479 6.5206 72.8447 120.305 120.312 307.854 
6.96066 6.96648 77.4985 120.689 120.696 315.188 
7.41443 7.42026 82.1804 121.081 121.088 321.924 
7.87523 7.88105 86.8746 121.48 121.487 328.027 
8.34233 8.34816 91.5665 121.885 121.892 333.468 
8.81487 8.8207 96.2395 122.296 122.303 338.224 
9.29216 9.29798 100.878 122.711 122.719 342.279 
9.77332 9.77914 105.465 123.131 123.138 345.624 
10.2577 10.2635 109.984 123.554 123.562 348.256 
10.7444 10.7502 114.417 123.98 123.988 350.179 
11.2329 11.2387 118.747 124.408 124.416 351.404 
11.7222 11.7281 122.954 124.838 124.845 351.947 
12.2119 12.2177 125.268 125.276 127.02 351.831 
12.7011 12.7069 125.698 125.706 130.926 351.084 
13.1892 13.195 126.127 126.135 134.651 349.738 
13.6756 13.6814 126.556 126.563 138.177 347.832 
14.1596 14.1654 126.982 126.99 141.48 345.409 
14.6407 14.6465 127.406 127.413 144.541 342.514 
15.1182 15.124 127.826 127.834 147.338 339.199 
15.5917 15.5975 128.243 128.251 149.848 335.515 
16.0605 16.0664 128.655 128.663 152.049 331.519 
16.5243 16.5302 129.063 129.071 153.918 327.266 
16.9825 16.9883 129.465 129.473 155.435 322.816 
17.4347 17.4405 129.861 129.869 156.578 318.225 
17.8804 17.8863 130.251 130.259 157.327 313.55 
18.3193 18.3252 130.634 130.641 157.667 308.845 
18.751 18.7569 131.01 131.017 157.585 304.159 
19.1751 19.1811 131.378 131.385 157.071 299.538 
19.5915 19.5974 131.738 131.745 156.123 295.02 
19.9996 20.0055 132.09 132.097 154.746 290.635 
20.3994 20.4053 132.433 132.44 152.95 286.405 
20.7904 20.7964 132.767 132.774 150.757 282.342 
21.1727 21.1786 133.092 133.099 148.191 278.45 
21.5458 21.5517 133.408 133.415 145.287 274.725 
21.9097 21.9156 133.714 133.721 142.083 271.154 
22.2642 22.2701 134.011 134.017 138.62 267.722 
22.6091 22.6151 134.298 134.303 134.942 264.409 
22.9444 22.9504 131.093 134.574 134.58 261.193 
23.27 23.2759 127.115 134.841 134.847 258.052 
23.5858 23.5917 123.048 135.098 135.103 254.965 
23.8917 23.8976 118.929 135.345 135.35 251.915 
24.1877 24.1936 114.79 135.582 135.587 248.883 
24.4737 24.4797 110.662 135.809 135.814 245.858 
24.7499 24.7558 106.569 136.026 136.031 242.827 
25.016 25.022 102.534 136.233 136.238 239.784 
25.2723 25.2782 98.573 136.431 136.435 236.724 
25.5186 25.5246 94.7034 136.619 136.623 233.645 
25.7552 25.761 90.9362 136.798 136.802 230.547 
25.9818 25.9877 87.2821 136.967 136.971 227.433 
26.1987 26.2046 83.7481 137.128 137.132 224.308 
26.4059 26.4118 80.341 137.279 137.283 221.179 
26.6035 26.6093 77.065 137.422 137.426 218.054 
26.7915 26.7973 73.9233 137.557 137.56 214.942 
26.97 26.9758 70.9189 137.683 137.687 211.854 
27.1391 27.1449 68.0531 137.801 137.805 208.802 
27.2989 27.3046 65.3277 137.912 137.915 205.798 
27.4494 27.4552 62.7432 138.015 138.018 202.855 
27.5908 27.5965 60.3007 138.11 138.113 199.987 
27.7231 27.7288 58.0005 138.199 138.202 197.206 
27.8464 27.8521 55.8435 138.28 138.283 194.528 
27.9608 27.9664 53.8298 138.355 138.358 191.964 
28.0663 28.072 51.9606 138.424 138.427 189.529 
28.1632 28.1688 50.2361 138.486 138.489 187.236 
28.2513 28.2569 48.6574 138.542 138.545 185.096 
28.3308 28.3364 47.2252 138.592 138.595 183.121 
28.4018 28.4073 45.9403 138.637 138.639 181.323 
28.4642 28.4698 44.8039 138.675 138.678 179.711 
28.5183 28.5238 43.8167 138.709 138.712 178.294 
28.5639 28.5695 42.9796 138.737 138.74 177.082 
28.6012 28.6067 42.2935 138.76 138.762 176.08 
28.6302 28.6357 41.7591 138.777 138.78 175.295 
28.6508 28.6564 41.3769 138.79 138.793 174.73 
28.6632 28.6688 41.1474 138.797 138.8 174.39 
28.6674 28.6729 41.0709 138.8 138.803 174.277 
28.6674 28.6729 41.0709 138.8 138.803 174.277 
28.6741 28.6785 41.0708 138.809 138.823 174.276 
28.691 28.6987 41.0708 138.83 138.892 174.274 
28.716 28.7354 41.0707 138.865 139.006 174.271 
28.7505 28.7873 41.0706 138.914 139.166 174.266 
28.7948 28.8541 41.0705 138.976 139.371 174.26 
28.8488 28.9358 41.0703 139.053 139.622 174.253 
28.9126 29.0323 41.0701 139.144 139.918 174.244 
28.986 29.1436 41.0699 139.249 140.259 174.234 
29.0691 29.2698 41.0696 139.368 140.644 174.223 
29.1618 29.4108 41.0693 139.5 141.074 174.21 
29.2641 29.5665 41.069 139.647 141.549 174.196 
29.3758 29.7369 41.0686 139.807 142.067 174.181 
29.497 29.9222 41.0681 139.982 142.629 174.165 
29.6275 30.1221 41.0677 140.17 143.234 174.147 
29.7674 30.3368 41.0671 140.373 143.882 174.127 
29.9164 30.5661 41.0666 140.589 144.572 174.107 
30.0745 30.8101 41.0659 140.819 145.305 174.085 
30.2416 31.0688 41.0652 141.063 146.079 174.061 
30.4176 31.3419 41.0645 141.321 146.893 174.037 
30.6025 31.6297 41.0636 141.593 147.749 174.011 
30.7961 31.932 41.0627 141.879 148.644 173.984 
30.9982 32.2488 41.0618 142.178 149.579 173.955 
31.2089 32.5801 41.0607 142.492 150.553 173.925 
31.4279 32.9258 41.0596 142.819 151.565 173.894 
31.6551 33.286 41.0584 143.16 152.614 173.861 
31.8904 33.6603 41.0571 143.514 153.7 173.827 
32.1337 34.049 41.0556 143.883 154.822 173.792 
32.3849 34.4521 41.0541 144.265 155.98 173.755 
32.6437 34.8694 41.0525 144.661 157.173 173.717 
32.9101 35.3008 41.0508 145.071 158.399 173.678 
33.1839 35.7464 41.0489 145.494 159.659 173.637 
33.465 36.206 41.0469 145.93 160.952 173.595 
33.7532 36.6797 41.0448 146.381 162.276 173.552 
34.0482 37.1672 41.0425 146.844 163.63 173.507 
34.3501 37.6688 41.0401 147.322 165.016 173.461 
34.6587 38.1842 41.0375 147.813 166.43 173.413 
34.9737 38.7135 41.0348 148.317 167.873 173.364 
35.295 39.2565 41.0319 148.834 169.343 173.314 
35.6224 39.8132 41.0288 149.365 170.839 173.263 
35.9559 40.3836 41.0256 149.909 172.362 173.21 
36.295 40.9672 41.0222 150.465 173.155 173.909 
36.6398 41.0185 41.5646 151.036 173.1 175.48 
36.9901 41.0147 42.1755 151.619 173.043 177.074 
37.3457 41.0106 42.7997 152.215 172.985 178.69 
37.7064 41.0063 43.4372 152.824 172.925 180.327 
38.072 41.0018 44.088 153.445 172.864 181.985 
38.4424 40.9971 44.7519 154.08 172.801 183.661 
38.8174 40.9921 45.4289 154.727 172.737 185.356 
39.1967 40.9868 46.1186 155.386 172.672 187.068 
39.5803 40.9813 46.8215 156.058 172.606 188.796 
39.968 40.9755 47.5373 156.742 172.538 190.54 
40.3595 40.9695 48.2659 157.438 172.468 192.298 
40.7547 40.9632 49.0072 158.146 172.398 194.069 
40.9563 41.1538 49.7612 158.866 172.326 195.853 
40.9493 41.5559 50.5276 159.598 172.252 197.649 
40.942 41.9611 51.3063 160.342 172.177 199.454 
40.9344 42.3695 52.0976 161.097 172.101 201.269 
40.9264 42.7808 52.9012 161.864 172.023 203.093 
40.9181 43.1948 53.717 162.642 171.944 204.924 
40.9094 43.6112 54.5449 163.431 171.864 206.762 
40.9003 44.0301 55.3849 164.231 171.782 208.606 
40.8908 44.4511 56.2368 165.042 171.699 210.454 
40.881 44.8742 57.1006 165.863 171.614 212.306 
40.8707 45.299 57.9758 166.694 171.529 214.16 
40.86 45.7256 58.8631 167.536 171.441 216.017 
40.8489 46.1539 59.7619 168.389 171.352 217.875 
40.8374 46.5835 60.6722 169.251 171.262 219.732 
40.8254 47.0144 61.5939 170.122 171.171 221.589 
40.8129 47.4464 62.527 171.004 171.078 223.444 
40.8 47.8794 63.4713 170.983 171.894 225.297 
40.7866 48.313 64.4262 170.888 172.794 227.145 
40.7727 48.7474 65.3927 170.79 173.702 228.989 
40.7583 49.1824 66.37 170.692 174.619 230.829 
40.7433 49.6178 67.3582 170.592 175.545 232.662 
40.7279 50.0535 68.3571 170.491 176.479 234.488 
40.7119 50.4893 69.3667 170.388 177.42 236.307 
40.6953 50.9251 70.3869 170.284 178.37 238.117 
40.6782 51.3606 71.417 170.178 179.326 239.917 
40.6605 51.796 72.458 170.071 180.291 241.708 
40.6422 52.2311 73.5092 169.963 181.262 243.488 
40.6233 52.6656 74.5706 169.853 182.24 245.257 
40.6038 53.0996 75.642 169.741 183.224 247.013 
40.5837 53.5328 76.7235 169.629 184.215 248.756 
40.5629 53.9652 77.8148 169.515 185.211 250.486 
40.5415 54.3966 78.9159 169.399 186.213 252.201 
40.5194 54.8268 80.0262 169.282 187.22 253.901 
40.4966 55.2561 81.1465 169.164 188.233 255.586 
40.4732 55.684 82.2764 169.044 189.25 257.255 
40.4491 56.1106 83.4157 168.923 190.272 258.907 
40.4242 56.5358 84.5642 168.801 191.298 260.542 
40.3986 56.9594 85.722 168.677 192.328 262.158 
40.3723 57.3813 86.8888 168.551 193.362 263.757 
40.3453 57.8013 88.0642 168.425 194.399 265.335 
40.3174 58.2196 89.249 168.297 195.439 266.895 
40.2888 58.636 90.4426 168.167 196.482 268.435 
40.2595 59.0504 91.6449 168.036 197.527 269.954 
40.2293 59.4627 92.8559 167.904 198.574 271.453 
40.1983 59.8728 94.0754 167.77 199.623 272.931 
40.1665 60.2807 95.3033 167.635 200.674 274.386 
40.1678 60.2768 95.3041 167.634 200.674 274.385 
40.0673 61.486 99.0377 167.22 203.832 278.618 
39.959 62.672 102.843 166.793 206.991 282.644 
39.8425 63.8331 106.719 166.354 210.143 286.454 
39.7175 64.9672 110.662 165.903 213.28 290.043 
39.5837 66.0729 114.669 165.439 216.392 293.408 
39.4407 67.1485 118.738 164.963 219.472 296.544 
39.2884 68.1923 122.865 164.474 222.509 299.451 
39.1262 69.2032 127.047 163.974 225.496 302.131 
38.954 70.1794 131.279 163.462 228.424 304.584 
38.7715 71.12 135.559 162.937 231.284 306.815 
38.5784 72.0235 139.88 162.401 234.069 308.831 
38.3744 72.8888 144.237 161.854 236.769 310.638 
38.1593 73.7147 148.623 161.295 239.378 312.246 
37.9328 74.5001 153.03 160.726 241.888 313.667 
37.6947 75.2441 157.449 160.145 244.291 314.914 
37.4448 75.9456 159.553 161.868 246.58 316.004 
37.1829 76.6035 158.952 166.273 248.749 316.954 
36.9088 77.2171 158.34 170.65 250.79 317.786 
36.6224 77.7854 157.718 174.977 252.698 318.525 
36.3234 78.3076 157.086 179.235 254.468 319.197 
36.0119 78.7829 156.446 183.396 256.093 319.834 
35.6876 79.2106 155.796 187.431 257.568 320.471 
35.3504 79.59 155.138 191.305 258.89 321.147 
35.0005 79.9203 154.471 194.98 260.053 321.902 
34.6375 80.2011 153.797 198.415 261.054 322.784 
34.2616 80.4317 153.115 201.565 261.89 323.837 
33.8728 80.6115 152.425 204.385 262.558 325.108 
33.471 80.7402 151.73 206.832 263.054 326.642 
33.0564 80.8173 151.027 208.864 263.378 328.478 
32.6289 80.8425 150.319 210.45 263.527 330.647 
32.1888 80.8153 149.606 211.564 263.5 333.169 
31.7361 80.7354 148.887 212.194 263.297 336.053 
31.271 80.6028 148.164 212.336 262.918 339.296 
30.7938 80.417 147.437 212 262.363 342.879 
30.3045 80.1781 146.706 211.203 261.632 346.776 
29.8035 79.8858 145.973 209.969 260.727 350.952 
29.2909 79.54 145.236 208.327 259.65 355.366 
28.7672 79.1409 144.498 206.308 258.402 359.971 
28.2327 78.6883 143.758 203.944 256.987 364.718 
27.6876 78.1823 143.017 201.266 255.407 369.56 
27.1324 77.623 142.275 198.305 253.667 374.446 
26.5675 77.0104 141.534 195.088 251.77 379.329 
25.9933 76.3447 140.793 191.641 249.72 384.16 
25.4104 75.6262 140.053 187.99 247.524 388.892 
24.8192 74.8549 139.314 184.156 245.185 393.479 
24.2203 74.0312 138.578 180.159 242.711 397.875 
23.614 73.1552 137.844 176.018 240.106 402.038 
23.0011 72.2272 137.114 171.75 237.378 405.924 
22.3823 71.2476 136.387 167.371 234.533 409.491 
21.758 70.2165 135.665 162.896 231.58 412.7 
21.129 69.1345 134.947 158.338 228.526 415.511 
20.4958 68.0017 134.234 153.71 225.378 417.887 
19.8592 66.8186 133.527 149.024 222.145 419.793 
19.22 65.5859 132.827 144.291 218.836 421.195 
18.5787 64.3036 132.133 139.522 215.459 422.063 
17.9363 62.9728 131.447 134.727 212.025 422.368 
17.2934 61.5934 129.915 130.769 208.54 422.084 
16.6507 60.1666 125.095 130.098 205.017 421.188 
16.0092 58.6931 120.277 129.437 201.464 419.662 
15.3695 57.1734 115.468 128.785 197.889 417.489 
14.7326 55.6091 110.677 128.143 194.305 414.659 
14.0992 54.0007 105.911 127.511 190.719 411.162 
13.47 52.3498 101.177 126.89 187.142 406.996 
12.8461 50.6583 96.4829 126.28 183.583 402.162 
12.2281 48.9273 91.835 125.681 180.052 396.665 
11.6169 47.1596 87.2409 125.095 176.557 390.516 
11.0133 45.3568 82.7059 124.521 173.107 383.73 
10.4182 43.5219 78.2368 123.96 169.711 376.327 
9.8324 41.6583 73.8403 123.413 166.377 368.334 
9.25661 39.7689 69.5213 122.879 163.112 359.779 
8.69178 37.8579 65.2866 122.359 159.924 350.698 
8.13855 35.9292 61.1408 121.854 156.819 341.129 
7.5978 33.9877 57.09 121.364 153.803 331.118 
7.07035 32.0387 53.14 120.889 150.883 320.714 
6.55682 30.0873 49.2951 120.43 148.062 309.967 
6.05809 28.1399 45.5613 119.987 145.345 298.936 
5.57476 26.2023 41.9428 119.56 142.736 287.678 
5.10764 24.2817 38.4453 119.149 140.237 276.258 
4.6573 22.3844 35.0726 118.756 137.852 264.739 
4.22447 20.5179 31.8299 118.379 135.582 253.189 
3.80983 18.6898 28.722 118.021 133.43 241.679 
3.4139 16.9069 25.7524 117.68 131.396 230.277 
3.03735 15.1773 22.9262 117.357 129.48 219.054 
2.68066 13.508 20.2467 117.053 127.684 208.08 
2.3444 11.9064 17.7181 116.766 126.007 197.426 
2.02912 10.3802 15.3447 116.499 124.449 187.161 
1.7352 8.93571 13.1294 116.251 123.01 177.35 
1.46317 7.58013 11.0763 116.022 121.69 168.06 
1.21337 6.31942 9.18811 115.812 120.488 159.351 
0.986202 5.15974 7.46838 115.622 119.402 151.282 
0.782042 4.10674 5.92032 115.451 118.434 143.908 
0.601141 3.16518 4.54637 115.3 117.581 137.278 
0.443823 2.33984 3.34958 115.169 116.843 131.439 
0.310281 1.6345 2.33208 115.058 116.22 126.428 
0.200742 1.05268 1.49626 114.967 115.711 122.28 
0.115377 0.597255 0.844128 114.896 115.316 119.025 
0.0542839 0.270328 0.377075 114.845 115.034 116.684 
0.0174869 0.0736177 0.0964447 114.815 114.865 115.273 
0.00242453 0.00342667 0.0100927 114.799 114.805 114.81 
0.00242453 0.00342667 0.0100927 114.799 114.805 114.81 
0.0351931 0.0416944 0.0534738 114.832 114.837 115.105 
0.13089 0.137487 0.204928 114.914 114.918 116.016 
0.29016 0.296766 0.457351 115.05 115.055 117.531 
0.512626 0.51923 0.810315 115.242 115.246 119.643 
0.797774 0.804371 1.26337 115.488 115.493 122.344 
1.14486 1.15145 1.81584 115.789 115.794 125.622 
1.55324 1.55982 2.46729 116.145 116.15 129.466 
2.02189 2.02845 3.21688 116.556 116.562 133.861 
2.54973 2.55627 4.06377 117.023 117.029 138.787 
3.13542 3.14194 5.00683 117.546 117.551 144.226 
3.77785 3.78435 6.04549 118.124 118.13 150.157 
4.47543 4.4819 7.17851 118.759 118.765 156.557 
5.22641 5.23285 8.40451 119.45 119.456 163.399 
6.02937 6.03577 9.72284 120.198 120.204 170.658 
6.88234 6.8887 11.132 121.002 121.009 178.306 
7.78338 7.78971 12.6309 121.864 121.872 186.314 
8.73027 8.73655 14.2176 122.783 122.791 194.648 
9.72128 9.7275 15.8916 123.761 123.769 203.28 
10.754 10.7602 17.6512 124.796 124.804 212.178 
11.8262 11.8323 19.4949 125.889 125.897 221.306 
12.9352 12.9412 21.4208 127.04 127.049 230.63 
14.0791 14.0851 23.4282 128.25 128.259 240.12 
15.2553 15.2612 25.5153 129.519 129.528 249.739 
16.4612 16.4671 27.6804 130.846 130.855 259.453 
17.6942 17.7 29.9216 132.231 132.241 269.225 
18.9521 18.9578 32.2382 133.675 133.685 279.026 
20.2323 20.238 34.6281 135.177 135.187 288.821 
21.5319 21.5375 37.0892 136.737 136.747 298.574 
22.849 22.8546 39.6209 138.354 138.365 308.258 
24.1809 24.1864 42.221 140.028 140.039 317.838 
25.5252 25.5306 44.888 141.759 141.77 327.285 
26.8791 26.8845 47.6196 143.545 143.556 336.567 
28.2411 28.2464 50.4152 145.386 145.398 345.661 
29.6084 29.6138 53.2728 147.281 147.293 354.537 
30.9791 30.9844 56.1905 149.229 149.241 363.171 
32.3507 32.356 59.1662 151.227 151.239 371.537 
33.7219 33.7271 62.1994 153.276 153.288 379.616 
35.0903 35.0956 65.2879 155.373 155.386 387.385 
36.4541 36.4594 68.4292 157.517 157.53 394.826 
37.812 37.8173 71.6231 159.706 159.719 401.924 
39.1621 39.1674 74.8671 161.938 161.951 408.661 
40.5031 40.5084 78.1597 164.211 164.223 415.025 
41.8331 41.8384 81.4983 166.521 166.534 421.002 
43.1515 43.1568 84.8826 168.869 168.882 426.586 
44.4568 44.4621 88.3103 171.25 171.263 431.768 
45.7478 45.7532 91.7794 173.662 173.675 436.54 
47.0234 47.0288 95.2876 176.102 176.115 440.898 
48.2831 48.2885 98.8345 178.568 178.581 444.842 
49.5257 49.5312 102.417 181.057 181.07 448.368 
50.7506 50.756 106.034 183.566 183.578 451.479 
51.9567 51.9622 109.683 186.09 186.103 454.175 
53.144 53.1494 113.363 188.629 188.641 456.463 
54.3115 54.3169 117.071 191.178 191.19 458.345 
55.4586 55.464 120.805 193.733 193.745 459.831 
56.5851 56.5905 124.564 196.293 196.305 460.927 
57.6906 57.6959 128.346 198.854 198.865 461.642 
58.7744 58.7798 132.147 201.412 201.423 461.988 
59.8362 59.8415 135.966 203.963 203.974 461.976 
60.876 60.8812 139.801 206.505 206.516 461.617 
61.8932 61.8985 143.651 209.035 209.046 460.926 
62.8877 62.8929 147.511 211.549 211.559 459.917 
63.8589 63.864 151.38 214.043 214.053 458.604 
64.807 64.8121 155.257 216.515 216.525 457.002 
65.7317 65.7366 159.138 218.962 218.971 455.127 
66.6324 66.6373 163.02 221.379 221.388 452.995 
67.5094 67.5142 166.904 223.764 223.773 450.624 
68.3624 68.3671 170.784 226.114 226.123 448.028 
69.191 69.1957 174.659 228.427 228.435 445.226 
69.9951 69.9997 178.526 230.697 230.705 442.234 
70.7748 70.7792 182.384 232.924 232.931 439.069 
71.5297 71.534 186.229 235.104 235.111 435.748 
72.2597 72.2639 190.058 237.234 237.241 432.287 
72.9645 72.9686 193.869 239.311 239.318 428.704 
73.6442 73.6482 197.661 241.333 241.34 425.014 
74.2986 74.3025 201.428 243.298 243.304 421.233 
74.9274 74.9311 205.169 245.201 245.208 417.379 
75.5306 75.5343 208.88 247.043 247.049 413.465 
76.1081 76.1116 212.559 248.82 248.826 409.508 
76.6598 76.6631 216.201 250.529 250.535 405.523 
77.1853 77.1885 219.801 252.169 252.174 401.526 
77.6848 77.6879 223.357 253.737 253.743 397.53 
78.158 78.161 226.863 255.232 255.238 393.552 
78.6048 78.6077 230.312 256.652 256.657 389.607 
79.0251 79.0278 233.697 257.995 258 385.712 
79.4189 79.4215 237.012 259.259 259.264 381.881 
79.786 79.7884 240.246 260.443 260.448 378.132 
80.1263 80.1286 243.389 261.545 261.55 374.485 
80.4396 80.4418 246.425 262.564 262.568 370.96 
80.7261 80.7281 249.34 263.498 263.503 367.578 
80.9855 80.9874 252.115 264.348 264.352 364.364 
81.2178 81.2196 254.727 265.11 265.114 361.347 
81.423 81.4246 257.15 265.785 265.789 358.555 
81.6009 81.6024 259.354 266.372 266.376 356.023 
81.7515 81.753 261.306 266.869 266.874 353.787 
81.8748 81.8762 262.972 267.277 267.282 351.887 
81.9708 81.972 264.315 267.595 267.6 350.358 
82.0393 82.0405 265.302 267.823 267.827 349.237 
82.0805 82.0816 265.907 267.959 267.963 348.551 
82.0942 82.0953 266.11 268.005 268.009 348.321 
