100     0.06811    0.01547    0.01804    0.03460      0.03162      
200     0.05691    0.01549    0.01847    0.02295      0.02101      
300     0.05252    0.01514    0.01823    0.01915      0.01798      
400     0.04866    0.01447    0.01762    0.01657      0.01562      
500     0.04599    0.01352    0.01675    0.01572      0.01463      
600     0.04256    0.01284    0.01616    0.01356      0.01252      
700     0.03989    0.01175    0.01505    0.01309      0.01156      
800     0.03575    0.01053    0.01369    0.01153      0.01018      
900     0.03297    0.00933    0.01246    0.01118      0.00951      
1000    0.03059    0.00826    0.01120    0.01112      0.00880      
1100    0.02808    0.00749    0.01025    0.01034      0.00858      
1200    0.02564    0.00645    0.00909    0.01009      0.00845      
1300    0.02351    0.00567    0.00817    0.00966      0.00791      
1400    0.02208    0.00504    0.00748    0.00956      0.00810      
1500    0.02058    0.00454    0.00683    0.00921      0.00760      
1600    0.01933    0.00414    0.00647    0.00872      0.00713      
1700    0.01857    0.00381    0.00612    0.00865      0.00710      
1800    0.01788    0.00351    0.00584    0.00853      0.00691      
1900    0.01719    0.00334    0.00557    0.00828      0.00681      
2000    0.01674    0.00315    0.00542    0.00817      0.00634      
2100    0.01604    0.00288    0.00515    0.00801      0.00645      
2200    0.01557    0.00274    0.00502    0.00781      0.00599      
2300    0.01507    0.00261    0.00494    0.00752      0.00603      
2400    0.01477    0.00250    0.00484    0.00743      0.00573      
2500    0.01435    0.00241    0.00478    0.00717      0.00558      
2600    0.01407    0.00225    0.00462    0.00720      0.00569      
2700    0.01374    0.00216    0.00452    0.00707      0.00553      
2800    0.01345    0.00206    0.00444    0.00695      0.00527      
2900    0.01317    0.00199    0.00439    0.00679      0.00507      
3000    0.01296    0.00192    0.00436    0.00668      0.00511      
3100    0.01276    0.00183    0.00428    0.00665      0.00517      
3200    0.01257    0.00175    0.00423    0.00659      0.00499      
3300    0.01235    0.00169    0.00418    0.00648      0.00503      
3400    0.01212    0.00163    0.00414    0.00634      0.00479      
3500    0.01195    0.00162    0.00413    0.00619      0.00472      
3600    0.01171    0.00156    0.00412    0.00603      0.00463      
3700    0.01156    0.00156    0.00412    0.00589      0.00440      
3800    0.01137    0.00151    0.00408    0.00579      0.00422      
3900    0.01114    0.00146    0.00406    0.00562      0.00410      
4000    0.01101    0.00147    0.00406    0.00548      0.00394      
4100    0.01084    0.00143    0.00405    0.00535      0.00391      
4200    0.01067    0.00141    0.00404    0.00522      0.00386      
4300    0.01054    0.00137    0.00403    0.00515      0.00376      
4400    0.01037    0.00134    0.00401    0.00501      0.00359      
4500    0.01023    0.00130    0.00400    0.00492      0.00351      
4600    0.01012    0.00128    0.00399    0.00485      0.00336      
4700    0.01000    0.00126    0.00399    0.00475      0.00334      
4800    0.00988    0.00122    0.00398    0.00467      0.00326      
4900    0.00979    0.00121    0.00397    0.00461      0.00322      
5000    0.00972    0.00118    0.00396    0.00458      0.00314      
5100    0.00963    0.00117    0.00395    0.00451      0.00310      
5200    0.00953    0.00114    0.00395    0.00445      0.00311      
5300    0.00946    0.00112    0.00393    0.00441      0.00300      
5400    0.00939    0.00110    0.00393    0.00436      0.00300      
5500    0.00932    0.00107    0.00392    0.00433      0.00298      
5600    0.00926    0.00106    0.00391    0.00429      0.00294      
5700    0.00921    0.00103    0.00390    0.00428      0.00290      
5800    0.00915    0.00102    0.00389    0.00424      0.00287      
5900    0.00912    0.00101    0.00389    0.00422      0.00285      
6000    0.00908    0.00099    0.00388    0.00420      0.00286      
6100    0.00904    0.00098    0.00387    0.00419      0.00283      
6200    0.00901    0.00097    0.00386    0.00418      0.00283      
6300    0.00898    0.00095    0.00386    0.00417      0.00284      
6400    0.00895    0.00094    0.00385    0.00416      0.00283      
6500    0.00893    0.00093    0.00385    0.00415      0.00282      
6600    0.00890    0.00092    0.00384    0.00414      0.00283      
6700    0.00888    0.00091    0.00384    0.00413      0.00280      
6800    0.00886    0.00090    0.00383    0.00412      0.00280      
6900    0.00883    0.00089    0.00383    0.00411      0.00277      
7000    0.00881    0.00089    0.00382    0.00410      0.00278      
7100    0.00879    0.00088    0.00382    0.00410      0.00278      
7200    0.00878    0.00087    0.00381    0.00410      0.00279      
7300    0.00876    0.00086    0.00381    0.00409      0.00275      
7400    0.00874    0.00086    0.00380    0.00408      0.00278      
7500    0.00873    0.00085    0.00380    0.00408      0.00277      
7600    0.00871    0.00085    0.00379    0.00407      0.00276      
7700    0.00870    0.00084    0.00378    0.00407      0.00277      
7800    0.00868    0.00083    0.00378    0.00407      0.00276      
7900    0.00867    0.00083    0.00377    0.00407      0.00276      
8000    0.00866    0.00082    0.00377    0.00406      0.00276      
8100    0.00865    0.00082    0.00377    0.00406      0.00276      
8200    0.00864    0.00081    0.00376    0.00406      0.00275      
8300    0.00862    0.00081    0.00376    0.00406      0.00275      
8400    0.00861    0.00081    0.00375    0.00406      0.00275      
8500    0.00860    0.00080    0.00375    0.00405      0.00275      
8600    0.00859    0.00080    0.00374    0.00405      0.00275      
8700    0.00859    0.00080    0.00374    0.00405      0.00275      
8800    0.00858    0.00079    0.00374    0.00405      0.00275      
8900    0.00857    0.00079    0.00373    0.00405      0.00274      
9000    0.00856    0.00078    0.00373    0.00405      0.00275      
9100    0.00855    0.00078    0.00373    0.00404      0.00275      
9200    0.00855    0.00078    0.00372    0.00404      0.00275      
9300    0.00854    0.00078    0.00372    0.00404      0.00275      
9400    0.00853    0.00078    0.00372    0.00404      0.00274      
9500    0.00853    0.00077    0.00371    0.00404      0.00275      
9600    0.00852    0.00077    0.00371    0.00404      0.00275      
9700    0.00851    0.00077    0.00370    0.00404      0.00275      
9800    0.00851    0.00077    0.00370    0.00404      0.00275      
9900    0.00850    0.00077    0.00369    0.00404      0.00274      
10000   0.00849    0.00077    0.00369    0.00404      0.00275      
10100   0.00849    0.00076    0.00368    0.00404      0.00274      
10200   0.00848    0.00076    0.00368    0.00404      0.00274      
